[20200922_091034 / views.py:1915] exec_get_4_corners(request) ================================
[20200922_091036 / lib_ip.py:1961] lo_Color_Names =>
img.20200922_091035.2020-09-21_20-52-10_000.jpg.1.png => other
img.20200922_091035.2020-09-21_20-52-10_000.jpg.2.png => other
img.20200922_091035.2020-09-21_20-52-10_000.jpg.3.png => yellow
img.20200922_091035.2020-09-21_20-52-10_000.jpg.4.png => other
[20200922_091036 / lib_ip.py:4505] 
2020-09-21_20-52-10_000.jpg 0 ---------------------
[20200922_091036 / lib_ip.py:3753] file = 2020-09-21_20-52-10_000.jpg / val_Average = 87.2796	val_Variance = 216.9767	sd = 14.7301	max = 135	min = 0
[20200922_091036 / lib_ip.py:3836] len(Hs) = 8100, len(Ss) = 8100, len(Vs) = 8100
[20200922_091037 / lib_ip.py:3869] yellow : variance --> out of range (variance = 216.977 / upper = 0.650 / lower = 0.000)
[20200922_091037 / lib_ip.py:3753] file = 2020-09-21_20-52-10_000.jpg / val_Average = 87.2796	val_Variance = 216.9767	sd = 14.7301	max = 135	min = 0
[20200922_091037 / lib_ip.py:3936] len(Hs) = 8100, len(Ss) = 8100, len(Vs) = 8100
[20200922_091037 / lib_ip.py:3982] red : variance --> out of range (variance = 216.977 / upper = 0.430 / lower = 0.000)
[20200922_091037 / lib_ip.py:3753] file = 2020-09-21_20-52-10_000.jpg / val_Average = 87.2796	val_Variance = 216.9767	sd = 14.7301	max = 135	min = 0
[20200922_091037 / lib_ip.py:4052] len(Hs) = 8100, len(Ss) = 8100, len(Vs) = 8100
[20200922_091037 / lib_ip.py:4099] green : variance --> out of range (variance = 216.977 / upper = 0.760 / lower = 0.000)
[20200922_091037 / lib_ip.py:3753] file = 2020-09-21_20-52-10_000.jpg / val_Average = 87.2796	val_Variance = 216.9767	sd = 14.7301	max = 135	min = 0
[20200922_091037 / lib_ip.py:4169] len(Hs) = 8100, len(Ss) = 8100, len(Vs) = 8100
[20200922_091037 / lib_ip.py:4208] blue : variance --> out of range (variance = 216.977 / upper = 0.930 / lower = 0.010)
[20200922_091037 / lib_ip.py:3753] file = 2020-09-21_20-52-10_000.jpg / val_Average = 87.2796	val_Variance = 216.9767	sd = 14.7301	max = 135	min = 0
[20200922_091037 / lib_ip.py:4275] len(Hs) = 8100, len(Ss) = 8100, len(Vs) = 8100
[20200922_091037 / lib_ip.py:4314] pink : variance --> out of range (variance = 216.977 / upper = 0.770 / lower = 0.030)
[20200922_091037 / lib_ip.py:3753] file = 2020-09-21_20-52-10_000.jpg / val_Average = 87.2796	val_Variance = 216.9767	sd = 14.7301	max = 135	min = 0
[20200922_091037 / lib_ip.py:4378] len(Hs) = 8100, len(Ss) = 8100, len(Vs) = 8100
[20200922_091037 / lib_ip.py:4422] black : variance --> out of range (variance = 216.977 / upper = 0.000 / lower = 0.000)
[20200922_091037 / lib_ip.py:4593] file : 2020-09-21_20-52-10_000.jpg 0 (black : variance --> out of range (variance = 216.977 / upper = 0.000 / lower = 0.000))
[20200922_091038 / lib_ip.py:4505] 
2020-09-21_20-52-10_000.jpg 1 ---------------------
[20200922_091038 / lib_ip.py:3753] file = 2020-09-21_20-52-10_000.jpg / val_Average = 73.9526	val_Variance = 463.0550	sd = 21.5187	max = 135	min = 0
[20200922_091038 / lib_ip.py:3836] len(Hs) = 8100, len(Ss) = 8100, len(Vs) = 8100
[20200922_091038 / lib_ip.py:3869] yellow : variance --> out of range (variance = 463.055 / upper = 0.650 / lower = 0.000)
[20200922_091038 / lib_ip.py:3753] file = 2020-09-21_20-52-10_000.jpg / val_Average = 73.9526	val_Variance = 463.0550	sd = 21.5187	max = 135	min = 0
[20200922_091038 / lib_ip.py:3936] len(Hs) = 8100, len(Ss) = 8100, len(Vs) = 8100
[20200922_091038 / lib_ip.py:3982] red : variance --> out of range (variance = 463.055 / upper = 0.430 / lower = 0.000)
[20200922_091038 / lib_ip.py:3753] file = 2020-09-21_20-52-10_000.jpg / val_Average = 73.9526	val_Variance = 463.0550	sd = 21.5187	max = 135	min = 0
[20200922_091038 / lib_ip.py:4052] len(Hs) = 8100, len(Ss) = 8100, len(Vs) = 8100
[20200922_091038 / lib_ip.py:4099] green : variance --> out of range (variance = 463.055 / upper = 0.760 / lower = 0.000)
[20200922_091038 / lib_ip.py:3753] file = 2020-09-21_20-52-10_000.jpg / val_Average = 73.9526	val_Variance = 463.0550	sd = 21.5187	max = 135	min = 0
[20200922_091038 / lib_ip.py:4169] len(Hs) = 8100, len(Ss) = 8100, len(Vs) = 8100
[20200922_091038 / lib_ip.py:4208] blue : variance --> out of range (variance = 463.055 / upper = 0.930 / lower = 0.010)
[20200922_091038 / lib_ip.py:3753] file = 2020-09-21_20-52-10_000.jpg / val_Average = 73.9526	val_Variance = 463.0550	sd = 21.5187	max = 135	min = 0
[20200922_091038 / lib_ip.py:4275] len(Hs) = 8100, len(Ss) = 8100, len(Vs) = 8100
[20200922_091038 / lib_ip.py:4314] pink : variance --> out of range (variance = 463.055 / upper = 0.770 / lower = 0.030)
[20200922_091038 / lib_ip.py:3753] file = 2020-09-21_20-52-10_000.jpg / val_Average = 73.9526	val_Variance = 463.0550	sd = 21.5187	max = 135	min = 0
[20200922_091038 / lib_ip.py:4378] len(Hs) = 8100, len(Ss) = 8100, len(Vs) = 8100
[20200922_091038 / lib_ip.py:4422] black : variance --> out of range (variance = 463.055 / upper = 0.000 / lower = 0.000)
[20200922_091038 / lib_ip.py:4593] file : 2020-09-21_20-52-10_000.jpg 1 (black : variance --> out of range (variance = 463.055 / upper = 0.000 / lower = 0.000))
[20200922_091038 / lib_ip.py:4505] 
2020-09-21_20-52-10_000.jpg 2 ---------------------
[20200922_091039 / lib_ip.py:3753] file = 2020-09-21_20-52-10_000.jpg / val_Average = 89.7528	val_Variance = 0.1925	sd = 0.4387	max = 91	min = 89
[20200922_091039 / lib_ip.py:3836] len(Hs) = 8100, len(Ss) = 8100, len(Vs) = 8100
[20200922_091039 / lib_ip.py:4505] 
2020-09-21_20-52-10_000.jpg 3 ---------------------
[20200922_091039 / lib_ip.py:3753] file = 2020-09-21_20-52-10_000.jpg / val_Average = 9.7456	val_Variance = 0.9124	sd = 0.9552	max = 12	min = 7
[20200922_091039 / lib_ip.py:3836] len(Hs) = 8100, len(Ss) = 8100, len(Vs) = 8100
[20200922_091039 / lib_ip.py:3869] yellow : variance --> out of range (variance = 0.912 / upper = 0.650 / lower = 0.000)
[20200922_091039 / lib_ip.py:3753] file = 2020-09-21_20-52-10_000.jpg / val_Average = 9.7456	val_Variance = 0.9124	sd = 0.9552	max = 12	min = 7
[20200922_091039 / lib_ip.py:3936] len(Hs) = 8100, len(Ss) = 8100, len(Vs) = 8100
[20200922_091039 / lib_ip.py:3982] red : variance --> out of range (variance = 0.912 / upper = 0.430 / lower = 0.000)
[20200922_091039 / lib_ip.py:3753] file = 2020-09-21_20-52-10_000.jpg / val_Average = 9.7456	val_Variance = 0.9124	sd = 0.9552	max = 12	min = 7
[20200922_091039 / lib_ip.py:4052] len(Hs) = 8100, len(Ss) = 8100, len(Vs) = 8100
[20200922_091039 / lib_ip.py:4099] green : variance --> out of range (variance = 0.912 / upper = 0.760 / lower = 0.000)
[20200922_091039 / lib_ip.py:3753] file = 2020-09-21_20-52-10_000.jpg / val_Average = 9.7456	val_Variance = 0.9124	sd = 0.9552	max = 12	min = 7
[20200922_091039 / lib_ip.py:4169] len(Hs) = 8100, len(Ss) = 8100, len(Vs) = 8100
[20200922_091039 / lib_ip.py:2021] lo_Color_Names_2 =>
file = img.20200922_091035.2020-09-21_20-52-10_000.jpg.1.png / color name = other
file = img.20200922_091035.2020-09-21_20-52-10_000.jpg.2.png / color name = other
file = img.20200922_091035.2020-09-21_20-52-10_000.jpg.3.png / color name = yellow
file = img.20200922_091035.2020-09-21_20-52-10_000.jpg.4.png / color name = blue
