[20201110_143456 / views.py:1851] gen_Cake_CSV(request) ==> starting... =======================
[20201110_143457 / lib_ip.py:2274] inspecting ===> img.20201110_143457.2020-11-09_13-29-23_000.jpg.1.png
[20201110_143457 / lib_ip.py:4505] 
img.20201110_143457.2020-11-09_13-29-23_000.jpg.1.png 0 ---------------------
[20201110_143457 / lib_ip.py:3753] file = img.20201110_143457.2020-11-09_13-29-23_000.jpg.1.png / val_Average = 102.0868	val_Variance = 19.9299	sd = 4.4643	max = 112	min = 90
[20201110_143458 / lib_ip.py:3836] len(Hs) = 8100, len(Ss) = 8100, len(Vs) = 8100
[20201110_143458 / lib_ip.py:3869] yellow : variance --> out of range (variance = 19.930 / upper = 0.650 / lower = 0.000)
[20201110_143458 / lib_ip.py:3753] file = img.20201110_143457.2020-11-09_13-29-23_000.jpg.1.png / val_Average = 102.0868	val_Variance = 19.9299	sd = 4.4643	max = 112	min = 90
[20201110_143458 / lib_ip.py:3936] len(Hs) = 8100, len(Ss) = 8100, len(Vs) = 8100
[20201110_143458 / lib_ip.py:3982] red : variance --> out of range (variance = 19.930 / upper = 0.430 / lower = 0.000)
[20201110_143458 / lib_ip.py:3753] file = img.20201110_143457.2020-11-09_13-29-23_000.jpg.1.png / val_Average = 102.0868	val_Variance = 19.9299	sd = 4.4643	max = 112	min = 90
[20201110_143458 / lib_ip.py:4052] len(Hs) = 8100, len(Ss) = 8100, len(Vs) = 8100
[20201110_143458 / lib_ip.py:4099] green : variance --> out of range (variance = 19.930 / upper = 0.760 / lower = 0.000)
[20201110_143458 / lib_ip.py:3753] file = img.20201110_143457.2020-11-09_13-29-23_000.jpg.1.png / val_Average = 102.0868	val_Variance = 19.9299	sd = 4.4643	max = 112	min = 90
[20201110_143458 / lib_ip.py:4169] len(Hs) = 8100, len(Ss) = 8100, len(Vs) = 8100
[20201110_143458 / lib_ip.py:4208] blue : variance --> out of range (variance = 19.930 / upper = 0.930 / lower = 0.010)
[20201110_143458 / lib_ip.py:3753] file = img.20201110_143457.2020-11-09_13-29-23_000.jpg.1.png / val_Average = 102.0868	val_Variance = 19.9299	sd = 4.4643	max = 112	min = 90
[20201110_143458 / lib_ip.py:4275] len(Hs) = 8100, len(Ss) = 8100, len(Vs) = 8100
[20201110_143458 / lib_ip.py:4314] pink : variance --> out of range (variance = 19.930 / upper = 0.770 / lower = 0.030)
[20201110_143458 / lib_ip.py:3753] file = img.20201110_143457.2020-11-09_13-29-23_000.jpg.1.png / val_Average = 102.0868	val_Variance = 19.9299	sd = 4.4643	max = 112	min = 90
[20201110_143458 / lib_ip.py:4378] len(Hs) = 8100, len(Ss) = 8100, len(Vs) = 8100
[20201110_143459 / lib_ip.py:4422] black : variance --> out of range (variance = 19.930 / upper = 0.000 / lower = 0.000)
[20201110_143459 / lib_ip.py:4593] file : img.20201110_143457.2020-11-09_13-29-23_000.jpg.1.png 0 (black : variance --> out of range (variance = 19.930 / upper = 0.000 / lower = 0.000))
[20201110_143459 / lib_ip.py:2274] inspecting ===> img.20201110_143457.2020-11-09_13-29-23_000.jpg.2.png
[20201110_143459 / lib_ip.py:4505] 
img.20201110_143457.2020-11-09_13-29-23_000.jpg.2.png 1 ---------------------
[20201110_143459 / lib_ip.py:3753] file = img.20201110_143457.2020-11-09_13-29-23_000.jpg.2.png / val_Average = 85.3720	val_Variance = 19.9287	sd = 4.4642	max = 107	min = 69
[20201110_143459 / lib_ip.py:3836] len(Hs) = 8100, len(Ss) = 8100, len(Vs) = 8100
[20201110_143459 / lib_ip.py:3869] yellow : variance --> out of range (variance = 19.929 / upper = 0.650 / lower = 0.000)
[20201110_143459 / lib_ip.py:3753] file = img.20201110_143457.2020-11-09_13-29-23_000.jpg.2.png / val_Average = 85.3720	val_Variance = 19.9287	sd = 4.4642	max = 107	min = 69
[20201110_143459 / lib_ip.py:3936] len(Hs) = 8100, len(Ss) = 8100, len(Vs) = 8100
[20201110_143459 / lib_ip.py:3982] red : variance --> out of range (variance = 19.929 / upper = 0.430 / lower = 0.000)
[20201110_143459 / lib_ip.py:3753] file = img.20201110_143457.2020-11-09_13-29-23_000.jpg.2.png / val_Average = 85.3720	val_Variance = 19.9287	sd = 4.4642	max = 107	min = 69
[20201110_143459 / lib_ip.py:4052] len(Hs) = 8100, len(Ss) = 8100, len(Vs) = 8100
[20201110_143459 / lib_ip.py:4099] green : variance --> out of range (variance = 19.929 / upper = 0.760 / lower = 0.000)
[20201110_143500 / lib_ip.py:3753] file = img.20201110_143457.2020-11-09_13-29-23_000.jpg.2.png / val_Average = 85.3720	val_Variance = 19.9287	sd = 4.4642	max = 107	min = 69
[20201110_143500 / lib_ip.py:4169] len(Hs) = 8100, len(Ss) = 8100, len(Vs) = 8100
[20201110_143500 / lib_ip.py:4208] blue : variance --> out of range (variance = 19.929 / upper = 0.930 / lower = 0.010)
[20201110_143500 / lib_ip.py:3753] file = img.20201110_143457.2020-11-09_13-29-23_000.jpg.2.png / val_Average = 85.3720	val_Variance = 19.9287	sd = 4.4642	max = 107	min = 69
[20201110_143500 / lib_ip.py:4275] len(Hs) = 8100, len(Ss) = 8100, len(Vs) = 8100
[20201110_143500 / lib_ip.py:4314] pink : variance --> out of range (variance = 19.929 / upper = 0.770 / lower = 0.030)
[20201110_143500 / lib_ip.py:3753] file = img.20201110_143457.2020-11-09_13-29-23_000.jpg.2.png / val_Average = 85.3720	val_Variance = 19.9287	sd = 4.4642	max = 107	min = 69
[20201110_143500 / lib_ip.py:4378] len(Hs) = 8100, len(Ss) = 8100, len(Vs) = 8100
[20201110_143500 / lib_ip.py:4422] black : variance --> out of range (variance = 19.929 / upper = 0.000 / lower = 0.000)
[20201110_143500 / lib_ip.py:4593] file : img.20201110_143457.2020-11-09_13-29-23_000.jpg.2.png 1 (black : variance --> out of range (variance = 19.929 / upper = 0.000 / lower = 0.000))
[20201110_143500 / lib_ip.py:2274] inspecting ===> img.20201110_143457.2020-11-09_13-29-23_000.jpg.3.png
[20201110_143500 / lib_ip.py:4505] 
img.20201110_143457.2020-11-09_13-29-23_000.jpg.3.png 2 ---------------------
[20201110_143500 / lib_ip.py:3753] file = img.20201110_143457.2020-11-09_13-29-23_000.jpg.3.png / val_Average = 90.9862	val_Variance = 0.0136	sd = 0.1168	max = 91	min = 90
[20201110_143500 / lib_ip.py:3836] len(Hs) = 8100, len(Ss) = 8100, len(Vs) = 8100
[20201110_143500 / lib_ip.py:2274] inspecting ===> img.20201110_143457.2020-11-09_13-29-23_000.jpg.4.png
[20201110_143501 / lib_ip.py:4505] 
img.20201110_143457.2020-11-09_13-29-23_000.jpg.4.png 3 ---------------------
[20201110_143501 / lib_ip.py:3753] file = img.20201110_143457.2020-11-09_13-29-23_000.jpg.4.png / val_Average = 29.8943	val_Variance = 1479.3960	sd = 38.4629	max = 174	min = 0
[20201110_143501 / lib_ip.py:3836] len(Hs) = 8100, len(Ss) = 8100, len(Vs) = 8100
[20201110_143501 / lib_ip.py:3869] yellow : variance --> out of range (variance = 1479.396 / upper = 0.650 / lower = 0.000)
[20201110_143501 / lib_ip.py:3753] file = img.20201110_143457.2020-11-09_13-29-23_000.jpg.4.png / val_Average = 29.8943	val_Variance = 1479.3960	sd = 38.4629	max = 174	min = 0
[20201110_143501 / lib_ip.py:3936] len(Hs) = 8100, len(Ss) = 8100, len(Vs) = 8100
[20201110_143501 / lib_ip.py:3982] red : variance --> out of range (variance = 1479.396 / upper = 0.430 / lower = 0.000)
[20201110_143501 / lib_ip.py:3753] file = img.20201110_143457.2020-11-09_13-29-23_000.jpg.4.png / val_Average = 29.8943	val_Variance = 1479.3960	sd = 38.4629	max = 174	min = 0
[20201110_143501 / lib_ip.py:4052] len(Hs) = 8100, len(Ss) = 8100, len(Vs) = 8100
[20201110_143501 / lib_ip.py:4099] green : variance --> out of range (variance = 1479.396 / upper = 0.760 / lower = 0.000)
[20201110_143501 / lib_ip.py:3753] file = img.20201110_143457.2020-11-09_13-29-23_000.jpg.4.png / val_Average = 29.8943	val_Variance = 1479.3960	sd = 38.4629	max = 174	min = 0
[20201110_143501 / lib_ip.py:4169] len(Hs) = 8100, len(Ss) = 8100, len(Vs) = 8100
[20201110_143501 / lib_ip.py:4208] blue : variance --> out of range (variance = 1479.396 / upper = 0.930 / lower = 0.010)
[20201110_143502 / lib_ip.py:3753] file = img.20201110_143457.2020-11-09_13-29-23_000.jpg.4.png / val_Average = 29.8943	val_Variance = 1479.3960	sd = 38.4629	max = 174	min = 0
[20201110_143502 / lib_ip.py:4275] len(Hs) = 8100, len(Ss) = 8100, len(Vs) = 8100
[20201110_143502 / lib_ip.py:4314] pink : variance --> out of range (variance = 1479.396 / upper = 0.770 / lower = 0.030)
[20201110_143502 / lib_ip.py:3753] file = img.20201110_143457.2020-11-09_13-29-23_000.jpg.4.png / val_Average = 29.8943	val_Variance = 1479.3960	sd = 38.4629	max = 174	min = 0
[20201110_143502 / lib_ip.py:4378] len(Hs) = 8100, len(Ss) = 8100, len(Vs) = 8100
[20201110_143502 / lib_ip.py:4422] black : variance --> out of range (variance = 1479.396 / upper = 0.000 / lower = 0.000)
[20201110_143502 / lib_ip.py:4593] file : img.20201110_143457.2020-11-09_13-29-23_000.jpg.4.png 3 (black : variance --> out of range (variance = 1479.396 / upper = 0.000 / lower = 0.000))
[20201110_143500 / lib_ip.py:2274] inspecting ===> img.20201110_143457.2020-11-09_13-29-23_000.jpg.4.png
img.20201110_143457.2020-11-09_13-29-23_000.jpg.1.png => other
img.20201110_143457.2020-11-09_13-29-23_000.jpg.2.png => other
img.20201110_143457.2020-11-09_13-29-23_000.jpg.3.png => yellow
img.20201110_143457.2020-11-09_13-29-23_000.jpg.4.png => other
[20201110_143502 lib_ip.py:3301] =============== Get 4 corners
dpath_Images = C:\WORKS_2\WS\WS_Others.Art\JVEMV6\46_art\VIRTUAL\Admin_Projects\ip\images
fname_Image = img.20201110_143457.2020-11-09_13-29-23_000.jpg.4.png

[20201110_143503 / lib_ip.py:2274] inspecting ===> img.20201110_143502.2020-11-09_16-47-42_000.jpg.1.png
[20201110_143503 / lib_ip.py:4505] 
img.20201110_143502.2020-11-09_16-47-42_000.jpg.1.png 0 ---------------------
[20201110_143503 / lib_ip.py:3753] file = img.20201110_143502.2020-11-09_16-47-42_000.jpg.1.png / val_Average = 74.7344	val_Variance = 1185.5607	sd = 34.4320	max = 160	min = 0
[20201110_143503 / lib_ip.py:3836] len(Hs) = 8100, len(Ss) = 8100, len(Vs) = 8100
[20201110_143503 / lib_ip.py:3869] yellow : variance --> out of range (variance = 1185.561 / upper = 0.650 / lower = 0.000)
[20201110_143503 / lib_ip.py:3753] file = img.20201110_143502.2020-11-09_16-47-42_000.jpg.1.png / val_Average = 74.7344	val_Variance = 1185.5607	sd = 34.4320	max = 160	min = 0
[20201110_143503 / lib_ip.py:3936] len(Hs) = 8100, len(Ss) = 8100, len(Vs) = 8100
[20201110_143503 / lib_ip.py:3982] red : variance --> out of range (variance = 1185.561 / upper = 0.430 / lower = 0.000)
[20201110_143504 / lib_ip.py:3753] file = img.20201110_143502.2020-11-09_16-47-42_000.jpg.1.png / val_Average = 74.7344	val_Variance = 1185.5607	sd = 34.4320	max = 160	min = 0
[20201110_143504 / lib_ip.py:4052] len(Hs) = 8100, len(Ss) = 8100, len(Vs) = 8100
[20201110_143504 / lib_ip.py:4099] green : variance --> out of range (variance = 1185.561 / upper = 0.760 / lower = 0.000)
[20201110_143504 / lib_ip.py:3753] file = img.20201110_143502.2020-11-09_16-47-42_000.jpg.1.png / val_Average = 74.7344	val_Variance = 1185.5607	sd = 34.4320	max = 160	min = 0
[20201110_143504 / lib_ip.py:4169] len(Hs) = 8100, len(Ss) = 8100, len(Vs) = 8100
[20201110_143504 / lib_ip.py:4208] blue : variance --> out of range (variance = 1185.561 / upper = 0.930 / lower = 0.010)
[20201110_143504 / lib_ip.py:3753] file = img.20201110_143502.2020-11-09_16-47-42_000.jpg.1.png / val_Average = 74.7344	val_Variance = 1185.5607	sd = 34.4320	max = 160	min = 0
[20201110_143504 / lib_ip.py:4275] len(Hs) = 8100, len(Ss) = 8100, len(Vs) = 8100
[20201110_143504 / lib_ip.py:4314] pink : variance --> out of range (variance = 1185.561 / upper = 0.770 / lower = 0.030)
[20201110_143504 / lib_ip.py:3753] file = img.20201110_143502.2020-11-09_16-47-42_000.jpg.1.png / val_Average = 74.7344	val_Variance = 1185.5607	sd = 34.4320	max = 160	min = 0
[20201110_143504 / lib_ip.py:4378] len(Hs) = 8100, len(Ss) = 8100, len(Vs) = 8100
[20201110_143504 / lib_ip.py:4422] black : variance --> out of range (variance = 1185.561 / upper = 0.000 / lower = 0.000)
[20201110_143504 / lib_ip.py:4593] file : img.20201110_143502.2020-11-09_16-47-42_000.jpg.1.png 0 (black : variance --> out of range (variance = 1185.561 / upper = 0.000 / lower = 0.000))
[20201110_143504 / lib_ip.py:2274] inspecting ===> img.20201110_143502.2020-11-09_16-47-42_000.jpg.2.png
[20201110_143504 / lib_ip.py:4505] 
img.20201110_143502.2020-11-09_16-47-42_000.jpg.2.png 1 ---------------------
[20201110_143504 / lib_ip.py:3753] file = img.20201110_143502.2020-11-09_16-47-42_000.jpg.2.png / val_Average = 90.1853	val_Variance = 395.1697	sd = 19.8789	max = 160	min = 0
[20201110_143504 / lib_ip.py:3836] len(Hs) = 8100, len(Ss) = 8100, len(Vs) = 8100
[20201110_143504 / lib_ip.py:3869] yellow : variance --> out of range (variance = 395.170 / upper = 0.650 / lower = 0.000)
[20201110_143505 / lib_ip.py:3753] file = img.20201110_143502.2020-11-09_16-47-42_000.jpg.2.png / val_Average = 90.1853	val_Variance = 395.1697	sd = 19.8789	max = 160	min = 0
[20201110_143505 / lib_ip.py:3936] len(Hs) = 8100, len(Ss) = 8100, len(Vs) = 8100
[20201110_143505 / lib_ip.py:3982] red : variance --> out of range (variance = 395.170 / upper = 0.430 / lower = 0.000)
[20201110_143505 / lib_ip.py:3753] file = img.20201110_143502.2020-11-09_16-47-42_000.jpg.2.png / val_Average = 90.1853	val_Variance = 395.1697	sd = 19.8789	max = 160	min = 0
[20201110_143505 / lib_ip.py:4052] len(Hs) = 8100, len(Ss) = 8100, len(Vs) = 8100
[20201110_143505 / lib_ip.py:4099] green : variance --> out of range (variance = 395.170 / upper = 0.760 / lower = 0.000)
[20201110_143505 / lib_ip.py:3753] file = img.20201110_143502.2020-11-09_16-47-42_000.jpg.2.png / val_Average = 90.1853	val_Variance = 395.1697	sd = 19.8789	max = 160	min = 0
[20201110_143505 / lib_ip.py:4169] len(Hs) = 8100, len(Ss) = 8100, len(Vs) = 8100
[20201110_143505 / lib_ip.py:4208] blue : variance --> out of range (variance = 395.170 / upper = 0.930 / lower = 0.010)
[20201110_143505 / lib_ip.py:3753] file = img.20201110_143502.2020-11-09_16-47-42_000.jpg.2.png / val_Average = 90.1853	val_Variance = 395.1697	sd = 19.8789	max = 160	min = 0
[20201110_143505 / lib_ip.py:4275] len(Hs) = 8100, len(Ss) = 8100, len(Vs) = 8100
[20201110_143505 / lib_ip.py:4314] pink : variance --> out of range (variance = 395.170 / upper = 0.770 / lower = 0.030)
[20201110_143505 / lib_ip.py:3753] file = img.20201110_143502.2020-11-09_16-47-42_000.jpg.2.png / val_Average = 90.1853	val_Variance = 395.1697	sd = 19.8789	max = 160	min = 0
[20201110_143505 / lib_ip.py:4378] len(Hs) = 8100, len(Ss) = 8100, len(Vs) = 8100
[20201110_143505 / lib_ip.py:4422] black : variance --> out of range (variance = 395.170 / upper = 0.000 / lower = 0.000)
[20201110_143505 / lib_ip.py:4593] file : img.20201110_143502.2020-11-09_16-47-42_000.jpg.2.png 1 (black : variance --> out of range (variance = 395.170 / upper = 0.000 / lower = 0.000))
[20201110_143505 / lib_ip.py:2274] inspecting ===> img.20201110_143502.2020-11-09_16-47-42_000.jpg.3.png
[20201110_143506 / lib_ip.py:4505] 
img.20201110_143502.2020-11-09_16-47-42_000.jpg.3.png 2 ---------------------
[20201110_143506 / lib_ip.py:3753] file = img.20201110_143502.2020-11-09_16-47-42_000.jpg.3.png / val_Average = 80.3304	val_Variance = 0.2212	sd = 0.4703	max = 81	min = 80
[20201110_143506 / lib_ip.py:3836] len(Hs) = 8100, len(Ss) = 8100, len(Vs) = 8100
[20201110_143506 / lib_ip.py:3891] yellow : average --> out of range (average = 80.330 / upper = 99.200 / lower = 85.500)
[20201110_143506 / lib_ip.py:3753] file = img.20201110_143502.2020-11-09_16-47-42_000.jpg.3.png / val_Average = 80.3304	val_Variance = 0.2212	sd = 0.4703	max = 81	min = 80
[20201110_143506 / lib_ip.py:3936] len(Hs) = 8100, len(Ss) = 8100, len(Vs) = 8100
[20201110_143506 / lib_ip.py:4007] red : average --> out of range (average = 80.330 / upper = 124.600 / lower = 115.000)
[20201110_143506 / lib_ip.py:3753] file = img.20201110_143502.2020-11-09_16-47-42_000.jpg.3.png / val_Average = 80.3304	val_Variance = 0.2212	sd = 0.4703	max = 81	min = 80
[20201110_143506 / lib_ip.py:4052] len(Hs) = 8100, len(Ss) = 8100, len(Vs) = 8100
[20201110_143506 / lib_ip.py:2274] inspecting ===> img.20201110_143502.2020-11-09_16-47-42_000.jpg.4.png
[20201110_143507 / lib_ip.py:4505] 
img.20201110_143502.2020-11-09_16-47-42_000.jpg.4.png 3 ---------------------
[20201110_143507 / lib_ip.py:3753] file = img.20201110_143502.2020-11-09_16-47-42_000.jpg.4.png / val_Average = 119.0323	val_Variance = 0.0543	sd = 0.2329	max = 120	min = 118
[20201110_143507 / lib_ip.py:3836] len(Hs) = 8100, len(Ss) = 8100, len(Vs) = 8100
[20201110_143507 / lib_ip.py:3891] yellow : average --> out of range (average = 119.032 / upper = 99.200 / lower = 85.500)
[20201110_143507 / lib_ip.py:3753] file = img.20201110_143502.2020-11-09_16-47-42_000.jpg.4.png / val_Average = 119.0323	val_Variance = 0.0543	sd = 0.2329	max = 120	min = 118
[20201110_143507 / lib_ip.py:3936] len(Hs) = 8100, len(Ss) = 8100, len(Vs) = 8100
[20201110_143506 / lib_ip.py:2274] inspecting ===> img.20201110_143502.2020-11-09_16-47-42_000.jpg.4.png
img.20201110_143502.2020-11-09_16-47-42_000.jpg.1.png => other
img.20201110_143502.2020-11-09_16-47-42_000.jpg.2.png => other
img.20201110_143502.2020-11-09_16-47-42_000.jpg.3.png => other
img.20201110_143502.2020-11-09_16-47-42_000.jpg.4.png => other
[20201110_143507 lib_ip.py:3301] =============== Get 4 corners
dpath_Images = C:\WORKS_2\WS\WS_Others.Art\JVEMV6\46_art\VIRTUAL\Admin_Projects\ip\images
fname_Image = img.20201110_143502.2020-11-09_16-47-42_000.jpg.4.png

[20201110_143508 / lib_ip.py:2274] inspecting ===> img.20201110_143508.2020-11-09_19-23-38_000.jpg.1.png
[20201110_143508 / lib_ip.py:4505] 
img.20201110_143508.2020-11-09_19-23-38_000.jpg.1.png 0 ---------------------
[20201110_143508 / lib_ip.py:3753] file = img.20201110_143508.2020-11-09_19-23-38_000.jpg.1.png / val_Average = 83.2810	val_Variance = 92.2243	sd = 9.6033	max = 135	min = 0
[20201110_143508 / lib_ip.py:3836] len(Hs) = 8100, len(Ss) = 8100, len(Vs) = 8100
[20201110_143508 / lib_ip.py:3869] yellow : variance --> out of range (variance = 92.224 / upper = 0.650 / lower = 0.000)
[20201110_143508 / lib_ip.py:3753] file = img.20201110_143508.2020-11-09_19-23-38_000.jpg.1.png / val_Average = 83.2810	val_Variance = 92.2243	sd = 9.6033	max = 135	min = 0
[20201110_143508 / lib_ip.py:3936] len(Hs) = 8100, len(Ss) = 8100, len(Vs) = 8100
[20201110_143508 / lib_ip.py:3982] red : variance --> out of range (variance = 92.224 / upper = 0.430 / lower = 0.000)
[20201110_143509 / lib_ip.py:3753] file = img.20201110_143508.2020-11-09_19-23-38_000.jpg.1.png / val_Average = 83.2810	val_Variance = 92.2243	sd = 9.6033	max = 135	min = 0
[20201110_143509 / lib_ip.py:4052] len(Hs) = 8100, len(Ss) = 8100, len(Vs) = 8100
[20201110_143509 / lib_ip.py:4099] green : variance --> out of range (variance = 92.224 / upper = 0.760 / lower = 0.000)
[20201110_143509 / lib_ip.py:3753] file = img.20201110_143508.2020-11-09_19-23-38_000.jpg.1.png / val_Average = 83.2810	val_Variance = 92.2243	sd = 9.6033	max = 135	min = 0
[20201110_143509 / lib_ip.py:4169] len(Hs) = 8100, len(Ss) = 8100, len(Vs) = 8100
[20201110_143509 / lib_ip.py:4208] blue : variance --> out of range (variance = 92.224 / upper = 0.930 / lower = 0.010)
[20201110_143509 / lib_ip.py:3753] file = img.20201110_143508.2020-11-09_19-23-38_000.jpg.1.png / val_Average = 83.2810	val_Variance = 92.2243	sd = 9.6033	max = 135	min = 0
[20201110_143509 / lib_ip.py:4275] len(Hs) = 8100, len(Ss) = 8100, len(Vs) = 8100
[20201110_143509 / lib_ip.py:4314] pink : variance --> out of range (variance = 92.224 / upper = 0.770 / lower = 0.030)
[20201110_143509 / lib_ip.py:3753] file = img.20201110_143508.2020-11-09_19-23-38_000.jpg.1.png / val_Average = 83.2810	val_Variance = 92.2243	sd = 9.6033	max = 135	min = 0
[20201110_143509 / lib_ip.py:4378] len(Hs) = 8100, len(Ss) = 8100, len(Vs) = 8100
[20201110_143509 / lib_ip.py:4422] black : variance --> out of range (variance = 92.224 / upper = 0.000 / lower = 0.000)
[20201110_143509 / lib_ip.py:4593] file : img.20201110_143508.2020-11-09_19-23-38_000.jpg.1.png 0 (black : variance --> out of range (variance = 92.224 / upper = 0.000 / lower = 0.000))
[20201110_143509 / lib_ip.py:2274] inspecting ===> img.20201110_143508.2020-11-09_19-23-38_000.jpg.2.png
[20201110_143510 / lib_ip.py:4505] 
img.20201110_143508.2020-11-09_19-23-38_000.jpg.2.png 1 ---------------------
[20201110_143510 / lib_ip.py:3753] file = img.20201110_143508.2020-11-09_19-23-38_000.jpg.2.png / val_Average = 83.3730	val_Variance = 142.9023	sd = 11.9542	max = 135	min = 0
[20201110_143510 / lib_ip.py:3836] len(Hs) = 8100, len(Ss) = 8100, len(Vs) = 8100
[20201110_143510 / lib_ip.py:3869] yellow : variance --> out of range (variance = 142.902 / upper = 0.650 / lower = 0.000)
[20201110_143510 / lib_ip.py:3753] file = img.20201110_143508.2020-11-09_19-23-38_000.jpg.2.png / val_Average = 83.3730	val_Variance = 142.9023	sd = 11.9542	max = 135	min = 0
[20201110_143510 / lib_ip.py:3936] len(Hs) = 8100, len(Ss) = 8100, len(Vs) = 8100
[20201110_143510 / lib_ip.py:3982] red : variance --> out of range (variance = 142.902 / upper = 0.430 / lower = 0.000)
[20201110_143510 / lib_ip.py:3753] file = img.20201110_143508.2020-11-09_19-23-38_000.jpg.2.png / val_Average = 83.3730	val_Variance = 142.9023	sd = 11.9542	max = 135	min = 0
[20201110_143510 / lib_ip.py:4052] len(Hs) = 8100, len(Ss) = 8100, len(Vs) = 8100
[20201110_143510 / lib_ip.py:4099] green : variance --> out of range (variance = 142.902 / upper = 0.760 / lower = 0.000)
[20201110_143511 / lib_ip.py:3753] file = img.20201110_143508.2020-11-09_19-23-38_000.jpg.2.png / val_Average = 83.3730	val_Variance = 142.9023	sd = 11.9542	max = 135	min = 0
[20201110_143511 / lib_ip.py:4169] len(Hs) = 8100, len(Ss) = 8100, len(Vs) = 8100
[20201110_143511 / lib_ip.py:4208] blue : variance --> out of range (variance = 142.902 / upper = 0.930 / lower = 0.010)
[20201110_143511 / lib_ip.py:3753] file = img.20201110_143508.2020-11-09_19-23-38_000.jpg.2.png / val_Average = 83.3730	val_Variance = 142.9023	sd = 11.9542	max = 135	min = 0
[20201110_143511 / lib_ip.py:4275] len(Hs) = 8100, len(Ss) = 8100, len(Vs) = 8100
[20201110_143511 / lib_ip.py:4314] pink : variance --> out of range (variance = 142.902 / upper = 0.770 / lower = 0.030)
[20201110_143511 / lib_ip.py:3753] file = img.20201110_143508.2020-11-09_19-23-38_000.jpg.2.png / val_Average = 83.3730	val_Variance = 142.9023	sd = 11.9542	max = 135	min = 0
[20201110_143511 / lib_ip.py:4378] len(Hs) = 8100, len(Ss) = 8100, len(Vs) = 8100
[20201110_143511 / lib_ip.py:4422] black : variance --> out of range (variance = 142.902 / upper = 0.000 / lower = 0.000)
[20201110_143511 / lib_ip.py:4593] file : img.20201110_143508.2020-11-09_19-23-38_000.jpg.2.png 1 (black : variance --> out of range (variance = 142.902 / upper = 0.000 / lower = 0.000))
[20201110_143511 / lib_ip.py:2274] inspecting ===> img.20201110_143508.2020-11-09_19-23-38_000.jpg.3.png
[20201110_143511 / lib_ip.py:4505] 
img.20201110_143508.2020-11-09_19-23-38_000.jpg.3.png 2 ---------------------
[20201110_143511 / lib_ip.py:3753] file = img.20201110_143508.2020-11-09_19-23-38_000.jpg.3.png / val_Average = 59.3730	val_Variance = 6894.7094	sd = 83.0344	max = 178	min = 0
[20201110_143511 / lib_ip.py:3836] len(Hs) = 8100, len(Ss) = 8100, len(Vs) = 8100
[20201110_143511 / lib_ip.py:3869] yellow : variance --> out of range (variance = 6894.709 / upper = 0.650 / lower = 0.000)
[20201110_143511 / lib_ip.py:3753] file = img.20201110_143508.2020-11-09_19-23-38_000.jpg.3.png / val_Average = 59.3730	val_Variance = 6894.7094	sd = 83.0344	max = 178	min = 0
[20201110_143511 / lib_ip.py:3936] len(Hs) = 8100, len(Ss) = 8100, len(Vs) = 8100
[20201110_143512 / lib_ip.py:3982] red : variance --> out of range (variance = 6894.709 / upper = 0.430 / lower = 0.000)
[20201110_143512 / lib_ip.py:3753] file = img.20201110_143508.2020-11-09_19-23-38_000.jpg.3.png / val_Average = 59.3730	val_Variance = 6894.7094	sd = 83.0344	max = 178	min = 0
[20201110_143512 / lib_ip.py:4052] len(Hs) = 8100, len(Ss) = 8100, len(Vs) = 8100
[20201110_143512 / lib_ip.py:4099] green : variance --> out of range (variance = 6894.709 / upper = 0.760 / lower = 0.000)
[20201110_143512 / lib_ip.py:3753] file = img.20201110_143508.2020-11-09_19-23-38_000.jpg.3.png / val_Average = 59.3730	val_Variance = 6894.7094	sd = 83.0344	max = 178	min = 0
[20201110_143512 / lib_ip.py:4169] len(Hs) = 8100, len(Ss) = 8100, len(Vs) = 8100
[20201110_143512 / lib_ip.py:4208] blue : variance --> out of range (variance = 6894.709 / upper = 0.930 / lower = 0.010)
[20201110_143512 / lib_ip.py:3753] file = img.20201110_143508.2020-11-09_19-23-38_000.jpg.3.png / val_Average = 59.3730	val_Variance = 6894.7094	sd = 83.0344	max = 178	min = 0
[20201110_143512 / lib_ip.py:4275] len(Hs) = 8100, len(Ss) = 8100, len(Vs) = 8100
[20201110_143512 / lib_ip.py:4314] pink : variance --> out of range (variance = 6894.709 / upper = 0.770 / lower = 0.030)
[20201110_143512 / lib_ip.py:3753] file = img.20201110_143508.2020-11-09_19-23-38_000.jpg.3.png / val_Average = 59.3730	val_Variance = 6894.7094	sd = 83.0344	max = 178	min = 0
[20201110_143512 / lib_ip.py:4378] len(Hs) = 8100, len(Ss) = 8100, len(Vs) = 8100
[20201110_143512 / lib_ip.py:4422] black : variance --> out of range (variance = 6894.709 / upper = 0.000 / lower = 0.000)
[20201110_143512 / lib_ip.py:4593] file : img.20201110_143508.2020-11-09_19-23-38_000.jpg.3.png 2 (black : variance --> out of range (variance = 6894.709 / upper = 0.000 / lower = 0.000))
[20201110_143512 / lib_ip.py:2274] inspecting ===> img.20201110_143508.2020-11-09_19-23-38_000.jpg.4.png
[20201110_143513 / lib_ip.py:4505] 
img.20201110_143508.2020-11-09_19-23-38_000.jpg.4.png 3 ---------------------
[20201110_143513 / lib_ip.py:3753] file = img.20201110_143508.2020-11-09_19-23-38_000.jpg.4.png / val_Average = 166.8873	val_Variance = 3.0662	sd = 1.7511	max = 172	min = 156
[20201110_143513 / lib_ip.py:3836] len(Hs) = 8100, len(Ss) = 8100, len(Vs) = 8100
[20201110_143513 / lib_ip.py:3869] yellow : variance --> out of range (variance = 3.066 / upper = 0.650 / lower = 0.000)
[20201110_143513 / lib_ip.py:3753] file = img.20201110_143508.2020-11-09_19-23-38_000.jpg.4.png / val_Average = 166.8873	val_Variance = 3.0662	sd = 1.7511	max = 172	min = 156
[20201110_143513 / lib_ip.py:3936] len(Hs) = 8100, len(Ss) = 8100, len(Vs) = 8100
[20201110_143513 / lib_ip.py:3982] red : variance --> out of range (variance = 3.066 / upper = 0.430 / lower = 0.000)
[20201110_143513 / lib_ip.py:3753] file = img.20201110_143508.2020-11-09_19-23-38_000.jpg.4.png / val_Average = 166.8873	val_Variance = 3.0662	sd = 1.7511	max = 172	min = 156
[20201110_143513 / lib_ip.py:4052] len(Hs) = 8100, len(Ss) = 8100, len(Vs) = 8100
[20201110_143513 / lib_ip.py:4099] green : variance --> out of range (variance = 3.066 / upper = 0.760 / lower = 0.000)
[20201110_143513 / lib_ip.py:3753] file = img.20201110_143508.2020-11-09_19-23-38_000.jpg.4.png / val_Average = 166.8873	val_Variance = 3.0662	sd = 1.7511	max = 172	min = 156
[20201110_143513 / lib_ip.py:4169] len(Hs) = 8100, len(Ss) = 8100, len(Vs) = 8100
[20201110_143513 / lib_ip.py:4208] blue : variance --> out of range (variance = 3.066 / upper = 0.930 / lower = 0.010)
[20201110_143513 / lib_ip.py:3753] file = img.20201110_143508.2020-11-09_19-23-38_000.jpg.4.png / val_Average = 166.8873	val_Variance = 3.0662	sd = 1.7511	max = 172	min = 156
[20201110_143513 / lib_ip.py:4275] len(Hs) = 8100, len(Ss) = 8100, len(Vs) = 8100
[20201110_143513 / lib_ip.py:4314] pink : variance --> out of range (variance = 3.066 / upper = 0.770 / lower = 0.030)
[20201110_143514 / lib_ip.py:3753] file = img.20201110_143508.2020-11-09_19-23-38_000.jpg.4.png / val_Average = 166.8873	val_Variance = 3.0662	sd = 1.7511	max = 172	min = 156
[20201110_143514 / lib_ip.py:4378] len(Hs) = 8100, len(Ss) = 8100, len(Vs) = 8100
[20201110_143514 / lib_ip.py:4422] black : variance --> out of range (variance = 3.066 / upper = 0.000 / lower = 0.000)
[20201110_143514 / lib_ip.py:4593] file : img.20201110_143508.2020-11-09_19-23-38_000.jpg.4.png 3 (black : variance --> out of range (variance = 3.066 / upper = 0.000 / lower = 0.000))
[20201110_143512 / lib_ip.py:2274] inspecting ===> img.20201110_143508.2020-11-09_19-23-38_000.jpg.4.png
img.20201110_143508.2020-11-09_19-23-38_000.jpg.1.png => other
img.20201110_143508.2020-11-09_19-23-38_000.jpg.2.png => other
img.20201110_143508.2020-11-09_19-23-38_000.jpg.3.png => other
img.20201110_143508.2020-11-09_19-23-38_000.jpg.4.png => other
[20201110_143514 lib_ip.py:3301] =============== Get 4 corners
dpath_Images = C:\WORKS_2\WS\WS_Others.Art\JVEMV6\46_art\VIRTUAL\Admin_Projects\ip\images
fname_Image = img.20201110_143508.2020-11-09_19-23-38_000.jpg.4.png

[20201110_143515 / lib_ip.py:2274] inspecting ===> img.20201110_143514.2020-11-09_20-58-59_000.jpg.1.png
[20201110_143515 / lib_ip.py:4505] 
img.20201110_143514.2020-11-09_20-58-59_000.jpg.1.png 0 ---------------------
[20201110_143515 / lib_ip.py:3753] file = img.20201110_143514.2020-11-09_20-58-59_000.jpg.1.png / val_Average = 82.8570	val_Variance = 583.6502	sd = 24.1589	max = 105	min = 0
[20201110_143515 / lib_ip.py:3836] len(Hs) = 8100, len(Ss) = 8100, len(Vs) = 8100
[20201110_143515 / lib_ip.py:3869] yellow : variance --> out of range (variance = 583.650 / upper = 0.650 / lower = 0.000)
[20201110_143515 / lib_ip.py:3753] file = img.20201110_143514.2020-11-09_20-58-59_000.jpg.1.png / val_Average = 82.8570	val_Variance = 583.6502	sd = 24.1589	max = 105	min = 0
[20201110_143515 / lib_ip.py:3936] len(Hs) = 8100, len(Ss) = 8100, len(Vs) = 8100
[20201110_143515 / lib_ip.py:3982] red : variance --> out of range (variance = 583.650 / upper = 0.430 / lower = 0.000)
[20201110_143515 / lib_ip.py:3753] file = img.20201110_143514.2020-11-09_20-58-59_000.jpg.1.png / val_Average = 82.8570	val_Variance = 583.6502	sd = 24.1589	max = 105	min = 0
[20201110_143515 / lib_ip.py:4052] len(Hs) = 8100, len(Ss) = 8100, len(Vs) = 8100
[20201110_143515 / lib_ip.py:4099] green : variance --> out of range (variance = 583.650 / upper = 0.760 / lower = 0.000)
[20201110_143516 / lib_ip.py:3753] file = img.20201110_143514.2020-11-09_20-58-59_000.jpg.1.png / val_Average = 82.8570	val_Variance = 583.6502	sd = 24.1589	max = 105	min = 0
[20201110_143516 / lib_ip.py:4169] len(Hs) = 8100, len(Ss) = 8100, len(Vs) = 8100
[20201110_143516 / lib_ip.py:4208] blue : variance --> out of range (variance = 583.650 / upper = 0.930 / lower = 0.010)
[20201110_143516 / lib_ip.py:3753] file = img.20201110_143514.2020-11-09_20-58-59_000.jpg.1.png / val_Average = 82.8570	val_Variance = 583.6502	sd = 24.1589	max = 105	min = 0
[20201110_143516 / lib_ip.py:4275] len(Hs) = 8100, len(Ss) = 8100, len(Vs) = 8100
[20201110_143516 / lib_ip.py:4314] pink : variance --> out of range (variance = 583.650 / upper = 0.770 / lower = 0.030)
[20201110_143516 / lib_ip.py:3753] file = img.20201110_143514.2020-11-09_20-58-59_000.jpg.1.png / val_Average = 82.8570	val_Variance = 583.6502	sd = 24.1589	max = 105	min = 0
[20201110_143516 / lib_ip.py:4378] len(Hs) = 8100, len(Ss) = 8100, len(Vs) = 8100
[20201110_143516 / lib_ip.py:4422] black : variance --> out of range (variance = 583.650 / upper = 0.000 / lower = 0.000)
[20201110_143516 / lib_ip.py:4593] file : img.20201110_143514.2020-11-09_20-58-59_000.jpg.1.png 0 (black : variance --> out of range (variance = 583.650 / upper = 0.000 / lower = 0.000))
[20201110_143516 / lib_ip.py:2274] inspecting ===> img.20201110_143514.2020-11-09_20-58-59_000.jpg.2.png
[20201110_143516 / lib_ip.py:4505] 
img.20201110_143514.2020-11-09_20-58-59_000.jpg.2.png 1 ---------------------
[20201110_143516 / lib_ip.py:3753] file = img.20201110_143514.2020-11-09_20-58-59_000.jpg.2.png / val_Average = 71.8938	val_Variance = 606.7026	sd = 24.6313	max = 160	min = 0
[20201110_143516 / lib_ip.py:3836] len(Hs) = 8100, len(Ss) = 8100, len(Vs) = 8100
[20201110_143516 / lib_ip.py:3869] yellow : variance --> out of range (variance = 606.703 / upper = 0.650 / lower = 0.000)
[20201110_143517 / lib_ip.py:3753] file = img.20201110_143514.2020-11-09_20-58-59_000.jpg.2.png / val_Average = 71.8938	val_Variance = 606.7026	sd = 24.6313	max = 160	min = 0
[20201110_143517 / lib_ip.py:3936] len(Hs) = 8100, len(Ss) = 8100, len(Vs) = 8100
[20201110_143517 / lib_ip.py:3982] red : variance --> out of range (variance = 606.703 / upper = 0.430 / lower = 0.000)
[20201110_143517 / lib_ip.py:3753] file = img.20201110_143514.2020-11-09_20-58-59_000.jpg.2.png / val_Average = 71.8938	val_Variance = 606.7026	sd = 24.6313	max = 160	min = 0
[20201110_143517 / lib_ip.py:4052] len(Hs) = 8100, len(Ss) = 8100, len(Vs) = 8100
[20201110_143517 / lib_ip.py:4099] green : variance --> out of range (variance = 606.703 / upper = 0.760 / lower = 0.000)
[20201110_143517 / lib_ip.py:3753] file = img.20201110_143514.2020-11-09_20-58-59_000.jpg.2.png / val_Average = 71.8938	val_Variance = 606.7026	sd = 24.6313	max = 160	min = 0
[20201110_143517 / lib_ip.py:4169] len(Hs) = 8100, len(Ss) = 8100, len(Vs) = 8100
[20201110_143517 / lib_ip.py:4208] blue : variance --> out of range (variance = 606.703 / upper = 0.930 / lower = 0.010)
[20201110_143517 / lib_ip.py:3753] file = img.20201110_143514.2020-11-09_20-58-59_000.jpg.2.png / val_Average = 71.8938	val_Variance = 606.7026	sd = 24.6313	max = 160	min = 0
[20201110_143517 / lib_ip.py:4275] len(Hs) = 8100, len(Ss) = 8100, len(Vs) = 8100
[20201110_143517 / lib_ip.py:4314] pink : variance --> out of range (variance = 606.703 / upper = 0.770 / lower = 0.030)
[20201110_143517 / lib_ip.py:3753] file = img.20201110_143514.2020-11-09_20-58-59_000.jpg.2.png / val_Average = 71.8938	val_Variance = 606.7026	sd = 24.6313	max = 160	min = 0
[20201110_143517 / lib_ip.py:4378] len(Hs) = 8100, len(Ss) = 8100, len(Vs) = 8100
[20201110_143517 / lib_ip.py:4422] black : variance --> out of range (variance = 606.703 / upper = 0.000 / lower = 0.000)
[20201110_143518 / lib_ip.py:4593] file : img.20201110_143514.2020-11-09_20-58-59_000.jpg.2.png 1 (black : variance --> out of range (variance = 606.703 / upper = 0.000 / lower = 0.000))
[20201110_143518 / lib_ip.py:2274] inspecting ===> img.20201110_143514.2020-11-09_20-58-59_000.jpg.3.png
[20201110_143518 / lib_ip.py:4505] 
img.20201110_143514.2020-11-09_20-58-59_000.jpg.3.png 2 ---------------------
[20201110_143518 / lib_ip.py:3753] file = img.20201110_143514.2020-11-09_20-58-59_000.jpg.3.png / val_Average = 89.5748	val_Variance = 0.2516	sd = 0.5016	max = 90	min = 88
[20201110_143518 / lib_ip.py:3836] len(Hs) = 8100, len(Ss) = 8100, len(Vs) = 8100
[20201110_143518 / lib_ip.py:2274] inspecting ===> img.20201110_143514.2020-11-09_20-58-59_000.jpg.4.png
[20201110_143518 / lib_ip.py:4505] 
img.20201110_143514.2020-11-09_20-58-59_000.jpg.4.png 3 ---------------------
[20201110_143518 / lib_ip.py:3753] file = img.20201110_143514.2020-11-09_20-58-59_000.jpg.4.png / val_Average = 10.8851	val_Variance = 5.0353	sd = 2.2439	max = 17	min = 4
[20201110_143518 / lib_ip.py:3836] len(Hs) = 8100, len(Ss) = 8100, len(Vs) = 8100
[20201110_143518 / lib_ip.py:3869] yellow : variance --> out of range (variance = 5.035 / upper = 0.650 / lower = 0.000)
[20201110_143518 / lib_ip.py:3753] file = img.20201110_143514.2020-11-09_20-58-59_000.jpg.4.png / val_Average = 10.8851	val_Variance = 5.0353	sd = 2.2439	max = 17	min = 4
[20201110_143518 / lib_ip.py:3936] len(Hs) = 8100, len(Ss) = 8100, len(Vs) = 8100
[20201110_143518 / lib_ip.py:3982] red : variance --> out of range (variance = 5.035 / upper = 0.430 / lower = 0.000)
[20201110_143518 / lib_ip.py:3753] file = img.20201110_143514.2020-11-09_20-58-59_000.jpg.4.png / val_Average = 10.8851	val_Variance = 5.0353	sd = 2.2439	max = 17	min = 4
[20201110_143518 / lib_ip.py:4052] len(Hs) = 8100, len(Ss) = 8100, len(Vs) = 8100
[20201110_143519 / lib_ip.py:4099] green : variance --> out of range (variance = 5.035 / upper = 0.760 / lower = 0.000)
[20201110_143519 / lib_ip.py:3753] file = img.20201110_143514.2020-11-09_20-58-59_000.jpg.4.png / val_Average = 10.8851	val_Variance = 5.0353	sd = 2.2439	max = 17	min = 4
[20201110_143519 / lib_ip.py:4169] len(Hs) = 8100, len(Ss) = 8100, len(Vs) = 8100
[20201110_143519 / lib_ip.py:4208] blue : variance --> out of range (variance = 5.035 / upper = 0.930 / lower = 0.010)
[20201110_143519 / lib_ip.py:3753] file = img.20201110_143514.2020-11-09_20-58-59_000.jpg.4.png / val_Average = 10.8851	val_Variance = 5.0353	sd = 2.2439	max = 17	min = 4
[20201110_143519 / lib_ip.py:4275] len(Hs) = 8100, len(Ss) = 8100, len(Vs) = 8100
[20201110_143519 / lib_ip.py:4314] pink : variance --> out of range (variance = 5.035 / upper = 0.770 / lower = 0.030)
[20201110_143519 / lib_ip.py:3753] file = img.20201110_143514.2020-11-09_20-58-59_000.jpg.4.png / val_Average = 10.8851	val_Variance = 5.0353	sd = 2.2439	max = 17	min = 4
[20201110_143519 / lib_ip.py:4378] len(Hs) = 8100, len(Ss) = 8100, len(Vs) = 8100
[20201110_143519 / lib_ip.py:4422] black : variance --> out of range (variance = 5.035 / upper = 0.000 / lower = 0.000)
[20201110_143519 / lib_ip.py:4593] file : img.20201110_143514.2020-11-09_20-58-59_000.jpg.4.png 3 (black : variance --> out of range (variance = 5.035 / upper = 0.000 / lower = 0.000))
[20201110_143518 / lib_ip.py:2274] inspecting ===> img.20201110_143514.2020-11-09_20-58-59_000.jpg.4.png
img.20201110_143514.2020-11-09_20-58-59_000.jpg.1.png => other
img.20201110_143514.2020-11-09_20-58-59_000.jpg.2.png => other
img.20201110_143514.2020-11-09_20-58-59_000.jpg.3.png => yellow
img.20201110_143514.2020-11-09_20-58-59_000.jpg.4.png => other
[20201110_143519 lib_ip.py:3301] =============== Get 4 corners
dpath_Images = C:\WORKS_2\WS\WS_Others.Art\JVEMV6\46_art\VIRTUAL\Admin_Projects\ip\images
fname_Image = img.20201110_143514.2020-11-09_20-58-59_000.jpg.4.png

[20201110_143520 / lib_ip.py:2274] inspecting ===> img.20201110_143520.2020-11-09_23-45-47_000.jpg.1.png
[20201110_143520 / lib_ip.py:4505] 
img.20201110_143520.2020-11-09_23-45-47_000.jpg.1.png 0 ---------------------
[20201110_143520 / lib_ip.py:3753] file = img.20201110_143520.2020-11-09_23-45-47_000.jpg.1.png / val_Average = 26.3875	val_Variance = 331.0774	sd = 18.1955	max = 174	min = 0
[20201110_143520 / lib_ip.py:3836] len(Hs) = 8100, len(Ss) = 8100, len(Vs) = 8100
[20201110_143520 / lib_ip.py:3869] yellow : variance --> out of range (variance = 331.077 / upper = 0.650 / lower = 0.000)
[20201110_143521 / lib_ip.py:3753] file = img.20201110_143520.2020-11-09_23-45-47_000.jpg.1.png / val_Average = 26.3875	val_Variance = 331.0774	sd = 18.1955	max = 174	min = 0
[20201110_143521 / lib_ip.py:3936] len(Hs) = 8100, len(Ss) = 8100, len(Vs) = 8100
[20201110_143521 / lib_ip.py:3982] red : variance --> out of range (variance = 331.077 / upper = 0.430 / lower = 0.000)
[20201110_143521 / lib_ip.py:3753] file = img.20201110_143520.2020-11-09_23-45-47_000.jpg.1.png / val_Average = 26.3875	val_Variance = 331.0774	sd = 18.1955	max = 174	min = 0
[20201110_143521 / lib_ip.py:4052] len(Hs) = 8100, len(Ss) = 8100, len(Vs) = 8100
[20201110_143521 / lib_ip.py:4099] green : variance --> out of range (variance = 331.077 / upper = 0.760 / lower = 0.000)
[20201110_143521 / lib_ip.py:3753] file = img.20201110_143520.2020-11-09_23-45-47_000.jpg.1.png / val_Average = 26.3875	val_Variance = 331.0774	sd = 18.1955	max = 174	min = 0
[20201110_143521 / lib_ip.py:4169] len(Hs) = 8100, len(Ss) = 8100, len(Vs) = 8100
[20201110_143521 / lib_ip.py:4208] blue : variance --> out of range (variance = 331.077 / upper = 0.930 / lower = 0.010)
[20201110_143521 / lib_ip.py:3753] file = img.20201110_143520.2020-11-09_23-45-47_000.jpg.1.png / val_Average = 26.3875	val_Variance = 331.0774	sd = 18.1955	max = 174	min = 0
[20201110_143521 / lib_ip.py:4275] len(Hs) = 8100, len(Ss) = 8100, len(Vs) = 8100
[20201110_143521 / lib_ip.py:4314] pink : variance --> out of range (variance = 331.077 / upper = 0.770 / lower = 0.030)
[20201110_143521 / lib_ip.py:3753] file = img.20201110_143520.2020-11-09_23-45-47_000.jpg.1.png / val_Average = 26.3875	val_Variance = 331.0774	sd = 18.1955	max = 174	min = 0
[20201110_143521 / lib_ip.py:4378] len(Hs) = 8100, len(Ss) = 8100, len(Vs) = 8100
[20201110_143522 / lib_ip.py:4422] black : variance --> out of range (variance = 331.077 / upper = 0.000 / lower = 0.000)
[20201110_143522 / lib_ip.py:4593] file : img.20201110_143520.2020-11-09_23-45-47_000.jpg.1.png 0 (black : variance --> out of range (variance = 331.077 / upper = 0.000 / lower = 0.000))
[20201110_143522 / lib_ip.py:2274] inspecting ===> img.20201110_143520.2020-11-09_23-45-47_000.jpg.2.png
[20201110_143522 / lib_ip.py:4505] 
img.20201110_143520.2020-11-09_23-45-47_000.jpg.2.png 1 ---------------------
[20201110_143522 / lib_ip.py:3753] file = img.20201110_143520.2020-11-09_23-45-47_000.jpg.2.png / val_Average = 79.7863	val_Variance = 78.9517	sd = 8.8855	max = 101	min = 61
[20201110_143522 / lib_ip.py:3836] len(Hs) = 8100, len(Ss) = 8100, len(Vs) = 8100
[20201110_143522 / lib_ip.py:3869] yellow : variance --> out of range (variance = 78.952 / upper = 0.650 / lower = 0.000)
[20201110_143522 / lib_ip.py:3753] file = img.20201110_143520.2020-11-09_23-45-47_000.jpg.2.png / val_Average = 79.7863	val_Variance = 78.9517	sd = 8.8855	max = 101	min = 61
[20201110_143522 / lib_ip.py:3936] len(Hs) = 8100, len(Ss) = 8100, len(Vs) = 8100
[20201110_143522 / lib_ip.py:3982] red : variance --> out of range (variance = 78.952 / upper = 0.430 / lower = 0.000)
[20201110_143522 / lib_ip.py:3753] file = img.20201110_143520.2020-11-09_23-45-47_000.jpg.2.png / val_Average = 79.7863	val_Variance = 78.9517	sd = 8.8855	max = 101	min = 61
[20201110_143522 / lib_ip.py:4052] len(Hs) = 8100, len(Ss) = 8100, len(Vs) = 8100
[20201110_143523 / lib_ip.py:4099] green : variance --> out of range (variance = 78.952 / upper = 0.760 / lower = 0.000)
[20201110_143523 / lib_ip.py:3753] file = img.20201110_143520.2020-11-09_23-45-47_000.jpg.2.png / val_Average = 79.7863	val_Variance = 78.9517	sd = 8.8855	max = 101	min = 61
[20201110_143523 / lib_ip.py:4169] len(Hs) = 8100, len(Ss) = 8100, len(Vs) = 8100
[20201110_143523 / lib_ip.py:4208] blue : variance --> out of range (variance = 78.952 / upper = 0.930 / lower = 0.010)
[20201110_143523 / lib_ip.py:3753] file = img.20201110_143520.2020-11-09_23-45-47_000.jpg.2.png / val_Average = 79.7863	val_Variance = 78.9517	sd = 8.8855	max = 101	min = 61
[20201110_143523 / lib_ip.py:4275] len(Hs) = 8100, len(Ss) = 8100, len(Vs) = 8100
[20201110_143523 / lib_ip.py:4314] pink : variance --> out of range (variance = 78.952 / upper = 0.770 / lower = 0.030)
[20201110_143523 / lib_ip.py:3753] file = img.20201110_143520.2020-11-09_23-45-47_000.jpg.2.png / val_Average = 79.7863	val_Variance = 78.9517	sd = 8.8855	max = 101	min = 61
[20201110_143523 / lib_ip.py:4378] len(Hs) = 8100, len(Ss) = 8100, len(Vs) = 8100
[20201110_143523 / lib_ip.py:4422] black : variance --> out of range (variance = 78.952 / upper = 0.000 / lower = 0.000)
[20201110_143523 / lib_ip.py:4593] file : img.20201110_143520.2020-11-09_23-45-47_000.jpg.2.png 1 (black : variance --> out of range (variance = 78.952 / upper = 0.000 / lower = 0.000))
[20201110_143523 / lib_ip.py:2274] inspecting ===> img.20201110_143520.2020-11-09_23-45-47_000.jpg.3.png
[20201110_143523 / lib_ip.py:4505] 
img.20201110_143520.2020-11-09_23-45-47_000.jpg.3.png 2 ---------------------
[20201110_143524 / lib_ip.py:3753] file = img.20201110_143520.2020-11-09_23-45-47_000.jpg.3.png / val_Average = 107.5536	val_Variance = 0.3528	sd = 0.5940	max = 109	min = 106
[20201110_143524 / lib_ip.py:3836] len(Hs) = 8100, len(Ss) = 8100, len(Vs) = 8100
[20201110_143524 / lib_ip.py:3891] yellow : average --> out of range (average = 107.554 / upper = 99.200 / lower = 85.500)
[20201110_143524 / lib_ip.py:3753] file = img.20201110_143520.2020-11-09_23-45-47_000.jpg.3.png / val_Average = 107.5536	val_Variance = 0.3528	sd = 0.5940	max = 109	min = 106
[20201110_143524 / lib_ip.py:3936] len(Hs) = 8100, len(Ss) = 8100, len(Vs) = 8100
[20201110_143524 / lib_ip.py:4007] red : average --> out of range (average = 107.554 / upper = 124.600 / lower = 115.000)
[20201110_143524 / lib_ip.py:3753] file = img.20201110_143520.2020-11-09_23-45-47_000.jpg.3.png / val_Average = 107.5536	val_Variance = 0.3528	sd = 0.5940	max = 109	min = 106
[20201110_143524 / lib_ip.py:4052] len(Hs) = 8100, len(Ss) = 8100, len(Vs) = 8100
[20201110_143524 / lib_ip.py:4124] green : average --> out of range (average = 107.554 / upper = 85.000 / lower = 58.000)
[20201110_143524 / lib_ip.py:3753] file = img.20201110_143520.2020-11-09_23-45-47_000.jpg.3.png / val_Average = 107.5536	val_Variance = 0.3528	sd = 0.5940	max = 109	min = 106
[20201110_143524 / lib_ip.py:4169] len(Hs) = 8100, len(Ss) = 8100, len(Vs) = 8100
[20201110_143524 / lib_ip.py:4230] blue : average --> out of range (average = 107.554 / upper = 17.000 / lower = 8.850)
[20201110_143524 / lib_ip.py:3753] file = img.20201110_143520.2020-11-09_23-45-47_000.jpg.3.png / val_Average = 107.5536	val_Variance = 0.3528	sd = 0.5940	max = 109	min = 106
[20201110_143524 / lib_ip.py:4275] len(Hs) = 8100, len(Ss) = 8100, len(Vs) = 8100
[20201110_143525 / lib_ip.py:4336] pink : average --> out of range (average = 107.554 / upper = 150.000 / lower = 127.900)
[20201110_143525 / lib_ip.py:3753] file = img.20201110_143520.2020-11-09_23-45-47_000.jpg.3.png / val_Average = 107.5536	val_Variance = 0.3528	sd = 0.5940	max = 109	min = 106
[20201110_143525 / lib_ip.py:4378] len(Hs) = 8100, len(Ss) = 8100, len(Vs) = 8100
[20201110_143525 / lib_ip.py:4422] black : variance --> out of range (variance = 0.353 / upper = 0.000 / lower = 0.000)
[20201110_143525 / lib_ip.py:4593] file : img.20201110_143520.2020-11-09_23-45-47_000.jpg.3.png 2 (black : variance --> out of range (variance = 0.353 / upper = 0.000 / lower = 0.000))
[20201110_143525 / lib_ip.py:2274] inspecting ===> img.20201110_143520.2020-11-09_23-45-47_000.jpg.4.png
[20201110_143525 / lib_ip.py:4505] 
img.20201110_143520.2020-11-09_23-45-47_000.jpg.4.png 3 ---------------------
[20201110_143525 / lib_ip.py:3753] file = img.20201110_143520.2020-11-09_23-45-47_000.jpg.4.png / val_Average = 17.2164	val_Variance = 297.9735	sd = 17.2619	max = 179	min = 0
[20201110_143525 / lib_ip.py:3836] len(Hs) = 8100, len(Ss) = 8100, len(Vs) = 8100
[20201110_143525 / lib_ip.py:3869] yellow : variance --> out of range (variance = 297.974 / upper = 0.650 / lower = 0.000)
[20201110_143525 / lib_ip.py:3753] file = img.20201110_143520.2020-11-09_23-45-47_000.jpg.4.png / val_Average = 17.2164	val_Variance = 297.9735	sd = 17.2619	max = 179	min = 0
[20201110_143525 / lib_ip.py:3936] len(Hs) = 8100, len(Ss) = 8100, len(Vs) = 8100
[20201110_143525 / lib_ip.py:3982] red : variance --> out of range (variance = 297.974 / upper = 0.430 / lower = 0.000)
[20201110_143525 / lib_ip.py:3753] file = img.20201110_143520.2020-11-09_23-45-47_000.jpg.4.png / val_Average = 17.2164	val_Variance = 297.9735	sd = 17.2619	max = 179	min = 0
[20201110_143525 / lib_ip.py:4052] len(Hs) = 8100, len(Ss) = 8100, len(Vs) = 8100
[20201110_143526 / lib_ip.py:4099] green : variance --> out of range (variance = 297.974 / upper = 0.760 / lower = 0.000)
[20201110_143526 / lib_ip.py:3753] file = img.20201110_143520.2020-11-09_23-45-47_000.jpg.4.png / val_Average = 17.2164	val_Variance = 297.9735	sd = 17.2619	max = 179	min = 0
[20201110_143526 / lib_ip.py:4169] len(Hs) = 8100, len(Ss) = 8100, len(Vs) = 8100
[20201110_143526 / lib_ip.py:4208] blue : variance --> out of range (variance = 297.974 / upper = 0.930 / lower = 0.010)
[20201110_143526 / lib_ip.py:3753] file = img.20201110_143520.2020-11-09_23-45-47_000.jpg.4.png / val_Average = 17.2164	val_Variance = 297.9735	sd = 17.2619	max = 179	min = 0
[20201110_143526 / lib_ip.py:4275] len(Hs) = 8100, len(Ss) = 8100, len(Vs) = 8100
[20201110_143526 / lib_ip.py:4314] pink : variance --> out of range (variance = 297.974 / upper = 0.770 / lower = 0.030)
[20201110_143526 / lib_ip.py:3753] file = img.20201110_143520.2020-11-09_23-45-47_000.jpg.4.png / val_Average = 17.2164	val_Variance = 297.9735	sd = 17.2619	max = 179	min = 0
[20201110_143526 / lib_ip.py:4378] len(Hs) = 8100, len(Ss) = 8100, len(Vs) = 8100
[20201110_143526 / lib_ip.py:4422] black : variance --> out of range (variance = 297.974 / upper = 0.000 / lower = 0.000)
[20201110_143527 / lib_ip.py:4593] file : img.20201110_143520.2020-11-09_23-45-47_000.jpg.4.png 3 (black : variance --> out of range (variance = 297.974 / upper = 0.000 / lower = 0.000))
[20201110_143525 / lib_ip.py:2274] inspecting ===> img.20201110_143520.2020-11-09_23-45-47_000.jpg.4.png
img.20201110_143520.2020-11-09_23-45-47_000.jpg.1.png => other
img.20201110_143520.2020-11-09_23-45-47_000.jpg.2.png => other
img.20201110_143520.2020-11-09_23-45-47_000.jpg.3.png => other
img.20201110_143520.2020-11-09_23-45-47_000.jpg.4.png => other
[20201110_143527 lib_ip.py:3301] =============== Get 4 corners
dpath_Images = C:\WORKS_2\WS\WS_Others.Art\JVEMV6\46_art\VIRTUAL\Admin_Projects\ip\images
fname_Image = img.20201110_143520.2020-11-09_23-45-47_000.jpg.4.png

[20201110_143528 / lib_ip.py:2274] inspecting ===> img.20201110_143527.2020-11-09_23-46-39_000.jpg.1.png
[20201110_143528 / lib_ip.py:4505] 
img.20201110_143527.2020-11-09_23-46-39_000.jpg.1.png 0 ---------------------
[20201110_143528 / lib_ip.py:3753] file = img.20201110_143527.2020-11-09_23-46-39_000.jpg.1.png / val_Average = 91.0060	val_Variance = 175.7803	sd = 13.2582	max = 135	min = 0
[20201110_143528 / lib_ip.py:3836] len(Hs) = 8100, len(Ss) = 8100, len(Vs) = 8100
[20201110_143528 / lib_ip.py:3869] yellow : variance --> out of range (variance = 175.780 / upper = 0.650 / lower = 0.000)
[20201110_143528 / lib_ip.py:3753] file = img.20201110_143527.2020-11-09_23-46-39_000.jpg.1.png / val_Average = 91.0060	val_Variance = 175.7803	sd = 13.2582	max = 135	min = 0
[20201110_143528 / lib_ip.py:3936] len(Hs) = 8100, len(Ss) = 8100, len(Vs) = 8100
[20201110_143528 / lib_ip.py:3982] red : variance --> out of range (variance = 175.780 / upper = 0.430 / lower = 0.000)
[20201110_143528 / lib_ip.py:3753] file = img.20201110_143527.2020-11-09_23-46-39_000.jpg.1.png / val_Average = 91.0060	val_Variance = 175.7803	sd = 13.2582	max = 135	min = 0
[20201110_143528 / lib_ip.py:4052] len(Hs) = 8100, len(Ss) = 8100, len(Vs) = 8100
[20201110_143528 / lib_ip.py:4099] green : variance --> out of range (variance = 175.780 / upper = 0.760 / lower = 0.000)
[20201110_143529 / lib_ip.py:3753] file = img.20201110_143527.2020-11-09_23-46-39_000.jpg.1.png / val_Average = 91.0060	val_Variance = 175.7803	sd = 13.2582	max = 135	min = 0
[20201110_143529 / lib_ip.py:4169] len(Hs) = 8100, len(Ss) = 8100, len(Vs) = 8100
[20201110_143529 / lib_ip.py:4208] blue : variance --> out of range (variance = 175.780 / upper = 0.930 / lower = 0.010)
[20201110_143529 / lib_ip.py:3753] file = img.20201110_143527.2020-11-09_23-46-39_000.jpg.1.png / val_Average = 91.0060	val_Variance = 175.7803	sd = 13.2582	max = 135	min = 0
[20201110_143529 / lib_ip.py:4275] len(Hs) = 8100, len(Ss) = 8100, len(Vs) = 8100
[20201110_143529 / lib_ip.py:4314] pink : variance --> out of range (variance = 175.780 / upper = 0.770 / lower = 0.030)
[20201110_143529 / lib_ip.py:3753] file = img.20201110_143527.2020-11-09_23-46-39_000.jpg.1.png / val_Average = 91.0060	val_Variance = 175.7803	sd = 13.2582	max = 135	min = 0
[20201110_143529 / lib_ip.py:4378] len(Hs) = 8100, len(Ss) = 8100, len(Vs) = 8100
[20201110_143529 / lib_ip.py:4422] black : variance --> out of range (variance = 175.780 / upper = 0.000 / lower = 0.000)
[20201110_143529 / lib_ip.py:4593] file : img.20201110_143527.2020-11-09_23-46-39_000.jpg.1.png 0 (black : variance --> out of range (variance = 175.780 / upper = 0.000 / lower = 0.000))
[20201110_143529 / lib_ip.py:2274] inspecting ===> img.20201110_143527.2020-11-09_23-46-39_000.jpg.2.png
[20201110_143530 / lib_ip.py:4505] 
img.20201110_143527.2020-11-09_23-46-39_000.jpg.2.png 1 ---------------------
[20201110_143530 / lib_ip.py:3753] file = img.20201110_143527.2020-11-09_23-46-39_000.jpg.2.png / val_Average = 60.5214	val_Variance = 564.4883	sd = 23.7590	max = 174	min = 0
[20201110_143530 / lib_ip.py:3836] len(Hs) = 8100, len(Ss) = 8100, len(Vs) = 8100
[20201110_143530 / lib_ip.py:3869] yellow : variance --> out of range (variance = 564.488 / upper = 0.650 / lower = 0.000)
[20201110_143530 / lib_ip.py:3753] file = img.20201110_143527.2020-11-09_23-46-39_000.jpg.2.png / val_Average = 60.5214	val_Variance = 564.4883	sd = 23.7590	max = 174	min = 0
[20201110_143530 / lib_ip.py:3936] len(Hs) = 8100, len(Ss) = 8100, len(Vs) = 8100
[20201110_143530 / lib_ip.py:3982] red : variance --> out of range (variance = 564.488 / upper = 0.430 / lower = 0.000)
[20201110_143530 / lib_ip.py:3753] file = img.20201110_143527.2020-11-09_23-46-39_000.jpg.2.png / val_Average = 60.5214	val_Variance = 564.4883	sd = 23.7590	max = 174	min = 0
[20201110_143530 / lib_ip.py:4052] len(Hs) = 8100, len(Ss) = 8100, len(Vs) = 8100
[20201110_143530 / lib_ip.py:4099] green : variance --> out of range (variance = 564.488 / upper = 0.760 / lower = 0.000)
[20201110_143530 / lib_ip.py:3753] file = img.20201110_143527.2020-11-09_23-46-39_000.jpg.2.png / val_Average = 60.5214	val_Variance = 564.4883	sd = 23.7590	max = 174	min = 0
[20201110_143530 / lib_ip.py:4169] len(Hs) = 8100, len(Ss) = 8100, len(Vs) = 8100
[20201110_143530 / lib_ip.py:4208] blue : variance --> out of range (variance = 564.488 / upper = 0.930 / lower = 0.010)
[20201110_143531 / lib_ip.py:3753] file = img.20201110_143527.2020-11-09_23-46-39_000.jpg.2.png / val_Average = 60.5214	val_Variance = 564.4883	sd = 23.7590	max = 174	min = 0
[20201110_143531 / lib_ip.py:4275] len(Hs) = 8100, len(Ss) = 8100, len(Vs) = 8100
[20201110_143531 / lib_ip.py:4314] pink : variance --> out of range (variance = 564.488 / upper = 0.770 / lower = 0.030)
[20201110_143531 / lib_ip.py:3753] file = img.20201110_143527.2020-11-09_23-46-39_000.jpg.2.png / val_Average = 60.5214	val_Variance = 564.4883	sd = 23.7590	max = 174	min = 0
[20201110_143531 / lib_ip.py:4378] len(Hs) = 8100, len(Ss) = 8100, len(Vs) = 8100
[20201110_143531 / lib_ip.py:4422] black : variance --> out of range (variance = 564.488 / upper = 0.000 / lower = 0.000)
[20201110_143531 / lib_ip.py:4593] file : img.20201110_143527.2020-11-09_23-46-39_000.jpg.2.png 1 (black : variance --> out of range (variance = 564.488 / upper = 0.000 / lower = 0.000))
[20201110_143531 / lib_ip.py:2274] inspecting ===> img.20201110_143527.2020-11-09_23-46-39_000.jpg.3.png
[20201110_143531 / lib_ip.py:4505] 
img.20201110_143527.2020-11-09_23-46-39_000.jpg.3.png 2 ---------------------
[20201110_143531 / lib_ip.py:3753] file = img.20201110_143527.2020-11-09_23-46-39_000.jpg.3.png / val_Average = 107.4888	val_Variance = 0.4790	sd = 0.6921	max = 110	min = 106
[20201110_143531 / lib_ip.py:3836] len(Hs) = 8100, len(Ss) = 8100, len(Vs) = 8100
[20201110_143531 / lib_ip.py:3891] yellow : average --> out of range (average = 107.489 / upper = 99.200 / lower = 85.500)
[20201110_143532 / lib_ip.py:3753] file = img.20201110_143527.2020-11-09_23-46-39_000.jpg.3.png / val_Average = 107.4888	val_Variance = 0.4790	sd = 0.6921	max = 110	min = 106
[20201110_143532 / lib_ip.py:3936] len(Hs) = 8100, len(Ss) = 8100, len(Vs) = 8100
[20201110_143532 / lib_ip.py:3982] red : variance --> out of range (variance = 0.479 / upper = 0.430 / lower = 0.000)
[20201110_143532 / lib_ip.py:3753] file = img.20201110_143527.2020-11-09_23-46-39_000.jpg.3.png / val_Average = 107.4888	val_Variance = 0.4790	sd = 0.6921	max = 110	min = 106
[20201110_143532 / lib_ip.py:4052] len(Hs) = 8100, len(Ss) = 8100, len(Vs) = 8100
[20201110_143532 / lib_ip.py:4124] green : average --> out of range (average = 107.489 / upper = 85.000 / lower = 58.000)
[20201110_143532 / lib_ip.py:3753] file = img.20201110_143527.2020-11-09_23-46-39_000.jpg.3.png / val_Average = 107.4888	val_Variance = 0.4790	sd = 0.6921	max = 110	min = 106
[20201110_143532 / lib_ip.py:4169] len(Hs) = 8100, len(Ss) = 8100, len(Vs) = 8100
[20201110_143532 / lib_ip.py:4230] blue : average --> out of range (average = 107.489 / upper = 17.000 / lower = 8.850)
[20201110_143532 / lib_ip.py:3753] file = img.20201110_143527.2020-11-09_23-46-39_000.jpg.3.png / val_Average = 107.4888	val_Variance = 0.4790	sd = 0.6921	max = 110	min = 106
[20201110_143532 / lib_ip.py:4275] len(Hs) = 8100, len(Ss) = 8100, len(Vs) = 8100
[20201110_143532 / lib_ip.py:4336] pink : average --> out of range (average = 107.489 / upper = 150.000 / lower = 127.900)
[20201110_143532 / lib_ip.py:3753] file = img.20201110_143527.2020-11-09_23-46-39_000.jpg.3.png / val_Average = 107.4888	val_Variance = 0.4790	sd = 0.6921	max = 110	min = 106
[20201110_143533 / lib_ip.py:4378] len(Hs) = 8100, len(Ss) = 8100, len(Vs) = 8100
[20201110_143533 / lib_ip.py:4422] black : variance --> out of range (variance = 0.479 / upper = 0.000 / lower = 0.000)
[20201110_143533 / lib_ip.py:4593] file : img.20201110_143527.2020-11-09_23-46-39_000.jpg.3.png 2 (black : variance --> out of range (variance = 0.479 / upper = 0.000 / lower = 0.000))
[20201110_143533 / lib_ip.py:2274] inspecting ===> img.20201110_143527.2020-11-09_23-46-39_000.jpg.4.png
[20201110_143533 / lib_ip.py:4505] 
img.20201110_143527.2020-11-09_23-46-39_000.jpg.4.png 3 ---------------------
[20201110_143533 / lib_ip.py:3753] file = img.20201110_143527.2020-11-09_23-46-39_000.jpg.4.png / val_Average = 87.9595	val_Variance = 56.0468	sd = 7.4864	max = 135	min = 0
[20201110_143533 / lib_ip.py:3836] len(Hs) = 8100, len(Ss) = 8100, len(Vs) = 8100
[20201110_143533 / lib_ip.py:3869] yellow : variance --> out of range (variance = 56.047 / upper = 0.650 / lower = 0.000)
[20201110_143533 / lib_ip.py:3753] file = img.20201110_143527.2020-11-09_23-46-39_000.jpg.4.png / val_Average = 87.9595	val_Variance = 56.0468	sd = 7.4864	max = 135	min = 0
[20201110_143533 / lib_ip.py:3936] len(Hs) = 8100, len(Ss) = 8100, len(Vs) = 8100
[20201110_143533 / lib_ip.py:3982] red : variance --> out of range (variance = 56.047 / upper = 0.430 / lower = 0.000)
[20201110_143533 / lib_ip.py:3753] file = img.20201110_143527.2020-11-09_23-46-39_000.jpg.4.png / val_Average = 87.9595	val_Variance = 56.0468	sd = 7.4864	max = 135	min = 0
[20201110_143533 / lib_ip.py:4052] len(Hs) = 8100, len(Ss) = 8100, len(Vs) = 8100
[20201110_143533 / lib_ip.py:4099] green : variance --> out of range (variance = 56.047 / upper = 0.760 / lower = 0.000)
[20201110_143533 / lib_ip.py:3753] file = img.20201110_143527.2020-11-09_23-46-39_000.jpg.4.png / val_Average = 87.9595	val_Variance = 56.0468	sd = 7.4864	max = 135	min = 0
[20201110_143534 / lib_ip.py:4169] len(Hs) = 8100, len(Ss) = 8100, len(Vs) = 8100
[20201110_143534 / lib_ip.py:4208] blue : variance --> out of range (variance = 56.047 / upper = 0.930 / lower = 0.010)
[20201110_143534 / lib_ip.py:3753] file = img.20201110_143527.2020-11-09_23-46-39_000.jpg.4.png / val_Average = 87.9595	val_Variance = 56.0468	sd = 7.4864	max = 135	min = 0
[20201110_143534 / lib_ip.py:4275] len(Hs) = 8100, len(Ss) = 8100, len(Vs) = 8100
[20201110_143534 / lib_ip.py:4314] pink : variance --> out of range (variance = 56.047 / upper = 0.770 / lower = 0.030)
[20201110_143534 / lib_ip.py:3753] file = img.20201110_143527.2020-11-09_23-46-39_000.jpg.4.png / val_Average = 87.9595	val_Variance = 56.0468	sd = 7.4864	max = 135	min = 0
[20201110_143534 / lib_ip.py:4378] len(Hs) = 8100, len(Ss) = 8100, len(Vs) = 8100
[20201110_143534 / lib_ip.py:4422] black : variance --> out of range (variance = 56.047 / upper = 0.000 / lower = 0.000)
[20201110_143534 / lib_ip.py:4593] file : img.20201110_143527.2020-11-09_23-46-39_000.jpg.4.png 3 (black : variance --> out of range (variance = 56.047 / upper = 0.000 / lower = 0.000))
[20201110_143533 / lib_ip.py:2274] inspecting ===> img.20201110_143527.2020-11-09_23-46-39_000.jpg.4.png
img.20201110_143527.2020-11-09_23-46-39_000.jpg.1.png => other
img.20201110_143527.2020-11-09_23-46-39_000.jpg.2.png => other
img.20201110_143527.2020-11-09_23-46-39_000.jpg.3.png => other
img.20201110_143527.2020-11-09_23-46-39_000.jpg.4.png => other
[20201110_143534 lib_ip.py:3301] =============== Get 4 corners
dpath_Images = C:\WORKS_2\WS\WS_Others.Art\JVEMV6\46_art\VIRTUAL\Admin_Projects\ip\images
fname_Image = img.20201110_143527.2020-11-09_23-46-39_000.jpg.4.png

[20201110_143535 / lib_ip.py:2274] inspecting ===> img.20201110_143535.2020-11-10_01-14-44_000.jpg.1.png
[20201110_143535 / lib_ip.py:4505] 
img.20201110_143535.2020-11-10_01-14-44_000.jpg.1.png 0 ---------------------
[20201110_143535 / lib_ip.py:3753] file = img.20201110_143535.2020-11-10_01-14-44_000.jpg.1.png / val_Average = 9.1775	val_Variance = 1517.2887	sd = 38.9524	max = 176	min = 0
[20201110_143535 / lib_ip.py:3836] len(Hs) = 8100, len(Ss) = 8100, len(Vs) = 8100
[20201110_143536 / lib_ip.py:3869] yellow : variance --> out of range (variance = 1517.289 / upper = 0.650 / lower = 0.000)
[20201110_143536 / lib_ip.py:3753] file = img.20201110_143535.2020-11-10_01-14-44_000.jpg.1.png / val_Average = 9.1775	val_Variance = 1517.2887	sd = 38.9524	max = 176	min = 0
[20201110_143536 / lib_ip.py:3936] len(Hs) = 8100, len(Ss) = 8100, len(Vs) = 8100
[20201110_143536 / lib_ip.py:3982] red : variance --> out of range (variance = 1517.289 / upper = 0.430 / lower = 0.000)
[20201110_143536 / lib_ip.py:3753] file = img.20201110_143535.2020-11-10_01-14-44_000.jpg.1.png / val_Average = 9.1775	val_Variance = 1517.2887	sd = 38.9524	max = 176	min = 0
[20201110_143536 / lib_ip.py:4052] len(Hs) = 8100, len(Ss) = 8100, len(Vs) = 8100
[20201110_143536 / lib_ip.py:4099] green : variance --> out of range (variance = 1517.289 / upper = 0.760 / lower = 0.000)
[20201110_143536 / lib_ip.py:3753] file = img.20201110_143535.2020-11-10_01-14-44_000.jpg.1.png / val_Average = 9.1775	val_Variance = 1517.2887	sd = 38.9524	max = 176	min = 0
[20201110_143536 / lib_ip.py:4169] len(Hs) = 8100, len(Ss) = 8100, len(Vs) = 8100
[20201110_143536 / lib_ip.py:4208] blue : variance --> out of range (variance = 1517.289 / upper = 0.930 / lower = 0.010)
[20201110_143536 / lib_ip.py:3753] file = img.20201110_143535.2020-11-10_01-14-44_000.jpg.1.png / val_Average = 9.1775	val_Variance = 1517.2887	sd = 38.9524	max = 176	min = 0
[20201110_143536 / lib_ip.py:4275] len(Hs) = 8100, len(Ss) = 8100, len(Vs) = 8100
[20201110_143536 / lib_ip.py:4314] pink : variance --> out of range (variance = 1517.289 / upper = 0.770 / lower = 0.030)
[20201110_143536 / lib_ip.py:3753] file = img.20201110_143535.2020-11-10_01-14-44_000.jpg.1.png / val_Average = 9.1775	val_Variance = 1517.2887	sd = 38.9524	max = 176	min = 0
[20201110_143536 / lib_ip.py:4378] len(Hs) = 8100, len(Ss) = 8100, len(Vs) = 8100
[20201110_143536 / lib_ip.py:4422] black : variance --> out of range (variance = 1517.289 / upper = 0.000 / lower = 0.000)
[20201110_143536 / lib_ip.py:4593] file : img.20201110_143535.2020-11-10_01-14-44_000.jpg.1.png 0 (black : variance --> out of range (variance = 1517.289 / upper = 0.000 / lower = 0.000))
[20201110_143537 / lib_ip.py:2274] inspecting ===> img.20201110_143535.2020-11-10_01-14-44_000.jpg.2.png
[20201110_143537 / lib_ip.py:4505] 
img.20201110_143535.2020-11-10_01-14-44_000.jpg.2.png 1 ---------------------
[20201110_143537 / lib_ip.py:3753] file = img.20201110_143535.2020-11-10_01-14-44_000.jpg.2.png / val_Average = 160.9768	val_Variance = 39.7967	sd = 6.3085	max = 174	min = 144
[20201110_143537 / lib_ip.py:3836] len(Hs) = 8100, len(Ss) = 8100, len(Vs) = 8100
[20201110_143537 / lib_ip.py:3869] yellow : variance --> out of range (variance = 39.797 / upper = 0.650 / lower = 0.000)
[20201110_143537 / lib_ip.py:3753] file = img.20201110_143535.2020-11-10_01-14-44_000.jpg.2.png / val_Average = 160.9768	val_Variance = 39.7967	sd = 6.3085	max = 174	min = 144
[20201110_143537 / lib_ip.py:3936] len(Hs) = 8100, len(Ss) = 8100, len(Vs) = 8100
[20201110_143537 / lib_ip.py:3982] red : variance --> out of range (variance = 39.797 / upper = 0.430 / lower = 0.000)
[20201110_143537 / lib_ip.py:3753] file = img.20201110_143535.2020-11-10_01-14-44_000.jpg.2.png / val_Average = 160.9768	val_Variance = 39.7967	sd = 6.3085	max = 174	min = 144
[20201110_143537 / lib_ip.py:4052] len(Hs) = 8100, len(Ss) = 8100, len(Vs) = 8100
[20201110_143538 / lib_ip.py:4099] green : variance --> out of range (variance = 39.797 / upper = 0.760 / lower = 0.000)
[20201110_143538 / lib_ip.py:3753] file = img.20201110_143535.2020-11-10_01-14-44_000.jpg.2.png / val_Average = 160.9768	val_Variance = 39.7967	sd = 6.3085	max = 174	min = 144
[20201110_143538 / lib_ip.py:4169] len(Hs) = 8100, len(Ss) = 8100, len(Vs) = 8100
[20201110_143538 / lib_ip.py:4208] blue : variance --> out of range (variance = 39.797 / upper = 0.930 / lower = 0.010)
[20201110_143538 / lib_ip.py:3753] file = img.20201110_143535.2020-11-10_01-14-44_000.jpg.2.png / val_Average = 160.9768	val_Variance = 39.7967	sd = 6.3085	max = 174	min = 144
[20201110_143538 / lib_ip.py:4275] len(Hs) = 8100, len(Ss) = 8100, len(Vs) = 8100
[20201110_143538 / lib_ip.py:4314] pink : variance --> out of range (variance = 39.797 / upper = 0.770 / lower = 0.030)
[20201110_143538 / lib_ip.py:3753] file = img.20201110_143535.2020-11-10_01-14-44_000.jpg.2.png / val_Average = 160.9768	val_Variance = 39.7967	sd = 6.3085	max = 174	min = 144
[20201110_143538 / lib_ip.py:4378] len(Hs) = 8100, len(Ss) = 8100, len(Vs) = 8100
[20201110_143538 / lib_ip.py:4422] black : variance --> out of range (variance = 39.797 / upper = 0.000 / lower = 0.000)
[20201110_143538 / lib_ip.py:4593] file : img.20201110_143535.2020-11-10_01-14-44_000.jpg.2.png 1 (black : variance --> out of range (variance = 39.797 / upper = 0.000 / lower = 0.000))
[20201110_143538 / lib_ip.py:2274] inspecting ===> img.20201110_143535.2020-11-10_01-14-44_000.jpg.3.png
[20201110_143538 / lib_ip.py:4505] 
img.20201110_143535.2020-11-10_01-14-44_000.jpg.3.png 2 ---------------------
[20201110_143538 / lib_ip.py:3753] file = img.20201110_143535.2020-11-10_01-14-44_000.jpg.3.png / val_Average = 106.9742	val_Variance = 0.1217	sd = 0.3488	max = 109	min = 105
[20201110_143538 / lib_ip.py:3836] len(Hs) = 8100, len(Ss) = 8100, len(Vs) = 8100
[20201110_143539 / lib_ip.py:3891] yellow : average --> out of range (average = 106.974 / upper = 99.200 / lower = 85.500)
[20201110_143539 / lib_ip.py:3753] file = img.20201110_143535.2020-11-10_01-14-44_000.jpg.3.png / val_Average = 106.9742	val_Variance = 0.1217	sd = 0.3488	max = 109	min = 105
[20201110_143539 / lib_ip.py:3936] len(Hs) = 8100, len(Ss) = 8100, len(Vs) = 8100
[20201110_143539 / lib_ip.py:4007] red : average --> out of range (average = 106.974 / upper = 124.600 / lower = 115.000)
[20201110_143539 / lib_ip.py:3753] file = img.20201110_143535.2020-11-10_01-14-44_000.jpg.3.png / val_Average = 106.9742	val_Variance = 0.1217	sd = 0.3488	max = 109	min = 105
[20201110_143539 / lib_ip.py:4052] len(Hs) = 8100, len(Ss) = 8100, len(Vs) = 8100
[20201110_143539 / lib_ip.py:4124] green : average --> out of range (average = 106.974 / upper = 85.000 / lower = 58.000)
[20201110_143539 / lib_ip.py:3753] file = img.20201110_143535.2020-11-10_01-14-44_000.jpg.3.png / val_Average = 106.9742	val_Variance = 0.1217	sd = 0.3488	max = 109	min = 105
[20201110_143539 / lib_ip.py:4169] len(Hs) = 8100, len(Ss) = 8100, len(Vs) = 8100
[20201110_143539 / lib_ip.py:4230] blue : average --> out of range (average = 106.974 / upper = 17.000 / lower = 8.850)
[20201110_143539 / lib_ip.py:3753] file = img.20201110_143535.2020-11-10_01-14-44_000.jpg.3.png / val_Average = 106.9742	val_Variance = 0.1217	sd = 0.3488	max = 109	min = 105
[20201110_143539 / lib_ip.py:4275] len(Hs) = 8100, len(Ss) = 8100, len(Vs) = 8100
[20201110_143539 / lib_ip.py:4336] pink : average --> out of range (average = 106.974 / upper = 150.000 / lower = 127.900)
[20201110_143539 / lib_ip.py:3753] file = img.20201110_143535.2020-11-10_01-14-44_000.jpg.3.png / val_Average = 106.9742	val_Variance = 0.1217	sd = 0.3488	max = 109	min = 105
[20201110_143539 / lib_ip.py:4378] len(Hs) = 8100, len(Ss) = 8100, len(Vs) = 8100
[20201110_143540 / lib_ip.py:4422] black : variance --> out of range (variance = 0.122 / upper = 0.000 / lower = 0.000)
[20201110_143540 / lib_ip.py:4593] file : img.20201110_143535.2020-11-10_01-14-44_000.jpg.3.png 2 (black : variance --> out of range (variance = 0.122 / upper = 0.000 / lower = 0.000))
[20201110_143540 / lib_ip.py:2274] inspecting ===> img.20201110_143535.2020-11-10_01-14-44_000.jpg.4.png
[20201110_143540 / lib_ip.py:4505] 
img.20201110_143535.2020-11-10_01-14-44_000.jpg.4.png 3 ---------------------
[20201110_143540 / lib_ip.py:3753] file = img.20201110_143535.2020-11-10_01-14-44_000.jpg.4.png / val_Average = 106.1133	val_Variance = 0.5793	sd = 0.7611	max = 110	min = 104
[20201110_143540 / lib_ip.py:3836] len(Hs) = 8100, len(Ss) = 8100, len(Vs) = 8100
[20201110_143540 / lib_ip.py:3891] yellow : average --> out of range (average = 106.113 / upper = 99.200 / lower = 85.500)
[20201110_143540 / lib_ip.py:3753] file = img.20201110_143535.2020-11-10_01-14-44_000.jpg.4.png / val_Average = 106.1133	val_Variance = 0.5793	sd = 0.7611	max = 110	min = 104
[20201110_143540 / lib_ip.py:3936] len(Hs) = 8100, len(Ss) = 8100, len(Vs) = 8100
[20201110_143540 / lib_ip.py:3982] red : variance --> out of range (variance = 0.579 / upper = 0.430 / lower = 0.000)
[20201110_143540 / lib_ip.py:3753] file = img.20201110_143535.2020-11-10_01-14-44_000.jpg.4.png / val_Average = 106.1133	val_Variance = 0.5793	sd = 0.7611	max = 110	min = 104
[20201110_143540 / lib_ip.py:4052] len(Hs) = 8100, len(Ss) = 8100, len(Vs) = 8100
[20201110_143541 / lib_ip.py:4124] green : average --> out of range (average = 106.113 / upper = 85.000 / lower = 58.000)
[20201110_143541 / lib_ip.py:3753] file = img.20201110_143535.2020-11-10_01-14-44_000.jpg.4.png / val_Average = 106.1133	val_Variance = 0.5793	sd = 0.7611	max = 110	min = 104
[20201110_143541 / lib_ip.py:4169] len(Hs) = 8100, len(Ss) = 8100, len(Vs) = 8100
[20201110_143541 / lib_ip.py:4230] blue : average --> out of range (average = 106.113 / upper = 17.000 / lower = 8.850)
[20201110_143541 / lib_ip.py:3753] file = img.20201110_143535.2020-11-10_01-14-44_000.jpg.4.png / val_Average = 106.1133	val_Variance = 0.5793	sd = 0.7611	max = 110	min = 104
[20201110_143541 / lib_ip.py:4275] len(Hs) = 8100, len(Ss) = 8100, len(Vs) = 8100
[20201110_143541 / lib_ip.py:4336] pink : average --> out of range (average = 106.113 / upper = 150.000 / lower = 127.900)
[20201110_143541 / lib_ip.py:3753] file = img.20201110_143535.2020-11-10_01-14-44_000.jpg.4.png / val_Average = 106.1133	val_Variance = 0.5793	sd = 0.7611	max = 110	min = 104
[20201110_143541 / lib_ip.py:4378] len(Hs) = 8100, len(Ss) = 8100, len(Vs) = 8100
[20201110_143541 / lib_ip.py:4422] black : variance --> out of range (variance = 0.579 / upper = 0.000 / lower = 0.000)
[20201110_143541 / lib_ip.py:4593] file : img.20201110_143535.2020-11-10_01-14-44_000.jpg.4.png 3 (black : variance --> out of range (variance = 0.579 / upper = 0.000 / lower = 0.000))
[20201110_143540 / lib_ip.py:2274] inspecting ===> img.20201110_143535.2020-11-10_01-14-44_000.jpg.4.png
img.20201110_143535.2020-11-10_01-14-44_000.jpg.1.png => other
img.20201110_143535.2020-11-10_01-14-44_000.jpg.2.png => other
img.20201110_143535.2020-11-10_01-14-44_000.jpg.3.png => other
img.20201110_143535.2020-11-10_01-14-44_000.jpg.4.png => other
[20201110_143541 lib_ip.py:3301] =============== Get 4 corners
dpath_Images = C:\WORKS_2\WS\WS_Others.Art\JVEMV6\46_art\VIRTUAL\Admin_Projects\ip\images
fname_Image = img.20201110_143535.2020-11-10_01-14-44_000.jpg.4.png

[20201110_143542 / lib_ip.py:2274] inspecting ===> img.20201110_143542.2020-11-10_10-33-09_000.jpg.1.png
[20201110_143542 / lib_ip.py:4505] 
img.20201110_143542.2020-11-10_10-33-09_000.jpg.1.png 0 ---------------------
[20201110_143543 / lib_ip.py:3753] file = img.20201110_143542.2020-11-10_10-33-09_000.jpg.1.png / val_Average = 127.3859	val_Variance = 39.1928	sd = 6.2604	max = 142	min = 99
[20201110_143543 / lib_ip.py:3836] len(Hs) = 8100, len(Ss) = 8100, len(Vs) = 8100
[20201110_143543 / lib_ip.py:3869] yellow : variance --> out of range (variance = 39.193 / upper = 0.650 / lower = 0.000)
[20201110_143543 / lib_ip.py:3753] file = img.20201110_143542.2020-11-10_10-33-09_000.jpg.1.png / val_Average = 127.3859	val_Variance = 39.1928	sd = 6.2604	max = 142	min = 99
[20201110_143543 / lib_ip.py:3936] len(Hs) = 8100, len(Ss) = 8100, len(Vs) = 8100
[20201110_143543 / lib_ip.py:3982] red : variance --> out of range (variance = 39.193 / upper = 0.430 / lower = 0.000)
[20201110_143543 / lib_ip.py:3753] file = img.20201110_143542.2020-11-10_10-33-09_000.jpg.1.png / val_Average = 127.3859	val_Variance = 39.1928	sd = 6.2604	max = 142	min = 99
[20201110_143543 / lib_ip.py:4052] len(Hs) = 8100, len(Ss) = 8100, len(Vs) = 8100
[20201110_143543 / lib_ip.py:4099] green : variance --> out of range (variance = 39.193 / upper = 0.760 / lower = 0.000)
[20201110_143543 / lib_ip.py:3753] file = img.20201110_143542.2020-11-10_10-33-09_000.jpg.1.png / val_Average = 127.3859	val_Variance = 39.1928	sd = 6.2604	max = 142	min = 99
[20201110_143543 / lib_ip.py:4169] len(Hs) = 8100, len(Ss) = 8100, len(Vs) = 8100
[20201110_143543 / lib_ip.py:4208] blue : variance --> out of range (variance = 39.193 / upper = 0.930 / lower = 0.010)
[20201110_143543 / lib_ip.py:3753] file = img.20201110_143542.2020-11-10_10-33-09_000.jpg.1.png / val_Average = 127.3859	val_Variance = 39.1928	sd = 6.2604	max = 142	min = 99
[20201110_143543 / lib_ip.py:4275] len(Hs) = 8100, len(Ss) = 8100, len(Vs) = 8100
[20201110_143543 / lib_ip.py:4314] pink : variance --> out of range (variance = 39.193 / upper = 0.770 / lower = 0.030)
[20201110_143543 / lib_ip.py:3753] file = img.20201110_143542.2020-11-10_10-33-09_000.jpg.1.png / val_Average = 127.3859	val_Variance = 39.1928	sd = 6.2604	max = 142	min = 99
[20201110_143543 / lib_ip.py:4378] len(Hs) = 8100, len(Ss) = 8100, len(Vs) = 8100
[20201110_143543 / lib_ip.py:4422] black : variance --> out of range (variance = 39.193 / upper = 0.000 / lower = 0.000)
[20201110_143544 / lib_ip.py:4593] file : img.20201110_143542.2020-11-10_10-33-09_000.jpg.1.png 0 (black : variance --> out of range (variance = 39.193 / upper = 0.000 / lower = 0.000))
[20201110_143544 / lib_ip.py:2274] inspecting ===> img.20201110_143542.2020-11-10_10-33-09_000.jpg.2.png
[20201110_143544 / lib_ip.py:4505] 
img.20201110_143542.2020-11-10_10-33-09_000.jpg.2.png 1 ---------------------
[20201110_143544 / lib_ip.py:3753] file = img.20201110_143542.2020-11-10_10-33-09_000.jpg.2.png / val_Average = 81.6914	val_Variance = 3074.0482	sd = 55.4441	max = 175	min = 0
[20201110_143544 / lib_ip.py:3836] len(Hs) = 8100, len(Ss) = 8100, len(Vs) = 8100
[20201110_143544 / lib_ip.py:3869] yellow : variance --> out of range (variance = 3074.048 / upper = 0.650 / lower = 0.000)
[20201110_143544 / lib_ip.py:3753] file = img.20201110_143542.2020-11-10_10-33-09_000.jpg.2.png / val_Average = 81.6914	val_Variance = 3074.0482	sd = 55.4441	max = 175	min = 0
[20201110_143544 / lib_ip.py:3936] len(Hs) = 8100, len(Ss) = 8100, len(Vs) = 8100
[20201110_143544 / lib_ip.py:3982] red : variance --> out of range (variance = 3074.048 / upper = 0.430 / lower = 0.000)
[20201110_143545 / lib_ip.py:3753] file = img.20201110_143542.2020-11-10_10-33-09_000.jpg.2.png / val_Average = 81.6914	val_Variance = 3074.0482	sd = 55.4441	max = 175	min = 0
[20201110_143545 / lib_ip.py:4052] len(Hs) = 8100, len(Ss) = 8100, len(Vs) = 8100
[20201110_143545 / lib_ip.py:4099] green : variance --> out of range (variance = 3074.048 / upper = 0.760 / lower = 0.000)
[20201110_143545 / lib_ip.py:3753] file = img.20201110_143542.2020-11-10_10-33-09_000.jpg.2.png / val_Average = 81.6914	val_Variance = 3074.0482	sd = 55.4441	max = 175	min = 0
[20201110_143545 / lib_ip.py:4169] len(Hs) = 8100, len(Ss) = 8100, len(Vs) = 8100
[20201110_143545 / lib_ip.py:4208] blue : variance --> out of range (variance = 3074.048 / upper = 0.930 / lower = 0.010)
[20201110_143545 / lib_ip.py:3753] file = img.20201110_143542.2020-11-10_10-33-09_000.jpg.2.png / val_Average = 81.6914	val_Variance = 3074.0482	sd = 55.4441	max = 175	min = 0
[20201110_143545 / lib_ip.py:4275] len(Hs) = 8100, len(Ss) = 8100, len(Vs) = 8100
[20201110_143545 / lib_ip.py:4314] pink : variance --> out of range (variance = 3074.048 / upper = 0.770 / lower = 0.030)
[20201110_143545 / lib_ip.py:3753] file = img.20201110_143542.2020-11-10_10-33-09_000.jpg.2.png / val_Average = 81.6914	val_Variance = 3074.0482	sd = 55.4441	max = 175	min = 0
[20201110_143545 / lib_ip.py:4378] len(Hs) = 8100, len(Ss) = 8100, len(Vs) = 8100
[20201110_143545 / lib_ip.py:4422] black : variance --> out of range (variance = 3074.048 / upper = 0.000 / lower = 0.000)
[20201110_143545 / lib_ip.py:4593] file : img.20201110_143542.2020-11-10_10-33-09_000.jpg.2.png 1 (black : variance --> out of range (variance = 3074.048 / upper = 0.000 / lower = 0.000))
[20201110_143545 / lib_ip.py:2274] inspecting ===> img.20201110_143542.2020-11-10_10-33-09_000.jpg.3.png
[20201110_143545 / lib_ip.py:4505] 
img.20201110_143542.2020-11-10_10-33-09_000.jpg.3.png 2 ---------------------
[20201110_143546 / lib_ip.py:3753] file = img.20201110_143542.2020-11-10_10-33-09_000.jpg.3.png / val_Average = 107.3817	val_Variance = 0.6195	sd = 0.7871	max = 110	min = 104
[20201110_143546 / lib_ip.py:3836] len(Hs) = 8100, len(Ss) = 8100, len(Vs) = 8100
[20201110_143546 / lib_ip.py:3891] yellow : average --> out of range (average = 107.382 / upper = 99.200 / lower = 85.500)
[20201110_143546 / lib_ip.py:3753] file = img.20201110_143542.2020-11-10_10-33-09_000.jpg.3.png / val_Average = 107.3817	val_Variance = 0.6195	sd = 0.7871	max = 110	min = 104
[20201110_143546 / lib_ip.py:3936] len(Hs) = 8100, len(Ss) = 8100, len(Vs) = 8100
[20201110_143546 / lib_ip.py:3982] red : variance --> out of range (variance = 0.619 / upper = 0.430 / lower = 0.000)
[20201110_143546 / lib_ip.py:3753] file = img.20201110_143542.2020-11-10_10-33-09_000.jpg.3.png / val_Average = 107.3817	val_Variance = 0.6195	sd = 0.7871	max = 110	min = 104
[20201110_143546 / lib_ip.py:4052] len(Hs) = 8100, len(Ss) = 8100, len(Vs) = 8100
[20201110_143546 / lib_ip.py:4124] green : average --> out of range (average = 107.382 / upper = 85.000 / lower = 58.000)
[20201110_143546 / lib_ip.py:3753] file = img.20201110_143542.2020-11-10_10-33-09_000.jpg.3.png / val_Average = 107.3817	val_Variance = 0.6195	sd = 0.7871	max = 110	min = 104
[20201110_143546 / lib_ip.py:4169] len(Hs) = 8100, len(Ss) = 8100, len(Vs) = 8100
[20201110_143546 / lib_ip.py:4230] blue : average --> out of range (average = 107.382 / upper = 17.000 / lower = 8.850)
[20201110_143546 / lib_ip.py:3753] file = img.20201110_143542.2020-11-10_10-33-09_000.jpg.3.png / val_Average = 107.3817	val_Variance = 0.6195	sd = 0.7871	max = 110	min = 104
[20201110_143546 / lib_ip.py:4275] len(Hs) = 8100, len(Ss) = 8100, len(Vs) = 8100
[20201110_143546 / lib_ip.py:4336] pink : average --> out of range (average = 107.382 / upper = 150.000 / lower = 127.900)
[20201110_143547 / lib_ip.py:3753] file = img.20201110_143542.2020-11-10_10-33-09_000.jpg.3.png / val_Average = 107.3817	val_Variance = 0.6195	sd = 0.7871	max = 110	min = 104
[20201110_143547 / lib_ip.py:4378] len(Hs) = 8100, len(Ss) = 8100, len(Vs) = 8100
[20201110_143547 / lib_ip.py:4422] black : variance --> out of range (variance = 0.619 / upper = 0.000 / lower = 0.000)
[20201110_143547 / lib_ip.py:4593] file : img.20201110_143542.2020-11-10_10-33-09_000.jpg.3.png 2 (black : variance --> out of range (variance = 0.619 / upper = 0.000 / lower = 0.000))
[20201110_143547 / lib_ip.py:2274] inspecting ===> img.20201110_143542.2020-11-10_10-33-09_000.jpg.4.png
[20201110_143547 / lib_ip.py:4505] 
img.20201110_143542.2020-11-10_10-33-09_000.jpg.4.png 3 ---------------------
[20201110_143547 / lib_ip.py:3753] file = img.20201110_143542.2020-11-10_10-33-09_000.jpg.4.png / val_Average = 107.0257	val_Variance = 0.6655	sd = 0.8158	max = 110	min = 104
[20201110_143547 / lib_ip.py:3836] len(Hs) = 8100, len(Ss) = 8100, len(Vs) = 8100
[20201110_143547 / lib_ip.py:3869] yellow : variance --> out of range (variance = 0.666 / upper = 0.650 / lower = 0.000)
[20201110_143547 / lib_ip.py:3753] file = img.20201110_143542.2020-11-10_10-33-09_000.jpg.4.png / val_Average = 107.0257	val_Variance = 0.6655	sd = 0.8158	max = 110	min = 104
[20201110_143547 / lib_ip.py:3936] len(Hs) = 8100, len(Ss) = 8100, len(Vs) = 8100
[20201110_143548 / lib_ip.py:3982] red : variance --> out of range (variance = 0.666 / upper = 0.430 / lower = 0.000)
[20201110_143548 / lib_ip.py:3753] file = img.20201110_143542.2020-11-10_10-33-09_000.jpg.4.png / val_Average = 107.0257	val_Variance = 0.6655	sd = 0.8158	max = 110	min = 104
[20201110_143548 / lib_ip.py:4052] len(Hs) = 8100, len(Ss) = 8100, len(Vs) = 8100
[20201110_143548 / lib_ip.py:4124] green : average --> out of range (average = 107.026 / upper = 85.000 / lower = 58.000)
[20201110_143548 / lib_ip.py:3753] file = img.20201110_143542.2020-11-10_10-33-09_000.jpg.4.png / val_Average = 107.0257	val_Variance = 0.6655	sd = 0.8158	max = 110	min = 104
[20201110_143548 / lib_ip.py:4169] len(Hs) = 8100, len(Ss) = 8100, len(Vs) = 8100
[20201110_143548 / lib_ip.py:4230] blue : average --> out of range (average = 107.026 / upper = 17.000 / lower = 8.850)
[20201110_143548 / lib_ip.py:3753] file = img.20201110_143542.2020-11-10_10-33-09_000.jpg.4.png / val_Average = 107.0257	val_Variance = 0.6655	sd = 0.8158	max = 110	min = 104
[20201110_143548 / lib_ip.py:4275] len(Hs) = 8100, len(Ss) = 8100, len(Vs) = 8100
[20201110_143548 / lib_ip.py:4336] pink : average --> out of range (average = 107.026 / upper = 150.000 / lower = 127.900)
[20201110_143548 / lib_ip.py:3753] file = img.20201110_143542.2020-11-10_10-33-09_000.jpg.4.png / val_Average = 107.0257	val_Variance = 0.6655	sd = 0.8158	max = 110	min = 104
[20201110_143548 / lib_ip.py:4378] len(Hs) = 8100, len(Ss) = 8100, len(Vs) = 8100
[20201110_143548 / lib_ip.py:4422] black : variance --> out of range (variance = 0.666 / upper = 0.000 / lower = 0.000)
[20201110_143548 / lib_ip.py:4593] file : img.20201110_143542.2020-11-10_10-33-09_000.jpg.4.png 3 (black : variance --> out of range (variance = 0.666 / upper = 0.000 / lower = 0.000))
[20201110_143547 / lib_ip.py:2274] inspecting ===> img.20201110_143542.2020-11-10_10-33-09_000.jpg.4.png
img.20201110_143542.2020-11-10_10-33-09_000.jpg.1.png => other
img.20201110_143542.2020-11-10_10-33-09_000.jpg.2.png => other
img.20201110_143542.2020-11-10_10-33-09_000.jpg.3.png => other
img.20201110_143542.2020-11-10_10-33-09_000.jpg.4.png => other
[20201110_143548 lib_ip.py:3301] =============== Get 4 corners
dpath_Images = C:\WORKS_2\WS\WS_Others.Art\JVEMV6\46_art\VIRTUAL\Admin_Projects\ip\images
fname_Image = img.20201110_143542.2020-11-10_10-33-09_000.jpg.4.png

[20201110_143549 / views.py:1411] gen csv => complete (20201110_143549)(elapsed = 52.686 sec / 8 files / 6.586 sec per file)
1)	2020-11-09_13-29-23_000.jpg => 	other other yellow other 
2)	2020-11-09_16-47-42_000.jpg => 	other other green red 
3)	2020-11-09_19-23-38_000.jpg => 	other other other other 
4)	2020-11-09_20-58-59_000.jpg => 	other other yellow other 
5)	2020-11-09_23-45-47_000.jpg => 	other other other other 
6)	2020-11-09_23-46-39_000.jpg => 	other other other other 
7)	2020-11-10_01-14-44_000.jpg => 	other other other other 
8)	2020-11-10_10-33-09_000.jpg => 	other other other other 
[20201110_143549 / views.py:1782] lo_ColorName_Set__Modified_2 =>
1)	2020-11-09_13-29-23_000.jpg => 	o o o y 
2)	2020-11-09_16-47-42_000.jpg => 	g o o r 
3)	2020-11-09_19-23-38_000.jpg => 	o o o o 
4)	2020-11-09_20-58-59_000.jpg => 	o o o y 
5)	2020-11-09_23-45-47_000.jpg => 	o o o o 
6)	2020-11-09_23-46-39_000.jpg => 	o o o o 
7)	2020-11-10_01-14-44_000.jpg => 	o o o o 
8)	2020-11-10_10-33-09_000.jpg => 	o o o o 
[20201110_143615 / views.py:1868] gen_Cake_CSV(request) ==> ending... =======================//

