[20200922_091459 / views.py:1915] exec_get_4_corners(request) ================================
[20200922_091501 / lib_ip.py:1961] lo_Color_Names =>
img.20200922_091500.2020-09-22_07-09-56_000.jpg.1.png => other
img.20200922_091500.2020-09-22_07-09-56_000.jpg.2.png => other
img.20200922_091500.2020-09-22_07-09-56_000.jpg.3.png => other
img.20200922_091500.2020-09-22_07-09-56_000.jpg.4.png => other
[20200922_091502 / lib_ip.py:4505] 
2020-09-22_07-09-56_000.jpg 0 ---------------------
[20200922_091502 / lib_ip.py:3753] file = 2020-09-22_07-09-56_000.jpg / val_Average = 107.2135	val_Variance = 5.2133	sd = 2.2833	max = 115	min = 99
[20200922_091502 / lib_ip.py:3836] len(Hs) = 8100, len(Ss) = 8100, len(Vs) = 8100
[20200922_091502 / lib_ip.py:3869] yellow : variance --> out of range (variance = 5.213 / upper = 0.650 / lower = 0.000)
[20200922_091502 / lib_ip.py:3753] file = 2020-09-22_07-09-56_000.jpg / val_Average = 107.2135	val_Variance = 5.2133	sd = 2.2833	max = 115	min = 99
[20200922_091502 / lib_ip.py:3936] len(Hs) = 8100, len(Ss) = 8100, len(Vs) = 8100
[20200922_091502 / lib_ip.py:3982] red : variance --> out of range (variance = 5.213 / upper = 0.430 / lower = 0.000)
[20200922_091502 / lib_ip.py:3753] file = 2020-09-22_07-09-56_000.jpg / val_Average = 107.2135	val_Variance = 5.2133	sd = 2.2833	max = 115	min = 99
[20200922_091502 / lib_ip.py:4052] len(Hs) = 8100, len(Ss) = 8100, len(Vs) = 8100
[20200922_091502 / lib_ip.py:4099] green : variance --> out of range (variance = 5.213 / upper = 0.760 / lower = 0.000)
[20200922_091502 / lib_ip.py:3753] file = 2020-09-22_07-09-56_000.jpg / val_Average = 107.2135	val_Variance = 5.2133	sd = 2.2833	max = 115	min = 99
[20200922_091502 / lib_ip.py:4169] len(Hs) = 8100, len(Ss) = 8100, len(Vs) = 8100
[20200922_091502 / lib_ip.py:4208] blue : variance --> out of range (variance = 5.213 / upper = 0.930 / lower = 0.010)
[20200922_091502 / lib_ip.py:3753] file = 2020-09-22_07-09-56_000.jpg / val_Average = 107.2135	val_Variance = 5.2133	sd = 2.2833	max = 115	min = 99
[20200922_091502 / lib_ip.py:4275] len(Hs) = 8100, len(Ss) = 8100, len(Vs) = 8100
[20200922_091502 / lib_ip.py:4314] pink : variance --> out of range (variance = 5.213 / upper = 0.770 / lower = 0.030)
[20200922_091502 / lib_ip.py:3753] file = 2020-09-22_07-09-56_000.jpg / val_Average = 107.2135	val_Variance = 5.2133	sd = 2.2833	max = 115	min = 99
[20200922_091502 / lib_ip.py:4378] len(Hs) = 8100, len(Ss) = 8100, len(Vs) = 8100
[20200922_091502 / lib_ip.py:4422] black : variance --> out of range (variance = 5.213 / upper = 0.000 / lower = 0.000)
[20200922_091503 / lib_ip.py:4593] file : 2020-09-22_07-09-56_000.jpg 0 (black : variance --> out of range (variance = 5.213 / upper = 0.000 / lower = 0.000))
[20200922_091503 / lib_ip.py:4505] 
2020-09-22_07-09-56_000.jpg 1 ---------------------
[20200922_091503 / lib_ip.py:3753] file = 2020-09-22_07-09-56_000.jpg / val_Average = 116.5769	val_Variance = 0.3735	sd = 0.6111	max = 118	min = 116
[20200922_091503 / lib_ip.py:3836] len(Hs) = 8100, len(Ss) = 8100, len(Vs) = 8100
[20200922_091503 / lib_ip.py:3891] yellow : average --> out of range (average = 116.577 / upper = 99.200 / lower = 85.500)
[20200922_091503 / lib_ip.py:3753] file = 2020-09-22_07-09-56_000.jpg / val_Average = 116.5769	val_Variance = 0.3735	sd = 0.6111	max = 118	min = 116
[20200922_091503 / lib_ip.py:3936] len(Hs) = 8100, len(Ss) = 8100, len(Vs) = 8100
[20200922_091503 / lib_ip.py:4505] 
2020-09-22_07-09-56_000.jpg 2 ---------------------
[20200922_091503 / lib_ip.py:3753] file = 2020-09-22_07-09-56_000.jpg / val_Average = 108.8695	val_Variance = 2.0256	sd = 1.4232	max = 114	min = 105
[20200922_091503 / lib_ip.py:3836] len(Hs) = 8100, len(Ss) = 8100, len(Vs) = 8100
[20200922_091503 / lib_ip.py:3869] yellow : variance --> out of range (variance = 2.026 / upper = 0.650 / lower = 0.000)
[20200922_091503 / lib_ip.py:3753] file = 2020-09-22_07-09-56_000.jpg / val_Average = 108.8695	val_Variance = 2.0256	sd = 1.4232	max = 114	min = 105
[20200922_091503 / lib_ip.py:3936] len(Hs) = 8100, len(Ss) = 8100, len(Vs) = 8100
[20200922_091503 / lib_ip.py:3982] red : variance --> out of range (variance = 2.026 / upper = 0.430 / lower = 0.000)
[20200922_091503 / lib_ip.py:3753] file = 2020-09-22_07-09-56_000.jpg / val_Average = 108.8695	val_Variance = 2.0256	sd = 1.4232	max = 114	min = 105
[20200922_091503 / lib_ip.py:4052] len(Hs) = 8100, len(Ss) = 8100, len(Vs) = 8100
[20200922_091503 / lib_ip.py:4099] green : variance --> out of range (variance = 2.026 / upper = 0.760 / lower = 0.000)
[20200922_091504 / lib_ip.py:3753] file = 2020-09-22_07-09-56_000.jpg / val_Average = 108.8695	val_Variance = 2.0256	sd = 1.4232	max = 114	min = 105
[20200922_091504 / lib_ip.py:4169] len(Hs) = 8100, len(Ss) = 8100, len(Vs) = 8100
[20200922_091504 / lib_ip.py:4208] blue : variance --> out of range (variance = 2.026 / upper = 0.930 / lower = 0.010)
[20200922_091504 / lib_ip.py:3753] file = 2020-09-22_07-09-56_000.jpg / val_Average = 108.8695	val_Variance = 2.0256	sd = 1.4232	max = 114	min = 105
[20200922_091504 / lib_ip.py:4275] len(Hs) = 8100, len(Ss) = 8100, len(Vs) = 8100
[20200922_091504 / lib_ip.py:4314] pink : variance --> out of range (variance = 2.026 / upper = 0.770 / lower = 0.030)
[20200922_091504 / lib_ip.py:3753] file = 2020-09-22_07-09-56_000.jpg / val_Average = 108.8695	val_Variance = 2.0256	sd = 1.4232	max = 114	min = 105
[20200922_091504 / lib_ip.py:4378] len(Hs) = 8100, len(Ss) = 8100, len(Vs) = 8100
[20200922_091504 / lib_ip.py:4422] black : variance --> out of range (variance = 2.026 / upper = 0.000 / lower = 0.000)
[20200922_091504 / lib_ip.py:4593] file : 2020-09-22_07-09-56_000.jpg 2 (black : variance --> out of range (variance = 2.026 / upper = 0.000 / lower = 0.000))
[20200922_091504 / lib_ip.py:4505] 
2020-09-22_07-09-56_000.jpg 3 ---------------------
[20200922_091504 / lib_ip.py:3753] file = 2020-09-22_07-09-56_000.jpg / val_Average = 110.2853	val_Variance = 0.2407	sd = 0.4906	max = 113	min = 109
[20200922_091504 / lib_ip.py:3836] len(Hs) = 8100, len(Ss) = 8100, len(Vs) = 8100
[20200922_091504 / lib_ip.py:3891] yellow : average --> out of range (average = 110.285 / upper = 99.200 / lower = 85.500)
[20200922_091504 / lib_ip.py:3753] file = 2020-09-22_07-09-56_000.jpg / val_Average = 110.2853	val_Variance = 0.2407	sd = 0.4906	max = 113	min = 109
[20200922_091504 / lib_ip.py:3936] len(Hs) = 8100, len(Ss) = 8100, len(Vs) = 8100
[20200922_091504 / lib_ip.py:4007] red : average --> out of range (average = 110.285 / upper = 124.600 / lower = 115.000)
[20200922_091504 / lib_ip.py:3753] file = 2020-09-22_07-09-56_000.jpg / val_Average = 110.2853	val_Variance = 0.2407	sd = 0.4906	max = 113	min = 109
[20200922_091504 / lib_ip.py:4052] len(Hs) = 8100, len(Ss) = 8100, len(Vs) = 8100
[20200922_091504 / lib_ip.py:4124] green : average --> out of range (average = 110.285 / upper = 85.000 / lower = 58.000)
[20200922_091505 / lib_ip.py:3753] file = 2020-09-22_07-09-56_000.jpg / val_Average = 110.2853	val_Variance = 0.2407	sd = 0.4906	max = 113	min = 109
[20200922_091505 / lib_ip.py:4169] len(Hs) = 8100, len(Ss) = 8100, len(Vs) = 8100
[20200922_091505 / lib_ip.py:4230] blue : average --> out of range (average = 110.285 / upper = 17.000 / lower = 8.850)
[20200922_091505 / lib_ip.py:3753] file = 2020-09-22_07-09-56_000.jpg / val_Average = 110.2853	val_Variance = 0.2407	sd = 0.4906	max = 113	min = 109
[20200922_091505 / lib_ip.py:4275] len(Hs) = 8100, len(Ss) = 8100, len(Vs) = 8100
[20200922_091505 / lib_ip.py:4336] pink : average --> out of range (average = 110.285 / upper = 150.000 / lower = 127.900)
[20200922_091505 / lib_ip.py:3753] file = 2020-09-22_07-09-56_000.jpg / val_Average = 110.2853	val_Variance = 0.2407	sd = 0.4906	max = 113	min = 109
[20200922_091505 / lib_ip.py:4378] len(Hs) = 8100, len(Ss) = 8100, len(Vs) = 8100
[20200922_091505 / lib_ip.py:4422] black : variance --> out of range (variance = 0.241 / upper = 0.000 / lower = 0.000)
[20200922_091505 / lib_ip.py:4593] file : 2020-09-22_07-09-56_000.jpg 3 (black : variance --> out of range (variance = 0.241 / upper = 0.000 / lower = 0.000))
[20200922_091505 / lib_ip.py:2021] lo_Color_Names_2 =>
file = img.20200922_091500.2020-09-22_07-09-56_000.jpg.1.png / color name = other
file = img.20200922_091500.2020-09-22_07-09-56_000.jpg.2.png / color name = red
file = img.20200922_091500.2020-09-22_07-09-56_000.jpg.3.png / color name = other
file = img.20200922_091500.2020-09-22_07-09-56_000.jpg.4.png / color name = other
