[20200725_141530 / views.py:1915] exec_get_4_corners(request) ================================
[20200725_141535 / lib_ip.py:1961] lo_Color_Names =>
img.20200725_141532.2020-07-24_23-39-49_000.jpg.1.png => other
img.20200725_141532.2020-07-24_23-39-49_000.jpg.2.png => other
img.20200725_141532.2020-07-24_23-39-49_000.jpg.3.png => other
img.20200725_141532.2020-07-24_23-39-49_000.jpg.4.png => other
[20200725_141535 / lib_ip.py:4505] 
2020-07-24_23-39-49_000.jpg 0 ---------------------
[20200725_141535 / lib_ip.py:3753] file = 2020-07-24_23-39-49_000.jpg / val_Average = 140.6007	val_Variance = 0.8055	sd = 0.8975	max = 142	min = 139
[20200725_141535 / lib_ip.py:3836] len(Hs) = 8100, len(Ss) = 8100, len(Vs) = 8100
[20200725_141535 / lib_ip.py:3869] yellow : variance --> out of range (variance = 0.806 / upper = 0.650 / lower = 0.000)
[20200725_141535 / lib_ip.py:3753] file = 2020-07-24_23-39-49_000.jpg / val_Average = 140.6007	val_Variance = 0.8055	sd = 0.8975	max = 142	min = 139
[20200725_141535 / lib_ip.py:3936] len(Hs) = 8100, len(Ss) = 8100, len(Vs) = 8100
[20200725_141535 / lib_ip.py:3982] red : variance --> out of range (variance = 0.806 / upper = 0.430 / lower = 0.000)
[20200725_141536 / lib_ip.py:3753] file = 2020-07-24_23-39-49_000.jpg / val_Average = 140.6007	val_Variance = 0.8055	sd = 0.8975	max = 142	min = 139
[20200725_141536 / lib_ip.py:4052] len(Hs) = 8100, len(Ss) = 8100, len(Vs) = 8100
[20200725_141536 / lib_ip.py:4099] green : variance --> out of range (variance = 0.806 / upper = 0.760 / lower = 0.000)
[20200725_141536 / lib_ip.py:3753] file = 2020-07-24_23-39-49_000.jpg / val_Average = 140.6007	val_Variance = 0.8055	sd = 0.8975	max = 142	min = 139
[20200725_141536 / lib_ip.py:4169] len(Hs) = 8100, len(Ss) = 8100, len(Vs) = 8100
[20200725_141536 / lib_ip.py:4230] blue : average --> out of range (average = 140.601 / upper = 17.000 / lower = 8.850)
[20200725_141537 / lib_ip.py:3753] file = 2020-07-24_23-39-49_000.jpg / val_Average = 140.6007	val_Variance = 0.8055	sd = 0.8975	max = 142	min = 139
[20200725_141537 / lib_ip.py:4275] len(Hs) = 8100, len(Ss) = 8100, len(Vs) = 8100
[20200725_141537 / lib_ip.py:4314] pink : variance --> out of range (variance = 0.806 / upper = 0.770 / lower = 0.030)
[20200725_141537 / lib_ip.py:3753] file = 2020-07-24_23-39-49_000.jpg / val_Average = 140.6007	val_Variance = 0.8055	sd = 0.8975	max = 142	min = 139
[20200725_141537 / lib_ip.py:4378] len(Hs) = 8100, len(Ss) = 8100, len(Vs) = 8100
[20200725_141537 / lib_ip.py:4422] black : variance --> out of range (variance = 0.806 / upper = 0.000 / lower = 0.000)
[20200725_141537 / lib_ip.py:4593] file : 2020-07-24_23-39-49_000.jpg 0 (black : variance --> out of range (variance = 0.806 / upper = 0.000 / lower = 0.000))
[20200725_141537 / lib_ip.py:4505] 
2020-07-24_23-39-49_000.jpg 1 ---------------------
[20200725_141538 / lib_ip.py:3753] file = 2020-07-24_23-39-49_000.jpg / val_Average = 108.8338	val_Variance = 1.3583	sd = 1.1655	max = 115	min = 105
[20200725_141538 / lib_ip.py:3836] len(Hs) = 8100, len(Ss) = 8100, len(Vs) = 8100
[20200725_141538 / lib_ip.py:3869] yellow : variance --> out of range (variance = 1.358 / upper = 0.650 / lower = 0.000)
[20200725_141538 / lib_ip.py:3753] file = 2020-07-24_23-39-49_000.jpg / val_Average = 108.8338	val_Variance = 1.3583	sd = 1.1655	max = 115	min = 105
[20200725_141538 / lib_ip.py:3936] len(Hs) = 8100, len(Ss) = 8100, len(Vs) = 8100
[20200725_141539 / lib_ip.py:3982] red : variance --> out of range (variance = 1.358 / upper = 0.430 / lower = 0.000)
[20200725_141539 / lib_ip.py:3753] file = 2020-07-24_23-39-49_000.jpg / val_Average = 108.8338	val_Variance = 1.3583	sd = 1.1655	max = 115	min = 105
[20200725_141539 / lib_ip.py:4052] len(Hs) = 8100, len(Ss) = 8100, len(Vs) = 8100
[20200725_141539 / lib_ip.py:4099] green : variance --> out of range (variance = 1.358 / upper = 0.760 / lower = 0.000)
[20200725_141540 / lib_ip.py:3753] file = 2020-07-24_23-39-49_000.jpg / val_Average = 108.8338	val_Variance = 1.3583	sd = 1.1655	max = 115	min = 105
[20200725_141540 / lib_ip.py:4169] len(Hs) = 8100, len(Ss) = 8100, len(Vs) = 8100
[20200725_141540 / lib_ip.py:4208] blue : variance --> out of range (variance = 1.358 / upper = 0.930 / lower = 0.010)
[20200725_141541 / lib_ip.py:3753] file = 2020-07-24_23-39-49_000.jpg / val_Average = 108.8338	val_Variance = 1.3583	sd = 1.1655	max = 115	min = 105
[20200725_141541 / lib_ip.py:4275] len(Hs) = 8100, len(Ss) = 8100, len(Vs) = 8100
[20200725_141541 / lib_ip.py:4314] pink : variance --> out of range (variance = 1.358 / upper = 0.770 / lower = 0.030)
[20200725_141541 / lib_ip.py:3753] file = 2020-07-24_23-39-49_000.jpg / val_Average = 108.8338	val_Variance = 1.3583	sd = 1.1655	max = 115	min = 105
[20200725_141541 / lib_ip.py:4378] len(Hs) = 8100, len(Ss) = 8100, len(Vs) = 8100
[20200725_141542 / lib_ip.py:4422] black : variance --> out of range (variance = 1.358 / upper = 0.000 / lower = 0.000)
[20200725_141542 / lib_ip.py:4593] file : 2020-07-24_23-39-49_000.jpg 1 (black : variance --> out of range (variance = 1.358 / upper = 0.000 / lower = 0.000))
[20200725_141542 / lib_ip.py:4505] 
2020-07-24_23-39-49_000.jpg 2 ---------------------
[20200725_141542 / lib_ip.py:3753] file = 2020-07-24_23-39-49_000.jpg / val_Average = 90.9586	val_Variance = 52.6898	sd = 7.2588	max = 135	min = 0
[20200725_141542 / lib_ip.py:3836] len(Hs) = 8100, len(Ss) = 8100, len(Vs) = 8100
[20200725_141542 / lib_ip.py:3869] yellow : variance --> out of range (variance = 52.690 / upper = 0.650 / lower = 0.000)
[20200725_141542 / lib_ip.py:3753] file = 2020-07-24_23-39-49_000.jpg / val_Average = 90.9586	val_Variance = 52.6898	sd = 7.2588	max = 135	min = 0
[20200725_141542 / lib_ip.py:3936] len(Hs) = 8100, len(Ss) = 8100, len(Vs) = 8100
[20200725_141542 / lib_ip.py:3982] red : variance --> out of range (variance = 52.690 / upper = 0.430 / lower = 0.000)
[20200725_141542 / lib_ip.py:3753] file = 2020-07-24_23-39-49_000.jpg / val_Average = 90.9586	val_Variance = 52.6898	sd = 7.2588	max = 135	min = 0
[20200725_141542 / lib_ip.py:4052] len(Hs) = 8100, len(Ss) = 8100, len(Vs) = 8100
[20200725_141542 / lib_ip.py:4099] green : variance --> out of range (variance = 52.690 / upper = 0.760 / lower = 0.000)
[20200725_141543 / lib_ip.py:3753] file = 2020-07-24_23-39-49_000.jpg / val_Average = 90.9586	val_Variance = 52.6898	sd = 7.2588	max = 135	min = 0
[20200725_141543 / lib_ip.py:4169] len(Hs) = 8100, len(Ss) = 8100, len(Vs) = 8100
[20200725_141543 / lib_ip.py:4208] blue : variance --> out of range (variance = 52.690 / upper = 0.930 / lower = 0.010)
[20200725_141543 / lib_ip.py:3753] file = 2020-07-24_23-39-49_000.jpg / val_Average = 90.9586	val_Variance = 52.6898	sd = 7.2588	max = 135	min = 0
[20200725_141543 / lib_ip.py:4275] len(Hs) = 8100, len(Ss) = 8100, len(Vs) = 8100
[20200725_141543 / lib_ip.py:4314] pink : variance --> out of range (variance = 52.690 / upper = 0.770 / lower = 0.030)
[20200725_141543 / lib_ip.py:3753] file = 2020-07-24_23-39-49_000.jpg / val_Average = 90.9586	val_Variance = 52.6898	sd = 7.2588	max = 135	min = 0
[20200725_141543 / lib_ip.py:4378] len(Hs) = 8100, len(Ss) = 8100, len(Vs) = 8100
[20200725_141543 / lib_ip.py:4422] black : variance --> out of range (variance = 52.690 / upper = 0.000 / lower = 0.000)
[20200725_141543 / lib_ip.py:4593] file : 2020-07-24_23-39-49_000.jpg 2 (black : variance --> out of range (variance = 52.690 / upper = 0.000 / lower = 0.000))
[20200725_141543 / lib_ip.py:4505] 
2020-07-24_23-39-49_000.jpg 3 ---------------------
[20200725_141543 / lib_ip.py:3753] file = 2020-07-24_23-39-49_000.jpg / val_Average = 90.1542	val_Variance = 12.6329	sd = 3.5543	max = 105	min = 81
[20200725_141543 / lib_ip.py:3836] len(Hs) = 8100, len(Ss) = 8100, len(Vs) = 8100
[20200725_141543 / lib_ip.py:3869] yellow : variance --> out of range (variance = 12.633 / upper = 0.650 / lower = 0.000)
[20200725_141543 / lib_ip.py:3753] file = 2020-07-24_23-39-49_000.jpg / val_Average = 90.1542	val_Variance = 12.6329	sd = 3.5543	max = 105	min = 81
[20200725_141543 / lib_ip.py:3936] len(Hs) = 8100, len(Ss) = 8100, len(Vs) = 8100
[20200725_141544 / lib_ip.py:3982] red : variance --> out of range (variance = 12.633 / upper = 0.430 / lower = 0.000)
[20200725_141544 / lib_ip.py:3753] file = 2020-07-24_23-39-49_000.jpg / val_Average = 90.1542	val_Variance = 12.6329	sd = 3.5543	max = 105	min = 81
[20200725_141544 / lib_ip.py:4052] len(Hs) = 8100, len(Ss) = 8100, len(Vs) = 8100
[20200725_141544 / lib_ip.py:4099] green : variance --> out of range (variance = 12.633 / upper = 0.760 / lower = 0.000)
[20200725_141544 / lib_ip.py:3753] file = 2020-07-24_23-39-49_000.jpg / val_Average = 90.1542	val_Variance = 12.6329	sd = 3.5543	max = 105	min = 81
[20200725_141544 / lib_ip.py:4169] len(Hs) = 8100, len(Ss) = 8100, len(Vs) = 8100
[20200725_141544 / lib_ip.py:4208] blue : variance --> out of range (variance = 12.633 / upper = 0.930 / lower = 0.010)
[20200725_141544 / lib_ip.py:3753] file = 2020-07-24_23-39-49_000.jpg / val_Average = 90.1542	val_Variance = 12.6329	sd = 3.5543	max = 105	min = 81
[20200725_141544 / lib_ip.py:4275] len(Hs) = 8100, len(Ss) = 8100, len(Vs) = 8100
[20200725_141544 / lib_ip.py:4314] pink : variance --> out of range (variance = 12.633 / upper = 0.770 / lower = 0.030)
[20200725_141544 / lib_ip.py:3753] file = 2020-07-24_23-39-49_000.jpg / val_Average = 90.1542	val_Variance = 12.6329	sd = 3.5543	max = 105	min = 81
[20200725_141545 / lib_ip.py:4378] len(Hs) = 8100, len(Ss) = 8100, len(Vs) = 8100
[20200725_141545 / lib_ip.py:4422] black : variance --> out of range (variance = 12.633 / upper = 0.000 / lower = 0.000)
[20200725_141545 / lib_ip.py:4593] file : 2020-07-24_23-39-49_000.jpg 3 (black : variance --> out of range (variance = 12.633 / upper = 0.000 / lower = 0.000))
[20200725_141545 / lib_ip.py:2021] lo_Color_Names_2 =>
file = img.20200725_141532.2020-07-24_23-39-49_000.jpg.1.png / color name = other
file = img.20200725_141532.2020-07-24_23-39-49_000.jpg.2.png / color name = other
file = img.20200725_141532.2020-07-24_23-39-49_000.jpg.3.png / color name = other
file = img.20200725_141532.2020-07-24_23-39-49_000.jpg.4.png / color name = other
[20200725_141746 / views.py:1915] exec_get_4_corners(request) ================================
[20200725_141749 / lib_ip.py:1961] lo_Color_Names =>
img.20200725_141748.2020-07-25_00-30-34_000.jpg.1.png => other
img.20200725_141748.2020-07-25_00-30-34_000.jpg.2.png => other
img.20200725_141748.2020-07-25_00-30-34_000.jpg.3.png => other
img.20200725_141748.2020-07-25_00-30-34_000.jpg.4.png => other
[20200725_141749 / lib_ip.py:4505] 
2020-07-25_00-30-34_000.jpg 0 ---------------------
[20200725_141749 / lib_ip.py:3753] file = 2020-07-25_00-30-34_000.jpg / val_Average = 139.1122	val_Variance = 0.3204	sd = 0.5660	max = 141	min = 138
[20200725_141749 / lib_ip.py:3836] len(Hs) = 8100, len(Ss) = 8100, len(Vs) = 8100
[20200725_141749 / lib_ip.py:3891] yellow : average --> out of range (average = 139.112 / upper = 99.200 / lower = 85.500)
[20200725_141750 / lib_ip.py:3753] file = 2020-07-25_00-30-34_000.jpg / val_Average = 139.1122	val_Variance = 0.3204	sd = 0.5660	max = 141	min = 138
[20200725_141750 / lib_ip.py:3936] len(Hs) = 8100, len(Ss) = 8100, len(Vs) = 8100
[20200725_141750 / lib_ip.py:4007] red : average --> out of range (average = 139.112 / upper = 124.600 / lower = 115.000)
[20200725_141750 / lib_ip.py:3753] file = 2020-07-25_00-30-34_000.jpg / val_Average = 139.1122	val_Variance = 0.3204	sd = 0.5660	max = 141	min = 138
[20200725_141750 / lib_ip.py:4052] len(Hs) = 8100, len(Ss) = 8100, len(Vs) = 8100
[20200725_141750 / lib_ip.py:4124] green : average --> out of range (average = 139.112 / upper = 85.000 / lower = 58.000)
[20200725_141750 / lib_ip.py:3753] file = 2020-07-25_00-30-34_000.jpg / val_Average = 139.1122	val_Variance = 0.3204	sd = 0.5660	max = 141	min = 138
[20200725_141750 / lib_ip.py:4169] len(Hs) = 8100, len(Ss) = 8100, len(Vs) = 8100
[20200725_141750 / lib_ip.py:4230] blue : average --> out of range (average = 139.112 / upper = 17.000 / lower = 8.850)
[20200725_141750 / lib_ip.py:3753] file = 2020-07-25_00-30-34_000.jpg / val_Average = 139.1122	val_Variance = 0.3204	sd = 0.5660	max = 141	min = 138
[20200725_141750 / lib_ip.py:4275] len(Hs) = 8100, len(Ss) = 8100, len(Vs) = 8100
[20200725_141750 / lib_ip.py:4505] 
2020-07-25_00-30-34_000.jpg 1 ---------------------
[20200725_141750 / lib_ip.py:3753] file = 2020-07-25_00-30-34_000.jpg / val_Average = 101.5849	val_Variance = 6.1386	sd = 2.4776	max = 112	min = 90
[20200725_141750 / lib_ip.py:3836] len(Hs) = 8100, len(Ss) = 8100, len(Vs) = 8100
[20200725_141750 / lib_ip.py:3869] yellow : variance --> out of range (variance = 6.139 / upper = 0.650 / lower = 0.000)
[20200725_141750 / lib_ip.py:3753] file = 2020-07-25_00-30-34_000.jpg / val_Average = 101.5849	val_Variance = 6.1386	sd = 2.4776	max = 112	min = 90
[20200725_141750 / lib_ip.py:3936] len(Hs) = 8100, len(Ss) = 8100, len(Vs) = 8100
[20200725_141751 / lib_ip.py:3982] red : variance --> out of range (variance = 6.139 / upper = 0.430 / lower = 0.000)
[20200725_141751 / lib_ip.py:3753] file = 2020-07-25_00-30-34_000.jpg / val_Average = 101.5849	val_Variance = 6.1386	sd = 2.4776	max = 112	min = 90
[20200725_141751 / lib_ip.py:4052] len(Hs) = 8100, len(Ss) = 8100, len(Vs) = 8100
[20200725_141751 / lib_ip.py:4099] green : variance --> out of range (variance = 6.139 / upper = 0.760 / lower = 0.000)
[20200725_141751 / lib_ip.py:3753] file = 2020-07-25_00-30-34_000.jpg / val_Average = 101.5849	val_Variance = 6.1386	sd = 2.4776	max = 112	min = 90
[20200725_141751 / lib_ip.py:4169] len(Hs) = 8100, len(Ss) = 8100, len(Vs) = 8100
[20200725_141751 / lib_ip.py:4208] blue : variance --> out of range (variance = 6.139 / upper = 0.930 / lower = 0.010)
[20200725_141751 / lib_ip.py:3753] file = 2020-07-25_00-30-34_000.jpg / val_Average = 101.5849	val_Variance = 6.1386	sd = 2.4776	max = 112	min = 90
[20200725_141751 / lib_ip.py:4275] len(Hs) = 8100, len(Ss) = 8100, len(Vs) = 8100
[20200725_141751 / lib_ip.py:4314] pink : variance --> out of range (variance = 6.139 / upper = 0.770 / lower = 0.030)
[20200725_141751 / lib_ip.py:3753] file = 2020-07-25_00-30-34_000.jpg / val_Average = 101.5849	val_Variance = 6.1386	sd = 2.4776	max = 112	min = 90
[20200725_141751 / lib_ip.py:4378] len(Hs) = 8100, len(Ss) = 8100, len(Vs) = 8100
[20200725_141751 / lib_ip.py:4422] black : variance --> out of range (variance = 6.139 / upper = 0.000 / lower = 0.000)
[20200725_141751 / lib_ip.py:4593] file : 2020-07-25_00-30-34_000.jpg 1 (black : variance --> out of range (variance = 6.139 / upper = 0.000 / lower = 0.000))
[20200725_141751 / lib_ip.py:4505] 
2020-07-25_00-30-34_000.jpg 2 ---------------------
[20200725_141752 / lib_ip.py:3753] file = 2020-07-25_00-30-34_000.jpg / val_Average = 101.5028	val_Variance = 3.5036	sd = 1.8718	max = 105	min = 94
[20200725_141752 / lib_ip.py:3836] len(Hs) = 8100, len(Ss) = 8100, len(Vs) = 8100
[20200725_141752 / lib_ip.py:3869] yellow : variance --> out of range (variance = 3.504 / upper = 0.650 / lower = 0.000)
[20200725_141752 / lib_ip.py:3753] file = 2020-07-25_00-30-34_000.jpg / val_Average = 101.5028	val_Variance = 3.5036	sd = 1.8718	max = 105	min = 94
[20200725_141752 / lib_ip.py:3936] len(Hs) = 8100, len(Ss) = 8100, len(Vs) = 8100
[20200725_141752 / lib_ip.py:3982] red : variance --> out of range (variance = 3.504 / upper = 0.430 / lower = 0.000)
[20200725_141752 / lib_ip.py:3753] file = 2020-07-25_00-30-34_000.jpg / val_Average = 101.5028	val_Variance = 3.5036	sd = 1.8718	max = 105	min = 94
[20200725_141752 / lib_ip.py:4052] len(Hs) = 8100, len(Ss) = 8100, len(Vs) = 8100
[20200725_141752 / lib_ip.py:4099] green : variance --> out of range (variance = 3.504 / upper = 0.760 / lower = 0.000)
[20200725_141752 / lib_ip.py:3753] file = 2020-07-25_00-30-34_000.jpg / val_Average = 101.5028	val_Variance = 3.5036	sd = 1.8718	max = 105	min = 94
[20200725_141752 / lib_ip.py:4169] len(Hs) = 8100, len(Ss) = 8100, len(Vs) = 8100
[20200725_141752 / lib_ip.py:4208] blue : variance --> out of range (variance = 3.504 / upper = 0.930 / lower = 0.010)
[20200725_141752 / lib_ip.py:3753] file = 2020-07-25_00-30-34_000.jpg / val_Average = 101.5028	val_Variance = 3.5036	sd = 1.8718	max = 105	min = 94
[20200725_141752 / lib_ip.py:4275] len(Hs) = 8100, len(Ss) = 8100, len(Vs) = 8100
[20200725_141752 / lib_ip.py:4314] pink : variance --> out of range (variance = 3.504 / upper = 0.770 / lower = 0.030)
[20200725_141752 / lib_ip.py:3753] file = 2020-07-25_00-30-34_000.jpg / val_Average = 101.5028	val_Variance = 3.5036	sd = 1.8718	max = 105	min = 94
[20200725_141753 / lib_ip.py:4378] len(Hs) = 8100, len(Ss) = 8100, len(Vs) = 8100
[20200725_141753 / lib_ip.py:4422] black : variance --> out of range (variance = 3.504 / upper = 0.000 / lower = 0.000)
[20200725_141753 / lib_ip.py:4593] file : 2020-07-25_00-30-34_000.jpg 2 (black : variance --> out of range (variance = 3.504 / upper = 0.000 / lower = 0.000))
[20200725_141753 / lib_ip.py:4505] 
2020-07-25_00-30-34_000.jpg 3 ---------------------
[20200725_141753 / lib_ip.py:3753] file = 2020-07-25_00-30-34_000.jpg / val_Average = 55.4960	val_Variance = 533.1823	sd = 23.0907	max = 174	min = 0
[20200725_141753 / lib_ip.py:3836] len(Hs) = 8100, len(Ss) = 8100, len(Vs) = 8100
[20200725_141753 / lib_ip.py:3869] yellow : variance --> out of range (variance = 533.182 / upper = 0.650 / lower = 0.000)
[20200725_141753 / lib_ip.py:3753] file = 2020-07-25_00-30-34_000.jpg / val_Average = 55.4960	val_Variance = 533.1823	sd = 23.0907	max = 174	min = 0
[20200725_141753 / lib_ip.py:3936] len(Hs) = 8100, len(Ss) = 8100, len(Vs) = 8100
[20200725_141753 / lib_ip.py:3982] red : variance --> out of range (variance = 533.182 / upper = 0.430 / lower = 0.000)
[20200725_141753 / lib_ip.py:3753] file = 2020-07-25_00-30-34_000.jpg / val_Average = 55.4960	val_Variance = 533.1823	sd = 23.0907	max = 174	min = 0
[20200725_141753 / lib_ip.py:4052] len(Hs) = 8100, len(Ss) = 8100, len(Vs) = 8100
[20200725_141753 / lib_ip.py:4099] green : variance --> out of range (variance = 533.182 / upper = 0.760 / lower = 0.000)
[20200725_141753 / lib_ip.py:3753] file = 2020-07-25_00-30-34_000.jpg / val_Average = 55.4960	val_Variance = 533.1823	sd = 23.0907	max = 174	min = 0
[20200725_141753 / lib_ip.py:4169] len(Hs) = 8100, len(Ss) = 8100, len(Vs) = 8100
[20200725_141753 / lib_ip.py:4208] blue : variance --> out of range (variance = 533.182 / upper = 0.930 / lower = 0.010)
[20200725_141753 / lib_ip.py:3753] file = 2020-07-25_00-30-34_000.jpg / val_Average = 55.4960	val_Variance = 533.1823	sd = 23.0907	max = 174	min = 0
[20200725_141754 / lib_ip.py:4275] len(Hs) = 8100, len(Ss) = 8100, len(Vs) = 8100
[20200725_141754 / lib_ip.py:4314] pink : variance --> out of range (variance = 533.182 / upper = 0.770 / lower = 0.030)
[20200725_141754 / lib_ip.py:3753] file = 2020-07-25_00-30-34_000.jpg / val_Average = 55.4960	val_Variance = 533.1823	sd = 23.0907	max = 174	min = 0
[20200725_141754 / lib_ip.py:4378] len(Hs) = 8100, len(Ss) = 8100, len(Vs) = 8100
[20200725_141754 / lib_ip.py:4422] black : variance --> out of range (variance = 533.182 / upper = 0.000 / lower = 0.000)
[20200725_141754 / lib_ip.py:4593] file : 2020-07-25_00-30-34_000.jpg 3 (black : variance --> out of range (variance = 533.182 / upper = 0.000 / lower = 0.000))
[20200725_141754 / lib_ip.py:2021] lo_Color_Names_2 =>
file = img.20200725_141748.2020-07-25_00-30-34_000.jpg.1.png / color name = pink
file = img.20200725_141748.2020-07-25_00-30-34_000.jpg.2.png / color name = other
file = img.20200725_141748.2020-07-25_00-30-34_000.jpg.3.png / color name = other
file = img.20200725_141748.2020-07-25_00-30-34_000.jpg.4.png / color name = other
