[20201205_143152 / views.py:1851] gen_Cake_CSV(request) ==> starting... =======================
[20201205_143154 / lib_ip.py:2274] inspecting ===> img.20201205_143153.2020-12-04_11-43-52_000.jpg.1.png
[20201205_143154 / lib_ip.py:4505] 
img.20201205_143153.2020-12-04_11-43-52_000.jpg.1.png 0 ---------------------
[20201205_143154 / lib_ip.py:3753] file = img.20201205_143153.2020-12-04_11-43-52_000.jpg.1.png / val_Average = 107.4058	val_Variance = 1.8041	sd = 1.3432	max = 113	min = 101
[20201205_143154 / lib_ip.py:3836] len(Hs) = 8100, len(Ss) = 8100, len(Vs) = 8100
[20201205_143154 / lib_ip.py:3869] yellow : variance --> out of range (variance = 1.804 / upper = 0.650 / lower = 0.000)
[20201205_143154 / lib_ip.py:3753] file = img.20201205_143153.2020-12-04_11-43-52_000.jpg.1.png / val_Average = 107.4058	val_Variance = 1.8041	sd = 1.3432	max = 113	min = 101
[20201205_143154 / lib_ip.py:3936] len(Hs) = 8100, len(Ss) = 8100, len(Vs) = 8100
[20201205_143154 / lib_ip.py:3982] red : variance --> out of range (variance = 1.804 / upper = 0.430 / lower = 0.000)
[20201205_143154 / lib_ip.py:3753] file = img.20201205_143153.2020-12-04_11-43-52_000.jpg.1.png / val_Average = 107.4058	val_Variance = 1.8041	sd = 1.3432	max = 113	min = 101
[20201205_143154 / lib_ip.py:4052] len(Hs) = 8100, len(Ss) = 8100, len(Vs) = 8100
[20201205_143154 / lib_ip.py:4099] green : variance --> out of range (variance = 1.804 / upper = 0.760 / lower = 0.000)
[20201205_143154 / lib_ip.py:3753] file = img.20201205_143153.2020-12-04_11-43-52_000.jpg.1.png / val_Average = 107.4058	val_Variance = 1.8041	sd = 1.3432	max = 113	min = 101
[20201205_143154 / lib_ip.py:4169] len(Hs) = 8100, len(Ss) = 8100, len(Vs) = 8100
[20201205_143155 / lib_ip.py:4208] blue : variance --> out of range (variance = 1.804 / upper = 0.930 / lower = 0.010)
[20201205_143155 / lib_ip.py:3753] file = img.20201205_143153.2020-12-04_11-43-52_000.jpg.1.png / val_Average = 107.4058	val_Variance = 1.8041	sd = 1.3432	max = 113	min = 101
[20201205_143155 / lib_ip.py:4275] len(Hs) = 8100, len(Ss) = 8100, len(Vs) = 8100
[20201205_143155 / lib_ip.py:4314] pink : variance --> out of range (variance = 1.804 / upper = 0.770 / lower = 0.030)
[20201205_143155 / lib_ip.py:3753] file = img.20201205_143153.2020-12-04_11-43-52_000.jpg.1.png / val_Average = 107.4058	val_Variance = 1.8041	sd = 1.3432	max = 113	min = 101
[20201205_143155 / lib_ip.py:4378] len(Hs) = 8100, len(Ss) = 8100, len(Vs) = 8100
[20201205_143155 / lib_ip.py:4422] black : variance --> out of range (variance = 1.804 / upper = 0.000 / lower = 0.000)
[20201205_143155 / lib_ip.py:4593] file : img.20201205_143153.2020-12-04_11-43-52_000.jpg.1.png 0 (black : variance --> out of range (variance = 1.804 / upper = 0.000 / lower = 0.000))
[20201205_143155 / lib_ip.py:2274] inspecting ===> img.20201205_143153.2020-12-04_11-43-52_000.jpg.2.png
[20201205_143155 / lib_ip.py:4505] 
img.20201205_143153.2020-12-04_11-43-52_000.jpg.2.png 1 ---------------------
[20201205_143155 / lib_ip.py:3753] file = img.20201205_143153.2020-12-04_11-43-52_000.jpg.2.png / val_Average = 90.4978	val_Variance = 170.2379	sd = 13.0475	max = 135	min = 0
[20201205_143155 / lib_ip.py:3836] len(Hs) = 8100, len(Ss) = 8100, len(Vs) = 8100
[20201205_143155 / lib_ip.py:3869] yellow : variance --> out of range (variance = 170.238 / upper = 0.650 / lower = 0.000)
[20201205_143155 / lib_ip.py:3753] file = img.20201205_143153.2020-12-04_11-43-52_000.jpg.2.png / val_Average = 90.4978	val_Variance = 170.2379	sd = 13.0475	max = 135	min = 0
[20201205_143156 / lib_ip.py:3936] len(Hs) = 8100, len(Ss) = 8100, len(Vs) = 8100
[20201205_143156 / lib_ip.py:3982] red : variance --> out of range (variance = 170.238 / upper = 0.430 / lower = 0.000)
[20201205_143156 / lib_ip.py:3753] file = img.20201205_143153.2020-12-04_11-43-52_000.jpg.2.png / val_Average = 90.4978	val_Variance = 170.2379	sd = 13.0475	max = 135	min = 0
[20201205_143156 / lib_ip.py:4052] len(Hs) = 8100, len(Ss) = 8100, len(Vs) = 8100
[20201205_143156 / lib_ip.py:4099] green : variance --> out of range (variance = 170.238 / upper = 0.760 / lower = 0.000)
[20201205_143156 / lib_ip.py:3753] file = img.20201205_143153.2020-12-04_11-43-52_000.jpg.2.png / val_Average = 90.4978	val_Variance = 170.2379	sd = 13.0475	max = 135	min = 0
[20201205_143156 / lib_ip.py:4169] len(Hs) = 8100, len(Ss) = 8100, len(Vs) = 8100
[20201205_143156 / lib_ip.py:4208] blue : variance --> out of range (variance = 170.238 / upper = 0.930 / lower = 0.010)
[20201205_143156 / lib_ip.py:3753] file = img.20201205_143153.2020-12-04_11-43-52_000.jpg.2.png / val_Average = 90.4978	val_Variance = 170.2379	sd = 13.0475	max = 135	min = 0
[20201205_143156 / lib_ip.py:4275] len(Hs) = 8100, len(Ss) = 8100, len(Vs) = 8100
[20201205_143156 / lib_ip.py:4314] pink : variance --> out of range (variance = 170.238 / upper = 0.770 / lower = 0.030)
[20201205_143156 / lib_ip.py:3753] file = img.20201205_143153.2020-12-04_11-43-52_000.jpg.2.png / val_Average = 90.4978	val_Variance = 170.2379	sd = 13.0475	max = 135	min = 0
[20201205_143156 / lib_ip.py:4378] len(Hs) = 8100, len(Ss) = 8100, len(Vs) = 8100
[20201205_143156 / lib_ip.py:4422] black : variance --> out of range (variance = 170.238 / upper = 0.000 / lower = 0.000)
[20201205_143156 / lib_ip.py:4593] file : img.20201205_143153.2020-12-04_11-43-52_000.jpg.2.png 1 (black : variance --> out of range (variance = 170.238 / upper = 0.000 / lower = 0.000))
[20201205_143156 / lib_ip.py:2274] inspecting ===> img.20201205_143153.2020-12-04_11-43-52_000.jpg.3.png
[20201205_143156 / lib_ip.py:4505] 
img.20201205_143153.2020-12-04_11-43-52_000.jpg.3.png 2 ---------------------
[20201205_143156 / lib_ip.py:3753] file = img.20201205_143153.2020-12-04_11-43-52_000.jpg.3.png / val_Average = 92.6895	val_Variance = 0.2237	sd = 0.4730	max = 94	min = 92
[20201205_143156 / lib_ip.py:3836] len(Hs) = 8100, len(Ss) = 8100, len(Vs) = 8100
[20201205_143157 / lib_ip.py:2274] inspecting ===> img.20201205_143153.2020-12-04_11-43-52_000.jpg.4.png
[20201205_143157 / lib_ip.py:4505] 
img.20201205_143153.2020-12-04_11-43-52_000.jpg.4.png 3 ---------------------
[20201205_143157 / lib_ip.py:3753] file = img.20201205_143153.2020-12-04_11-43-52_000.jpg.4.png / val_Average = 111.0723	val_Variance = 53.1755	sd = 7.2922	max = 144	min = 0
[20201205_143157 / lib_ip.py:3836] len(Hs) = 8100, len(Ss) = 8100, len(Vs) = 8100
[20201205_143157 / lib_ip.py:3869] yellow : variance --> out of range (variance = 53.176 / upper = 0.650 / lower = 0.000)
[20201205_143157 / lib_ip.py:3753] file = img.20201205_143153.2020-12-04_11-43-52_000.jpg.4.png / val_Average = 111.0723	val_Variance = 53.1755	sd = 7.2922	max = 144	min = 0
[20201205_143157 / lib_ip.py:3936] len(Hs) = 8100, len(Ss) = 8100, len(Vs) = 8100
[20201205_143157 / lib_ip.py:3982] red : variance --> out of range (variance = 53.176 / upper = 0.430 / lower = 0.000)
[20201205_143157 / lib_ip.py:3753] file = img.20201205_143153.2020-12-04_11-43-52_000.jpg.4.png / val_Average = 111.0723	val_Variance = 53.1755	sd = 7.2922	max = 144	min = 0
[20201205_143157 / lib_ip.py:4052] len(Hs) = 8100, len(Ss) = 8100, len(Vs) = 8100
[20201205_143157 / lib_ip.py:4099] green : variance --> out of range (variance = 53.176 / upper = 0.760 / lower = 0.000)
[20201205_143157 / lib_ip.py:3753] file = img.20201205_143153.2020-12-04_11-43-52_000.jpg.4.png / val_Average = 111.0723	val_Variance = 53.1755	sd = 7.2922	max = 144	min = 0
[20201205_143158 / lib_ip.py:4169] len(Hs) = 8100, len(Ss) = 8100, len(Vs) = 8100
[20201205_143158 / lib_ip.py:4208] blue : variance --> out of range (variance = 53.176 / upper = 0.930 / lower = 0.010)
[20201205_143158 / lib_ip.py:3753] file = img.20201205_143153.2020-12-04_11-43-52_000.jpg.4.png / val_Average = 111.0723	val_Variance = 53.1755	sd = 7.2922	max = 144	min = 0
[20201205_143158 / lib_ip.py:4275] len(Hs) = 8100, len(Ss) = 8100, len(Vs) = 8100
[20201205_143158 / lib_ip.py:4314] pink : variance --> out of range (variance = 53.176 / upper = 0.770 / lower = 0.030)
[20201205_143158 / lib_ip.py:3753] file = img.20201205_143153.2020-12-04_11-43-52_000.jpg.4.png / val_Average = 111.0723	val_Variance = 53.1755	sd = 7.2922	max = 144	min = 0
[20201205_143158 / lib_ip.py:4378] len(Hs) = 8100, len(Ss) = 8100, len(Vs) = 8100
[20201205_143158 / lib_ip.py:4422] black : variance --> out of range (variance = 53.176 / upper = 0.000 / lower = 0.000)
[20201205_143158 / lib_ip.py:4593] file : img.20201205_143153.2020-12-04_11-43-52_000.jpg.4.png 3 (black : variance --> out of range (variance = 53.176 / upper = 0.000 / lower = 0.000))
[20201205_143157 / lib_ip.py:2274] inspecting ===> img.20201205_143153.2020-12-04_11-43-52_000.jpg.4.png
img.20201205_143153.2020-12-04_11-43-52_000.jpg.1.png => other
img.20201205_143153.2020-12-04_11-43-52_000.jpg.2.png => other
img.20201205_143153.2020-12-04_11-43-52_000.jpg.3.png => yellow
img.20201205_143153.2020-12-04_11-43-52_000.jpg.4.png => other
[20201205_143158 lib_ip.py:3301] =============== Get 4 corners
dpath_Images = C:\WORKS_2\WS\WS_Others.Art\JVEMV6\46_art\VIRTUAL\Admin_Projects\ip\images
fname_Image = img.20201205_143153.2020-12-04_11-43-52_000.jpg.4.png

[20201205_143159 / lib_ip.py:2274] inspecting ===> img.20201205_143159.2020-12-04_20-34-37_000.jpg.1.png
[20201205_143159 / lib_ip.py:4505] 
img.20201205_143159.2020-12-04_20-34-37_000.jpg.1.png 0 ---------------------
[20201205_143159 / lib_ip.py:3753] file = img.20201205_143159.2020-12-04_20-34-37_000.jpg.1.png / val_Average = 0.0667	val_Variance = 8.9956	sd = 2.9993	max = 135	min = 0
[20201205_143159 / lib_ip.py:3836] len(Hs) = 8100, len(Ss) = 8100, len(Vs) = 8100
[20201205_143159 / lib_ip.py:3869] yellow : variance --> out of range (variance = 8.996 / upper = 0.650 / lower = 0.000)
[20201205_143159 / lib_ip.py:3753] file = img.20201205_143159.2020-12-04_20-34-37_000.jpg.1.png / val_Average = 0.0667	val_Variance = 8.9956	sd = 2.9993	max = 135	min = 0
[20201205_143159 / lib_ip.py:3936] len(Hs) = 8100, len(Ss) = 8100, len(Vs) = 8100
[20201205_143159 / lib_ip.py:3982] red : variance --> out of range (variance = 8.996 / upper = 0.430 / lower = 0.000)
[20201205_143159 / lib_ip.py:3753] file = img.20201205_143159.2020-12-04_20-34-37_000.jpg.1.png / val_Average = 0.0667	val_Variance = 8.9956	sd = 2.9993	max = 135	min = 0
[20201205_143159 / lib_ip.py:4052] len(Hs) = 8100, len(Ss) = 8100, len(Vs) = 8100
[20201205_143200 / lib_ip.py:4099] green : variance --> out of range (variance = 8.996 / upper = 0.760 / lower = 0.000)
[20201205_143200 / lib_ip.py:3753] file = img.20201205_143159.2020-12-04_20-34-37_000.jpg.1.png / val_Average = 0.0667	val_Variance = 8.9956	sd = 2.9993	max = 135	min = 0
[20201205_143200 / lib_ip.py:4169] len(Hs) = 8100, len(Ss) = 8100, len(Vs) = 8100
[20201205_143200 / lib_ip.py:4208] blue : variance --> out of range (variance = 8.996 / upper = 0.930 / lower = 0.010)
[20201205_143200 / lib_ip.py:3753] file = img.20201205_143159.2020-12-04_20-34-37_000.jpg.1.png / val_Average = 0.0667	val_Variance = 8.9956	sd = 2.9993	max = 135	min = 0
[20201205_143200 / lib_ip.py:4275] len(Hs) = 8100, len(Ss) = 8100, len(Vs) = 8100
[20201205_143200 / lib_ip.py:4314] pink : variance --> out of range (variance = 8.996 / upper = 0.770 / lower = 0.030)
[20201205_143200 / lib_ip.py:3753] file = img.20201205_143159.2020-12-04_20-34-37_000.jpg.1.png / val_Average = 0.0667	val_Variance = 8.9956	sd = 2.9993	max = 135	min = 0
[20201205_143200 / lib_ip.py:4378] len(Hs) = 8100, len(Ss) = 8100, len(Vs) = 8100
[20201205_143200 / lib_ip.py:4422] black : variance --> out of range (variance = 8.996 / upper = 0.000 / lower = 0.000)
[20201205_143200 / lib_ip.py:4593] file : img.20201205_143159.2020-12-04_20-34-37_000.jpg.1.png 0 (black : variance --> out of range (variance = 8.996 / upper = 0.000 / lower = 0.000))
[20201205_143200 / lib_ip.py:2274] inspecting ===> img.20201205_143159.2020-12-04_20-34-37_000.jpg.2.png
[20201205_143200 / lib_ip.py:4505] 
img.20201205_143159.2020-12-04_20-34-37_000.jpg.2.png 1 ---------------------
[20201205_143200 / lib_ip.py:3753] file = img.20201205_143159.2020-12-04_20-34-37_000.jpg.2.png / val_Average = 119.1226	val_Variance = 0.1332	sd = 0.3650	max = 120	min = 118
[20201205_143200 / lib_ip.py:3836] len(Hs) = 8100, len(Ss) = 8100, len(Vs) = 8100
[20201205_143200 / lib_ip.py:3891] yellow : average --> out of range (average = 119.123 / upper = 99.200 / lower = 85.500)
[20201205_143201 / lib_ip.py:3753] file = img.20201205_143159.2020-12-04_20-34-37_000.jpg.2.png / val_Average = 119.1226	val_Variance = 0.1332	sd = 0.3650	max = 120	min = 118
[20201205_143201 / lib_ip.py:3936] len(Hs) = 8100, len(Ss) = 8100, len(Vs) = 8100
[20201205_143201 / lib_ip.py:2274] inspecting ===> img.20201205_143159.2020-12-04_20-34-37_000.jpg.3.png
[20201205_143201 / lib_ip.py:4505] 
img.20201205_143159.2020-12-04_20-34-37_000.jpg.3.png 2 ---------------------
[20201205_143201 / lib_ip.py:3753] file = img.20201205_143159.2020-12-04_20-34-37_000.jpg.3.png / val_Average = 105.4877	val_Variance = 4.4871	sd = 2.1183	max = 110	min = 99
[20201205_143201 / lib_ip.py:3836] len(Hs) = 8100, len(Ss) = 8100, len(Vs) = 8100
[20201205_143201 / lib_ip.py:3869] yellow : variance --> out of range (variance = 4.487 / upper = 0.650 / lower = 0.000)
[20201205_143201 / lib_ip.py:3753] file = img.20201205_143159.2020-12-04_20-34-37_000.jpg.3.png / val_Average = 105.4877	val_Variance = 4.4871	sd = 2.1183	max = 110	min = 99
[20201205_143201 / lib_ip.py:3936] len(Hs) = 8100, len(Ss) = 8100, len(Vs) = 8100
[20201205_143201 / lib_ip.py:3982] red : variance --> out of range (variance = 4.487 / upper = 0.430 / lower = 0.000)
[20201205_143201 / lib_ip.py:3753] file = img.20201205_143159.2020-12-04_20-34-37_000.jpg.3.png / val_Average = 105.4877	val_Variance = 4.4871	sd = 2.1183	max = 110	min = 99
[20201205_143201 / lib_ip.py:4052] len(Hs) = 8100, len(Ss) = 8100, len(Vs) = 8100
[20201205_143201 / lib_ip.py:4099] green : variance --> out of range (variance = 4.487 / upper = 0.760 / lower = 0.000)
[20201205_143202 / lib_ip.py:3753] file = img.20201205_143159.2020-12-04_20-34-37_000.jpg.3.png / val_Average = 105.4877	val_Variance = 4.4871	sd = 2.1183	max = 110	min = 99
[20201205_143202 / lib_ip.py:4169] len(Hs) = 8100, len(Ss) = 8100, len(Vs) = 8100
[20201205_143202 / lib_ip.py:4208] blue : variance --> out of range (variance = 4.487 / upper = 0.930 / lower = 0.010)
[20201205_143202 / lib_ip.py:3753] file = img.20201205_143159.2020-12-04_20-34-37_000.jpg.3.png / val_Average = 105.4877	val_Variance = 4.4871	sd = 2.1183	max = 110	min = 99
[20201205_143202 / lib_ip.py:4275] len(Hs) = 8100, len(Ss) = 8100, len(Vs) = 8100
[20201205_143202 / lib_ip.py:4314] pink : variance --> out of range (variance = 4.487 / upper = 0.770 / lower = 0.030)
[20201205_143202 / lib_ip.py:3753] file = img.20201205_143159.2020-12-04_20-34-37_000.jpg.3.png / val_Average = 105.4877	val_Variance = 4.4871	sd = 2.1183	max = 110	min = 99
[20201205_143202 / lib_ip.py:4378] len(Hs) = 8100, len(Ss) = 8100, len(Vs) = 8100
[20201205_143202 / lib_ip.py:4422] black : variance --> out of range (variance = 4.487 / upper = 0.000 / lower = 0.000)
[20201205_143202 / lib_ip.py:4593] file : img.20201205_143159.2020-12-04_20-34-37_000.jpg.3.png 2 (black : variance --> out of range (variance = 4.487 / upper = 0.000 / lower = 0.000))
[20201205_143202 / lib_ip.py:2274] inspecting ===> img.20201205_143159.2020-12-04_20-34-37_000.jpg.4.png
[20201205_143202 / lib_ip.py:4505] 
img.20201205_143159.2020-12-04_20-34-37_000.jpg.4.png 3 ---------------------
[20201205_143203 / lib_ip.py:3753] file = img.20201205_143159.2020-12-04_20-34-37_000.jpg.4.png / val_Average = 78.3644	val_Variance = 0.3131	sd = 0.5596	max = 80	min = 76
[20201205_143203 / lib_ip.py:3836] len(Hs) = 8100, len(Ss) = 8100, len(Vs) = 8100
[20201205_143203 / lib_ip.py:3891] yellow : average --> out of range (average = 78.364 / upper = 99.200 / lower = 85.500)
[20201205_143203 / lib_ip.py:3753] file = img.20201205_143159.2020-12-04_20-34-37_000.jpg.4.png / val_Average = 78.3644	val_Variance = 0.3131	sd = 0.5596	max = 80	min = 76
[20201205_143203 / lib_ip.py:3936] len(Hs) = 8100, len(Ss) = 8100, len(Vs) = 8100
[20201205_143203 / lib_ip.py:4007] red : average --> out of range (average = 78.364 / upper = 124.600 / lower = 115.000)
[20201205_143203 / lib_ip.py:3753] file = img.20201205_143159.2020-12-04_20-34-37_000.jpg.4.png / val_Average = 78.3644	val_Variance = 0.3131	sd = 0.5596	max = 80	min = 76
[20201205_143203 / lib_ip.py:4052] len(Hs) = 8100, len(Ss) = 8100, len(Vs) = 8100
[20201205_143202 / lib_ip.py:2274] inspecting ===> img.20201205_143159.2020-12-04_20-34-37_000.jpg.4.png
img.20201205_143159.2020-12-04_20-34-37_000.jpg.1.png => other
img.20201205_143159.2020-12-04_20-34-37_000.jpg.2.png => other
img.20201205_143159.2020-12-04_20-34-37_000.jpg.3.png => other
img.20201205_143159.2020-12-04_20-34-37_000.jpg.4.png => other
[20201205_143203 lib_ip.py:3301] =============== Get 4 corners
dpath_Images = C:\WORKS_2\WS\WS_Others.Art\JVEMV6\46_art\VIRTUAL\Admin_Projects\ip\images
fname_Image = img.20201205_143159.2020-12-04_20-34-37_000.jpg.4.png

[20201205_143204 / lib_ip.py:2274] inspecting ===> img.20201205_143204.2020-12-04_20-35-20_000.jpg.1.png
[20201205_143204 / lib_ip.py:4505] 
img.20201205_143204.2020-12-04_20-35-20_000.jpg.1.png 0 ---------------------
[20201205_143204 / lib_ip.py:3753] file = img.20201205_143204.2020-12-04_20-35-20_000.jpg.1.png / val_Average = 80.7464	val_Variance = 312.5078	sd = 17.6779	max = 135	min = 0
[20201205_143204 / lib_ip.py:3836] len(Hs) = 8100, len(Ss) = 8100, len(Vs) = 8100
[20201205_143204 / lib_ip.py:3869] yellow : variance --> out of range (variance = 312.508 / upper = 0.650 / lower = 0.000)
[20201205_143204 / lib_ip.py:3753] file = img.20201205_143204.2020-12-04_20-35-20_000.jpg.1.png / val_Average = 80.7464	val_Variance = 312.5078	sd = 17.6779	max = 135	min = 0
[20201205_143205 / lib_ip.py:3936] len(Hs) = 8100, len(Ss) = 8100, len(Vs) = 8100
[20201205_143205 / lib_ip.py:3982] red : variance --> out of range (variance = 312.508 / upper = 0.430 / lower = 0.000)
[20201205_143205 / lib_ip.py:3753] file = img.20201205_143204.2020-12-04_20-35-20_000.jpg.1.png / val_Average = 80.7464	val_Variance = 312.5078	sd = 17.6779	max = 135	min = 0
[20201205_143205 / lib_ip.py:4052] len(Hs) = 8100, len(Ss) = 8100, len(Vs) = 8100
[20201205_143205 / lib_ip.py:4099] green : variance --> out of range (variance = 312.508 / upper = 0.760 / lower = 0.000)
[20201205_143205 / lib_ip.py:3753] file = img.20201205_143204.2020-12-04_20-35-20_000.jpg.1.png / val_Average = 80.7464	val_Variance = 312.5078	sd = 17.6779	max = 135	min = 0
[20201205_143205 / lib_ip.py:4169] len(Hs) = 8100, len(Ss) = 8100, len(Vs) = 8100
[20201205_143205 / lib_ip.py:4208] blue : variance --> out of range (variance = 312.508 / upper = 0.930 / lower = 0.010)
[20201205_143205 / lib_ip.py:3753] file = img.20201205_143204.2020-12-04_20-35-20_000.jpg.1.png / val_Average = 80.7464	val_Variance = 312.5078	sd = 17.6779	max = 135	min = 0
[20201205_143205 / lib_ip.py:4275] len(Hs) = 8100, len(Ss) = 8100, len(Vs) = 8100
[20201205_143205 / lib_ip.py:4314] pink : variance --> out of range (variance = 312.508 / upper = 0.770 / lower = 0.030)
[20201205_143205 / lib_ip.py:3753] file = img.20201205_143204.2020-12-04_20-35-20_000.jpg.1.png / val_Average = 80.7464	val_Variance = 312.5078	sd = 17.6779	max = 135	min = 0
[20201205_143205 / lib_ip.py:4378] len(Hs) = 8100, len(Ss) = 8100, len(Vs) = 8100
[20201205_143205 / lib_ip.py:4422] black : variance --> out of range (variance = 312.508 / upper = 0.000 / lower = 0.000)
[20201205_143205 / lib_ip.py:4593] file : img.20201205_143204.2020-12-04_20-35-20_000.jpg.1.png 0 (black : variance --> out of range (variance = 312.508 / upper = 0.000 / lower = 0.000))
[20201205_143205 / lib_ip.py:2274] inspecting ===> img.20201205_143204.2020-12-04_20-35-20_000.jpg.2.png
[20201205_143205 / lib_ip.py:4505] 
img.20201205_143204.2020-12-04_20-35-20_000.jpg.2.png 1 ---------------------
[20201205_143205 / lib_ip.py:3753] file = img.20201205_143204.2020-12-04_20-35-20_000.jpg.2.png / val_Average = 70.3965	val_Variance = 542.0408	sd = 23.2818	max = 98	min = 0
[20201205_143205 / lib_ip.py:3836] len(Hs) = 8100, len(Ss) = 8100, len(Vs) = 8100
[20201205_143206 / lib_ip.py:3869] yellow : variance --> out of range (variance = 542.041 / upper = 0.650 / lower = 0.000)
[20201205_143206 / lib_ip.py:3753] file = img.20201205_143204.2020-12-04_20-35-20_000.jpg.2.png / val_Average = 70.3965	val_Variance = 542.0408	sd = 23.2818	max = 98	min = 0
[20201205_143206 / lib_ip.py:3936] len(Hs) = 8100, len(Ss) = 8100, len(Vs) = 8100
[20201205_143206 / lib_ip.py:3982] red : variance --> out of range (variance = 542.041 / upper = 0.430 / lower = 0.000)
[20201205_143206 / lib_ip.py:3753] file = img.20201205_143204.2020-12-04_20-35-20_000.jpg.2.png / val_Average = 70.3965	val_Variance = 542.0408	sd = 23.2818	max = 98	min = 0
[20201205_143206 / lib_ip.py:4052] len(Hs) = 8100, len(Ss) = 8100, len(Vs) = 8100
[20201205_143206 / lib_ip.py:4099] green : variance --> out of range (variance = 542.041 / upper = 0.760 / lower = 0.000)
[20201205_143206 / lib_ip.py:3753] file = img.20201205_143204.2020-12-04_20-35-20_000.jpg.2.png / val_Average = 70.3965	val_Variance = 542.0408	sd = 23.2818	max = 98	min = 0
[20201205_143206 / lib_ip.py:4169] len(Hs) = 8100, len(Ss) = 8100, len(Vs) = 8100
[20201205_143206 / lib_ip.py:4208] blue : variance --> out of range (variance = 542.041 / upper = 0.930 / lower = 0.010)
[20201205_143206 / lib_ip.py:3753] file = img.20201205_143204.2020-12-04_20-35-20_000.jpg.2.png / val_Average = 70.3965	val_Variance = 542.0408	sd = 23.2818	max = 98	min = 0
[20201205_143206 / lib_ip.py:4275] len(Hs) = 8100, len(Ss) = 8100, len(Vs) = 8100
[20201205_143206 / lib_ip.py:4314] pink : variance --> out of range (variance = 542.041 / upper = 0.770 / lower = 0.030)
[20201205_143206 / lib_ip.py:3753] file = img.20201205_143204.2020-12-04_20-35-20_000.jpg.2.png / val_Average = 70.3965	val_Variance = 542.0408	sd = 23.2818	max = 98	min = 0
[20201205_143206 / lib_ip.py:4378] len(Hs) = 8100, len(Ss) = 8100, len(Vs) = 8100
[20201205_143206 / lib_ip.py:4422] black : variance --> out of range (variance = 542.041 / upper = 0.000 / lower = 0.000)
[20201205_143206 / lib_ip.py:4593] file : img.20201205_143204.2020-12-04_20-35-20_000.jpg.2.png 1 (black : variance --> out of range (variance = 542.041 / upper = 0.000 / lower = 0.000))
[20201205_143206 / lib_ip.py:2274] inspecting ===> img.20201205_143204.2020-12-04_20-35-20_000.jpg.3.png
[20201205_143207 / lib_ip.py:4505] 
img.20201205_143204.2020-12-04_20-35-20_000.jpg.3.png 2 ---------------------
[20201205_143207 / lib_ip.py:3753] file = img.20201205_143204.2020-12-04_20-35-20_000.jpg.3.png / val_Average = 90.2495	val_Variance = 0.5354	sd = 0.7317	max = 92	min = 88
[20201205_143207 / lib_ip.py:3836] len(Hs) = 8100, len(Ss) = 8100, len(Vs) = 8100
[20201205_143207 / lib_ip.py:2274] inspecting ===> img.20201205_143204.2020-12-04_20-35-20_000.jpg.4.png
[20201205_143207 / lib_ip.py:4505] 
img.20201205_143204.2020-12-04_20-35-20_000.jpg.4.png 3 ---------------------
[20201205_143207 / lib_ip.py:3753] file = img.20201205_143204.2020-12-04_20-35-20_000.jpg.4.png / val_Average = 23.0678	val_Variance = 62.5378	sd = 7.9081	max = 45	min = 0
[20201205_143207 / lib_ip.py:3836] len(Hs) = 8100, len(Ss) = 8100, len(Vs) = 8100
[20201205_143207 / lib_ip.py:3869] yellow : variance --> out of range (variance = 62.538 / upper = 0.650 / lower = 0.000)
[20201205_143207 / lib_ip.py:3753] file = img.20201205_143204.2020-12-04_20-35-20_000.jpg.4.png / val_Average = 23.0678	val_Variance = 62.5378	sd = 7.9081	max = 45	min = 0
[20201205_143207 / lib_ip.py:3936] len(Hs) = 8100, len(Ss) = 8100, len(Vs) = 8100
[20201205_143207 / lib_ip.py:3982] red : variance --> out of range (variance = 62.538 / upper = 0.430 / lower = 0.000)
[20201205_143208 / lib_ip.py:3753] file = img.20201205_143204.2020-12-04_20-35-20_000.jpg.4.png / val_Average = 23.0678	val_Variance = 62.5378	sd = 7.9081	max = 45	min = 0
[20201205_143208 / lib_ip.py:4052] len(Hs) = 8100, len(Ss) = 8100, len(Vs) = 8100
[20201205_143208 / lib_ip.py:4099] green : variance --> out of range (variance = 62.538 / upper = 0.760 / lower = 0.000)
[20201205_143208 / lib_ip.py:3753] file = img.20201205_143204.2020-12-04_20-35-20_000.jpg.4.png / val_Average = 23.0678	val_Variance = 62.5378	sd = 7.9081	max = 45	min = 0
[20201205_143208 / lib_ip.py:4169] len(Hs) = 8100, len(Ss) = 8100, len(Vs) = 8100
[20201205_143208 / lib_ip.py:4208] blue : variance --> out of range (variance = 62.538 / upper = 0.930 / lower = 0.010)
[20201205_143208 / lib_ip.py:3753] file = img.20201205_143204.2020-12-04_20-35-20_000.jpg.4.png / val_Average = 23.0678	val_Variance = 62.5378	sd = 7.9081	max = 45	min = 0
[20201205_143208 / lib_ip.py:4275] len(Hs) = 8100, len(Ss) = 8100, len(Vs) = 8100
[20201205_143208 / lib_ip.py:4314] pink : variance --> out of range (variance = 62.538 / upper = 0.770 / lower = 0.030)
[20201205_143208 / lib_ip.py:3753] file = img.20201205_143204.2020-12-04_20-35-20_000.jpg.4.png / val_Average = 23.0678	val_Variance = 62.5378	sd = 7.9081	max = 45	min = 0
[20201205_143208 / lib_ip.py:4378] len(Hs) = 8100, len(Ss) = 8100, len(Vs) = 8100
[20201205_143208 / lib_ip.py:4422] black : variance --> out of range (variance = 62.538 / upper = 0.000 / lower = 0.000)
[20201205_143208 / lib_ip.py:4593] file : img.20201205_143204.2020-12-04_20-35-20_000.jpg.4.png 3 (black : variance --> out of range (variance = 62.538 / upper = 0.000 / lower = 0.000))
[20201205_143207 / lib_ip.py:2274] inspecting ===> img.20201205_143204.2020-12-04_20-35-20_000.jpg.4.png
img.20201205_143204.2020-12-04_20-35-20_000.jpg.1.png => other
img.20201205_143204.2020-12-04_20-35-20_000.jpg.2.png => other
img.20201205_143204.2020-12-04_20-35-20_000.jpg.3.png => other
img.20201205_143204.2020-12-04_20-35-20_000.jpg.4.png => other
[20201205_143208 lib_ip.py:3301] =============== Get 4 corners
dpath_Images = C:\WORKS_2\WS\WS_Others.Art\JVEMV6\46_art\VIRTUAL\Admin_Projects\ip\images
fname_Image = img.20201205_143204.2020-12-04_20-35-20_000.jpg.4.png

[20201205_143209 / lib_ip.py:2274] inspecting ===> img.20201205_143209.2020-12-05_11-30-09_000.jpg.1.png
[20201205_143209 / lib_ip.py:4505] 
img.20201205_143209.2020-12-05_11-30-09_000.jpg.1.png 0 ---------------------
[20201205_143209 / lib_ip.py:3753] file = img.20201205_143209.2020-12-05_11-30-09_000.jpg.1.png / val_Average = 114.7763	val_Variance = 35.8705	sd = 5.9892	max = 144	min = 96
[20201205_143209 / lib_ip.py:3836] len(Hs) = 8100, len(Ss) = 8100, len(Vs) = 8100
[20201205_143209 / lib_ip.py:3869] yellow : variance --> out of range (variance = 35.870 / upper = 0.650 / lower = 0.000)
[20201205_143209 / lib_ip.py:3753] file = img.20201205_143209.2020-12-05_11-30-09_000.jpg.1.png / val_Average = 114.7763	val_Variance = 35.8705	sd = 5.9892	max = 144	min = 96
[20201205_143209 / lib_ip.py:3936] len(Hs) = 8100, len(Ss) = 8100, len(Vs) = 8100
[20201205_143210 / lib_ip.py:3982] red : variance --> out of range (variance = 35.870 / upper = 0.430 / lower = 0.000)
[20201205_143210 / lib_ip.py:3753] file = img.20201205_143209.2020-12-05_11-30-09_000.jpg.1.png / val_Average = 114.7763	val_Variance = 35.8705	sd = 5.9892	max = 144	min = 96
[20201205_143210 / lib_ip.py:4052] len(Hs) = 8100, len(Ss) = 8100, len(Vs) = 8100
[20201205_143210 / lib_ip.py:4099] green : variance --> out of range (variance = 35.870 / upper = 0.760 / lower = 0.000)
[20201205_143210 / lib_ip.py:3753] file = img.20201205_143209.2020-12-05_11-30-09_000.jpg.1.png / val_Average = 114.7763	val_Variance = 35.8705	sd = 5.9892	max = 144	min = 96
[20201205_143210 / lib_ip.py:4169] len(Hs) = 8100, len(Ss) = 8100, len(Vs) = 8100
[20201205_143210 / lib_ip.py:4208] blue : variance --> out of range (variance = 35.870 / upper = 0.930 / lower = 0.010)
[20201205_143210 / lib_ip.py:3753] file = img.20201205_143209.2020-12-05_11-30-09_000.jpg.1.png / val_Average = 114.7763	val_Variance = 35.8705	sd = 5.9892	max = 144	min = 96
[20201205_143210 / lib_ip.py:4275] len(Hs) = 8100, len(Ss) = 8100, len(Vs) = 8100
[20201205_143210 / lib_ip.py:4314] pink : variance --> out of range (variance = 35.870 / upper = 0.770 / lower = 0.030)
[20201205_143210 / lib_ip.py:3753] file = img.20201205_143209.2020-12-05_11-30-09_000.jpg.1.png / val_Average = 114.7763	val_Variance = 35.8705	sd = 5.9892	max = 144	min = 96
[20201205_143210 / lib_ip.py:4378] len(Hs) = 8100, len(Ss) = 8100, len(Vs) = 8100
[20201205_143210 / lib_ip.py:4422] black : variance --> out of range (variance = 35.870 / upper = 0.000 / lower = 0.000)
[20201205_143210 / lib_ip.py:4593] file : img.20201205_143209.2020-12-05_11-30-09_000.jpg.1.png 0 (black : variance --> out of range (variance = 35.870 / upper = 0.000 / lower = 0.000))
[20201205_143210 / lib_ip.py:2274] inspecting ===> img.20201205_143209.2020-12-05_11-30-09_000.jpg.2.png
[20201205_143211 / lib_ip.py:4505] 
img.20201205_143209.2020-12-05_11-30-09_000.jpg.2.png 1 ---------------------
[20201205_143211 / lib_ip.py:3753] file = img.20201205_143209.2020-12-05_11-30-09_000.jpg.2.png / val_Average = 37.4691	val_Variance = 151.6377	sd = 12.3141	max = 83	min = 0
[20201205_143211 / lib_ip.py:3836] len(Hs) = 8100, len(Ss) = 8100, len(Vs) = 8100
[20201205_143211 / lib_ip.py:3869] yellow : variance --> out of range (variance = 151.638 / upper = 0.650 / lower = 0.000)
[20201205_143211 / lib_ip.py:3753] file = img.20201205_143209.2020-12-05_11-30-09_000.jpg.2.png / val_Average = 37.4691	val_Variance = 151.6377	sd = 12.3141	max = 83	min = 0
[20201205_143211 / lib_ip.py:3936] len(Hs) = 8100, len(Ss) = 8100, len(Vs) = 8100
[20201205_143211 / lib_ip.py:3982] red : variance --> out of range (variance = 151.638 / upper = 0.430 / lower = 0.000)
[20201205_143211 / lib_ip.py:3753] file = img.20201205_143209.2020-12-05_11-30-09_000.jpg.2.png / val_Average = 37.4691	val_Variance = 151.6377	sd = 12.3141	max = 83	min = 0
[20201205_143211 / lib_ip.py:4052] len(Hs) = 8100, len(Ss) = 8100, len(Vs) = 8100
[20201205_143211 / lib_ip.py:4099] green : variance --> out of range (variance = 151.638 / upper = 0.760 / lower = 0.000)
[20201205_143211 / lib_ip.py:3753] file = img.20201205_143209.2020-12-05_11-30-09_000.jpg.2.png / val_Average = 37.4691	val_Variance = 151.6377	sd = 12.3141	max = 83	min = 0
[20201205_143211 / lib_ip.py:4169] len(Hs) = 8100, len(Ss) = 8100, len(Vs) = 8100
[20201205_143211 / lib_ip.py:4208] blue : variance --> out of range (variance = 151.638 / upper = 0.930 / lower = 0.010)
[20201205_143211 / lib_ip.py:3753] file = img.20201205_143209.2020-12-05_11-30-09_000.jpg.2.png / val_Average = 37.4691	val_Variance = 151.6377	sd = 12.3141	max = 83	min = 0
[20201205_143211 / lib_ip.py:4275] len(Hs) = 8100, len(Ss) = 8100, len(Vs) = 8100
[20201205_143211 / lib_ip.py:4314] pink : variance --> out of range (variance = 151.638 / upper = 0.770 / lower = 0.030)
[20201205_143211 / lib_ip.py:3753] file = img.20201205_143209.2020-12-05_11-30-09_000.jpg.2.png / val_Average = 37.4691	val_Variance = 151.6377	sd = 12.3141	max = 83	min = 0
[20201205_143211 / lib_ip.py:4378] len(Hs) = 8100, len(Ss) = 8100, len(Vs) = 8100
[20201205_143211 / lib_ip.py:4422] black : variance --> out of range (variance = 151.638 / upper = 0.000 / lower = 0.000)
[20201205_143212 / lib_ip.py:4593] file : img.20201205_143209.2020-12-05_11-30-09_000.jpg.2.png 1 (black : variance --> out of range (variance = 151.638 / upper = 0.000 / lower = 0.000))
[20201205_143212 / lib_ip.py:2274] inspecting ===> img.20201205_143209.2020-12-05_11-30-09_000.jpg.3.png
[20201205_143212 / lib_ip.py:4505] 
img.20201205_143209.2020-12-05_11-30-09_000.jpg.3.png 2 ---------------------
[20201205_143212 / lib_ip.py:3753] file = img.20201205_143209.2020-12-05_11-30-09_000.jpg.3.png / val_Average = 105.0102	val_Variance = 1.5934	sd = 1.2623	max = 113	min = 99
[20201205_143212 / lib_ip.py:3836] len(Hs) = 8100, len(Ss) = 8100, len(Vs) = 8100
[20201205_143212 / lib_ip.py:3869] yellow : variance --> out of range (variance = 1.593 / upper = 0.650 / lower = 0.000)
[20201205_143212 / lib_ip.py:3753] file = img.20201205_143209.2020-12-05_11-30-09_000.jpg.3.png / val_Average = 105.0102	val_Variance = 1.5934	sd = 1.2623	max = 113	min = 99
[20201205_143212 / lib_ip.py:3936] len(Hs) = 8100, len(Ss) = 8100, len(Vs) = 8100
[20201205_143212 / lib_ip.py:3982] red : variance --> out of range (variance = 1.593 / upper = 0.430 / lower = 0.000)
[20201205_143212 / lib_ip.py:3753] file = img.20201205_143209.2020-12-05_11-30-09_000.jpg.3.png / val_Average = 105.0102	val_Variance = 1.5934	sd = 1.2623	max = 113	min = 99
[20201205_143212 / lib_ip.py:4052] len(Hs) = 8100, len(Ss) = 8100, len(Vs) = 8100
[20201205_143212 / lib_ip.py:4099] green : variance --> out of range (variance = 1.593 / upper = 0.760 / lower = 0.000)
[20201205_143212 / lib_ip.py:3753] file = img.20201205_143209.2020-12-05_11-30-09_000.jpg.3.png / val_Average = 105.0102	val_Variance = 1.5934	sd = 1.2623	max = 113	min = 99
[20201205_143212 / lib_ip.py:4169] len(Hs) = 8100, len(Ss) = 8100, len(Vs) = 8100
[20201205_143212 / lib_ip.py:4208] blue : variance --> out of range (variance = 1.593 / upper = 0.930 / lower = 0.010)
[20201205_143212 / lib_ip.py:3753] file = img.20201205_143209.2020-12-05_11-30-09_000.jpg.3.png / val_Average = 105.0102	val_Variance = 1.5934	sd = 1.2623	max = 113	min = 99
[20201205_143213 / lib_ip.py:4275] len(Hs) = 8100, len(Ss) = 8100, len(Vs) = 8100
[20201205_143213 / lib_ip.py:4314] pink : variance --> out of range (variance = 1.593 / upper = 0.770 / lower = 0.030)
[20201205_143213 / lib_ip.py:3753] file = img.20201205_143209.2020-12-05_11-30-09_000.jpg.3.png / val_Average = 105.0102	val_Variance = 1.5934	sd = 1.2623	max = 113	min = 99
[20201205_143213 / lib_ip.py:4378] len(Hs) = 8100, len(Ss) = 8100, len(Vs) = 8100
[20201205_143213 / lib_ip.py:4422] black : variance --> out of range (variance = 1.593 / upper = 0.000 / lower = 0.000)
[20201205_143213 / lib_ip.py:4593] file : img.20201205_143209.2020-12-05_11-30-09_000.jpg.3.png 2 (black : variance --> out of range (variance = 1.593 / upper = 0.000 / lower = 0.000))
[20201205_143213 / lib_ip.py:2274] inspecting ===> img.20201205_143209.2020-12-05_11-30-09_000.jpg.4.png
[20201205_143213 / lib_ip.py:4505] 
img.20201205_143209.2020-12-05_11-30-09_000.jpg.4.png 3 ---------------------
[20201205_143213 / lib_ip.py:3753] file = img.20201205_143209.2020-12-05_11-30-09_000.jpg.4.png / val_Average = 105.2788	val_Variance = 2.1396	sd = 1.4627	max = 109	min = 99
[20201205_143213 / lib_ip.py:3836] len(Hs) = 8100, len(Ss) = 8100, len(Vs) = 8100
[20201205_143213 / lib_ip.py:3869] yellow : variance --> out of range (variance = 2.140 / upper = 0.650 / lower = 0.000)
[20201205_143213 / lib_ip.py:3753] file = img.20201205_143209.2020-12-05_11-30-09_000.jpg.4.png / val_Average = 105.2788	val_Variance = 2.1396	sd = 1.4627	max = 109	min = 99
[20201205_143213 / lib_ip.py:3936] len(Hs) = 8100, len(Ss) = 8100, len(Vs) = 8100
[20201205_143213 / lib_ip.py:3982] red : variance --> out of range (variance = 2.140 / upper = 0.430 / lower = 0.000)
[20201205_143214 / lib_ip.py:3753] file = img.20201205_143209.2020-12-05_11-30-09_000.jpg.4.png / val_Average = 105.2788	val_Variance = 2.1396	sd = 1.4627	max = 109	min = 99
[20201205_143214 / lib_ip.py:4052] len(Hs) = 8100, len(Ss) = 8100, len(Vs) = 8100
[20201205_143214 / lib_ip.py:4099] green : variance --> out of range (variance = 2.140 / upper = 0.760 / lower = 0.000)
[20201205_143214 / lib_ip.py:3753] file = img.20201205_143209.2020-12-05_11-30-09_000.jpg.4.png / val_Average = 105.2788	val_Variance = 2.1396	sd = 1.4627	max = 109	min = 99
[20201205_143214 / lib_ip.py:4169] len(Hs) = 8100, len(Ss) = 8100, len(Vs) = 8100
[20201205_143214 / lib_ip.py:4208] blue : variance --> out of range (variance = 2.140 / upper = 0.930 / lower = 0.010)
[20201205_143214 / lib_ip.py:3753] file = img.20201205_143209.2020-12-05_11-30-09_000.jpg.4.png / val_Average = 105.2788	val_Variance = 2.1396	sd = 1.4627	max = 109	min = 99
[20201205_143214 / lib_ip.py:4275] len(Hs) = 8100, len(Ss) = 8100, len(Vs) = 8100
[20201205_143214 / lib_ip.py:4314] pink : variance --> out of range (variance = 2.140 / upper = 0.770 / lower = 0.030)
[20201205_143214 / lib_ip.py:3753] file = img.20201205_143209.2020-12-05_11-30-09_000.jpg.4.png / val_Average = 105.2788	val_Variance = 2.1396	sd = 1.4627	max = 109	min = 99
[20201205_143214 / lib_ip.py:4378] len(Hs) = 8100, len(Ss) = 8100, len(Vs) = 8100
[20201205_143214 / lib_ip.py:4422] black : variance --> out of range (variance = 2.140 / upper = 0.000 / lower = 0.000)
[20201205_143214 / lib_ip.py:4593] file : img.20201205_143209.2020-12-05_11-30-09_000.jpg.4.png 3 (black : variance --> out of range (variance = 2.140 / upper = 0.000 / lower = 0.000))
[20201205_143213 / lib_ip.py:2274] inspecting ===> img.20201205_143209.2020-12-05_11-30-09_000.jpg.4.png
img.20201205_143209.2020-12-05_11-30-09_000.jpg.1.png => other
img.20201205_143209.2020-12-05_11-30-09_000.jpg.2.png => other
img.20201205_143209.2020-12-05_11-30-09_000.jpg.3.png => other
img.20201205_143209.2020-12-05_11-30-09_000.jpg.4.png => other
[20201205_143214 lib_ip.py:3301] =============== Get 4 corners
dpath_Images = C:\WORKS_2\WS\WS_Others.Art\JVEMV6\46_art\VIRTUAL\Admin_Projects\ip\images
fname_Image = img.20201205_143209.2020-12-05_11-30-09_000.jpg.4.png

[20201205_143215 / lib_ip.py:2274] inspecting ===> img.20201205_143215.2020-12-05_11-44-43_000.jpg.1.png
[20201205_143215 / lib_ip.py:4505] 
img.20201205_143215.2020-12-05_11-44-43_000.jpg.1.png 0 ---------------------
[20201205_143216 / lib_ip.py:3753] file = img.20201205_143215.2020-12-05_11-44-43_000.jpg.1.png / val_Average = 25.5333	val_Variance = 596.0731	sd = 24.4146	max = 174	min = 0
[20201205_143216 / lib_ip.py:3836] len(Hs) = 8100, len(Ss) = 8100, len(Vs) = 8100
[20201205_143216 / lib_ip.py:3869] yellow : variance --> out of range (variance = 596.073 / upper = 0.650 / lower = 0.000)
[20201205_143216 / lib_ip.py:3753] file = img.20201205_143215.2020-12-05_11-44-43_000.jpg.1.png / val_Average = 25.5333	val_Variance = 596.0731	sd = 24.4146	max = 174	min = 0
[20201205_143216 / lib_ip.py:3936] len(Hs) = 8100, len(Ss) = 8100, len(Vs) = 8100
[20201205_143216 / lib_ip.py:3982] red : variance --> out of range (variance = 596.073 / upper = 0.430 / lower = 0.000)
[20201205_143216 / lib_ip.py:3753] file = img.20201205_143215.2020-12-05_11-44-43_000.jpg.1.png / val_Average = 25.5333	val_Variance = 596.0731	sd = 24.4146	max = 174	min = 0
[20201205_143216 / lib_ip.py:4052] len(Hs) = 8100, len(Ss) = 8100, len(Vs) = 8100
[20201205_143216 / lib_ip.py:4099] green : variance --> out of range (variance = 596.073 / upper = 0.760 / lower = 0.000)
[20201205_143216 / lib_ip.py:3753] file = img.20201205_143215.2020-12-05_11-44-43_000.jpg.1.png / val_Average = 25.5333	val_Variance = 596.0731	sd = 24.4146	max = 174	min = 0
[20201205_143216 / lib_ip.py:4169] len(Hs) = 8100, len(Ss) = 8100, len(Vs) = 8100
[20201205_143216 / lib_ip.py:4208] blue : variance --> out of range (variance = 596.073 / upper = 0.930 / lower = 0.010)
[20201205_143216 / lib_ip.py:3753] file = img.20201205_143215.2020-12-05_11-44-43_000.jpg.1.png / val_Average = 25.5333	val_Variance = 596.0731	sd = 24.4146	max = 174	min = 0
[20201205_143216 / lib_ip.py:4275] len(Hs) = 8100, len(Ss) = 8100, len(Vs) = 8100
[20201205_143216 / lib_ip.py:4314] pink : variance --> out of range (variance = 596.073 / upper = 0.770 / lower = 0.030)
[20201205_143216 / lib_ip.py:3753] file = img.20201205_143215.2020-12-05_11-44-43_000.jpg.1.png / val_Average = 25.5333	val_Variance = 596.0731	sd = 24.4146	max = 174	min = 0
[20201205_143216 / lib_ip.py:4378] len(Hs) = 8100, len(Ss) = 8100, len(Vs) = 8100
[20201205_143216 / lib_ip.py:4422] black : variance --> out of range (variance = 596.073 / upper = 0.000 / lower = 0.000)
[20201205_143216 / lib_ip.py:4593] file : img.20201205_143215.2020-12-05_11-44-43_000.jpg.1.png 0 (black : variance --> out of range (variance = 596.073 / upper = 0.000 / lower = 0.000))
[20201205_143216 / lib_ip.py:2274] inspecting ===> img.20201205_143215.2020-12-05_11-44-43_000.jpg.2.png
[20201205_143217 / lib_ip.py:4505] 
img.20201205_143215.2020-12-05_11-44-43_000.jpg.2.png 1 ---------------------
[20201205_143217 / lib_ip.py:3753] file = img.20201205_143215.2020-12-05_11-44-43_000.jpg.2.png / val_Average = 114.6169	val_Variance = 32.4709	sd = 5.6983	max = 130	min = 100
[20201205_143217 / lib_ip.py:3836] len(Hs) = 8100, len(Ss) = 8100, len(Vs) = 8100
[20201205_143217 / lib_ip.py:3869] yellow : variance --> out of range (variance = 32.471 / upper = 0.650 / lower = 0.000)
[20201205_143217 / lib_ip.py:3753] file = img.20201205_143215.2020-12-05_11-44-43_000.jpg.2.png / val_Average = 114.6169	val_Variance = 32.4709	sd = 5.6983	max = 130	min = 100
[20201205_143217 / lib_ip.py:3936] len(Hs) = 8100, len(Ss) = 8100, len(Vs) = 8100
[20201205_143217 / lib_ip.py:3982] red : variance --> out of range (variance = 32.471 / upper = 0.430 / lower = 0.000)
[20201205_143217 / lib_ip.py:3753] file = img.20201205_143215.2020-12-05_11-44-43_000.jpg.2.png / val_Average = 114.6169	val_Variance = 32.4709	sd = 5.6983	max = 130	min = 100
[20201205_143217 / lib_ip.py:4052] len(Hs) = 8100, len(Ss) = 8100, len(Vs) = 8100
[20201205_143217 / lib_ip.py:4099] green : variance --> out of range (variance = 32.471 / upper = 0.760 / lower = 0.000)
[20201205_143218 / lib_ip.py:3753] file = img.20201205_143215.2020-12-05_11-44-43_000.jpg.2.png / val_Average = 114.6169	val_Variance = 32.4709	sd = 5.6983	max = 130	min = 100
[20201205_143218 / lib_ip.py:4169] len(Hs) = 8100, len(Ss) = 8100, len(Vs) = 8100
[20201205_143218 / lib_ip.py:4208] blue : variance --> out of range (variance = 32.471 / upper = 0.930 / lower = 0.010)
[20201205_143218 / lib_ip.py:3753] file = img.20201205_143215.2020-12-05_11-44-43_000.jpg.2.png / val_Average = 114.6169	val_Variance = 32.4709	sd = 5.6983	max = 130	min = 100
[20201205_143218 / lib_ip.py:4275] len(Hs) = 8100, len(Ss) = 8100, len(Vs) = 8100
[20201205_143218 / lib_ip.py:4314] pink : variance --> out of range (variance = 32.471 / upper = 0.770 / lower = 0.030)
[20201205_143218 / lib_ip.py:3753] file = img.20201205_143215.2020-12-05_11-44-43_000.jpg.2.png / val_Average = 114.6169	val_Variance = 32.4709	sd = 5.6983	max = 130	min = 100
[20201205_143218 / lib_ip.py:4378] len(Hs) = 8100, len(Ss) = 8100, len(Vs) = 8100
[20201205_143218 / lib_ip.py:4422] black : variance --> out of range (variance = 32.471 / upper = 0.000 / lower = 0.000)
[20201205_143218 / lib_ip.py:4593] file : img.20201205_143215.2020-12-05_11-44-43_000.jpg.2.png 1 (black : variance --> out of range (variance = 32.471 / upper = 0.000 / lower = 0.000))
[20201205_143218 / lib_ip.py:2274] inspecting ===> img.20201205_143215.2020-12-05_11-44-43_000.jpg.3.png
[20201205_143218 / lib_ip.py:4505] 
img.20201205_143215.2020-12-05_11-44-43_000.jpg.3.png 2 ---------------------
[20201205_143218 / lib_ip.py:3753] file = img.20201205_143215.2020-12-05_11-44-43_000.jpg.3.png / val_Average = 80.2423	val_Variance = 0.1858	sd = 0.4311	max = 81	min = 79
[20201205_143218 / lib_ip.py:3836] len(Hs) = 8100, len(Ss) = 8100, len(Vs) = 8100
[20201205_143218 / lib_ip.py:3891] yellow : average --> out of range (average = 80.242 / upper = 99.200 / lower = 85.500)
[20201205_143219 / lib_ip.py:3753] file = img.20201205_143215.2020-12-05_11-44-43_000.jpg.3.png / val_Average = 80.2423	val_Variance = 0.1858	sd = 0.4311	max = 81	min = 79
[20201205_143219 / lib_ip.py:3936] len(Hs) = 8100, len(Ss) = 8100, len(Vs) = 8100
[20201205_143219 / lib_ip.py:4007] red : average --> out of range (average = 80.242 / upper = 124.600 / lower = 115.000)
[20201205_143219 / lib_ip.py:3753] file = img.20201205_143215.2020-12-05_11-44-43_000.jpg.3.png / val_Average = 80.2423	val_Variance = 0.1858	sd = 0.4311	max = 81	min = 79
[20201205_143219 / lib_ip.py:4052] len(Hs) = 8100, len(Ss) = 8100, len(Vs) = 8100
[20201205_143219 / lib_ip.py:2274] inspecting ===> img.20201205_143215.2020-12-05_11-44-43_000.jpg.4.png
[20201205_143219 / lib_ip.py:4505] 
img.20201205_143215.2020-12-05_11-44-43_000.jpg.4.png 3 ---------------------
[20201205_143219 / lib_ip.py:3753] file = img.20201205_143215.2020-12-05_11-44-43_000.jpg.4.png / val_Average = 119.5380	val_Variance = 0.2486	sd = 0.4986	max = 120	min = 119
[20201205_143219 / lib_ip.py:3836] len(Hs) = 8100, len(Ss) = 8100, len(Vs) = 8100
[20201205_143220 / lib_ip.py:3891] yellow : average --> out of range (average = 119.538 / upper = 99.200 / lower = 85.500)
[20201205_143220 / lib_ip.py:3753] file = img.20201205_143215.2020-12-05_11-44-43_000.jpg.4.png / val_Average = 119.5380	val_Variance = 0.2486	sd = 0.4986	max = 120	min = 119
[20201205_143220 / lib_ip.py:3936] len(Hs) = 8100, len(Ss) = 8100, len(Vs) = 8100
[20201205_143219 / lib_ip.py:2274] inspecting ===> img.20201205_143215.2020-12-05_11-44-43_000.jpg.4.png
img.20201205_143215.2020-12-05_11-44-43_000.jpg.1.png => other
img.20201205_143215.2020-12-05_11-44-43_000.jpg.2.png => other
img.20201205_143215.2020-12-05_11-44-43_000.jpg.3.png => other
img.20201205_143215.2020-12-05_11-44-43_000.jpg.4.png => other
[20201205_143220 lib_ip.py:3301] =============== Get 4 corners
dpath_Images = C:\WORKS_2\WS\WS_Others.Art\JVEMV6\46_art\VIRTUAL\Admin_Projects\ip\images
fname_Image = img.20201205_143215.2020-12-05_11-44-43_000.jpg.4.png

[20201205_143221 / lib_ip.py:2274] inspecting ===> img.20201205_143220.2020-12-05_13-16-04_000.jpg.1.png
[20201205_143221 / lib_ip.py:4505] 
img.20201205_143220.2020-12-05_13-16-04_000.jpg.1.png 0 ---------------------
[20201205_143221 / lib_ip.py:3753] file = img.20201205_143220.2020-12-05_13-16-04_000.jpg.1.png / val_Average = 101.5347	val_Variance = 8.4703	sd = 2.9104	max = 114	min = 90
[20201205_143221 / lib_ip.py:3836] len(Hs) = 8100, len(Ss) = 8100, len(Vs) = 8100
[20201205_143221 / lib_ip.py:3869] yellow : variance --> out of range (variance = 8.470 / upper = 0.650 / lower = 0.000)
[20201205_143221 / lib_ip.py:3753] file = img.20201205_143220.2020-12-05_13-16-04_000.jpg.1.png / val_Average = 101.5347	val_Variance = 8.4703	sd = 2.9104	max = 114	min = 90
[20201205_143221 / lib_ip.py:3936] len(Hs) = 8100, len(Ss) = 8100, len(Vs) = 8100
[20201205_143221 / lib_ip.py:3982] red : variance --> out of range (variance = 8.470 / upper = 0.430 / lower = 0.000)
[20201205_143221 / lib_ip.py:3753] file = img.20201205_143220.2020-12-05_13-16-04_000.jpg.1.png / val_Average = 101.5347	val_Variance = 8.4703	sd = 2.9104	max = 114	min = 90
[20201205_143221 / lib_ip.py:4052] len(Hs) = 8100, len(Ss) = 8100, len(Vs) = 8100
[20201205_143221 / lib_ip.py:4099] green : variance --> out of range (variance = 8.470 / upper = 0.760 / lower = 0.000)
[20201205_143222 / lib_ip.py:3753] file = img.20201205_143220.2020-12-05_13-16-04_000.jpg.1.png / val_Average = 101.5347	val_Variance = 8.4703	sd = 2.9104	max = 114	min = 90
[20201205_143222 / lib_ip.py:4169] len(Hs) = 8100, len(Ss) = 8100, len(Vs) = 8100
[20201205_143222 / lib_ip.py:4208] blue : variance --> out of range (variance = 8.470 / upper = 0.930 / lower = 0.010)
[20201205_143222 / lib_ip.py:3753] file = img.20201205_143220.2020-12-05_13-16-04_000.jpg.1.png / val_Average = 101.5347	val_Variance = 8.4703	sd = 2.9104	max = 114	min = 90
[20201205_143222 / lib_ip.py:4275] len(Hs) = 8100, len(Ss) = 8100, len(Vs) = 8100
[20201205_143222 / lib_ip.py:4314] pink : variance --> out of range (variance = 8.470 / upper = 0.770 / lower = 0.030)
[20201205_143222 / lib_ip.py:3753] file = img.20201205_143220.2020-12-05_13-16-04_000.jpg.1.png / val_Average = 101.5347	val_Variance = 8.4703	sd = 2.9104	max = 114	min = 90
[20201205_143222 / lib_ip.py:4378] len(Hs) = 8100, len(Ss) = 8100, len(Vs) = 8100
[20201205_143222 / lib_ip.py:4422] black : variance --> out of range (variance = 8.470 / upper = 0.000 / lower = 0.000)
[20201205_143222 / lib_ip.py:4593] file : img.20201205_143220.2020-12-05_13-16-04_000.jpg.1.png 0 (black : variance --> out of range (variance = 8.470 / upper = 0.000 / lower = 0.000))
[20201205_143222 / lib_ip.py:2274] inspecting ===> img.20201205_143220.2020-12-05_13-16-04_000.jpg.2.png
[20201205_143222 / lib_ip.py:4505] 
img.20201205_143220.2020-12-05_13-16-04_000.jpg.2.png 1 ---------------------
[20201205_143222 / lib_ip.py:3753] file = img.20201205_143220.2020-12-05_13-16-04_000.jpg.2.png / val_Average = 77.0420	val_Variance = 81.9684	sd = 9.0536	max = 105	min = 0
[20201205_143222 / lib_ip.py:3836] len(Hs) = 8100, len(Ss) = 8100, len(Vs) = 8100
[20201205_143222 / lib_ip.py:3869] yellow : variance --> out of range (variance = 81.968 / upper = 0.650 / lower = 0.000)
[20201205_143223 / lib_ip.py:3753] file = img.20201205_143220.2020-12-05_13-16-04_000.jpg.2.png / val_Average = 77.0420	val_Variance = 81.9684	sd = 9.0536	max = 105	min = 0
[20201205_143223 / lib_ip.py:3936] len(Hs) = 8100, len(Ss) = 8100, len(Vs) = 8100
[20201205_143223 / lib_ip.py:3982] red : variance --> out of range (variance = 81.968 / upper = 0.430 / lower = 0.000)
[20201205_143223 / lib_ip.py:3753] file = img.20201205_143220.2020-12-05_13-16-04_000.jpg.2.png / val_Average = 77.0420	val_Variance = 81.9684	sd = 9.0536	max = 105	min = 0
[20201205_143223 / lib_ip.py:4052] len(Hs) = 8100, len(Ss) = 8100, len(Vs) = 8100
[20201205_143223 / lib_ip.py:4099] green : variance --> out of range (variance = 81.968 / upper = 0.760 / lower = 0.000)
[20201205_143223 / lib_ip.py:3753] file = img.20201205_143220.2020-12-05_13-16-04_000.jpg.2.png / val_Average = 77.0420	val_Variance = 81.9684	sd = 9.0536	max = 105	min = 0
[20201205_143223 / lib_ip.py:4169] len(Hs) = 8100, len(Ss) = 8100, len(Vs) = 8100
[20201205_143223 / lib_ip.py:4208] blue : variance --> out of range (variance = 81.968 / upper = 0.930 / lower = 0.010)
[20201205_143223 / lib_ip.py:3753] file = img.20201205_143220.2020-12-05_13-16-04_000.jpg.2.png / val_Average = 77.0420	val_Variance = 81.9684	sd = 9.0536	max = 105	min = 0
[20201205_143223 / lib_ip.py:4275] len(Hs) = 8100, len(Ss) = 8100, len(Vs) = 8100
[20201205_143223 / lib_ip.py:4314] pink : variance --> out of range (variance = 81.968 / upper = 0.770 / lower = 0.030)
[20201205_143223 / lib_ip.py:3753] file = img.20201205_143220.2020-12-05_13-16-04_000.jpg.2.png / val_Average = 77.0420	val_Variance = 81.9684	sd = 9.0536	max = 105	min = 0
[20201205_143223 / lib_ip.py:4378] len(Hs) = 8100, len(Ss) = 8100, len(Vs) = 8100
[20201205_143223 / lib_ip.py:4422] black : variance --> out of range (variance = 81.968 / upper = 0.000 / lower = 0.000)
[20201205_143223 / lib_ip.py:4593] file : img.20201205_143220.2020-12-05_13-16-04_000.jpg.2.png 1 (black : variance --> out of range (variance = 81.968 / upper = 0.000 / lower = 0.000))
[20201205_143223 / lib_ip.py:2274] inspecting ===> img.20201205_143220.2020-12-05_13-16-04_000.jpg.3.png
[20201205_143223 / lib_ip.py:4505] 
img.20201205_143220.2020-12-05_13-16-04_000.jpg.3.png 2 ---------------------
[20201205_143223 / lib_ip.py:3753] file = img.20201205_143220.2020-12-05_13-16-04_000.jpg.3.png / val_Average = 91.3754	val_Variance = 0.2419	sd = 0.4918	max = 93	min = 91
[20201205_143223 / lib_ip.py:3836] len(Hs) = 8100, len(Ss) = 8100, len(Vs) = 8100
[20201205_143223 / lib_ip.py:2274] inspecting ===> img.20201205_143220.2020-12-05_13-16-04_000.jpg.4.png
[20201205_143224 / lib_ip.py:4505] 
img.20201205_143220.2020-12-05_13-16-04_000.jpg.4.png 3 ---------------------
[20201205_143224 / lib_ip.py:3753] file = img.20201205_143220.2020-12-05_13-16-04_000.jpg.4.png / val_Average = 11.3552	val_Variance = 514.8325	sd = 22.6899	max = 176	min = 0
[20201205_143224 / lib_ip.py:3836] len(Hs) = 8100, len(Ss) = 8100, len(Vs) = 8100
[20201205_143224 / lib_ip.py:3869] yellow : variance --> out of range (variance = 514.832 / upper = 0.650 / lower = 0.000)
[20201205_143224 / lib_ip.py:3753] file = img.20201205_143220.2020-12-05_13-16-04_000.jpg.4.png / val_Average = 11.3552	val_Variance = 514.8325	sd = 22.6899	max = 176	min = 0
[20201205_143224 / lib_ip.py:3936] len(Hs) = 8100, len(Ss) = 8100, len(Vs) = 8100
[20201205_143224 / lib_ip.py:3982] red : variance --> out of range (variance = 514.832 / upper = 0.430 / lower = 0.000)
[20201205_143224 / lib_ip.py:3753] file = img.20201205_143220.2020-12-05_13-16-04_000.jpg.4.png / val_Average = 11.3552	val_Variance = 514.8325	sd = 22.6899	max = 176	min = 0
[20201205_143224 / lib_ip.py:4052] len(Hs) = 8100, len(Ss) = 8100, len(Vs) = 8100
[20201205_143224 / lib_ip.py:4099] green : variance --> out of range (variance = 514.832 / upper = 0.760 / lower = 0.000)
[20201205_143225 / lib_ip.py:3753] file = img.20201205_143220.2020-12-05_13-16-04_000.jpg.4.png / val_Average = 11.3552	val_Variance = 514.8325	sd = 22.6899	max = 176	min = 0
[20201205_143225 / lib_ip.py:4169] len(Hs) = 8100, len(Ss) = 8100, len(Vs) = 8100
[20201205_143225 / lib_ip.py:4208] blue : variance --> out of range (variance = 514.832 / upper = 0.930 / lower = 0.010)
[20201205_143225 / lib_ip.py:3753] file = img.20201205_143220.2020-12-05_13-16-04_000.jpg.4.png / val_Average = 11.3552	val_Variance = 514.8325	sd = 22.6899	max = 176	min = 0
[20201205_143225 / lib_ip.py:4275] len(Hs) = 8100, len(Ss) = 8100, len(Vs) = 8100
[20201205_143225 / lib_ip.py:4314] pink : variance --> out of range (variance = 514.832 / upper = 0.770 / lower = 0.030)
[20201205_143225 / lib_ip.py:3753] file = img.20201205_143220.2020-12-05_13-16-04_000.jpg.4.png / val_Average = 11.3552	val_Variance = 514.8325	sd = 22.6899	max = 176	min = 0
[20201205_143225 / lib_ip.py:4378] len(Hs) = 8100, len(Ss) = 8100, len(Vs) = 8100
[20201205_143225 / lib_ip.py:4422] black : variance --> out of range (variance = 514.832 / upper = 0.000 / lower = 0.000)
[20201205_143225 / lib_ip.py:4593] file : img.20201205_143220.2020-12-05_13-16-04_000.jpg.4.png 3 (black : variance --> out of range (variance = 514.832 / upper = 0.000 / lower = 0.000))
[20201205_143223 / lib_ip.py:2274] inspecting ===> img.20201205_143220.2020-12-05_13-16-04_000.jpg.4.png
img.20201205_143220.2020-12-05_13-16-04_000.jpg.1.png => other
img.20201205_143220.2020-12-05_13-16-04_000.jpg.2.png => other
img.20201205_143220.2020-12-05_13-16-04_000.jpg.3.png => yellow
img.20201205_143220.2020-12-05_13-16-04_000.jpg.4.png => other
[20201205_143225 lib_ip.py:3301] =============== Get 4 corners
dpath_Images = C:\WORKS_2\WS\WS_Others.Art\JVEMV6\46_art\VIRTUAL\Admin_Projects\ip\images
fname_Image = img.20201205_143220.2020-12-05_13-16-04_000.jpg.4.png

[20201205_143225 / views.py:1411] gen csv => complete (20201205_143225)(elapsed = 32.786 sec / 6 files / 5.464 sec per file)
1)	2020-12-04_11-43-52_000.jpg => 	other other yellow other 
2)	2020-12-04_20-34-37_000.jpg => 	other red other green 
3)	2020-12-04_20-35-20_000.jpg => 	other other yellow other 
4)	2020-12-05_11-30-09_000.jpg => 	other other other other 
5)	2020-12-05_11-44-43_000.jpg => 	other other green red 
6)	2020-12-05_13-16-04_000.jpg => 	other other yellow other 
[20201205_143225 / views.py:1782] lo_ColorName_Set__Modified_2 =>
1)	2020-12-04_11-43-52_000.jpg => 	o o o y 
2)	2020-12-04_20-34-37_000.jpg => 	g o o r 
3)	2020-12-04_20-35-20_000.jpg => 	o o o y 
4)	2020-12-05_11-30-09_000.jpg => 	o o o o 
5)	2020-12-05_11-44-43_000.jpg => 	g o o r 
6)	2020-12-05_13-16-04_000.jpg => 	o o o y 
[20201205_143240 / views.py:1868] gen_Cake_CSV(request) ==> ending... =======================//

