[20200908_083636 / views.py:1915] exec_get_4_corners(request) ================================
[20200908_083639 / lib_ip.py:1961] lo_Color_Names =>
img.20200908_083637.2020-09-07_20-53-59_000.jpg.1.png => other
img.20200908_083637.2020-09-07_20-53-59_000.jpg.2.png => other
img.20200908_083637.2020-09-07_20-53-59_000.jpg.3.png => other
img.20200908_083637.2020-09-07_20-53-59_000.jpg.4.png => other
[20200908_083639 / lib_ip.py:4505] 
2020-09-07_20-53-59_000.jpg 0 ---------------------
[20200908_083639 / lib_ip.py:3753] file = 2020-09-07_20-53-59_000.jpg / val_Average = 82.9646	val_Variance = 408.4986	sd = 20.2113	max = 160	min = 0
[20200908_083639 / lib_ip.py:3836] len(Hs) = 8100, len(Ss) = 8100, len(Vs) = 8100
[20200908_083639 / lib_ip.py:3869] yellow : variance --> out of range (variance = 408.499 / upper = 0.650 / lower = 0.000)
[20200908_083639 / lib_ip.py:3753] file = 2020-09-07_20-53-59_000.jpg / val_Average = 82.9646	val_Variance = 408.4986	sd = 20.2113	max = 160	min = 0
[20200908_083639 / lib_ip.py:3936] len(Hs) = 8100, len(Ss) = 8100, len(Vs) = 8100
[20200908_083639 / lib_ip.py:3982] red : variance --> out of range (variance = 408.499 / upper = 0.430 / lower = 0.000)
[20200908_083639 / lib_ip.py:3753] file = 2020-09-07_20-53-59_000.jpg / val_Average = 82.9646	val_Variance = 408.4986	sd = 20.2113	max = 160	min = 0
[20200908_083639 / lib_ip.py:4052] len(Hs) = 8100, len(Ss) = 8100, len(Vs) = 8100
[20200908_083639 / lib_ip.py:4099] green : variance --> out of range (variance = 408.499 / upper = 0.760 / lower = 0.000)
[20200908_083639 / lib_ip.py:3753] file = 2020-09-07_20-53-59_000.jpg / val_Average = 82.9646	val_Variance = 408.4986	sd = 20.2113	max = 160	min = 0
[20200908_083639 / lib_ip.py:4169] len(Hs) = 8100, len(Ss) = 8100, len(Vs) = 8100
[20200908_083640 / lib_ip.py:4208] blue : variance --> out of range (variance = 408.499 / upper = 0.930 / lower = 0.010)
[20200908_083640 / lib_ip.py:3753] file = 2020-09-07_20-53-59_000.jpg / val_Average = 82.9646	val_Variance = 408.4986	sd = 20.2113	max = 160	min = 0
[20200908_083640 / lib_ip.py:4275] len(Hs) = 8100, len(Ss) = 8100, len(Vs) = 8100
[20200908_083640 / lib_ip.py:4314] pink : variance --> out of range (variance = 408.499 / upper = 0.770 / lower = 0.030)
[20200908_083640 / lib_ip.py:3753] file = 2020-09-07_20-53-59_000.jpg / val_Average = 82.9646	val_Variance = 408.4986	sd = 20.2113	max = 160	min = 0
[20200908_083640 / lib_ip.py:4378] len(Hs) = 8100, len(Ss) = 8100, len(Vs) = 8100
[20200908_083640 / lib_ip.py:4422] black : variance --> out of range (variance = 408.499 / upper = 0.000 / lower = 0.000)
[20200908_083640 / lib_ip.py:4593] file : 2020-09-07_20-53-59_000.jpg 0 (black : variance --> out of range (variance = 408.499 / upper = 0.000 / lower = 0.000))
[20200908_083640 / lib_ip.py:4505] 
2020-09-07_20-53-59_000.jpg 1 ---------------------
[20200908_083640 / lib_ip.py:3753] file = 2020-09-07_20-53-59_000.jpg / val_Average = 86.6236	val_Variance = 301.2863	sd = 17.3576	max = 135	min = 0
[20200908_083640 / lib_ip.py:3836] len(Hs) = 8100, len(Ss) = 8100, len(Vs) = 8100
[20200908_083640 / lib_ip.py:3869] yellow : variance --> out of range (variance = 301.286 / upper = 0.650 / lower = 0.000)
[20200908_083640 / lib_ip.py:3753] file = 2020-09-07_20-53-59_000.jpg / val_Average = 86.6236	val_Variance = 301.2863	sd = 17.3576	max = 135	min = 0
[20200908_083640 / lib_ip.py:3936] len(Hs) = 8100, len(Ss) = 8100, len(Vs) = 8100
[20200908_083640 / lib_ip.py:3982] red : variance --> out of range (variance = 301.286 / upper = 0.430 / lower = 0.000)
[20200908_083640 / lib_ip.py:3753] file = 2020-09-07_20-53-59_000.jpg / val_Average = 86.6236	val_Variance = 301.2863	sd = 17.3576	max = 135	min = 0
[20200908_083640 / lib_ip.py:4052] len(Hs) = 8100, len(Ss) = 8100, len(Vs) = 8100
[20200908_083640 / lib_ip.py:4099] green : variance --> out of range (variance = 301.286 / upper = 0.760 / lower = 0.000)
[20200908_083641 / lib_ip.py:3753] file = 2020-09-07_20-53-59_000.jpg / val_Average = 86.6236	val_Variance = 301.2863	sd = 17.3576	max = 135	min = 0
[20200908_083641 / lib_ip.py:4169] len(Hs) = 8100, len(Ss) = 8100, len(Vs) = 8100
[20200908_083641 / lib_ip.py:4208] blue : variance --> out of range (variance = 301.286 / upper = 0.930 / lower = 0.010)
[20200908_083641 / lib_ip.py:3753] file = 2020-09-07_20-53-59_000.jpg / val_Average = 86.6236	val_Variance = 301.2863	sd = 17.3576	max = 135	min = 0
[20200908_083641 / lib_ip.py:4275] len(Hs) = 8100, len(Ss) = 8100, len(Vs) = 8100
[20200908_083641 / lib_ip.py:4314] pink : variance --> out of range (variance = 301.286 / upper = 0.770 / lower = 0.030)
[20200908_083641 / lib_ip.py:3753] file = 2020-09-07_20-53-59_000.jpg / val_Average = 86.6236	val_Variance = 301.2863	sd = 17.3576	max = 135	min = 0
[20200908_083641 / lib_ip.py:4378] len(Hs) = 8100, len(Ss) = 8100, len(Vs) = 8100
[20200908_083641 / lib_ip.py:4422] black : variance --> out of range (variance = 301.286 / upper = 0.000 / lower = 0.000)
[20200908_083641 / lib_ip.py:4593] file : 2020-09-07_20-53-59_000.jpg 1 (black : variance --> out of range (variance = 301.286 / upper = 0.000 / lower = 0.000))
[20200908_083641 / lib_ip.py:4505] 
2020-09-07_20-53-59_000.jpg 2 ---------------------
[20200908_083641 / lib_ip.py:3753] file = 2020-09-07_20-53-59_000.jpg / val_Average = 87.6483	val_Variance = 0.2344	sd = 0.4842	max = 89	min = 87
[20200908_083641 / lib_ip.py:3836] len(Hs) = 8100, len(Ss) = 8100, len(Vs) = 8100
[20200908_083641 / lib_ip.py:4505] 
2020-09-07_20-53-59_000.jpg 3 ---------------------
[20200908_083641 / lib_ip.py:3753] file = 2020-09-07_20-53-59_000.jpg / val_Average = 11.2458	val_Variance = 0.4429	sd = 0.6655	max = 13	min = 9
[20200908_083641 / lib_ip.py:3836] len(Hs) = 8100, len(Ss) = 8100, len(Vs) = 8100
[20200908_083641 / lib_ip.py:3891] yellow : average --> out of range (average = 11.246 / upper = 99.200 / lower = 85.500)
[20200908_083641 / lib_ip.py:3753] file = 2020-09-07_20-53-59_000.jpg / val_Average = 11.2458	val_Variance = 0.4429	sd = 0.6655	max = 13	min = 9
[20200908_083641 / lib_ip.py:3936] len(Hs) = 8100, len(Ss) = 8100, len(Vs) = 8100
[20200908_083642 / lib_ip.py:3982] red : variance --> out of range (variance = 0.443 / upper = 0.430 / lower = 0.000)
[20200908_083642 / lib_ip.py:3753] file = 2020-09-07_20-53-59_000.jpg / val_Average = 11.2458	val_Variance = 0.4429	sd = 0.6655	max = 13	min = 9
[20200908_083642 / lib_ip.py:4052] len(Hs) = 8100, len(Ss) = 8100, len(Vs) = 8100
[20200908_083642 / lib_ip.py:4124] green : average --> out of range (average = 11.246 / upper = 85.000 / lower = 58.000)
[20200908_083642 / lib_ip.py:3753] file = 2020-09-07_20-53-59_000.jpg / val_Average = 11.2458	val_Variance = 0.4429	sd = 0.6655	max = 13	min = 9
[20200908_083642 / lib_ip.py:4169] len(Hs) = 8100, len(Ss) = 8100, len(Vs) = 8100
[20200908_083642 / lib_ip.py:2021] lo_Color_Names_2 =>
file = img.20200908_083637.2020-09-07_20-53-59_000.jpg.1.png / color name = other
file = img.20200908_083637.2020-09-07_20-53-59_000.jpg.2.png / color name = other
file = img.20200908_083637.2020-09-07_20-53-59_000.jpg.3.png / color name = yellow
file = img.20200908_083637.2020-09-07_20-53-59_000.jpg.4.png / color name = blue
