[20201206_121400 / views.py:1851] gen_Cake_CSV(request) ==> starting... =======================
[20201206_121402 / lib_ip.py:2274] inspecting ===> img.20201206_121402.2020-12-05_15-50-31_000.jpg.1.png
[20201206_121402 / lib_ip.py:4505] 
img.20201206_121402.2020-12-05_15-50-31_000.jpg.1.png 0 ---------------------
[20201206_121402 / lib_ip.py:3753] file = img.20201206_121402.2020-12-05_15-50-31_000.jpg.1.png / val_Average = 96.6526	val_Variance = 52.4403	sd = 7.2416	max = 135	min = 0
[20201206_121402 / lib_ip.py:3836] len(Hs) = 8100, len(Ss) = 8100, len(Vs) = 8100
[20201206_121402 / lib_ip.py:3869] yellow : variance --> out of range (variance = 52.440 / upper = 0.650 / lower = 0.000)
[20201206_121402 / lib_ip.py:3753] file = img.20201206_121402.2020-12-05_15-50-31_000.jpg.1.png / val_Average = 96.6526	val_Variance = 52.4403	sd = 7.2416	max = 135	min = 0
[20201206_121402 / lib_ip.py:3936] len(Hs) = 8100, len(Ss) = 8100, len(Vs) = 8100
[20201206_121402 / lib_ip.py:3982] red : variance --> out of range (variance = 52.440 / upper = 0.430 / lower = 0.000)
[20201206_121402 / lib_ip.py:3753] file = img.20201206_121402.2020-12-05_15-50-31_000.jpg.1.png / val_Average = 96.6526	val_Variance = 52.4403	sd = 7.2416	max = 135	min = 0
[20201206_121402 / lib_ip.py:4052] len(Hs) = 8100, len(Ss) = 8100, len(Vs) = 8100
[20201206_121402 / lib_ip.py:4099] green : variance --> out of range (variance = 52.440 / upper = 0.760 / lower = 0.000)
[20201206_121403 / lib_ip.py:3753] file = img.20201206_121402.2020-12-05_15-50-31_000.jpg.1.png / val_Average = 96.6526	val_Variance = 52.4403	sd = 7.2416	max = 135	min = 0
[20201206_121403 / lib_ip.py:4169] len(Hs) = 8100, len(Ss) = 8100, len(Vs) = 8100
[20201206_121403 / lib_ip.py:4208] blue : variance --> out of range (variance = 52.440 / upper = 0.930 / lower = 0.010)
[20201206_121403 / lib_ip.py:3753] file = img.20201206_121402.2020-12-05_15-50-31_000.jpg.1.png / val_Average = 96.6526	val_Variance = 52.4403	sd = 7.2416	max = 135	min = 0
[20201206_121403 / lib_ip.py:4275] len(Hs) = 8100, len(Ss) = 8100, len(Vs) = 8100
[20201206_121403 / lib_ip.py:4314] pink : variance --> out of range (variance = 52.440 / upper = 0.770 / lower = 0.030)
[20201206_121403 / lib_ip.py:3753] file = img.20201206_121402.2020-12-05_15-50-31_000.jpg.1.png / val_Average = 96.6526	val_Variance = 52.4403	sd = 7.2416	max = 135	min = 0
[20201206_121403 / lib_ip.py:4378] len(Hs) = 8100, len(Ss) = 8100, len(Vs) = 8100
[20201206_121403 / lib_ip.py:4422] black : variance --> out of range (variance = 52.440 / upper = 0.000 / lower = 0.000)
[20201206_121403 / lib_ip.py:4593] file : img.20201206_121402.2020-12-05_15-50-31_000.jpg.1.png 0 (black : variance --> out of range (variance = 52.440 / upper = 0.000 / lower = 0.000))
[20201206_121403 / lib_ip.py:2274] inspecting ===> img.20201206_121402.2020-12-05_15-50-31_000.jpg.2.png
[20201206_121403 / lib_ip.py:4505] 
img.20201206_121402.2020-12-05_15-50-31_000.jpg.2.png 1 ---------------------
[20201206_121404 / lib_ip.py:3753] file = img.20201206_121402.2020-12-05_15-50-31_000.jpg.2.png / val_Average = 102.2872	val_Variance = 5.8269	sd = 2.4139	max = 115	min = 90
[20201206_121404 / lib_ip.py:3836] len(Hs) = 8100, len(Ss) = 8100, len(Vs) = 8100
[20201206_121404 / lib_ip.py:3869] yellow : variance --> out of range (variance = 5.827 / upper = 0.650 / lower = 0.000)
[20201206_121404 / lib_ip.py:3753] file = img.20201206_121402.2020-12-05_15-50-31_000.jpg.2.png / val_Average = 102.2872	val_Variance = 5.8269	sd = 2.4139	max = 115	min = 90
[20201206_121404 / lib_ip.py:3936] len(Hs) = 8100, len(Ss) = 8100, len(Vs) = 8100
[20201206_121404 / lib_ip.py:3982] red : variance --> out of range (variance = 5.827 / upper = 0.430 / lower = 0.000)
[20201206_121404 / lib_ip.py:3753] file = img.20201206_121402.2020-12-05_15-50-31_000.jpg.2.png / val_Average = 102.2872	val_Variance = 5.8269	sd = 2.4139	max = 115	min = 90
[20201206_121404 / lib_ip.py:4052] len(Hs) = 8100, len(Ss) = 8100, len(Vs) = 8100
[20201206_121404 / lib_ip.py:4099] green : variance --> out of range (variance = 5.827 / upper = 0.760 / lower = 0.000)
[20201206_121404 / lib_ip.py:3753] file = img.20201206_121402.2020-12-05_15-50-31_000.jpg.2.png / val_Average = 102.2872	val_Variance = 5.8269	sd = 2.4139	max = 115	min = 90
[20201206_121404 / lib_ip.py:4169] len(Hs) = 8100, len(Ss) = 8100, len(Vs) = 8100
[20201206_121404 / lib_ip.py:4208] blue : variance --> out of range (variance = 5.827 / upper = 0.930 / lower = 0.010)
[20201206_121404 / lib_ip.py:3753] file = img.20201206_121402.2020-12-05_15-50-31_000.jpg.2.png / val_Average = 102.2872	val_Variance = 5.8269	sd = 2.4139	max = 115	min = 90
[20201206_121404 / lib_ip.py:4275] len(Hs) = 8100, len(Ss) = 8100, len(Vs) = 8100
[20201206_121404 / lib_ip.py:4314] pink : variance --> out of range (variance = 5.827 / upper = 0.770 / lower = 0.030)
[20201206_121404 / lib_ip.py:3753] file = img.20201206_121402.2020-12-05_15-50-31_000.jpg.2.png / val_Average = 102.2872	val_Variance = 5.8269	sd = 2.4139	max = 115	min = 90
[20201206_121404 / lib_ip.py:4378] len(Hs) = 8100, len(Ss) = 8100, len(Vs) = 8100
[20201206_121404 / lib_ip.py:4422] black : variance --> out of range (variance = 5.827 / upper = 0.000 / lower = 0.000)
[20201206_121404 / lib_ip.py:4593] file : img.20201206_121402.2020-12-05_15-50-31_000.jpg.2.png 1 (black : variance --> out of range (variance = 5.827 / upper = 0.000 / lower = 0.000))
[20201206_121405 / lib_ip.py:2274] inspecting ===> img.20201206_121402.2020-12-05_15-50-31_000.jpg.3.png
[20201206_121405 / lib_ip.py:4505] 
img.20201206_121402.2020-12-05_15-50-31_000.jpg.3.png 2 ---------------------
[20201206_121405 / lib_ip.py:3753] file = img.20201206_121402.2020-12-05_15-50-31_000.jpg.3.png / val_Average = 80.0341	val_Variance = 0.0354	sd = 0.1881	max = 81	min = 79
[20201206_121405 / lib_ip.py:3836] len(Hs) = 8100, len(Ss) = 8100, len(Vs) = 8100
[20201206_121405 / lib_ip.py:3891] yellow : average --> out of range (average = 80.034 / upper = 99.200 / lower = 85.500)
[20201206_121405 / lib_ip.py:3753] file = img.20201206_121402.2020-12-05_15-50-31_000.jpg.3.png / val_Average = 80.0341	val_Variance = 0.0354	sd = 0.1881	max = 81	min = 79
[20201206_121405 / lib_ip.py:3936] len(Hs) = 8100, len(Ss) = 8100, len(Vs) = 8100
[20201206_121405 / lib_ip.py:4007] red : average --> out of range (average = 80.034 / upper = 124.600 / lower = 115.000)
[20201206_121405 / lib_ip.py:3753] file = img.20201206_121402.2020-12-05_15-50-31_000.jpg.3.png / val_Average = 80.0341	val_Variance = 0.0354	sd = 0.1881	max = 81	min = 79
[20201206_121405 / lib_ip.py:4052] len(Hs) = 8100, len(Ss) = 8100, len(Vs) = 8100
[20201206_121405 / lib_ip.py:2274] inspecting ===> img.20201206_121402.2020-12-05_15-50-31_000.jpg.4.png
[20201206_121405 / lib_ip.py:4505] 
img.20201206_121402.2020-12-05_15-50-31_000.jpg.4.png 3 ---------------------
[20201206_121405 / lib_ip.py:3753] file = img.20201206_121402.2020-12-05_15-50-31_000.jpg.4.png / val_Average = 119.5898	val_Variance = 0.2419	sd = 0.4919	max = 120	min = 119
[20201206_121406 / lib_ip.py:3836] len(Hs) = 8100, len(Ss) = 8100, len(Vs) = 8100
[20201206_121406 / lib_ip.py:3891] yellow : average --> out of range (average = 119.590 / upper = 99.200 / lower = 85.500)
[20201206_121406 / lib_ip.py:3753] file = img.20201206_121402.2020-12-05_15-50-31_000.jpg.4.png / val_Average = 119.5898	val_Variance = 0.2419	sd = 0.4919	max = 120	min = 119
[20201206_121406 / lib_ip.py:3936] len(Hs) = 8100, len(Ss) = 8100, len(Vs) = 8100
[20201206_121405 / lib_ip.py:2274] inspecting ===> img.20201206_121402.2020-12-05_15-50-31_000.jpg.4.png
img.20201206_121402.2020-12-05_15-50-31_000.jpg.1.png => other
img.20201206_121402.2020-12-05_15-50-31_000.jpg.2.png => other
img.20201206_121402.2020-12-05_15-50-31_000.jpg.3.png => other
img.20201206_121402.2020-12-05_15-50-31_000.jpg.4.png => red
[20201206_121406 lib_ip.py:3301] =============== Get 4 corners
dpath_Images = C:\WORKS_2\WS\WS_Others.Art\JVEMV6\46_art\VIRTUAL\Admin_Projects\ip\images
fname_Image = img.20201206_121402.2020-12-05_15-50-31_000.jpg.4.png

[20201206_121407 / lib_ip.py:2274] inspecting ===> img.20201206_121406.2020-12-05_17-53-17_000.jpg.1.png
[20201206_121407 / lib_ip.py:4505] 
img.20201206_121406.2020-12-05_17-53-17_000.jpg.1.png 0 ---------------------
[20201206_121407 / lib_ip.py:3753] file = img.20201206_121406.2020-12-05_17-53-17_000.jpg.1.png / val_Average = 84.5978	val_Variance = 0.9148	sd = 0.9564	max = 96	min = 70
[20201206_121407 / lib_ip.py:3836] len(Hs) = 8100, len(Ss) = 8100, len(Vs) = 8100
[20201206_121407 / lib_ip.py:3869] yellow : variance --> out of range (variance = 0.915 / upper = 0.650 / lower = 0.000)
[20201206_121407 / lib_ip.py:3753] file = img.20201206_121406.2020-12-05_17-53-17_000.jpg.1.png / val_Average = 84.5978	val_Variance = 0.9148	sd = 0.9564	max = 96	min = 70
[20201206_121407 / lib_ip.py:3936] len(Hs) = 8100, len(Ss) = 8100, len(Vs) = 8100
[20201206_121407 / lib_ip.py:3982] red : variance --> out of range (variance = 0.915 / upper = 0.430 / lower = 0.000)
[20201206_121407 / lib_ip.py:3753] file = img.20201206_121406.2020-12-05_17-53-17_000.jpg.1.png / val_Average = 84.5978	val_Variance = 0.9148	sd = 0.9564	max = 96	min = 70
[20201206_121407 / lib_ip.py:4052] len(Hs) = 8100, len(Ss) = 8100, len(Vs) = 8100
[20201206_121407 / lib_ip.py:4099] green : variance --> out of range (variance = 0.915 / upper = 0.760 / lower = 0.000)
[20201206_121407 / lib_ip.py:3753] file = img.20201206_121406.2020-12-05_17-53-17_000.jpg.1.png / val_Average = 84.5978	val_Variance = 0.9148	sd = 0.9564	max = 96	min = 70
[20201206_121407 / lib_ip.py:4169] len(Hs) = 8100, len(Ss) = 8100, len(Vs) = 8100
[20201206_121407 / lib_ip.py:4230] blue : average --> out of range (average = 84.598 / upper = 17.000 / lower = 8.850)
[20201206_121408 / lib_ip.py:3753] file = img.20201206_121406.2020-12-05_17-53-17_000.jpg.1.png / val_Average = 84.5978	val_Variance = 0.9148	sd = 0.9564	max = 96	min = 70
[20201206_121408 / lib_ip.py:4275] len(Hs) = 8100, len(Ss) = 8100, len(Vs) = 8100
[20201206_121408 / lib_ip.py:4314] pink : variance --> out of range (variance = 0.915 / upper = 0.770 / lower = 0.030)
[20201206_121408 / lib_ip.py:3753] file = img.20201206_121406.2020-12-05_17-53-17_000.jpg.1.png / val_Average = 84.5978	val_Variance = 0.9148	sd = 0.9564	max = 96	min = 70
[20201206_121408 / lib_ip.py:4378] len(Hs) = 8100, len(Ss) = 8100, len(Vs) = 8100
[20201206_121408 / lib_ip.py:4422] black : variance --> out of range (variance = 0.915 / upper = 0.000 / lower = 0.000)
[20201206_121408 / lib_ip.py:4593] file : img.20201206_121406.2020-12-05_17-53-17_000.jpg.1.png 0 (black : variance --> out of range (variance = 0.915 / upper = 0.000 / lower = 0.000))
[20201206_121408 / lib_ip.py:2274] inspecting ===> img.20201206_121406.2020-12-05_17-53-17_000.jpg.2.png
[20201206_121408 / lib_ip.py:4505] 
img.20201206_121406.2020-12-05_17-53-17_000.jpg.2.png 1 ---------------------
[20201206_121408 / lib_ip.py:3753] file = img.20201206_121406.2020-12-05_17-53-17_000.jpg.2.png / val_Average = 119.6596	val_Variance = 0.2290	sd = 0.4785	max = 120	min = 118
[20201206_121408 / lib_ip.py:3836] len(Hs) = 8100, len(Ss) = 8100, len(Vs) = 8100
[20201206_121408 / lib_ip.py:3891] yellow : average --> out of range (average = 119.660 / upper = 99.200 / lower = 85.500)
[20201206_121409 / lib_ip.py:3753] file = img.20201206_121406.2020-12-05_17-53-17_000.jpg.2.png / val_Average = 119.6596	val_Variance = 0.2290	sd = 0.4785	max = 120	min = 118
[20201206_121409 / lib_ip.py:3936] len(Hs) = 8100, len(Ss) = 8100, len(Vs) = 8100
[20201206_121409 / lib_ip.py:2274] inspecting ===> img.20201206_121406.2020-12-05_17-53-17_000.jpg.3.png
[20201206_121409 / lib_ip.py:4505] 
img.20201206_121406.2020-12-05_17-53-17_000.jpg.3.png 2 ---------------------
[20201206_121409 / lib_ip.py:3753] file = img.20201206_121406.2020-12-05_17-53-17_000.jpg.3.png / val_Average = 85.3663	val_Variance = 4.3719	sd = 2.0909	max = 101	min = 77
[20201206_121409 / lib_ip.py:3836] len(Hs) = 8100, len(Ss) = 8100, len(Vs) = 8100
[20201206_121409 / lib_ip.py:3869] yellow : variance --> out of range (variance = 4.372 / upper = 0.650 / lower = 0.000)
[20201206_121409 / lib_ip.py:3753] file = img.20201206_121406.2020-12-05_17-53-17_000.jpg.3.png / val_Average = 85.3663	val_Variance = 4.3719	sd = 2.0909	max = 101	min = 77
[20201206_121409 / lib_ip.py:3936] len(Hs) = 8100, len(Ss) = 8100, len(Vs) = 8100
[20201206_121409 / lib_ip.py:3982] red : variance --> out of range (variance = 4.372 / upper = 0.430 / lower = 0.000)
[20201206_121409 / lib_ip.py:3753] file = img.20201206_121406.2020-12-05_17-53-17_000.jpg.3.png / val_Average = 85.3663	val_Variance = 4.3719	sd = 2.0909	max = 101	min = 77
[20201206_121409 / lib_ip.py:4052] len(Hs) = 8100, len(Ss) = 8100, len(Vs) = 8100
[20201206_121409 / lib_ip.py:4099] green : variance --> out of range (variance = 4.372 / upper = 0.760 / lower = 0.000)
[20201206_121409 / lib_ip.py:3753] file = img.20201206_121406.2020-12-05_17-53-17_000.jpg.3.png / val_Average = 85.3663	val_Variance = 4.3719	sd = 2.0909	max = 101	min = 77
[20201206_121409 / lib_ip.py:4169] len(Hs) = 8100, len(Ss) = 8100, len(Vs) = 8100
[20201206_121409 / lib_ip.py:4208] blue : variance --> out of range (variance = 4.372 / upper = 0.930 / lower = 0.010)
[20201206_121410 / lib_ip.py:3753] file = img.20201206_121406.2020-12-05_17-53-17_000.jpg.3.png / val_Average = 85.3663	val_Variance = 4.3719	sd = 2.0909	max = 101	min = 77
[20201206_121410 / lib_ip.py:4275] len(Hs) = 8100, len(Ss) = 8100, len(Vs) = 8100
[20201206_121410 / lib_ip.py:4314] pink : variance --> out of range (variance = 4.372 / upper = 0.770 / lower = 0.030)
[20201206_121410 / lib_ip.py:3753] file = img.20201206_121406.2020-12-05_17-53-17_000.jpg.3.png / val_Average = 85.3663	val_Variance = 4.3719	sd = 2.0909	max = 101	min = 77
[20201206_121410 / lib_ip.py:4378] len(Hs) = 8100, len(Ss) = 8100, len(Vs) = 8100
[20201206_121410 / lib_ip.py:4422] black : variance --> out of range (variance = 4.372 / upper = 0.000 / lower = 0.000)
[20201206_121410 / lib_ip.py:4593] file : img.20201206_121406.2020-12-05_17-53-17_000.jpg.3.png 2 (black : variance --> out of range (variance = 4.372 / upper = 0.000 / lower = 0.000))
[20201206_121410 / lib_ip.py:2274] inspecting ===> img.20201206_121406.2020-12-05_17-53-17_000.jpg.4.png
[20201206_121410 / lib_ip.py:4505] 
img.20201206_121406.2020-12-05_17-53-17_000.jpg.4.png 3 ---------------------
[20201206_121410 / lib_ip.py:3753] file = img.20201206_121406.2020-12-05_17-53-17_000.jpg.4.png / val_Average = 78.3637	val_Variance = 0.2322	sd = 0.4818	max = 80	min = 78
[20201206_121410 / lib_ip.py:3836] len(Hs) = 8100, len(Ss) = 8100, len(Vs) = 8100
[20201206_121410 / lib_ip.py:3891] yellow : average --> out of range (average = 78.364 / upper = 99.200 / lower = 85.500)
[20201206_121410 / lib_ip.py:3753] file = img.20201206_121406.2020-12-05_17-53-17_000.jpg.4.png / val_Average = 78.3637	val_Variance = 0.2322	sd = 0.4818	max = 80	min = 78
[20201206_121410 / lib_ip.py:3936] len(Hs) = 8100, len(Ss) = 8100, len(Vs) = 8100
[20201206_121410 / lib_ip.py:4007] red : average --> out of range (average = 78.364 / upper = 124.600 / lower = 115.000)
[20201206_121410 / lib_ip.py:3753] file = img.20201206_121406.2020-12-05_17-53-17_000.jpg.4.png / val_Average = 78.3637	val_Variance = 0.2322	sd = 0.4818	max = 80	min = 78
[20201206_121411 / lib_ip.py:4052] len(Hs) = 8100, len(Ss) = 8100, len(Vs) = 8100
[20201206_121410 / lib_ip.py:2274] inspecting ===> img.20201206_121406.2020-12-05_17-53-17_000.jpg.4.png
img.20201206_121406.2020-12-05_17-53-17_000.jpg.1.png => other
img.20201206_121406.2020-12-05_17-53-17_000.jpg.2.png => other
img.20201206_121406.2020-12-05_17-53-17_000.jpg.3.png => other
img.20201206_121406.2020-12-05_17-53-17_000.jpg.4.png => green
[20201206_121411 lib_ip.py:3301] =============== Get 4 corners
dpath_Images = C:\WORKS_2\WS\WS_Others.Art\JVEMV6\46_art\VIRTUAL\Admin_Projects\ip\images
fname_Image = img.20201206_121406.2020-12-05_17-53-17_000.jpg.4.png

[20201206_121411 / lib_ip.py:2274] inspecting ===> img.20201206_121411.2020-12-05_19-09-11_000.jpg.1.png
[20201206_121412 / lib_ip.py:4505] 
img.20201206_121411.2020-12-05_19-09-11_000.jpg.1.png 0 ---------------------
[20201206_121412 / lib_ip.py:3753] file = img.20201206_121411.2020-12-05_19-09-11_000.jpg.1.png / val_Average = 97.5841	val_Variance = 54.6639	sd = 7.3935	max = 109	min = 77
[20201206_121412 / lib_ip.py:3836] len(Hs) = 8100, len(Ss) = 8100, len(Vs) = 8100
[20201206_121412 / lib_ip.py:3869] yellow : variance --> out of range (variance = 54.664 / upper = 0.650 / lower = 0.000)
[20201206_121412 / lib_ip.py:3753] file = img.20201206_121411.2020-12-05_19-09-11_000.jpg.1.png / val_Average = 97.5841	val_Variance = 54.6639	sd = 7.3935	max = 109	min = 77
[20201206_121412 / lib_ip.py:3936] len(Hs) = 8100, len(Ss) = 8100, len(Vs) = 8100
[20201206_121412 / lib_ip.py:3982] red : variance --> out of range (variance = 54.664 / upper = 0.430 / lower = 0.000)
[20201206_121413 / lib_ip.py:3753] file = img.20201206_121411.2020-12-05_19-09-11_000.jpg.1.png / val_Average = 97.5841	val_Variance = 54.6639	sd = 7.3935	max = 109	min = 77
[20201206_121413 / lib_ip.py:4052] len(Hs) = 8100, len(Ss) = 8100, len(Vs) = 8100
[20201206_121413 / lib_ip.py:4099] green : variance --> out of range (variance = 54.664 / upper = 0.760 / lower = 0.000)
[20201206_121413 / lib_ip.py:3753] file = img.20201206_121411.2020-12-05_19-09-11_000.jpg.1.png / val_Average = 97.5841	val_Variance = 54.6639	sd = 7.3935	max = 109	min = 77
[20201206_121413 / lib_ip.py:4169] len(Hs) = 8100, len(Ss) = 8100, len(Vs) = 8100
[20201206_121413 / lib_ip.py:4208] blue : variance --> out of range (variance = 54.664 / upper = 0.930 / lower = 0.010)
[20201206_121413 / lib_ip.py:3753] file = img.20201206_121411.2020-12-05_19-09-11_000.jpg.1.png / val_Average = 97.5841	val_Variance = 54.6639	sd = 7.3935	max = 109	min = 77
[20201206_121413 / lib_ip.py:4275] len(Hs) = 8100, len(Ss) = 8100, len(Vs) = 8100
[20201206_121413 / lib_ip.py:4314] pink : variance --> out of range (variance = 54.664 / upper = 0.770 / lower = 0.030)
[20201206_121413 / lib_ip.py:3753] file = img.20201206_121411.2020-12-05_19-09-11_000.jpg.1.png / val_Average = 97.5841	val_Variance = 54.6639	sd = 7.3935	max = 109	min = 77
[20201206_121413 / lib_ip.py:4378] len(Hs) = 8100, len(Ss) = 8100, len(Vs) = 8100
[20201206_121413 / lib_ip.py:4422] black : variance --> out of range (variance = 54.664 / upper = 0.000 / lower = 0.000)
[20201206_121413 / lib_ip.py:4593] file : img.20201206_121411.2020-12-05_19-09-11_000.jpg.1.png 0 (black : variance --> out of range (variance = 54.664 / upper = 0.000 / lower = 0.000))
[20201206_121413 / lib_ip.py:2274] inspecting ===> img.20201206_121411.2020-12-05_19-09-11_000.jpg.2.png
[20201206_121414 / lib_ip.py:4505] 
img.20201206_121411.2020-12-05_19-09-11_000.jpg.2.png 1 ---------------------
[20201206_121414 / lib_ip.py:3753] file = img.20201206_121411.2020-12-05_19-09-11_000.jpg.2.png / val_Average = 98.9469	val_Variance = 1.1797	sd = 1.0861	max = 114	min = 90
[20201206_121414 / lib_ip.py:3836] len(Hs) = 8100, len(Ss) = 8100, len(Vs) = 8100
[20201206_121414 / lib_ip.py:3869] yellow : variance --> out of range (variance = 1.180 / upper = 0.650 / lower = 0.000)
[20201206_121414 / lib_ip.py:3753] file = img.20201206_121411.2020-12-05_19-09-11_000.jpg.2.png / val_Average = 98.9469	val_Variance = 1.1797	sd = 1.0861	max = 114	min = 90
[20201206_121414 / lib_ip.py:3936] len(Hs) = 8100, len(Ss) = 8100, len(Vs) = 8100
[20201206_121414 / lib_ip.py:3982] red : variance --> out of range (variance = 1.180 / upper = 0.430 / lower = 0.000)
[20201206_121414 / lib_ip.py:3753] file = img.20201206_121411.2020-12-05_19-09-11_000.jpg.2.png / val_Average = 98.9469	val_Variance = 1.1797	sd = 1.0861	max = 114	min = 90
[20201206_121414 / lib_ip.py:4052] len(Hs) = 8100, len(Ss) = 8100, len(Vs) = 8100
[20201206_121414 / lib_ip.py:4099] green : variance --> out of range (variance = 1.180 / upper = 0.760 / lower = 0.000)
[20201206_121414 / lib_ip.py:3753] file = img.20201206_121411.2020-12-05_19-09-11_000.jpg.2.png / val_Average = 98.9469	val_Variance = 1.1797	sd = 1.0861	max = 114	min = 90
[20201206_121414 / lib_ip.py:4169] len(Hs) = 8100, len(Ss) = 8100, len(Vs) = 8100
[20201206_121414 / lib_ip.py:4208] blue : variance --> out of range (variance = 1.180 / upper = 0.930 / lower = 0.010)
[20201206_121414 / lib_ip.py:3753] file = img.20201206_121411.2020-12-05_19-09-11_000.jpg.2.png / val_Average = 98.9469	val_Variance = 1.1797	sd = 1.0861	max = 114	min = 90
[20201206_121414 / lib_ip.py:4275] len(Hs) = 8100, len(Ss) = 8100, len(Vs) = 8100
[20201206_121414 / lib_ip.py:4314] pink : variance --> out of range (variance = 1.180 / upper = 0.770 / lower = 0.030)
[20201206_121414 / lib_ip.py:3753] file = img.20201206_121411.2020-12-05_19-09-11_000.jpg.2.png / val_Average = 98.9469	val_Variance = 1.1797	sd = 1.0861	max = 114	min = 90
[20201206_121415 / lib_ip.py:4378] len(Hs) = 8100, len(Ss) = 8100, len(Vs) = 8100
[20201206_121415 / lib_ip.py:4422] black : variance --> out of range (variance = 1.180 / upper = 0.000 / lower = 0.000)
[20201206_121415 / lib_ip.py:4593] file : img.20201206_121411.2020-12-05_19-09-11_000.jpg.2.png 1 (black : variance --> out of range (variance = 1.180 / upper = 0.000 / lower = 0.000))
[20201206_121415 / lib_ip.py:2274] inspecting ===> img.20201206_121411.2020-12-05_19-09-11_000.jpg.3.png
[20201206_121415 / lib_ip.py:4505] 
img.20201206_121411.2020-12-05_19-09-11_000.jpg.3.png 2 ---------------------
[20201206_121415 / lib_ip.py:3753] file = img.20201206_121411.2020-12-05_19-09-11_000.jpg.3.png / val_Average = 78.2544	val_Variance = 0.4519	sd = 0.6723	max = 79	min = 77
[20201206_121415 / lib_ip.py:3836] len(Hs) = 8100, len(Ss) = 8100, len(Vs) = 8100
[20201206_121415 / lib_ip.py:3891] yellow : average --> out of range (average = 78.254 / upper = 99.200 / lower = 85.500)
[20201206_121415 / lib_ip.py:3753] file = img.20201206_121411.2020-12-05_19-09-11_000.jpg.3.png / val_Average = 78.2544	val_Variance = 0.4519	sd = 0.6723	max = 79	min = 77
[20201206_121415 / lib_ip.py:3936] len(Hs) = 8100, len(Ss) = 8100, len(Vs) = 8100
[20201206_121415 / lib_ip.py:3982] red : variance --> out of range (variance = 0.452 / upper = 0.430 / lower = 0.000)
[20201206_121415 / lib_ip.py:3753] file = img.20201206_121411.2020-12-05_19-09-11_000.jpg.3.png / val_Average = 78.2544	val_Variance = 0.4519	sd = 0.6723	max = 79	min = 77
[20201206_121415 / lib_ip.py:4052] len(Hs) = 8100, len(Ss) = 8100, len(Vs) = 8100
[20201206_121416 / lib_ip.py:2274] inspecting ===> img.20201206_121411.2020-12-05_19-09-11_000.jpg.4.png
[20201206_121416 / lib_ip.py:4505] 
img.20201206_121411.2020-12-05_19-09-11_000.jpg.4.png 3 ---------------------
[20201206_121416 / lib_ip.py:3753] file = img.20201206_121411.2020-12-05_19-09-11_000.jpg.4.png / val_Average = 119.0442	val_Variance = 0.0568	sd = 0.2384	max = 120	min = 118
[20201206_121416 / lib_ip.py:3836] len(Hs) = 8100, len(Ss) = 8100, len(Vs) = 8100
[20201206_121416 / lib_ip.py:3891] yellow : average --> out of range (average = 119.044 / upper = 99.200 / lower = 85.500)
[20201206_121416 / lib_ip.py:3753] file = img.20201206_121411.2020-12-05_19-09-11_000.jpg.4.png / val_Average = 119.0442	val_Variance = 0.0568	sd = 0.2384	max = 120	min = 118
[20201206_121416 / lib_ip.py:3936] len(Hs) = 8100, len(Ss) = 8100, len(Vs) = 8100
[20201206_121416 / lib_ip.py:2274] inspecting ===> img.20201206_121411.2020-12-05_19-09-11_000.jpg.4.png
img.20201206_121411.2020-12-05_19-09-11_000.jpg.1.png => other
img.20201206_121411.2020-12-05_19-09-11_000.jpg.2.png => other
img.20201206_121411.2020-12-05_19-09-11_000.jpg.3.png => other
img.20201206_121411.2020-12-05_19-09-11_000.jpg.4.png => red
[20201206_121416 lib_ip.py:3301] =============== Get 4 corners
dpath_Images = C:\WORKS_2\WS\WS_Others.Art\JVEMV6\46_art\VIRTUAL\Admin_Projects\ip\images
fname_Image = img.20201206_121411.2020-12-05_19-09-11_000.jpg.4.png

[20201206_121417 / lib_ip.py:2274] inspecting ===> img.20201206_121417.2020-12-05_20-44-59_000.jpg.1.png
[20201206_121417 / lib_ip.py:4505] 
img.20201206_121417.2020-12-05_20-44-59_000.jpg.1.png 0 ---------------------
[20201206_121417 / lib_ip.py:3753] file = img.20201206_121417.2020-12-05_20-44-59_000.jpg.1.png / val_Average = 89.0169	val_Variance = 34.6280	sd = 5.8846	max = 100	min = 0
[20201206_121417 / lib_ip.py:3836] len(Hs) = 8100, len(Ss) = 8100, len(Vs) = 8100
[20201206_121417 / lib_ip.py:3869] yellow : variance --> out of range (variance = 34.628 / upper = 0.650 / lower = 0.000)
[20201206_121417 / lib_ip.py:3753] file = img.20201206_121417.2020-12-05_20-44-59_000.jpg.1.png / val_Average = 89.0169	val_Variance = 34.6280	sd = 5.8846	max = 100	min = 0
[20201206_121418 / lib_ip.py:3936] len(Hs) = 8100, len(Ss) = 8100, len(Vs) = 8100
[20201206_121418 / lib_ip.py:3982] red : variance --> out of range (variance = 34.628 / upper = 0.430 / lower = 0.000)
[20201206_121418 / lib_ip.py:3753] file = img.20201206_121417.2020-12-05_20-44-59_000.jpg.1.png / val_Average = 89.0169	val_Variance = 34.6280	sd = 5.8846	max = 100	min = 0
[20201206_121418 / lib_ip.py:4052] len(Hs) = 8100, len(Ss) = 8100, len(Vs) = 8100
[20201206_121418 / lib_ip.py:4099] green : variance --> out of range (variance = 34.628 / upper = 0.760 / lower = 0.000)
[20201206_121418 / lib_ip.py:3753] file = img.20201206_121417.2020-12-05_20-44-59_000.jpg.1.png / val_Average = 89.0169	val_Variance = 34.6280	sd = 5.8846	max = 100	min = 0
[20201206_121418 / lib_ip.py:4169] len(Hs) = 8100, len(Ss) = 8100, len(Vs) = 8100
[20201206_121418 / lib_ip.py:4208] blue : variance --> out of range (variance = 34.628 / upper = 0.930 / lower = 0.010)
[20201206_121418 / lib_ip.py:3753] file = img.20201206_121417.2020-12-05_20-44-59_000.jpg.1.png / val_Average = 89.0169	val_Variance = 34.6280	sd = 5.8846	max = 100	min = 0
[20201206_121418 / lib_ip.py:4275] len(Hs) = 8100, len(Ss) = 8100, len(Vs) = 8100
[20201206_121418 / lib_ip.py:4314] pink : variance --> out of range (variance = 34.628 / upper = 0.770 / lower = 0.030)
[20201206_121418 / lib_ip.py:3753] file = img.20201206_121417.2020-12-05_20-44-59_000.jpg.1.png / val_Average = 89.0169	val_Variance = 34.6280	sd = 5.8846	max = 100	min = 0
[20201206_121418 / lib_ip.py:4378] len(Hs) = 8100, len(Ss) = 8100, len(Vs) = 8100
[20201206_121418 / lib_ip.py:4422] black : variance --> out of range (variance = 34.628 / upper = 0.000 / lower = 0.000)
[20201206_121418 / lib_ip.py:4593] file : img.20201206_121417.2020-12-05_20-44-59_000.jpg.1.png 0 (black : variance --> out of range (variance = 34.628 / upper = 0.000 / lower = 0.000))
[20201206_121418 / lib_ip.py:2274] inspecting ===> img.20201206_121417.2020-12-05_20-44-59_000.jpg.2.png
[20201206_121419 / lib_ip.py:4505] 
img.20201206_121417.2020-12-05_20-44-59_000.jpg.2.png 1 ---------------------
[20201206_121419 / lib_ip.py:3753] file = img.20201206_121417.2020-12-05_20-44-59_000.jpg.2.png / val_Average = 73.3593	val_Variance = 323.5272	sd = 17.9869	max = 135	min = 0
[20201206_121419 / lib_ip.py:3836] len(Hs) = 8100, len(Ss) = 8100, len(Vs) = 8100
[20201206_121419 / lib_ip.py:3869] yellow : variance --> out of range (variance = 323.527 / upper = 0.650 / lower = 0.000)
[20201206_121419 / lib_ip.py:3753] file = img.20201206_121417.2020-12-05_20-44-59_000.jpg.2.png / val_Average = 73.3593	val_Variance = 323.5272	sd = 17.9869	max = 135	min = 0
[20201206_121419 / lib_ip.py:3936] len(Hs) = 8100, len(Ss) = 8100, len(Vs) = 8100
[20201206_121419 / lib_ip.py:3982] red : variance --> out of range (variance = 323.527 / upper = 0.430 / lower = 0.000)
[20201206_121419 / lib_ip.py:3753] file = img.20201206_121417.2020-12-05_20-44-59_000.jpg.2.png / val_Average = 73.3593	val_Variance = 323.5272	sd = 17.9869	max = 135	min = 0
[20201206_121419 / lib_ip.py:4052] len(Hs) = 8100, len(Ss) = 8100, len(Vs) = 8100
[20201206_121419 / lib_ip.py:4099] green : variance --> out of range (variance = 323.527 / upper = 0.760 / lower = 0.000)
[20201206_121419 / lib_ip.py:3753] file = img.20201206_121417.2020-12-05_20-44-59_000.jpg.2.png / val_Average = 73.3593	val_Variance = 323.5272	sd = 17.9869	max = 135	min = 0
[20201206_121419 / lib_ip.py:4169] len(Hs) = 8100, len(Ss) = 8100, len(Vs) = 8100
[20201206_121419 / lib_ip.py:4208] blue : variance --> out of range (variance = 323.527 / upper = 0.930 / lower = 0.010)
[20201206_121419 / lib_ip.py:3753] file = img.20201206_121417.2020-12-05_20-44-59_000.jpg.2.png / val_Average = 73.3593	val_Variance = 323.5272	sd = 17.9869	max = 135	min = 0
[20201206_121419 / lib_ip.py:4275] len(Hs) = 8100, len(Ss) = 8100, len(Vs) = 8100
[20201206_121419 / lib_ip.py:4314] pink : variance --> out of range (variance = 323.527 / upper = 0.770 / lower = 0.030)
[20201206_121419 / lib_ip.py:3753] file = img.20201206_121417.2020-12-05_20-44-59_000.jpg.2.png / val_Average = 73.3593	val_Variance = 323.5272	sd = 17.9869	max = 135	min = 0
[20201206_121419 / lib_ip.py:4378] len(Hs) = 8100, len(Ss) = 8100, len(Vs) = 8100
[20201206_121419 / lib_ip.py:4422] black : variance --> out of range (variance = 323.527 / upper = 0.000 / lower = 0.000)
[20201206_121420 / lib_ip.py:4593] file : img.20201206_121417.2020-12-05_20-44-59_000.jpg.2.png 1 (black : variance --> out of range (variance = 323.527 / upper = 0.000 / lower = 0.000))
[20201206_121420 / lib_ip.py:2274] inspecting ===> img.20201206_121417.2020-12-05_20-44-59_000.jpg.3.png
[20201206_121420 / lib_ip.py:4505] 
img.20201206_121417.2020-12-05_20-44-59_000.jpg.3.png 2 ---------------------
[20201206_121420 / lib_ip.py:3753] file = img.20201206_121417.2020-12-05_20-44-59_000.jpg.3.png / val_Average = 91.1588	val_Variance = 0.1600	sd = 0.4000	max = 92	min = 90
[20201206_121420 / lib_ip.py:3836] len(Hs) = 8100, len(Ss) = 8100, len(Vs) = 8100
[20201206_121420 / lib_ip.py:2274] inspecting ===> img.20201206_121417.2020-12-05_20-44-59_000.jpg.4.png
[20201206_121420 / lib_ip.py:4505] 
img.20201206_121417.2020-12-05_20-44-59_000.jpg.4.png 3 ---------------------
[20201206_121420 / lib_ip.py:3753] file = img.20201206_121417.2020-12-05_20-44-59_000.jpg.4.png / val_Average = 10.6028	val_Variance = 4.3537	sd = 2.0866	max = 17	min = 0
[20201206_121420 / lib_ip.py:3836] len(Hs) = 8100, len(Ss) = 8100, len(Vs) = 8100
[20201206_121420 / lib_ip.py:3869] yellow : variance --> out of range (variance = 4.354 / upper = 0.650 / lower = 0.000)
[20201206_121421 / lib_ip.py:3753] file = img.20201206_121417.2020-12-05_20-44-59_000.jpg.4.png / val_Average = 10.6028	val_Variance = 4.3537	sd = 2.0866	max = 17	min = 0
[20201206_121421 / lib_ip.py:3936] len(Hs) = 8100, len(Ss) = 8100, len(Vs) = 8100
[20201206_121421 / lib_ip.py:3982] red : variance --> out of range (variance = 4.354 / upper = 0.430 / lower = 0.000)
[20201206_121421 / lib_ip.py:3753] file = img.20201206_121417.2020-12-05_20-44-59_000.jpg.4.png / val_Average = 10.6028	val_Variance = 4.3537	sd = 2.0866	max = 17	min = 0
[20201206_121421 / lib_ip.py:4052] len(Hs) = 8100, len(Ss) = 8100, len(Vs) = 8100
[20201206_121421 / lib_ip.py:4099] green : variance --> out of range (variance = 4.354 / upper = 0.760 / lower = 0.000)
[20201206_121421 / lib_ip.py:3753] file = img.20201206_121417.2020-12-05_20-44-59_000.jpg.4.png / val_Average = 10.6028	val_Variance = 4.3537	sd = 2.0866	max = 17	min = 0
[20201206_121421 / lib_ip.py:4169] len(Hs) = 8100, len(Ss) = 8100, len(Vs) = 8100
[20201206_121421 / lib_ip.py:4208] blue : variance --> out of range (variance = 4.354 / upper = 0.930 / lower = 0.010)
[20201206_121421 / lib_ip.py:3753] file = img.20201206_121417.2020-12-05_20-44-59_000.jpg.4.png / val_Average = 10.6028	val_Variance = 4.3537	sd = 2.0866	max = 17	min = 0
[20201206_121421 / lib_ip.py:4275] len(Hs) = 8100, len(Ss) = 8100, len(Vs) = 8100
[20201206_121421 / lib_ip.py:4314] pink : variance --> out of range (variance = 4.354 / upper = 0.770 / lower = 0.030)
[20201206_121421 / lib_ip.py:3753] file = img.20201206_121417.2020-12-05_20-44-59_000.jpg.4.png / val_Average = 10.6028	val_Variance = 4.3537	sd = 2.0866	max = 17	min = 0
[20201206_121421 / lib_ip.py:4378] len(Hs) = 8100, len(Ss) = 8100, len(Vs) = 8100
[20201206_121421 / lib_ip.py:4422] black : variance --> out of range (variance = 4.354 / upper = 0.000 / lower = 0.000)
[20201206_121421 / lib_ip.py:4593] file : img.20201206_121417.2020-12-05_20-44-59_000.jpg.4.png 3 (black : variance --> out of range (variance = 4.354 / upper = 0.000 / lower = 0.000))
[20201206_121420 / lib_ip.py:2274] inspecting ===> img.20201206_121417.2020-12-05_20-44-59_000.jpg.4.png
img.20201206_121417.2020-12-05_20-44-59_000.jpg.1.png => other
img.20201206_121417.2020-12-05_20-44-59_000.jpg.2.png => other
img.20201206_121417.2020-12-05_20-44-59_000.jpg.3.png => yellow
img.20201206_121417.2020-12-05_20-44-59_000.jpg.4.png => other
[20201206_121421 lib_ip.py:3301] =============== Get 4 corners
dpath_Images = C:\WORKS_2\WS\WS_Others.Art\JVEMV6\46_art\VIRTUAL\Admin_Projects\ip\images
fname_Image = img.20201206_121417.2020-12-05_20-44-59_000.jpg.4.png

[20201206_121422 / lib_ip.py:2274] inspecting ===> img.20201206_121421.2020-12-06_02-56-32_000.jpg.1.png
[20201206_121422 / lib_ip.py:4505] 
img.20201206_121421.2020-12-06_02-56-32_000.jpg.1.png 0 ---------------------
[20201206_121422 / lib_ip.py:3753] file = img.20201206_121421.2020-12-06_02-56-32_000.jpg.1.png / val_Average = 0.0000	val_Variance = 0.0000	sd = 0.0000	max = 0	min = 0
[20201206_121422 / lib_ip.py:3836] len(Hs) = 8100, len(Ss) = 8100, len(Vs) = 8100
[20201206_121422 / lib_ip.py:3891] yellow : average --> out of range (average = 0.000 / upper = 99.200 / lower = 85.500)
[20201206_121422 / lib_ip.py:3753] file = img.20201206_121421.2020-12-06_02-56-32_000.jpg.1.png / val_Average = 0.0000	val_Variance = 0.0000	sd = 0.0000	max = 0	min = 0
[20201206_121422 / lib_ip.py:3936] len(Hs) = 8100, len(Ss) = 8100, len(Vs) = 8100
[20201206_121422 / lib_ip.py:4007] red : average --> out of range (average = 0.000 / upper = 124.600 / lower = 115.000)
[20201206_121422 / lib_ip.py:3753] file = img.20201206_121421.2020-12-06_02-56-32_000.jpg.1.png / val_Average = 0.0000	val_Variance = 0.0000	sd = 0.0000	max = 0	min = 0
[20201206_121423 / lib_ip.py:4052] len(Hs) = 8100, len(Ss) = 8100, len(Vs) = 8100
[20201206_121423 / lib_ip.py:4124] green : average --> out of range (average = 0.000 / upper = 85.000 / lower = 58.000)
[20201206_121423 / lib_ip.py:3753] file = img.20201206_121421.2020-12-06_02-56-32_000.jpg.1.png / val_Average = 0.0000	val_Variance = 0.0000	sd = 0.0000	max = 0	min = 0
[20201206_121423 / lib_ip.py:4169] len(Hs) = 8100, len(Ss) = 8100, len(Vs) = 8100
[20201206_121423 / lib_ip.py:4208] blue : variance --> out of range (variance = 0.000 / upper = 0.930 / lower = 0.010)
[20201206_121423 / lib_ip.py:3753] file = img.20201206_121421.2020-12-06_02-56-32_000.jpg.1.png / val_Average = 0.0000	val_Variance = 0.0000	sd = 0.0000	max = 0	min = 0
[20201206_121423 / lib_ip.py:4275] len(Hs) = 8100, len(Ss) = 8100, len(Vs) = 8100
[20201206_121423 / lib_ip.py:4314] pink : variance --> out of range (variance = 0.000 / upper = 0.770 / lower = 0.030)
[20201206_121423 / lib_ip.py:3753] file = img.20201206_121421.2020-12-06_02-56-32_000.jpg.1.png / val_Average = 0.0000	val_Variance = 0.0000	sd = 0.0000	max = 0	min = 0
[20201206_121423 / lib_ip.py:4378] len(Hs) = 8100, len(Ss) = 8100, len(Vs) = 8100
[20201206_121423 / lib_ip.py:2274] inspecting ===> img.20201206_121421.2020-12-06_02-56-32_000.jpg.2.png
[20201206_121423 / lib_ip.py:4505] 
img.20201206_121421.2020-12-06_02-56-32_000.jpg.2.png 1 ---------------------
[20201206_121423 / lib_ip.py:3753] file = img.20201206_121421.2020-12-06_02-56-32_000.jpg.2.png / val_Average = 0.0000	val_Variance = 0.0000	sd = 0.0000	max = 0	min = 0
[20201206_121423 / lib_ip.py:3836] len(Hs) = 8100, len(Ss) = 8100, len(Vs) = 8100
[20201206_121423 / lib_ip.py:3891] yellow : average --> out of range (average = 0.000 / upper = 99.200 / lower = 85.500)
[20201206_121424 / lib_ip.py:3753] file = img.20201206_121421.2020-12-06_02-56-32_000.jpg.2.png / val_Average = 0.0000	val_Variance = 0.0000	sd = 0.0000	max = 0	min = 0
[20201206_121424 / lib_ip.py:3936] len(Hs) = 8100, len(Ss) = 8100, len(Vs) = 8100
[20201206_121424 / lib_ip.py:4007] red : average --> out of range (average = 0.000 / upper = 124.600 / lower = 115.000)
[20201206_121424 / lib_ip.py:3753] file = img.20201206_121421.2020-12-06_02-56-32_000.jpg.2.png / val_Average = 0.0000	val_Variance = 0.0000	sd = 0.0000	max = 0	min = 0
[20201206_121424 / lib_ip.py:4052] len(Hs) = 8100, len(Ss) = 8100, len(Vs) = 8100
[20201206_121424 / lib_ip.py:4124] green : average --> out of range (average = 0.000 / upper = 85.000 / lower = 58.000)
[20201206_121424 / lib_ip.py:3753] file = img.20201206_121421.2020-12-06_02-56-32_000.jpg.2.png / val_Average = 0.0000	val_Variance = 0.0000	sd = 0.0000	max = 0	min = 0
[20201206_121424 / lib_ip.py:4169] len(Hs) = 8100, len(Ss) = 8100, len(Vs) = 8100
[20201206_121424 / lib_ip.py:4208] blue : variance --> out of range (variance = 0.000 / upper = 0.930 / lower = 0.010)
[20201206_121424 / lib_ip.py:3753] file = img.20201206_121421.2020-12-06_02-56-32_000.jpg.2.png / val_Average = 0.0000	val_Variance = 0.0000	sd = 0.0000	max = 0	min = 0
[20201206_121424 / lib_ip.py:4275] len(Hs) = 8100, len(Ss) = 8100, len(Vs) = 8100
[20201206_121424 / lib_ip.py:4314] pink : variance --> out of range (variance = 0.000 / upper = 0.770 / lower = 0.030)
[20201206_121424 / lib_ip.py:3753] file = img.20201206_121421.2020-12-06_02-56-32_000.jpg.2.png / val_Average = 0.0000	val_Variance = 0.0000	sd = 0.0000	max = 0	min = 0
[20201206_121424 / lib_ip.py:4378] len(Hs) = 8100, len(Ss) = 8100, len(Vs) = 8100
[20201206_121424 / lib_ip.py:2274] inspecting ===> img.20201206_121421.2020-12-06_02-56-32_000.jpg.3.png
[20201206_121425 / lib_ip.py:4505] 
img.20201206_121421.2020-12-06_02-56-32_000.jpg.3.png 2 ---------------------
[20201206_121425 / lib_ip.py:3753] file = img.20201206_121421.2020-12-06_02-56-32_000.jpg.3.png / val_Average = 0.0000	val_Variance = 0.0000	sd = 0.0000	max = 0	min = 0
[20201206_121425 / lib_ip.py:3836] len(Hs) = 8100, len(Ss) = 8100, len(Vs) = 8100
[20201206_121425 / lib_ip.py:3891] yellow : average --> out of range (average = 0.000 / upper = 99.200 / lower = 85.500)
[20201206_121425 / lib_ip.py:3753] file = img.20201206_121421.2020-12-06_02-56-32_000.jpg.3.png / val_Average = 0.0000	val_Variance = 0.0000	sd = 0.0000	max = 0	min = 0
[20201206_121425 / lib_ip.py:3936] len(Hs) = 8100, len(Ss) = 8100, len(Vs) = 8100
[20201206_121425 / lib_ip.py:4007] red : average --> out of range (average = 0.000 / upper = 124.600 / lower = 115.000)
[20201206_121425 / lib_ip.py:3753] file = img.20201206_121421.2020-12-06_02-56-32_000.jpg.3.png / val_Average = 0.0000	val_Variance = 0.0000	sd = 0.0000	max = 0	min = 0
[20201206_121425 / lib_ip.py:4052] len(Hs) = 8100, len(Ss) = 8100, len(Vs) = 8100
[20201206_121425 / lib_ip.py:4124] green : average --> out of range (average = 0.000 / upper = 85.000 / lower = 58.000)
[20201206_121425 / lib_ip.py:3753] file = img.20201206_121421.2020-12-06_02-56-32_000.jpg.3.png / val_Average = 0.0000	val_Variance = 0.0000	sd = 0.0000	max = 0	min = 0
[20201206_121425 / lib_ip.py:4169] len(Hs) = 8100, len(Ss) = 8100, len(Vs) = 8100
[20201206_121425 / lib_ip.py:4208] blue : variance --> out of range (variance = 0.000 / upper = 0.930 / lower = 0.010)
[20201206_121425 / lib_ip.py:3753] file = img.20201206_121421.2020-12-06_02-56-32_000.jpg.3.png / val_Average = 0.0000	val_Variance = 0.0000	sd = 0.0000	max = 0	min = 0
[20201206_121425 / lib_ip.py:4275] len(Hs) = 8100, len(Ss) = 8100, len(Vs) = 8100
[20201206_121425 / lib_ip.py:4314] pink : variance --> out of range (variance = 0.000 / upper = 0.770 / lower = 0.030)
[20201206_121426 / lib_ip.py:3753] file = img.20201206_121421.2020-12-06_02-56-32_000.jpg.3.png / val_Average = 0.0000	val_Variance = 0.0000	sd = 0.0000	max = 0	min = 0
[20201206_121426 / lib_ip.py:4378] len(Hs) = 8100, len(Ss) = 8100, len(Vs) = 8100
[20201206_121426 / lib_ip.py:2274] inspecting ===> img.20201206_121421.2020-12-06_02-56-32_000.jpg.4.png
[20201206_121426 / lib_ip.py:4505] 
img.20201206_121421.2020-12-06_02-56-32_000.jpg.4.png 3 ---------------------
[20201206_121426 / lib_ip.py:3753] file = img.20201206_121421.2020-12-06_02-56-32_000.jpg.4.png / val_Average = 0.0000	val_Variance = 0.0000	sd = 0.0000	max = 0	min = 0
[20201206_121426 / lib_ip.py:3836] len(Hs) = 8100, len(Ss) = 8100, len(Vs) = 8100
[20201206_121426 / lib_ip.py:3891] yellow : average --> out of range (average = 0.000 / upper = 99.200 / lower = 85.500)
[20201206_121426 / lib_ip.py:3753] file = img.20201206_121421.2020-12-06_02-56-32_000.jpg.4.png / val_Average = 0.0000	val_Variance = 0.0000	sd = 0.0000	max = 0	min = 0
[20201206_121426 / lib_ip.py:3936] len(Hs) = 8100, len(Ss) = 8100, len(Vs) = 8100
[20201206_121426 / lib_ip.py:4007] red : average --> out of range (average = 0.000 / upper = 124.600 / lower = 115.000)
[20201206_121426 / lib_ip.py:3753] file = img.20201206_121421.2020-12-06_02-56-32_000.jpg.4.png / val_Average = 0.0000	val_Variance = 0.0000	sd = 0.0000	max = 0	min = 0
[20201206_121426 / lib_ip.py:4052] len(Hs) = 8100, len(Ss) = 8100, len(Vs) = 8100
[20201206_121426 / lib_ip.py:4124] green : average --> out of range (average = 0.000 / upper = 85.000 / lower = 58.000)
[20201206_121426 / lib_ip.py:3753] file = img.20201206_121421.2020-12-06_02-56-32_000.jpg.4.png / val_Average = 0.0000	val_Variance = 0.0000	sd = 0.0000	max = 0	min = 0
[20201206_121426 / lib_ip.py:4169] len(Hs) = 8100, len(Ss) = 8100, len(Vs) = 8100
[20201206_121426 / lib_ip.py:4208] blue : variance --> out of range (variance = 0.000 / upper = 0.930 / lower = 0.010)
[20201206_121427 / lib_ip.py:3753] file = img.20201206_121421.2020-12-06_02-56-32_000.jpg.4.png / val_Average = 0.0000	val_Variance = 0.0000	sd = 0.0000	max = 0	min = 0
[20201206_121427 / lib_ip.py:4275] len(Hs) = 8100, len(Ss) = 8100, len(Vs) = 8100
[20201206_121427 / lib_ip.py:4314] pink : variance --> out of range (variance = 0.000 / upper = 0.770 / lower = 0.030)
[20201206_121427 / lib_ip.py:3753] file = img.20201206_121421.2020-12-06_02-56-32_000.jpg.4.png / val_Average = 0.0000	val_Variance = 0.0000	sd = 0.0000	max = 0	min = 0
[20201206_121427 / lib_ip.py:4378] len(Hs) = 8100, len(Ss) = 8100, len(Vs) = 8100
[20201206_121426 / lib_ip.py:2274] inspecting ===> img.20201206_121421.2020-12-06_02-56-32_000.jpg.4.png
img.20201206_121421.2020-12-06_02-56-32_000.jpg.1.png => other
img.20201206_121421.2020-12-06_02-56-32_000.jpg.2.png => other
img.20201206_121421.2020-12-06_02-56-32_000.jpg.3.png => other
img.20201206_121421.2020-12-06_02-56-32_000.jpg.4.png => other
[20201206_121427 lib_ip.py:3301] =============== Get 4 corners
dpath_Images = C:\WORKS_2\WS\WS_Others.Art\JVEMV6\46_art\VIRTUAL\Admin_Projects\ip\images
fname_Image = img.20201206_121421.2020-12-06_02-56-32_000.jpg.4.png

[20201206_121428 / lib_ip.py:2274] inspecting ===> img.20201206_121428.2020-12-06_02-57-04_000.jpg.1.png
[20201206_121428 / lib_ip.py:4505] 
img.20201206_121428.2020-12-06_02-57-04_000.jpg.1.png 0 ---------------------
[20201206_121428 / lib_ip.py:3753] file = img.20201206_121428.2020-12-06_02-57-04_000.jpg.1.png / val_Average = 153.4298	val_Variance = 6.0085	sd = 2.4512	max = 167	min = 144
[20201206_121428 / lib_ip.py:3836] len(Hs) = 8100, len(Ss) = 8100, len(Vs) = 8100
[20201206_121428 / lib_ip.py:3869] yellow : variance --> out of range (variance = 6.009 / upper = 0.650 / lower = 0.000)
[20201206_121428 / lib_ip.py:3753] file = img.20201206_121428.2020-12-06_02-57-04_000.jpg.1.png / val_Average = 153.4298	val_Variance = 6.0085	sd = 2.4512	max = 167	min = 144
[20201206_121428 / lib_ip.py:3936] len(Hs) = 8100, len(Ss) = 8100, len(Vs) = 8100
[20201206_121428 / lib_ip.py:3982] red : variance --> out of range (variance = 6.009 / upper = 0.430 / lower = 0.000)
[20201206_121428 / lib_ip.py:3753] file = img.20201206_121428.2020-12-06_02-57-04_000.jpg.1.png / val_Average = 153.4298	val_Variance = 6.0085	sd = 2.4512	max = 167	min = 144
[20201206_121428 / lib_ip.py:4052] len(Hs) = 8100, len(Ss) = 8100, len(Vs) = 8100
[20201206_121428 / lib_ip.py:4099] green : variance --> out of range (variance = 6.009 / upper = 0.760 / lower = 0.000)
[20201206_121429 / lib_ip.py:3753] file = img.20201206_121428.2020-12-06_02-57-04_000.jpg.1.png / val_Average = 153.4298	val_Variance = 6.0085	sd = 2.4512	max = 167	min = 144
[20201206_121429 / lib_ip.py:4169] len(Hs) = 8100, len(Ss) = 8100, len(Vs) = 8100
[20201206_121429 / lib_ip.py:4208] blue : variance --> out of range (variance = 6.009 / upper = 0.930 / lower = 0.010)
[20201206_121429 / lib_ip.py:3753] file = img.20201206_121428.2020-12-06_02-57-04_000.jpg.1.png / val_Average = 153.4298	val_Variance = 6.0085	sd = 2.4512	max = 167	min = 144
[20201206_121429 / lib_ip.py:4275] len(Hs) = 8100, len(Ss) = 8100, len(Vs) = 8100
[20201206_121429 / lib_ip.py:4314] pink : variance --> out of range (variance = 6.009 / upper = 0.770 / lower = 0.030)
[20201206_121429 / lib_ip.py:3753] file = img.20201206_121428.2020-12-06_02-57-04_000.jpg.1.png / val_Average = 153.4298	val_Variance = 6.0085	sd = 2.4512	max = 167	min = 144
[20201206_121429 / lib_ip.py:4378] len(Hs) = 8100, len(Ss) = 8100, len(Vs) = 8100
[20201206_121429 / lib_ip.py:4422] black : variance --> out of range (variance = 6.009 / upper = 0.000 / lower = 0.000)
[20201206_121429 / lib_ip.py:4593] file : img.20201206_121428.2020-12-06_02-57-04_000.jpg.1.png 0 (black : variance --> out of range (variance = 6.009 / upper = 0.000 / lower = 0.000))
[20201206_121429 / lib_ip.py:2274] inspecting ===> img.20201206_121428.2020-12-06_02-57-04_000.jpg.2.png
[20201206_121429 / lib_ip.py:4505] 
img.20201206_121428.2020-12-06_02-57-04_000.jpg.2.png 1 ---------------------
[20201206_121430 / lib_ip.py:3753] file = img.20201206_121428.2020-12-06_02-57-04_000.jpg.2.png / val_Average = 116.2902	val_Variance = 4.6798	sd = 2.1633	max = 126	min = 109
[20201206_121430 / lib_ip.py:3836] len(Hs) = 8100, len(Ss) = 8100, len(Vs) = 8100
[20201206_121430 / lib_ip.py:3869] yellow : variance --> out of range (variance = 4.680 / upper = 0.650 / lower = 0.000)
[20201206_121430 / lib_ip.py:3753] file = img.20201206_121428.2020-12-06_02-57-04_000.jpg.2.png / val_Average = 116.2902	val_Variance = 4.6798	sd = 2.1633	max = 126	min = 109
[20201206_121430 / lib_ip.py:3936] len(Hs) = 8100, len(Ss) = 8100, len(Vs) = 8100
[20201206_121430 / lib_ip.py:3982] red : variance --> out of range (variance = 4.680 / upper = 0.430 / lower = 0.000)
[20201206_121430 / lib_ip.py:3753] file = img.20201206_121428.2020-12-06_02-57-04_000.jpg.2.png / val_Average = 116.2902	val_Variance = 4.6798	sd = 2.1633	max = 126	min = 109
[20201206_121430 / lib_ip.py:4052] len(Hs) = 8100, len(Ss) = 8100, len(Vs) = 8100
[20201206_121430 / lib_ip.py:4099] green : variance --> out of range (variance = 4.680 / upper = 0.760 / lower = 0.000)
[20201206_121430 / lib_ip.py:3753] file = img.20201206_121428.2020-12-06_02-57-04_000.jpg.2.png / val_Average = 116.2902	val_Variance = 4.6798	sd = 2.1633	max = 126	min = 109
[20201206_121430 / lib_ip.py:4169] len(Hs) = 8100, len(Ss) = 8100, len(Vs) = 8100
[20201206_121430 / lib_ip.py:4208] blue : variance --> out of range (variance = 4.680 / upper = 0.930 / lower = 0.010)
[20201206_121430 / lib_ip.py:3753] file = img.20201206_121428.2020-12-06_02-57-04_000.jpg.2.png / val_Average = 116.2902	val_Variance = 4.6798	sd = 2.1633	max = 126	min = 109
[20201206_121430 / lib_ip.py:4275] len(Hs) = 8100, len(Ss) = 8100, len(Vs) = 8100
[20201206_121430 / lib_ip.py:4314] pink : variance --> out of range (variance = 4.680 / upper = 0.770 / lower = 0.030)
[20201206_121430 / lib_ip.py:3753] file = img.20201206_121428.2020-12-06_02-57-04_000.jpg.2.png / val_Average = 116.2902	val_Variance = 4.6798	sd = 2.1633	max = 126	min = 109
[20201206_121430 / lib_ip.py:4378] len(Hs) = 8100, len(Ss) = 8100, len(Vs) = 8100
[20201206_121430 / lib_ip.py:4422] black : variance --> out of range (variance = 4.680 / upper = 0.000 / lower = 0.000)
[20201206_121430 / lib_ip.py:4593] file : img.20201206_121428.2020-12-06_02-57-04_000.jpg.2.png 1 (black : variance --> out of range (variance = 4.680 / upper = 0.000 / lower = 0.000))
[20201206_121430 / lib_ip.py:2274] inspecting ===> img.20201206_121428.2020-12-06_02-57-04_000.jpg.3.png
[20201206_121431 / lib_ip.py:4505] 
img.20201206_121428.2020-12-06_02-57-04_000.jpg.3.png 2 ---------------------
[20201206_121431 / lib_ip.py:3753] file = img.20201206_121428.2020-12-06_02-57-04_000.jpg.3.png / val_Average = 107.0326	val_Variance = 0.2189	sd = 0.4679	max = 109	min = 104
[20201206_121431 / lib_ip.py:3836] len(Hs) = 8100, len(Ss) = 8100, len(Vs) = 8100
[20201206_121431 / lib_ip.py:3891] yellow : average --> out of range (average = 107.033 / upper = 99.200 / lower = 85.500)
[20201206_121431 / lib_ip.py:3753] file = img.20201206_121428.2020-12-06_02-57-04_000.jpg.3.png / val_Average = 107.0326	val_Variance = 0.2189	sd = 0.4679	max = 109	min = 104
[20201206_121431 / lib_ip.py:3936] len(Hs) = 8100, len(Ss) = 8100, len(Vs) = 8100
[20201206_121431 / lib_ip.py:4007] red : average --> out of range (average = 107.033 / upper = 124.600 / lower = 115.000)
[20201206_121431 / lib_ip.py:3753] file = img.20201206_121428.2020-12-06_02-57-04_000.jpg.3.png / val_Average = 107.0326	val_Variance = 0.2189	sd = 0.4679	max = 109	min = 104
[20201206_121431 / lib_ip.py:4052] len(Hs) = 8100, len(Ss) = 8100, len(Vs) = 8100
[20201206_121431 / lib_ip.py:4124] green : average --> out of range (average = 107.033 / upper = 85.000 / lower = 58.000)
[20201206_121431 / lib_ip.py:3753] file = img.20201206_121428.2020-12-06_02-57-04_000.jpg.3.png / val_Average = 107.0326	val_Variance = 0.2189	sd = 0.4679	max = 109	min = 104
[20201206_121431 / lib_ip.py:4169] len(Hs) = 8100, len(Ss) = 8100, len(Vs) = 8100
[20201206_121431 / lib_ip.py:4230] blue : average --> out of range (average = 107.033 / upper = 17.000 / lower = 8.850)
[20201206_121432 / lib_ip.py:3753] file = img.20201206_121428.2020-12-06_02-57-04_000.jpg.3.png / val_Average = 107.0326	val_Variance = 0.2189	sd = 0.4679	max = 109	min = 104
[20201206_121432 / lib_ip.py:4275] len(Hs) = 8100, len(Ss) = 8100, len(Vs) = 8100
[20201206_121432 / lib_ip.py:4336] pink : average --> out of range (average = 107.033 / upper = 150.000 / lower = 127.900)
[20201206_121432 / lib_ip.py:3753] file = img.20201206_121428.2020-12-06_02-57-04_000.jpg.3.png / val_Average = 107.0326	val_Variance = 0.2189	sd = 0.4679	max = 109	min = 104
[20201206_121432 / lib_ip.py:4378] len(Hs) = 8100, len(Ss) = 8100, len(Vs) = 8100
[20201206_121432 / lib_ip.py:4422] black : variance --> out of range (variance = 0.219 / upper = 0.000 / lower = 0.000)
[20201206_121432 / lib_ip.py:4593] file : img.20201206_121428.2020-12-06_02-57-04_000.jpg.3.png 2 (black : variance --> out of range (variance = 0.219 / upper = 0.000 / lower = 0.000))
[20201206_121432 / lib_ip.py:2274] inspecting ===> img.20201206_121428.2020-12-06_02-57-04_000.jpg.4.png
[20201206_121432 / lib_ip.py:4505] 
img.20201206_121428.2020-12-06_02-57-04_000.jpg.4.png 3 ---------------------
[20201206_121432 / lib_ip.py:3753] file = img.20201206_121428.2020-12-06_02-57-04_000.jpg.4.png / val_Average = 106.0116	val_Variance = 0.1102	sd = 0.3320	max = 108	min = 104
[20201206_121432 / lib_ip.py:3836] len(Hs) = 8100, len(Ss) = 8100, len(Vs) = 8100
[20201206_121432 / lib_ip.py:3891] yellow : average --> out of range (average = 106.012 / upper = 99.200 / lower = 85.500)
[20201206_121432 / lib_ip.py:3753] file = img.20201206_121428.2020-12-06_02-57-04_000.jpg.4.png / val_Average = 106.0116	val_Variance = 0.1102	sd = 0.3320	max = 108	min = 104
[20201206_121432 / lib_ip.py:3936] len(Hs) = 8100, len(Ss) = 8100, len(Vs) = 8100
[20201206_121432 / lib_ip.py:4007] red : average --> out of range (average = 106.012 / upper = 124.600 / lower = 115.000)
[20201206_121433 / lib_ip.py:3753] file = img.20201206_121428.2020-12-06_02-57-04_000.jpg.4.png / val_Average = 106.0116	val_Variance = 0.1102	sd = 0.3320	max = 108	min = 104
[20201206_121433 / lib_ip.py:4052] len(Hs) = 8100, len(Ss) = 8100, len(Vs) = 8100
[20201206_121433 / lib_ip.py:4124] green : average --> out of range (average = 106.012 / upper = 85.000 / lower = 58.000)
[20201206_121433 / lib_ip.py:3753] file = img.20201206_121428.2020-12-06_02-57-04_000.jpg.4.png / val_Average = 106.0116	val_Variance = 0.1102	sd = 0.3320	max = 108	min = 104
[20201206_121433 / lib_ip.py:4169] len(Hs) = 8100, len(Ss) = 8100, len(Vs) = 8100
[20201206_121433 / lib_ip.py:4230] blue : average --> out of range (average = 106.012 / upper = 17.000 / lower = 8.850)
[20201206_121433 / lib_ip.py:3753] file = img.20201206_121428.2020-12-06_02-57-04_000.jpg.4.png / val_Average = 106.0116	val_Variance = 0.1102	sd = 0.3320	max = 108	min = 104
[20201206_121433 / lib_ip.py:4275] len(Hs) = 8100, len(Ss) = 8100, len(Vs) = 8100
[20201206_121433 / lib_ip.py:4336] pink : average --> out of range (average = 106.012 / upper = 150.000 / lower = 127.900)
[20201206_121433 / lib_ip.py:3753] file = img.20201206_121428.2020-12-06_02-57-04_000.jpg.4.png / val_Average = 106.0116	val_Variance = 0.1102	sd = 0.3320	max = 108	min = 104
[20201206_121433 / lib_ip.py:4378] len(Hs) = 8100, len(Ss) = 8100, len(Vs) = 8100
[20201206_121433 / lib_ip.py:4422] black : variance --> out of range (variance = 0.110 / upper = 0.000 / lower = 0.000)
[20201206_121433 / lib_ip.py:4593] file : img.20201206_121428.2020-12-06_02-57-04_000.jpg.4.png 3 (black : variance --> out of range (variance = 0.110 / upper = 0.000 / lower = 0.000))
[20201206_121432 / lib_ip.py:2274] inspecting ===> img.20201206_121428.2020-12-06_02-57-04_000.jpg.4.png
img.20201206_121428.2020-12-06_02-57-04_000.jpg.1.png => other
img.20201206_121428.2020-12-06_02-57-04_000.jpg.2.png => other
img.20201206_121428.2020-12-06_02-57-04_000.jpg.3.png => other
img.20201206_121428.2020-12-06_02-57-04_000.jpg.4.png => other
[20201206_121433 lib_ip.py:3301] =============== Get 4 corners
dpath_Images = C:\WORKS_2\WS\WS_Others.Art\JVEMV6\46_art\VIRTUAL\Admin_Projects\ip\images
fname_Image = img.20201206_121428.2020-12-06_02-57-04_000.jpg.4.png

[20201206_121434 / lib_ip.py:2274] inspecting ===> img.20201206_121434.2020-12-06_11-42-32_000.jpg.1.png
[20201206_121434 / lib_ip.py:4505] 
img.20201206_121434.2020-12-06_11-42-32_000.jpg.1.png 0 ---------------------
[20201206_121434 / lib_ip.py:3753] file = img.20201206_121434.2020-12-06_11-42-32_000.jpg.1.png / val_Average = 99.4589	val_Variance = 4.6444	sd = 2.1551	max = 107	min = 85
[20201206_121434 / lib_ip.py:3836] len(Hs) = 8100, len(Ss) = 8100, len(Vs) = 8100
[20201206_121435 / lib_ip.py:3869] yellow : variance --> out of range (variance = 4.644 / upper = 0.650 / lower = 0.000)
[20201206_121435 / lib_ip.py:3753] file = img.20201206_121434.2020-12-06_11-42-32_000.jpg.1.png / val_Average = 99.4589	val_Variance = 4.6444	sd = 2.1551	max = 107	min = 85
[20201206_121435 / lib_ip.py:3936] len(Hs) = 8100, len(Ss) = 8100, len(Vs) = 8100
[20201206_121435 / lib_ip.py:3982] red : variance --> out of range (variance = 4.644 / upper = 0.430 / lower = 0.000)
[20201206_121435 / lib_ip.py:3753] file = img.20201206_121434.2020-12-06_11-42-32_000.jpg.1.png / val_Average = 99.4589	val_Variance = 4.6444	sd = 2.1551	max = 107	min = 85
[20201206_121435 / lib_ip.py:4052] len(Hs) = 8100, len(Ss) = 8100, len(Vs) = 8100
[20201206_121435 / lib_ip.py:4099] green : variance --> out of range (variance = 4.644 / upper = 0.760 / lower = 0.000)
[20201206_121435 / lib_ip.py:3753] file = img.20201206_121434.2020-12-06_11-42-32_000.jpg.1.png / val_Average = 99.4589	val_Variance = 4.6444	sd = 2.1551	max = 107	min = 85
[20201206_121435 / lib_ip.py:4169] len(Hs) = 8100, len(Ss) = 8100, len(Vs) = 8100
[20201206_121435 / lib_ip.py:4208] blue : variance --> out of range (variance = 4.644 / upper = 0.930 / lower = 0.010)
[20201206_121435 / lib_ip.py:3753] file = img.20201206_121434.2020-12-06_11-42-32_000.jpg.1.png / val_Average = 99.4589	val_Variance = 4.6444	sd = 2.1551	max = 107	min = 85
[20201206_121435 / lib_ip.py:4275] len(Hs) = 8100, len(Ss) = 8100, len(Vs) = 8100
[20201206_121435 / lib_ip.py:4314] pink : variance --> out of range (variance = 4.644 / upper = 0.770 / lower = 0.030)
[20201206_121435 / lib_ip.py:3753] file = img.20201206_121434.2020-12-06_11-42-32_000.jpg.1.png / val_Average = 99.4589	val_Variance = 4.6444	sd = 2.1551	max = 107	min = 85
[20201206_121435 / lib_ip.py:4378] len(Hs) = 8100, len(Ss) = 8100, len(Vs) = 8100
[20201206_121435 / lib_ip.py:4422] black : variance --> out of range (variance = 4.644 / upper = 0.000 / lower = 0.000)
[20201206_121435 / lib_ip.py:4593] file : img.20201206_121434.2020-12-06_11-42-32_000.jpg.1.png 0 (black : variance --> out of range (variance = 4.644 / upper = 0.000 / lower = 0.000))
[20201206_121435 / lib_ip.py:2274] inspecting ===> img.20201206_121434.2020-12-06_11-42-32_000.jpg.2.png
[20201206_121436 / lib_ip.py:4505] 
img.20201206_121434.2020-12-06_11-42-32_000.jpg.2.png 1 ---------------------
[20201206_121436 / lib_ip.py:3753] file = img.20201206_121434.2020-12-06_11-42-32_000.jpg.2.png / val_Average = 119.6601	val_Variance = 0.2323	sd = 0.4819	max = 120	min = 118
[20201206_121436 / lib_ip.py:3836] len(Hs) = 8100, len(Ss) = 8100, len(Vs) = 8100
[20201206_121436 / lib_ip.py:3891] yellow : average --> out of range (average = 119.660 / upper = 99.200 / lower = 85.500)
[20201206_121436 / lib_ip.py:3753] file = img.20201206_121434.2020-12-06_11-42-32_000.jpg.2.png / val_Average = 119.6601	val_Variance = 0.2323	sd = 0.4819	max = 120	min = 118
[20201206_121436 / lib_ip.py:3936] len(Hs) = 8100, len(Ss) = 8100, len(Vs) = 8100
[20201206_121436 / lib_ip.py:2274] inspecting ===> img.20201206_121434.2020-12-06_11-42-32_000.jpg.3.png
[20201206_121436 / lib_ip.py:4505] 
img.20201206_121434.2020-12-06_11-42-32_000.jpg.3.png 2 ---------------------
[20201206_121436 / lib_ip.py:3753] file = img.20201206_121434.2020-12-06_11-42-32_000.jpg.3.png / val_Average = 98.5957	val_Variance = 3.9127	sd = 1.9781	max = 105	min = 94
[20201206_121436 / lib_ip.py:3836] len(Hs) = 8100, len(Ss) = 8100, len(Vs) = 8100
[20201206_121436 / lib_ip.py:3869] yellow : variance --> out of range (variance = 3.913 / upper = 0.650 / lower = 0.000)
[20201206_121437 / lib_ip.py:3753] file = img.20201206_121434.2020-12-06_11-42-32_000.jpg.3.png / val_Average = 98.5957	val_Variance = 3.9127	sd = 1.9781	max = 105	min = 94
[20201206_121437 / lib_ip.py:3936] len(Hs) = 8100, len(Ss) = 8100, len(Vs) = 8100
[20201206_121437 / lib_ip.py:3982] red : variance --> out of range (variance = 3.913 / upper = 0.430 / lower = 0.000)
[20201206_121437 / lib_ip.py:3753] file = img.20201206_121434.2020-12-06_11-42-32_000.jpg.3.png / val_Average = 98.5957	val_Variance = 3.9127	sd = 1.9781	max = 105	min = 94
[20201206_121437 / lib_ip.py:4052] len(Hs) = 8100, len(Ss) = 8100, len(Vs) = 8100
[20201206_121437 / lib_ip.py:4099] green : variance --> out of range (variance = 3.913 / upper = 0.760 / lower = 0.000)
[20201206_121437 / lib_ip.py:3753] file = img.20201206_121434.2020-12-06_11-42-32_000.jpg.3.png / val_Average = 98.5957	val_Variance = 3.9127	sd = 1.9781	max = 105	min = 94
[20201206_121437 / lib_ip.py:4169] len(Hs) = 8100, len(Ss) = 8100, len(Vs) = 8100
[20201206_121437 / lib_ip.py:4208] blue : variance --> out of range (variance = 3.913 / upper = 0.930 / lower = 0.010)
[20201206_121437 / lib_ip.py:3753] file = img.20201206_121434.2020-12-06_11-42-32_000.jpg.3.png / val_Average = 98.5957	val_Variance = 3.9127	sd = 1.9781	max = 105	min = 94
[20201206_121437 / lib_ip.py:4275] len(Hs) = 8100, len(Ss) = 8100, len(Vs) = 8100
[20201206_121437 / lib_ip.py:4314] pink : variance --> out of range (variance = 3.913 / upper = 0.770 / lower = 0.030)
[20201206_121437 / lib_ip.py:3753] file = img.20201206_121434.2020-12-06_11-42-32_000.jpg.3.png / val_Average = 98.5957	val_Variance = 3.9127	sd = 1.9781	max = 105	min = 94
[20201206_121437 / lib_ip.py:4378] len(Hs) = 8100, len(Ss) = 8100, len(Vs) = 8100
[20201206_121437 / lib_ip.py:4422] black : variance --> out of range (variance = 3.913 / upper = 0.000 / lower = 0.000)
[20201206_121437 / lib_ip.py:4593] file : img.20201206_121434.2020-12-06_11-42-32_000.jpg.3.png 2 (black : variance --> out of range (variance = 3.913 / upper = 0.000 / lower = 0.000))
[20201206_121437 / lib_ip.py:2274] inspecting ===> img.20201206_121434.2020-12-06_11-42-32_000.jpg.4.png
[20201206_121438 / lib_ip.py:4505] 
img.20201206_121434.2020-12-06_11-42-32_000.jpg.4.png 3 ---------------------
[20201206_121438 / lib_ip.py:3753] file = img.20201206_121434.2020-12-06_11-42-32_000.jpg.4.png / val_Average = 78.6585	val_Variance = 0.2264	sd = 0.4758	max = 80	min = 78
[20201206_121438 / lib_ip.py:3836] len(Hs) = 8100, len(Ss) = 8100, len(Vs) = 8100
[20201206_121438 / lib_ip.py:3891] yellow : average --> out of range (average = 78.659 / upper = 99.200 / lower = 85.500)
[20201206_121438 / lib_ip.py:3753] file = img.20201206_121434.2020-12-06_11-42-32_000.jpg.4.png / val_Average = 78.6585	val_Variance = 0.2264	sd = 0.4758	max = 80	min = 78
[20201206_121438 / lib_ip.py:3936] len(Hs) = 8100, len(Ss) = 8100, len(Vs) = 8100
[20201206_121438 / lib_ip.py:4007] red : average --> out of range (average = 78.659 / upper = 124.600 / lower = 115.000)
[20201206_121438 / lib_ip.py:3753] file = img.20201206_121434.2020-12-06_11-42-32_000.jpg.4.png / val_Average = 78.6585	val_Variance = 0.2264	sd = 0.4758	max = 80	min = 78
[20201206_121438 / lib_ip.py:4052] len(Hs) = 8100, len(Ss) = 8100, len(Vs) = 8100
[20201206_121437 / lib_ip.py:2274] inspecting ===> img.20201206_121434.2020-12-06_11-42-32_000.jpg.4.png
img.20201206_121434.2020-12-06_11-42-32_000.jpg.1.png => other
img.20201206_121434.2020-12-06_11-42-32_000.jpg.2.png => red
img.20201206_121434.2020-12-06_11-42-32_000.jpg.3.png => other
img.20201206_121434.2020-12-06_11-42-32_000.jpg.4.png => other
[20201206_121438 lib_ip.py:3301] =============== Get 4 corners
dpath_Images = C:\WORKS_2\WS\WS_Others.Art\JVEMV6\46_art\VIRTUAL\Admin_Projects\ip\images
fname_Image = img.20201206_121434.2020-12-06_11-42-32_000.jpg.4.png

[20201206_121439 / lib_ip.py:2274] inspecting ===> img.20201206_121439.2020-12-06_11-43-20_000.jpg.1.png
[20201206_121439 / lib_ip.py:4505] 
img.20201206_121439.2020-12-06_11-43-20_000.jpg.1.png 0 ---------------------
[20201206_121439 / lib_ip.py:3753] file = img.20201206_121439.2020-12-06_11-43-20_000.jpg.1.png / val_Average = 119.9870	val_Variance = 0.0804	sd = 0.2836	max = 122	min = 119
[20201206_121439 / lib_ip.py:3836] len(Hs) = 8100, len(Ss) = 8100, len(Vs) = 8100
[20201206_121439 / lib_ip.py:3891] yellow : average --> out of range (average = 119.987 / upper = 99.200 / lower = 85.500)
[20201206_121439 / lib_ip.py:3753] file = img.20201206_121439.2020-12-06_11-43-20_000.jpg.1.png / val_Average = 119.9870	val_Variance = 0.0804	sd = 0.2836	max = 122	min = 119
[20201206_121440 / lib_ip.py:3936] len(Hs) = 8100, len(Ss) = 8100, len(Vs) = 8100
[20201206_121440 / lib_ip.py:2274] inspecting ===> img.20201206_121439.2020-12-06_11-43-20_000.jpg.2.png
[20201206_121440 / lib_ip.py:4505] 
img.20201206_121439.2020-12-06_11-43-20_000.jpg.2.png 1 ---------------------
[20201206_121440 / lib_ip.py:3753] file = img.20201206_121439.2020-12-06_11-43-20_000.jpg.2.png / val_Average = 76.1865	val_Variance = 0.1554	sd = 0.3943	max = 78	min = 76
[20201206_121440 / lib_ip.py:3836] len(Hs) = 8100, len(Ss) = 8100, len(Vs) = 8100
[20201206_121440 / lib_ip.py:3891] yellow : average --> out of range (average = 76.187 / upper = 99.200 / lower = 85.500)
[20201206_121440 / lib_ip.py:3753] file = img.20201206_121439.2020-12-06_11-43-20_000.jpg.2.png / val_Average = 76.1865	val_Variance = 0.1554	sd = 0.3943	max = 78	min = 76
[20201206_121440 / lib_ip.py:3936] len(Hs) = 8100, len(Ss) = 8100, len(Vs) = 8100
[20201206_121440 / lib_ip.py:4007] red : average --> out of range (average = 76.187 / upper = 124.600 / lower = 115.000)
[20201206_121440 / lib_ip.py:3753] file = img.20201206_121439.2020-12-06_11-43-20_000.jpg.2.png / val_Average = 76.1865	val_Variance = 0.1554	sd = 0.3943	max = 78	min = 76
[20201206_121440 / lib_ip.py:4052] len(Hs) = 8100, len(Ss) = 8100, len(Vs) = 8100
[20201206_121441 / lib_ip.py:2274] inspecting ===> img.20201206_121439.2020-12-06_11-43-20_000.jpg.3.png
[20201206_121441 / lib_ip.py:4505] 
img.20201206_121439.2020-12-06_11-43-20_000.jpg.3.png 2 ---------------------
[20201206_121441 / lib_ip.py:3753] file = img.20201206_121439.2020-12-06_11-43-20_000.jpg.3.png / val_Average = 100.6826	val_Variance = 10.3902	sd = 3.2234	max = 112	min = 77
[20201206_121441 / lib_ip.py:3836] len(Hs) = 8100, len(Ss) = 8100, len(Vs) = 8100
[20201206_121441 / lib_ip.py:3869] yellow : variance --> out of range (variance = 10.390 / upper = 0.650 / lower = 0.000)
[20201206_121441 / lib_ip.py:3753] file = img.20201206_121439.2020-12-06_11-43-20_000.jpg.3.png / val_Average = 100.6826	val_Variance = 10.3902	sd = 3.2234	max = 112	min = 77
[20201206_121441 / lib_ip.py:3936] len(Hs) = 8100, len(Ss) = 8100, len(Vs) = 8100
[20201206_121441 / lib_ip.py:3982] red : variance --> out of range (variance = 10.390 / upper = 0.430 / lower = 0.000)
[20201206_121441 / lib_ip.py:3753] file = img.20201206_121439.2020-12-06_11-43-20_000.jpg.3.png / val_Average = 100.6826	val_Variance = 10.3902	sd = 3.2234	max = 112	min = 77
[20201206_121441 / lib_ip.py:4052] len(Hs) = 8100, len(Ss) = 8100, len(Vs) = 8100
[20201206_121441 / lib_ip.py:4099] green : variance --> out of range (variance = 10.390 / upper = 0.760 / lower = 0.000)
[20201206_121441 / lib_ip.py:3753] file = img.20201206_121439.2020-12-06_11-43-20_000.jpg.3.png / val_Average = 100.6826	val_Variance = 10.3902	sd = 3.2234	max = 112	min = 77
[20201206_121441 / lib_ip.py:4169] len(Hs) = 8100, len(Ss) = 8100, len(Vs) = 8100
[20201206_121441 / lib_ip.py:4208] blue : variance --> out of range (variance = 10.390 / upper = 0.930 / lower = 0.010)
[20201206_121442 / lib_ip.py:3753] file = img.20201206_121439.2020-12-06_11-43-20_000.jpg.3.png / val_Average = 100.6826	val_Variance = 10.3902	sd = 3.2234	max = 112	min = 77
[20201206_121442 / lib_ip.py:4275] len(Hs) = 8100, len(Ss) = 8100, len(Vs) = 8100
[20201206_121442 / lib_ip.py:4314] pink : variance --> out of range (variance = 10.390 / upper = 0.770 / lower = 0.030)
[20201206_121442 / lib_ip.py:3753] file = img.20201206_121439.2020-12-06_11-43-20_000.jpg.3.png / val_Average = 100.6826	val_Variance = 10.3902	sd = 3.2234	max = 112	min = 77
[20201206_121442 / lib_ip.py:4378] len(Hs) = 8100, len(Ss) = 8100, len(Vs) = 8100
[20201206_121442 / lib_ip.py:4422] black : variance --> out of range (variance = 10.390 / upper = 0.000 / lower = 0.000)
[20201206_121442 / lib_ip.py:4593] file : img.20201206_121439.2020-12-06_11-43-20_000.jpg.3.png 2 (black : variance --> out of range (variance = 10.390 / upper = 0.000 / lower = 0.000))
[20201206_121442 / lib_ip.py:2274] inspecting ===> img.20201206_121439.2020-12-06_11-43-20_000.jpg.4.png
[20201206_121442 / lib_ip.py:4505] 
img.20201206_121439.2020-12-06_11-43-20_000.jpg.4.png 3 ---------------------
[20201206_121442 / lib_ip.py:3753] file = img.20201206_121439.2020-12-06_11-43-20_000.jpg.4.png / val_Average = 86.1538	val_Variance = 5.2260	sd = 2.2860	max = 107	min = 77
[20201206_121442 / lib_ip.py:3836] len(Hs) = 8100, len(Ss) = 8100, len(Vs) = 8100
[20201206_121442 / lib_ip.py:3869] yellow : variance --> out of range (variance = 5.226 / upper = 0.650 / lower = 0.000)
[20201206_121443 / lib_ip.py:3753] file = img.20201206_121439.2020-12-06_11-43-20_000.jpg.4.png / val_Average = 86.1538	val_Variance = 5.2260	sd = 2.2860	max = 107	min = 77
[20201206_121443 / lib_ip.py:3936] len(Hs) = 8100, len(Ss) = 8100, len(Vs) = 8100
[20201206_121443 / lib_ip.py:3982] red : variance --> out of range (variance = 5.226 / upper = 0.430 / lower = 0.000)
[20201206_121443 / lib_ip.py:3753] file = img.20201206_121439.2020-12-06_11-43-20_000.jpg.4.png / val_Average = 86.1538	val_Variance = 5.2260	sd = 2.2860	max = 107	min = 77
[20201206_121443 / lib_ip.py:4052] len(Hs) = 8100, len(Ss) = 8100, len(Vs) = 8100
[20201206_121443 / lib_ip.py:4099] green : variance --> out of range (variance = 5.226 / upper = 0.760 / lower = 0.000)
[20201206_121443 / lib_ip.py:3753] file = img.20201206_121439.2020-12-06_11-43-20_000.jpg.4.png / val_Average = 86.1538	val_Variance = 5.2260	sd = 2.2860	max = 107	min = 77
[20201206_121443 / lib_ip.py:4169] len(Hs) = 8100, len(Ss) = 8100, len(Vs) = 8100
[20201206_121443 / lib_ip.py:4208] blue : variance --> out of range (variance = 5.226 / upper = 0.930 / lower = 0.010)
[20201206_121443 / lib_ip.py:3753] file = img.20201206_121439.2020-12-06_11-43-20_000.jpg.4.png / val_Average = 86.1538	val_Variance = 5.2260	sd = 2.2860	max = 107	min = 77
[20201206_121443 / lib_ip.py:4275] len(Hs) = 8100, len(Ss) = 8100, len(Vs) = 8100
[20201206_121443 / lib_ip.py:4314] pink : variance --> out of range (variance = 5.226 / upper = 0.770 / lower = 0.030)
[20201206_121443 / lib_ip.py:3753] file = img.20201206_121439.2020-12-06_11-43-20_000.jpg.4.png / val_Average = 86.1538	val_Variance = 5.2260	sd = 2.2860	max = 107	min = 77
[20201206_121443 / lib_ip.py:4378] len(Hs) = 8100, len(Ss) = 8100, len(Vs) = 8100
[20201206_121443 / lib_ip.py:4422] black : variance --> out of range (variance = 5.226 / upper = 0.000 / lower = 0.000)
[20201206_121443 / lib_ip.py:4593] file : img.20201206_121439.2020-12-06_11-43-20_000.jpg.4.png 3 (black : variance --> out of range (variance = 5.226 / upper = 0.000 / lower = 0.000))
[20201206_121442 / lib_ip.py:2274] inspecting ===> img.20201206_121439.2020-12-06_11-43-20_000.jpg.4.png
img.20201206_121439.2020-12-06_11-43-20_000.jpg.1.png => red
img.20201206_121439.2020-12-06_11-43-20_000.jpg.2.png => other
img.20201206_121439.2020-12-06_11-43-20_000.jpg.3.png => other
img.20201206_121439.2020-12-06_11-43-20_000.jpg.4.png => other
[20201206_121443 lib_ip.py:3301] =============== Get 4 corners
dpath_Images = C:\WORKS_2\WS\WS_Others.Art\JVEMV6\46_art\VIRTUAL\Admin_Projects\ip\images
fname_Image = img.20201206_121439.2020-12-06_11-43-20_000.jpg.4.png

[20201206_121443 / views.py:1411] gen csv => complete (20201206_121443)(elapsed = 43.393 sec / 8 files / 5.424 sec per file)
1)	2020-12-05_15-50-31_000.jpg => 	other other green red 
2)	2020-12-05_17-53-17_000.jpg => 	other red other green 
3)	2020-12-05_19-09-11_000.jpg => 	other other green red 
4)	2020-12-05_20-44-59_000.jpg => 	other other yellow other 
5)	2020-12-06_02-56-32_000.jpg => 	black black black black 
6)	2020-12-06_02-57-04_000.jpg => 	other other other other 
7)	2020-12-06_11-42-32_000.jpg => 	other red other green 
8)	2020-12-06_11-43-20_000.jpg => 	red green other other 
[20201206_121444 / views.py:1782] lo_ColorName_Set__Modified_2 =>
1)	2020-12-05_15-50-31_000.jpg => 	g o o r 
2)	2020-12-05_17-53-17_000.jpg => 	g o o r 
3)	2020-12-05_19-09-11_000.jpg => 	g o o r 
4)	2020-12-05_20-44-59_000.jpg => 	o o o y 
5)	2020-12-06_02-56-32_000.jpg => 	a a a a 
6)	2020-12-06_02-57-04_000.jpg => 	o o o o 
7)	2020-12-06_11-42-32_000.jpg => 	g o o r 
8)	2020-12-06_11-43-20_000.jpg => 	g o o r 
[20201206_121445 / lib_ip.py:4789] no key 'GPSInfo' for file : C:\WORKS_2\WS\WS_Others.Art\JVEMV6\46_art\VIRTUAL\Admin_Projects\ip\images\2020-12-05_19-09-11_000.jpg
[20201206_121445 / lib_ip.py:4789] no key 'GPSInfo' for file : C:\WORKS_2\WS\WS_Others.Art\JVEMV6\46_art\VIRTUAL\Admin_Projects\ip\images\2020-12-06_02-56-32_000.jpg
[20201206_121451 / views.py:1868] gen_Cake_CSV(request) ==> ending... =======================//

