[20200815_122510 / views.py:1915] exec_get_4_corners(request) ================================
[20200815_122513 / lib_ip.py:1961] lo_Color_Names =>
img.20200815_122511.2020-08-15_00-20-27_000.jpg.1.png => other
img.20200815_122511.2020-08-15_00-20-27_000.jpg.2.png => other
img.20200815_122511.2020-08-15_00-20-27_000.jpg.3.png => other
img.20200815_122511.2020-08-15_00-20-27_000.jpg.4.png => other
[20200815_122513 / lib_ip.py:4505] 
2020-08-15_00-20-27_000.jpg 0 ---------------------
[20200815_122513 / lib_ip.py:3753] file = 2020-08-15_00-20-27_000.jpg / val_Average = 142.3784	val_Variance = 0.5058	sd = 0.7112	max = 145	min = 142
[20200815_122513 / lib_ip.py:3836] len(Hs) = 8100, len(Ss) = 8100, len(Vs) = 8100
[20200815_122513 / lib_ip.py:3891] yellow : average --> out of range (average = 142.378 / upper = 99.200 / lower = 85.500)
[20200815_122513 / lib_ip.py:3753] file = 2020-08-15_00-20-27_000.jpg / val_Average = 142.3784	val_Variance = 0.5058	sd = 0.7112	max = 145	min = 142
[20200815_122513 / lib_ip.py:3936] len(Hs) = 8100, len(Ss) = 8100, len(Vs) = 8100
[20200815_122513 / lib_ip.py:3982] red : variance --> out of range (variance = 0.506 / upper = 0.430 / lower = 0.000)
[20200815_122513 / lib_ip.py:3753] file = 2020-08-15_00-20-27_000.jpg / val_Average = 142.3784	val_Variance = 0.5058	sd = 0.7112	max = 145	min = 142
[20200815_122513 / lib_ip.py:4052] len(Hs) = 8100, len(Ss) = 8100, len(Vs) = 8100
[20200815_122513 / lib_ip.py:4124] green : average --> out of range (average = 142.378 / upper = 85.000 / lower = 58.000)
[20200815_122513 / lib_ip.py:3753] file = 2020-08-15_00-20-27_000.jpg / val_Average = 142.3784	val_Variance = 0.5058	sd = 0.7112	max = 145	min = 142
[20200815_122513 / lib_ip.py:4169] len(Hs) = 8100, len(Ss) = 8100, len(Vs) = 8100
[20200815_122514 / lib_ip.py:4230] blue : average --> out of range (average = 142.378 / upper = 17.000 / lower = 8.850)
[20200815_122514 / lib_ip.py:3753] file = 2020-08-15_00-20-27_000.jpg / val_Average = 142.3784	val_Variance = 0.5058	sd = 0.7112	max = 145	min = 142
[20200815_122514 / lib_ip.py:4275] len(Hs) = 8100, len(Ss) = 8100, len(Vs) = 8100
[20200815_122514 / lib_ip.py:4505] 
2020-08-15_00-20-27_000.jpg 1 ---------------------
[20200815_122514 / lib_ip.py:3753] file = 2020-08-15_00-20-27_000.jpg / val_Average = 112.8768	val_Variance = 5.4167	sd = 2.3274	max = 122	min = 108
[20200815_122514 / lib_ip.py:3836] len(Hs) = 8100, len(Ss) = 8100, len(Vs) = 8100
[20200815_122514 / lib_ip.py:3869] yellow : variance --> out of range (variance = 5.417 / upper = 0.650 / lower = 0.000)
[20200815_122514 / lib_ip.py:3753] file = 2020-08-15_00-20-27_000.jpg / val_Average = 112.8768	val_Variance = 5.4167	sd = 2.3274	max = 122	min = 108
[20200815_122514 / lib_ip.py:3936] len(Hs) = 8100, len(Ss) = 8100, len(Vs) = 8100
[20200815_122514 / lib_ip.py:3982] red : variance --> out of range (variance = 5.417 / upper = 0.430 / lower = 0.000)
[20200815_122514 / lib_ip.py:3753] file = 2020-08-15_00-20-27_000.jpg / val_Average = 112.8768	val_Variance = 5.4167	sd = 2.3274	max = 122	min = 108
[20200815_122514 / lib_ip.py:4052] len(Hs) = 8100, len(Ss) = 8100, len(Vs) = 8100
[20200815_122514 / lib_ip.py:4099] green : variance --> out of range (variance = 5.417 / upper = 0.760 / lower = 0.000)
[20200815_122514 / lib_ip.py:3753] file = 2020-08-15_00-20-27_000.jpg / val_Average = 112.8768	val_Variance = 5.4167	sd = 2.3274	max = 122	min = 108
[20200815_122515 / lib_ip.py:4169] len(Hs) = 8100, len(Ss) = 8100, len(Vs) = 8100
[20200815_122515 / lib_ip.py:4208] blue : variance --> out of range (variance = 5.417 / upper = 0.930 / lower = 0.010)
[20200815_122515 / lib_ip.py:3753] file = 2020-08-15_00-20-27_000.jpg / val_Average = 112.8768	val_Variance = 5.4167	sd = 2.3274	max = 122	min = 108
[20200815_122515 / lib_ip.py:4275] len(Hs) = 8100, len(Ss) = 8100, len(Vs) = 8100
[20200815_122515 / lib_ip.py:4314] pink : variance --> out of range (variance = 5.417 / upper = 0.770 / lower = 0.030)
[20200815_122515 / lib_ip.py:3753] file = 2020-08-15_00-20-27_000.jpg / val_Average = 112.8768	val_Variance = 5.4167	sd = 2.3274	max = 122	min = 108
[20200815_122515 / lib_ip.py:4378] len(Hs) = 8100, len(Ss) = 8100, len(Vs) = 8100
[20200815_122515 / lib_ip.py:4422] black : variance --> out of range (variance = 5.417 / upper = 0.000 / lower = 0.000)
[20200815_122515 / lib_ip.py:4593] file : 2020-08-15_00-20-27_000.jpg 1 (black : variance --> out of range (variance = 5.417 / upper = 0.000 / lower = 0.000))
[20200815_122515 / lib_ip.py:4505] 
2020-08-15_00-20-27_000.jpg 2 ---------------------
[20200815_122515 / lib_ip.py:3753] file = 2020-08-15_00-20-27_000.jpg / val_Average = 93.5746	val_Variance = 0.4479	sd = 0.6693	max = 98	min = 92
[20200815_122515 / lib_ip.py:3836] len(Hs) = 8100, len(Ss) = 8100, len(Vs) = 8100
[20200815_122515 / lib_ip.py:4505] 
2020-08-15_00-20-27_000.jpg 3 ---------------------
[20200815_122516 / lib_ip.py:3753] file = 2020-08-15_00-20-27_000.jpg / val_Average = 148.7341	val_Variance = 1072.9132	sd = 32.7554	max = 176	min = 0
[20200815_122516 / lib_ip.py:3836] len(Hs) = 8100, len(Ss) = 8100, len(Vs) = 8100
[20200815_122516 / lib_ip.py:3869] yellow : variance --> out of range (variance = 1072.913 / upper = 0.650 / lower = 0.000)
[20200815_122516 / lib_ip.py:3753] file = 2020-08-15_00-20-27_000.jpg / val_Average = 148.7341	val_Variance = 1072.9132	sd = 32.7554	max = 176	min = 0
[20200815_122516 / lib_ip.py:3936] len(Hs) = 8100, len(Ss) = 8100, len(Vs) = 8100
[20200815_122516 / lib_ip.py:3982] red : variance --> out of range (variance = 1072.913 / upper = 0.430 / lower = 0.000)
[20200815_122516 / lib_ip.py:3753] file = 2020-08-15_00-20-27_000.jpg / val_Average = 148.7341	val_Variance = 1072.9132	sd = 32.7554	max = 176	min = 0
[20200815_122516 / lib_ip.py:4052] len(Hs) = 8100, len(Ss) = 8100, len(Vs) = 8100
[20200815_122516 / lib_ip.py:4099] green : variance --> out of range (variance = 1072.913 / upper = 0.760 / lower = 0.000)
[20200815_122516 / lib_ip.py:3753] file = 2020-08-15_00-20-27_000.jpg / val_Average = 148.7341	val_Variance = 1072.9132	sd = 32.7554	max = 176	min = 0
[20200815_122516 / lib_ip.py:4169] len(Hs) = 8100, len(Ss) = 8100, len(Vs) = 8100
[20200815_122516 / lib_ip.py:4208] blue : variance --> out of range (variance = 1072.913 / upper = 0.930 / lower = 0.010)
[20200815_122516 / lib_ip.py:3753] file = 2020-08-15_00-20-27_000.jpg / val_Average = 148.7341	val_Variance = 1072.9132	sd = 32.7554	max = 176	min = 0
[20200815_122516 / lib_ip.py:4275] len(Hs) = 8100, len(Ss) = 8100, len(Vs) = 8100
[20200815_122516 / lib_ip.py:4314] pink : variance --> out of range (variance = 1072.913 / upper = 0.770 / lower = 0.030)
[20200815_122517 / lib_ip.py:3753] file = 2020-08-15_00-20-27_000.jpg / val_Average = 148.7341	val_Variance = 1072.9132	sd = 32.7554	max = 176	min = 0
[20200815_122517 / lib_ip.py:4378] len(Hs) = 8100, len(Ss) = 8100, len(Vs) = 8100
[20200815_122517 / lib_ip.py:4422] black : variance --> out of range (variance = 1072.913 / upper = 0.000 / lower = 0.000)
[20200815_122517 / lib_ip.py:4593] file : 2020-08-15_00-20-27_000.jpg 3 (black : variance --> out of range (variance = 1072.913 / upper = 0.000 / lower = 0.000))
[20200815_122517 / lib_ip.py:2021] lo_Color_Names_2 =>
file = img.20200815_122511.2020-08-15_00-20-27_000.jpg.1.png / color name = pink
file = img.20200815_122511.2020-08-15_00-20-27_000.jpg.2.png / color name = other
file = img.20200815_122511.2020-08-15_00-20-27_000.jpg.3.png / color name = yellow
file = img.20200815_122511.2020-08-15_00-20-27_000.jpg.4.png / color name = other
