[20200712_103607 / views.py:1915] exec_get_4_corners(request) ================================
[20200712_103610 / lib_ip.py:1961] lo_Color_Names =>
img.20200712_103609.2020-07-12_08-07-30_000.jpg.1.png => other
img.20200712_103609.2020-07-12_08-07-30_000.jpg.2.png => other
img.20200712_103609.2020-07-12_08-07-30_000.jpg.3.png => other
img.20200712_103609.2020-07-12_08-07-30_000.jpg.4.png => other
[20200712_103610 / lib_ip.py:4505] 
2020-07-12_08-07-30_000.jpg 0 ---------------------
[20200712_103610 / lib_ip.py:3753] file = 2020-07-12_08-07-30_000.jpg / val_Average = 103.0419	val_Variance = 30.0547	sd = 5.4822	max = 128	min = 77
[20200712_103610 / lib_ip.py:3836] len(Hs) = 8100, len(Ss) = 8100, len(Vs) = 8100
[20200712_103610 / lib_ip.py:3869] yellow : variance --> out of range (variance = 30.055 / upper = 0.650 / lower = 0.000)
[20200712_103610 / lib_ip.py:3753] file = 2020-07-12_08-07-30_000.jpg / val_Average = 103.0419	val_Variance = 30.0547	sd = 5.4822	max = 128	min = 77
[20200712_103611 / lib_ip.py:3936] len(Hs) = 8100, len(Ss) = 8100, len(Vs) = 8100
[20200712_103611 / lib_ip.py:3982] red : variance --> out of range (variance = 30.055 / upper = 0.430 / lower = 0.000)
[20200712_103611 / lib_ip.py:3753] file = 2020-07-12_08-07-30_000.jpg / val_Average = 103.0419	val_Variance = 30.0547	sd = 5.4822	max = 128	min = 77
[20200712_103611 / lib_ip.py:4052] len(Hs) = 8100, len(Ss) = 8100, len(Vs) = 8100
[20200712_103611 / lib_ip.py:4099] green : variance --> out of range (variance = 30.055 / upper = 0.760 / lower = 0.000)
[20200712_103611 / lib_ip.py:3753] file = 2020-07-12_08-07-30_000.jpg / val_Average = 103.0419	val_Variance = 30.0547	sd = 5.4822	max = 128	min = 77
[20200712_103611 / lib_ip.py:4169] len(Hs) = 8100, len(Ss) = 8100, len(Vs) = 8100
[20200712_103611 / lib_ip.py:4208] blue : variance --> out of range (variance = 30.055 / upper = 0.930 / lower = 0.010)
[20200712_103611 / lib_ip.py:3753] file = 2020-07-12_08-07-30_000.jpg / val_Average = 103.0419	val_Variance = 30.0547	sd = 5.4822	max = 128	min = 77
[20200712_103611 / lib_ip.py:4275] len(Hs) = 8100, len(Ss) = 8100, len(Vs) = 8100
[20200712_103611 / lib_ip.py:4314] pink : variance --> out of range (variance = 30.055 / upper = 0.750 / lower = 0.030)
[20200712_103611 / lib_ip.py:3753] file = 2020-07-12_08-07-30_000.jpg / val_Average = 103.0419	val_Variance = 30.0547	sd = 5.4822	max = 128	min = 77
[20200712_103611 / lib_ip.py:4378] len(Hs) = 8100, len(Ss) = 8100, len(Vs) = 8100
[20200712_103611 / lib_ip.py:4422] black : variance --> out of range (variance = 30.055 / upper = 0.000 / lower = 0.000)
[20200712_103611 / lib_ip.py:4593] file : 2020-07-12_08-07-30_000.jpg 0 (black : variance --> out of range (variance = 30.055 / upper = 0.000 / lower = 0.000))
[20200712_103611 / lib_ip.py:4505] 
2020-07-12_08-07-30_000.jpg 1 ---------------------
[20200712_103611 / lib_ip.py:3753] file = 2020-07-12_08-07-30_000.jpg / val_Average = 100.0172	val_Variance = 23.5285	sd = 4.8506	max = 120	min = 84
[20200712_103611 / lib_ip.py:3836] len(Hs) = 8100, len(Ss) = 8100, len(Vs) = 8100
[20200712_103612 / lib_ip.py:3869] yellow : variance --> out of range (variance = 23.528 / upper = 0.650 / lower = 0.000)
[20200712_103612 / lib_ip.py:3753] file = 2020-07-12_08-07-30_000.jpg / val_Average = 100.0172	val_Variance = 23.5285	sd = 4.8506	max = 120	min = 84
[20200712_103612 / lib_ip.py:3936] len(Hs) = 8100, len(Ss) = 8100, len(Vs) = 8100
[20200712_103612 / lib_ip.py:3982] red : variance --> out of range (variance = 23.528 / upper = 0.430 / lower = 0.000)
[20200712_103612 / lib_ip.py:3753] file = 2020-07-12_08-07-30_000.jpg / val_Average = 100.0172	val_Variance = 23.5285	sd = 4.8506	max = 120	min = 84
[20200712_103612 / lib_ip.py:4052] len(Hs) = 8100, len(Ss) = 8100, len(Vs) = 8100
[20200712_103612 / lib_ip.py:4099] green : variance --> out of range (variance = 23.528 / upper = 0.760 / lower = 0.000)
[20200712_103612 / lib_ip.py:3753] file = 2020-07-12_08-07-30_000.jpg / val_Average = 100.0172	val_Variance = 23.5285	sd = 4.8506	max = 120	min = 84
[20200712_103612 / lib_ip.py:4169] len(Hs) = 8100, len(Ss) = 8100, len(Vs) = 8100
[20200712_103612 / lib_ip.py:4208] blue : variance --> out of range (variance = 23.528 / upper = 0.930 / lower = 0.010)
[20200712_103612 / lib_ip.py:3753] file = 2020-07-12_08-07-30_000.jpg / val_Average = 100.0172	val_Variance = 23.5285	sd = 4.8506	max = 120	min = 84
[20200712_103612 / lib_ip.py:4275] len(Hs) = 8100, len(Ss) = 8100, len(Vs) = 8100
[20200712_103612 / lib_ip.py:4314] pink : variance --> out of range (variance = 23.528 / upper = 0.750 / lower = 0.030)
[20200712_103612 / lib_ip.py:3753] file = 2020-07-12_08-07-30_000.jpg / val_Average = 100.0172	val_Variance = 23.5285	sd = 4.8506	max = 120	min = 84
[20200712_103612 / lib_ip.py:4378] len(Hs) = 8100, len(Ss) = 8100, len(Vs) = 8100
[20200712_103612 / lib_ip.py:4422] black : variance --> out of range (variance = 23.528 / upper = 0.000 / lower = 0.000)
[20200712_103612 / lib_ip.py:4593] file : 2020-07-12_08-07-30_000.jpg 1 (black : variance --> out of range (variance = 23.528 / upper = 0.000 / lower = 0.000))
[20200712_103612 / lib_ip.py:4505] 
2020-07-12_08-07-30_000.jpg 2 ---------------------
[20200712_103613 / lib_ip.py:3753] file = 2020-07-12_08-07-30_000.jpg / val_Average = 77.2567	val_Variance = 0.3663	sd = 0.6053	max = 80	min = 76
[20200712_103613 / lib_ip.py:3836] len(Hs) = 8100, len(Ss) = 8100, len(Vs) = 8100
[20200712_103613 / lib_ip.py:3891] yellow : average --> out of range (average = 77.257 / upper = 99.200 / lower = 85.500)
[20200712_103613 / lib_ip.py:3753] file = 2020-07-12_08-07-30_000.jpg / val_Average = 77.2567	val_Variance = 0.3663	sd = 0.6053	max = 80	min = 76
[20200712_103613 / lib_ip.py:3936] len(Hs) = 8100, len(Ss) = 8100, len(Vs) = 8100
[20200712_103613 / lib_ip.py:4007] red : average --> out of range (average = 77.257 / upper = 124.600 / lower = 115.000)
[20200712_103613 / lib_ip.py:3753] file = 2020-07-12_08-07-30_000.jpg / val_Average = 77.2567	val_Variance = 0.3663	sd = 0.6053	max = 80	min = 76
[20200712_103613 / lib_ip.py:4052] len(Hs) = 8100, len(Ss) = 8100, len(Vs) = 8100
[20200712_103613 / lib_ip.py:4505] 
2020-07-12_08-07-30_000.jpg 3 ---------------------
[20200712_103613 / lib_ip.py:3753] file = 2020-07-12_08-07-30_000.jpg / val_Average = 119.2470	val_Variance = 0.1951	sd = 0.4418	max = 120	min = 118
[20200712_103613 / lib_ip.py:3836] len(Hs) = 8100, len(Ss) = 8100, len(Vs) = 8100
[20200712_103613 / lib_ip.py:3891] yellow : average --> out of range (average = 119.247 / upper = 99.200 / lower = 85.500)
[20200712_103613 / lib_ip.py:3753] file = 2020-07-12_08-07-30_000.jpg / val_Average = 119.2470	val_Variance = 0.1951	sd = 0.4418	max = 120	min = 118
[20200712_103613 / lib_ip.py:3936] len(Hs) = 8100, len(Ss) = 8100, len(Vs) = 8100
[20200712_103613 / lib_ip.py:2021] lo_Color_Names_2 =>
file = img.20200712_103609.2020-07-12_08-07-30_000.jpg.1.png / color name = other
file = img.20200712_103609.2020-07-12_08-07-30_000.jpg.2.png / color name = other
file = img.20200712_103609.2020-07-12_08-07-30_000.jpg.3.png / color name = green
file = img.20200712_103609.2020-07-12_08-07-30_000.jpg.4.png / color name = red
