[20200913_092521 / views.py:1915] exec_get_4_corners(request) ================================
[20200913_092523 / lib_ip.py:1961] lo_Color_Names =>
img.20200913_092522.2020-09-12_12-20-27_000.jpg.1.png => other
img.20200913_092522.2020-09-12_12-20-27_000.jpg.2.png => other
img.20200913_092522.2020-09-12_12-20-27_000.jpg.3.png => yellow
img.20200913_092522.2020-09-12_12-20-27_000.jpg.4.png => other
[20200913_092523 / lib_ip.py:4505] 
2020-09-12_12-20-27_000.jpg 0 ---------------------
[20200913_092524 / lib_ip.py:3753] file = 2020-09-12_12-20-27_000.jpg / val_Average = 108.3558	val_Variance = 226.4635	sd = 15.0487	max = 160	min = 0
[20200913_092524 / lib_ip.py:3836] len(Hs) = 8100, len(Ss) = 8100, len(Vs) = 8100
[20200913_092524 / lib_ip.py:3869] yellow : variance --> out of range (variance = 226.464 / upper = 0.650 / lower = 0.000)
[20200913_092524 / lib_ip.py:3753] file = 2020-09-12_12-20-27_000.jpg / val_Average = 108.3558	val_Variance = 226.4635	sd = 15.0487	max = 160	min = 0
[20200913_092524 / lib_ip.py:3936] len(Hs) = 8100, len(Ss) = 8100, len(Vs) = 8100
[20200913_092524 / lib_ip.py:3982] red : variance --> out of range (variance = 226.464 / upper = 0.430 / lower = 0.000)
[20200913_092524 / lib_ip.py:3753] file = 2020-09-12_12-20-27_000.jpg / val_Average = 108.3558	val_Variance = 226.4635	sd = 15.0487	max = 160	min = 0
[20200913_092524 / lib_ip.py:4052] len(Hs) = 8100, len(Ss) = 8100, len(Vs) = 8100
[20200913_092524 / lib_ip.py:4099] green : variance --> out of range (variance = 226.464 / upper = 0.760 / lower = 0.000)
[20200913_092524 / lib_ip.py:3753] file = 2020-09-12_12-20-27_000.jpg / val_Average = 108.3558	val_Variance = 226.4635	sd = 15.0487	max = 160	min = 0
[20200913_092524 / lib_ip.py:4169] len(Hs) = 8100, len(Ss) = 8100, len(Vs) = 8100
[20200913_092524 / lib_ip.py:4208] blue : variance --> out of range (variance = 226.464 / upper = 0.930 / lower = 0.010)
[20200913_092524 / lib_ip.py:3753] file = 2020-09-12_12-20-27_000.jpg / val_Average = 108.3558	val_Variance = 226.4635	sd = 15.0487	max = 160	min = 0
[20200913_092524 / lib_ip.py:4275] len(Hs) = 8100, len(Ss) = 8100, len(Vs) = 8100
[20200913_092524 / lib_ip.py:4314] pink : variance --> out of range (variance = 226.464 / upper = 0.770 / lower = 0.030)
[20200913_092524 / lib_ip.py:3753] file = 2020-09-12_12-20-27_000.jpg / val_Average = 108.3558	val_Variance = 226.4635	sd = 15.0487	max = 160	min = 0
[20200913_092524 / lib_ip.py:4378] len(Hs) = 8100, len(Ss) = 8100, len(Vs) = 8100
[20200913_092525 / lib_ip.py:4422] black : variance --> out of range (variance = 226.464 / upper = 0.000 / lower = 0.000)
[20200913_092525 / lib_ip.py:4593] file : 2020-09-12_12-20-27_000.jpg 0 (black : variance --> out of range (variance = 226.464 / upper = 0.000 / lower = 0.000))
[20200913_092525 / lib_ip.py:4505] 
2020-09-12_12-20-27_000.jpg 1 ---------------------
[20200913_092525 / lib_ip.py:3753] file = 2020-09-12_12-20-27_000.jpg / val_Average = 94.3301	val_Variance = 19.6937	sd = 4.4378	max = 104	min = 86
[20200913_092525 / lib_ip.py:3836] len(Hs) = 8100, len(Ss) = 8100, len(Vs) = 8100
[20200913_092525 / lib_ip.py:3869] yellow : variance --> out of range (variance = 19.694 / upper = 0.650 / lower = 0.000)
[20200913_092525 / lib_ip.py:3753] file = 2020-09-12_12-20-27_000.jpg / val_Average = 94.3301	val_Variance = 19.6937	sd = 4.4378	max = 104	min = 86
[20200913_092525 / lib_ip.py:3936] len(Hs) = 8100, len(Ss) = 8100, len(Vs) = 8100
[20200913_092525 / lib_ip.py:3982] red : variance --> out of range (variance = 19.694 / upper = 0.430 / lower = 0.000)
[20200913_092525 / lib_ip.py:3753] file = 2020-09-12_12-20-27_000.jpg / val_Average = 94.3301	val_Variance = 19.6937	sd = 4.4378	max = 104	min = 86
[20200913_092525 / lib_ip.py:4052] len(Hs) = 8100, len(Ss) = 8100, len(Vs) = 8100
[20200913_092525 / lib_ip.py:4099] green : variance --> out of range (variance = 19.694 / upper = 0.760 / lower = 0.000)
[20200913_092525 / lib_ip.py:3753] file = 2020-09-12_12-20-27_000.jpg / val_Average = 94.3301	val_Variance = 19.6937	sd = 4.4378	max = 104	min = 86
[20200913_092525 / lib_ip.py:4169] len(Hs) = 8100, len(Ss) = 8100, len(Vs) = 8100
[20200913_092525 / lib_ip.py:4208] blue : variance --> out of range (variance = 19.694 / upper = 0.930 / lower = 0.010)
[20200913_092525 / lib_ip.py:3753] file = 2020-09-12_12-20-27_000.jpg / val_Average = 94.3301	val_Variance = 19.6937	sd = 4.4378	max = 104	min = 86
[20200913_092525 / lib_ip.py:4275] len(Hs) = 8100, len(Ss) = 8100, len(Vs) = 8100
[20200913_092526 / lib_ip.py:4314] pink : variance --> out of range (variance = 19.694 / upper = 0.770 / lower = 0.030)
[20200913_092526 / lib_ip.py:3753] file = 2020-09-12_12-20-27_000.jpg / val_Average = 94.3301	val_Variance = 19.6937	sd = 4.4378	max = 104	min = 86
[20200913_092526 / lib_ip.py:4378] len(Hs) = 8100, len(Ss) = 8100, len(Vs) = 8100
[20200913_092526 / lib_ip.py:4422] black : variance --> out of range (variance = 19.694 / upper = 0.000 / lower = 0.000)
[20200913_092526 / lib_ip.py:4593] file : 2020-09-12_12-20-27_000.jpg 1 (black : variance --> out of range (variance = 19.694 / upper = 0.000 / lower = 0.000))
[20200913_092526 / lib_ip.py:4505] 
2020-09-12_12-20-27_000.jpg 2 ---------------------
[20200913_092526 / lib_ip.py:3753] file = 2020-09-12_12-20-27_000.jpg / val_Average = 90.1619	val_Variance = 0.2157	sd = 0.4644	max = 91	min = 89
[20200913_092526 / lib_ip.py:3836] len(Hs) = 8100, len(Ss) = 8100, len(Vs) = 8100
[20200913_092526 / lib_ip.py:4505] 
2020-09-12_12-20-27_000.jpg 3 ---------------------
[20200913_092526 / lib_ip.py:3753] file = 2020-09-12_12-20-27_000.jpg / val_Average = 9.8922	val_Variance = 0.5443	sd = 0.7378	max = 12	min = 6
[20200913_092526 / lib_ip.py:3836] len(Hs) = 8100, len(Ss) = 8100, len(Vs) = 8100
[20200913_092526 / lib_ip.py:3891] yellow : average --> out of range (average = 9.892 / upper = 99.200 / lower = 85.500)
[20200913_092526 / lib_ip.py:3753] file = 2020-09-12_12-20-27_000.jpg / val_Average = 9.8922	val_Variance = 0.5443	sd = 0.7378	max = 12	min = 6
[20200913_092526 / lib_ip.py:3936] len(Hs) = 8100, len(Ss) = 8100, len(Vs) = 8100
[20200913_092526 / lib_ip.py:3982] red : variance --> out of range (variance = 0.544 / upper = 0.430 / lower = 0.000)
[20200913_092526 / lib_ip.py:3753] file = 2020-09-12_12-20-27_000.jpg / val_Average = 9.8922	val_Variance = 0.5443	sd = 0.7378	max = 12	min = 6
[20200913_092526 / lib_ip.py:4052] len(Hs) = 8100, len(Ss) = 8100, len(Vs) = 8100
[20200913_092527 / lib_ip.py:4124] green : average --> out of range (average = 9.892 / upper = 85.000 / lower = 58.000)
[20200913_092527 / lib_ip.py:3753] file = 2020-09-12_12-20-27_000.jpg / val_Average = 9.8922	val_Variance = 0.5443	sd = 0.7378	max = 12	min = 6
[20200913_092527 / lib_ip.py:4169] len(Hs) = 8100, len(Ss) = 8100, len(Vs) = 8100
[20200913_092527 / lib_ip.py:2021] lo_Color_Names_2 =>
file = img.20200913_092522.2020-09-12_12-20-27_000.jpg.1.png / color name = other
file = img.20200913_092522.2020-09-12_12-20-27_000.jpg.2.png / color name = other
file = img.20200913_092522.2020-09-12_12-20-27_000.jpg.3.png / color name = yellow
file = img.20200913_092522.2020-09-12_12-20-27_000.jpg.4.png / color name = blue
