[20200731_132236 / views.py:1915] exec_get_4_corners(request) ================================
[20200731_132239 / lib_ip.py:1961] lo_Color_Names =>
img.20200731_132237.2020-07-30_23-14-44_000.jpg.1.png => other
img.20200731_132237.2020-07-30_23-14-44_000.jpg.2.png => other
img.20200731_132237.2020-07-30_23-14-44_000.jpg.3.png => other
img.20200731_132237.2020-07-30_23-14-44_000.jpg.4.png => other
[20200731_132239 / lib_ip.py:4505] 
2020-07-30_23-14-44_000.jpg 0 ---------------------
[20200731_132239 / lib_ip.py:3753] file = 2020-07-30_23-14-44_000.jpg / val_Average = 149.2364	val_Variance = 0.4321	sd = 0.6574	max = 151	min = 148
[20200731_132239 / lib_ip.py:3836] len(Hs) = 8100, len(Ss) = 8100, len(Vs) = 8100
[20200731_132239 / lib_ip.py:3891] yellow : average --> out of range (average = 149.236 / upper = 99.200 / lower = 85.500)
[20200731_132239 / lib_ip.py:3753] file = 2020-07-30_23-14-44_000.jpg / val_Average = 149.2364	val_Variance = 0.4321	sd = 0.6574	max = 151	min = 148
[20200731_132239 / lib_ip.py:3936] len(Hs) = 8100, len(Ss) = 8100, len(Vs) = 8100
[20200731_132239 / lib_ip.py:3982] red : variance --> out of range (variance = 0.432 / upper = 0.430 / lower = 0.000)
[20200731_132239 / lib_ip.py:3753] file = 2020-07-30_23-14-44_000.jpg / val_Average = 149.2364	val_Variance = 0.4321	sd = 0.6574	max = 151	min = 148
[20200731_132239 / lib_ip.py:4052] len(Hs) = 8100, len(Ss) = 8100, len(Vs) = 8100
[20200731_132239 / lib_ip.py:4124] green : average --> out of range (average = 149.236 / upper = 85.000 / lower = 58.000)
[20200731_132240 / lib_ip.py:3753] file = 2020-07-30_23-14-44_000.jpg / val_Average = 149.2364	val_Variance = 0.4321	sd = 0.6574	max = 151	min = 148
[20200731_132240 / lib_ip.py:4169] len(Hs) = 8100, len(Ss) = 8100, len(Vs) = 8100
[20200731_132240 / lib_ip.py:4230] blue : average --> out of range (average = 149.236 / upper = 17.000 / lower = 8.850)
[20200731_132240 / lib_ip.py:3753] file = 2020-07-30_23-14-44_000.jpg / val_Average = 149.2364	val_Variance = 0.4321	sd = 0.6574	max = 151	min = 148
[20200731_132240 / lib_ip.py:4275] len(Hs) = 8100, len(Ss) = 8100, len(Vs) = 8100
[20200731_132240 / lib_ip.py:4505] 
2020-07-30_23-14-44_000.jpg 1 ---------------------
[20200731_132240 / lib_ip.py:3753] file = 2020-07-30_23-14-44_000.jpg / val_Average = 82.6544	val_Variance = 71.3684	sd = 8.4480	max = 107	min = 0
[20200731_132240 / lib_ip.py:3836] len(Hs) = 8100, len(Ss) = 8100, len(Vs) = 8100
[20200731_132240 / lib_ip.py:3869] yellow : variance --> out of range (variance = 71.368 / upper = 0.650 / lower = 0.000)
[20200731_132240 / lib_ip.py:3753] file = 2020-07-30_23-14-44_000.jpg / val_Average = 82.6544	val_Variance = 71.3684	sd = 8.4480	max = 107	min = 0
[20200731_132240 / lib_ip.py:3936] len(Hs) = 8100, len(Ss) = 8100, len(Vs) = 8100
[20200731_132240 / lib_ip.py:3982] red : variance --> out of range (variance = 71.368 / upper = 0.430 / lower = 0.000)
[20200731_132240 / lib_ip.py:3753] file = 2020-07-30_23-14-44_000.jpg / val_Average = 82.6544	val_Variance = 71.3684	sd = 8.4480	max = 107	min = 0
[20200731_132240 / lib_ip.py:4052] len(Hs) = 8100, len(Ss) = 8100, len(Vs) = 8100
[20200731_132240 / lib_ip.py:4099] green : variance --> out of range (variance = 71.368 / upper = 0.760 / lower = 0.000)
[20200731_132240 / lib_ip.py:3753] file = 2020-07-30_23-14-44_000.jpg / val_Average = 82.6544	val_Variance = 71.3684	sd = 8.4480	max = 107	min = 0
[20200731_132240 / lib_ip.py:4169] len(Hs) = 8100, len(Ss) = 8100, len(Vs) = 8100
[20200731_132241 / lib_ip.py:4208] blue : variance --> out of range (variance = 71.368 / upper = 0.930 / lower = 0.010)
[20200731_132241 / lib_ip.py:3753] file = 2020-07-30_23-14-44_000.jpg / val_Average = 82.6544	val_Variance = 71.3684	sd = 8.4480	max = 107	min = 0
[20200731_132241 / lib_ip.py:4275] len(Hs) = 8100, len(Ss) = 8100, len(Vs) = 8100
[20200731_132241 / lib_ip.py:4314] pink : variance --> out of range (variance = 71.368 / upper = 0.770 / lower = 0.030)
[20200731_132241 / lib_ip.py:3753] file = 2020-07-30_23-14-44_000.jpg / val_Average = 82.6544	val_Variance = 71.3684	sd = 8.4480	max = 107	min = 0
[20200731_132241 / lib_ip.py:4378] len(Hs) = 8100, len(Ss) = 8100, len(Vs) = 8100
[20200731_132241 / lib_ip.py:4422] black : variance --> out of range (variance = 71.368 / upper = 0.000 / lower = 0.000)
[20200731_132241 / lib_ip.py:4593] file : 2020-07-30_23-14-44_000.jpg 1 (black : variance --> out of range (variance = 71.368 / upper = 0.000 / lower = 0.000))
[20200731_132241 / lib_ip.py:4505] 
2020-07-30_23-14-44_000.jpg 2 ---------------------
[20200731_132241 / lib_ip.py:3753] file = 2020-07-30_23-14-44_000.jpg / val_Average = 80.1373	val_Variance = 254.4547	sd = 15.9516	max = 175	min = 0
[20200731_132241 / lib_ip.py:3836] len(Hs) = 8100, len(Ss) = 8100, len(Vs) = 8100
[20200731_132241 / lib_ip.py:3869] yellow : variance --> out of range (variance = 254.455 / upper = 0.650 / lower = 0.000)
[20200731_132241 / lib_ip.py:3753] file = 2020-07-30_23-14-44_000.jpg / val_Average = 80.1373	val_Variance = 254.4547	sd = 15.9516	max = 175	min = 0
[20200731_132241 / lib_ip.py:3936] len(Hs) = 8100, len(Ss) = 8100, len(Vs) = 8100
[20200731_132241 / lib_ip.py:3982] red : variance --> out of range (variance = 254.455 / upper = 0.430 / lower = 0.000)
[20200731_132241 / lib_ip.py:3753] file = 2020-07-30_23-14-44_000.jpg / val_Average = 80.1373	val_Variance = 254.4547	sd = 15.9516	max = 175	min = 0
[20200731_132241 / lib_ip.py:4052] len(Hs) = 8100, len(Ss) = 8100, len(Vs) = 8100
[20200731_132241 / lib_ip.py:4099] green : variance --> out of range (variance = 254.455 / upper = 0.760 / lower = 0.000)
[20200731_132241 / lib_ip.py:3753] file = 2020-07-30_23-14-44_000.jpg / val_Average = 80.1373	val_Variance = 254.4547	sd = 15.9516	max = 175	min = 0
[20200731_132241 / lib_ip.py:4169] len(Hs) = 8100, len(Ss) = 8100, len(Vs) = 8100
[20200731_132241 / lib_ip.py:4208] blue : variance --> out of range (variance = 254.455 / upper = 0.930 / lower = 0.010)
[20200731_132242 / lib_ip.py:3753] file = 2020-07-30_23-14-44_000.jpg / val_Average = 80.1373	val_Variance = 254.4547	sd = 15.9516	max = 175	min = 0
[20200731_132242 / lib_ip.py:4275] len(Hs) = 8100, len(Ss) = 8100, len(Vs) = 8100
[20200731_132242 / lib_ip.py:4314] pink : variance --> out of range (variance = 254.455 / upper = 0.770 / lower = 0.030)
[20200731_132242 / lib_ip.py:3753] file = 2020-07-30_23-14-44_000.jpg / val_Average = 80.1373	val_Variance = 254.4547	sd = 15.9516	max = 175	min = 0
[20200731_132242 / lib_ip.py:4378] len(Hs) = 8100, len(Ss) = 8100, len(Vs) = 8100
[20200731_132242 / lib_ip.py:4422] black : variance --> out of range (variance = 254.455 / upper = 0.000 / lower = 0.000)
[20200731_132242 / lib_ip.py:4593] file : 2020-07-30_23-14-44_000.jpg 2 (black : variance --> out of range (variance = 254.455 / upper = 0.000 / lower = 0.000))
[20200731_132242 / lib_ip.py:4505] 
2020-07-30_23-14-44_000.jpg 3 ---------------------
[20200731_132242 / lib_ip.py:3753] file = 2020-07-30_23-14-44_000.jpg / val_Average = 104.1609	val_Variance = 1.1276	sd = 1.0619	max = 107	min = 100
[20200731_132242 / lib_ip.py:3836] len(Hs) = 8100, len(Ss) = 8100, len(Vs) = 8100
[20200731_132242 / lib_ip.py:3869] yellow : variance --> out of range (variance = 1.128 / upper = 0.650 / lower = 0.000)
[20200731_132242 / lib_ip.py:3753] file = 2020-07-30_23-14-44_000.jpg / val_Average = 104.1609	val_Variance = 1.1276	sd = 1.0619	max = 107	min = 100
[20200731_132242 / lib_ip.py:3936] len(Hs) = 8100, len(Ss) = 8100, len(Vs) = 8100
[20200731_132242 / lib_ip.py:3982] red : variance --> out of range (variance = 1.128 / upper = 0.430 / lower = 0.000)
[20200731_132242 / lib_ip.py:3753] file = 2020-07-30_23-14-44_000.jpg / val_Average = 104.1609	val_Variance = 1.1276	sd = 1.0619	max = 107	min = 100
[20200731_132242 / lib_ip.py:4052] len(Hs) = 8100, len(Ss) = 8100, len(Vs) = 8100
[20200731_132242 / lib_ip.py:4099] green : variance --> out of range (variance = 1.128 / upper = 0.760 / lower = 0.000)
[20200731_132242 / lib_ip.py:3753] file = 2020-07-30_23-14-44_000.jpg / val_Average = 104.1609	val_Variance = 1.1276	sd = 1.0619	max = 107	min = 100
[20200731_132242 / lib_ip.py:4169] len(Hs) = 8100, len(Ss) = 8100, len(Vs) = 8100
[20200731_132243 / lib_ip.py:4208] blue : variance --> out of range (variance = 1.128 / upper = 0.930 / lower = 0.010)
[20200731_132243 / lib_ip.py:3753] file = 2020-07-30_23-14-44_000.jpg / val_Average = 104.1609	val_Variance = 1.1276	sd = 1.0619	max = 107	min = 100
[20200731_132243 / lib_ip.py:4275] len(Hs) = 8100, len(Ss) = 8100, len(Vs) = 8100
[20200731_132243 / lib_ip.py:4314] pink : variance --> out of range (variance = 1.128 / upper = 0.770 / lower = 0.030)
[20200731_132243 / lib_ip.py:3753] file = 2020-07-30_23-14-44_000.jpg / val_Average = 104.1609	val_Variance = 1.1276	sd = 1.0619	max = 107	min = 100
[20200731_132243 / lib_ip.py:4378] len(Hs) = 8100, len(Ss) = 8100, len(Vs) = 8100
[20200731_132243 / lib_ip.py:4422] black : variance --> out of range (variance = 1.128 / upper = 0.000 / lower = 0.000)
[20200731_132243 / lib_ip.py:4593] file : 2020-07-30_23-14-44_000.jpg 3 (black : variance --> out of range (variance = 1.128 / upper = 0.000 / lower = 0.000))
[20200731_132243 / lib_ip.py:2021] lo_Color_Names_2 =>
file = img.20200731_132237.2020-07-30_23-14-44_000.jpg.1.png / color name = pink
file = img.20200731_132237.2020-07-30_23-14-44_000.jpg.2.png / color name = other
file = img.20200731_132237.2020-07-30_23-14-44_000.jpg.3.png / color name = other
file = img.20200731_132237.2020-07-30_23-14-44_000.jpg.4.png / color name = other
