[20190930_090007 / views.py:1822] gen_Cake_CSV(request) ==> starting... =======================
[20190930_090009 / lib_ip.py:2274] inspecting ===> img.20190930_090009.2019-09-29_08-14-36_000.jpg.1.png
[20190930_090009 / lib_ip.py:4505] 
img.20190930_090009.2019-09-29_08-14-36_000.jpg.1.png 0 ---------------------
[20190930_090009 / lib_ip.py:3753] file = img.20190930_090009.2019-09-29_08-14-36_000.jpg.1.png / val_Average = 118.4589	val_Variance = 13.4878	sd = 3.6726	max = 134	min = 111
[20190930_090009 / lib_ip.py:3836] len(Hs) = 8100, len(Ss) = 8100, len(Vs) = 8100
[20190930_090009 / lib_ip.py:3869] yellow : variance --> out of range (variance = 13.488 / upper = 0.650 / lower = 0.000)
[20190930_090009 / lib_ip.py:3753] file = img.20190930_090009.2019-09-29_08-14-36_000.jpg.1.png / val_Average = 118.4589	val_Variance = 13.4878	sd = 3.6726	max = 134	min = 111
[20190930_090009 / lib_ip.py:3936] len(Hs) = 8100, len(Ss) = 8100, len(Vs) = 8100
[20190930_090009 / lib_ip.py:3982] red : variance --> out of range (variance = 13.488 / upper = 0.430 / lower = 0.000)
[20190930_090009 / lib_ip.py:3753] file = img.20190930_090009.2019-09-29_08-14-36_000.jpg.1.png / val_Average = 118.4589	val_Variance = 13.4878	sd = 3.6726	max = 134	min = 111
[20190930_090010 / lib_ip.py:4052] len(Hs) = 8100, len(Ss) = 8100, len(Vs) = 8100
[20190930_090010 / lib_ip.py:4099] green : variance --> out of range (variance = 13.488 / upper = 0.760 / lower = 0.000)
[20190930_090010 / lib_ip.py:3753] file = img.20190930_090009.2019-09-29_08-14-36_000.jpg.1.png / val_Average = 118.4589	val_Variance = 13.4878	sd = 3.6726	max = 134	min = 111
[20190930_090010 / lib_ip.py:4169] len(Hs) = 8100, len(Ss) = 8100, len(Vs) = 8100
[20190930_090010 / lib_ip.py:4208] blue : variance --> out of range (variance = 13.488 / upper = 0.930 / lower = 0.010)
[20190930_090010 / lib_ip.py:3753] file = img.20190930_090009.2019-09-29_08-14-36_000.jpg.1.png / val_Average = 118.4589	val_Variance = 13.4878	sd = 3.6726	max = 134	min = 111
[20190930_090010 / lib_ip.py:4275] len(Hs) = 8100, len(Ss) = 8100, len(Vs) = 8100
[20190930_090010 / lib_ip.py:4314] pink : variance --> out of range (variance = 13.488 / upper = 0.750 / lower = 0.030)
[20190930_090010 / lib_ip.py:3753] file = img.20190930_090009.2019-09-29_08-14-36_000.jpg.1.png / val_Average = 118.4589	val_Variance = 13.4878	sd = 3.6726	max = 134	min = 111
[20190930_090010 / lib_ip.py:4378] len(Hs) = 8100, len(Ss) = 8100, len(Vs) = 8100
[20190930_090010 / lib_ip.py:4422] black : variance --> out of range (variance = 13.488 / upper = 0.000 / lower = 0.000)
[20190930_090010 / lib_ip.py:4593] file : img.20190930_090009.2019-09-29_08-14-36_000.jpg.1.png 0 (black : variance --> out of range (variance = 13.488 / upper = 0.000 / lower = 0.000))
[20190930_090010 / lib_ip.py:2274] inspecting ===> img.20190930_090009.2019-09-29_08-14-36_000.jpg.2.png
[20190930_090011 / lib_ip.py:4505] 
img.20190930_090009.2019-09-29_08-14-36_000.jpg.2.png 1 ---------------------
[20190930_090011 / lib_ip.py:3753] file = img.20190930_090009.2019-09-29_08-14-36_000.jpg.2.png / val_Average = 22.8273	val_Variance = 1377.0975	sd = 37.1093	max = 175	min = 0
[20190930_090011 / lib_ip.py:3836] len(Hs) = 8100, len(Ss) = 8100, len(Vs) = 8100
[20190930_090011 / lib_ip.py:3869] yellow : variance --> out of range (variance = 1377.097 / upper = 0.650 / lower = 0.000)
[20190930_090011 / lib_ip.py:3753] file = img.20190930_090009.2019-09-29_08-14-36_000.jpg.2.png / val_Average = 22.8273	val_Variance = 1377.0975	sd = 37.1093	max = 175	min = 0
[20190930_090011 / lib_ip.py:3936] len(Hs) = 8100, len(Ss) = 8100, len(Vs) = 8100
[20190930_090011 / lib_ip.py:3982] red : variance --> out of range (variance = 1377.097 / upper = 0.430 / lower = 0.000)
[20190930_090011 / lib_ip.py:3753] file = img.20190930_090009.2019-09-29_08-14-36_000.jpg.2.png / val_Average = 22.8273	val_Variance = 1377.0975	sd = 37.1093	max = 175	min = 0
[20190930_090011 / lib_ip.py:4052] len(Hs) = 8100, len(Ss) = 8100, len(Vs) = 8100
[20190930_090011 / lib_ip.py:4099] green : variance --> out of range (variance = 1377.097 / upper = 0.760 / lower = 0.000)
[20190930_090011 / lib_ip.py:3753] file = img.20190930_090009.2019-09-29_08-14-36_000.jpg.2.png / val_Average = 22.8273	val_Variance = 1377.0975	sd = 37.1093	max = 175	min = 0
[20190930_090011 / lib_ip.py:4169] len(Hs) = 8100, len(Ss) = 8100, len(Vs) = 8100
[20190930_090011 / lib_ip.py:4208] blue : variance --> out of range (variance = 1377.097 / upper = 0.930 / lower = 0.010)
[20190930_090011 / lib_ip.py:3753] file = img.20190930_090009.2019-09-29_08-14-36_000.jpg.2.png / val_Average = 22.8273	val_Variance = 1377.0975	sd = 37.1093	max = 175	min = 0
[20190930_090011 / lib_ip.py:4275] len(Hs) = 8100, len(Ss) = 8100, len(Vs) = 8100
[20190930_090011 / lib_ip.py:4314] pink : variance --> out of range (variance = 1377.097 / upper = 0.750 / lower = 0.030)
[20190930_090012 / lib_ip.py:3753] file = img.20190930_090009.2019-09-29_08-14-36_000.jpg.2.png / val_Average = 22.8273	val_Variance = 1377.0975	sd = 37.1093	max = 175	min = 0
[20190930_090012 / lib_ip.py:4378] len(Hs) = 8100, len(Ss) = 8100, len(Vs) = 8100
[20190930_090012 / lib_ip.py:4422] black : variance --> out of range (variance = 1377.097 / upper = 0.000 / lower = 0.000)
[20190930_090012 / lib_ip.py:4593] file : img.20190930_090009.2019-09-29_08-14-36_000.jpg.2.png 1 (black : variance --> out of range (variance = 1377.097 / upper = 0.000 / lower = 0.000))
[20190930_090012 / lib_ip.py:2274] inspecting ===> img.20190930_090009.2019-09-29_08-14-36_000.jpg.3.png
[20190930_090012 / lib_ip.py:4505] 
img.20190930_090009.2019-09-29_08-14-36_000.jpg.3.png 2 ---------------------
[20190930_090012 / lib_ip.py:3753] file = img.20190930_090009.2019-09-29_08-14-36_000.jpg.3.png / val_Average = 73.0251	val_Variance = 0.2867	sd = 0.5354	max = 74	min = 71
[20190930_090012 / lib_ip.py:3836] len(Hs) = 8100, len(Ss) = 8100, len(Vs) = 8100
[20190930_090012 / lib_ip.py:3891] yellow : average --> out of range (average = 73.025 / upper = 99.200 / lower = 85.500)
[20190930_090012 / lib_ip.py:3753] file = img.20190930_090009.2019-09-29_08-14-36_000.jpg.3.png / val_Average = 73.0251	val_Variance = 0.2867	sd = 0.5354	max = 74	min = 71
[20190930_090012 / lib_ip.py:3936] len(Hs) = 8100, len(Ss) = 8100, len(Vs) = 8100
[20190930_090012 / lib_ip.py:4007] red : average --> out of range (average = 73.025 / upper = 124.600 / lower = 115.000)
[20190930_090012 / lib_ip.py:3753] file = img.20190930_090009.2019-09-29_08-14-36_000.jpg.3.png / val_Average = 73.0251	val_Variance = 0.2867	sd = 0.5354	max = 74	min = 71
[20190930_090012 / lib_ip.py:4052] len(Hs) = 8100, len(Ss) = 8100, len(Vs) = 8100
[20190930_090013 / lib_ip.py:2274] inspecting ===> img.20190930_090009.2019-09-29_08-14-36_000.jpg.4.png
[20190930_090013 / lib_ip.py:4505] 
img.20190930_090009.2019-09-29_08-14-36_000.jpg.4.png 3 ---------------------
[20190930_090013 / lib_ip.py:3753] file = img.20190930_090009.2019-09-29_08-14-36_000.jpg.4.png / val_Average = 74.5364	val_Variance = 0.2946	sd = 0.5428	max = 76	min = 73
[20190930_090013 / lib_ip.py:3836] len(Hs) = 8100, len(Ss) = 8100, len(Vs) = 8100
[20190930_090013 / lib_ip.py:3891] yellow : average --> out of range (average = 74.536 / upper = 99.200 / lower = 85.500)
[20190930_090013 / lib_ip.py:3753] file = img.20190930_090009.2019-09-29_08-14-36_000.jpg.4.png / val_Average = 74.5364	val_Variance = 0.2946	sd = 0.5428	max = 76	min = 73
[20190930_090013 / lib_ip.py:3936] len(Hs) = 8100, len(Ss) = 8100, len(Vs) = 8100
[20190930_090013 / lib_ip.py:4007] red : average --> out of range (average = 74.536 / upper = 124.600 / lower = 115.000)
[20190930_090013 / lib_ip.py:3753] file = img.20190930_090009.2019-09-29_08-14-36_000.jpg.4.png / val_Average = 74.5364	val_Variance = 0.2946	sd = 0.5428	max = 76	min = 73
[20190930_090013 / lib_ip.py:4052] len(Hs) = 8100, len(Ss) = 8100, len(Vs) = 8100
[20190930_090013 / lib_ip.py:2274] inspecting ===> img.20190930_090009.2019-09-29_08-14-36_000.jpg.4.png
img.20190930_090009.2019-09-29_08-14-36_000.jpg.1.png => other
img.20190930_090009.2019-09-29_08-14-36_000.jpg.2.png => other
img.20190930_090009.2019-09-29_08-14-36_000.jpg.3.png => other
img.20190930_090009.2019-09-29_08-14-36_000.jpg.4.png => other
[20190930_090013 lib_ip.py:3301] =============== Get 4 corners
dpath_Images = C:\WORKS_2\WS\WS_Others.Art\JVEMV6\46_art\VIRTUAL\Admin_Projects\ip\images
fname_Image = img.20190930_090009.2019-09-29_08-14-36_000.jpg.4.png

[20190930_090014 / lib_ip.py:2274] inspecting ===> img.20190930_090014.2019-09-29_10-29-41_000.jpg.1.png
[20190930_090014 / lib_ip.py:4505] 
img.20190930_090014.2019-09-29_10-29-41_000.jpg.1.png 0 ---------------------
[20190930_090014 / lib_ip.py:3753] file = img.20190930_090014.2019-09-29_10-29-41_000.jpg.1.png / val_Average = 60.3664	val_Variance = 1111.8398	sd = 33.3443	max = 135	min = 0
[20190930_090014 / lib_ip.py:3836] len(Hs) = 8100, len(Ss) = 8100, len(Vs) = 8100
[20190930_090014 / lib_ip.py:3869] yellow : variance --> out of range (variance = 1111.840 / upper = 0.650 / lower = 0.000)
[20190930_090014 / lib_ip.py:3753] file = img.20190930_090014.2019-09-29_10-29-41_000.jpg.1.png / val_Average = 60.3664	val_Variance = 1111.8398	sd = 33.3443	max = 135	min = 0
[20190930_090014 / lib_ip.py:3936] len(Hs) = 8100, len(Ss) = 8100, len(Vs) = 8100
[20190930_090015 / lib_ip.py:3982] red : variance --> out of range (variance = 1111.840 / upper = 0.430 / lower = 0.000)
[20190930_090015 / lib_ip.py:3753] file = img.20190930_090014.2019-09-29_10-29-41_000.jpg.1.png / val_Average = 60.3664	val_Variance = 1111.8398	sd = 33.3443	max = 135	min = 0
[20190930_090015 / lib_ip.py:4052] len(Hs) = 8100, len(Ss) = 8100, len(Vs) = 8100
[20190930_090015 / lib_ip.py:4099] green : variance --> out of range (variance = 1111.840 / upper = 0.760 / lower = 0.000)
[20190930_090015 / lib_ip.py:3753] file = img.20190930_090014.2019-09-29_10-29-41_000.jpg.1.png / val_Average = 60.3664	val_Variance = 1111.8398	sd = 33.3443	max = 135	min = 0
[20190930_090015 / lib_ip.py:4169] len(Hs) = 8100, len(Ss) = 8100, len(Vs) = 8100
[20190930_090015 / lib_ip.py:4208] blue : variance --> out of range (variance = 1111.840 / upper = 0.930 / lower = 0.010)
[20190930_090015 / lib_ip.py:3753] file = img.20190930_090014.2019-09-29_10-29-41_000.jpg.1.png / val_Average = 60.3664	val_Variance = 1111.8398	sd = 33.3443	max = 135	min = 0
[20190930_090015 / lib_ip.py:4275] len(Hs) = 8100, len(Ss) = 8100, len(Vs) = 8100
[20190930_090015 / lib_ip.py:4314] pink : variance --> out of range (variance = 1111.840 / upper = 0.750 / lower = 0.030)
[20190930_090015 / lib_ip.py:3753] file = img.20190930_090014.2019-09-29_10-29-41_000.jpg.1.png / val_Average = 60.3664	val_Variance = 1111.8398	sd = 33.3443	max = 135	min = 0
[20190930_090015 / lib_ip.py:4378] len(Hs) = 8100, len(Ss) = 8100, len(Vs) = 8100
[20190930_090015 / lib_ip.py:4422] black : variance --> out of range (variance = 1111.840 / upper = 0.000 / lower = 0.000)
[20190930_090015 / lib_ip.py:4593] file : img.20190930_090014.2019-09-29_10-29-41_000.jpg.1.png 0 (black : variance --> out of range (variance = 1111.840 / upper = 0.000 / lower = 0.000))
[20190930_090015 / lib_ip.py:2274] inspecting ===> img.20190930_090014.2019-09-29_10-29-41_000.jpg.2.png
[20190930_090016 / lib_ip.py:4505] 
img.20190930_090014.2019-09-29_10-29-41_000.jpg.2.png 1 ---------------------
[20190930_090016 / lib_ip.py:3753] file = img.20190930_090014.2019-09-29_10-29-41_000.jpg.2.png / val_Average = 92.2252	val_Variance = 0.1745	sd = 0.4177	max = 93	min = 92
[20190930_090016 / lib_ip.py:3836] len(Hs) = 8100, len(Ss) = 8100, len(Vs) = 8100
[20190930_090016 / lib_ip.py:2274] inspecting ===> img.20190930_090014.2019-09-29_10-29-41_000.jpg.3.png
[20190930_090016 / lib_ip.py:4505] 
img.20190930_090014.2019-09-29_10-29-41_000.jpg.3.png 2 ---------------------
[20190930_090016 / lib_ip.py:3753] file = img.20190930_090014.2019-09-29_10-29-41_000.jpg.3.png / val_Average = 107.3348	val_Variance = 6.4914	sd = 2.5478	max = 136	min = 102
[20190930_090016 / lib_ip.py:3836] len(Hs) = 8100, len(Ss) = 8100, len(Vs) = 8100
[20190930_090016 / lib_ip.py:3869] yellow : variance --> out of range (variance = 6.491 / upper = 0.650 / lower = 0.000)
[20190930_090016 / lib_ip.py:3753] file = img.20190930_090014.2019-09-29_10-29-41_000.jpg.3.png / val_Average = 107.3348	val_Variance = 6.4914	sd = 2.5478	max = 136	min = 102
[20190930_090016 / lib_ip.py:3936] len(Hs) = 8100, len(Ss) = 8100, len(Vs) = 8100
[20190930_090016 / lib_ip.py:3982] red : variance --> out of range (variance = 6.491 / upper = 0.430 / lower = 0.000)
[20190930_090016 / lib_ip.py:3753] file = img.20190930_090014.2019-09-29_10-29-41_000.jpg.3.png / val_Average = 107.3348	val_Variance = 6.4914	sd = 2.5478	max = 136	min = 102
[20190930_090016 / lib_ip.py:4052] len(Hs) = 8100, len(Ss) = 8100, len(Vs) = 8100
[20190930_090016 / lib_ip.py:4099] green : variance --> out of range (variance = 6.491 / upper = 0.760 / lower = 0.000)
[20190930_090017 / lib_ip.py:3753] file = img.20190930_090014.2019-09-29_10-29-41_000.jpg.3.png / val_Average = 107.3348	val_Variance = 6.4914	sd = 2.5478	max = 136	min = 102
[20190930_090017 / lib_ip.py:4169] len(Hs) = 8100, len(Ss) = 8100, len(Vs) = 8100
[20190930_090017 / lib_ip.py:4208] blue : variance --> out of range (variance = 6.491 / upper = 0.930 / lower = 0.010)
[20190930_090017 / lib_ip.py:3753] file = img.20190930_090014.2019-09-29_10-29-41_000.jpg.3.png / val_Average = 107.3348	val_Variance = 6.4914	sd = 2.5478	max = 136	min = 102
[20190930_090017 / lib_ip.py:4275] len(Hs) = 8100, len(Ss) = 8100, len(Vs) = 8100
[20190930_090017 / lib_ip.py:4314] pink : variance --> out of range (variance = 6.491 / upper = 0.750 / lower = 0.030)
[20190930_090017 / lib_ip.py:3753] file = img.20190930_090014.2019-09-29_10-29-41_000.jpg.3.png / val_Average = 107.3348	val_Variance = 6.4914	sd = 2.5478	max = 136	min = 102
[20190930_090017 / lib_ip.py:4378] len(Hs) = 8100, len(Ss) = 8100, len(Vs) = 8100
[20190930_090017 / lib_ip.py:4422] black : variance --> out of range (variance = 6.491 / upper = 0.000 / lower = 0.000)
[20190930_090017 / lib_ip.py:4593] file : img.20190930_090014.2019-09-29_10-29-41_000.jpg.3.png 2 (black : variance --> out of range (variance = 6.491 / upper = 0.000 / lower = 0.000))
[20190930_090017 / lib_ip.py:2274] inspecting ===> img.20190930_090014.2019-09-29_10-29-41_000.jpg.4.png
[20190930_090017 / lib_ip.py:4505] 
img.20190930_090014.2019-09-29_10-29-41_000.jpg.4.png 3 ---------------------
[20190930_090017 / lib_ip.py:3753] file = img.20190930_090014.2019-09-29_10-29-41_000.jpg.4.png / val_Average = 111.3688	val_Variance = 6.9871	sd = 2.6433	max = 126	min = 101
[20190930_090017 / lib_ip.py:3836] len(Hs) = 8100, len(Ss) = 8100, len(Vs) = 8100
[20190930_090017 / lib_ip.py:3869] yellow : variance --> out of range (variance = 6.987 / upper = 0.650 / lower = 0.000)
[20190930_090018 / lib_ip.py:3753] file = img.20190930_090014.2019-09-29_10-29-41_000.jpg.4.png / val_Average = 111.3688	val_Variance = 6.9871	sd = 2.6433	max = 126	min = 101
[20190930_090018 / lib_ip.py:3936] len(Hs) = 8100, len(Ss) = 8100, len(Vs) = 8100
[20190930_090018 / lib_ip.py:3982] red : variance --> out of range (variance = 6.987 / upper = 0.430 / lower = 0.000)
[20190930_090018 / lib_ip.py:3753] file = img.20190930_090014.2019-09-29_10-29-41_000.jpg.4.png / val_Average = 111.3688	val_Variance = 6.9871	sd = 2.6433	max = 126	min = 101
[20190930_090018 / lib_ip.py:4052] len(Hs) = 8100, len(Ss) = 8100, len(Vs) = 8100
[20190930_090018 / lib_ip.py:4099] green : variance --> out of range (variance = 6.987 / upper = 0.760 / lower = 0.000)
[20190930_090018 / lib_ip.py:3753] file = img.20190930_090014.2019-09-29_10-29-41_000.jpg.4.png / val_Average = 111.3688	val_Variance = 6.9871	sd = 2.6433	max = 126	min = 101
[20190930_090018 / lib_ip.py:4169] len(Hs) = 8100, len(Ss) = 8100, len(Vs) = 8100
[20190930_090018 / lib_ip.py:4208] blue : variance --> out of range (variance = 6.987 / upper = 0.930 / lower = 0.010)
[20190930_090018 / lib_ip.py:3753] file = img.20190930_090014.2019-09-29_10-29-41_000.jpg.4.png / val_Average = 111.3688	val_Variance = 6.9871	sd = 2.6433	max = 126	min = 101
[20190930_090018 / lib_ip.py:4275] len(Hs) = 8100, len(Ss) = 8100, len(Vs) = 8100
[20190930_090018 / lib_ip.py:4314] pink : variance --> out of range (variance = 6.987 / upper = 0.750 / lower = 0.030)
[20190930_090018 / lib_ip.py:3753] file = img.20190930_090014.2019-09-29_10-29-41_000.jpg.4.png / val_Average = 111.3688	val_Variance = 6.9871	sd = 2.6433	max = 126	min = 101
[20190930_090018 / lib_ip.py:4378] len(Hs) = 8100, len(Ss) = 8100, len(Vs) = 8100
[20190930_090018 / lib_ip.py:4422] black : variance --> out of range (variance = 6.987 / upper = 0.000 / lower = 0.000)
[20190930_090018 / lib_ip.py:4593] file : img.20190930_090014.2019-09-29_10-29-41_000.jpg.4.png 3 (black : variance --> out of range (variance = 6.987 / upper = 0.000 / lower = 0.000))
[20190930_090017 / lib_ip.py:2274] inspecting ===> img.20190930_090014.2019-09-29_10-29-41_000.jpg.4.png
img.20190930_090014.2019-09-29_10-29-41_000.jpg.1.png => other
img.20190930_090014.2019-09-29_10-29-41_000.jpg.2.png => other
img.20190930_090014.2019-09-29_10-29-41_000.jpg.3.png => other
img.20190930_090014.2019-09-29_10-29-41_000.jpg.4.png => other
[20190930_090018 lib_ip.py:3301] =============== Get 4 corners
dpath_Images = C:\WORKS_2\WS\WS_Others.Art\JVEMV6\46_art\VIRTUAL\Admin_Projects\ip\images
fname_Image = img.20190930_090014.2019-09-29_10-29-41_000.jpg.4.png

[20190930_090019 / lib_ip.py:2274] inspecting ===> img.20190930_090019.2019-09-29_14-16-28_000.jpg.1.png
[20190930_090019 / lib_ip.py:4505] 
img.20190930_090019.2019-09-29_14-16-28_000.jpg.1.png 0 ---------------------
[20190930_090019 / lib_ip.py:3753] file = img.20190930_090019.2019-09-29_14-16-28_000.jpg.1.png / val_Average = 105.8019	val_Variance = 1.8710	sd = 1.3678	max = 111	min = 101
[20190930_090019 / lib_ip.py:3836] len(Hs) = 8100, len(Ss) = 8100, len(Vs) = 8100
[20190930_090020 / lib_ip.py:3869] yellow : variance --> out of range (variance = 1.871 / upper = 0.650 / lower = 0.000)
[20190930_090020 / lib_ip.py:3753] file = img.20190930_090019.2019-09-29_14-16-28_000.jpg.1.png / val_Average = 105.8019	val_Variance = 1.8710	sd = 1.3678	max = 111	min = 101
[20190930_090020 / lib_ip.py:3936] len(Hs) = 8100, len(Ss) = 8100, len(Vs) = 8100
[20190930_090020 / lib_ip.py:3982] red : variance --> out of range (variance = 1.871 / upper = 0.430 / lower = 0.000)
[20190930_090020 / lib_ip.py:3753] file = img.20190930_090019.2019-09-29_14-16-28_000.jpg.1.png / val_Average = 105.8019	val_Variance = 1.8710	sd = 1.3678	max = 111	min = 101
[20190930_090020 / lib_ip.py:4052] len(Hs) = 8100, len(Ss) = 8100, len(Vs) = 8100
[20190930_090020 / lib_ip.py:4099] green : variance --> out of range (variance = 1.871 / upper = 0.760 / lower = 0.000)
[20190930_090020 / lib_ip.py:3753] file = img.20190930_090019.2019-09-29_14-16-28_000.jpg.1.png / val_Average = 105.8019	val_Variance = 1.8710	sd = 1.3678	max = 111	min = 101
[20190930_090020 / lib_ip.py:4169] len(Hs) = 8100, len(Ss) = 8100, len(Vs) = 8100
[20190930_090020 / lib_ip.py:4208] blue : variance --> out of range (variance = 1.871 / upper = 0.930 / lower = 0.010)
[20190930_090020 / lib_ip.py:3753] file = img.20190930_090019.2019-09-29_14-16-28_000.jpg.1.png / val_Average = 105.8019	val_Variance = 1.8710	sd = 1.3678	max = 111	min = 101
[20190930_090020 / lib_ip.py:4275] len(Hs) = 8100, len(Ss) = 8100, len(Vs) = 8100
[20190930_090020 / lib_ip.py:4314] pink : variance --> out of range (variance = 1.871 / upper = 0.750 / lower = 0.030)
[20190930_090020 / lib_ip.py:3753] file = img.20190930_090019.2019-09-29_14-16-28_000.jpg.1.png / val_Average = 105.8019	val_Variance = 1.8710	sd = 1.3678	max = 111	min = 101
[20190930_090020 / lib_ip.py:4378] len(Hs) = 8100, len(Ss) = 8100, len(Vs) = 8100
[20190930_090020 / lib_ip.py:4422] black : variance --> out of range (variance = 1.871 / upper = 0.000 / lower = 0.000)
[20190930_090020 / lib_ip.py:4593] file : img.20190930_090019.2019-09-29_14-16-28_000.jpg.1.png 0 (black : variance --> out of range (variance = 1.871 / upper = 0.000 / lower = 0.000))
[20190930_090020 / lib_ip.py:2274] inspecting ===> img.20190930_090019.2019-09-29_14-16-28_000.jpg.2.png
[20190930_090020 / lib_ip.py:4505] 
img.20190930_090019.2019-09-29_14-16-28_000.jpg.2.png 1 ---------------------
[20190930_090021 / lib_ip.py:3753] file = img.20190930_090019.2019-09-29_14-16-28_000.jpg.2.png / val_Average = 100.8089	val_Variance = 27.1195	sd = 5.2076	max = 115	min = 72
[20190930_090021 / lib_ip.py:3836] len(Hs) = 8100, len(Ss) = 8100, len(Vs) = 8100
[20190930_090021 / lib_ip.py:3869] yellow : variance --> out of range (variance = 27.120 / upper = 0.650 / lower = 0.000)
[20190930_090021 / lib_ip.py:3753] file = img.20190930_090019.2019-09-29_14-16-28_000.jpg.2.png / val_Average = 100.8089	val_Variance = 27.1195	sd = 5.2076	max = 115	min = 72
[20190930_090021 / lib_ip.py:3936] len(Hs) = 8100, len(Ss) = 8100, len(Vs) = 8100
[20190930_090021 / lib_ip.py:3982] red : variance --> out of range (variance = 27.120 / upper = 0.430 / lower = 0.000)
[20190930_090021 / lib_ip.py:3753] file = img.20190930_090019.2019-09-29_14-16-28_000.jpg.2.png / val_Average = 100.8089	val_Variance = 27.1195	sd = 5.2076	max = 115	min = 72
[20190930_090021 / lib_ip.py:4052] len(Hs) = 8100, len(Ss) = 8100, len(Vs) = 8100
[20190930_090021 / lib_ip.py:4099] green : variance --> out of range (variance = 27.120 / upper = 0.760 / lower = 0.000)
[20190930_090021 / lib_ip.py:3753] file = img.20190930_090019.2019-09-29_14-16-28_000.jpg.2.png / val_Average = 100.8089	val_Variance = 27.1195	sd = 5.2076	max = 115	min = 72
[20190930_090021 / lib_ip.py:4169] len(Hs) = 8100, len(Ss) = 8100, len(Vs) = 8100
[20190930_090021 / lib_ip.py:4208] blue : variance --> out of range (variance = 27.120 / upper = 0.930 / lower = 0.010)
[20190930_090021 / lib_ip.py:3753] file = img.20190930_090019.2019-09-29_14-16-28_000.jpg.2.png / val_Average = 100.8089	val_Variance = 27.1195	sd = 5.2076	max = 115	min = 72
[20190930_090021 / lib_ip.py:4275] len(Hs) = 8100, len(Ss) = 8100, len(Vs) = 8100
[20190930_090021 / lib_ip.py:4314] pink : variance --> out of range (variance = 27.120 / upper = 0.750 / lower = 0.030)
[20190930_090021 / lib_ip.py:3753] file = img.20190930_090019.2019-09-29_14-16-28_000.jpg.2.png / val_Average = 100.8089	val_Variance = 27.1195	sd = 5.2076	max = 115	min = 72
[20190930_090021 / lib_ip.py:4378] len(Hs) = 8100, len(Ss) = 8100, len(Vs) = 8100
[20190930_090022 / lib_ip.py:4422] black : variance --> out of range (variance = 27.120 / upper = 0.000 / lower = 0.000)
[20190930_090022 / lib_ip.py:4593] file : img.20190930_090019.2019-09-29_14-16-28_000.jpg.2.png 1 (black : variance --> out of range (variance = 27.120 / upper = 0.000 / lower = 0.000))
[20190930_090022 / lib_ip.py:2274] inspecting ===> img.20190930_090019.2019-09-29_14-16-28_000.jpg.3.png
[20190930_090022 / lib_ip.py:4505] 
img.20190930_090019.2019-09-29_14-16-28_000.jpg.3.png 2 ---------------------
[20190930_090022 / lib_ip.py:3753] file = img.20190930_090019.2019-09-29_14-16-28_000.jpg.3.png / val_Average = 102.2875	val_Variance = 17.7987	sd = 4.2188	max = 109	min = 77
[20190930_090022 / lib_ip.py:3836] len(Hs) = 8100, len(Ss) = 8100, len(Vs) = 8100
[20190930_090022 / lib_ip.py:3869] yellow : variance --> out of range (variance = 17.799 / upper = 0.650 / lower = 0.000)
[20190930_090022 / lib_ip.py:3753] file = img.20190930_090019.2019-09-29_14-16-28_000.jpg.3.png / val_Average = 102.2875	val_Variance = 17.7987	sd = 4.2188	max = 109	min = 77
[20190930_090022 / lib_ip.py:3936] len(Hs) = 8100, len(Ss) = 8100, len(Vs) = 8100
[20190930_090022 / lib_ip.py:3982] red : variance --> out of range (variance = 17.799 / upper = 0.430 / lower = 0.000)
[20190930_090022 / lib_ip.py:3753] file = img.20190930_090019.2019-09-29_14-16-28_000.jpg.3.png / val_Average = 102.2875	val_Variance = 17.7987	sd = 4.2188	max = 109	min = 77
[20190930_090022 / lib_ip.py:4052] len(Hs) = 8100, len(Ss) = 8100, len(Vs) = 8100
[20190930_090023 / lib_ip.py:4099] green : variance --> out of range (variance = 17.799 / upper = 0.760 / lower = 0.000)
[20190930_090023 / lib_ip.py:3753] file = img.20190930_090019.2019-09-29_14-16-28_000.jpg.3.png / val_Average = 102.2875	val_Variance = 17.7987	sd = 4.2188	max = 109	min = 77
[20190930_090023 / lib_ip.py:4169] len(Hs) = 8100, len(Ss) = 8100, len(Vs) = 8100
[20190930_090023 / lib_ip.py:4208] blue : variance --> out of range (variance = 17.799 / upper = 0.930 / lower = 0.010)
[20190930_090023 / lib_ip.py:3753] file = img.20190930_090019.2019-09-29_14-16-28_000.jpg.3.png / val_Average = 102.2875	val_Variance = 17.7987	sd = 4.2188	max = 109	min = 77
[20190930_090023 / lib_ip.py:4275] len(Hs) = 8100, len(Ss) = 8100, len(Vs) = 8100
[20190930_090023 / lib_ip.py:4314] pink : variance --> out of range (variance = 17.799 / upper = 0.750 / lower = 0.030)
[20190930_090023 / lib_ip.py:3753] file = img.20190930_090019.2019-09-29_14-16-28_000.jpg.3.png / val_Average = 102.2875	val_Variance = 17.7987	sd = 4.2188	max = 109	min = 77
[20190930_090023 / lib_ip.py:4378] len(Hs) = 8100, len(Ss) = 8100, len(Vs) = 8100
[20190930_090023 / lib_ip.py:4422] black : variance --> out of range (variance = 17.799 / upper = 0.000 / lower = 0.000)
[20190930_090023 / lib_ip.py:4593] file : img.20190930_090019.2019-09-29_14-16-28_000.jpg.3.png 2 (black : variance --> out of range (variance = 17.799 / upper = 0.000 / lower = 0.000))
[20190930_090023 / lib_ip.py:2274] inspecting ===> img.20190930_090019.2019-09-29_14-16-28_000.jpg.4.png
[20190930_090023 / lib_ip.py:4505] 
img.20190930_090019.2019-09-29_14-16-28_000.jpg.4.png 3 ---------------------
[20190930_090024 / lib_ip.py:3753] file = img.20190930_090019.2019-09-29_14-16-28_000.jpg.4.png / val_Average = 119.5281	val_Variance = 0.2586	sd = 0.5085	max = 121	min = 118
[20190930_090024 / lib_ip.py:3836] len(Hs) = 8100, len(Ss) = 8100, len(Vs) = 8100
[20190930_090024 / lib_ip.py:3891] yellow : average --> out of range (average = 119.528 / upper = 99.200 / lower = 85.500)
[20190930_090024 / lib_ip.py:3753] file = img.20190930_090019.2019-09-29_14-16-28_000.jpg.4.png / val_Average = 119.5281	val_Variance = 0.2586	sd = 0.5085	max = 121	min = 118
[20190930_090024 / lib_ip.py:3936] len(Hs) = 8100, len(Ss) = 8100, len(Vs) = 8100
[20190930_090023 / lib_ip.py:2274] inspecting ===> img.20190930_090019.2019-09-29_14-16-28_000.jpg.4.png
img.20190930_090019.2019-09-29_14-16-28_000.jpg.1.png => other
img.20190930_090019.2019-09-29_14-16-28_000.jpg.2.png => other
img.20190930_090019.2019-09-29_14-16-28_000.jpg.3.png => other
img.20190930_090019.2019-09-29_14-16-28_000.jpg.4.png => other
[20190930_090024 lib_ip.py:3301] =============== Get 4 corners
dpath_Images = C:\WORKS_2\WS\WS_Others.Art\JVEMV6\46_art\VIRTUAL\Admin_Projects\ip\images
fname_Image = img.20190930_090019.2019-09-29_14-16-28_000.jpg.4.png

[20190930_090024 / lib_ip.py:2274] inspecting ===> img.20190930_090024.2019-09-29_14-33-37_000.jpg.1.png
[20190930_090024 / lib_ip.py:4505] 
img.20190930_090024.2019-09-29_14-33-37_000.jpg.1.png 0 ---------------------
[20190930_090025 / lib_ip.py:3753] file = img.20190930_090024.2019-09-29_14-33-37_000.jpg.1.png / val_Average = 84.1169	val_Variance = 146.2536	sd = 12.0935	max = 100	min = 0
[20190930_090025 / lib_ip.py:3836] len(Hs) = 8100, len(Ss) = 8100, len(Vs) = 8100
[20190930_090025 / lib_ip.py:3869] yellow : variance --> out of range (variance = 146.254 / upper = 0.650 / lower = 0.000)
[20190930_090025 / lib_ip.py:3753] file = img.20190930_090024.2019-09-29_14-33-37_000.jpg.1.png / val_Average = 84.1169	val_Variance = 146.2536	sd = 12.0935	max = 100	min = 0
[20190930_090025 / lib_ip.py:3936] len(Hs) = 8100, len(Ss) = 8100, len(Vs) = 8100
[20190930_090025 / lib_ip.py:3982] red : variance --> out of range (variance = 146.254 / upper = 0.430 / lower = 0.000)
[20190930_090025 / lib_ip.py:3753] file = img.20190930_090024.2019-09-29_14-33-37_000.jpg.1.png / val_Average = 84.1169	val_Variance = 146.2536	sd = 12.0935	max = 100	min = 0
[20190930_090025 / lib_ip.py:4052] len(Hs) = 8100, len(Ss) = 8100, len(Vs) = 8100
[20190930_090025 / lib_ip.py:4099] green : variance --> out of range (variance = 146.254 / upper = 0.760 / lower = 0.000)
[20190930_090025 / lib_ip.py:3753] file = img.20190930_090024.2019-09-29_14-33-37_000.jpg.1.png / val_Average = 84.1169	val_Variance = 146.2536	sd = 12.0935	max = 100	min = 0
[20190930_090025 / lib_ip.py:4169] len(Hs) = 8100, len(Ss) = 8100, len(Vs) = 8100
[20190930_090025 / lib_ip.py:4208] blue : variance --> out of range (variance = 146.254 / upper = 0.930 / lower = 0.010)
[20190930_090025 / lib_ip.py:3753] file = img.20190930_090024.2019-09-29_14-33-37_000.jpg.1.png / val_Average = 84.1169	val_Variance = 146.2536	sd = 12.0935	max = 100	min = 0
[20190930_090025 / lib_ip.py:4275] len(Hs) = 8100, len(Ss) = 8100, len(Vs) = 8100
[20190930_090025 / lib_ip.py:4314] pink : variance --> out of range (variance = 146.254 / upper = 0.750 / lower = 0.030)
[20190930_090025 / lib_ip.py:3753] file = img.20190930_090024.2019-09-29_14-33-37_000.jpg.1.png / val_Average = 84.1169	val_Variance = 146.2536	sd = 12.0935	max = 100	min = 0
[20190930_090025 / lib_ip.py:4378] len(Hs) = 8100, len(Ss) = 8100, len(Vs) = 8100
[20190930_090026 / lib_ip.py:4422] black : variance --> out of range (variance = 146.254 / upper = 0.000 / lower = 0.000)
[20190930_090026 / lib_ip.py:4593] file : img.20190930_090024.2019-09-29_14-33-37_000.jpg.1.png 0 (black : variance --> out of range (variance = 146.254 / upper = 0.000 / lower = 0.000))
[20190930_090026 / lib_ip.py:2274] inspecting ===> img.20190930_090024.2019-09-29_14-33-37_000.jpg.2.png
[20190930_090026 / lib_ip.py:4505] 
img.20190930_090024.2019-09-29_14-33-37_000.jpg.2.png 1 ---------------------
[20190930_090026 / lib_ip.py:3753] file = img.20190930_090024.2019-09-29_14-33-37_000.jpg.2.png / val_Average = 93.0330	val_Variance = 0.0341	sd = 0.1847	max = 94	min = 92
[20190930_090026 / lib_ip.py:3836] len(Hs) = 8100, len(Ss) = 8100, len(Vs) = 8100
[20190930_090026 / lib_ip.py:2274] inspecting ===> img.20190930_090024.2019-09-29_14-33-37_000.jpg.3.png
[20190930_090026 / lib_ip.py:4505] 
img.20190930_090024.2019-09-29_14-33-37_000.jpg.3.png 2 ---------------------
[20190930_090027 / lib_ip.py:3753] file = img.20190930_090024.2019-09-29_14-33-37_000.jpg.3.png / val_Average = 94.5778	val_Variance = 21.9304	sd = 4.6830	max = 104	min = 85
[20190930_090027 / lib_ip.py:3836] len(Hs) = 8100, len(Ss) = 8100, len(Vs) = 8100
[20190930_090027 / lib_ip.py:3869] yellow : variance --> out of range (variance = 21.930 / upper = 0.650 / lower = 0.000)
[20190930_090027 / lib_ip.py:3753] file = img.20190930_090024.2019-09-29_14-33-37_000.jpg.3.png / val_Average = 94.5778	val_Variance = 21.9304	sd = 4.6830	max = 104	min = 85
[20190930_090027 / lib_ip.py:3936] len(Hs) = 8100, len(Ss) = 8100, len(Vs) = 8100
[20190930_090027 / lib_ip.py:3982] red : variance --> out of range (variance = 21.930 / upper = 0.430 / lower = 0.000)
[20190930_090027 / lib_ip.py:3753] file = img.20190930_090024.2019-09-29_14-33-37_000.jpg.3.png / val_Average = 94.5778	val_Variance = 21.9304	sd = 4.6830	max = 104	min = 85
[20190930_090027 / lib_ip.py:4052] len(Hs) = 8100, len(Ss) = 8100, len(Vs) = 8100
[20190930_090027 / lib_ip.py:4099] green : variance --> out of range (variance = 21.930 / upper = 0.760 / lower = 0.000)
[20190930_090027 / lib_ip.py:3753] file = img.20190930_090024.2019-09-29_14-33-37_000.jpg.3.png / val_Average = 94.5778	val_Variance = 21.9304	sd = 4.6830	max = 104	min = 85
[20190930_090027 / lib_ip.py:4169] len(Hs) = 8100, len(Ss) = 8100, len(Vs) = 8100
[20190930_090027 / lib_ip.py:4208] blue : variance --> out of range (variance = 21.930 / upper = 0.930 / lower = 0.010)
[20190930_090027 / lib_ip.py:3753] file = img.20190930_090024.2019-09-29_14-33-37_000.jpg.3.png / val_Average = 94.5778	val_Variance = 21.9304	sd = 4.6830	max = 104	min = 85
[20190930_090027 / lib_ip.py:4275] len(Hs) = 8100, len(Ss) = 8100, len(Vs) = 8100
[20190930_090027 / lib_ip.py:4314] pink : variance --> out of range (variance = 21.930 / upper = 0.750 / lower = 0.030)
[20190930_090027 / lib_ip.py:3753] file = img.20190930_090024.2019-09-29_14-33-37_000.jpg.3.png / val_Average = 94.5778	val_Variance = 21.9304	sd = 4.6830	max = 104	min = 85
[20190930_090027 / lib_ip.py:4378] len(Hs) = 8100, len(Ss) = 8100, len(Vs) = 8100
[20190930_090028 / lib_ip.py:4422] black : variance --> out of range (variance = 21.930 / upper = 0.000 / lower = 0.000)
[20190930_090028 / lib_ip.py:4593] file : img.20190930_090024.2019-09-29_14-33-37_000.jpg.3.png 2 (black : variance --> out of range (variance = 21.930 / upper = 0.000 / lower = 0.000))
[20190930_090028 / lib_ip.py:2274] inspecting ===> img.20190930_090024.2019-09-29_14-33-37_000.jpg.4.png
[20190930_090028 / lib_ip.py:4505] 
img.20190930_090024.2019-09-29_14-33-37_000.jpg.4.png 3 ---------------------
[20190930_090028 / lib_ip.py:3753] file = img.20190930_090024.2019-09-29_14-33-37_000.jpg.4.png / val_Average = 119.3748	val_Variance = 0.2363	sd = 0.4861	max = 120	min = 118
[20190930_090028 / lib_ip.py:3836] len(Hs) = 8100, len(Ss) = 8100, len(Vs) = 8100
[20190930_090028 / lib_ip.py:3891] yellow : average --> out of range (average = 119.375 / upper = 99.200 / lower = 85.500)
[20190930_090028 / lib_ip.py:3753] file = img.20190930_090024.2019-09-29_14-33-37_000.jpg.4.png / val_Average = 119.3748	val_Variance = 0.2363	sd = 0.4861	max = 120	min = 118
[20190930_090028 / lib_ip.py:3936] len(Hs) = 8100, len(Ss) = 8100, len(Vs) = 8100
[20190930_090028 / lib_ip.py:2274] inspecting ===> img.20190930_090024.2019-09-29_14-33-37_000.jpg.4.png
img.20190930_090024.2019-09-29_14-33-37_000.jpg.1.png => other
img.20190930_090024.2019-09-29_14-33-37_000.jpg.2.png => other
img.20190930_090024.2019-09-29_14-33-37_000.jpg.3.png => other
img.20190930_090024.2019-09-29_14-33-37_000.jpg.4.png => other
[20190930_090028 lib_ip.py:3301] =============== Get 4 corners
dpath_Images = C:\WORKS_2\WS\WS_Others.Art\JVEMV6\46_art\VIRTUAL\Admin_Projects\ip\images
fname_Image = img.20190930_090024.2019-09-29_14-33-37_000.jpg.4.png

[20190930_090029 / lib_ip.py:2274] inspecting ===> img.20190930_090028.2019-09-29_17-52-28_000.jpg.1.png
[20190930_090029 / lib_ip.py:4505] 
img.20190930_090028.2019-09-29_17-52-28_000.jpg.1.png 0 ---------------------
[20190930_090029 / lib_ip.py:3753] file = img.20190930_090028.2019-09-29_17-52-28_000.jpg.1.png / val_Average = 102.7222	val_Variance = 0.4974	sd = 0.7053	max = 105	min = 100
[20190930_090029 / lib_ip.py:3836] len(Hs) = 8100, len(Ss) = 8100, len(Vs) = 8100
[20190930_090029 / lib_ip.py:3891] yellow : average --> out of range (average = 102.722 / upper = 99.200 / lower = 85.500)
[20190930_090029 / lib_ip.py:3753] file = img.20190930_090028.2019-09-29_17-52-28_000.jpg.1.png / val_Average = 102.7222	val_Variance = 0.4974	sd = 0.7053	max = 105	min = 100
[20190930_090029 / lib_ip.py:3936] len(Hs) = 8100, len(Ss) = 8100, len(Vs) = 8100
[20190930_090029 / lib_ip.py:3982] red : variance --> out of range (variance = 0.497 / upper = 0.430 / lower = 0.000)
[20190930_090029 / lib_ip.py:3753] file = img.20190930_090028.2019-09-29_17-52-28_000.jpg.1.png / val_Average = 102.7222	val_Variance = 0.4974	sd = 0.7053	max = 105	min = 100
[20190930_090029 / lib_ip.py:4052] len(Hs) = 8100, len(Ss) = 8100, len(Vs) = 8100
[20190930_090030 / lib_ip.py:4124] green : average --> out of range (average = 102.722 / upper = 85.000 / lower = 58.000)
[20190930_090030 / lib_ip.py:3753] file = img.20190930_090028.2019-09-29_17-52-28_000.jpg.1.png / val_Average = 102.7222	val_Variance = 0.4974	sd = 0.7053	max = 105	min = 100
[20190930_090030 / lib_ip.py:4169] len(Hs) = 8100, len(Ss) = 8100, len(Vs) = 8100
[20190930_090030 / lib_ip.py:4230] blue : average --> out of range (average = 102.722 / upper = 17.000 / lower = 8.850)
[20190930_090030 / lib_ip.py:3753] file = img.20190930_090028.2019-09-29_17-52-28_000.jpg.1.png / val_Average = 102.7222	val_Variance = 0.4974	sd = 0.7053	max = 105	min = 100
[20190930_090030 / lib_ip.py:4275] len(Hs) = 8100, len(Ss) = 8100, len(Vs) = 8100
[20190930_090030 / lib_ip.py:4336] pink : average --> out of range (average = 102.722 / upper = 141.000 / lower = 127.900)
[20190930_090030 / lib_ip.py:3753] file = img.20190930_090028.2019-09-29_17-52-28_000.jpg.1.png / val_Average = 102.7222	val_Variance = 0.4974	sd = 0.7053	max = 105	min = 100
[20190930_090030 / lib_ip.py:4378] len(Hs) = 8100, len(Ss) = 8100, len(Vs) = 8100
[20190930_090030 / lib_ip.py:4422] black : variance --> out of range (variance = 0.497 / upper = 0.000 / lower = 0.000)
[20190930_090030 / lib_ip.py:4593] file : img.20190930_090028.2019-09-29_17-52-28_000.jpg.1.png 0 (black : variance --> out of range (variance = 0.497 / upper = 0.000 / lower = 0.000))
[20190930_090030 / lib_ip.py:2274] inspecting ===> img.20190930_090028.2019-09-29_17-52-28_000.jpg.2.png
[20190930_090031 / lib_ip.py:4505] 
img.20190930_090028.2019-09-29_17-52-28_000.jpg.2.png 1 ---------------------
[20190930_090031 / lib_ip.py:3753] file = img.20190930_090028.2019-09-29_17-52-28_000.jpg.2.png / val_Average = 110.1642	val_Variance = 6.3286	sd = 2.5157	max = 123	min = 99
[20190930_090031 / lib_ip.py:3836] len(Hs) = 8100, len(Ss) = 8100, len(Vs) = 8100
[20190930_090031 / lib_ip.py:3869] yellow : variance --> out of range (variance = 6.329 / upper = 0.650 / lower = 0.000)
[20190930_090031 / lib_ip.py:3753] file = img.20190930_090028.2019-09-29_17-52-28_000.jpg.2.png / val_Average = 110.1642	val_Variance = 6.3286	sd = 2.5157	max = 123	min = 99
[20190930_090031 / lib_ip.py:3936] len(Hs) = 8100, len(Ss) = 8100, len(Vs) = 8100
[20190930_090031 / lib_ip.py:3982] red : variance --> out of range (variance = 6.329 / upper = 0.430 / lower = 0.000)
[20190930_090031 / lib_ip.py:3753] file = img.20190930_090028.2019-09-29_17-52-28_000.jpg.2.png / val_Average = 110.1642	val_Variance = 6.3286	sd = 2.5157	max = 123	min = 99
[20190930_090031 / lib_ip.py:4052] len(Hs) = 8100, len(Ss) = 8100, len(Vs) = 8100
[20190930_090031 / lib_ip.py:4099] green : variance --> out of range (variance = 6.329 / upper = 0.760 / lower = 0.000)
[20190930_090031 / lib_ip.py:3753] file = img.20190930_090028.2019-09-29_17-52-28_000.jpg.2.png / val_Average = 110.1642	val_Variance = 6.3286	sd = 2.5157	max = 123	min = 99
[20190930_090031 / lib_ip.py:4169] len(Hs) = 8100, len(Ss) = 8100, len(Vs) = 8100
[20190930_090031 / lib_ip.py:4208] blue : variance --> out of range (variance = 6.329 / upper = 0.930 / lower = 0.010)
[20190930_090031 / lib_ip.py:3753] file = img.20190930_090028.2019-09-29_17-52-28_000.jpg.2.png / val_Average = 110.1642	val_Variance = 6.3286	sd = 2.5157	max = 123	min = 99
[20190930_090031 / lib_ip.py:4275] len(Hs) = 8100, len(Ss) = 8100, len(Vs) = 8100
[20190930_090031 / lib_ip.py:4314] pink : variance --> out of range (variance = 6.329 / upper = 0.750 / lower = 0.030)
[20190930_090031 / lib_ip.py:3753] file = img.20190930_090028.2019-09-29_17-52-28_000.jpg.2.png / val_Average = 110.1642	val_Variance = 6.3286	sd = 2.5157	max = 123	min = 99
[20190930_090031 / lib_ip.py:4378] len(Hs) = 8100, len(Ss) = 8100, len(Vs) = 8100
[20190930_090032 / lib_ip.py:4422] black : variance --> out of range (variance = 6.329 / upper = 0.000 / lower = 0.000)
[20190930_090032 / lib_ip.py:4593] file : img.20190930_090028.2019-09-29_17-52-28_000.jpg.2.png 1 (black : variance --> out of range (variance = 6.329 / upper = 0.000 / lower = 0.000))
[20190930_090032 / lib_ip.py:2274] inspecting ===> img.20190930_090028.2019-09-29_17-52-28_000.jpg.3.png
[20190930_090032 / lib_ip.py:4505] 
img.20190930_090028.2019-09-29_17-52-28_000.jpg.3.png 2 ---------------------
[20190930_090032 / lib_ip.py:3753] file = img.20190930_090028.2019-09-29_17-52-28_000.jpg.3.png / val_Average = 106.4062	val_Variance = 5.5753	sd = 2.3612	max = 115	min = 98
[20190930_090032 / lib_ip.py:3836] len(Hs) = 8100, len(Ss) = 8100, len(Vs) = 8100
[20190930_090032 / lib_ip.py:3869] yellow : variance --> out of range (variance = 5.575 / upper = 0.650 / lower = 0.000)
[20190930_090032 / lib_ip.py:3753] file = img.20190930_090028.2019-09-29_17-52-28_000.jpg.3.png / val_Average = 106.4062	val_Variance = 5.5753	sd = 2.3612	max = 115	min = 98
[20190930_090032 / lib_ip.py:3936] len(Hs) = 8100, len(Ss) = 8100, len(Vs) = 8100
[20190930_090032 / lib_ip.py:3982] red : variance --> out of range (variance = 5.575 / upper = 0.430 / lower = 0.000)
[20190930_090032 / lib_ip.py:3753] file = img.20190930_090028.2019-09-29_17-52-28_000.jpg.3.png / val_Average = 106.4062	val_Variance = 5.5753	sd = 2.3612	max = 115	min = 98
[20190930_090032 / lib_ip.py:4052] len(Hs) = 8100, len(Ss) = 8100, len(Vs) = 8100
[20190930_090032 / lib_ip.py:4099] green : variance --> out of range (variance = 5.575 / upper = 0.760 / lower = 0.000)
[20190930_090032 / lib_ip.py:3753] file = img.20190930_090028.2019-09-29_17-52-28_000.jpg.3.png / val_Average = 106.4062	val_Variance = 5.5753	sd = 2.3612	max = 115	min = 98
[20190930_090032 / lib_ip.py:4169] len(Hs) = 8100, len(Ss) = 8100, len(Vs) = 8100
[20190930_090032 / lib_ip.py:4208] blue : variance --> out of range (variance = 5.575 / upper = 0.930 / lower = 0.010)
[20190930_090032 / lib_ip.py:3753] file = img.20190930_090028.2019-09-29_17-52-28_000.jpg.3.png / val_Average = 106.4062	val_Variance = 5.5753	sd = 2.3612	max = 115	min = 98
[20190930_090032 / lib_ip.py:4275] len(Hs) = 8100, len(Ss) = 8100, len(Vs) = 8100
[20190930_090032 / lib_ip.py:4314] pink : variance --> out of range (variance = 5.575 / upper = 0.750 / lower = 0.030)
[20190930_090033 / lib_ip.py:3753] file = img.20190930_090028.2019-09-29_17-52-28_000.jpg.3.png / val_Average = 106.4062	val_Variance = 5.5753	sd = 2.3612	max = 115	min = 98
[20190930_090033 / lib_ip.py:4378] len(Hs) = 8100, len(Ss) = 8100, len(Vs) = 8100
[20190930_090033 / lib_ip.py:4422] black : variance --> out of range (variance = 5.575 / upper = 0.000 / lower = 0.000)
[20190930_090033 / lib_ip.py:4593] file : img.20190930_090028.2019-09-29_17-52-28_000.jpg.3.png 2 (black : variance --> out of range (variance = 5.575 / upper = 0.000 / lower = 0.000))
[20190930_090033 / lib_ip.py:2274] inspecting ===> img.20190930_090028.2019-09-29_17-52-28_000.jpg.4.png
[20190930_090033 / lib_ip.py:4505] 
img.20190930_090028.2019-09-29_17-52-28_000.jpg.4.png 3 ---------------------
[20190930_090033 / lib_ip.py:3753] file = img.20190930_090028.2019-09-29_17-52-28_000.jpg.4.png / val_Average = 120.7744	val_Variance = 0.1851	sd = 0.4302	max = 122	min = 120
[20190930_090033 / lib_ip.py:3836] len(Hs) = 8100, len(Ss) = 8100, len(Vs) = 8100
[20190930_090033 / lib_ip.py:3891] yellow : average --> out of range (average = 120.774 / upper = 99.200 / lower = 85.500)
[20190930_090033 / lib_ip.py:3753] file = img.20190930_090028.2019-09-29_17-52-28_000.jpg.4.png / val_Average = 120.7744	val_Variance = 0.1851	sd = 0.4302	max = 122	min = 120
[20190930_090033 / lib_ip.py:3936] len(Hs) = 8100, len(Ss) = 8100, len(Vs) = 8100
[20190930_090033 / lib_ip.py:2274] inspecting ===> img.20190930_090028.2019-09-29_17-52-28_000.jpg.4.png
img.20190930_090028.2019-09-29_17-52-28_000.jpg.1.png => other
img.20190930_090028.2019-09-29_17-52-28_000.jpg.2.png => other
img.20190930_090028.2019-09-29_17-52-28_000.jpg.3.png => other
img.20190930_090028.2019-09-29_17-52-28_000.jpg.4.png => other
[20190930_090033 lib_ip.py:3301] =============== Get 4 corners
dpath_Images = C:\WORKS_2\WS\WS_Others.Art\JVEMV6\46_art\VIRTUAL\Admin_Projects\ip\images
fname_Image = img.20190930_090028.2019-09-29_17-52-28_000.jpg.4.png

[20190930_090034 / lib_ip.py:2274] inspecting ===> img.20190930_090034.2019-09-29_18-38-50_000.jpg.1.png
[20190930_090034 / lib_ip.py:4505] 
img.20190930_090034.2019-09-29_18-38-50_000.jpg.1.png 0 ---------------------
[20190930_090035 / lib_ip.py:3753] file = img.20190930_090034.2019-09-29_18-38-50_000.jpg.1.png / val_Average = 107.5172	val_Variance = 1.2075	sd = 1.0989	max = 110	min = 105
[20190930_090035 / lib_ip.py:3836] len(Hs) = 8100, len(Ss) = 8100, len(Vs) = 8100
[20190930_090035 / lib_ip.py:3869] yellow : variance --> out of range (variance = 1.207 / upper = 0.650 / lower = 0.000)
[20190930_090035 / lib_ip.py:3753] file = img.20190930_090034.2019-09-29_18-38-50_000.jpg.1.png / val_Average = 107.5172	val_Variance = 1.2075	sd = 1.0989	max = 110	min = 105
[20190930_090035 / lib_ip.py:3936] len(Hs) = 8100, len(Ss) = 8100, len(Vs) = 8100
[20190930_090035 / lib_ip.py:3982] red : variance --> out of range (variance = 1.207 / upper = 0.430 / lower = 0.000)
[20190930_090035 / lib_ip.py:3753] file = img.20190930_090034.2019-09-29_18-38-50_000.jpg.1.png / val_Average = 107.5172	val_Variance = 1.2075	sd = 1.0989	max = 110	min = 105
[20190930_090035 / lib_ip.py:4052] len(Hs) = 8100, len(Ss) = 8100, len(Vs) = 8100
[20190930_090035 / lib_ip.py:4099] green : variance --> out of range (variance = 1.207 / upper = 0.760 / lower = 0.000)
[20190930_090035 / lib_ip.py:3753] file = img.20190930_090034.2019-09-29_18-38-50_000.jpg.1.png / val_Average = 107.5172	val_Variance = 1.2075	sd = 1.0989	max = 110	min = 105
[20190930_090035 / lib_ip.py:4169] len(Hs) = 8100, len(Ss) = 8100, len(Vs) = 8100
[20190930_090035 / lib_ip.py:4208] blue : variance --> out of range (variance = 1.207 / upper = 0.930 / lower = 0.010)
[20190930_090035 / lib_ip.py:3753] file = img.20190930_090034.2019-09-29_18-38-50_000.jpg.1.png / val_Average = 107.5172	val_Variance = 1.2075	sd = 1.0989	max = 110	min = 105
[20190930_090035 / lib_ip.py:4275] len(Hs) = 8100, len(Ss) = 8100, len(Vs) = 8100
[20190930_090035 / lib_ip.py:4314] pink : variance --> out of range (variance = 1.207 / upper = 0.750 / lower = 0.030)
[20190930_090035 / lib_ip.py:3753] file = img.20190930_090034.2019-09-29_18-38-50_000.jpg.1.png / val_Average = 107.5172	val_Variance = 1.2075	sd = 1.0989	max = 110	min = 105
[20190930_090035 / lib_ip.py:4378] len(Hs) = 8100, len(Ss) = 8100, len(Vs) = 8100
[20190930_090035 / lib_ip.py:4422] black : variance --> out of range (variance = 1.207 / upper = 0.000 / lower = 0.000)
[20190930_090035 / lib_ip.py:4593] file : img.20190930_090034.2019-09-29_18-38-50_000.jpg.1.png 0 (black : variance --> out of range (variance = 1.207 / upper = 0.000 / lower = 0.000))
[20190930_090035 / lib_ip.py:2274] inspecting ===> img.20190930_090034.2019-09-29_18-38-50_000.jpg.2.png
[20190930_090036 / lib_ip.py:4505] 
img.20190930_090034.2019-09-29_18-38-50_000.jpg.2.png 1 ---------------------
[20190930_090036 / lib_ip.py:3753] file = img.20190930_090034.2019-09-29_18-38-50_000.jpg.2.png / val_Average = 94.4743	val_Variance = 0.2503	sd = 0.5003	max = 95	min = 93
[20190930_090036 / lib_ip.py:3836] len(Hs) = 8100, len(Ss) = 8100, len(Vs) = 8100
[20190930_090036 / lib_ip.py:2274] inspecting ===> img.20190930_090034.2019-09-29_18-38-50_000.jpg.3.png
[20190930_090036 / lib_ip.py:4505] 
img.20190930_090034.2019-09-29_18-38-50_000.jpg.3.png 2 ---------------------
[20190930_090036 / lib_ip.py:3753] file = img.20190930_090034.2019-09-29_18-38-50_000.jpg.3.png / val_Average = 106.6090	val_Variance = 9.7534	sd = 3.1230	max = 120	min = 95
[20190930_090036 / lib_ip.py:3836] len(Hs) = 8100, len(Ss) = 8100, len(Vs) = 8100
[20190930_090036 / lib_ip.py:3869] yellow : variance --> out of range (variance = 9.753 / upper = 0.650 / lower = 0.000)
[20190930_090036 / lib_ip.py:3753] file = img.20190930_090034.2019-09-29_18-38-50_000.jpg.3.png / val_Average = 106.6090	val_Variance = 9.7534	sd = 3.1230	max = 120	min = 95
[20190930_090036 / lib_ip.py:3936] len(Hs) = 8100, len(Ss) = 8100, len(Vs) = 8100
[20190930_090036 / lib_ip.py:3982] red : variance --> out of range (variance = 9.753 / upper = 0.430 / lower = 0.000)
[20190930_090036 / lib_ip.py:3753] file = img.20190930_090034.2019-09-29_18-38-50_000.jpg.3.png / val_Average = 106.6090	val_Variance = 9.7534	sd = 3.1230	max = 120	min = 95
[20190930_090036 / lib_ip.py:4052] len(Hs) = 8100, len(Ss) = 8100, len(Vs) = 8100
[20190930_090037 / lib_ip.py:4099] green : variance --> out of range (variance = 9.753 / upper = 0.760 / lower = 0.000)
[20190930_090037 / lib_ip.py:3753] file = img.20190930_090034.2019-09-29_18-38-50_000.jpg.3.png / val_Average = 106.6090	val_Variance = 9.7534	sd = 3.1230	max = 120	min = 95
[20190930_090037 / lib_ip.py:4169] len(Hs) = 8100, len(Ss) = 8100, len(Vs) = 8100
[20190930_090037 / lib_ip.py:4208] blue : variance --> out of range (variance = 9.753 / upper = 0.930 / lower = 0.010)
[20190930_090037 / lib_ip.py:3753] file = img.20190930_090034.2019-09-29_18-38-50_000.jpg.3.png / val_Average = 106.6090	val_Variance = 9.7534	sd = 3.1230	max = 120	min = 95
[20190930_090037 / lib_ip.py:4275] len(Hs) = 8100, len(Ss) = 8100, len(Vs) = 8100
[20190930_090037 / lib_ip.py:4314] pink : variance --> out of range (variance = 9.753 / upper = 0.750 / lower = 0.030)
[20190930_090037 / lib_ip.py:3753] file = img.20190930_090034.2019-09-29_18-38-50_000.jpg.3.png / val_Average = 106.6090	val_Variance = 9.7534	sd = 3.1230	max = 120	min = 95
[20190930_090037 / lib_ip.py:4378] len(Hs) = 8100, len(Ss) = 8100, len(Vs) = 8100
[20190930_090037 / lib_ip.py:4422] black : variance --> out of range (variance = 9.753 / upper = 0.000 / lower = 0.000)
[20190930_090037 / lib_ip.py:4593] file : img.20190930_090034.2019-09-29_18-38-50_000.jpg.3.png 2 (black : variance --> out of range (variance = 9.753 / upper = 0.000 / lower = 0.000))
[20190930_090037 / lib_ip.py:2274] inspecting ===> img.20190930_090034.2019-09-29_18-38-50_000.jpg.4.png
[20190930_090037 / lib_ip.py:4505] 
img.20190930_090034.2019-09-29_18-38-50_000.jpg.4.png 3 ---------------------
[20190930_090038 / lib_ip.py:3753] file = img.20190930_090034.2019-09-29_18-38-50_000.jpg.4.png / val_Average = 121.1419	val_Variance = 0.2388	sd = 0.4886	max = 122	min = 119
[20190930_090038 / lib_ip.py:3836] len(Hs) = 8100, len(Ss) = 8100, len(Vs) = 8100
[20190930_090038 / lib_ip.py:3891] yellow : average --> out of range (average = 121.142 / upper = 99.200 / lower = 85.500)
[20190930_090038 / lib_ip.py:3753] file = img.20190930_090034.2019-09-29_18-38-50_000.jpg.4.png / val_Average = 121.1419	val_Variance = 0.2388	sd = 0.4886	max = 122	min = 119
[20190930_090038 / lib_ip.py:3936] len(Hs) = 8100, len(Ss) = 8100, len(Vs) = 8100
[20190930_090037 / lib_ip.py:2274] inspecting ===> img.20190930_090034.2019-09-29_18-38-50_000.jpg.4.png
img.20190930_090034.2019-09-29_18-38-50_000.jpg.1.png => other
img.20190930_090034.2019-09-29_18-38-50_000.jpg.2.png => other
img.20190930_090034.2019-09-29_18-38-50_000.jpg.3.png => other
img.20190930_090034.2019-09-29_18-38-50_000.jpg.4.png => other
[20190930_090038 lib_ip.py:3301] =============== Get 4 corners
dpath_Images = C:\WORKS_2\WS\WS_Others.Art\JVEMV6\46_art\VIRTUAL\Admin_Projects\ip\images
fname_Image = img.20190930_090034.2019-09-29_18-38-50_000.jpg.4.png

[20190930_090039 / lib_ip.py:2274] inspecting ===> img.20190930_090038.2019-09-29_20-19-34_000.jpg.1.png
[20190930_090039 / lib_ip.py:4505] 
img.20190930_090038.2019-09-29_20-19-34_000.jpg.1.png 0 ---------------------
[20190930_090039 / lib_ip.py:3753] file = img.20190930_090038.2019-09-29_20-19-34_000.jpg.1.png / val_Average = 66.0569	val_Variance = 1548.1164	sd = 39.3461	max = 135	min = 0
[20190930_090039 / lib_ip.py:3836] len(Hs) = 8100, len(Ss) = 8100, len(Vs) = 8100
[20190930_090039 / lib_ip.py:3869] yellow : variance --> out of range (variance = 1548.116 / upper = 0.650 / lower = 0.000)
[20190930_090039 / lib_ip.py:3753] file = img.20190930_090038.2019-09-29_20-19-34_000.jpg.1.png / val_Average = 66.0569	val_Variance = 1548.1164	sd = 39.3461	max = 135	min = 0
[20190930_090039 / lib_ip.py:3936] len(Hs) = 8100, len(Ss) = 8100, len(Vs) = 8100
[20190930_090039 / lib_ip.py:3982] red : variance --> out of range (variance = 1548.116 / upper = 0.430 / lower = 0.000)
[20190930_090039 / lib_ip.py:3753] file = img.20190930_090038.2019-09-29_20-19-34_000.jpg.1.png / val_Average = 66.0569	val_Variance = 1548.1164	sd = 39.3461	max = 135	min = 0
[20190930_090039 / lib_ip.py:4052] len(Hs) = 8100, len(Ss) = 8100, len(Vs) = 8100
[20190930_090039 / lib_ip.py:4099] green : variance --> out of range (variance = 1548.116 / upper = 0.760 / lower = 0.000)
[20190930_090039 / lib_ip.py:3753] file = img.20190930_090038.2019-09-29_20-19-34_000.jpg.1.png / val_Average = 66.0569	val_Variance = 1548.1164	sd = 39.3461	max = 135	min = 0
[20190930_090039 / lib_ip.py:4169] len(Hs) = 8100, len(Ss) = 8100, len(Vs) = 8100
[20190930_090039 / lib_ip.py:4208] blue : variance --> out of range (variance = 1548.116 / upper = 0.930 / lower = 0.010)
[20190930_090040 / lib_ip.py:3753] file = img.20190930_090038.2019-09-29_20-19-34_000.jpg.1.png / val_Average = 66.0569	val_Variance = 1548.1164	sd = 39.3461	max = 135	min = 0
[20190930_090040 / lib_ip.py:4275] len(Hs) = 8100, len(Ss) = 8100, len(Vs) = 8100
[20190930_090040 / lib_ip.py:4314] pink : variance --> out of range (variance = 1548.116 / upper = 0.750 / lower = 0.030)
[20190930_090040 / lib_ip.py:3753] file = img.20190930_090038.2019-09-29_20-19-34_000.jpg.1.png / val_Average = 66.0569	val_Variance = 1548.1164	sd = 39.3461	max = 135	min = 0
[20190930_090040 / lib_ip.py:4378] len(Hs) = 8100, len(Ss) = 8100, len(Vs) = 8100
[20190930_090040 / lib_ip.py:4422] black : variance --> out of range (variance = 1548.116 / upper = 0.000 / lower = 0.000)
[20190930_090040 / lib_ip.py:4593] file : img.20190930_090038.2019-09-29_20-19-34_000.jpg.1.png 0 (black : variance --> out of range (variance = 1548.116 / upper = 0.000 / lower = 0.000))
[20190930_090040 / lib_ip.py:2274] inspecting ===> img.20190930_090038.2019-09-29_20-19-34_000.jpg.2.png
[20190930_090040 / lib_ip.py:4505] 
img.20190930_090038.2019-09-29_20-19-34_000.jpg.2.png 1 ---------------------
[20190930_090040 / lib_ip.py:3753] file = img.20190930_090038.2019-09-29_20-19-34_000.jpg.2.png / val_Average = 91.0232	val_Variance = 0.0293	sd = 0.1713	max = 92	min = 90
[20190930_090040 / lib_ip.py:3836] len(Hs) = 8100, len(Ss) = 8100, len(Vs) = 8100
[20190930_090040 / lib_ip.py:2274] inspecting ===> img.20190930_090038.2019-09-29_20-19-34_000.jpg.3.png
[20190930_090041 / lib_ip.py:4505] 
img.20190930_090038.2019-09-29_20-19-34_000.jpg.3.png 2 ---------------------
[20190930_090041 / lib_ip.py:3753] file = img.20190930_090038.2019-09-29_20-19-34_000.jpg.3.png / val_Average = 40.8242	val_Variance = 1683.2856	sd = 41.0279	max = 135	min = 0
[20190930_090041 / lib_ip.py:3836] len(Hs) = 8100, len(Ss) = 8100, len(Vs) = 8100
[20190930_090041 / lib_ip.py:3869] yellow : variance --> out of range (variance = 1683.286 / upper = 0.650 / lower = 0.000)
[20190930_090041 / lib_ip.py:3753] file = img.20190930_090038.2019-09-29_20-19-34_000.jpg.3.png / val_Average = 40.8242	val_Variance = 1683.2856	sd = 41.0279	max = 135	min = 0
[20190930_090041 / lib_ip.py:3936] len(Hs) = 8100, len(Ss) = 8100, len(Vs) = 8100
[20190930_090041 / lib_ip.py:3982] red : variance --> out of range (variance = 1683.286 / upper = 0.430 / lower = 0.000)
[20190930_090041 / lib_ip.py:3753] file = img.20190930_090038.2019-09-29_20-19-34_000.jpg.3.png / val_Average = 40.8242	val_Variance = 1683.2856	sd = 41.0279	max = 135	min = 0
[20190930_090041 / lib_ip.py:4052] len(Hs) = 8100, len(Ss) = 8100, len(Vs) = 8100
[20190930_090041 / lib_ip.py:4099] green : variance --> out of range (variance = 1683.286 / upper = 0.760 / lower = 0.000)
[20190930_090041 / lib_ip.py:3753] file = img.20190930_090038.2019-09-29_20-19-34_000.jpg.3.png / val_Average = 40.8242	val_Variance = 1683.2856	sd = 41.0279	max = 135	min = 0
[20190930_090041 / lib_ip.py:4169] len(Hs) = 8100, len(Ss) = 8100, len(Vs) = 8100
[20190930_090041 / lib_ip.py:4208] blue : variance --> out of range (variance = 1683.286 / upper = 0.930 / lower = 0.010)
[20190930_090041 / lib_ip.py:3753] file = img.20190930_090038.2019-09-29_20-19-34_000.jpg.3.png / val_Average = 40.8242	val_Variance = 1683.2856	sd = 41.0279	max = 135	min = 0
[20190930_090042 / lib_ip.py:4275] len(Hs) = 8100, len(Ss) = 8100, len(Vs) = 8100
[20190930_090042 / lib_ip.py:4314] pink : variance --> out of range (variance = 1683.286 / upper = 0.750 / lower = 0.030)
[20190930_090042 / lib_ip.py:3753] file = img.20190930_090038.2019-09-29_20-19-34_000.jpg.3.png / val_Average = 40.8242	val_Variance = 1683.2856	sd = 41.0279	max = 135	min = 0
[20190930_090042 / lib_ip.py:4378] len(Hs) = 8100, len(Ss) = 8100, len(Vs) = 8100
[20190930_090042 / lib_ip.py:4422] black : variance --> out of range (variance = 1683.286 / upper = 0.000 / lower = 0.000)
[20190930_090042 / lib_ip.py:4593] file : img.20190930_090038.2019-09-29_20-19-34_000.jpg.3.png 2 (black : variance --> out of range (variance = 1683.286 / upper = 0.000 / lower = 0.000))
[20190930_090042 / lib_ip.py:2274] inspecting ===> img.20190930_090038.2019-09-29_20-19-34_000.jpg.4.png
[20190930_090042 / lib_ip.py:4505] 
img.20190930_090038.2019-09-29_20-19-34_000.jpg.4.png 3 ---------------------
[20190930_090042 / lib_ip.py:3753] file = img.20190930_090038.2019-09-29_20-19-34_000.jpg.4.png / val_Average = 106.6904	val_Variance = 3.2772	sd = 1.8103	max = 110	min = 102
[20190930_090042 / lib_ip.py:3836] len(Hs) = 8100, len(Ss) = 8100, len(Vs) = 8100
[20190930_090043 / lib_ip.py:3869] yellow : variance --> out of range (variance = 3.277 / upper = 0.650 / lower = 0.000)
[20190930_090043 / lib_ip.py:3753] file = img.20190930_090038.2019-09-29_20-19-34_000.jpg.4.png / val_Average = 106.6904	val_Variance = 3.2772	sd = 1.8103	max = 110	min = 102
[20190930_090043 / lib_ip.py:3936] len(Hs) = 8100, len(Ss) = 8100, len(Vs) = 8100
[20190930_090043 / lib_ip.py:3982] red : variance --> out of range (variance = 3.277 / upper = 0.430 / lower = 0.000)
[20190930_090043 / lib_ip.py:3753] file = img.20190930_090038.2019-09-29_20-19-34_000.jpg.4.png / val_Average = 106.6904	val_Variance = 3.2772	sd = 1.8103	max = 110	min = 102
[20190930_090043 / lib_ip.py:4052] len(Hs) = 8100, len(Ss) = 8100, len(Vs) = 8100
[20190930_090043 / lib_ip.py:4099] green : variance --> out of range (variance = 3.277 / upper = 0.760 / lower = 0.000)
[20190930_090043 / lib_ip.py:3753] file = img.20190930_090038.2019-09-29_20-19-34_000.jpg.4.png / val_Average = 106.6904	val_Variance = 3.2772	sd = 1.8103	max = 110	min = 102
[20190930_090043 / lib_ip.py:4169] len(Hs) = 8100, len(Ss) = 8100, len(Vs) = 8100
[20190930_090043 / lib_ip.py:4208] blue : variance --> out of range (variance = 3.277 / upper = 0.930 / lower = 0.010)
[20190930_090043 / lib_ip.py:3753] file = img.20190930_090038.2019-09-29_20-19-34_000.jpg.4.png / val_Average = 106.6904	val_Variance = 3.2772	sd = 1.8103	max = 110	min = 102
[20190930_090043 / lib_ip.py:4275] len(Hs) = 8100, len(Ss) = 8100, len(Vs) = 8100
[20190930_090043 / lib_ip.py:4314] pink : variance --> out of range (variance = 3.277 / upper = 0.750 / lower = 0.030)
[20190930_090043 / lib_ip.py:3753] file = img.20190930_090038.2019-09-29_20-19-34_000.jpg.4.png / val_Average = 106.6904	val_Variance = 3.2772	sd = 1.8103	max = 110	min = 102
[20190930_090043 / lib_ip.py:4378] len(Hs) = 8100, len(Ss) = 8100, len(Vs) = 8100
[20190930_090043 / lib_ip.py:4422] black : variance --> out of range (variance = 3.277 / upper = 0.000 / lower = 0.000)
[20190930_090043 / lib_ip.py:4593] file : img.20190930_090038.2019-09-29_20-19-34_000.jpg.4.png 3 (black : variance --> out of range (variance = 3.277 / upper = 0.000 / lower = 0.000))
[20190930_090042 / lib_ip.py:2274] inspecting ===> img.20190930_090038.2019-09-29_20-19-34_000.jpg.4.png
img.20190930_090038.2019-09-29_20-19-34_000.jpg.1.png => other
img.20190930_090038.2019-09-29_20-19-34_000.jpg.2.png => yellow
img.20190930_090038.2019-09-29_20-19-34_000.jpg.3.png => other
img.20190930_090038.2019-09-29_20-19-34_000.jpg.4.png => other
[20190930_090043 lib_ip.py:3301] =============== Get 4 corners
dpath_Images = C:\WORKS_2\WS\WS_Others.Art\JVEMV6\46_art\VIRTUAL\Admin_Projects\ip\images
fname_Image = img.20190930_090038.2019-09-29_20-19-34_000.jpg.4.png

[20190930_090044 / lib_ip.py:2274] inspecting ===> img.20190930_090044.2019-09-30_01-48-21_000.jpg.1.png
[20190930_090044 / lib_ip.py:4505] 
img.20190930_090044.2019-09-30_01-48-21_000.jpg.1.png 0 ---------------------
[20190930_090044 / lib_ip.py:3753] file = img.20190930_090044.2019-09-30_01-48-21_000.jpg.1.png / val_Average = 5.9633	val_Variance = 0.2059	sd = 0.4538	max = 8	min = 4
[20190930_090044 / lib_ip.py:3836] len(Hs) = 8100, len(Ss) = 8100, len(Vs) = 8100
[20190930_090044 / lib_ip.py:3891] yellow : average --> out of range (average = 5.963 / upper = 99.200 / lower = 85.500)
[20190930_090044 / lib_ip.py:3753] file = img.20190930_090044.2019-09-30_01-48-21_000.jpg.1.png / val_Average = 5.9633	val_Variance = 0.2059	sd = 0.4538	max = 8	min = 4
[20190930_090044 / lib_ip.py:3936] len(Hs) = 8100, len(Ss) = 8100, len(Vs) = 8100
[20190930_090045 / lib_ip.py:4007] red : average --> out of range (average = 5.963 / upper = 124.600 / lower = 115.000)
[20190930_090045 / lib_ip.py:3753] file = img.20190930_090044.2019-09-30_01-48-21_000.jpg.1.png / val_Average = 5.9633	val_Variance = 0.2059	sd = 0.4538	max = 8	min = 4
[20190930_090045 / lib_ip.py:4052] len(Hs) = 8100, len(Ss) = 8100, len(Vs) = 8100
[20190930_090045 / lib_ip.py:4124] green : average --> out of range (average = 5.963 / upper = 85.000 / lower = 58.000)
[20190930_090045 / lib_ip.py:3753] file = img.20190930_090044.2019-09-30_01-48-21_000.jpg.1.png / val_Average = 5.9633	val_Variance = 0.2059	sd = 0.4538	max = 8	min = 4
[20190930_090045 / lib_ip.py:4169] len(Hs) = 8100, len(Ss) = 8100, len(Vs) = 8100
[20190930_090045 / lib_ip.py:4230] blue : average --> out of range (average = 5.963 / upper = 17.000 / lower = 8.850)
[20190930_090045 / lib_ip.py:3753] file = img.20190930_090044.2019-09-30_01-48-21_000.jpg.1.png / val_Average = 5.9633	val_Variance = 0.2059	sd = 0.4538	max = 8	min = 4
[20190930_090045 / lib_ip.py:4275] len(Hs) = 8100, len(Ss) = 8100, len(Vs) = 8100
[20190930_090045 / lib_ip.py:4336] pink : average --> out of range (average = 5.963 / upper = 141.000 / lower = 127.900)
[20190930_090045 / lib_ip.py:3753] file = img.20190930_090044.2019-09-30_01-48-21_000.jpg.1.png / val_Average = 5.9633	val_Variance = 0.2059	sd = 0.4538	max = 8	min = 4
[20190930_090045 / lib_ip.py:4378] len(Hs) = 8100, len(Ss) = 8100, len(Vs) = 8100
[20190930_090045 / lib_ip.py:4422] black : variance --> out of range (variance = 0.206 / upper = 0.000 / lower = 0.000)
[20190930_090046 / lib_ip.py:4593] file : img.20190930_090044.2019-09-30_01-48-21_000.jpg.1.png 0 (black : variance --> out of range (variance = 0.206 / upper = 0.000 / lower = 0.000))
[20190930_090046 / lib_ip.py:2274] inspecting ===> img.20190930_090044.2019-09-30_01-48-21_000.jpg.2.png
[20190930_090046 / lib_ip.py:4505] 
img.20190930_090044.2019-09-30_01-48-21_000.jpg.2.png 1 ---------------------
[20190930_090046 / lib_ip.py:3753] file = img.20190930_090044.2019-09-30_01-48-21_000.jpg.2.png / val_Average = 100.5237	val_Variance = 3.4875	sd = 1.8675	max = 107	min = 94
[20190930_090046 / lib_ip.py:3836] len(Hs) = 8100, len(Ss) = 8100, len(Vs) = 8100
[20190930_090046 / lib_ip.py:3869] yellow : variance --> out of range (variance = 3.487 / upper = 0.650 / lower = 0.000)
[20190930_090046 / lib_ip.py:3753] file = img.20190930_090044.2019-09-30_01-48-21_000.jpg.2.png / val_Average = 100.5237	val_Variance = 3.4875	sd = 1.8675	max = 107	min = 94
[20190930_090046 / lib_ip.py:3936] len(Hs) = 8100, len(Ss) = 8100, len(Vs) = 8100
[20190930_090046 / lib_ip.py:3982] red : variance --> out of range (variance = 3.487 / upper = 0.430 / lower = 0.000)
[20190930_090046 / lib_ip.py:3753] file = img.20190930_090044.2019-09-30_01-48-21_000.jpg.2.png / val_Average = 100.5237	val_Variance = 3.4875	sd = 1.8675	max = 107	min = 94
[20190930_090046 / lib_ip.py:4052] len(Hs) = 8100, len(Ss) = 8100, len(Vs) = 8100
[20190930_090046 / lib_ip.py:4099] green : variance --> out of range (variance = 3.487 / upper = 0.760 / lower = 0.000)
[20190930_090047 / lib_ip.py:3753] file = img.20190930_090044.2019-09-30_01-48-21_000.jpg.2.png / val_Average = 100.5237	val_Variance = 3.4875	sd = 1.8675	max = 107	min = 94
[20190930_090047 / lib_ip.py:4169] len(Hs) = 8100, len(Ss) = 8100, len(Vs) = 8100
[20190930_090047 / lib_ip.py:4208] blue : variance --> out of range (variance = 3.487 / upper = 0.930 / lower = 0.010)
[20190930_090047 / lib_ip.py:3753] file = img.20190930_090044.2019-09-30_01-48-21_000.jpg.2.png / val_Average = 100.5237	val_Variance = 3.4875	sd = 1.8675	max = 107	min = 94
[20190930_090047 / lib_ip.py:4275] len(Hs) = 8100, len(Ss) = 8100, len(Vs) = 8100
[20190930_090047 / lib_ip.py:4314] pink : variance --> out of range (variance = 3.487 / upper = 0.750 / lower = 0.030)
[20190930_090047 / lib_ip.py:3753] file = img.20190930_090044.2019-09-30_01-48-21_000.jpg.2.png / val_Average = 100.5237	val_Variance = 3.4875	sd = 1.8675	max = 107	min = 94
[20190930_090047 / lib_ip.py:4378] len(Hs) = 8100, len(Ss) = 8100, len(Vs) = 8100
[20190930_090047 / lib_ip.py:4422] black : variance --> out of range (variance = 3.487 / upper = 0.000 / lower = 0.000)
[20190930_090047 / lib_ip.py:4593] file : img.20190930_090044.2019-09-30_01-48-21_000.jpg.2.png 1 (black : variance --> out of range (variance = 3.487 / upper = 0.000 / lower = 0.000))
[20190930_090047 / lib_ip.py:2274] inspecting ===> img.20190930_090044.2019-09-30_01-48-21_000.jpg.3.png
[20190930_090047 / lib_ip.py:4505] 
img.20190930_090044.2019-09-30_01-48-21_000.jpg.3.png 2 ---------------------
[20190930_090047 / lib_ip.py:3753] file = img.20190930_090044.2019-09-30_01-48-21_000.jpg.3.png / val_Average = 96.0885	val_Variance = 18.0091	sd = 4.2437	max = 106	min = 81
[20190930_090047 / lib_ip.py:3836] len(Hs) = 8100, len(Ss) = 8100, len(Vs) = 8100
[20190930_090048 / lib_ip.py:3869] yellow : variance --> out of range (variance = 18.009 / upper = 0.650 / lower = 0.000)
[20190930_090048 / lib_ip.py:3753] file = img.20190930_090044.2019-09-30_01-48-21_000.jpg.3.png / val_Average = 96.0885	val_Variance = 18.0091	sd = 4.2437	max = 106	min = 81
[20190930_090048 / lib_ip.py:3936] len(Hs) = 8100, len(Ss) = 8100, len(Vs) = 8100
[20190930_090048 / lib_ip.py:3982] red : variance --> out of range (variance = 18.009 / upper = 0.430 / lower = 0.000)
[20190930_090048 / lib_ip.py:3753] file = img.20190930_090044.2019-09-30_01-48-21_000.jpg.3.png / val_Average = 96.0885	val_Variance = 18.0091	sd = 4.2437	max = 106	min = 81
[20190930_090048 / lib_ip.py:4052] len(Hs) = 8100, len(Ss) = 8100, len(Vs) = 8100
[20190930_090048 / lib_ip.py:4099] green : variance --> out of range (variance = 18.009 / upper = 0.760 / lower = 0.000)
[20190930_090048 / lib_ip.py:3753] file = img.20190930_090044.2019-09-30_01-48-21_000.jpg.3.png / val_Average = 96.0885	val_Variance = 18.0091	sd = 4.2437	max = 106	min = 81
[20190930_090048 / lib_ip.py:4169] len(Hs) = 8100, len(Ss) = 8100, len(Vs) = 8100
[20190930_090048 / lib_ip.py:4208] blue : variance --> out of range (variance = 18.009 / upper = 0.930 / lower = 0.010)
[20190930_090048 / lib_ip.py:3753] file = img.20190930_090044.2019-09-30_01-48-21_000.jpg.3.png / val_Average = 96.0885	val_Variance = 18.0091	sd = 4.2437	max = 106	min = 81
[20190930_090048 / lib_ip.py:4275] len(Hs) = 8100, len(Ss) = 8100, len(Vs) = 8100
[20190930_090048 / lib_ip.py:4314] pink : variance --> out of range (variance = 18.009 / upper = 0.750 / lower = 0.030)
[20190930_090048 / lib_ip.py:3753] file = img.20190930_090044.2019-09-30_01-48-21_000.jpg.3.png / val_Average = 96.0885	val_Variance = 18.0091	sd = 4.2437	max = 106	min = 81
[20190930_090048 / lib_ip.py:4378] len(Hs) = 8100, len(Ss) = 8100, len(Vs) = 8100
[20190930_090048 / lib_ip.py:4422] black : variance --> out of range (variance = 18.009 / upper = 0.000 / lower = 0.000)
[20190930_090048 / lib_ip.py:4593] file : img.20190930_090044.2019-09-30_01-48-21_000.jpg.3.png 2 (black : variance --> out of range (variance = 18.009 / upper = 0.000 / lower = 0.000))
[20190930_090048 / lib_ip.py:2274] inspecting ===> img.20190930_090044.2019-09-30_01-48-21_000.jpg.4.png
[20190930_090049 / lib_ip.py:4505] 
img.20190930_090044.2019-09-30_01-48-21_000.jpg.4.png 3 ---------------------
[20190930_090049 / lib_ip.py:3753] file = img.20190930_090044.2019-09-30_01-48-21_000.jpg.4.png / val_Average = 99.7510	val_Variance = 1.8670	sd = 1.3664	max = 104	min = 96
[20190930_090049 / lib_ip.py:3836] len(Hs) = 8100, len(Ss) = 8100, len(Vs) = 8100
[20190930_090049 / lib_ip.py:3869] yellow : variance --> out of range (variance = 1.867 / upper = 0.650 / lower = 0.000)
[20190930_090049 / lib_ip.py:3753] file = img.20190930_090044.2019-09-30_01-48-21_000.jpg.4.png / val_Average = 99.7510	val_Variance = 1.8670	sd = 1.3664	max = 104	min = 96
[20190930_090049 / lib_ip.py:3936] len(Hs) = 8100, len(Ss) = 8100, len(Vs) = 8100
[20190930_090049 / lib_ip.py:3982] red : variance --> out of range (variance = 1.867 / upper = 0.430 / lower = 0.000)
[20190930_090049 / lib_ip.py:3753] file = img.20190930_090044.2019-09-30_01-48-21_000.jpg.4.png / val_Average = 99.7510	val_Variance = 1.8670	sd = 1.3664	max = 104	min = 96
[20190930_090049 / lib_ip.py:4052] len(Hs) = 8100, len(Ss) = 8100, len(Vs) = 8100
[20190930_090049 / lib_ip.py:4099] green : variance --> out of range (variance = 1.867 / upper = 0.760 / lower = 0.000)
[20190930_090049 / lib_ip.py:3753] file = img.20190930_090044.2019-09-30_01-48-21_000.jpg.4.png / val_Average = 99.7510	val_Variance = 1.8670	sd = 1.3664	max = 104	min = 96
[20190930_090049 / lib_ip.py:4169] len(Hs) = 8100, len(Ss) = 8100, len(Vs) = 8100
[20190930_090050 / lib_ip.py:4208] blue : variance --> out of range (variance = 1.867 / upper = 0.930 / lower = 0.010)
[20190930_090050 / lib_ip.py:3753] file = img.20190930_090044.2019-09-30_01-48-21_000.jpg.4.png / val_Average = 99.7510	val_Variance = 1.8670	sd = 1.3664	max = 104	min = 96
[20190930_090050 / lib_ip.py:4275] len(Hs) = 8100, len(Ss) = 8100, len(Vs) = 8100
[20190930_090050 / lib_ip.py:4314] pink : variance --> out of range (variance = 1.867 / upper = 0.750 / lower = 0.030)
[20190930_090050 / lib_ip.py:3753] file = img.20190930_090044.2019-09-30_01-48-21_000.jpg.4.png / val_Average = 99.7510	val_Variance = 1.8670	sd = 1.3664	max = 104	min = 96
[20190930_090050 / lib_ip.py:4378] len(Hs) = 8100, len(Ss) = 8100, len(Vs) = 8100
[20190930_090050 / lib_ip.py:4422] black : variance --> out of range (variance = 1.867 / upper = 0.000 / lower = 0.000)
[20190930_090050 / lib_ip.py:4593] file : img.20190930_090044.2019-09-30_01-48-21_000.jpg.4.png 3 (black : variance --> out of range (variance = 1.867 / upper = 0.000 / lower = 0.000))
[20190930_090048 / lib_ip.py:2274] inspecting ===> img.20190930_090044.2019-09-30_01-48-21_000.jpg.4.png
img.20190930_090044.2019-09-30_01-48-21_000.jpg.1.png => other
img.20190930_090044.2019-09-30_01-48-21_000.jpg.2.png => other
img.20190930_090044.2019-09-30_01-48-21_000.jpg.3.png => other
img.20190930_090044.2019-09-30_01-48-21_000.jpg.4.png => other
[20190930_090050 lib_ip.py:3301] =============== Get 4 corners
dpath_Images = C:\WORKS_2\WS\WS_Others.Art\JVEMV6\46_art\VIRTUAL\Admin_Projects\ip\images
fname_Image = img.20190930_090044.2019-09-30_01-48-21_000.jpg.4.png

[20190930_090051 / lib_ip.py:2274] inspecting ===> img.20190930_090051.2019-09-30_07-21-08_000.jpg.1.png
[20190930_090051 / lib_ip.py:4505] 
img.20190930_090051.2019-09-30_07-21-08_000.jpg.1.png 0 ---------------------
[20190930_090051 / lib_ip.py:3753] file = img.20190930_090051.2019-09-30_07-21-08_000.jpg.1.png / val_Average = 103.0853	val_Variance = 7.4343	sd = 2.7266	max = 115	min = 90
[20190930_090051 / lib_ip.py:3836] len(Hs) = 8100, len(Ss) = 8100, len(Vs) = 8100
[20190930_090051 / lib_ip.py:3869] yellow : variance --> out of range (variance = 7.434 / upper = 0.650 / lower = 0.000)
[20190930_090051 / lib_ip.py:3753] file = img.20190930_090051.2019-09-30_07-21-08_000.jpg.1.png / val_Average = 103.0853	val_Variance = 7.4343	sd = 2.7266	max = 115	min = 90
[20190930_090051 / lib_ip.py:3936] len(Hs) = 8100, len(Ss) = 8100, len(Vs) = 8100
[20190930_090051 / lib_ip.py:3982] red : variance --> out of range (variance = 7.434 / upper = 0.430 / lower = 0.000)
[20190930_090051 / lib_ip.py:3753] file = img.20190930_090051.2019-09-30_07-21-08_000.jpg.1.png / val_Average = 103.0853	val_Variance = 7.4343	sd = 2.7266	max = 115	min = 90
[20190930_090052 / lib_ip.py:4052] len(Hs) = 8100, len(Ss) = 8100, len(Vs) = 8100
[20190930_090052 / lib_ip.py:4099] green : variance --> out of range (variance = 7.434 / upper = 0.760 / lower = 0.000)
[20190930_090052 / lib_ip.py:3753] file = img.20190930_090051.2019-09-30_07-21-08_000.jpg.1.png / val_Average = 103.0853	val_Variance = 7.4343	sd = 2.7266	max = 115	min = 90
[20190930_090052 / lib_ip.py:4169] len(Hs) = 8100, len(Ss) = 8100, len(Vs) = 8100
[20190930_090052 / lib_ip.py:4208] blue : variance --> out of range (variance = 7.434 / upper = 0.930 / lower = 0.010)
[20190930_090052 / lib_ip.py:3753] file = img.20190930_090051.2019-09-30_07-21-08_000.jpg.1.png / val_Average = 103.0853	val_Variance = 7.4343	sd = 2.7266	max = 115	min = 90
[20190930_090052 / lib_ip.py:4275] len(Hs) = 8100, len(Ss) = 8100, len(Vs) = 8100
[20190930_090052 / lib_ip.py:4314] pink : variance --> out of range (variance = 7.434 / upper = 0.750 / lower = 0.030)
[20190930_090052 / lib_ip.py:3753] file = img.20190930_090051.2019-09-30_07-21-08_000.jpg.1.png / val_Average = 103.0853	val_Variance = 7.4343	sd = 2.7266	max = 115	min = 90
[20190930_090052 / lib_ip.py:4378] len(Hs) = 8100, len(Ss) = 8100, len(Vs) = 8100
[20190930_090052 / lib_ip.py:4422] black : variance --> out of range (variance = 7.434 / upper = 0.000 / lower = 0.000)
[20190930_090052 / lib_ip.py:4593] file : img.20190930_090051.2019-09-30_07-21-08_000.jpg.1.png 0 (black : variance --> out of range (variance = 7.434 / upper = 0.000 / lower = 0.000))
[20190930_090052 / lib_ip.py:2274] inspecting ===> img.20190930_090051.2019-09-30_07-21-08_000.jpg.2.png
[20190930_090052 / lib_ip.py:4505] 
img.20190930_090051.2019-09-30_07-21-08_000.jpg.2.png 1 ---------------------
[20190930_090052 / lib_ip.py:3753] file = img.20190930_090051.2019-09-30_07-21-08_000.jpg.2.png / val_Average = 4.1852	val_Variance = 296.3731	sd = 17.2155	max = 75	min = 0
[20190930_090053 / lib_ip.py:3836] len(Hs) = 8100, len(Ss) = 8100, len(Vs) = 8100
[20190930_090053 / lib_ip.py:3869] yellow : variance --> out of range (variance = 296.373 / upper = 0.650 / lower = 0.000)
[20190930_090053 / lib_ip.py:3753] file = img.20190930_090051.2019-09-30_07-21-08_000.jpg.2.png / val_Average = 4.1852	val_Variance = 296.3731	sd = 17.2155	max = 75	min = 0
[20190930_090053 / lib_ip.py:3936] len(Hs) = 8100, len(Ss) = 8100, len(Vs) = 8100
[20190930_090053 / lib_ip.py:3982] red : variance --> out of range (variance = 296.373 / upper = 0.430 / lower = 0.000)
[20190930_090053 / lib_ip.py:3753] file = img.20190930_090051.2019-09-30_07-21-08_000.jpg.2.png / val_Average = 4.1852	val_Variance = 296.3731	sd = 17.2155	max = 75	min = 0
[20190930_090053 / lib_ip.py:4052] len(Hs) = 8100, len(Ss) = 8100, len(Vs) = 8100
[20190930_090053 / lib_ip.py:4099] green : variance --> out of range (variance = 296.373 / upper = 0.760 / lower = 0.000)
[20190930_090053 / lib_ip.py:3753] file = img.20190930_090051.2019-09-30_07-21-08_000.jpg.2.png / val_Average = 4.1852	val_Variance = 296.3731	sd = 17.2155	max = 75	min = 0
[20190930_090053 / lib_ip.py:4169] len(Hs) = 8100, len(Ss) = 8100, len(Vs) = 8100
[20190930_090053 / lib_ip.py:4208] blue : variance --> out of range (variance = 296.373 / upper = 0.930 / lower = 0.010)
[20190930_090053 / lib_ip.py:3753] file = img.20190930_090051.2019-09-30_07-21-08_000.jpg.2.png / val_Average = 4.1852	val_Variance = 296.3731	sd = 17.2155	max = 75	min = 0
[20190930_090053 / lib_ip.py:4275] len(Hs) = 8100, len(Ss) = 8100, len(Vs) = 8100
[20190930_090053 / lib_ip.py:4314] pink : variance --> out of range (variance = 296.373 / upper = 0.750 / lower = 0.030)
[20190930_090053 / lib_ip.py:3753] file = img.20190930_090051.2019-09-30_07-21-08_000.jpg.2.png / val_Average = 4.1852	val_Variance = 296.3731	sd = 17.2155	max = 75	min = 0
[20190930_090054 / lib_ip.py:4378] len(Hs) = 8100, len(Ss) = 8100, len(Vs) = 8100
[20190930_090054 / lib_ip.py:4422] black : variance --> out of range (variance = 296.373 / upper = 0.000 / lower = 0.000)
[20190930_090054 / lib_ip.py:4593] file : img.20190930_090051.2019-09-30_07-21-08_000.jpg.2.png 1 (black : variance --> out of range (variance = 296.373 / upper = 0.000 / lower = 0.000))
[20190930_090054 / lib_ip.py:2274] inspecting ===> img.20190930_090051.2019-09-30_07-21-08_000.jpg.3.png
[20190930_090054 / lib_ip.py:4505] 
img.20190930_090051.2019-09-30_07-21-08_000.jpg.3.png 2 ---------------------
[20190930_090054 / lib_ip.py:3753] file = img.20190930_090051.2019-09-30_07-21-08_000.jpg.3.png / val_Average = 102.5954	val_Variance = 0.9318	sd = 0.9653	max = 105	min = 99
[20190930_090054 / lib_ip.py:3836] len(Hs) = 8100, len(Ss) = 8100, len(Vs) = 8100
[20190930_090054 / lib_ip.py:3869] yellow : variance --> out of range (variance = 0.932 / upper = 0.650 / lower = 0.000)
[20190930_090054 / lib_ip.py:3753] file = img.20190930_090051.2019-09-30_07-21-08_000.jpg.3.png / val_Average = 102.5954	val_Variance = 0.9318	sd = 0.9653	max = 105	min = 99
[20190930_090054 / lib_ip.py:3936] len(Hs) = 8100, len(Ss) = 8100, len(Vs) = 8100
[20190930_090055 / lib_ip.py:3982] red : variance --> out of range (variance = 0.932 / upper = 0.430 / lower = 0.000)
[20190930_090055 / lib_ip.py:3753] file = img.20190930_090051.2019-09-30_07-21-08_000.jpg.3.png / val_Average = 102.5954	val_Variance = 0.9318	sd = 0.9653	max = 105	min = 99
[20190930_090055 / lib_ip.py:4052] len(Hs) = 8100, len(Ss) = 8100, len(Vs) = 8100
[20190930_090055 / lib_ip.py:4099] green : variance --> out of range (variance = 0.932 / upper = 0.760 / lower = 0.000)
[20190930_090055 / lib_ip.py:3753] file = img.20190930_090051.2019-09-30_07-21-08_000.jpg.3.png / val_Average = 102.5954	val_Variance = 0.9318	sd = 0.9653	max = 105	min = 99
[20190930_090055 / lib_ip.py:4169] len(Hs) = 8100, len(Ss) = 8100, len(Vs) = 8100
[20190930_090055 / lib_ip.py:4208] blue : variance --> out of range (variance = 0.932 / upper = 0.930 / lower = 0.010)
[20190930_090055 / lib_ip.py:3753] file = img.20190930_090051.2019-09-30_07-21-08_000.jpg.3.png / val_Average = 102.5954	val_Variance = 0.9318	sd = 0.9653	max = 105	min = 99
[20190930_090055 / lib_ip.py:4275] len(Hs) = 8100, len(Ss) = 8100, len(Vs) = 8100
[20190930_090055 / lib_ip.py:4314] pink : variance --> out of range (variance = 0.932 / upper = 0.750 / lower = 0.030)
[20190930_090055 / lib_ip.py:3753] file = img.20190930_090051.2019-09-30_07-21-08_000.jpg.3.png / val_Average = 102.5954	val_Variance = 0.9318	sd = 0.9653	max = 105	min = 99
[20190930_090055 / lib_ip.py:4378] len(Hs) = 8100, len(Ss) = 8100, len(Vs) = 8100
[20190930_090055 / lib_ip.py:4422] black : variance --> out of range (variance = 0.932 / upper = 0.000 / lower = 0.000)
[20190930_090055 / lib_ip.py:4593] file : img.20190930_090051.2019-09-30_07-21-08_000.jpg.3.png 2 (black : variance --> out of range (variance = 0.932 / upper = 0.000 / lower = 0.000))
[20190930_090055 / lib_ip.py:2274] inspecting ===> img.20190930_090051.2019-09-30_07-21-08_000.jpg.4.png
[20190930_090056 / lib_ip.py:4505] 
img.20190930_090051.2019-09-30_07-21-08_000.jpg.4.png 3 ---------------------
[20190930_090056 / lib_ip.py:3753] file = img.20190930_090051.2019-09-30_07-21-08_000.jpg.4.png / val_Average = 102.5389	val_Variance = 0.8337	sd = 0.9131	max = 106	min = 100
[20190930_090056 / lib_ip.py:3836] len(Hs) = 8100, len(Ss) = 8100, len(Vs) = 8100
[20190930_090056 / lib_ip.py:3869] yellow : variance --> out of range (variance = 0.834 / upper = 0.650 / lower = 0.000)
[20190930_090056 / lib_ip.py:3753] file = img.20190930_090051.2019-09-30_07-21-08_000.jpg.4.png / val_Average = 102.5389	val_Variance = 0.8337	sd = 0.9131	max = 106	min = 100
[20190930_090056 / lib_ip.py:3936] len(Hs) = 8100, len(Ss) = 8100, len(Vs) = 8100
[20190930_090056 / lib_ip.py:3982] red : variance --> out of range (variance = 0.834 / upper = 0.430 / lower = 0.000)
[20190930_090056 / lib_ip.py:3753] file = img.20190930_090051.2019-09-30_07-21-08_000.jpg.4.png / val_Average = 102.5389	val_Variance = 0.8337	sd = 0.9131	max = 106	min = 100
[20190930_090056 / lib_ip.py:4052] len(Hs) = 8100, len(Ss) = 8100, len(Vs) = 8100
[20190930_090056 / lib_ip.py:4099] green : variance --> out of range (variance = 0.834 / upper = 0.760 / lower = 0.000)
[20190930_090056 / lib_ip.py:3753] file = img.20190930_090051.2019-09-30_07-21-08_000.jpg.4.png / val_Average = 102.5389	val_Variance = 0.8337	sd = 0.9131	max = 106	min = 100
[20190930_090056 / lib_ip.py:4169] len(Hs) = 8100, len(Ss) = 8100, len(Vs) = 8100
[20190930_090057 / lib_ip.py:4230] blue : average --> out of range (average = 102.539 / upper = 17.000 / lower = 8.850)
[20190930_090057 / lib_ip.py:3753] file = img.20190930_090051.2019-09-30_07-21-08_000.jpg.4.png / val_Average = 102.5389	val_Variance = 0.8337	sd = 0.9131	max = 106	min = 100
[20190930_090057 / lib_ip.py:4275] len(Hs) = 8100, len(Ss) = 8100, len(Vs) = 8100
[20190930_090057 / lib_ip.py:4314] pink : variance --> out of range (variance = 0.834 / upper = 0.750 / lower = 0.030)
[20190930_090057 / lib_ip.py:3753] file = img.20190930_090051.2019-09-30_07-21-08_000.jpg.4.png / val_Average = 102.5389	val_Variance = 0.8337	sd = 0.9131	max = 106	min = 100
[20190930_090057 / lib_ip.py:4378] len(Hs) = 8100, len(Ss) = 8100, len(Vs) = 8100
[20190930_090057 / lib_ip.py:4422] black : variance --> out of range (variance = 0.834 / upper = 0.000 / lower = 0.000)
[20190930_090057 / lib_ip.py:4593] file : img.20190930_090051.2019-09-30_07-21-08_000.jpg.4.png 3 (black : variance --> out of range (variance = 0.834 / upper = 0.000 / lower = 0.000))
[20190930_090055 / lib_ip.py:2274] inspecting ===> img.20190930_090051.2019-09-30_07-21-08_000.jpg.4.png
img.20190930_090051.2019-09-30_07-21-08_000.jpg.1.png => other
img.20190930_090051.2019-09-30_07-21-08_000.jpg.2.png => other
img.20190930_090051.2019-09-30_07-21-08_000.jpg.3.png => other
img.20190930_090051.2019-09-30_07-21-08_000.jpg.4.png => other
[20190930_090057 lib_ip.py:3301] =============== Get 4 corners
dpath_Images = C:\WORKS_2\WS\WS_Others.Art\JVEMV6\46_art\VIRTUAL\Admin_Projects\ip\images
fname_Image = img.20190930_090051.2019-09-30_07-21-08_000.jpg.4.png

[20190930_090058 / lib_ip.py:2274] inspecting ===> img.20190930_090057.2019-09-30_08-31-57_000.jpg.1.png
[20190930_090058 / lib_ip.py:4505] 
img.20190930_090057.2019-09-30_08-31-57_000.jpg.1.png 0 ---------------------
[20190930_090058 / lib_ip.py:3753] file = img.20190930_090057.2019-09-30_08-31-57_000.jpg.1.png / val_Average = 109.5909	val_Variance = 2.9005	sd = 1.7031	max = 116	min = 105
[20190930_090058 / lib_ip.py:3836] len(Hs) = 8100, len(Ss) = 8100, len(Vs) = 8100
[20190930_090058 / lib_ip.py:3869] yellow : variance --> out of range (variance = 2.901 / upper = 0.650 / lower = 0.000)
[20190930_090058 / lib_ip.py:3753] file = img.20190930_090057.2019-09-30_08-31-57_000.jpg.1.png / val_Average = 109.5909	val_Variance = 2.9005	sd = 1.7031	max = 116	min = 105
[20190930_090058 / lib_ip.py:3936] len(Hs) = 8100, len(Ss) = 8100, len(Vs) = 8100
[20190930_090058 / lib_ip.py:3982] red : variance --> out of range (variance = 2.901 / upper = 0.430 / lower = 0.000)
[20190930_090058 / lib_ip.py:3753] file = img.20190930_090057.2019-09-30_08-31-57_000.jpg.1.png / val_Average = 109.5909	val_Variance = 2.9005	sd = 1.7031	max = 116	min = 105
[20190930_090059 / lib_ip.py:4052] len(Hs) = 8100, len(Ss) = 8100, len(Vs) = 8100
[20190930_090059 / lib_ip.py:4099] green : variance --> out of range (variance = 2.901 / upper = 0.760 / lower = 0.000)
[20190930_090059 / lib_ip.py:3753] file = img.20190930_090057.2019-09-30_08-31-57_000.jpg.1.png / val_Average = 109.5909	val_Variance = 2.9005	sd = 1.7031	max = 116	min = 105
[20190930_090059 / lib_ip.py:4169] len(Hs) = 8100, len(Ss) = 8100, len(Vs) = 8100
[20190930_090059 / lib_ip.py:4208] blue : variance --> out of range (variance = 2.901 / upper = 0.930 / lower = 0.010)
[20190930_090059 / lib_ip.py:3753] file = img.20190930_090057.2019-09-30_08-31-57_000.jpg.1.png / val_Average = 109.5909	val_Variance = 2.9005	sd = 1.7031	max = 116	min = 105
[20190930_090059 / lib_ip.py:4275] len(Hs) = 8100, len(Ss) = 8100, len(Vs) = 8100
[20190930_090059 / lib_ip.py:4314] pink : variance --> out of range (variance = 2.901 / upper = 0.750 / lower = 0.030)
[20190930_090059 / lib_ip.py:3753] file = img.20190930_090057.2019-09-30_08-31-57_000.jpg.1.png / val_Average = 109.5909	val_Variance = 2.9005	sd = 1.7031	max = 116	min = 105
[20190930_090059 / lib_ip.py:4378] len(Hs) = 8100, len(Ss) = 8100, len(Vs) = 8100
[20190930_090059 / lib_ip.py:4422] black : variance --> out of range (variance = 2.901 / upper = 0.000 / lower = 0.000)
[20190930_090059 / lib_ip.py:4593] file : img.20190930_090057.2019-09-30_08-31-57_000.jpg.1.png 0 (black : variance --> out of range (variance = 2.901 / upper = 0.000 / lower = 0.000))
[20190930_090059 / lib_ip.py:2274] inspecting ===> img.20190930_090057.2019-09-30_08-31-57_000.jpg.2.png
[20190930_090100 / lib_ip.py:4505] 
img.20190930_090057.2019-09-30_08-31-57_000.jpg.2.png 1 ---------------------
[20190930_090100 / lib_ip.py:3753] file = img.20190930_090057.2019-09-30_08-31-57_000.jpg.2.png / val_Average = 120.9973	val_Variance = 0.0822	sd = 0.2867	max = 122	min = 120
[20190930_090100 / lib_ip.py:3836] len(Hs) = 8100, len(Ss) = 8100, len(Vs) = 8100
[20190930_090100 / lib_ip.py:3891] yellow : average --> out of range (average = 120.997 / upper = 99.200 / lower = 85.500)
[20190930_090100 / lib_ip.py:3753] file = img.20190930_090057.2019-09-30_08-31-57_000.jpg.2.png / val_Average = 120.9973	val_Variance = 0.0822	sd = 0.2867	max = 122	min = 120
[20190930_090100 / lib_ip.py:3936] len(Hs) = 8100, len(Ss) = 8100, len(Vs) = 8100
[20190930_090100 / lib_ip.py:2274] inspecting ===> img.20190930_090057.2019-09-30_08-31-57_000.jpg.3.png
[20190930_090100 / lib_ip.py:4505] 
img.20190930_090057.2019-09-30_08-31-57_000.jpg.3.png 2 ---------------------
[20190930_090100 / lib_ip.py:3753] file = img.20190930_090057.2019-09-30_08-31-57_000.jpg.3.png / val_Average = 18.6210	val_Variance = 861.1855	sd = 29.3460	max = 175	min = 0
[20190930_090100 / lib_ip.py:3836] len(Hs) = 8100, len(Ss) = 8100, len(Vs) = 8100
[20190930_090100 / lib_ip.py:3869] yellow : variance --> out of range (variance = 861.185 / upper = 0.650 / lower = 0.000)
[20190930_090100 / lib_ip.py:3753] file = img.20190930_090057.2019-09-30_08-31-57_000.jpg.3.png / val_Average = 18.6210	val_Variance = 861.1855	sd = 29.3460	max = 175	min = 0
[20190930_090101 / lib_ip.py:3936] len(Hs) = 8100, len(Ss) = 8100, len(Vs) = 8100
[20190930_090101 / lib_ip.py:3982] red : variance --> out of range (variance = 861.185 / upper = 0.430 / lower = 0.000)
[20190930_090101 / lib_ip.py:3753] file = img.20190930_090057.2019-09-30_08-31-57_000.jpg.3.png / val_Average = 18.6210	val_Variance = 861.1855	sd = 29.3460	max = 175	min = 0
[20190930_090101 / lib_ip.py:4052] len(Hs) = 8100, len(Ss) = 8100, len(Vs) = 8100
[20190930_090101 / lib_ip.py:4099] green : variance --> out of range (variance = 861.185 / upper = 0.760 / lower = 0.000)
[20190930_090101 / lib_ip.py:3753] file = img.20190930_090057.2019-09-30_08-31-57_000.jpg.3.png / val_Average = 18.6210	val_Variance = 861.1855	sd = 29.3460	max = 175	min = 0
[20190930_090101 / lib_ip.py:4169] len(Hs) = 8100, len(Ss) = 8100, len(Vs) = 8100
[20190930_090101 / lib_ip.py:4208] blue : variance --> out of range (variance = 861.185 / upper = 0.930 / lower = 0.010)
[20190930_090101 / lib_ip.py:3753] file = img.20190930_090057.2019-09-30_08-31-57_000.jpg.3.png / val_Average = 18.6210	val_Variance = 861.1855	sd = 29.3460	max = 175	min = 0
[20190930_090101 / lib_ip.py:4275] len(Hs) = 8100, len(Ss) = 8100, len(Vs) = 8100
[20190930_090101 / lib_ip.py:4314] pink : variance --> out of range (variance = 861.185 / upper = 0.750 / lower = 0.030)
[20190930_090101 / lib_ip.py:3753] file = img.20190930_090057.2019-09-30_08-31-57_000.jpg.3.png / val_Average = 18.6210	val_Variance = 861.1855	sd = 29.3460	max = 175	min = 0
[20190930_090101 / lib_ip.py:4378] len(Hs) = 8100, len(Ss) = 8100, len(Vs) = 8100
[20190930_090101 / lib_ip.py:4422] black : variance --> out of range (variance = 861.185 / upper = 0.000 / lower = 0.000)
[20190930_090101 / lib_ip.py:4593] file : img.20190930_090057.2019-09-30_08-31-57_000.jpg.3.png 2 (black : variance --> out of range (variance = 861.185 / upper = 0.000 / lower = 0.000))
[20190930_090101 / lib_ip.py:2274] inspecting ===> img.20190930_090057.2019-09-30_08-31-57_000.jpg.4.png
[20190930_090102 / lib_ip.py:4505] 
img.20190930_090057.2019-09-30_08-31-57_000.jpg.4.png 3 ---------------------
[20190930_090102 / lib_ip.py:3753] file = img.20190930_090057.2019-09-30_08-31-57_000.jpg.4.png / val_Average = 76.7522	val_Variance = 0.1864	sd = 0.4317	max = 77	min = 76
[20190930_090102 / lib_ip.py:3836] len(Hs) = 8100, len(Ss) = 8100, len(Vs) = 8100
[20190930_090102 / lib_ip.py:3891] yellow : average --> out of range (average = 76.752 / upper = 99.200 / lower = 85.500)
[20190930_090102 / lib_ip.py:3753] file = img.20190930_090057.2019-09-30_08-31-57_000.jpg.4.png / val_Average = 76.7522	val_Variance = 0.1864	sd = 0.4317	max = 77	min = 76
[20190930_090102 / lib_ip.py:3936] len(Hs) = 8100, len(Ss) = 8100, len(Vs) = 8100
[20190930_090102 / lib_ip.py:4007] red : average --> out of range (average = 76.752 / upper = 124.600 / lower = 115.000)
[20190930_090102 / lib_ip.py:3753] file = img.20190930_090057.2019-09-30_08-31-57_000.jpg.4.png / val_Average = 76.7522	val_Variance = 0.1864	sd = 0.4317	max = 77	min = 76
[20190930_090102 / lib_ip.py:4052] len(Hs) = 8100, len(Ss) = 8100, len(Vs) = 8100
[20190930_090101 / lib_ip.py:2274] inspecting ===> img.20190930_090057.2019-09-30_08-31-57_000.jpg.4.png
img.20190930_090057.2019-09-30_08-31-57_000.jpg.1.png => other
img.20190930_090057.2019-09-30_08-31-57_000.jpg.2.png => other
img.20190930_090057.2019-09-30_08-31-57_000.jpg.3.png => other
img.20190930_090057.2019-09-30_08-31-57_000.jpg.4.png => other
[20190930_090102 lib_ip.py:3301] =============== Get 4 corners
dpath_Images = C:\WORKS_2\WS\WS_Others.Art\JVEMV6\46_art\VIRTUAL\Admin_Projects\ip\images
fname_Image = img.20190930_090057.2019-09-30_08-31-57_000.jpg.4.png

[20190930_090102 / views.py:1411] gen csv => complete (20190930_090102)(elapsed = 54.873 sec / 10 files / 5.487 sec per file)
1)	2019-09-29_08-14-36_000.jpg => 	other other green green 
2)	2019-09-29_10-29-41_000.jpg => 	other yellow other other 
3)	2019-09-29_14-16-28_000.jpg => 	other other other red 
4)	2019-09-29_14-33-37_000.jpg => 	other yellow other red 
5)	2019-09-29_17-52-28_000.jpg => 	other other other red 
6)	2019-09-29_18-38-50_000.jpg => 	other yellow other red 
7)	2019-09-29_20-19-34_000.jpg => 	other yellow other other 
8)	2019-09-30_01-48-21_000.jpg => 	other other other other 
9)	2019-09-30_07-21-08_000.jpg => 	other other other other 
10)	2019-09-30_08-31-57_000.jpg => 	other red other green 
[20190930_090103 / views.py:1753] lo_ColorName_Set__Modified_2 =>
1)	2019-09-29_08-14-36_000.jpg => 	g g o o 
2)	2019-09-29_10-29-41_000.jpg => 	o o o y 
3)	2019-09-29_14-16-28_000.jpg => 	o o o r 
4)	2019-09-29_14-33-37_000.jpg => 	o o r y 
5)	2019-09-29_17-52-28_000.jpg => 	o o o r 
6)	2019-09-29_18-38-50_000.jpg => 	o o r y 
7)	2019-09-29_20-19-34_000.jpg => 	o o o y 
8)	2019-09-30_01-48-21_000.jpg => 	o o o o 
9)	2019-09-30_07-21-08_000.jpg => 	o o o o 
10)	2019-09-30_08-31-57_000.jpg => 	g o o r 
[20190930_090104 / views.py:1839] gen_Cake_CSV(request) ==> ending... =======================//

