[20191009_074801 / views.py:1822] gen_Cake_CSV(request) ==> starting... =======================
[20191009_074802 / lib_ip.py:2274] inspecting ===> img.20191009_074802.2019-10-08_09-47-12_000.jpg.1.png
[20191009_074803 / lib_ip.py:4505] 
img.20191009_074802.2019-10-08_09-47-12_000.jpg.1.png 0 ---------------------
[20191009_074803 / lib_ip.py:3753] file = img.20191009_074802.2019-10-08_09-47-12_000.jpg.1.png / val_Average = 75.3435	val_Variance = 0.2361	sd = 0.4859	max = 77	min = 74
[20191009_074803 / lib_ip.py:3836] len(Hs) = 8100, len(Ss) = 8100, len(Vs) = 8100
[20191009_074803 / lib_ip.py:3891] yellow : average --> out of range (average = 75.343 / upper = 99.200 / lower = 85.500)
[20191009_074803 / lib_ip.py:3753] file = img.20191009_074802.2019-10-08_09-47-12_000.jpg.1.png / val_Average = 75.3435	val_Variance = 0.2361	sd = 0.4859	max = 77	min = 74
[20191009_074803 / lib_ip.py:3936] len(Hs) = 8100, len(Ss) = 8100, len(Vs) = 8100
[20191009_074803 / lib_ip.py:4007] red : average --> out of range (average = 75.343 / upper = 124.600 / lower = 115.000)
[20191009_074803 / lib_ip.py:3753] file = img.20191009_074802.2019-10-08_09-47-12_000.jpg.1.png / val_Average = 75.3435	val_Variance = 0.2361	sd = 0.4859	max = 77	min = 74
[20191009_074803 / lib_ip.py:4052] len(Hs) = 8100, len(Ss) = 8100, len(Vs) = 8100
[20191009_074803 / lib_ip.py:2274] inspecting ===> img.20191009_074802.2019-10-08_09-47-12_000.jpg.2.png
[20191009_074803 / lib_ip.py:4505] 
img.20191009_074802.2019-10-08_09-47-12_000.jpg.2.png 1 ---------------------
[20191009_074804 / lib_ip.py:3753] file = img.20191009_074802.2019-10-08_09-47-12_000.jpg.2.png / val_Average = 75.7607	val_Variance = 0.2077	sd = 0.4557	max = 77	min = 75
[20191009_074804 / lib_ip.py:3836] len(Hs) = 8100, len(Ss) = 8100, len(Vs) = 8100
[20191009_074804 / lib_ip.py:3891] yellow : average --> out of range (average = 75.761 / upper = 99.200 / lower = 85.500)
[20191009_074804 / lib_ip.py:3753] file = img.20191009_074802.2019-10-08_09-47-12_000.jpg.2.png / val_Average = 75.7607	val_Variance = 0.2077	sd = 0.4557	max = 77	min = 75
[20191009_074804 / lib_ip.py:3936] len(Hs) = 8100, len(Ss) = 8100, len(Vs) = 8100
[20191009_074804 / lib_ip.py:4007] red : average --> out of range (average = 75.761 / upper = 124.600 / lower = 115.000)
[20191009_074804 / lib_ip.py:3753] file = img.20191009_074802.2019-10-08_09-47-12_000.jpg.2.png / val_Average = 75.7607	val_Variance = 0.2077	sd = 0.4557	max = 77	min = 75
[20191009_074804 / lib_ip.py:4052] len(Hs) = 8100, len(Ss) = 8100, len(Vs) = 8100
[20191009_074804 / lib_ip.py:2274] inspecting ===> img.20191009_074802.2019-10-08_09-47-12_000.jpg.3.png
[20191009_074804 / lib_ip.py:4505] 
img.20191009_074802.2019-10-08_09-47-12_000.jpg.3.png 2 ---------------------
[20191009_074804 / lib_ip.py:3753] file = img.20191009_074802.2019-10-08_09-47-12_000.jpg.3.png / val_Average = 63.8732	val_Variance = 288.0243	sd = 16.9713	max = 90	min = 0
[20191009_074804 / lib_ip.py:3836] len(Hs) = 8100, len(Ss) = 8100, len(Vs) = 8100
[20191009_074804 / lib_ip.py:3869] yellow : variance --> out of range (variance = 288.024 / upper = 0.650 / lower = 0.000)
[20191009_074804 / lib_ip.py:3753] file = img.20191009_074802.2019-10-08_09-47-12_000.jpg.3.png / val_Average = 63.8732	val_Variance = 288.0243	sd = 16.9713	max = 90	min = 0
[20191009_074805 / lib_ip.py:3936] len(Hs) = 8100, len(Ss) = 8100, len(Vs) = 8100
[20191009_074805 / lib_ip.py:3982] red : variance --> out of range (variance = 288.024 / upper = 0.430 / lower = 0.000)
[20191009_074805 / lib_ip.py:3753] file = img.20191009_074802.2019-10-08_09-47-12_000.jpg.3.png / val_Average = 63.8732	val_Variance = 288.0243	sd = 16.9713	max = 90	min = 0
[20191009_074805 / lib_ip.py:4052] len(Hs) = 8100, len(Ss) = 8100, len(Vs) = 8100
[20191009_074805 / lib_ip.py:4099] green : variance --> out of range (variance = 288.024 / upper = 0.760 / lower = 0.000)
[20191009_074805 / lib_ip.py:3753] file = img.20191009_074802.2019-10-08_09-47-12_000.jpg.3.png / val_Average = 63.8732	val_Variance = 288.0243	sd = 16.9713	max = 90	min = 0
[20191009_074805 / lib_ip.py:4169] len(Hs) = 8100, len(Ss) = 8100, len(Vs) = 8100
[20191009_074805 / lib_ip.py:4208] blue : variance --> out of range (variance = 288.024 / upper = 0.930 / lower = 0.010)
[20191009_074805 / lib_ip.py:3753] file = img.20191009_074802.2019-10-08_09-47-12_000.jpg.3.png / val_Average = 63.8732	val_Variance = 288.0243	sd = 16.9713	max = 90	min = 0
[20191009_074805 / lib_ip.py:4275] len(Hs) = 8100, len(Ss) = 8100, len(Vs) = 8100
[20191009_074805 / lib_ip.py:4314] pink : variance --> out of range (variance = 288.024 / upper = 0.750 / lower = 0.030)
[20191009_074805 / lib_ip.py:3753] file = img.20191009_074802.2019-10-08_09-47-12_000.jpg.3.png / val_Average = 63.8732	val_Variance = 288.0243	sd = 16.9713	max = 90	min = 0
[20191009_074805 / lib_ip.py:4378] len(Hs) = 8100, len(Ss) = 8100, len(Vs) = 8100
[20191009_074805 / lib_ip.py:4422] black : variance --> out of range (variance = 288.024 / upper = 0.000 / lower = 0.000)
[20191009_074805 / lib_ip.py:4593] file : img.20191009_074802.2019-10-08_09-47-12_000.jpg.3.png 2 (black : variance --> out of range (variance = 288.024 / upper = 0.000 / lower = 0.000))
[20191009_074805 / lib_ip.py:2274] inspecting ===> img.20191009_074802.2019-10-08_09-47-12_000.jpg.4.png
[20191009_074806 / lib_ip.py:4505] 
img.20191009_074802.2019-10-08_09-47-12_000.jpg.4.png 3 ---------------------
[20191009_074806 / lib_ip.py:3753] file = img.20191009_074802.2019-10-08_09-47-12_000.jpg.4.png / val_Average = 84.8307	val_Variance = 39.4631	sd = 6.2820	max = 115	min = 0
[20191009_074806 / lib_ip.py:3836] len(Hs) = 8100, len(Ss) = 8100, len(Vs) = 8100
[20191009_074806 / lib_ip.py:3869] yellow : variance --> out of range (variance = 39.463 / upper = 0.650 / lower = 0.000)
[20191009_074806 / lib_ip.py:3753] file = img.20191009_074802.2019-10-08_09-47-12_000.jpg.4.png / val_Average = 84.8307	val_Variance = 39.4631	sd = 6.2820	max = 115	min = 0
[20191009_074806 / lib_ip.py:3936] len(Hs) = 8100, len(Ss) = 8100, len(Vs) = 8100
[20191009_074806 / lib_ip.py:3982] red : variance --> out of range (variance = 39.463 / upper = 0.430 / lower = 0.000)
[20191009_074806 / lib_ip.py:3753] file = img.20191009_074802.2019-10-08_09-47-12_000.jpg.4.png / val_Average = 84.8307	val_Variance = 39.4631	sd = 6.2820	max = 115	min = 0
[20191009_074806 / lib_ip.py:4052] len(Hs) = 8100, len(Ss) = 8100, len(Vs) = 8100
[20191009_074806 / lib_ip.py:4099] green : variance --> out of range (variance = 39.463 / upper = 0.760 / lower = 0.000)
[20191009_074806 / lib_ip.py:3753] file = img.20191009_074802.2019-10-08_09-47-12_000.jpg.4.png / val_Average = 84.8307	val_Variance = 39.4631	sd = 6.2820	max = 115	min = 0
[20191009_074806 / lib_ip.py:4169] len(Hs) = 8100, len(Ss) = 8100, len(Vs) = 8100
[20191009_074806 / lib_ip.py:4208] blue : variance --> out of range (variance = 39.463 / upper = 0.930 / lower = 0.010)
[20191009_074806 / lib_ip.py:3753] file = img.20191009_074802.2019-10-08_09-47-12_000.jpg.4.png / val_Average = 84.8307	val_Variance = 39.4631	sd = 6.2820	max = 115	min = 0
[20191009_074806 / lib_ip.py:4275] len(Hs) = 8100, len(Ss) = 8100, len(Vs) = 8100
[20191009_074806 / lib_ip.py:4314] pink : variance --> out of range (variance = 39.463 / upper = 0.750 / lower = 0.030)
[20191009_074806 / lib_ip.py:3753] file = img.20191009_074802.2019-10-08_09-47-12_000.jpg.4.png / val_Average = 84.8307	val_Variance = 39.4631	sd = 6.2820	max = 115	min = 0
[20191009_074806 / lib_ip.py:4378] len(Hs) = 8100, len(Ss) = 8100, len(Vs) = 8100
[20191009_074806 / lib_ip.py:4422] black : variance --> out of range (variance = 39.463 / upper = 0.000 / lower = 0.000)
[20191009_074806 / lib_ip.py:4593] file : img.20191009_074802.2019-10-08_09-47-12_000.jpg.4.png 3 (black : variance --> out of range (variance = 39.463 / upper = 0.000 / lower = 0.000))
[20191009_074805 / lib_ip.py:2274] inspecting ===> img.20191009_074802.2019-10-08_09-47-12_000.jpg.4.png
img.20191009_074802.2019-10-08_09-47-12_000.jpg.1.png => other
img.20191009_074802.2019-10-08_09-47-12_000.jpg.2.png => other
img.20191009_074802.2019-10-08_09-47-12_000.jpg.3.png => other
img.20191009_074802.2019-10-08_09-47-12_000.jpg.4.png => other
[20191009_074806 lib_ip.py:3301] =============== Get 4 corners
dpath_Images = C:\WORKS_2\WS\WS_Others.Art\JVEMV6\46_art\VIRTUAL\Admin_Projects\ip\images
fname_Image = img.20191009_074802.2019-10-08_09-47-12_000.jpg.4.png

[20191009_074807 / lib_ip.py:2274] inspecting ===> img.20191009_074807.2019-10-08_12-10-51_000.jpg.1.png
[20191009_074807 / lib_ip.py:4505] 
img.20191009_074807.2019-10-08_12-10-51_000.jpg.1.png 0 ---------------------
[20191009_074808 / lib_ip.py:3753] file = img.20191009_074807.2019-10-08_12-10-51_000.jpg.1.png / val_Average = 72.5414	val_Variance = 1583.4745	sd = 39.7929	max = 144	min = 0
[20191009_074808 / lib_ip.py:3836] len(Hs) = 8100, len(Ss) = 8100, len(Vs) = 8100
[20191009_074808 / lib_ip.py:3869] yellow : variance --> out of range (variance = 1583.474 / upper = 0.650 / lower = 0.000)
[20191009_074808 / lib_ip.py:3753] file = img.20191009_074807.2019-10-08_12-10-51_000.jpg.1.png / val_Average = 72.5414	val_Variance = 1583.4745	sd = 39.7929	max = 144	min = 0
[20191009_074808 / lib_ip.py:3936] len(Hs) = 8100, len(Ss) = 8100, len(Vs) = 8100
[20191009_074808 / lib_ip.py:3982] red : variance --> out of range (variance = 1583.474 / upper = 0.430 / lower = 0.000)
[20191009_074808 / lib_ip.py:3753] file = img.20191009_074807.2019-10-08_12-10-51_000.jpg.1.png / val_Average = 72.5414	val_Variance = 1583.4745	sd = 39.7929	max = 144	min = 0
[20191009_074808 / lib_ip.py:4052] len(Hs) = 8100, len(Ss) = 8100, len(Vs) = 8100
[20191009_074808 / lib_ip.py:4099] green : variance --> out of range (variance = 1583.474 / upper = 0.760 / lower = 0.000)
[20191009_074808 / lib_ip.py:3753] file = img.20191009_074807.2019-10-08_12-10-51_000.jpg.1.png / val_Average = 72.5414	val_Variance = 1583.4745	sd = 39.7929	max = 144	min = 0
[20191009_074808 / lib_ip.py:4169] len(Hs) = 8100, len(Ss) = 8100, len(Vs) = 8100
[20191009_074808 / lib_ip.py:4208] blue : variance --> out of range (variance = 1583.474 / upper = 0.930 / lower = 0.010)
[20191009_074808 / lib_ip.py:3753] file = img.20191009_074807.2019-10-08_12-10-51_000.jpg.1.png / val_Average = 72.5414	val_Variance = 1583.4745	sd = 39.7929	max = 144	min = 0
[20191009_074808 / lib_ip.py:4275] len(Hs) = 8100, len(Ss) = 8100, len(Vs) = 8100
[20191009_074808 / lib_ip.py:4314] pink : variance --> out of range (variance = 1583.474 / upper = 0.750 / lower = 0.030)
[20191009_074808 / lib_ip.py:3753] file = img.20191009_074807.2019-10-08_12-10-51_000.jpg.1.png / val_Average = 72.5414	val_Variance = 1583.4745	sd = 39.7929	max = 144	min = 0
[20191009_074808 / lib_ip.py:4378] len(Hs) = 8100, len(Ss) = 8100, len(Vs) = 8100
[20191009_074808 / lib_ip.py:4422] black : variance --> out of range (variance = 1583.474 / upper = 0.000 / lower = 0.000)
[20191009_074808 / lib_ip.py:4593] file : img.20191009_074807.2019-10-08_12-10-51_000.jpg.1.png 0 (black : variance --> out of range (variance = 1583.474 / upper = 0.000 / lower = 0.000))
[20191009_074808 / lib_ip.py:2274] inspecting ===> img.20191009_074807.2019-10-08_12-10-51_000.jpg.2.png
[20191009_074808 / lib_ip.py:4505] 
img.20191009_074807.2019-10-08_12-10-51_000.jpg.2.png 1 ---------------------
[20191009_074809 / lib_ip.py:3753] file = img.20191009_074807.2019-10-08_12-10-51_000.jpg.2.png / val_Average = 92.8600	val_Variance = 0.1271	sd = 0.3565	max = 94	min = 92
[20191009_074809 / lib_ip.py:3836] len(Hs) = 8100, len(Ss) = 8100, len(Vs) = 8100
[20191009_074809 / lib_ip.py:2274] inspecting ===> img.20191009_074807.2019-10-08_12-10-51_000.jpg.3.png
[20191009_074809 / lib_ip.py:4505] 
img.20191009_074807.2019-10-08_12-10-51_000.jpg.3.png 2 ---------------------
[20191009_074809 / lib_ip.py:3753] file = img.20191009_074807.2019-10-08_12-10-51_000.jpg.3.png / val_Average = 117.1495	val_Variance = 27.7037	sd = 5.2634	max = 136	min = 103
[20191009_074809 / lib_ip.py:3836] len(Hs) = 8100, len(Ss) = 8100, len(Vs) = 8100
[20191009_074809 / lib_ip.py:3869] yellow : variance --> out of range (variance = 27.704 / upper = 0.650 / lower = 0.000)
[20191009_074809 / lib_ip.py:3753] file = img.20191009_074807.2019-10-08_12-10-51_000.jpg.3.png / val_Average = 117.1495	val_Variance = 27.7037	sd = 5.2634	max = 136	min = 103
[20191009_074809 / lib_ip.py:3936] len(Hs) = 8100, len(Ss) = 8100, len(Vs) = 8100
[20191009_074809 / lib_ip.py:3982] red : variance --> out of range (variance = 27.704 / upper = 0.430 / lower = 0.000)
[20191009_074809 / lib_ip.py:3753] file = img.20191009_074807.2019-10-08_12-10-51_000.jpg.3.png / val_Average = 117.1495	val_Variance = 27.7037	sd = 5.2634	max = 136	min = 103
[20191009_074809 / lib_ip.py:4052] len(Hs) = 8100, len(Ss) = 8100, len(Vs) = 8100
[20191009_074809 / lib_ip.py:4099] green : variance --> out of range (variance = 27.704 / upper = 0.760 / lower = 0.000)
[20191009_074810 / lib_ip.py:3753] file = img.20191009_074807.2019-10-08_12-10-51_000.jpg.3.png / val_Average = 117.1495	val_Variance = 27.7037	sd = 5.2634	max = 136	min = 103
[20191009_074810 / lib_ip.py:4169] len(Hs) = 8100, len(Ss) = 8100, len(Vs) = 8100
[20191009_074810 / lib_ip.py:4208] blue : variance --> out of range (variance = 27.704 / upper = 0.930 / lower = 0.010)
[20191009_074810 / lib_ip.py:3753] file = img.20191009_074807.2019-10-08_12-10-51_000.jpg.3.png / val_Average = 117.1495	val_Variance = 27.7037	sd = 5.2634	max = 136	min = 103
[20191009_074810 / lib_ip.py:4275] len(Hs) = 8100, len(Ss) = 8100, len(Vs) = 8100
[20191009_074810 / lib_ip.py:4314] pink : variance --> out of range (variance = 27.704 / upper = 0.750 / lower = 0.030)
[20191009_074810 / lib_ip.py:3753] file = img.20191009_074807.2019-10-08_12-10-51_000.jpg.3.png / val_Average = 117.1495	val_Variance = 27.7037	sd = 5.2634	max = 136	min = 103
[20191009_074810 / lib_ip.py:4378] len(Hs) = 8100, len(Ss) = 8100, len(Vs) = 8100
[20191009_074810 / lib_ip.py:4422] black : variance --> out of range (variance = 27.704 / upper = 0.000 / lower = 0.000)
[20191009_074810 / lib_ip.py:4593] file : img.20191009_074807.2019-10-08_12-10-51_000.jpg.3.png 2 (black : variance --> out of range (variance = 27.704 / upper = 0.000 / lower = 0.000))
[20191009_074810 / lib_ip.py:2274] inspecting ===> img.20191009_074807.2019-10-08_12-10-51_000.jpg.4.png
[20191009_074810 / lib_ip.py:4505] 
img.20191009_074807.2019-10-08_12-10-51_000.jpg.4.png 3 ---------------------
[20191009_074810 / lib_ip.py:3753] file = img.20191009_074807.2019-10-08_12-10-51_000.jpg.4.png / val_Average = 108.7484	val_Variance = 6.2789	sd = 2.5058	max = 122	min = 99
[20191009_074810 / lib_ip.py:3836] len(Hs) = 8100, len(Ss) = 8100, len(Vs) = 8100
[20191009_074810 / lib_ip.py:3869] yellow : variance --> out of range (variance = 6.279 / upper = 0.650 / lower = 0.000)
[20191009_074810 / lib_ip.py:3753] file = img.20191009_074807.2019-10-08_12-10-51_000.jpg.4.png / val_Average = 108.7484	val_Variance = 6.2789	sd = 2.5058	max = 122	min = 99
[20191009_074810 / lib_ip.py:3936] len(Hs) = 8100, len(Ss) = 8100, len(Vs) = 8100
[20191009_074810 / lib_ip.py:3982] red : variance --> out of range (variance = 6.279 / upper = 0.430 / lower = 0.000)
[20191009_074810 / lib_ip.py:3753] file = img.20191009_074807.2019-10-08_12-10-51_000.jpg.4.png / val_Average = 108.7484	val_Variance = 6.2789	sd = 2.5058	max = 122	min = 99
[20191009_074810 / lib_ip.py:4052] len(Hs) = 8100, len(Ss) = 8100, len(Vs) = 8100
[20191009_074811 / lib_ip.py:4099] green : variance --> out of range (variance = 6.279 / upper = 0.760 / lower = 0.000)
[20191009_074811 / lib_ip.py:3753] file = img.20191009_074807.2019-10-08_12-10-51_000.jpg.4.png / val_Average = 108.7484	val_Variance = 6.2789	sd = 2.5058	max = 122	min = 99
[20191009_074811 / lib_ip.py:4169] len(Hs) = 8100, len(Ss) = 8100, len(Vs) = 8100
[20191009_074811 / lib_ip.py:4208] blue : variance --> out of range (variance = 6.279 / upper = 0.930 / lower = 0.010)
[20191009_074811 / lib_ip.py:3753] file = img.20191009_074807.2019-10-08_12-10-51_000.jpg.4.png / val_Average = 108.7484	val_Variance = 6.2789	sd = 2.5058	max = 122	min = 99
[20191009_074811 / lib_ip.py:4275] len(Hs) = 8100, len(Ss) = 8100, len(Vs) = 8100
[20191009_074811 / lib_ip.py:4314] pink : variance --> out of range (variance = 6.279 / upper = 0.750 / lower = 0.030)
[20191009_074811 / lib_ip.py:3753] file = img.20191009_074807.2019-10-08_12-10-51_000.jpg.4.png / val_Average = 108.7484	val_Variance = 6.2789	sd = 2.5058	max = 122	min = 99
[20191009_074811 / lib_ip.py:4378] len(Hs) = 8100, len(Ss) = 8100, len(Vs) = 8100
[20191009_074811 / lib_ip.py:4422] black : variance --> out of range (variance = 6.279 / upper = 0.000 / lower = 0.000)
[20191009_074811 / lib_ip.py:4593] file : img.20191009_074807.2019-10-08_12-10-51_000.jpg.4.png 3 (black : variance --> out of range (variance = 6.279 / upper = 0.000 / lower = 0.000))
[20191009_074810 / lib_ip.py:2274] inspecting ===> img.20191009_074807.2019-10-08_12-10-51_000.jpg.4.png
img.20191009_074807.2019-10-08_12-10-51_000.jpg.1.png => other
img.20191009_074807.2019-10-08_12-10-51_000.jpg.2.png => yellow
img.20191009_074807.2019-10-08_12-10-51_000.jpg.3.png => other
img.20191009_074807.2019-10-08_12-10-51_000.jpg.4.png => other
[20191009_074811 lib_ip.py:3301] =============== Get 4 corners
dpath_Images = C:\WORKS_2\WS\WS_Others.Art\JVEMV6\46_art\VIRTUAL\Admin_Projects\ip\images
fname_Image = img.20191009_074807.2019-10-08_12-10-51_000.jpg.4.png

[20191009_074812 / lib_ip.py:2274] inspecting ===> img.20191009_074812.2019-10-08_18-16-23_000.jpg.1.png
[20191009_074812 / lib_ip.py:4505] 
img.20191009_074812.2019-10-08_18-16-23_000.jpg.1.png 0 ---------------------
[20191009_074812 / lib_ip.py:3753] file = img.20191009_074812.2019-10-08_18-16-23_000.jpg.1.png / val_Average = 112.0644	val_Variance = 9.1512	sd = 3.0251	max = 120	min = 104
[20191009_074812 / lib_ip.py:3836] len(Hs) = 8100, len(Ss) = 8100, len(Vs) = 8100
[20191009_074812 / lib_ip.py:3869] yellow : variance --> out of range (variance = 9.151 / upper = 0.650 / lower = 0.000)
[20191009_074812 / lib_ip.py:3753] file = img.20191009_074812.2019-10-08_18-16-23_000.jpg.1.png / val_Average = 112.0644	val_Variance = 9.1512	sd = 3.0251	max = 120	min = 104
[20191009_074812 / lib_ip.py:3936] len(Hs) = 8100, len(Ss) = 8100, len(Vs) = 8100
[20191009_074812 / lib_ip.py:3982] red : variance --> out of range (variance = 9.151 / upper = 0.430 / lower = 0.000)
[20191009_074812 / lib_ip.py:3753] file = img.20191009_074812.2019-10-08_18-16-23_000.jpg.1.png / val_Average = 112.0644	val_Variance = 9.1512	sd = 3.0251	max = 120	min = 104
[20191009_074812 / lib_ip.py:4052] len(Hs) = 8100, len(Ss) = 8100, len(Vs) = 8100
[20191009_074812 / lib_ip.py:4099] green : variance --> out of range (variance = 9.151 / upper = 0.760 / lower = 0.000)
[20191009_074812 / lib_ip.py:3753] file = img.20191009_074812.2019-10-08_18-16-23_000.jpg.1.png / val_Average = 112.0644	val_Variance = 9.1512	sd = 3.0251	max = 120	min = 104
[20191009_074812 / lib_ip.py:4169] len(Hs) = 8100, len(Ss) = 8100, len(Vs) = 8100
[20191009_074813 / lib_ip.py:4208] blue : variance --> out of range (variance = 9.151 / upper = 0.930 / lower = 0.010)
[20191009_074813 / lib_ip.py:3753] file = img.20191009_074812.2019-10-08_18-16-23_000.jpg.1.png / val_Average = 112.0644	val_Variance = 9.1512	sd = 3.0251	max = 120	min = 104
[20191009_074813 / lib_ip.py:4275] len(Hs) = 8100, len(Ss) = 8100, len(Vs) = 8100
[20191009_074813 / lib_ip.py:4314] pink : variance --> out of range (variance = 9.151 / upper = 0.750 / lower = 0.030)
[20191009_074813 / lib_ip.py:3753] file = img.20191009_074812.2019-10-08_18-16-23_000.jpg.1.png / val_Average = 112.0644	val_Variance = 9.1512	sd = 3.0251	max = 120	min = 104
[20191009_074813 / lib_ip.py:4378] len(Hs) = 8100, len(Ss) = 8100, len(Vs) = 8100
[20191009_074813 / lib_ip.py:4422] black : variance --> out of range (variance = 9.151 / upper = 0.000 / lower = 0.000)
[20191009_074813 / lib_ip.py:4593] file : img.20191009_074812.2019-10-08_18-16-23_000.jpg.1.png 0 (black : variance --> out of range (variance = 9.151 / upper = 0.000 / lower = 0.000))
[20191009_074813 / lib_ip.py:2274] inspecting ===> img.20191009_074812.2019-10-08_18-16-23_000.jpg.2.png
[20191009_074813 / lib_ip.py:4505] 
img.20191009_074812.2019-10-08_18-16-23_000.jpg.2.png 1 ---------------------
[20191009_074813 / lib_ip.py:3753] file = img.20191009_074812.2019-10-08_18-16-23_000.jpg.2.png / val_Average = 109.9295	val_Variance = 22.2453	sd = 4.7165	max = 130	min = 95
[20191009_074813 / lib_ip.py:3836] len(Hs) = 8100, len(Ss) = 8100, len(Vs) = 8100
[20191009_074813 / lib_ip.py:3869] yellow : variance --> out of range (variance = 22.245 / upper = 0.650 / lower = 0.000)
[20191009_074814 / lib_ip.py:3753] file = img.20191009_074812.2019-10-08_18-16-23_000.jpg.2.png / val_Average = 109.9295	val_Variance = 22.2453	sd = 4.7165	max = 130	min = 95
[20191009_074814 / lib_ip.py:3936] len(Hs) = 8100, len(Ss) = 8100, len(Vs) = 8100
[20191009_074814 / lib_ip.py:3982] red : variance --> out of range (variance = 22.245 / upper = 0.430 / lower = 0.000)
[20191009_074814 / lib_ip.py:3753] file = img.20191009_074812.2019-10-08_18-16-23_000.jpg.2.png / val_Average = 109.9295	val_Variance = 22.2453	sd = 4.7165	max = 130	min = 95
[20191009_074814 / lib_ip.py:4052] len(Hs) = 8100, len(Ss) = 8100, len(Vs) = 8100
[20191009_074814 / lib_ip.py:4099] green : variance --> out of range (variance = 22.245 / upper = 0.760 / lower = 0.000)
[20191009_074814 / lib_ip.py:3753] file = img.20191009_074812.2019-10-08_18-16-23_000.jpg.2.png / val_Average = 109.9295	val_Variance = 22.2453	sd = 4.7165	max = 130	min = 95
[20191009_074814 / lib_ip.py:4169] len(Hs) = 8100, len(Ss) = 8100, len(Vs) = 8100
[20191009_074814 / lib_ip.py:4208] blue : variance --> out of range (variance = 22.245 / upper = 0.930 / lower = 0.010)
[20191009_074814 / lib_ip.py:3753] file = img.20191009_074812.2019-10-08_18-16-23_000.jpg.2.png / val_Average = 109.9295	val_Variance = 22.2453	sd = 4.7165	max = 130	min = 95
[20191009_074814 / lib_ip.py:4275] len(Hs) = 8100, len(Ss) = 8100, len(Vs) = 8100
[20191009_074814 / lib_ip.py:4314] pink : variance --> out of range (variance = 22.245 / upper = 0.750 / lower = 0.030)
[20191009_074814 / lib_ip.py:3753] file = img.20191009_074812.2019-10-08_18-16-23_000.jpg.2.png / val_Average = 109.9295	val_Variance = 22.2453	sd = 4.7165	max = 130	min = 95
[20191009_074814 / lib_ip.py:4378] len(Hs) = 8100, len(Ss) = 8100, len(Vs) = 8100
[20191009_074814 / lib_ip.py:4422] black : variance --> out of range (variance = 22.245 / upper = 0.000 / lower = 0.000)
[20191009_074814 / lib_ip.py:4593] file : img.20191009_074812.2019-10-08_18-16-23_000.jpg.2.png 1 (black : variance --> out of range (variance = 22.245 / upper = 0.000 / lower = 0.000))
[20191009_074814 / lib_ip.py:2274] inspecting ===> img.20191009_074812.2019-10-08_18-16-23_000.jpg.3.png
[20191009_074814 / lib_ip.py:4505] 
img.20191009_074812.2019-10-08_18-16-23_000.jpg.3.png 2 ---------------------
[20191009_074815 / lib_ip.py:3753] file = img.20191009_074812.2019-10-08_18-16-23_000.jpg.3.png / val_Average = 116.1978	val_Variance = 24.9658	sd = 4.9966	max = 131	min = 104
[20191009_074815 / lib_ip.py:3836] len(Hs) = 8100, len(Ss) = 8100, len(Vs) = 8100
[20191009_074815 / lib_ip.py:3869] yellow : variance --> out of range (variance = 24.966 / upper = 0.650 / lower = 0.000)
[20191009_074815 / lib_ip.py:3753] file = img.20191009_074812.2019-10-08_18-16-23_000.jpg.3.png / val_Average = 116.1978	val_Variance = 24.9658	sd = 4.9966	max = 131	min = 104
[20191009_074815 / lib_ip.py:3936] len(Hs) = 8100, len(Ss) = 8100, len(Vs) = 8100
[20191009_074815 / lib_ip.py:3982] red : variance --> out of range (variance = 24.966 / upper = 0.430 / lower = 0.000)
[20191009_074815 / lib_ip.py:3753] file = img.20191009_074812.2019-10-08_18-16-23_000.jpg.3.png / val_Average = 116.1978	val_Variance = 24.9658	sd = 4.9966	max = 131	min = 104
[20191009_074815 / lib_ip.py:4052] len(Hs) = 8100, len(Ss) = 8100, len(Vs) = 8100
[20191009_074815 / lib_ip.py:4099] green : variance --> out of range (variance = 24.966 / upper = 0.760 / lower = 0.000)
[20191009_074815 / lib_ip.py:3753] file = img.20191009_074812.2019-10-08_18-16-23_000.jpg.3.png / val_Average = 116.1978	val_Variance = 24.9658	sd = 4.9966	max = 131	min = 104
[20191009_074815 / lib_ip.py:4169] len(Hs) = 8100, len(Ss) = 8100, len(Vs) = 8100
[20191009_074815 / lib_ip.py:4208] blue : variance --> out of range (variance = 24.966 / upper = 0.930 / lower = 0.010)
[20191009_074815 / lib_ip.py:3753] file = img.20191009_074812.2019-10-08_18-16-23_000.jpg.3.png / val_Average = 116.1978	val_Variance = 24.9658	sd = 4.9966	max = 131	min = 104
[20191009_074815 / lib_ip.py:4275] len(Hs) = 8100, len(Ss) = 8100, len(Vs) = 8100
[20191009_074815 / lib_ip.py:4314] pink : variance --> out of range (variance = 24.966 / upper = 0.750 / lower = 0.030)
[20191009_074815 / lib_ip.py:3753] file = img.20191009_074812.2019-10-08_18-16-23_000.jpg.3.png / val_Average = 116.1978	val_Variance = 24.9658	sd = 4.9966	max = 131	min = 104
[20191009_074815 / lib_ip.py:4378] len(Hs) = 8100, len(Ss) = 8100, len(Vs) = 8100
[20191009_074815 / lib_ip.py:4422] black : variance --> out of range (variance = 24.966 / upper = 0.000 / lower = 0.000)
[20191009_074815 / lib_ip.py:4593] file : img.20191009_074812.2019-10-08_18-16-23_000.jpg.3.png 2 (black : variance --> out of range (variance = 24.966 / upper = 0.000 / lower = 0.000))
[20191009_074815 / lib_ip.py:2274] inspecting ===> img.20191009_074812.2019-10-08_18-16-23_000.jpg.4.png
[20191009_074816 / lib_ip.py:4505] 
img.20191009_074812.2019-10-08_18-16-23_000.jpg.4.png 3 ---------------------
[20191009_074816 / lib_ip.py:3753] file = img.20191009_074812.2019-10-08_18-16-23_000.jpg.4.png / val_Average = 121.0191	val_Variance = 0.2968	sd = 0.5448	max = 122	min = 120
[20191009_074816 / lib_ip.py:3836] len(Hs) = 8100, len(Ss) = 8100, len(Vs) = 8100
[20191009_074816 / lib_ip.py:3891] yellow : average --> out of range (average = 121.019 / upper = 99.200 / lower = 85.500)
[20191009_074816 / lib_ip.py:3753] file = img.20191009_074812.2019-10-08_18-16-23_000.jpg.4.png / val_Average = 121.0191	val_Variance = 0.2968	sd = 0.5448	max = 122	min = 120
[20191009_074816 / lib_ip.py:3936] len(Hs) = 8100, len(Ss) = 8100, len(Vs) = 8100
[20191009_074815 / lib_ip.py:2274] inspecting ===> img.20191009_074812.2019-10-08_18-16-23_000.jpg.4.png
img.20191009_074812.2019-10-08_18-16-23_000.jpg.1.png => other
img.20191009_074812.2019-10-08_18-16-23_000.jpg.2.png => other
img.20191009_074812.2019-10-08_18-16-23_000.jpg.3.png => other
img.20191009_074812.2019-10-08_18-16-23_000.jpg.4.png => other
[20191009_074816 lib_ip.py:3301] =============== Get 4 corners
dpath_Images = C:\WORKS_2\WS\WS_Others.Art\JVEMV6\46_art\VIRTUAL\Admin_Projects\ip\images
fname_Image = img.20191009_074812.2019-10-08_18-16-23_000.jpg.4.png

[20191009_074817 / lib_ip.py:2274] inspecting ===> img.20191009_074817.2019-10-08_18-17-01_000.jpg.1.png
[20191009_074817 / lib_ip.py:4505] 
img.20191009_074817.2019-10-08_18-17-01_000.jpg.1.png 0 ---------------------
[20191009_074817 / lib_ip.py:3753] file = img.20191009_074817.2019-10-08_18-17-01_000.jpg.1.png / val_Average = 116.0847	val_Variance = 8.0896	sd = 2.8442	max = 131	min = 106
[20191009_074817 / lib_ip.py:3836] len(Hs) = 8100, len(Ss) = 8100, len(Vs) = 8100
[20191009_074817 / lib_ip.py:3869] yellow : variance --> out of range (variance = 8.090 / upper = 0.650 / lower = 0.000)
[20191009_074817 / lib_ip.py:3753] file = img.20191009_074817.2019-10-08_18-17-01_000.jpg.1.png / val_Average = 116.0847	val_Variance = 8.0896	sd = 2.8442	max = 131	min = 106
[20191009_074817 / lib_ip.py:3936] len(Hs) = 8100, len(Ss) = 8100, len(Vs) = 8100
[20191009_074817 / lib_ip.py:3982] red : variance --> out of range (variance = 8.090 / upper = 0.430 / lower = 0.000)
[20191009_074818 / lib_ip.py:3753] file = img.20191009_074817.2019-10-08_18-17-01_000.jpg.1.png / val_Average = 116.0847	val_Variance = 8.0896	sd = 2.8442	max = 131	min = 106
[20191009_074818 / lib_ip.py:4052] len(Hs) = 8100, len(Ss) = 8100, len(Vs) = 8100
[20191009_074818 / lib_ip.py:4099] green : variance --> out of range (variance = 8.090 / upper = 0.760 / lower = 0.000)
[20191009_074818 / lib_ip.py:3753] file = img.20191009_074817.2019-10-08_18-17-01_000.jpg.1.png / val_Average = 116.0847	val_Variance = 8.0896	sd = 2.8442	max = 131	min = 106
[20191009_074818 / lib_ip.py:4169] len(Hs) = 8100, len(Ss) = 8100, len(Vs) = 8100
[20191009_074818 / lib_ip.py:4208] blue : variance --> out of range (variance = 8.090 / upper = 0.930 / lower = 0.010)
[20191009_074818 / lib_ip.py:3753] file = img.20191009_074817.2019-10-08_18-17-01_000.jpg.1.png / val_Average = 116.0847	val_Variance = 8.0896	sd = 2.8442	max = 131	min = 106
[20191009_074818 / lib_ip.py:4275] len(Hs) = 8100, len(Ss) = 8100, len(Vs) = 8100
[20191009_074818 / lib_ip.py:4314] pink : variance --> out of range (variance = 8.090 / upper = 0.750 / lower = 0.030)
[20191009_074818 / lib_ip.py:3753] file = img.20191009_074817.2019-10-08_18-17-01_000.jpg.1.png / val_Average = 116.0847	val_Variance = 8.0896	sd = 2.8442	max = 131	min = 106
[20191009_074818 / lib_ip.py:4378] len(Hs) = 8100, len(Ss) = 8100, len(Vs) = 8100
[20191009_074818 / lib_ip.py:4422] black : variance --> out of range (variance = 8.090 / upper = 0.000 / lower = 0.000)
[20191009_074818 / lib_ip.py:4593] file : img.20191009_074817.2019-10-08_18-17-01_000.jpg.1.png 0 (black : variance --> out of range (variance = 8.090 / upper = 0.000 / lower = 0.000))
[20191009_074818 / lib_ip.py:2274] inspecting ===> img.20191009_074817.2019-10-08_18-17-01_000.jpg.2.png
[20191009_074819 / lib_ip.py:4505] 
img.20191009_074817.2019-10-08_18-17-01_000.jpg.2.png 1 ---------------------
[20191009_074819 / lib_ip.py:3753] file = img.20191009_074817.2019-10-08_18-17-01_000.jpg.2.png / val_Average = 87.5730	val_Variance = 1127.0291	sd = 33.5713	max = 160	min = 0
[20191009_074819 / lib_ip.py:3836] len(Hs) = 8100, len(Ss) = 8100, len(Vs) = 8100
[20191009_074819 / lib_ip.py:3869] yellow : variance --> out of range (variance = 1127.029 / upper = 0.650 / lower = 0.000)
[20191009_074819 / lib_ip.py:3753] file = img.20191009_074817.2019-10-08_18-17-01_000.jpg.2.png / val_Average = 87.5730	val_Variance = 1127.0291	sd = 33.5713	max = 160	min = 0
[20191009_074819 / lib_ip.py:3936] len(Hs) = 8100, len(Ss) = 8100, len(Vs) = 8100
[20191009_074819 / lib_ip.py:3982] red : variance --> out of range (variance = 1127.029 / upper = 0.430 / lower = 0.000)
[20191009_074819 / lib_ip.py:3753] file = img.20191009_074817.2019-10-08_18-17-01_000.jpg.2.png / val_Average = 87.5730	val_Variance = 1127.0291	sd = 33.5713	max = 160	min = 0
[20191009_074819 / lib_ip.py:4052] len(Hs) = 8100, len(Ss) = 8100, len(Vs) = 8100
[20191009_074819 / lib_ip.py:4099] green : variance --> out of range (variance = 1127.029 / upper = 0.760 / lower = 0.000)
[20191009_074819 / lib_ip.py:3753] file = img.20191009_074817.2019-10-08_18-17-01_000.jpg.2.png / val_Average = 87.5730	val_Variance = 1127.0291	sd = 33.5713	max = 160	min = 0
[20191009_074819 / lib_ip.py:4169] len(Hs) = 8100, len(Ss) = 8100, len(Vs) = 8100
[20191009_074819 / lib_ip.py:4208] blue : variance --> out of range (variance = 1127.029 / upper = 0.930 / lower = 0.010)
[20191009_074819 / lib_ip.py:3753] file = img.20191009_074817.2019-10-08_18-17-01_000.jpg.2.png / val_Average = 87.5730	val_Variance = 1127.0291	sd = 33.5713	max = 160	min = 0
[20191009_074819 / lib_ip.py:4275] len(Hs) = 8100, len(Ss) = 8100, len(Vs) = 8100
[20191009_074819 / lib_ip.py:4314] pink : variance --> out of range (variance = 1127.029 / upper = 0.750 / lower = 0.030)
[20191009_074819 / lib_ip.py:3753] file = img.20191009_074817.2019-10-08_18-17-01_000.jpg.2.png / val_Average = 87.5730	val_Variance = 1127.0291	sd = 33.5713	max = 160	min = 0
[20191009_074819 / lib_ip.py:4378] len(Hs) = 8100, len(Ss) = 8100, len(Vs) = 8100
[20191009_074819 / lib_ip.py:4422] black : variance --> out of range (variance = 1127.029 / upper = 0.000 / lower = 0.000)
[20191009_074819 / lib_ip.py:4593] file : img.20191009_074817.2019-10-08_18-17-01_000.jpg.2.png 1 (black : variance --> out of range (variance = 1127.029 / upper = 0.000 / lower = 0.000))
[20191009_074819 / lib_ip.py:2274] inspecting ===> img.20191009_074817.2019-10-08_18-17-01_000.jpg.3.png
[20191009_074820 / lib_ip.py:4505] 
img.20191009_074817.2019-10-08_18-17-01_000.jpg.3.png 2 ---------------------
[20191009_074820 / lib_ip.py:3753] file = img.20191009_074817.2019-10-08_18-17-01_000.jpg.3.png / val_Average = 110.9543	val_Variance = 19.0443	sd = 4.3640	max = 137	min = 98
[20191009_074820 / lib_ip.py:3836] len(Hs) = 8100, len(Ss) = 8100, len(Vs) = 8100
[20191009_074820 / lib_ip.py:3869] yellow : variance --> out of range (variance = 19.044 / upper = 0.650 / lower = 0.000)
[20191009_074820 / lib_ip.py:3753] file = img.20191009_074817.2019-10-08_18-17-01_000.jpg.3.png / val_Average = 110.9543	val_Variance = 19.0443	sd = 4.3640	max = 137	min = 98
[20191009_074820 / lib_ip.py:3936] len(Hs) = 8100, len(Ss) = 8100, len(Vs) = 8100
[20191009_074820 / lib_ip.py:3982] red : variance --> out of range (variance = 19.044 / upper = 0.430 / lower = 0.000)
[20191009_074820 / lib_ip.py:3753] file = img.20191009_074817.2019-10-08_18-17-01_000.jpg.3.png / val_Average = 110.9543	val_Variance = 19.0443	sd = 4.3640	max = 137	min = 98
[20191009_074820 / lib_ip.py:4052] len(Hs) = 8100, len(Ss) = 8100, len(Vs) = 8100
[20191009_074820 / lib_ip.py:4099] green : variance --> out of range (variance = 19.044 / upper = 0.760 / lower = 0.000)
[20191009_074820 / lib_ip.py:3753] file = img.20191009_074817.2019-10-08_18-17-01_000.jpg.3.png / val_Average = 110.9543	val_Variance = 19.0443	sd = 4.3640	max = 137	min = 98
[20191009_074820 / lib_ip.py:4169] len(Hs) = 8100, len(Ss) = 8100, len(Vs) = 8100
[20191009_074820 / lib_ip.py:4208] blue : variance --> out of range (variance = 19.044 / upper = 0.930 / lower = 0.010)
[20191009_074820 / lib_ip.py:3753] file = img.20191009_074817.2019-10-08_18-17-01_000.jpg.3.png / val_Average = 110.9543	val_Variance = 19.0443	sd = 4.3640	max = 137	min = 98
[20191009_074821 / lib_ip.py:4275] len(Hs) = 8100, len(Ss) = 8100, len(Vs) = 8100
[20191009_074821 / lib_ip.py:4314] pink : variance --> out of range (variance = 19.044 / upper = 0.750 / lower = 0.030)
[20191009_074821 / lib_ip.py:3753] file = img.20191009_074817.2019-10-08_18-17-01_000.jpg.3.png / val_Average = 110.9543	val_Variance = 19.0443	sd = 4.3640	max = 137	min = 98
[20191009_074821 / lib_ip.py:4378] len(Hs) = 8100, len(Ss) = 8100, len(Vs) = 8100
[20191009_074821 / lib_ip.py:4422] black : variance --> out of range (variance = 19.044 / upper = 0.000 / lower = 0.000)
[20191009_074821 / lib_ip.py:4593] file : img.20191009_074817.2019-10-08_18-17-01_000.jpg.3.png 2 (black : variance --> out of range (variance = 19.044 / upper = 0.000 / lower = 0.000))
[20191009_074821 / lib_ip.py:2274] inspecting ===> img.20191009_074817.2019-10-08_18-17-01_000.jpg.4.png
[20191009_074821 / lib_ip.py:4505] 
img.20191009_074817.2019-10-08_18-17-01_000.jpg.4.png 3 ---------------------
[20191009_074821 / lib_ip.py:3753] file = img.20191009_074817.2019-10-08_18-17-01_000.jpg.4.png / val_Average = 120.9335	val_Variance = 0.2248	sd = 0.4742	max = 122	min = 120
[20191009_074821 / lib_ip.py:3836] len(Hs) = 8100, len(Ss) = 8100, len(Vs) = 8100
[20191009_074821 / lib_ip.py:3891] yellow : average --> out of range (average = 120.933 / upper = 99.200 / lower = 85.500)
[20191009_074821 / lib_ip.py:3753] file = img.20191009_074817.2019-10-08_18-17-01_000.jpg.4.png / val_Average = 120.9335	val_Variance = 0.2248	sd = 0.4742	max = 122	min = 120
[20191009_074821 / lib_ip.py:3936] len(Hs) = 8100, len(Ss) = 8100, len(Vs) = 8100
[20191009_074821 / lib_ip.py:2274] inspecting ===> img.20191009_074817.2019-10-08_18-17-01_000.jpg.4.png
img.20191009_074817.2019-10-08_18-17-01_000.jpg.1.png => other
img.20191009_074817.2019-10-08_18-17-01_000.jpg.2.png => other
img.20191009_074817.2019-10-08_18-17-01_000.jpg.3.png => other
img.20191009_074817.2019-10-08_18-17-01_000.jpg.4.png => other
[20191009_074821 lib_ip.py:3301] =============== Get 4 corners
dpath_Images = C:\WORKS_2\WS\WS_Others.Art\JVEMV6\46_art\VIRTUAL\Admin_Projects\ip\images
fname_Image = img.20191009_074817.2019-10-08_18-17-01_000.jpg.4.png

[20191009_074822 / lib_ip.py:2274] inspecting ===> img.20191009_074822.2019-10-08_18-17-33_000.jpg.1.png
[20191009_074822 / lib_ip.py:4505] 
img.20191009_074822.2019-10-08_18-17-33_000.jpg.1.png 0 ---------------------
[20191009_074822 / lib_ip.py:3753] file = img.20191009_074822.2019-10-08_18-17-33_000.jpg.1.png / val_Average = 114.2586	val_Variance = 8.1656	sd = 2.8575	max = 125	min = 102
[20191009_074822 / lib_ip.py:3836] len(Hs) = 8100, len(Ss) = 8100, len(Vs) = 8100
[20191009_074823 / lib_ip.py:3869] yellow : variance --> out of range (variance = 8.166 / upper = 0.650 / lower = 0.000)
[20191009_074823 / lib_ip.py:3753] file = img.20191009_074822.2019-10-08_18-17-33_000.jpg.1.png / val_Average = 114.2586	val_Variance = 8.1656	sd = 2.8575	max = 125	min = 102
[20191009_074823 / lib_ip.py:3936] len(Hs) = 8100, len(Ss) = 8100, len(Vs) = 8100
[20191009_074823 / lib_ip.py:3982] red : variance --> out of range (variance = 8.166 / upper = 0.430 / lower = 0.000)
[20191009_074823 / lib_ip.py:3753] file = img.20191009_074822.2019-10-08_18-17-33_000.jpg.1.png / val_Average = 114.2586	val_Variance = 8.1656	sd = 2.8575	max = 125	min = 102
[20191009_074823 / lib_ip.py:4052] len(Hs) = 8100, len(Ss) = 8100, len(Vs) = 8100
[20191009_074823 / lib_ip.py:4099] green : variance --> out of range (variance = 8.166 / upper = 0.760 / lower = 0.000)
[20191009_074823 / lib_ip.py:3753] file = img.20191009_074822.2019-10-08_18-17-33_000.jpg.1.png / val_Average = 114.2586	val_Variance = 8.1656	sd = 2.8575	max = 125	min = 102
[20191009_074823 / lib_ip.py:4169] len(Hs) = 8100, len(Ss) = 8100, len(Vs) = 8100
[20191009_074823 / lib_ip.py:4208] blue : variance --> out of range (variance = 8.166 / upper = 0.930 / lower = 0.010)
[20191009_074823 / lib_ip.py:3753] file = img.20191009_074822.2019-10-08_18-17-33_000.jpg.1.png / val_Average = 114.2586	val_Variance = 8.1656	sd = 2.8575	max = 125	min = 102
[20191009_074823 / lib_ip.py:4275] len(Hs) = 8100, len(Ss) = 8100, len(Vs) = 8100
[20191009_074823 / lib_ip.py:4314] pink : variance --> out of range (variance = 8.166 / upper = 0.750 / lower = 0.030)
[20191009_074823 / lib_ip.py:3753] file = img.20191009_074822.2019-10-08_18-17-33_000.jpg.1.png / val_Average = 114.2586	val_Variance = 8.1656	sd = 2.8575	max = 125	min = 102
[20191009_074823 / lib_ip.py:4378] len(Hs) = 8100, len(Ss) = 8100, len(Vs) = 8100
[20191009_074823 / lib_ip.py:4422] black : variance --> out of range (variance = 8.166 / upper = 0.000 / lower = 0.000)
[20191009_074823 / lib_ip.py:4593] file : img.20191009_074822.2019-10-08_18-17-33_000.jpg.1.png 0 (black : variance --> out of range (variance = 8.166 / upper = 0.000 / lower = 0.000))
[20191009_074823 / lib_ip.py:2274] inspecting ===> img.20191009_074822.2019-10-08_18-17-33_000.jpg.2.png
[20191009_074824 / lib_ip.py:4505] 
img.20191009_074822.2019-10-08_18-17-33_000.jpg.2.png 1 ---------------------
[20191009_074824 / lib_ip.py:3753] file = img.20191009_074822.2019-10-08_18-17-33_000.jpg.2.png / val_Average = 55.2621	val_Variance = 1490.8467	sd = 38.6115	max = 160	min = 0
[20191009_074824 / lib_ip.py:3836] len(Hs) = 8100, len(Ss) = 8100, len(Vs) = 8100
[20191009_074824 / lib_ip.py:3869] yellow : variance --> out of range (variance = 1490.847 / upper = 0.650 / lower = 0.000)
[20191009_074824 / lib_ip.py:3753] file = img.20191009_074822.2019-10-08_18-17-33_000.jpg.2.png / val_Average = 55.2621	val_Variance = 1490.8467	sd = 38.6115	max = 160	min = 0
[20191009_074824 / lib_ip.py:3936] len(Hs) = 8100, len(Ss) = 8100, len(Vs) = 8100
[20191009_074824 / lib_ip.py:3982] red : variance --> out of range (variance = 1490.847 / upper = 0.430 / lower = 0.000)
[20191009_074824 / lib_ip.py:3753] file = img.20191009_074822.2019-10-08_18-17-33_000.jpg.2.png / val_Average = 55.2621	val_Variance = 1490.8467	sd = 38.6115	max = 160	min = 0
[20191009_074824 / lib_ip.py:4052] len(Hs) = 8100, len(Ss) = 8100, len(Vs) = 8100
[20191009_074824 / lib_ip.py:4099] green : variance --> out of range (variance = 1490.847 / upper = 0.760 / lower = 0.000)
[20191009_074824 / lib_ip.py:3753] file = img.20191009_074822.2019-10-08_18-17-33_000.jpg.2.png / val_Average = 55.2621	val_Variance = 1490.8467	sd = 38.6115	max = 160	min = 0
[20191009_074824 / lib_ip.py:4169] len(Hs) = 8100, len(Ss) = 8100, len(Vs) = 8100
[20191009_074824 / lib_ip.py:4208] blue : variance --> out of range (variance = 1490.847 / upper = 0.930 / lower = 0.010)
[20191009_074824 / lib_ip.py:3753] file = img.20191009_074822.2019-10-08_18-17-33_000.jpg.2.png / val_Average = 55.2621	val_Variance = 1490.8467	sd = 38.6115	max = 160	min = 0
[20191009_074824 / lib_ip.py:4275] len(Hs) = 8100, len(Ss) = 8100, len(Vs) = 8100
[20191009_074824 / lib_ip.py:4314] pink : variance --> out of range (variance = 1490.847 / upper = 0.750 / lower = 0.030)
[20191009_074825 / lib_ip.py:3753] file = img.20191009_074822.2019-10-08_18-17-33_000.jpg.2.png / val_Average = 55.2621	val_Variance = 1490.8467	sd = 38.6115	max = 160	min = 0
[20191009_074825 / lib_ip.py:4378] len(Hs) = 8100, len(Ss) = 8100, len(Vs) = 8100
[20191009_074825 / lib_ip.py:4422] black : variance --> out of range (variance = 1490.847 / upper = 0.000 / lower = 0.000)
[20191009_074825 / lib_ip.py:4593] file : img.20191009_074822.2019-10-08_18-17-33_000.jpg.2.png 1 (black : variance --> out of range (variance = 1490.847 / upper = 0.000 / lower = 0.000))
[20191009_074825 / lib_ip.py:2274] inspecting ===> img.20191009_074822.2019-10-08_18-17-33_000.jpg.3.png
[20191009_074825 / lib_ip.py:4505] 
img.20191009_074822.2019-10-08_18-17-33_000.jpg.3.png 2 ---------------------
[20191009_074825 / lib_ip.py:3753] file = img.20191009_074822.2019-10-08_18-17-33_000.jpg.3.png / val_Average = 110.7480	val_Variance = 4.8561	sd = 2.2037	max = 118	min = 102
[20191009_074825 / lib_ip.py:3836] len(Hs) = 8100, len(Ss) = 8100, len(Vs) = 8100
[20191009_074825 / lib_ip.py:3869] yellow : variance --> out of range (variance = 4.856 / upper = 0.650 / lower = 0.000)
[20191009_074825 / lib_ip.py:3753] file = img.20191009_074822.2019-10-08_18-17-33_000.jpg.3.png / val_Average = 110.7480	val_Variance = 4.8561	sd = 2.2037	max = 118	min = 102
[20191009_074825 / lib_ip.py:3936] len(Hs) = 8100, len(Ss) = 8100, len(Vs) = 8100
[20191009_074826 / lib_ip.py:3982] red : variance --> out of range (variance = 4.856 / upper = 0.430 / lower = 0.000)
[20191009_074826 / lib_ip.py:3753] file = img.20191009_074822.2019-10-08_18-17-33_000.jpg.3.png / val_Average = 110.7480	val_Variance = 4.8561	sd = 2.2037	max = 118	min = 102
[20191009_074826 / lib_ip.py:4052] len(Hs) = 8100, len(Ss) = 8100, len(Vs) = 8100
[20191009_074826 / lib_ip.py:4099] green : variance --> out of range (variance = 4.856 / upper = 0.760 / lower = 0.000)
[20191009_074826 / lib_ip.py:3753] file = img.20191009_074822.2019-10-08_18-17-33_000.jpg.3.png / val_Average = 110.7480	val_Variance = 4.8561	sd = 2.2037	max = 118	min = 102
[20191009_074826 / lib_ip.py:4169] len(Hs) = 8100, len(Ss) = 8100, len(Vs) = 8100
[20191009_074826 / lib_ip.py:4208] blue : variance --> out of range (variance = 4.856 / upper = 0.930 / lower = 0.010)
[20191009_074826 / lib_ip.py:3753] file = img.20191009_074822.2019-10-08_18-17-33_000.jpg.3.png / val_Average = 110.7480	val_Variance = 4.8561	sd = 2.2037	max = 118	min = 102
[20191009_074826 / lib_ip.py:4275] len(Hs) = 8100, len(Ss) = 8100, len(Vs) = 8100
[20191009_074826 / lib_ip.py:4314] pink : variance --> out of range (variance = 4.856 / upper = 0.750 / lower = 0.030)
[20191009_074826 / lib_ip.py:3753] file = img.20191009_074822.2019-10-08_18-17-33_000.jpg.3.png / val_Average = 110.7480	val_Variance = 4.8561	sd = 2.2037	max = 118	min = 102
[20191009_074826 / lib_ip.py:4378] len(Hs) = 8100, len(Ss) = 8100, len(Vs) = 8100
[20191009_074826 / lib_ip.py:4422] black : variance --> out of range (variance = 4.856 / upper = 0.000 / lower = 0.000)
[20191009_074826 / lib_ip.py:4593] file : img.20191009_074822.2019-10-08_18-17-33_000.jpg.3.png 2 (black : variance --> out of range (variance = 4.856 / upper = 0.000 / lower = 0.000))
[20191009_074826 / lib_ip.py:2274] inspecting ===> img.20191009_074822.2019-10-08_18-17-33_000.jpg.4.png
[20191009_074827 / lib_ip.py:4505] 
img.20191009_074822.2019-10-08_18-17-33_000.jpg.4.png 3 ---------------------
[20191009_074827 / lib_ip.py:3753] file = img.20191009_074822.2019-10-08_18-17-33_000.jpg.4.png / val_Average = 120.8359	val_Variance = 0.2791	sd = 0.5283	max = 122	min = 120
[20191009_074827 / lib_ip.py:3836] len(Hs) = 8100, len(Ss) = 8100, len(Vs) = 8100
[20191009_074827 / lib_ip.py:3891] yellow : average --> out of range (average = 120.836 / upper = 99.200 / lower = 85.500)
[20191009_074827 / lib_ip.py:3753] file = img.20191009_074822.2019-10-08_18-17-33_000.jpg.4.png / val_Average = 120.8359	val_Variance = 0.2791	sd = 0.5283	max = 122	min = 120
[20191009_074827 / lib_ip.py:3936] len(Hs) = 8100, len(Ss) = 8100, len(Vs) = 8100
[20191009_074826 / lib_ip.py:2274] inspecting ===> img.20191009_074822.2019-10-08_18-17-33_000.jpg.4.png
img.20191009_074822.2019-10-08_18-17-33_000.jpg.1.png => other
img.20191009_074822.2019-10-08_18-17-33_000.jpg.2.png => other
img.20191009_074822.2019-10-08_18-17-33_000.jpg.3.png => other
img.20191009_074822.2019-10-08_18-17-33_000.jpg.4.png => other
[20191009_074827 lib_ip.py:3301] =============== Get 4 corners
dpath_Images = C:\WORKS_2\WS\WS_Others.Art\JVEMV6\46_art\VIRTUAL\Admin_Projects\ip\images
fname_Image = img.20191009_074822.2019-10-08_18-17-33_000.jpg.4.png

[20191009_074828 / lib_ip.py:2274] inspecting ===> img.20191009_074827.2019-10-08_20-37-12_000.jpg.1.png
[20191009_074828 / lib_ip.py:4505] 
img.20191009_074827.2019-10-08_20-37-12_000.jpg.1.png 0 ---------------------
[20191009_074828 / lib_ip.py:3753] file = img.20191009_074827.2019-10-08_20-37-12_000.jpg.1.png / val_Average = 40.6732	val_Variance = 2013.4701	sd = 44.8717	max = 135	min = 0
[20191009_074828 / lib_ip.py:3836] len(Hs) = 8100, len(Ss) = 8100, len(Vs) = 8100
[20191009_074828 / lib_ip.py:3869] yellow : variance --> out of range (variance = 2013.470 / upper = 0.650 / lower = 0.000)
[20191009_074828 / lib_ip.py:3753] file = img.20191009_074827.2019-10-08_20-37-12_000.jpg.1.png / val_Average = 40.6732	val_Variance = 2013.4701	sd = 44.8717	max = 135	min = 0
[20191009_074828 / lib_ip.py:3936] len(Hs) = 8100, len(Ss) = 8100, len(Vs) = 8100
[20191009_074828 / lib_ip.py:3982] red : variance --> out of range (variance = 2013.470 / upper = 0.430 / lower = 0.000)
[20191009_074828 / lib_ip.py:3753] file = img.20191009_074827.2019-10-08_20-37-12_000.jpg.1.png / val_Average = 40.6732	val_Variance = 2013.4701	sd = 44.8717	max = 135	min = 0
[20191009_074828 / lib_ip.py:4052] len(Hs) = 8100, len(Ss) = 8100, len(Vs) = 8100
[20191009_074828 / lib_ip.py:4099] green : variance --> out of range (variance = 2013.470 / upper = 0.760 / lower = 0.000)
[20191009_074829 / lib_ip.py:3753] file = img.20191009_074827.2019-10-08_20-37-12_000.jpg.1.png / val_Average = 40.6732	val_Variance = 2013.4701	sd = 44.8717	max = 135	min = 0
[20191009_074829 / lib_ip.py:4169] len(Hs) = 8100, len(Ss) = 8100, len(Vs) = 8100
[20191009_074829 / lib_ip.py:4208] blue : variance --> out of range (variance = 2013.470 / upper = 0.930 / lower = 0.010)
[20191009_074829 / lib_ip.py:3753] file = img.20191009_074827.2019-10-08_20-37-12_000.jpg.1.png / val_Average = 40.6732	val_Variance = 2013.4701	sd = 44.8717	max = 135	min = 0
[20191009_074829 / lib_ip.py:4275] len(Hs) = 8100, len(Ss) = 8100, len(Vs) = 8100
[20191009_074829 / lib_ip.py:4314] pink : variance --> out of range (variance = 2013.470 / upper = 0.750 / lower = 0.030)
[20191009_074829 / lib_ip.py:3753] file = img.20191009_074827.2019-10-08_20-37-12_000.jpg.1.png / val_Average = 40.6732	val_Variance = 2013.4701	sd = 44.8717	max = 135	min = 0
[20191009_074829 / lib_ip.py:4378] len(Hs) = 8100, len(Ss) = 8100, len(Vs) = 8100
[20191009_074829 / lib_ip.py:4422] black : variance --> out of range (variance = 2013.470 / upper = 0.000 / lower = 0.000)
[20191009_074829 / lib_ip.py:4593] file : img.20191009_074827.2019-10-08_20-37-12_000.jpg.1.png 0 (black : variance --> out of range (variance = 2013.470 / upper = 0.000 / lower = 0.000))
[20191009_074829 / lib_ip.py:2274] inspecting ===> img.20191009_074827.2019-10-08_20-37-12_000.jpg.2.png
[20191009_074829 / lib_ip.py:4505] 
img.20191009_074827.2019-10-08_20-37-12_000.jpg.2.png 1 ---------------------
[20191009_074829 / lib_ip.py:3753] file = img.20191009_074827.2019-10-08_20-37-12_000.jpg.2.png / val_Average = 56.6828	val_Variance = 1653.3178	sd = 40.6610	max = 135	min = 0
[20191009_074829 / lib_ip.py:3836] len(Hs) = 8100, len(Ss) = 8100, len(Vs) = 8100
[20191009_074829 / lib_ip.py:3869] yellow : variance --> out of range (variance = 1653.318 / upper = 0.650 / lower = 0.000)
[20191009_074829 / lib_ip.py:3753] file = img.20191009_074827.2019-10-08_20-37-12_000.jpg.2.png / val_Average = 56.6828	val_Variance = 1653.3178	sd = 40.6610	max = 135	min = 0
[20191009_074829 / lib_ip.py:3936] len(Hs) = 8100, len(Ss) = 8100, len(Vs) = 8100
[20191009_074830 / lib_ip.py:3982] red : variance --> out of range (variance = 1653.318 / upper = 0.430 / lower = 0.000)
[20191009_074830 / lib_ip.py:3753] file = img.20191009_074827.2019-10-08_20-37-12_000.jpg.2.png / val_Average = 56.6828	val_Variance = 1653.3178	sd = 40.6610	max = 135	min = 0
[20191009_074830 / lib_ip.py:4052] len(Hs) = 8100, len(Ss) = 8100, len(Vs) = 8100
[20191009_074830 / lib_ip.py:4099] green : variance --> out of range (variance = 1653.318 / upper = 0.760 / lower = 0.000)
[20191009_074830 / lib_ip.py:3753] file = img.20191009_074827.2019-10-08_20-37-12_000.jpg.2.png / val_Average = 56.6828	val_Variance = 1653.3178	sd = 40.6610	max = 135	min = 0
[20191009_074830 / lib_ip.py:4169] len(Hs) = 8100, len(Ss) = 8100, len(Vs) = 8100
[20191009_074830 / lib_ip.py:4208] blue : variance --> out of range (variance = 1653.318 / upper = 0.930 / lower = 0.010)
[20191009_074830 / lib_ip.py:3753] file = img.20191009_074827.2019-10-08_20-37-12_000.jpg.2.png / val_Average = 56.6828	val_Variance = 1653.3178	sd = 40.6610	max = 135	min = 0
[20191009_074830 / lib_ip.py:4275] len(Hs) = 8100, len(Ss) = 8100, len(Vs) = 8100
[20191009_074830 / lib_ip.py:4314] pink : variance --> out of range (variance = 1653.318 / upper = 0.750 / lower = 0.030)
[20191009_074830 / lib_ip.py:3753] file = img.20191009_074827.2019-10-08_20-37-12_000.jpg.2.png / val_Average = 56.6828	val_Variance = 1653.3178	sd = 40.6610	max = 135	min = 0
[20191009_074830 / lib_ip.py:4378] len(Hs) = 8100, len(Ss) = 8100, len(Vs) = 8100
[20191009_074830 / lib_ip.py:4422] black : variance --> out of range (variance = 1653.318 / upper = 0.000 / lower = 0.000)
[20191009_074830 / lib_ip.py:4593] file : img.20191009_074827.2019-10-08_20-37-12_000.jpg.2.png 1 (black : variance --> out of range (variance = 1653.318 / upper = 0.000 / lower = 0.000))
[20191009_074830 / lib_ip.py:2274] inspecting ===> img.20191009_074827.2019-10-08_20-37-12_000.jpg.3.png
[20191009_074831 / lib_ip.py:4505] 
img.20191009_074827.2019-10-08_20-37-12_000.jpg.3.png 2 ---------------------
[20191009_074831 / lib_ip.py:3753] file = img.20191009_074827.2019-10-08_20-37-12_000.jpg.3.png / val_Average = 92.9749	val_Variance = 0.0244	sd = 0.1563	max = 93	min = 92
[20191009_074831 / lib_ip.py:3836] len(Hs) = 8100, len(Ss) = 8100, len(Vs) = 8100
[20191009_074831 / lib_ip.py:2274] inspecting ===> img.20191009_074827.2019-10-08_20-37-12_000.jpg.4.png
[20191009_074831 / lib_ip.py:4505] 
img.20191009_074827.2019-10-08_20-37-12_000.jpg.4.png 3 ---------------------
[20191009_074831 / lib_ip.py:3753] file = img.20191009_074827.2019-10-08_20-37-12_000.jpg.4.png / val_Average = 82.6106	val_Variance = 1013.8983	sd = 31.8418	max = 176	min = 0
[20191009_074831 / lib_ip.py:3836] len(Hs) = 8100, len(Ss) = 8100, len(Vs) = 8100
[20191009_074831 / lib_ip.py:3869] yellow : variance --> out of range (variance = 1013.898 / upper = 0.650 / lower = 0.000)
[20191009_074831 / lib_ip.py:3753] file = img.20191009_074827.2019-10-08_20-37-12_000.jpg.4.png / val_Average = 82.6106	val_Variance = 1013.8983	sd = 31.8418	max = 176	min = 0
[20191009_074831 / lib_ip.py:3936] len(Hs) = 8100, len(Ss) = 8100, len(Vs) = 8100
[20191009_074831 / lib_ip.py:3982] red : variance --> out of range (variance = 1013.898 / upper = 0.430 / lower = 0.000)
[20191009_074831 / lib_ip.py:3753] file = img.20191009_074827.2019-10-08_20-37-12_000.jpg.4.png / val_Average = 82.6106	val_Variance = 1013.8983	sd = 31.8418	max = 176	min = 0
[20191009_074831 / lib_ip.py:4052] len(Hs) = 8100, len(Ss) = 8100, len(Vs) = 8100
[20191009_074832 / lib_ip.py:4099] green : variance --> out of range (variance = 1013.898 / upper = 0.760 / lower = 0.000)
[20191009_074832 / lib_ip.py:3753] file = img.20191009_074827.2019-10-08_20-37-12_000.jpg.4.png / val_Average = 82.6106	val_Variance = 1013.8983	sd = 31.8418	max = 176	min = 0
[20191009_074832 / lib_ip.py:4169] len(Hs) = 8100, len(Ss) = 8100, len(Vs) = 8100
[20191009_074832 / lib_ip.py:4208] blue : variance --> out of range (variance = 1013.898 / upper = 0.930 / lower = 0.010)
[20191009_074832 / lib_ip.py:3753] file = img.20191009_074827.2019-10-08_20-37-12_000.jpg.4.png / val_Average = 82.6106	val_Variance = 1013.8983	sd = 31.8418	max = 176	min = 0
[20191009_074832 / lib_ip.py:4275] len(Hs) = 8100, len(Ss) = 8100, len(Vs) = 8100
[20191009_074832 / lib_ip.py:4314] pink : variance --> out of range (variance = 1013.898 / upper = 0.750 / lower = 0.030)
[20191009_074832 / lib_ip.py:3753] file = img.20191009_074827.2019-10-08_20-37-12_000.jpg.4.png / val_Average = 82.6106	val_Variance = 1013.8983	sd = 31.8418	max = 176	min = 0
[20191009_074832 / lib_ip.py:4378] len(Hs) = 8100, len(Ss) = 8100, len(Vs) = 8100
[20191009_074832 / lib_ip.py:4422] black : variance --> out of range (variance = 1013.898 / upper = 0.000 / lower = 0.000)
[20191009_074832 / lib_ip.py:4593] file : img.20191009_074827.2019-10-08_20-37-12_000.jpg.4.png 3 (black : variance --> out of range (variance = 1013.898 / upper = 0.000 / lower = 0.000))
[20191009_074831 / lib_ip.py:2274] inspecting ===> img.20191009_074827.2019-10-08_20-37-12_000.jpg.4.png
img.20191009_074827.2019-10-08_20-37-12_000.jpg.1.png => other
img.20191009_074827.2019-10-08_20-37-12_000.jpg.2.png => other
img.20191009_074827.2019-10-08_20-37-12_000.jpg.3.png => other
img.20191009_074827.2019-10-08_20-37-12_000.jpg.4.png => other
[20191009_074832 lib_ip.py:3301] =============== Get 4 corners
dpath_Images = C:\WORKS_2\WS\WS_Others.Art\JVEMV6\46_art\VIRTUAL\Admin_Projects\ip\images
fname_Image = img.20191009_074827.2019-10-08_20-37-12_000.jpg.4.png

[20191009_074833 / lib_ip.py:2274] inspecting ===> img.20191009_074833.2019-10-09_01-08-00_000.jpg.1.png
[20191009_074833 / lib_ip.py:4505] 
img.20191009_074833.2019-10-09_01-08-00_000.jpg.1.png 0 ---------------------
[20191009_074833 / lib_ip.py:3753] file = img.20191009_074833.2019-10-09_01-08-00_000.jpg.1.png / val_Average = 59.2436	val_Variance = 2138.9749	sd = 46.2491	max = 135	min = 0
[20191009_074833 / lib_ip.py:3836] len(Hs) = 8100, len(Ss) = 8100, len(Vs) = 8100
[20191009_074833 / lib_ip.py:3869] yellow : variance --> out of range (variance = 2138.975 / upper = 0.650 / lower = 0.000)
[20191009_074833 / lib_ip.py:3753] file = img.20191009_074833.2019-10-09_01-08-00_000.jpg.1.png / val_Average = 59.2436	val_Variance = 2138.9749	sd = 46.2491	max = 135	min = 0
[20191009_074833 / lib_ip.py:3936] len(Hs) = 8100, len(Ss) = 8100, len(Vs) = 8100
[20191009_074833 / lib_ip.py:3982] red : variance --> out of range (variance = 2138.975 / upper = 0.430 / lower = 0.000)
[20191009_074834 / lib_ip.py:3753] file = img.20191009_074833.2019-10-09_01-08-00_000.jpg.1.png / val_Average = 59.2436	val_Variance = 2138.9749	sd = 46.2491	max = 135	min = 0
[20191009_074834 / lib_ip.py:4052] len(Hs) = 8100, len(Ss) = 8100, len(Vs) = 8100
[20191009_074834 / lib_ip.py:4099] green : variance --> out of range (variance = 2138.975 / upper = 0.760 / lower = 0.000)
[20191009_074834 / lib_ip.py:3753] file = img.20191009_074833.2019-10-09_01-08-00_000.jpg.1.png / val_Average = 59.2436	val_Variance = 2138.9749	sd = 46.2491	max = 135	min = 0
[20191009_074834 / lib_ip.py:4169] len(Hs) = 8100, len(Ss) = 8100, len(Vs) = 8100
[20191009_074834 / lib_ip.py:4208] blue : variance --> out of range (variance = 2138.975 / upper = 0.930 / lower = 0.010)
[20191009_074834 / lib_ip.py:3753] file = img.20191009_074833.2019-10-09_01-08-00_000.jpg.1.png / val_Average = 59.2436	val_Variance = 2138.9749	sd = 46.2491	max = 135	min = 0
[20191009_074834 / lib_ip.py:4275] len(Hs) = 8100, len(Ss) = 8100, len(Vs) = 8100
[20191009_074834 / lib_ip.py:4314] pink : variance --> out of range (variance = 2138.975 / upper = 0.750 / lower = 0.030)
[20191009_074834 / lib_ip.py:3753] file = img.20191009_074833.2019-10-09_01-08-00_000.jpg.1.png / val_Average = 59.2436	val_Variance = 2138.9749	sd = 46.2491	max = 135	min = 0
[20191009_074834 / lib_ip.py:4378] len(Hs) = 8100, len(Ss) = 8100, len(Vs) = 8100
[20191009_074834 / lib_ip.py:4422] black : variance --> out of range (variance = 2138.975 / upper = 0.000 / lower = 0.000)
[20191009_074834 / lib_ip.py:4593] file : img.20191009_074833.2019-10-09_01-08-00_000.jpg.1.png 0 (black : variance --> out of range (variance = 2138.975 / upper = 0.000 / lower = 0.000))
[20191009_074834 / lib_ip.py:2274] inspecting ===> img.20191009_074833.2019-10-09_01-08-00_000.jpg.2.png
[20191009_074834 / lib_ip.py:4505] 
img.20191009_074833.2019-10-09_01-08-00_000.jpg.2.png 1 ---------------------
[20191009_074834 / lib_ip.py:3753] file = img.20191009_074833.2019-10-09_01-08-00_000.jpg.2.png / val_Average = 56.7375	val_Variance = 2559.8778	sd = 50.5952	max = 160	min = 0
[20191009_074835 / lib_ip.py:3836] len(Hs) = 8100, len(Ss) = 8100, len(Vs) = 8100
[20191009_074835 / lib_ip.py:3869] yellow : variance --> out of range (variance = 2559.878 / upper = 0.650 / lower = 0.000)
[20191009_074835 / lib_ip.py:3753] file = img.20191009_074833.2019-10-09_01-08-00_000.jpg.2.png / val_Average = 56.7375	val_Variance = 2559.8778	sd = 50.5952	max = 160	min = 0
[20191009_074835 / lib_ip.py:3936] len(Hs) = 8100, len(Ss) = 8100, len(Vs) = 8100
[20191009_074835 / lib_ip.py:3982] red : variance --> out of range (variance = 2559.878 / upper = 0.430 / lower = 0.000)
[20191009_074835 / lib_ip.py:3753] file = img.20191009_074833.2019-10-09_01-08-00_000.jpg.2.png / val_Average = 56.7375	val_Variance = 2559.8778	sd = 50.5952	max = 160	min = 0
[20191009_074835 / lib_ip.py:4052] len(Hs) = 8100, len(Ss) = 8100, len(Vs) = 8100
[20191009_074835 / lib_ip.py:4099] green : variance --> out of range (variance = 2559.878 / upper = 0.760 / lower = 0.000)
[20191009_074835 / lib_ip.py:3753] file = img.20191009_074833.2019-10-09_01-08-00_000.jpg.2.png / val_Average = 56.7375	val_Variance = 2559.8778	sd = 50.5952	max = 160	min = 0
[20191009_074835 / lib_ip.py:4169] len(Hs) = 8100, len(Ss) = 8100, len(Vs) = 8100
[20191009_074835 / lib_ip.py:4208] blue : variance --> out of range (variance = 2559.878 / upper = 0.930 / lower = 0.010)
[20191009_074835 / lib_ip.py:3753] file = img.20191009_074833.2019-10-09_01-08-00_000.jpg.2.png / val_Average = 56.7375	val_Variance = 2559.8778	sd = 50.5952	max = 160	min = 0
[20191009_074835 / lib_ip.py:4275] len(Hs) = 8100, len(Ss) = 8100, len(Vs) = 8100
[20191009_074835 / lib_ip.py:4314] pink : variance --> out of range (variance = 2559.878 / upper = 0.750 / lower = 0.030)
[20191009_074835 / lib_ip.py:3753] file = img.20191009_074833.2019-10-09_01-08-00_000.jpg.2.png / val_Average = 56.7375	val_Variance = 2559.8778	sd = 50.5952	max = 160	min = 0
[20191009_074835 / lib_ip.py:4378] len(Hs) = 8100, len(Ss) = 8100, len(Vs) = 8100
[20191009_074836 / lib_ip.py:4422] black : variance --> out of range (variance = 2559.878 / upper = 0.000 / lower = 0.000)
[20191009_074836 / lib_ip.py:4593] file : img.20191009_074833.2019-10-09_01-08-00_000.jpg.2.png 1 (black : variance --> out of range (variance = 2559.878 / upper = 0.000 / lower = 0.000))
[20191009_074836 / lib_ip.py:2274] inspecting ===> img.20191009_074833.2019-10-09_01-08-00_000.jpg.3.png
[20191009_074836 / lib_ip.py:4505] 
img.20191009_074833.2019-10-09_01-08-00_000.jpg.3.png 2 ---------------------
[20191009_074836 / lib_ip.py:3753] file = img.20191009_074833.2019-10-09_01-08-00_000.jpg.3.png / val_Average = 104.8096	val_Variance = 2.6736	sd = 1.6351	max = 113	min = 98
[20191009_074836 / lib_ip.py:3836] len(Hs) = 8100, len(Ss) = 8100, len(Vs) = 8100
[20191009_074836 / lib_ip.py:3869] yellow : variance --> out of range (variance = 2.674 / upper = 0.650 / lower = 0.000)
[20191009_074836 / lib_ip.py:3753] file = img.20191009_074833.2019-10-09_01-08-00_000.jpg.3.png / val_Average = 104.8096	val_Variance = 2.6736	sd = 1.6351	max = 113	min = 98
[20191009_074836 / lib_ip.py:3936] len(Hs) = 8100, len(Ss) = 8100, len(Vs) = 8100
[20191009_074836 / lib_ip.py:3982] red : variance --> out of range (variance = 2.674 / upper = 0.430 / lower = 0.000)
[20191009_074836 / lib_ip.py:3753] file = img.20191009_074833.2019-10-09_01-08-00_000.jpg.3.png / val_Average = 104.8096	val_Variance = 2.6736	sd = 1.6351	max = 113	min = 98
[20191009_074836 / lib_ip.py:4052] len(Hs) = 8100, len(Ss) = 8100, len(Vs) = 8100
[20191009_074836 / lib_ip.py:4099] green : variance --> out of range (variance = 2.674 / upper = 0.760 / lower = 0.000)
[20191009_074836 / lib_ip.py:3753] file = img.20191009_074833.2019-10-09_01-08-00_000.jpg.3.png / val_Average = 104.8096	val_Variance = 2.6736	sd = 1.6351	max = 113	min = 98
[20191009_074836 / lib_ip.py:4169] len(Hs) = 8100, len(Ss) = 8100, len(Vs) = 8100
[20191009_074836 / lib_ip.py:4208] blue : variance --> out of range (variance = 2.674 / upper = 0.930 / lower = 0.010)
[20191009_074836 / lib_ip.py:3753] file = img.20191009_074833.2019-10-09_01-08-00_000.jpg.3.png / val_Average = 104.8096	val_Variance = 2.6736	sd = 1.6351	max = 113	min = 98
[20191009_074836 / lib_ip.py:4275] len(Hs) = 8100, len(Ss) = 8100, len(Vs) = 8100
[20191009_074837 / lib_ip.py:4314] pink : variance --> out of range (variance = 2.674 / upper = 0.750 / lower = 0.030)
[20191009_074837 / lib_ip.py:3753] file = img.20191009_074833.2019-10-09_01-08-00_000.jpg.3.png / val_Average = 104.8096	val_Variance = 2.6736	sd = 1.6351	max = 113	min = 98
[20191009_074837 / lib_ip.py:4378] len(Hs) = 8100, len(Ss) = 8100, len(Vs) = 8100
[20191009_074837 / lib_ip.py:4422] black : variance --> out of range (variance = 2.674 / upper = 0.000 / lower = 0.000)
[20191009_074837 / lib_ip.py:4593] file : img.20191009_074833.2019-10-09_01-08-00_000.jpg.3.png 2 (black : variance --> out of range (variance = 2.674 / upper = 0.000 / lower = 0.000))
[20191009_074837 / lib_ip.py:2274] inspecting ===> img.20191009_074833.2019-10-09_01-08-00_000.jpg.4.png
[20191009_074837 / lib_ip.py:4505] 
img.20191009_074833.2019-10-09_01-08-00_000.jpg.4.png 3 ---------------------
[20191009_074837 / lib_ip.py:3753] file = img.20191009_074833.2019-10-09_01-08-00_000.jpg.4.png / val_Average = 101.7907	val_Variance = 0.5311	sd = 0.7288	max = 105	min = 98
[20191009_074837 / lib_ip.py:3836] len(Hs) = 8100, len(Ss) = 8100, len(Vs) = 8100
[20191009_074838 / lib_ip.py:3891] yellow : average --> out of range (average = 101.791 / upper = 99.200 / lower = 85.500)
[20191009_074838 / lib_ip.py:3753] file = img.20191009_074833.2019-10-09_01-08-00_000.jpg.4.png / val_Average = 101.7907	val_Variance = 0.5311	sd = 0.7288	max = 105	min = 98
[20191009_074838 / lib_ip.py:3936] len(Hs) = 8100, len(Ss) = 8100, len(Vs) = 8100
[20191009_074838 / lib_ip.py:3982] red : variance --> out of range (variance = 0.531 / upper = 0.430 / lower = 0.000)
[20191009_074838 / lib_ip.py:3753] file = img.20191009_074833.2019-10-09_01-08-00_000.jpg.4.png / val_Average = 101.7907	val_Variance = 0.5311	sd = 0.7288	max = 105	min = 98
[20191009_074838 / lib_ip.py:4052] len(Hs) = 8100, len(Ss) = 8100, len(Vs) = 8100
[20191009_074838 / lib_ip.py:4124] green : average --> out of range (average = 101.791 / upper = 85.000 / lower = 58.000)
[20191009_074838 / lib_ip.py:3753] file = img.20191009_074833.2019-10-09_01-08-00_000.jpg.4.png / val_Average = 101.7907	val_Variance = 0.5311	sd = 0.7288	max = 105	min = 98
[20191009_074838 / lib_ip.py:4169] len(Hs) = 8100, len(Ss) = 8100, len(Vs) = 8100
[20191009_074838 / lib_ip.py:4230] blue : average --> out of range (average = 101.791 / upper = 17.000 / lower = 8.850)
[20191009_074838 / lib_ip.py:3753] file = img.20191009_074833.2019-10-09_01-08-00_000.jpg.4.png / val_Average = 101.7907	val_Variance = 0.5311	sd = 0.7288	max = 105	min = 98
[20191009_074838 / lib_ip.py:4275] len(Hs) = 8100, len(Ss) = 8100, len(Vs) = 8100
[20191009_074838 / lib_ip.py:4336] pink : average --> out of range (average = 101.791 / upper = 141.000 / lower = 127.900)
[20191009_074838 / lib_ip.py:3753] file = img.20191009_074833.2019-10-09_01-08-00_000.jpg.4.png / val_Average = 101.7907	val_Variance = 0.5311	sd = 0.7288	max = 105	min = 98
[20191009_074838 / lib_ip.py:4378] len(Hs) = 8100, len(Ss) = 8100, len(Vs) = 8100
[20191009_074838 / lib_ip.py:4422] black : variance --> out of range (variance = 0.531 / upper = 0.000 / lower = 0.000)
[20191009_074838 / lib_ip.py:4593] file : img.20191009_074833.2019-10-09_01-08-00_000.jpg.4.png 3 (black : variance --> out of range (variance = 0.531 / upper = 0.000 / lower = 0.000))
[20191009_074837 / lib_ip.py:2274] inspecting ===> img.20191009_074833.2019-10-09_01-08-00_000.jpg.4.png
img.20191009_074833.2019-10-09_01-08-00_000.jpg.1.png => other
img.20191009_074833.2019-10-09_01-08-00_000.jpg.2.png => other
img.20191009_074833.2019-10-09_01-08-00_000.jpg.3.png => other
img.20191009_074833.2019-10-09_01-08-00_000.jpg.4.png => other
[20191009_074838 lib_ip.py:3301] =============== Get 4 corners
dpath_Images = C:\WORKS_2\WS\WS_Others.Art\JVEMV6\46_art\VIRTUAL\Admin_Projects\ip\images
fname_Image = img.20191009_074833.2019-10-09_01-08-00_000.jpg.4.png

[20191009_074839 / lib_ip.py:2274] inspecting ===> img.20191009_074839.2019-10-09_05-39-16_000.jpg.1.png
[20191009_074839 / lib_ip.py:4505] 
img.20191009_074839.2019-10-09_05-39-16_000.jpg.1.png 0 ---------------------
[20191009_074839 / lib_ip.py:3753] file = img.20191009_074839.2019-10-09_05-39-16_000.jpg.1.png / val_Average = 112.8548	val_Variance = 7.0594	sd = 2.6570	max = 120	min = 106
[20191009_074839 / lib_ip.py:3836] len(Hs) = 8100, len(Ss) = 8100, len(Vs) = 8100
[20191009_074839 / lib_ip.py:3869] yellow : variance --> out of range (variance = 7.059 / upper = 0.650 / lower = 0.000)
[20191009_074839 / lib_ip.py:3753] file = img.20191009_074839.2019-10-09_05-39-16_000.jpg.1.png / val_Average = 112.8548	val_Variance = 7.0594	sd = 2.6570	max = 120	min = 106
[20191009_074840 / lib_ip.py:3936] len(Hs) = 8100, len(Ss) = 8100, len(Vs) = 8100
[20191009_074840 / lib_ip.py:3982] red : variance --> out of range (variance = 7.059 / upper = 0.430 / lower = 0.000)
[20191009_074840 / lib_ip.py:3753] file = img.20191009_074839.2019-10-09_05-39-16_000.jpg.1.png / val_Average = 112.8548	val_Variance = 7.0594	sd = 2.6570	max = 120	min = 106
[20191009_074840 / lib_ip.py:4052] len(Hs) = 8100, len(Ss) = 8100, len(Vs) = 8100
[20191009_074840 / lib_ip.py:4099] green : variance --> out of range (variance = 7.059 / upper = 0.760 / lower = 0.000)
[20191009_074840 / lib_ip.py:3753] file = img.20191009_074839.2019-10-09_05-39-16_000.jpg.1.png / val_Average = 112.8548	val_Variance = 7.0594	sd = 2.6570	max = 120	min = 106
[20191009_074840 / lib_ip.py:4169] len(Hs) = 8100, len(Ss) = 8100, len(Vs) = 8100
[20191009_074840 / lib_ip.py:4208] blue : variance --> out of range (variance = 7.059 / upper = 0.930 / lower = 0.010)
[20191009_074840 / lib_ip.py:3753] file = img.20191009_074839.2019-10-09_05-39-16_000.jpg.1.png / val_Average = 112.8548	val_Variance = 7.0594	sd = 2.6570	max = 120	min = 106
[20191009_074840 / lib_ip.py:4275] len(Hs) = 8100, len(Ss) = 8100, len(Vs) = 8100
[20191009_074840 / lib_ip.py:4314] pink : variance --> out of range (variance = 7.059 / upper = 0.750 / lower = 0.030)
[20191009_074840 / lib_ip.py:3753] file = img.20191009_074839.2019-10-09_05-39-16_000.jpg.1.png / val_Average = 112.8548	val_Variance = 7.0594	sd = 2.6570	max = 120	min = 106
[20191009_074840 / lib_ip.py:4378] len(Hs) = 8100, len(Ss) = 8100, len(Vs) = 8100
[20191009_074840 / lib_ip.py:4422] black : variance --> out of range (variance = 7.059 / upper = 0.000 / lower = 0.000)
[20191009_074840 / lib_ip.py:4593] file : img.20191009_074839.2019-10-09_05-39-16_000.jpg.1.png 0 (black : variance --> out of range (variance = 7.059 / upper = 0.000 / lower = 0.000))
[20191009_074840 / lib_ip.py:2274] inspecting ===> img.20191009_074839.2019-10-09_05-39-16_000.jpg.2.png
[20191009_074841 / lib_ip.py:4505] 
img.20191009_074839.2019-10-09_05-39-16_000.jpg.2.png 1 ---------------------
[20191009_074841 / lib_ip.py:3753] file = img.20191009_074839.2019-10-09_05-39-16_000.jpg.2.png / val_Average = 83.3359	val_Variance = 7191.9937	sd = 84.8056	max = 176	min = 0
[20191009_074841 / lib_ip.py:3836] len(Hs) = 8100, len(Ss) = 8100, len(Vs) = 8100
[20191009_074841 / lib_ip.py:3869] yellow : variance --> out of range (variance = 7191.994 / upper = 0.650 / lower = 0.000)
[20191009_074841 / lib_ip.py:3753] file = img.20191009_074839.2019-10-09_05-39-16_000.jpg.2.png / val_Average = 83.3359	val_Variance = 7191.9937	sd = 84.8056	max = 176	min = 0
[20191009_074841 / lib_ip.py:3936] len(Hs) = 8100, len(Ss) = 8100, len(Vs) = 8100
[20191009_074841 / lib_ip.py:3982] red : variance --> out of range (variance = 7191.994 / upper = 0.430 / lower = 0.000)
[20191009_074841 / lib_ip.py:3753] file = img.20191009_074839.2019-10-09_05-39-16_000.jpg.2.png / val_Average = 83.3359	val_Variance = 7191.9937	sd = 84.8056	max = 176	min = 0
[20191009_074841 / lib_ip.py:4052] len(Hs) = 8100, len(Ss) = 8100, len(Vs) = 8100
[20191009_074841 / lib_ip.py:4099] green : variance --> out of range (variance = 7191.994 / upper = 0.760 / lower = 0.000)
[20191009_074841 / lib_ip.py:3753] file = img.20191009_074839.2019-10-09_05-39-16_000.jpg.2.png / val_Average = 83.3359	val_Variance = 7191.9937	sd = 84.8056	max = 176	min = 0
[20191009_074841 / lib_ip.py:4169] len(Hs) = 8100, len(Ss) = 8100, len(Vs) = 8100
[20191009_074841 / lib_ip.py:4208] blue : variance --> out of range (variance = 7191.994 / upper = 0.930 / lower = 0.010)
[20191009_074841 / lib_ip.py:3753] file = img.20191009_074839.2019-10-09_05-39-16_000.jpg.2.png / val_Average = 83.3359	val_Variance = 7191.9937	sd = 84.8056	max = 176	min = 0
[20191009_074841 / lib_ip.py:4275] len(Hs) = 8100, len(Ss) = 8100, len(Vs) = 8100
[20191009_074842 / lib_ip.py:4314] pink : variance --> out of range (variance = 7191.994 / upper = 0.750 / lower = 0.030)
[20191009_074842 / lib_ip.py:3753] file = img.20191009_074839.2019-10-09_05-39-16_000.jpg.2.png / val_Average = 83.3359	val_Variance = 7191.9937	sd = 84.8056	max = 176	min = 0
[20191009_074842 / lib_ip.py:4378] len(Hs) = 8100, len(Ss) = 8100, len(Vs) = 8100
[20191009_074842 / lib_ip.py:4422] black : variance --> out of range (variance = 7191.994 / upper = 0.000 / lower = 0.000)
[20191009_074842 / lib_ip.py:4593] file : img.20191009_074839.2019-10-09_05-39-16_000.jpg.2.png 1 (black : variance --> out of range (variance = 7191.994 / upper = 0.000 / lower = 0.000))
[20191009_074842 / lib_ip.py:2274] inspecting ===> img.20191009_074839.2019-10-09_05-39-16_000.jpg.3.png
[20191009_074842 / lib_ip.py:4505] 
img.20191009_074839.2019-10-09_05-39-16_000.jpg.3.png 2 ---------------------
[20191009_074843 / lib_ip.py:3753] file = img.20191009_074839.2019-10-09_05-39-16_000.jpg.3.png / val_Average = 105.5930	val_Variance = 1.0219	sd = 1.0109	max = 109	min = 102
[20191009_074843 / lib_ip.py:3836] len(Hs) = 8100, len(Ss) = 8100, len(Vs) = 8100
[20191009_074843 / lib_ip.py:3869] yellow : variance --> out of range (variance = 1.022 / upper = 0.650 / lower = 0.000)
[20191009_074843 / lib_ip.py:3753] file = img.20191009_074839.2019-10-09_05-39-16_000.jpg.3.png / val_Average = 105.5930	val_Variance = 1.0219	sd = 1.0109	max = 109	min = 102
[20191009_074843 / lib_ip.py:3936] len(Hs) = 8100, len(Ss) = 8100, len(Vs) = 8100
[20191009_074843 / lib_ip.py:3982] red : variance --> out of range (variance = 1.022 / upper = 0.430 / lower = 0.000)
[20191009_074843 / lib_ip.py:3753] file = img.20191009_074839.2019-10-09_05-39-16_000.jpg.3.png / val_Average = 105.5930	val_Variance = 1.0219	sd = 1.0109	max = 109	min = 102
[20191009_074843 / lib_ip.py:4052] len(Hs) = 8100, len(Ss) = 8100, len(Vs) = 8100
[20191009_074843 / lib_ip.py:4099] green : variance --> out of range (variance = 1.022 / upper = 0.760 / lower = 0.000)
[20191009_074843 / lib_ip.py:3753] file = img.20191009_074839.2019-10-09_05-39-16_000.jpg.3.png / val_Average = 105.5930	val_Variance = 1.0219	sd = 1.0109	max = 109	min = 102
[20191009_074843 / lib_ip.py:4169] len(Hs) = 8100, len(Ss) = 8100, len(Vs) = 8100
[20191009_074843 / lib_ip.py:4208] blue : variance --> out of range (variance = 1.022 / upper = 0.930 / lower = 0.010)
[20191009_074843 / lib_ip.py:3753] file = img.20191009_074839.2019-10-09_05-39-16_000.jpg.3.png / val_Average = 105.5930	val_Variance = 1.0219	sd = 1.0109	max = 109	min = 102
[20191009_074843 / lib_ip.py:4275] len(Hs) = 8100, len(Ss) = 8100, len(Vs) = 8100
[20191009_074843 / lib_ip.py:4314] pink : variance --> out of range (variance = 1.022 / upper = 0.750 / lower = 0.030)
[20191009_074843 / lib_ip.py:3753] file = img.20191009_074839.2019-10-09_05-39-16_000.jpg.3.png / val_Average = 105.5930	val_Variance = 1.0219	sd = 1.0109	max = 109	min = 102
[20191009_074843 / lib_ip.py:4378] len(Hs) = 8100, len(Ss) = 8100, len(Vs) = 8100
[20191009_074843 / lib_ip.py:4422] black : variance --> out of range (variance = 1.022 / upper = 0.000 / lower = 0.000)
[20191009_074844 / lib_ip.py:4593] file : img.20191009_074839.2019-10-09_05-39-16_000.jpg.3.png 2 (black : variance --> out of range (variance = 1.022 / upper = 0.000 / lower = 0.000))
[20191009_074844 / lib_ip.py:2274] inspecting ===> img.20191009_074839.2019-10-09_05-39-16_000.jpg.4.png
[20191009_074844 / lib_ip.py:4505] 
img.20191009_074839.2019-10-09_05-39-16_000.jpg.4.png 3 ---------------------
[20191009_074844 / lib_ip.py:3753] file = img.20191009_074839.2019-10-09_05-39-16_000.jpg.4.png / val_Average = 105.1838	val_Variance = 1.5848	sd = 1.2589	max = 109	min = 102
[20191009_074844 / lib_ip.py:3836] len(Hs) = 8100, len(Ss) = 8100, len(Vs) = 8100
[20191009_074844 / lib_ip.py:3869] yellow : variance --> out of range (variance = 1.585 / upper = 0.650 / lower = 0.000)
[20191009_074844 / lib_ip.py:3753] file = img.20191009_074839.2019-10-09_05-39-16_000.jpg.4.png / val_Average = 105.1838	val_Variance = 1.5848	sd = 1.2589	max = 109	min = 102
[20191009_074844 / lib_ip.py:3936] len(Hs) = 8100, len(Ss) = 8100, len(Vs) = 8100
[20191009_074844 / lib_ip.py:3982] red : variance --> out of range (variance = 1.585 / upper = 0.430 / lower = 0.000)
[20191009_074844 / lib_ip.py:3753] file = img.20191009_074839.2019-10-09_05-39-16_000.jpg.4.png / val_Average = 105.1838	val_Variance = 1.5848	sd = 1.2589	max = 109	min = 102
[20191009_074844 / lib_ip.py:4052] len(Hs) = 8100, len(Ss) = 8100, len(Vs) = 8100
[20191009_074844 / lib_ip.py:4099] green : variance --> out of range (variance = 1.585 / upper = 0.760 / lower = 0.000)
[20191009_074844 / lib_ip.py:3753] file = img.20191009_074839.2019-10-09_05-39-16_000.jpg.4.png / val_Average = 105.1838	val_Variance = 1.5848	sd = 1.2589	max = 109	min = 102
[20191009_074844 / lib_ip.py:4169] len(Hs) = 8100, len(Ss) = 8100, len(Vs) = 8100
[20191009_074844 / lib_ip.py:4208] blue : variance --> out of range (variance = 1.585 / upper = 0.930 / lower = 0.010)
[20191009_074845 / lib_ip.py:3753] file = img.20191009_074839.2019-10-09_05-39-16_000.jpg.4.png / val_Average = 105.1838	val_Variance = 1.5848	sd = 1.2589	max = 109	min = 102
[20191009_074845 / lib_ip.py:4275] len(Hs) = 8100, len(Ss) = 8100, len(Vs) = 8100
[20191009_074845 / lib_ip.py:4314] pink : variance --> out of range (variance = 1.585 / upper = 0.750 / lower = 0.030)
[20191009_074845 / lib_ip.py:3753] file = img.20191009_074839.2019-10-09_05-39-16_000.jpg.4.png / val_Average = 105.1838	val_Variance = 1.5848	sd = 1.2589	max = 109	min = 102
[20191009_074845 / lib_ip.py:4378] len(Hs) = 8100, len(Ss) = 8100, len(Vs) = 8100
[20191009_074845 / lib_ip.py:4422] black : variance --> out of range (variance = 1.585 / upper = 0.000 / lower = 0.000)
[20191009_074845 / lib_ip.py:4593] file : img.20191009_074839.2019-10-09_05-39-16_000.jpg.4.png 3 (black : variance --> out of range (variance = 1.585 / upper = 0.000 / lower = 0.000))
[20191009_074844 / lib_ip.py:2274] inspecting ===> img.20191009_074839.2019-10-09_05-39-16_000.jpg.4.png
img.20191009_074839.2019-10-09_05-39-16_000.jpg.1.png => other
img.20191009_074839.2019-10-09_05-39-16_000.jpg.2.png => other
img.20191009_074839.2019-10-09_05-39-16_000.jpg.3.png => other
img.20191009_074839.2019-10-09_05-39-16_000.jpg.4.png => other
[20191009_074845 lib_ip.py:3301] =============== Get 4 corners
dpath_Images = C:\WORKS_2\WS\WS_Others.Art\JVEMV6\46_art\VIRTUAL\Admin_Projects\ip\images
fname_Image = img.20191009_074839.2019-10-09_05-39-16_000.jpg.4.png

[20191009_074846 / lib_ip.py:2274] inspecting ===> img.20191009_074845.2019-10-09_07-34-34_000.jpg.1.png
[20191009_074846 / lib_ip.py:4505] 
img.20191009_074845.2019-10-09_07-34-34_000.jpg.1.png 0 ---------------------
[20191009_074846 / lib_ip.py:3753] file = img.20191009_074845.2019-10-09_07-34-34_000.jpg.1.png / val_Average = 127.1384	val_Variance = 25.9896	sd = 5.0980	max = 144	min = 109
[20191009_074846 / lib_ip.py:3836] len(Hs) = 8100, len(Ss) = 8100, len(Vs) = 8100
[20191009_074846 / lib_ip.py:3869] yellow : variance --> out of range (variance = 25.990 / upper = 0.650 / lower = 0.000)
[20191009_074846 / lib_ip.py:3753] file = img.20191009_074845.2019-10-09_07-34-34_000.jpg.1.png / val_Average = 127.1384	val_Variance = 25.9896	sd = 5.0980	max = 144	min = 109
[20191009_074846 / lib_ip.py:3936] len(Hs) = 8100, len(Ss) = 8100, len(Vs) = 8100
[20191009_074846 / lib_ip.py:3982] red : variance --> out of range (variance = 25.990 / upper = 0.430 / lower = 0.000)
[20191009_074846 / lib_ip.py:3753] file = img.20191009_074845.2019-10-09_07-34-34_000.jpg.1.png / val_Average = 127.1384	val_Variance = 25.9896	sd = 5.0980	max = 144	min = 109
[20191009_074846 / lib_ip.py:4052] len(Hs) = 8100, len(Ss) = 8100, len(Vs) = 8100
[20191009_074846 / lib_ip.py:4099] green : variance --> out of range (variance = 25.990 / upper = 0.760 / lower = 0.000)
[20191009_074846 / lib_ip.py:3753] file = img.20191009_074845.2019-10-09_07-34-34_000.jpg.1.png / val_Average = 127.1384	val_Variance = 25.9896	sd = 5.0980	max = 144	min = 109
[20191009_074846 / lib_ip.py:4169] len(Hs) = 8100, len(Ss) = 8100, len(Vs) = 8100
[20191009_074847 / lib_ip.py:4208] blue : variance --> out of range (variance = 25.990 / upper = 0.930 / lower = 0.010)
[20191009_074847 / lib_ip.py:3753] file = img.20191009_074845.2019-10-09_07-34-34_000.jpg.1.png / val_Average = 127.1384	val_Variance = 25.9896	sd = 5.0980	max = 144	min = 109
[20191009_074847 / lib_ip.py:4275] len(Hs) = 8100, len(Ss) = 8100, len(Vs) = 8100
[20191009_074847 / lib_ip.py:4314] pink : variance --> out of range (variance = 25.990 / upper = 0.750 / lower = 0.030)
[20191009_074847 / lib_ip.py:3753] file = img.20191009_074845.2019-10-09_07-34-34_000.jpg.1.png / val_Average = 127.1384	val_Variance = 25.9896	sd = 5.0980	max = 144	min = 109
[20191009_074847 / lib_ip.py:4378] len(Hs) = 8100, len(Ss) = 8100, len(Vs) = 8100
[20191009_074847 / lib_ip.py:4422] black : variance --> out of range (variance = 25.990 / upper = 0.000 / lower = 0.000)
[20191009_074847 / lib_ip.py:4593] file : img.20191009_074845.2019-10-09_07-34-34_000.jpg.1.png 0 (black : variance --> out of range (variance = 25.990 / upper = 0.000 / lower = 0.000))
[20191009_074847 / lib_ip.py:2274] inspecting ===> img.20191009_074845.2019-10-09_07-34-34_000.jpg.2.png
[20191009_074847 / lib_ip.py:4505] 
img.20191009_074845.2019-10-09_07-34-34_000.jpg.2.png 1 ---------------------
[20191009_074848 / lib_ip.py:3753] file = img.20191009_074845.2019-10-09_07-34-34_000.jpg.2.png / val_Average = 34.0204	val_Variance = 92.7730	sd = 9.6319	max = 174	min = 0
[20191009_074848 / lib_ip.py:3836] len(Hs) = 8100, len(Ss) = 8100, len(Vs) = 8100
[20191009_074848 / lib_ip.py:3869] yellow : variance --> out of range (variance = 92.773 / upper = 0.650 / lower = 0.000)
[20191009_074848 / lib_ip.py:3753] file = img.20191009_074845.2019-10-09_07-34-34_000.jpg.2.png / val_Average = 34.0204	val_Variance = 92.7730	sd = 9.6319	max = 174	min = 0
[20191009_074848 / lib_ip.py:3936] len(Hs) = 8100, len(Ss) = 8100, len(Vs) = 8100
[20191009_074848 / lib_ip.py:3982] red : variance --> out of range (variance = 92.773 / upper = 0.430 / lower = 0.000)
[20191009_074848 / lib_ip.py:3753] file = img.20191009_074845.2019-10-09_07-34-34_000.jpg.2.png / val_Average = 34.0204	val_Variance = 92.7730	sd = 9.6319	max = 174	min = 0
[20191009_074848 / lib_ip.py:4052] len(Hs) = 8100, len(Ss) = 8100, len(Vs) = 8100
[20191009_074848 / lib_ip.py:4099] green : variance --> out of range (variance = 92.773 / upper = 0.760 / lower = 0.000)
[20191009_074849 / lib_ip.py:3753] file = img.20191009_074845.2019-10-09_07-34-34_000.jpg.2.png / val_Average = 34.0204	val_Variance = 92.7730	sd = 9.6319	max = 174	min = 0
[20191009_074849 / lib_ip.py:4169] len(Hs) = 8100, len(Ss) = 8100, len(Vs) = 8100
[20191009_074849 / lib_ip.py:4208] blue : variance --> out of range (variance = 92.773 / upper = 0.930 / lower = 0.010)
[20191009_074849 / lib_ip.py:3753] file = img.20191009_074845.2019-10-09_07-34-34_000.jpg.2.png / val_Average = 34.0204	val_Variance = 92.7730	sd = 9.6319	max = 174	min = 0
[20191009_074849 / lib_ip.py:4275] len(Hs) = 8100, len(Ss) = 8100, len(Vs) = 8100
[20191009_074849 / lib_ip.py:4314] pink : variance --> out of range (variance = 92.773 / upper = 0.750 / lower = 0.030)
[20191009_074849 / lib_ip.py:3753] file = img.20191009_074845.2019-10-09_07-34-34_000.jpg.2.png / val_Average = 34.0204	val_Variance = 92.7730	sd = 9.6319	max = 174	min = 0
[20191009_074849 / lib_ip.py:4378] len(Hs) = 8100, len(Ss) = 8100, len(Vs) = 8100
[20191009_074849 / lib_ip.py:4422] black : variance --> out of range (variance = 92.773 / upper = 0.000 / lower = 0.000)
[20191009_074849 / lib_ip.py:4593] file : img.20191009_074845.2019-10-09_07-34-34_000.jpg.2.png 1 (black : variance --> out of range (variance = 92.773 / upper = 0.000 / lower = 0.000))
[20191009_074849 / lib_ip.py:2274] inspecting ===> img.20191009_074845.2019-10-09_07-34-34_000.jpg.3.png
[20191009_074850 / lib_ip.py:4505] 
img.20191009_074845.2019-10-09_07-34-34_000.jpg.3.png 2 ---------------------
[20191009_074850 / lib_ip.py:3753] file = img.20191009_074845.2019-10-09_07-34-34_000.jpg.3.png / val_Average = 71.9088	val_Variance = 0.1725	sd = 0.4154	max = 75	min = 70
[20191009_074850 / lib_ip.py:3836] len(Hs) = 8100, len(Ss) = 8100, len(Vs) = 8100
[20191009_074850 / lib_ip.py:3891] yellow : average --> out of range (average = 71.909 / upper = 99.200 / lower = 85.500)
[20191009_074850 / lib_ip.py:3753] file = img.20191009_074845.2019-10-09_07-34-34_000.jpg.3.png / val_Average = 71.9088	val_Variance = 0.1725	sd = 0.4154	max = 75	min = 70
[20191009_074850 / lib_ip.py:3936] len(Hs) = 8100, len(Ss) = 8100, len(Vs) = 8100
[20191009_074850 / lib_ip.py:4007] red : average --> out of range (average = 71.909 / upper = 124.600 / lower = 115.000)
[20191009_074851 / lib_ip.py:3753] file = img.20191009_074845.2019-10-09_07-34-34_000.jpg.3.png / val_Average = 71.9088	val_Variance = 0.1725	sd = 0.4154	max = 75	min = 70
[20191009_074851 / lib_ip.py:4052] len(Hs) = 8100, len(Ss) = 8100, len(Vs) = 8100
[20191009_074851 / lib_ip.py:2274] inspecting ===> img.20191009_074845.2019-10-09_07-34-34_000.jpg.4.png
[20191009_074851 / lib_ip.py:4505] 
img.20191009_074845.2019-10-09_07-34-34_000.jpg.4.png 3 ---------------------
[20191009_074851 / lib_ip.py:3753] file = img.20191009_074845.2019-10-09_07-34-34_000.jpg.4.png / val_Average = 70.7536	val_Variance = 0.2213	sd = 0.4704	max = 72	min = 69
[20191009_074851 / lib_ip.py:3836] len(Hs) = 8100, len(Ss) = 8100, len(Vs) = 8100
[20191009_074851 / lib_ip.py:3891] yellow : average --> out of range (average = 70.754 / upper = 99.200 / lower = 85.500)
[20191009_074851 / lib_ip.py:3753] file = img.20191009_074845.2019-10-09_07-34-34_000.jpg.4.png / val_Average = 70.7536	val_Variance = 0.2213	sd = 0.4704	max = 72	min = 69
[20191009_074851 / lib_ip.py:3936] len(Hs) = 8100, len(Ss) = 8100, len(Vs) = 8100
[20191009_074851 / lib_ip.py:4007] red : average --> out of range (average = 70.754 / upper = 124.600 / lower = 115.000)
[20191009_074851 / lib_ip.py:3753] file = img.20191009_074845.2019-10-09_07-34-34_000.jpg.4.png / val_Average = 70.7536	val_Variance = 0.2213	sd = 0.4704	max = 72	min = 69
[20191009_074851 / lib_ip.py:4052] len(Hs) = 8100, len(Ss) = 8100, len(Vs) = 8100
[20191009_074851 / lib_ip.py:2274] inspecting ===> img.20191009_074845.2019-10-09_07-34-34_000.jpg.4.png
img.20191009_074845.2019-10-09_07-34-34_000.jpg.1.png => other
img.20191009_074845.2019-10-09_07-34-34_000.jpg.2.png => other
img.20191009_074845.2019-10-09_07-34-34_000.jpg.3.png => other
img.20191009_074845.2019-10-09_07-34-34_000.jpg.4.png => other
[20191009_074851 lib_ip.py:3301] =============== Get 4 corners
dpath_Images = C:\WORKS_2\WS\WS_Others.Art\JVEMV6\46_art\VIRTUAL\Admin_Projects\ip\images
fname_Image = img.20191009_074845.2019-10-09_07-34-34_000.jpg.4.png

[20191009_074851 / views.py:1411] gen csv => complete (20191009_074851)(elapsed = 50.371 sec / 9 files / 5.597 sec per file)
1)	2019-10-08_09-47-12_000.jpg => 	green green other other 
2)	2019-10-08_12-10-51_000.jpg => 	other yellow other other 
3)	2019-10-08_18-16-23_000.jpg => 	other other other red 
4)	2019-10-08_18-17-01_000.jpg => 	other other other red 
5)	2019-10-08_18-17-33_000.jpg => 	other other other red 
6)	2019-10-08_20-37-12_000.jpg => 	other other yellow other 
7)	2019-10-09_01-08-00_000.jpg => 	other other other other 
8)	2019-10-09_05-39-16_000.jpg => 	other other other other 
9)	2019-10-09_07-34-34_000.jpg => 	other other green green 
[20191009_074852 / views.py:1753] lo_ColorName_Set__Modified_2 =>
1)	2019-10-08_09-47-12_000.jpg => 	g g o o 
2)	2019-10-08_12-10-51_000.jpg => 	o o o y 
3)	2019-10-08_18-16-23_000.jpg => 	o o o r 
4)	2019-10-08_18-17-01_000.jpg => 	o o o r 
5)	2019-10-08_18-17-33_000.jpg => 	o o o r 
6)	2019-10-08_20-37-12_000.jpg => 	o o o y 
7)	2019-10-09_01-08-00_000.jpg => 	o o o o 
8)	2019-10-09_05-39-16_000.jpg => 	o o o o 
9)	2019-10-09_07-34-34_000.jpg => 	g g o o 
[20191009_074852 / views.py:1839] gen_Cake_CSV(request) ==> ending... =======================//

