[20190616_063331 / views.py:1886] exec_get_4_corners(request) ================================
[20190616_063333 / lib_ip.py:1961] lo_Color_Names =>
img.20190616_063332.2019-06-16_05-41-14_000.jpg.1.png => other
img.20190616_063332.2019-06-16_05-41-14_000.jpg.2.png => other
img.20190616_063332.2019-06-16_05-41-14_000.jpg.3.png => other
img.20190616_063332.2019-06-16_05-41-14_000.jpg.4.png => other
[20190616_063333 / lib_ip.py:4505] 
2019-06-16_05-41-14_000.jpg 0 ---------------------
[20190616_063333 / lib_ip.py:3753] file = 2019-06-16_05-41-14_000.jpg / val_Average = 122.0995	val_Variance = 0.4378	sd = 0.6616	max = 123	min = 121
[20190616_063333 / lib_ip.py:3836] len(Hs) = 8100, len(Ss) = 8100, len(Vs) = 8100
[20190616_063333 / lib_ip.py:3891] yellow : average --> out of range (average = 122.100 / upper = 99.200 / lower = 85.500)
[20190616_063333 / lib_ip.py:3753] file = 2019-06-16_05-41-14_000.jpg / val_Average = 122.0995	val_Variance = 0.4378	sd = 0.6616	max = 123	min = 121
[20190616_063333 / lib_ip.py:3936] len(Hs) = 8100, len(Ss) = 8100, len(Vs) = 8100
[20190616_063334 / lib_ip.py:3982] red : variance --> out of range (variance = 0.438 / upper = 0.430 / lower = 0.000)
[20190616_063334 / lib_ip.py:3753] file = 2019-06-16_05-41-14_000.jpg / val_Average = 122.0995	val_Variance = 0.4378	sd = 0.6616	max = 123	min = 121
[20190616_063334 / lib_ip.py:4052] len(Hs) = 8100, len(Ss) = 8100, len(Vs) = 8100
[20190616_063334 / lib_ip.py:4124] green : average --> out of range (average = 122.100 / upper = 85.000 / lower = 58.000)
[20190616_063334 / lib_ip.py:3753] file = 2019-06-16_05-41-14_000.jpg / val_Average = 122.0995	val_Variance = 0.4378	sd = 0.6616	max = 123	min = 121
[20190616_063334 / lib_ip.py:4169] len(Hs) = 8100, len(Ss) = 8100, len(Vs) = 8100
[20190616_063334 / lib_ip.py:4230] blue : average --> out of range (average = 122.100 / upper = 17.000 / lower = 8.850)
[20190616_063334 / lib_ip.py:3753] file = 2019-06-16_05-41-14_000.jpg / val_Average = 122.0995	val_Variance = 0.4378	sd = 0.6616	max = 123	min = 121
[20190616_063334 / lib_ip.py:4275] len(Hs) = 8100, len(Ss) = 8100, len(Vs) = 8100
[20190616_063334 / lib_ip.py:4336] pink : average --> out of range (average = 122.100 / upper = 141.000 / lower = 127.900)
[20190616_063334 / lib_ip.py:3753] file = 2019-06-16_05-41-14_000.jpg / val_Average = 122.0995	val_Variance = 0.4378	sd = 0.6616	max = 123	min = 121
[20190616_063334 / lib_ip.py:4378] len(Hs) = 8100, len(Ss) = 8100, len(Vs) = 8100
[20190616_063334 / lib_ip.py:4422] black : variance --> out of range (variance = 0.438 / upper = 0.000 / lower = 0.000)
[20190616_063334 / lib_ip.py:4593] file : 2019-06-16_05-41-14_000.jpg 0 (black : variance --> out of range (variance = 0.438 / upper = 0.000 / lower = 0.000))
[20190616_063334 / lib_ip.py:4505] 
2019-06-16_05-41-14_000.jpg 1 ---------------------
[20190616_063334 / lib_ip.py:3753] file = 2019-06-16_05-41-14_000.jpg / val_Average = 78.5070	val_Variance = 0.2776	sd = 0.5269	max = 80	min = 77
[20190616_063334 / lib_ip.py:3836] len(Hs) = 8100, len(Ss) = 8100, len(Vs) = 8100
[20190616_063334 / lib_ip.py:3891] yellow : average --> out of range (average = 78.507 / upper = 99.200 / lower = 85.500)
[20190616_063335 / lib_ip.py:3753] file = 2019-06-16_05-41-14_000.jpg / val_Average = 78.5070	val_Variance = 0.2776	sd = 0.5269	max = 80	min = 77
[20190616_063335 / lib_ip.py:3936] len(Hs) = 8100, len(Ss) = 8100, len(Vs) = 8100
[20190616_063335 / lib_ip.py:4007] red : average --> out of range (average = 78.507 / upper = 124.600 / lower = 115.000)
[20190616_063335 / lib_ip.py:3753] file = 2019-06-16_05-41-14_000.jpg / val_Average = 78.5070	val_Variance = 0.2776	sd = 0.5269	max = 80	min = 77
[20190616_063335 / lib_ip.py:4052] len(Hs) = 8100, len(Ss) = 8100, len(Vs) = 8100
[20190616_063335 / lib_ip.py:4505] 
2019-06-16_05-41-14_000.jpg 2 ---------------------
[20190616_063335 / lib_ip.py:3753] file = 2019-06-16_05-41-14_000.jpg / val_Average = 104.9552	val_Variance = 13.3875	sd = 3.6589	max = 120	min = 95
[20190616_063335 / lib_ip.py:3836] len(Hs) = 8100, len(Ss) = 8100, len(Vs) = 8100
[20190616_063335 / lib_ip.py:3869] yellow : variance --> out of range (variance = 13.387 / upper = 0.650 / lower = 0.000)
[20190616_063335 / lib_ip.py:3753] file = 2019-06-16_05-41-14_000.jpg / val_Average = 104.9552	val_Variance = 13.3875	sd = 3.6589	max = 120	min = 95
[20190616_063335 / lib_ip.py:3936] len(Hs) = 8100, len(Ss) = 8100, len(Vs) = 8100
[20190616_063335 / lib_ip.py:3982] red : variance --> out of range (variance = 13.387 / upper = 0.430 / lower = 0.000)
[20190616_063335 / lib_ip.py:3753] file = 2019-06-16_05-41-14_000.jpg / val_Average = 104.9552	val_Variance = 13.3875	sd = 3.6589	max = 120	min = 95
[20190616_063335 / lib_ip.py:4052] len(Hs) = 8100, len(Ss) = 8100, len(Vs) = 8100
[20190616_063335 / lib_ip.py:4099] green : variance --> out of range (variance = 13.387 / upper = 0.760 / lower = 0.000)
[20190616_063335 / lib_ip.py:3753] file = 2019-06-16_05-41-14_000.jpg / val_Average = 104.9552	val_Variance = 13.3875	sd = 3.6589	max = 120	min = 95
[20190616_063335 / lib_ip.py:4169] len(Hs) = 8100, len(Ss) = 8100, len(Vs) = 8100
[20190616_063335 / lib_ip.py:4208] blue : variance --> out of range (variance = 13.387 / upper = 0.930 / lower = 0.010)
[20190616_063336 / lib_ip.py:3753] file = 2019-06-16_05-41-14_000.jpg / val_Average = 104.9552	val_Variance = 13.3875	sd = 3.6589	max = 120	min = 95
[20190616_063336 / lib_ip.py:4275] len(Hs) = 8100, len(Ss) = 8100, len(Vs) = 8100
[20190616_063336 / lib_ip.py:4314] pink : variance --> out of range (variance = 13.387 / upper = 0.750 / lower = 0.030)
[20190616_063336 / lib_ip.py:3753] file = 2019-06-16_05-41-14_000.jpg / val_Average = 104.9552	val_Variance = 13.3875	sd = 3.6589	max = 120	min = 95
[20190616_063336 / lib_ip.py:4378] len(Hs) = 8100, len(Ss) = 8100, len(Vs) = 8100
[20190616_063336 / lib_ip.py:4422] black : variance --> out of range (variance = 13.387 / upper = 0.000 / lower = 0.000)
[20190616_063336 / lib_ip.py:4593] file : 2019-06-16_05-41-14_000.jpg 2 (black : variance --> out of range (variance = 13.387 / upper = 0.000 / lower = 0.000))
[20190616_063336 / lib_ip.py:4505] 
2019-06-16_05-41-14_000.jpg 3 ---------------------
[20190616_063336 / lib_ip.py:3753] file = 2019-06-16_05-41-14_000.jpg / val_Average = 105.6840	val_Variance = 2.1665	sd = 1.4719	max = 110	min = 100
[20190616_063336 / lib_ip.py:3836] len(Hs) = 8100, len(Ss) = 8100, len(Vs) = 8100
[20190616_063336 / lib_ip.py:3869] yellow : variance --> out of range (variance = 2.167 / upper = 0.650 / lower = 0.000)
[20190616_063336 / lib_ip.py:3753] file = 2019-06-16_05-41-14_000.jpg / val_Average = 105.6840	val_Variance = 2.1665	sd = 1.4719	max = 110	min = 100
[20190616_063336 / lib_ip.py:3936] len(Hs) = 8100, len(Ss) = 8100, len(Vs) = 8100
[20190616_063336 / lib_ip.py:3982] red : variance --> out of range (variance = 2.167 / upper = 0.430 / lower = 0.000)
[20190616_063336 / lib_ip.py:3753] file = 2019-06-16_05-41-14_000.jpg / val_Average = 105.6840	val_Variance = 2.1665	sd = 1.4719	max = 110	min = 100
[20190616_063336 / lib_ip.py:4052] len(Hs) = 8100, len(Ss) = 8100, len(Vs) = 8100
[20190616_063336 / lib_ip.py:4099] green : variance --> out of range (variance = 2.167 / upper = 0.760 / lower = 0.000)
[20190616_063336 / lib_ip.py:3753] file = 2019-06-16_05-41-14_000.jpg / val_Average = 105.6840	val_Variance = 2.1665	sd = 1.4719	max = 110	min = 100
[20190616_063336 / lib_ip.py:4169] len(Hs) = 8100, len(Ss) = 8100, len(Vs) = 8100
[20190616_063336 / lib_ip.py:4208] blue : variance --> out of range (variance = 2.167 / upper = 0.930 / lower = 0.010)
[20190616_063336 / lib_ip.py:3753] file = 2019-06-16_05-41-14_000.jpg / val_Average = 105.6840	val_Variance = 2.1665	sd = 1.4719	max = 110	min = 100
[20190616_063336 / lib_ip.py:4275] len(Hs) = 8100, len(Ss) = 8100, len(Vs) = 8100
[20190616_063337 / lib_ip.py:4314] pink : variance --> out of range (variance = 2.167 / upper = 0.750 / lower = 0.030)
[20190616_063337 / lib_ip.py:3753] file = 2019-06-16_05-41-14_000.jpg / val_Average = 105.6840	val_Variance = 2.1665	sd = 1.4719	max = 110	min = 100
[20190616_063337 / lib_ip.py:4378] len(Hs) = 8100, len(Ss) = 8100, len(Vs) = 8100
[20190616_063337 / lib_ip.py:4422] black : variance --> out of range (variance = 2.167 / upper = 0.000 / lower = 0.000)
[20190616_063337 / lib_ip.py:4593] file : 2019-06-16_05-41-14_000.jpg 3 (black : variance --> out of range (variance = 2.167 / upper = 0.000 / lower = 0.000))
[20190616_063337 / lib_ip.py:2021] lo_Color_Names_2 =>
file = img.20190616_063332.2019-06-16_05-41-14_000.jpg.1.png / color name = other
file = img.20190616_063332.2019-06-16_05-41-14_000.jpg.2.png / color name = green
file = img.20190616_063332.2019-06-16_05-41-14_000.jpg.3.png / color name = other
file = img.20190616_063332.2019-06-16_05-41-14_000.jpg.4.png / color name = other
