[20190924_071534 / views.py:1822] gen_Cake_CSV(request) ==> starting... =======================
[20190924_071536 / lib_ip.py:2274] inspecting ===> img.20190924_071536.2019-09-23_09-32-48_000.jpg.1.png
[20190924_071536 / lib_ip.py:4505] 
img.20190924_071536.2019-09-23_09-32-48_000.jpg.1.png 0 ---------------------
[20190924_071537 / lib_ip.py:3753] file = img.20190924_071536.2019-09-23_09-32-48_000.jpg.1.png / val_Average = 160.9359	val_Variance = 67.7513	sd = 8.2311	max = 178	min = 142
[20190924_071537 / lib_ip.py:3836] len(Hs) = 8100, len(Ss) = 8100, len(Vs) = 8100
[20190924_071537 / lib_ip.py:3869] yellow : variance --> out of range (variance = 67.751 / upper = 0.650 / lower = 0.000)
[20190924_071537 / lib_ip.py:3753] file = img.20190924_071536.2019-09-23_09-32-48_000.jpg.1.png / val_Average = 160.9359	val_Variance = 67.7513	sd = 8.2311	max = 178	min = 142
[20190924_071537 / lib_ip.py:3936] len(Hs) = 8100, len(Ss) = 8100, len(Vs) = 8100
[20190924_071537 / lib_ip.py:3982] red : variance --> out of range (variance = 67.751 / upper = 0.430 / lower = 0.000)
[20190924_071537 / lib_ip.py:3753] file = img.20190924_071536.2019-09-23_09-32-48_000.jpg.1.png / val_Average = 160.9359	val_Variance = 67.7513	sd = 8.2311	max = 178	min = 142
[20190924_071537 / lib_ip.py:4052] len(Hs) = 8100, len(Ss) = 8100, len(Vs) = 8100
[20190924_071537 / lib_ip.py:4099] green : variance --> out of range (variance = 67.751 / upper = 0.760 / lower = 0.000)
[20190924_071537 / lib_ip.py:3753] file = img.20190924_071536.2019-09-23_09-32-48_000.jpg.1.png / val_Average = 160.9359	val_Variance = 67.7513	sd = 8.2311	max = 178	min = 142
[20190924_071537 / lib_ip.py:4169] len(Hs) = 8100, len(Ss) = 8100, len(Vs) = 8100
[20190924_071537 / lib_ip.py:4208] blue : variance --> out of range (variance = 67.751 / upper = 0.930 / lower = 0.010)
[20190924_071537 / lib_ip.py:3753] file = img.20190924_071536.2019-09-23_09-32-48_000.jpg.1.png / val_Average = 160.9359	val_Variance = 67.7513	sd = 8.2311	max = 178	min = 142
[20190924_071537 / lib_ip.py:4275] len(Hs) = 8100, len(Ss) = 8100, len(Vs) = 8100
[20190924_071538 / lib_ip.py:4314] pink : variance --> out of range (variance = 67.751 / upper = 0.750 / lower = 0.030)
[20190924_071538 / lib_ip.py:3753] file = img.20190924_071536.2019-09-23_09-32-48_000.jpg.1.png / val_Average = 160.9359	val_Variance = 67.7513	sd = 8.2311	max = 178	min = 142
[20190924_071538 / lib_ip.py:4378] len(Hs) = 8100, len(Ss) = 8100, len(Vs) = 8100
[20190924_071538 / lib_ip.py:4422] black : variance --> out of range (variance = 67.751 / upper = 0.000 / lower = 0.000)
[20190924_071538 / lib_ip.py:4593] file : img.20190924_071536.2019-09-23_09-32-48_000.jpg.1.png 0 (black : variance --> out of range (variance = 67.751 / upper = 0.000 / lower = 0.000))
[20190924_071538 / lib_ip.py:2274] inspecting ===> img.20190924_071536.2019-09-23_09-32-48_000.jpg.2.png
[20190924_071538 / lib_ip.py:4505] 
img.20190924_071536.2019-09-23_09-32-48_000.jpg.2.png 1 ---------------------
[20190924_071538 / lib_ip.py:3753] file = img.20190924_071536.2019-09-23_09-32-48_000.jpg.2.png / val_Average = 33.0221	val_Variance = 211.4135	sd = 14.5401	max = 70	min = 0
[20190924_071538 / lib_ip.py:3836] len(Hs) = 8100, len(Ss) = 8100, len(Vs) = 8100
[20190924_071538 / lib_ip.py:3869] yellow : variance --> out of range (variance = 211.413 / upper = 0.650 / lower = 0.000)
[20190924_071538 / lib_ip.py:3753] file = img.20190924_071536.2019-09-23_09-32-48_000.jpg.2.png / val_Average = 33.0221	val_Variance = 211.4135	sd = 14.5401	max = 70	min = 0
[20190924_071538 / lib_ip.py:3936] len(Hs) = 8100, len(Ss) = 8100, len(Vs) = 8100
[20190924_071539 / lib_ip.py:3982] red : variance --> out of range (variance = 211.413 / upper = 0.430 / lower = 0.000)
[20190924_071539 / lib_ip.py:3753] file = img.20190924_071536.2019-09-23_09-32-48_000.jpg.2.png / val_Average = 33.0221	val_Variance = 211.4135	sd = 14.5401	max = 70	min = 0
[20190924_071539 / lib_ip.py:4052] len(Hs) = 8100, len(Ss) = 8100, len(Vs) = 8100
[20190924_071539 / lib_ip.py:4099] green : variance --> out of range (variance = 211.413 / upper = 0.760 / lower = 0.000)
[20190924_071539 / lib_ip.py:3753] file = img.20190924_071536.2019-09-23_09-32-48_000.jpg.2.png / val_Average = 33.0221	val_Variance = 211.4135	sd = 14.5401	max = 70	min = 0
[20190924_071539 / lib_ip.py:4169] len(Hs) = 8100, len(Ss) = 8100, len(Vs) = 8100
[20190924_071539 / lib_ip.py:4208] blue : variance --> out of range (variance = 211.413 / upper = 0.930 / lower = 0.010)
[20190924_071539 / lib_ip.py:3753] file = img.20190924_071536.2019-09-23_09-32-48_000.jpg.2.png / val_Average = 33.0221	val_Variance = 211.4135	sd = 14.5401	max = 70	min = 0
[20190924_071539 / lib_ip.py:4275] len(Hs) = 8100, len(Ss) = 8100, len(Vs) = 8100
[20190924_071539 / lib_ip.py:4314] pink : variance --> out of range (variance = 211.413 / upper = 0.750 / lower = 0.030)
[20190924_071539 / lib_ip.py:3753] file = img.20190924_071536.2019-09-23_09-32-48_000.jpg.2.png / val_Average = 33.0221	val_Variance = 211.4135	sd = 14.5401	max = 70	min = 0
[20190924_071539 / lib_ip.py:4378] len(Hs) = 8100, len(Ss) = 8100, len(Vs) = 8100
[20190924_071539 / lib_ip.py:4422] black : variance --> out of range (variance = 211.413 / upper = 0.000 / lower = 0.000)
[20190924_071539 / lib_ip.py:4593] file : img.20190924_071536.2019-09-23_09-32-48_000.jpg.2.png 1 (black : variance --> out of range (variance = 211.413 / upper = 0.000 / lower = 0.000))
[20190924_071539 / lib_ip.py:2274] inspecting ===> img.20190924_071536.2019-09-23_09-32-48_000.jpg.3.png
[20190924_071539 / lib_ip.py:4505] 
img.20190924_071536.2019-09-23_09-32-48_000.jpg.3.png 2 ---------------------
[20190924_071539 / lib_ip.py:3753] file = img.20190924_071536.2019-09-23_09-32-48_000.jpg.3.png / val_Average = 72.4917	val_Variance = 0.2507	sd = 0.5007	max = 73	min = 71
[20190924_071539 / lib_ip.py:3836] len(Hs) = 8100, len(Ss) = 8100, len(Vs) = 8100
[20190924_071540 / lib_ip.py:3891] yellow : average --> out of range (average = 72.492 / upper = 99.200 / lower = 85.500)
[20190924_071540 / lib_ip.py:3753] file = img.20190924_071536.2019-09-23_09-32-48_000.jpg.3.png / val_Average = 72.4917	val_Variance = 0.2507	sd = 0.5007	max = 73	min = 71
[20190924_071540 / lib_ip.py:3936] len(Hs) = 8100, len(Ss) = 8100, len(Vs) = 8100
[20190924_071540 / lib_ip.py:4007] red : average --> out of range (average = 72.492 / upper = 124.600 / lower = 115.000)
[20190924_071540 / lib_ip.py:3753] file = img.20190924_071536.2019-09-23_09-32-48_000.jpg.3.png / val_Average = 72.4917	val_Variance = 0.2507	sd = 0.5007	max = 73	min = 71
[20190924_071540 / lib_ip.py:4052] len(Hs) = 8100, len(Ss) = 8100, len(Vs) = 8100
[20190924_071540 / lib_ip.py:2274] inspecting ===> img.20190924_071536.2019-09-23_09-32-48_000.jpg.4.png
[20190924_071540 / lib_ip.py:4505] 
img.20190924_071536.2019-09-23_09-32-48_000.jpg.4.png 3 ---------------------
[20190924_071540 / lib_ip.py:3753] file = img.20190924_071536.2019-09-23_09-32-48_000.jpg.4.png / val_Average = 72.5177	val_Variance = 0.2583	sd = 0.5083	max = 74	min = 71
[20190924_071540 / lib_ip.py:3836] len(Hs) = 8100, len(Ss) = 8100, len(Vs) = 8100
[20190924_071540 / lib_ip.py:3891] yellow : average --> out of range (average = 72.518 / upper = 99.200 / lower = 85.500)
[20190924_071541 / lib_ip.py:3753] file = img.20190924_071536.2019-09-23_09-32-48_000.jpg.4.png / val_Average = 72.5177	val_Variance = 0.2583	sd = 0.5083	max = 74	min = 71
[20190924_071541 / lib_ip.py:3936] len(Hs) = 8100, len(Ss) = 8100, len(Vs) = 8100
[20190924_071541 / lib_ip.py:4007] red : average --> out of range (average = 72.518 / upper = 124.600 / lower = 115.000)
[20190924_071541 / lib_ip.py:3753] file = img.20190924_071536.2019-09-23_09-32-48_000.jpg.4.png / val_Average = 72.5177	val_Variance = 0.2583	sd = 0.5083	max = 74	min = 71
[20190924_071541 / lib_ip.py:4052] len(Hs) = 8100, len(Ss) = 8100, len(Vs) = 8100
[20190924_071540 / lib_ip.py:2274] inspecting ===> img.20190924_071536.2019-09-23_09-32-48_000.jpg.4.png
img.20190924_071536.2019-09-23_09-32-48_000.jpg.1.png => other
img.20190924_071536.2019-09-23_09-32-48_000.jpg.2.png => other
img.20190924_071536.2019-09-23_09-32-48_000.jpg.3.png => other
img.20190924_071536.2019-09-23_09-32-48_000.jpg.4.png => other
[20190924_071541 lib_ip.py:3301] =============== Get 4 corners
dpath_Images = C:\WORKS_2\WS\WS_Others.Art\JVEMV6\46_art\VIRTUAL\Admin_Projects\ip\images
fname_Image = img.20190924_071536.2019-09-23_09-32-48_000.jpg.4.png

[20190924_071542 / lib_ip.py:2274] inspecting ===> img.20190924_071541.2019-09-23_11-33-01_000.jpg.1.png
[20190924_071542 / lib_ip.py:4505] 
img.20190924_071541.2019-09-23_11-33-01_000.jpg.1.png 0 ---------------------
[20190924_071542 / lib_ip.py:3753] file = img.20190924_071541.2019-09-23_11-33-01_000.jpg.1.png / val_Average = 17.2864	val_Variance = 1383.1291	sd = 37.1904	max = 150	min = 0
[20190924_071542 / lib_ip.py:3836] len(Hs) = 8100, len(Ss) = 8100, len(Vs) = 8100
[20190924_071542 / lib_ip.py:3869] yellow : variance --> out of range (variance = 1383.129 / upper = 0.650 / lower = 0.000)
[20190924_071542 / lib_ip.py:3753] file = img.20190924_071541.2019-09-23_11-33-01_000.jpg.1.png / val_Average = 17.2864	val_Variance = 1383.1291	sd = 37.1904	max = 150	min = 0
[20190924_071542 / lib_ip.py:3936] len(Hs) = 8100, len(Ss) = 8100, len(Vs) = 8100
[20190924_071542 / lib_ip.py:3982] red : variance --> out of range (variance = 1383.129 / upper = 0.430 / lower = 0.000)
[20190924_071542 / lib_ip.py:3753] file = img.20190924_071541.2019-09-23_11-33-01_000.jpg.1.png / val_Average = 17.2864	val_Variance = 1383.1291	sd = 37.1904	max = 150	min = 0
[20190924_071542 / lib_ip.py:4052] len(Hs) = 8100, len(Ss) = 8100, len(Vs) = 8100
[20190924_071542 / lib_ip.py:4099] green : variance --> out of range (variance = 1383.129 / upper = 0.760 / lower = 0.000)
[20190924_071542 / lib_ip.py:3753] file = img.20190924_071541.2019-09-23_11-33-01_000.jpg.1.png / val_Average = 17.2864	val_Variance = 1383.1291	sd = 37.1904	max = 150	min = 0
[20190924_071542 / lib_ip.py:4169] len(Hs) = 8100, len(Ss) = 8100, len(Vs) = 8100
[20190924_071542 / lib_ip.py:4208] blue : variance --> out of range (variance = 1383.129 / upper = 0.930 / lower = 0.010)
[20190924_071543 / lib_ip.py:3753] file = img.20190924_071541.2019-09-23_11-33-01_000.jpg.1.png / val_Average = 17.2864	val_Variance = 1383.1291	sd = 37.1904	max = 150	min = 0
[20190924_071543 / lib_ip.py:4275] len(Hs) = 8100, len(Ss) = 8100, len(Vs) = 8100
[20190924_071543 / lib_ip.py:4314] pink : variance --> out of range (variance = 1383.129 / upper = 0.750 / lower = 0.030)
[20190924_071543 / lib_ip.py:3753] file = img.20190924_071541.2019-09-23_11-33-01_000.jpg.1.png / val_Average = 17.2864	val_Variance = 1383.1291	sd = 37.1904	max = 150	min = 0
[20190924_071543 / lib_ip.py:4378] len(Hs) = 8100, len(Ss) = 8100, len(Vs) = 8100
[20190924_071543 / lib_ip.py:4422] black : variance --> out of range (variance = 1383.129 / upper = 0.000 / lower = 0.000)
[20190924_071543 / lib_ip.py:4593] file : img.20190924_071541.2019-09-23_11-33-01_000.jpg.1.png 0 (black : variance --> out of range (variance = 1383.129 / upper = 0.000 / lower = 0.000))
[20190924_071543 / lib_ip.py:2274] inspecting ===> img.20190924_071541.2019-09-23_11-33-01_000.jpg.2.png
[20190924_071543 / lib_ip.py:4505] 
img.20190924_071541.2019-09-23_11-33-01_000.jpg.2.png 1 ---------------------
[20190924_071543 / lib_ip.py:3753] file = img.20190924_071541.2019-09-23_11-33-01_000.jpg.2.png / val_Average = 109.6163	val_Variance = 6.4609	sd = 2.5418	max = 120	min = 103
[20190924_071543 / lib_ip.py:3836] len(Hs) = 8100, len(Ss) = 8100, len(Vs) = 8100
[20190924_071543 / lib_ip.py:3869] yellow : variance --> out of range (variance = 6.461 / upper = 0.650 / lower = 0.000)
[20190924_071543 / lib_ip.py:3753] file = img.20190924_071541.2019-09-23_11-33-01_000.jpg.2.png / val_Average = 109.6163	val_Variance = 6.4609	sd = 2.5418	max = 120	min = 103
[20190924_071543 / lib_ip.py:3936] len(Hs) = 8100, len(Ss) = 8100, len(Vs) = 8100
[20190924_071544 / lib_ip.py:3982] red : variance --> out of range (variance = 6.461 / upper = 0.430 / lower = 0.000)
[20190924_071544 / lib_ip.py:3753] file = img.20190924_071541.2019-09-23_11-33-01_000.jpg.2.png / val_Average = 109.6163	val_Variance = 6.4609	sd = 2.5418	max = 120	min = 103
[20190924_071544 / lib_ip.py:4052] len(Hs) = 8100, len(Ss) = 8100, len(Vs) = 8100
[20190924_071544 / lib_ip.py:4099] green : variance --> out of range (variance = 6.461 / upper = 0.760 / lower = 0.000)
[20190924_071544 / lib_ip.py:3753] file = img.20190924_071541.2019-09-23_11-33-01_000.jpg.2.png / val_Average = 109.6163	val_Variance = 6.4609	sd = 2.5418	max = 120	min = 103
[20190924_071544 / lib_ip.py:4169] len(Hs) = 8100, len(Ss) = 8100, len(Vs) = 8100
[20190924_071544 / lib_ip.py:4208] blue : variance --> out of range (variance = 6.461 / upper = 0.930 / lower = 0.010)
[20190924_071544 / lib_ip.py:3753] file = img.20190924_071541.2019-09-23_11-33-01_000.jpg.2.png / val_Average = 109.6163	val_Variance = 6.4609	sd = 2.5418	max = 120	min = 103
[20190924_071544 / lib_ip.py:4275] len(Hs) = 8100, len(Ss) = 8100, len(Vs) = 8100
[20190924_071544 / lib_ip.py:4314] pink : variance --> out of range (variance = 6.461 / upper = 0.750 / lower = 0.030)
[20190924_071544 / lib_ip.py:3753] file = img.20190924_071541.2019-09-23_11-33-01_000.jpg.2.png / val_Average = 109.6163	val_Variance = 6.4609	sd = 2.5418	max = 120	min = 103
[20190924_071544 / lib_ip.py:4378] len(Hs) = 8100, len(Ss) = 8100, len(Vs) = 8100
[20190924_071544 / lib_ip.py:4422] black : variance --> out of range (variance = 6.461 / upper = 0.000 / lower = 0.000)
[20190924_071544 / lib_ip.py:4593] file : img.20190924_071541.2019-09-23_11-33-01_000.jpg.2.png 1 (black : variance --> out of range (variance = 6.461 / upper = 0.000 / lower = 0.000))
[20190924_071544 / lib_ip.py:2274] inspecting ===> img.20190924_071541.2019-09-23_11-33-01_000.jpg.3.png
[20190924_071545 / lib_ip.py:4505] 
img.20190924_071541.2019-09-23_11-33-01_000.jpg.3.png 2 ---------------------
[20190924_071545 / lib_ip.py:3753] file = img.20190924_071541.2019-09-23_11-33-01_000.jpg.3.png / val_Average = 92.5765	val_Variance = 0.2441	sd = 0.4941	max = 93	min = 92
[20190924_071545 / lib_ip.py:3836] len(Hs) = 8100, len(Ss) = 8100, len(Vs) = 8100
[20190924_071545 / lib_ip.py:2274] inspecting ===> img.20190924_071541.2019-09-23_11-33-01_000.jpg.4.png
[20190924_071545 / lib_ip.py:4505] 
img.20190924_071541.2019-09-23_11-33-01_000.jpg.4.png 3 ---------------------
[20190924_071545 / lib_ip.py:3753] file = img.20190924_071541.2019-09-23_11-33-01_000.jpg.4.png / val_Average = 111.0923	val_Variance = 14.4085	sd = 3.7959	max = 120	min = 103
[20190924_071545 / lib_ip.py:3836] len(Hs) = 8100, len(Ss) = 8100, len(Vs) = 8100
[20190924_071545 / lib_ip.py:3869] yellow : variance --> out of range (variance = 14.409 / upper = 0.650 / lower = 0.000)
[20190924_071545 / lib_ip.py:3753] file = img.20190924_071541.2019-09-23_11-33-01_000.jpg.4.png / val_Average = 111.0923	val_Variance = 14.4085	sd = 3.7959	max = 120	min = 103
[20190924_071545 / lib_ip.py:3936] len(Hs) = 8100, len(Ss) = 8100, len(Vs) = 8100
[20190924_071545 / lib_ip.py:3982] red : variance --> out of range (variance = 14.409 / upper = 0.430 / lower = 0.000)
[20190924_071545 / lib_ip.py:3753] file = img.20190924_071541.2019-09-23_11-33-01_000.jpg.4.png / val_Average = 111.0923	val_Variance = 14.4085	sd = 3.7959	max = 120	min = 103
[20190924_071545 / lib_ip.py:4052] len(Hs) = 8100, len(Ss) = 8100, len(Vs) = 8100
[20190924_071546 / lib_ip.py:4099] green : variance --> out of range (variance = 14.409 / upper = 0.760 / lower = 0.000)
[20190924_071546 / lib_ip.py:3753] file = img.20190924_071541.2019-09-23_11-33-01_000.jpg.4.png / val_Average = 111.0923	val_Variance = 14.4085	sd = 3.7959	max = 120	min = 103
[20190924_071546 / lib_ip.py:4169] len(Hs) = 8100, len(Ss) = 8100, len(Vs) = 8100
[20190924_071546 / lib_ip.py:4208] blue : variance --> out of range (variance = 14.409 / upper = 0.930 / lower = 0.010)
[20190924_071546 / lib_ip.py:3753] file = img.20190924_071541.2019-09-23_11-33-01_000.jpg.4.png / val_Average = 111.0923	val_Variance = 14.4085	sd = 3.7959	max = 120	min = 103
[20190924_071546 / lib_ip.py:4275] len(Hs) = 8100, len(Ss) = 8100, len(Vs) = 8100
[20190924_071546 / lib_ip.py:4314] pink : variance --> out of range (variance = 14.409 / upper = 0.750 / lower = 0.030)
[20190924_071546 / lib_ip.py:3753] file = img.20190924_071541.2019-09-23_11-33-01_000.jpg.4.png / val_Average = 111.0923	val_Variance = 14.4085	sd = 3.7959	max = 120	min = 103
[20190924_071546 / lib_ip.py:4378] len(Hs) = 8100, len(Ss) = 8100, len(Vs) = 8100
[20190924_071546 / lib_ip.py:4422] black : variance --> out of range (variance = 14.409 / upper = 0.000 / lower = 0.000)
[20190924_071546 / lib_ip.py:4593] file : img.20190924_071541.2019-09-23_11-33-01_000.jpg.4.png 3 (black : variance --> out of range (variance = 14.409 / upper = 0.000 / lower = 0.000))
[20190924_071545 / lib_ip.py:2274] inspecting ===> img.20190924_071541.2019-09-23_11-33-01_000.jpg.4.png
img.20190924_071541.2019-09-23_11-33-01_000.jpg.1.png => other
img.20190924_071541.2019-09-23_11-33-01_000.jpg.2.png => other
img.20190924_071541.2019-09-23_11-33-01_000.jpg.3.png => yellow
img.20190924_071541.2019-09-23_11-33-01_000.jpg.4.png => other
[20190924_071546 lib_ip.py:3301] =============== Get 4 corners
dpath_Images = C:\WORKS_2\WS\WS_Others.Art\JVEMV6\46_art\VIRTUAL\Admin_Projects\ip\images
fname_Image = img.20190924_071541.2019-09-23_11-33-01_000.jpg.4.png

[20190924_071547 / lib_ip.py:2274] inspecting ===> img.20190924_071547.2019-09-23_15-08-18_000.jpg.1.png
[20190924_071547 / lib_ip.py:4505] 
img.20190924_071547.2019-09-23_15-08-18_000.jpg.1.png 0 ---------------------
[20190924_071547 / lib_ip.py:3753] file = img.20190924_071547.2019-09-23_15-08-18_000.jpg.1.png / val_Average = 22.1448	val_Variance = 1078.1510	sd = 32.8352	max = 160	min = 0
[20190924_071547 / lib_ip.py:3836] len(Hs) = 8100, len(Ss) = 8100, len(Vs) = 8100
[20190924_071547 / lib_ip.py:3869] yellow : variance --> out of range (variance = 1078.151 / upper = 0.650 / lower = 0.000)
[20190924_071548 / lib_ip.py:3753] file = img.20190924_071547.2019-09-23_15-08-18_000.jpg.1.png / val_Average = 22.1448	val_Variance = 1078.1510	sd = 32.8352	max = 160	min = 0
[20190924_071548 / lib_ip.py:3936] len(Hs) = 8100, len(Ss) = 8100, len(Vs) = 8100
[20190924_071548 / lib_ip.py:3982] red : variance --> out of range (variance = 1078.151 / upper = 0.430 / lower = 0.000)
[20190924_071548 / lib_ip.py:3753] file = img.20190924_071547.2019-09-23_15-08-18_000.jpg.1.png / val_Average = 22.1448	val_Variance = 1078.1510	sd = 32.8352	max = 160	min = 0
[20190924_071548 / lib_ip.py:4052] len(Hs) = 8100, len(Ss) = 8100, len(Vs) = 8100
[20190924_071548 / lib_ip.py:4099] green : variance --> out of range (variance = 1078.151 / upper = 0.760 / lower = 0.000)
[20190924_071548 / lib_ip.py:3753] file = img.20190924_071547.2019-09-23_15-08-18_000.jpg.1.png / val_Average = 22.1448	val_Variance = 1078.1510	sd = 32.8352	max = 160	min = 0
[20190924_071548 / lib_ip.py:4169] len(Hs) = 8100, len(Ss) = 8100, len(Vs) = 8100
[20190924_071548 / lib_ip.py:4208] blue : variance --> out of range (variance = 1078.151 / upper = 0.930 / lower = 0.010)
[20190924_071548 / lib_ip.py:3753] file = img.20190924_071547.2019-09-23_15-08-18_000.jpg.1.png / val_Average = 22.1448	val_Variance = 1078.1510	sd = 32.8352	max = 160	min = 0
[20190924_071548 / lib_ip.py:4275] len(Hs) = 8100, len(Ss) = 8100, len(Vs) = 8100
[20190924_071548 / lib_ip.py:4314] pink : variance --> out of range (variance = 1078.151 / upper = 0.750 / lower = 0.030)
[20190924_071548 / lib_ip.py:3753] file = img.20190924_071547.2019-09-23_15-08-18_000.jpg.1.png / val_Average = 22.1448	val_Variance = 1078.1510	sd = 32.8352	max = 160	min = 0
[20190924_071548 / lib_ip.py:4378] len(Hs) = 8100, len(Ss) = 8100, len(Vs) = 8100
[20190924_071548 / lib_ip.py:4422] black : variance --> out of range (variance = 1078.151 / upper = 0.000 / lower = 0.000)
[20190924_071548 / lib_ip.py:4593] file : img.20190924_071547.2019-09-23_15-08-18_000.jpg.1.png 0 (black : variance --> out of range (variance = 1078.151 / upper = 0.000 / lower = 0.000))
[20190924_071548 / lib_ip.py:2274] inspecting ===> img.20190924_071547.2019-09-23_15-08-18_000.jpg.2.png
[20190924_071549 / lib_ip.py:4505] 
img.20190924_071547.2019-09-23_15-08-18_000.jpg.2.png 1 ---------------------
[20190924_071549 / lib_ip.py:3753] file = img.20190924_071547.2019-09-23_15-08-18_000.jpg.2.png / val_Average = 120.2354	val_Variance = 0.1938	sd = 0.4403	max = 121	min = 119
[20190924_071549 / lib_ip.py:3836] len(Hs) = 8100, len(Ss) = 8100, len(Vs) = 8100
[20190924_071549 / lib_ip.py:3891] yellow : average --> out of range (average = 120.235 / upper = 99.200 / lower = 85.500)
[20190924_071549 / lib_ip.py:3753] file = img.20190924_071547.2019-09-23_15-08-18_000.jpg.2.png / val_Average = 120.2354	val_Variance = 0.1938	sd = 0.4403	max = 121	min = 119
[20190924_071549 / lib_ip.py:3936] len(Hs) = 8100, len(Ss) = 8100, len(Vs) = 8100
[20190924_071549 / lib_ip.py:2274] inspecting ===> img.20190924_071547.2019-09-23_15-08-18_000.jpg.3.png
[20190924_071549 / lib_ip.py:4505] 
img.20190924_071547.2019-09-23_15-08-18_000.jpg.3.png 2 ---------------------
[20190924_071549 / lib_ip.py:3753] file = img.20190924_071547.2019-09-23_15-08-18_000.jpg.3.png / val_Average = 99.1310	val_Variance = 8.2220	sd = 2.8674	max = 109	min = 88
[20190924_071549 / lib_ip.py:3836] len(Hs) = 8100, len(Ss) = 8100, len(Vs) = 8100
[20190924_071549 / lib_ip.py:3869] yellow : variance --> out of range (variance = 8.222 / upper = 0.650 / lower = 0.000)
[20190924_071549 / lib_ip.py:3753] file = img.20190924_071547.2019-09-23_15-08-18_000.jpg.3.png / val_Average = 99.1310	val_Variance = 8.2220	sd = 2.8674	max = 109	min = 88
[20190924_071549 / lib_ip.py:3936] len(Hs) = 8100, len(Ss) = 8100, len(Vs) = 8100
[20190924_071549 / lib_ip.py:3982] red : variance --> out of range (variance = 8.222 / upper = 0.430 / lower = 0.000)
[20190924_071550 / lib_ip.py:3753] file = img.20190924_071547.2019-09-23_15-08-18_000.jpg.3.png / val_Average = 99.1310	val_Variance = 8.2220	sd = 2.8674	max = 109	min = 88
[20190924_071550 / lib_ip.py:4052] len(Hs) = 8100, len(Ss) = 8100, len(Vs) = 8100
[20190924_071550 / lib_ip.py:4099] green : variance --> out of range (variance = 8.222 / upper = 0.760 / lower = 0.000)
[20190924_071550 / lib_ip.py:3753] file = img.20190924_071547.2019-09-23_15-08-18_000.jpg.3.png / val_Average = 99.1310	val_Variance = 8.2220	sd = 2.8674	max = 109	min = 88
[20190924_071550 / lib_ip.py:4169] len(Hs) = 8100, len(Ss) = 8100, len(Vs) = 8100
[20190924_071550 / lib_ip.py:4208] blue : variance --> out of range (variance = 8.222 / upper = 0.930 / lower = 0.010)
[20190924_071550 / lib_ip.py:3753] file = img.20190924_071547.2019-09-23_15-08-18_000.jpg.3.png / val_Average = 99.1310	val_Variance = 8.2220	sd = 2.8674	max = 109	min = 88
[20190924_071550 / lib_ip.py:4275] len(Hs) = 8100, len(Ss) = 8100, len(Vs) = 8100
[20190924_071550 / lib_ip.py:4314] pink : variance --> out of range (variance = 8.222 / upper = 0.750 / lower = 0.030)
[20190924_071550 / lib_ip.py:3753] file = img.20190924_071547.2019-09-23_15-08-18_000.jpg.3.png / val_Average = 99.1310	val_Variance = 8.2220	sd = 2.8674	max = 109	min = 88
[20190924_071550 / lib_ip.py:4378] len(Hs) = 8100, len(Ss) = 8100, len(Vs) = 8100
[20190924_071550 / lib_ip.py:4422] black : variance --> out of range (variance = 8.222 / upper = 0.000 / lower = 0.000)
[20190924_071550 / lib_ip.py:4593] file : img.20190924_071547.2019-09-23_15-08-18_000.jpg.3.png 2 (black : variance --> out of range (variance = 8.222 / upper = 0.000 / lower = 0.000))
[20190924_071550 / lib_ip.py:2274] inspecting ===> img.20190924_071547.2019-09-23_15-08-18_000.jpg.4.png
[20190924_071551 / lib_ip.py:4505] 
img.20190924_071547.2019-09-23_15-08-18_000.jpg.4.png 3 ---------------------
[20190924_071551 / lib_ip.py:3753] file = img.20190924_071547.2019-09-23_15-08-18_000.jpg.4.png / val_Average = 94.2647	val_Variance = 0.2243	sd = 0.4736	max = 95	min = 93
[20190924_071551 / lib_ip.py:3836] len(Hs) = 8100, len(Ss) = 8100, len(Vs) = 8100
[20190924_071550 / lib_ip.py:2274] inspecting ===> img.20190924_071547.2019-09-23_15-08-18_000.jpg.4.png
img.20190924_071547.2019-09-23_15-08-18_000.jpg.1.png => other
img.20190924_071547.2019-09-23_15-08-18_000.jpg.2.png => other
img.20190924_071547.2019-09-23_15-08-18_000.jpg.3.png => other
img.20190924_071547.2019-09-23_15-08-18_000.jpg.4.png => other
[20190924_071551 lib_ip.py:3301] =============== Get 4 corners
dpath_Images = C:\WORKS_2\WS\WS_Others.Art\JVEMV6\46_art\VIRTUAL\Admin_Projects\ip\images
fname_Image = img.20190924_071547.2019-09-23_15-08-18_000.jpg.4.png

[20190924_071552 / lib_ip.py:2274] inspecting ===> img.20190924_071552.2019-09-23_18-15-21_000.jpg.1.png
[20190924_071552 / lib_ip.py:4505] 
img.20190924_071552.2019-09-23_18-15-21_000.jpg.1.png 0 ---------------------
[20190924_071552 / lib_ip.py:3753] file = img.20190924_071552.2019-09-23_18-15-21_000.jpg.1.png / val_Average = 108.3149	val_Variance = 4.4269	sd = 2.1040	max = 118	min = 99
[20190924_071552 / lib_ip.py:3836] len(Hs) = 8100, len(Ss) = 8100, len(Vs) = 8100
[20190924_071552 / lib_ip.py:3869] yellow : variance --> out of range (variance = 4.427 / upper = 0.650 / lower = 0.000)
[20190924_071552 / lib_ip.py:3753] file = img.20190924_071552.2019-09-23_18-15-21_000.jpg.1.png / val_Average = 108.3149	val_Variance = 4.4269	sd = 2.1040	max = 118	min = 99
[20190924_071552 / lib_ip.py:3936] len(Hs) = 8100, len(Ss) = 8100, len(Vs) = 8100
[20190924_071552 / lib_ip.py:3982] red : variance --> out of range (variance = 4.427 / upper = 0.430 / lower = 0.000)
[20190924_071552 / lib_ip.py:3753] file = img.20190924_071552.2019-09-23_18-15-21_000.jpg.1.png / val_Average = 108.3149	val_Variance = 4.4269	sd = 2.1040	max = 118	min = 99
[20190924_071552 / lib_ip.py:4052] len(Hs) = 8100, len(Ss) = 8100, len(Vs) = 8100
[20190924_071552 / lib_ip.py:4099] green : variance --> out of range (variance = 4.427 / upper = 0.760 / lower = 0.000)
[20190924_071553 / lib_ip.py:3753] file = img.20190924_071552.2019-09-23_18-15-21_000.jpg.1.png / val_Average = 108.3149	val_Variance = 4.4269	sd = 2.1040	max = 118	min = 99
[20190924_071553 / lib_ip.py:4169] len(Hs) = 8100, len(Ss) = 8100, len(Vs) = 8100
[20190924_071553 / lib_ip.py:4208] blue : variance --> out of range (variance = 4.427 / upper = 0.930 / lower = 0.010)
[20190924_071553 / lib_ip.py:3753] file = img.20190924_071552.2019-09-23_18-15-21_000.jpg.1.png / val_Average = 108.3149	val_Variance = 4.4269	sd = 2.1040	max = 118	min = 99
[20190924_071553 / lib_ip.py:4275] len(Hs) = 8100, len(Ss) = 8100, len(Vs) = 8100
[20190924_071553 / lib_ip.py:4314] pink : variance --> out of range (variance = 4.427 / upper = 0.750 / lower = 0.030)
[20190924_071553 / lib_ip.py:3753] file = img.20190924_071552.2019-09-23_18-15-21_000.jpg.1.png / val_Average = 108.3149	val_Variance = 4.4269	sd = 2.1040	max = 118	min = 99
[20190924_071553 / lib_ip.py:4378] len(Hs) = 8100, len(Ss) = 8100, len(Vs) = 8100
[20190924_071553 / lib_ip.py:4422] black : variance --> out of range (variance = 4.427 / upper = 0.000 / lower = 0.000)
[20190924_071553 / lib_ip.py:4593] file : img.20190924_071552.2019-09-23_18-15-21_000.jpg.1.png 0 (black : variance --> out of range (variance = 4.427 / upper = 0.000 / lower = 0.000))
[20190924_071553 / lib_ip.py:2274] inspecting ===> img.20190924_071552.2019-09-23_18-15-21_000.jpg.2.png
[20190924_071553 / lib_ip.py:4505] 
img.20190924_071552.2019-09-23_18-15-21_000.jpg.2.png 1 ---------------------
[20190924_071553 / lib_ip.py:3753] file = img.20190924_071552.2019-09-23_18-15-21_000.jpg.2.png / val_Average = 103.8968	val_Variance = 16.7985	sd = 4.0986	max = 120	min = 60
[20190924_071553 / lib_ip.py:3836] len(Hs) = 8100, len(Ss) = 8100, len(Vs) = 8100
[20190924_071553 / lib_ip.py:3869] yellow : variance --> out of range (variance = 16.798 / upper = 0.650 / lower = 0.000)
[20190924_071554 / lib_ip.py:3753] file = img.20190924_071552.2019-09-23_18-15-21_000.jpg.2.png / val_Average = 103.8968	val_Variance = 16.7985	sd = 4.0986	max = 120	min = 60
[20190924_071554 / lib_ip.py:3936] len(Hs) = 8100, len(Ss) = 8100, len(Vs) = 8100
[20190924_071554 / lib_ip.py:3982] red : variance --> out of range (variance = 16.798 / upper = 0.430 / lower = 0.000)
[20190924_071554 / lib_ip.py:3753] file = img.20190924_071552.2019-09-23_18-15-21_000.jpg.2.png / val_Average = 103.8968	val_Variance = 16.7985	sd = 4.0986	max = 120	min = 60
[20190924_071554 / lib_ip.py:4052] len(Hs) = 8100, len(Ss) = 8100, len(Vs) = 8100
[20190924_071554 / lib_ip.py:4099] green : variance --> out of range (variance = 16.798 / upper = 0.760 / lower = 0.000)
[20190924_071554 / lib_ip.py:3753] file = img.20190924_071552.2019-09-23_18-15-21_000.jpg.2.png / val_Average = 103.8968	val_Variance = 16.7985	sd = 4.0986	max = 120	min = 60
[20190924_071554 / lib_ip.py:4169] len(Hs) = 8100, len(Ss) = 8100, len(Vs) = 8100
[20190924_071554 / lib_ip.py:4208] blue : variance --> out of range (variance = 16.798 / upper = 0.930 / lower = 0.010)
[20190924_071554 / lib_ip.py:3753] file = img.20190924_071552.2019-09-23_18-15-21_000.jpg.2.png / val_Average = 103.8968	val_Variance = 16.7985	sd = 4.0986	max = 120	min = 60
[20190924_071554 / lib_ip.py:4275] len(Hs) = 8100, len(Ss) = 8100, len(Vs) = 8100
[20190924_071554 / lib_ip.py:4314] pink : variance --> out of range (variance = 16.798 / upper = 0.750 / lower = 0.030)
[20190924_071554 / lib_ip.py:3753] file = img.20190924_071552.2019-09-23_18-15-21_000.jpg.2.png / val_Average = 103.8968	val_Variance = 16.7985	sd = 4.0986	max = 120	min = 60
[20190924_071554 / lib_ip.py:4378] len(Hs) = 8100, len(Ss) = 8100, len(Vs) = 8100
[20190924_071554 / lib_ip.py:4422] black : variance --> out of range (variance = 16.798 / upper = 0.000 / lower = 0.000)
[20190924_071554 / lib_ip.py:4593] file : img.20190924_071552.2019-09-23_18-15-21_000.jpg.2.png 1 (black : variance --> out of range (variance = 16.798 / upper = 0.000 / lower = 0.000))
[20190924_071554 / lib_ip.py:2274] inspecting ===> img.20190924_071552.2019-09-23_18-15-21_000.jpg.3.png
[20190924_071555 / lib_ip.py:4505] 
img.20190924_071552.2019-09-23_18-15-21_000.jpg.3.png 2 ---------------------
[20190924_071555 / lib_ip.py:3753] file = img.20190924_071552.2019-09-23_18-15-21_000.jpg.3.png / val_Average = 110.3098	val_Variance = 3.3602	sd = 1.8331	max = 118	min = 106
[20190924_071555 / lib_ip.py:3836] len(Hs) = 8100, len(Ss) = 8100, len(Vs) = 8100
[20190924_071555 / lib_ip.py:3869] yellow : variance --> out of range (variance = 3.360 / upper = 0.650 / lower = 0.000)
[20190924_071555 / lib_ip.py:3753] file = img.20190924_071552.2019-09-23_18-15-21_000.jpg.3.png / val_Average = 110.3098	val_Variance = 3.3602	sd = 1.8331	max = 118	min = 106
[20190924_071555 / lib_ip.py:3936] len(Hs) = 8100, len(Ss) = 8100, len(Vs) = 8100
[20190924_071556 / lib_ip.py:3982] red : variance --> out of range (variance = 3.360 / upper = 0.430 / lower = 0.000)
[20190924_071556 / lib_ip.py:3753] file = img.20190924_071552.2019-09-23_18-15-21_000.jpg.3.png / val_Average = 110.3098	val_Variance = 3.3602	sd = 1.8331	max = 118	min = 106
[20190924_071556 / lib_ip.py:4052] len(Hs) = 8100, len(Ss) = 8100, len(Vs) = 8100
[20190924_071556 / lib_ip.py:4099] green : variance --> out of range (variance = 3.360 / upper = 0.760 / lower = 0.000)
[20190924_071556 / lib_ip.py:3753] file = img.20190924_071552.2019-09-23_18-15-21_000.jpg.3.png / val_Average = 110.3098	val_Variance = 3.3602	sd = 1.8331	max = 118	min = 106
[20190924_071556 / lib_ip.py:4169] len(Hs) = 8100, len(Ss) = 8100, len(Vs) = 8100
[20190924_071556 / lib_ip.py:4208] blue : variance --> out of range (variance = 3.360 / upper = 0.930 / lower = 0.010)
[20190924_071556 / lib_ip.py:3753] file = img.20190924_071552.2019-09-23_18-15-21_000.jpg.3.png / val_Average = 110.3098	val_Variance = 3.3602	sd = 1.8331	max = 118	min = 106
[20190924_071556 / lib_ip.py:4275] len(Hs) = 8100, len(Ss) = 8100, len(Vs) = 8100
[20190924_071556 / lib_ip.py:4314] pink : variance --> out of range (variance = 3.360 / upper = 0.750 / lower = 0.030)
[20190924_071556 / lib_ip.py:3753] file = img.20190924_071552.2019-09-23_18-15-21_000.jpg.3.png / val_Average = 110.3098	val_Variance = 3.3602	sd = 1.8331	max = 118	min = 106
[20190924_071556 / lib_ip.py:4378] len(Hs) = 8100, len(Ss) = 8100, len(Vs) = 8100
[20190924_071556 / lib_ip.py:4422] black : variance --> out of range (variance = 3.360 / upper = 0.000 / lower = 0.000)
[20190924_071556 / lib_ip.py:4593] file : img.20190924_071552.2019-09-23_18-15-21_000.jpg.3.png 2 (black : variance --> out of range (variance = 3.360 / upper = 0.000 / lower = 0.000))
[20190924_071556 / lib_ip.py:2274] inspecting ===> img.20190924_071552.2019-09-23_18-15-21_000.jpg.4.png
[20190924_071557 / lib_ip.py:4505] 
img.20190924_071552.2019-09-23_18-15-21_000.jpg.4.png 3 ---------------------
[20190924_071557 / lib_ip.py:3753] file = img.20190924_071552.2019-09-23_18-15-21_000.jpg.4.png / val_Average = 120.5269	val_Variance = 0.2836	sd = 0.5325	max = 122	min = 119
[20190924_071557 / lib_ip.py:3836] len(Hs) = 8100, len(Ss) = 8100, len(Vs) = 8100
[20190924_071557 / lib_ip.py:3891] yellow : average --> out of range (average = 120.527 / upper = 99.200 / lower = 85.500)
[20190924_071557 / lib_ip.py:3753] file = img.20190924_071552.2019-09-23_18-15-21_000.jpg.4.png / val_Average = 120.5269	val_Variance = 0.2836	sd = 0.5325	max = 122	min = 119
[20190924_071557 / lib_ip.py:3936] len(Hs) = 8100, len(Ss) = 8100, len(Vs) = 8100
[20190924_071556 / lib_ip.py:2274] inspecting ===> img.20190924_071552.2019-09-23_18-15-21_000.jpg.4.png
img.20190924_071552.2019-09-23_18-15-21_000.jpg.1.png => other
img.20190924_071552.2019-09-23_18-15-21_000.jpg.2.png => other
img.20190924_071552.2019-09-23_18-15-21_000.jpg.3.png => other
img.20190924_071552.2019-09-23_18-15-21_000.jpg.4.png => other
[20190924_071557 lib_ip.py:3301] =============== Get 4 corners
dpath_Images = C:\WORKS_2\WS\WS_Others.Art\JVEMV6\46_art\VIRTUAL\Admin_Projects\ip\images
fname_Image = img.20190924_071552.2019-09-23_18-15-21_000.jpg.4.png

[20190924_071558 / lib_ip.py:2274] inspecting ===> img.20190924_071558.2019-09-23_18-15-43_000.jpg.1.png
[20190924_071558 / lib_ip.py:4505] 
img.20190924_071558.2019-09-23_18-15-43_000.jpg.1.png 0 ---------------------
[20190924_071558 / lib_ip.py:3753] file = img.20190924_071558.2019-09-23_18-15-43_000.jpg.1.png / val_Average = 112.4489	val_Variance = 11.3805	sd = 3.3735	max = 120	min = 99
[20190924_071558 / lib_ip.py:3836] len(Hs) = 8100, len(Ss) = 8100, len(Vs) = 8100
[20190924_071558 / lib_ip.py:3869] yellow : variance --> out of range (variance = 11.380 / upper = 0.650 / lower = 0.000)
[20190924_071558 / lib_ip.py:3753] file = img.20190924_071558.2019-09-23_18-15-43_000.jpg.1.png / val_Average = 112.4489	val_Variance = 11.3805	sd = 3.3735	max = 120	min = 99
[20190924_071558 / lib_ip.py:3936] len(Hs) = 8100, len(Ss) = 8100, len(Vs) = 8100
[20190924_071559 / lib_ip.py:3982] red : variance --> out of range (variance = 11.380 / upper = 0.430 / lower = 0.000)
[20190924_071559 / lib_ip.py:3753] file = img.20190924_071558.2019-09-23_18-15-43_000.jpg.1.png / val_Average = 112.4489	val_Variance = 11.3805	sd = 3.3735	max = 120	min = 99
[20190924_071559 / lib_ip.py:4052] len(Hs) = 8100, len(Ss) = 8100, len(Vs) = 8100
[20190924_071559 / lib_ip.py:4099] green : variance --> out of range (variance = 11.380 / upper = 0.760 / lower = 0.000)
[20190924_071559 / lib_ip.py:3753] file = img.20190924_071558.2019-09-23_18-15-43_000.jpg.1.png / val_Average = 112.4489	val_Variance = 11.3805	sd = 3.3735	max = 120	min = 99
[20190924_071559 / lib_ip.py:4169] len(Hs) = 8100, len(Ss) = 8100, len(Vs) = 8100
[20190924_071559 / lib_ip.py:4208] blue : variance --> out of range (variance = 11.380 / upper = 0.930 / lower = 0.010)
[20190924_071559 / lib_ip.py:3753] file = img.20190924_071558.2019-09-23_18-15-43_000.jpg.1.png / val_Average = 112.4489	val_Variance = 11.3805	sd = 3.3735	max = 120	min = 99
[20190924_071559 / lib_ip.py:4275] len(Hs) = 8100, len(Ss) = 8100, len(Vs) = 8100
[20190924_071559 / lib_ip.py:4314] pink : variance --> out of range (variance = 11.380 / upper = 0.750 / lower = 0.030)
[20190924_071559 / lib_ip.py:3753] file = img.20190924_071558.2019-09-23_18-15-43_000.jpg.1.png / val_Average = 112.4489	val_Variance = 11.3805	sd = 3.3735	max = 120	min = 99
[20190924_071559 / lib_ip.py:4378] len(Hs) = 8100, len(Ss) = 8100, len(Vs) = 8100
[20190924_071559 / lib_ip.py:4422] black : variance --> out of range (variance = 11.380 / upper = 0.000 / lower = 0.000)
[20190924_071559 / lib_ip.py:4593] file : img.20190924_071558.2019-09-23_18-15-43_000.jpg.1.png 0 (black : variance --> out of range (variance = 11.380 / upper = 0.000 / lower = 0.000))
[20190924_071559 / lib_ip.py:2274] inspecting ===> img.20190924_071558.2019-09-23_18-15-43_000.jpg.2.png
[20190924_071600 / lib_ip.py:4505] 
img.20190924_071558.2019-09-23_18-15-43_000.jpg.2.png 1 ---------------------
[20190924_071600 / lib_ip.py:3753] file = img.20190924_071558.2019-09-23_18-15-43_000.jpg.2.png / val_Average = 105.9048	val_Variance = 5.0683	sd = 2.2513	max = 115	min = 99
[20190924_071600 / lib_ip.py:3836] len(Hs) = 8100, len(Ss) = 8100, len(Vs) = 8100
[20190924_071600 / lib_ip.py:3869] yellow : variance --> out of range (variance = 5.068 / upper = 0.650 / lower = 0.000)
[20190924_071600 / lib_ip.py:3753] file = img.20190924_071558.2019-09-23_18-15-43_000.jpg.2.png / val_Average = 105.9048	val_Variance = 5.0683	sd = 2.2513	max = 115	min = 99
[20190924_071600 / lib_ip.py:3936] len(Hs) = 8100, len(Ss) = 8100, len(Vs) = 8100
[20190924_071600 / lib_ip.py:3982] red : variance --> out of range (variance = 5.068 / upper = 0.430 / lower = 0.000)
[20190924_071600 / lib_ip.py:3753] file = img.20190924_071558.2019-09-23_18-15-43_000.jpg.2.png / val_Average = 105.9048	val_Variance = 5.0683	sd = 2.2513	max = 115	min = 99
[20190924_071600 / lib_ip.py:4052] len(Hs) = 8100, len(Ss) = 8100, len(Vs) = 8100
[20190924_071600 / lib_ip.py:4099] green : variance --> out of range (variance = 5.068 / upper = 0.760 / lower = 0.000)
[20190924_071600 / lib_ip.py:3753] file = img.20190924_071558.2019-09-23_18-15-43_000.jpg.2.png / val_Average = 105.9048	val_Variance = 5.0683	sd = 2.2513	max = 115	min = 99
[20190924_071600 / lib_ip.py:4169] len(Hs) = 8100, len(Ss) = 8100, len(Vs) = 8100
[20190924_071600 / lib_ip.py:4208] blue : variance --> out of range (variance = 5.068 / upper = 0.930 / lower = 0.010)
[20190924_071600 / lib_ip.py:3753] file = img.20190924_071558.2019-09-23_18-15-43_000.jpg.2.png / val_Average = 105.9048	val_Variance = 5.0683	sd = 2.2513	max = 115	min = 99
[20190924_071600 / lib_ip.py:4275] len(Hs) = 8100, len(Ss) = 8100, len(Vs) = 8100
[20190924_071600 / lib_ip.py:4314] pink : variance --> out of range (variance = 5.068 / upper = 0.750 / lower = 0.030)
[20190924_071600 / lib_ip.py:3753] file = img.20190924_071558.2019-09-23_18-15-43_000.jpg.2.png / val_Average = 105.9048	val_Variance = 5.0683	sd = 2.2513	max = 115	min = 99
[20190924_071600 / lib_ip.py:4378] len(Hs) = 8100, len(Ss) = 8100, len(Vs) = 8100
[20190924_071600 / lib_ip.py:4422] black : variance --> out of range (variance = 5.068 / upper = 0.000 / lower = 0.000)
[20190924_071601 / lib_ip.py:4593] file : img.20190924_071558.2019-09-23_18-15-43_000.jpg.2.png 1 (black : variance --> out of range (variance = 5.068 / upper = 0.000 / lower = 0.000))
[20190924_071601 / lib_ip.py:2274] inspecting ===> img.20190924_071558.2019-09-23_18-15-43_000.jpg.3.png
[20190924_071601 / lib_ip.py:4505] 
img.20190924_071558.2019-09-23_18-15-43_000.jpg.3.png 2 ---------------------
[20190924_071601 / lib_ip.py:3753] file = img.20190924_071558.2019-09-23_18-15-43_000.jpg.3.png / val_Average = 114.2196	val_Variance = 5.7013	sd = 2.3877	max = 120	min = 106
[20190924_071601 / lib_ip.py:3836] len(Hs) = 8100, len(Ss) = 8100, len(Vs) = 8100
[20190924_071601 / lib_ip.py:3869] yellow : variance --> out of range (variance = 5.701 / upper = 0.650 / lower = 0.000)
[20190924_071601 / lib_ip.py:3753] file = img.20190924_071558.2019-09-23_18-15-43_000.jpg.3.png / val_Average = 114.2196	val_Variance = 5.7013	sd = 2.3877	max = 120	min = 106
[20190924_071601 / lib_ip.py:3936] len(Hs) = 8100, len(Ss) = 8100, len(Vs) = 8100
[20190924_071601 / lib_ip.py:3982] red : variance --> out of range (variance = 5.701 / upper = 0.430 / lower = 0.000)
[20190924_071601 / lib_ip.py:3753] file = img.20190924_071558.2019-09-23_18-15-43_000.jpg.3.png / val_Average = 114.2196	val_Variance = 5.7013	sd = 2.3877	max = 120	min = 106
[20190924_071602 / lib_ip.py:4052] len(Hs) = 8100, len(Ss) = 8100, len(Vs) = 8100
[20190924_071602 / lib_ip.py:4099] green : variance --> out of range (variance = 5.701 / upper = 0.760 / lower = 0.000)
[20190924_071602 / lib_ip.py:3753] file = img.20190924_071558.2019-09-23_18-15-43_000.jpg.3.png / val_Average = 114.2196	val_Variance = 5.7013	sd = 2.3877	max = 120	min = 106
[20190924_071602 / lib_ip.py:4169] len(Hs) = 8100, len(Ss) = 8100, len(Vs) = 8100
[20190924_071602 / lib_ip.py:4208] blue : variance --> out of range (variance = 5.701 / upper = 0.930 / lower = 0.010)
[20190924_071602 / lib_ip.py:3753] file = img.20190924_071558.2019-09-23_18-15-43_000.jpg.3.png / val_Average = 114.2196	val_Variance = 5.7013	sd = 2.3877	max = 120	min = 106
[20190924_071602 / lib_ip.py:4275] len(Hs) = 8100, len(Ss) = 8100, len(Vs) = 8100
[20190924_071602 / lib_ip.py:4314] pink : variance --> out of range (variance = 5.701 / upper = 0.750 / lower = 0.030)
[20190924_071602 / lib_ip.py:3753] file = img.20190924_071558.2019-09-23_18-15-43_000.jpg.3.png / val_Average = 114.2196	val_Variance = 5.7013	sd = 2.3877	max = 120	min = 106
[20190924_071602 / lib_ip.py:4378] len(Hs) = 8100, len(Ss) = 8100, len(Vs) = 8100
[20190924_071602 / lib_ip.py:4422] black : variance --> out of range (variance = 5.701 / upper = 0.000 / lower = 0.000)
[20190924_071602 / lib_ip.py:4593] file : img.20190924_071558.2019-09-23_18-15-43_000.jpg.3.png 2 (black : variance --> out of range (variance = 5.701 / upper = 0.000 / lower = 0.000))
[20190924_071602 / lib_ip.py:2274] inspecting ===> img.20190924_071558.2019-09-23_18-15-43_000.jpg.4.png
[20190924_071603 / lib_ip.py:4505] 
img.20190924_071558.2019-09-23_18-15-43_000.jpg.4.png 3 ---------------------
[20190924_071603 / lib_ip.py:3753] file = img.20190924_071558.2019-09-23_18-15-43_000.jpg.4.png / val_Average = 120.5560	val_Variance = 0.2567	sd = 0.5067	max = 121	min = 119
[20190924_071603 / lib_ip.py:3836] len(Hs) = 8100, len(Ss) = 8100, len(Vs) = 8100
[20190924_071603 / lib_ip.py:3891] yellow : average --> out of range (average = 120.556 / upper = 99.200 / lower = 85.500)
[20190924_071603 / lib_ip.py:3753] file = img.20190924_071558.2019-09-23_18-15-43_000.jpg.4.png / val_Average = 120.5560	val_Variance = 0.2567	sd = 0.5067	max = 121	min = 119
[20190924_071603 / lib_ip.py:3936] len(Hs) = 8100, len(Ss) = 8100, len(Vs) = 8100
[20190924_071602 / lib_ip.py:2274] inspecting ===> img.20190924_071558.2019-09-23_18-15-43_000.jpg.4.png
img.20190924_071558.2019-09-23_18-15-43_000.jpg.1.png => other
img.20190924_071558.2019-09-23_18-15-43_000.jpg.2.png => other
img.20190924_071558.2019-09-23_18-15-43_000.jpg.3.png => other
img.20190924_071558.2019-09-23_18-15-43_000.jpg.4.png => other
[20190924_071603 lib_ip.py:3301] =============== Get 4 corners
dpath_Images = C:\WORKS_2\WS\WS_Others.Art\JVEMV6\46_art\VIRTUAL\Admin_Projects\ip\images
fname_Image = img.20190924_071558.2019-09-23_18-15-43_000.jpg.4.png

[20190924_071604 / lib_ip.py:2274] inspecting ===> img.20190924_071604.2019-09-23_20-30-38_000.jpg.1.png
[20190924_071604 / lib_ip.py:4505] 
img.20190924_071604.2019-09-23_20-30-38_000.jpg.1.png 0 ---------------------
[20190924_071604 / lib_ip.py:3753] file = img.20190924_071604.2019-09-23_20-30-38_000.jpg.1.png / val_Average = 56.8088	val_Variance = 1945.2490	sd = 44.1050	max = 135	min = 0
[20190924_071604 / lib_ip.py:3836] len(Hs) = 8100, len(Ss) = 8100, len(Vs) = 8100
[20190924_071604 / lib_ip.py:3869] yellow : variance --> out of range (variance = 1945.249 / upper = 0.650 / lower = 0.000)
[20190924_071604 / lib_ip.py:3753] file = img.20190924_071604.2019-09-23_20-30-38_000.jpg.1.png / val_Average = 56.8088	val_Variance = 1945.2490	sd = 44.1050	max = 135	min = 0
[20190924_071604 / lib_ip.py:3936] len(Hs) = 8100, len(Ss) = 8100, len(Vs) = 8100
[20190924_071604 / lib_ip.py:3982] red : variance --> out of range (variance = 1945.249 / upper = 0.430 / lower = 0.000)
[20190924_071604 / lib_ip.py:3753] file = img.20190924_071604.2019-09-23_20-30-38_000.jpg.1.png / val_Average = 56.8088	val_Variance = 1945.2490	sd = 44.1050	max = 135	min = 0
[20190924_071604 / lib_ip.py:4052] len(Hs) = 8100, len(Ss) = 8100, len(Vs) = 8100
[20190924_071604 / lib_ip.py:4099] green : variance --> out of range (variance = 1945.249 / upper = 0.760 / lower = 0.000)
[20190924_071605 / lib_ip.py:3753] file = img.20190924_071604.2019-09-23_20-30-38_000.jpg.1.png / val_Average = 56.8088	val_Variance = 1945.2490	sd = 44.1050	max = 135	min = 0
[20190924_071605 / lib_ip.py:4169] len(Hs) = 8100, len(Ss) = 8100, len(Vs) = 8100
[20190924_071605 / lib_ip.py:4208] blue : variance --> out of range (variance = 1945.249 / upper = 0.930 / lower = 0.010)
[20190924_071605 / lib_ip.py:3753] file = img.20190924_071604.2019-09-23_20-30-38_000.jpg.1.png / val_Average = 56.8088	val_Variance = 1945.2490	sd = 44.1050	max = 135	min = 0
[20190924_071605 / lib_ip.py:4275] len(Hs) = 8100, len(Ss) = 8100, len(Vs) = 8100
[20190924_071605 / lib_ip.py:4314] pink : variance --> out of range (variance = 1945.249 / upper = 0.750 / lower = 0.030)
[20190924_071605 / lib_ip.py:3753] file = img.20190924_071604.2019-09-23_20-30-38_000.jpg.1.png / val_Average = 56.8088	val_Variance = 1945.2490	sd = 44.1050	max = 135	min = 0
[20190924_071605 / lib_ip.py:4378] len(Hs) = 8100, len(Ss) = 8100, len(Vs) = 8100
[20190924_071605 / lib_ip.py:4422] black : variance --> out of range (variance = 1945.249 / upper = 0.000 / lower = 0.000)
[20190924_071605 / lib_ip.py:4593] file : img.20190924_071604.2019-09-23_20-30-38_000.jpg.1.png 0 (black : variance --> out of range (variance = 1945.249 / upper = 0.000 / lower = 0.000))
[20190924_071605 / lib_ip.py:2274] inspecting ===> img.20190924_071604.2019-09-23_20-30-38_000.jpg.2.png
[20190924_071606 / lib_ip.py:4505] 
img.20190924_071604.2019-09-23_20-30-38_000.jpg.2.png 1 ---------------------
[20190924_071606 / lib_ip.py:3753] file = img.20190924_071604.2019-09-23_20-30-38_000.jpg.2.png / val_Average = 36.3552	val_Variance = 2040.2505	sd = 45.1691	max = 160	min = 0
[20190924_071606 / lib_ip.py:3836] len(Hs) = 8100, len(Ss) = 8100, len(Vs) = 8100
[20190924_071606 / lib_ip.py:3869] yellow : variance --> out of range (variance = 2040.251 / upper = 0.650 / lower = 0.000)
[20190924_071606 / lib_ip.py:3753] file = img.20190924_071604.2019-09-23_20-30-38_000.jpg.2.png / val_Average = 36.3552	val_Variance = 2040.2505	sd = 45.1691	max = 160	min = 0
[20190924_071606 / lib_ip.py:3936] len(Hs) = 8100, len(Ss) = 8100, len(Vs) = 8100
[20190924_071606 / lib_ip.py:3982] red : variance --> out of range (variance = 2040.251 / upper = 0.430 / lower = 0.000)
[20190924_071606 / lib_ip.py:3753] file = img.20190924_071604.2019-09-23_20-30-38_000.jpg.2.png / val_Average = 36.3552	val_Variance = 2040.2505	sd = 45.1691	max = 160	min = 0
[20190924_071606 / lib_ip.py:4052] len(Hs) = 8100, len(Ss) = 8100, len(Vs) = 8100
[20190924_071606 / lib_ip.py:4099] green : variance --> out of range (variance = 2040.251 / upper = 0.760 / lower = 0.000)
[20190924_071606 / lib_ip.py:3753] file = img.20190924_071604.2019-09-23_20-30-38_000.jpg.2.png / val_Average = 36.3552	val_Variance = 2040.2505	sd = 45.1691	max = 160	min = 0
[20190924_071606 / lib_ip.py:4169] len(Hs) = 8100, len(Ss) = 8100, len(Vs) = 8100
[20190924_071606 / lib_ip.py:4208] blue : variance --> out of range (variance = 2040.251 / upper = 0.930 / lower = 0.010)
[20190924_071606 / lib_ip.py:3753] file = img.20190924_071604.2019-09-23_20-30-38_000.jpg.2.png / val_Average = 36.3552	val_Variance = 2040.2505	sd = 45.1691	max = 160	min = 0
[20190924_071606 / lib_ip.py:4275] len(Hs) = 8100, len(Ss) = 8100, len(Vs) = 8100
[20190924_071607 / lib_ip.py:4314] pink : variance --> out of range (variance = 2040.251 / upper = 0.750 / lower = 0.030)
[20190924_071607 / lib_ip.py:3753] file = img.20190924_071604.2019-09-23_20-30-38_000.jpg.2.png / val_Average = 36.3552	val_Variance = 2040.2505	sd = 45.1691	max = 160	min = 0
[20190924_071607 / lib_ip.py:4378] len(Hs) = 8100, len(Ss) = 8100, len(Vs) = 8100
[20190924_071607 / lib_ip.py:4422] black : variance --> out of range (variance = 2040.251 / upper = 0.000 / lower = 0.000)
[20190924_071607 / lib_ip.py:4593] file : img.20190924_071604.2019-09-23_20-30-38_000.jpg.2.png 1 (black : variance --> out of range (variance = 2040.251 / upper = 0.000 / lower = 0.000))
[20190924_071607 / lib_ip.py:2274] inspecting ===> img.20190924_071604.2019-09-23_20-30-38_000.jpg.3.png
[20190924_071607 / lib_ip.py:4505] 
img.20190924_071604.2019-09-23_20-30-38_000.jpg.3.png 2 ---------------------
[20190924_071607 / lib_ip.py:3753] file = img.20190924_071604.2019-09-23_20-30-38_000.jpg.3.png / val_Average = 93.0000	val_Variance = 0.0000	sd = 0.0000	max = 93	min = 93
[20190924_071607 / lib_ip.py:3836] len(Hs) = 8100, len(Ss) = 8100, len(Vs) = 8100
[20190924_071607 / lib_ip.py:2274] inspecting ===> img.20190924_071604.2019-09-23_20-30-38_000.jpg.4.png
[20190924_071607 / lib_ip.py:4505] 
img.20190924_071604.2019-09-23_20-30-38_000.jpg.4.png 3 ---------------------
[20190924_071607 / lib_ip.py:3753] file = img.20190924_071604.2019-09-23_20-30-38_000.jpg.4.png / val_Average = 46.1470	val_Variance = 2088.4536	sd = 45.6996	max = 160	min = 0
[20190924_071608 / lib_ip.py:3836] len(Hs) = 8100, len(Ss) = 8100, len(Vs) = 8100
[20190924_071608 / lib_ip.py:3869] yellow : variance --> out of range (variance = 2088.454 / upper = 0.650 / lower = 0.000)
[20190924_071608 / lib_ip.py:3753] file = img.20190924_071604.2019-09-23_20-30-38_000.jpg.4.png / val_Average = 46.1470	val_Variance = 2088.4536	sd = 45.6996	max = 160	min = 0
[20190924_071608 / lib_ip.py:3936] len(Hs) = 8100, len(Ss) = 8100, len(Vs) = 8100
[20190924_071608 / lib_ip.py:3982] red : variance --> out of range (variance = 2088.454 / upper = 0.430 / lower = 0.000)
[20190924_071608 / lib_ip.py:3753] file = img.20190924_071604.2019-09-23_20-30-38_000.jpg.4.png / val_Average = 46.1470	val_Variance = 2088.4536	sd = 45.6996	max = 160	min = 0
[20190924_071608 / lib_ip.py:4052] len(Hs) = 8100, len(Ss) = 8100, len(Vs) = 8100
[20190924_071608 / lib_ip.py:4099] green : variance --> out of range (variance = 2088.454 / upper = 0.760 / lower = 0.000)
[20190924_071608 / lib_ip.py:3753] file = img.20190924_071604.2019-09-23_20-30-38_000.jpg.4.png / val_Average = 46.1470	val_Variance = 2088.4536	sd = 45.6996	max = 160	min = 0
[20190924_071608 / lib_ip.py:4169] len(Hs) = 8100, len(Ss) = 8100, len(Vs) = 8100
[20190924_071608 / lib_ip.py:4208] blue : variance --> out of range (variance = 2088.454 / upper = 0.930 / lower = 0.010)
[20190924_071608 / lib_ip.py:3753] file = img.20190924_071604.2019-09-23_20-30-38_000.jpg.4.png / val_Average = 46.1470	val_Variance = 2088.4536	sd = 45.6996	max = 160	min = 0
[20190924_071608 / lib_ip.py:4275] len(Hs) = 8100, len(Ss) = 8100, len(Vs) = 8100
[20190924_071608 / lib_ip.py:4314] pink : variance --> out of range (variance = 2088.454 / upper = 0.750 / lower = 0.030)
[20190924_071608 / lib_ip.py:3753] file = img.20190924_071604.2019-09-23_20-30-38_000.jpg.4.png / val_Average = 46.1470	val_Variance = 2088.4536	sd = 45.6996	max = 160	min = 0
[20190924_071608 / lib_ip.py:4378] len(Hs) = 8100, len(Ss) = 8100, len(Vs) = 8100
[20190924_071608 / lib_ip.py:4422] black : variance --> out of range (variance = 2088.454 / upper = 0.000 / lower = 0.000)
[20190924_071609 / lib_ip.py:4593] file : img.20190924_071604.2019-09-23_20-30-38_000.jpg.4.png 3 (black : variance --> out of range (variance = 2088.454 / upper = 0.000 / lower = 0.000))
[20190924_071607 / lib_ip.py:2274] inspecting ===> img.20190924_071604.2019-09-23_20-30-38_000.jpg.4.png
img.20190924_071604.2019-09-23_20-30-38_000.jpg.1.png => other
img.20190924_071604.2019-09-23_20-30-38_000.jpg.2.png => other
img.20190924_071604.2019-09-23_20-30-38_000.jpg.3.png => other
img.20190924_071604.2019-09-23_20-30-38_000.jpg.4.png => other
[20190924_071609 lib_ip.py:3301] =============== Get 4 corners
dpath_Images = C:\WORKS_2\WS\WS_Others.Art\JVEMV6\46_art\VIRTUAL\Admin_Projects\ip\images
fname_Image = img.20190924_071604.2019-09-23_20-30-38_000.jpg.4.png

[20190924_071609 / lib_ip.py:2274] inspecting ===> img.20190924_071609.2019-09-24_00-43-02_000.jpg.1.png
[20190924_071610 / lib_ip.py:4505] 
img.20190924_071609.2019-09-24_00-43-02_000.jpg.1.png 0 ---------------------
[20190924_071610 / lib_ip.py:3753] file = img.20190924_071609.2019-09-24_00-43-02_000.jpg.1.png / val_Average = 66.5552	val_Variance = 1388.0077	sd = 37.2560	max = 135	min = 0
[20190924_071610 / lib_ip.py:3836] len(Hs) = 8100, len(Ss) = 8100, len(Vs) = 8100
[20190924_071610 / lib_ip.py:3869] yellow : variance --> out of range (variance = 1388.008 / upper = 0.650 / lower = 0.000)
[20190924_071610 / lib_ip.py:3753] file = img.20190924_071609.2019-09-24_00-43-02_000.jpg.1.png / val_Average = 66.5552	val_Variance = 1388.0077	sd = 37.2560	max = 135	min = 0
[20190924_071610 / lib_ip.py:3936] len(Hs) = 8100, len(Ss) = 8100, len(Vs) = 8100
[20190924_071610 / lib_ip.py:3982] red : variance --> out of range (variance = 1388.008 / upper = 0.430 / lower = 0.000)
[20190924_071610 / lib_ip.py:3753] file = img.20190924_071609.2019-09-24_00-43-02_000.jpg.1.png / val_Average = 66.5552	val_Variance = 1388.0077	sd = 37.2560	max = 135	min = 0
[20190924_071610 / lib_ip.py:4052] len(Hs) = 8100, len(Ss) = 8100, len(Vs) = 8100
[20190924_071610 / lib_ip.py:4099] green : variance --> out of range (variance = 1388.008 / upper = 0.760 / lower = 0.000)
[20190924_071610 / lib_ip.py:3753] file = img.20190924_071609.2019-09-24_00-43-02_000.jpg.1.png / val_Average = 66.5552	val_Variance = 1388.0077	sd = 37.2560	max = 135	min = 0
[20190924_071610 / lib_ip.py:4169] len(Hs) = 8100, len(Ss) = 8100, len(Vs) = 8100
[20190924_071610 / lib_ip.py:4208] blue : variance --> out of range (variance = 1388.008 / upper = 0.930 / lower = 0.010)
[20190924_071610 / lib_ip.py:3753] file = img.20190924_071609.2019-09-24_00-43-02_000.jpg.1.png / val_Average = 66.5552	val_Variance = 1388.0077	sd = 37.2560	max = 135	min = 0
[20190924_071610 / lib_ip.py:4275] len(Hs) = 8100, len(Ss) = 8100, len(Vs) = 8100
[20190924_071610 / lib_ip.py:4314] pink : variance --> out of range (variance = 1388.008 / upper = 0.750 / lower = 0.030)
[20190924_071610 / lib_ip.py:3753] file = img.20190924_071609.2019-09-24_00-43-02_000.jpg.1.png / val_Average = 66.5552	val_Variance = 1388.0077	sd = 37.2560	max = 135	min = 0
[20190924_071611 / lib_ip.py:4378] len(Hs) = 8100, len(Ss) = 8100, len(Vs) = 8100
[20190924_071611 / lib_ip.py:4422] black : variance --> out of range (variance = 1388.008 / upper = 0.000 / lower = 0.000)
[20190924_071611 / lib_ip.py:4593] file : img.20190924_071609.2019-09-24_00-43-02_000.jpg.1.png 0 (black : variance --> out of range (variance = 1388.008 / upper = 0.000 / lower = 0.000))
[20190924_071611 / lib_ip.py:2274] inspecting ===> img.20190924_071609.2019-09-24_00-43-02_000.jpg.2.png
[20190924_071611 / lib_ip.py:4505] 
img.20190924_071609.2019-09-24_00-43-02_000.jpg.2.png 1 ---------------------
[20190924_071611 / lib_ip.py:3753] file = img.20190924_071609.2019-09-24_00-43-02_000.jpg.2.png / val_Average = 100.7836	val_Variance = 14.1718	sd = 3.7645	max = 112	min = 84
[20190924_071611 / lib_ip.py:3836] len(Hs) = 8100, len(Ss) = 8100, len(Vs) = 8100
[20190924_071611 / lib_ip.py:3869] yellow : variance --> out of range (variance = 14.172 / upper = 0.650 / lower = 0.000)
[20190924_071611 / lib_ip.py:3753] file = img.20190924_071609.2019-09-24_00-43-02_000.jpg.2.png / val_Average = 100.7836	val_Variance = 14.1718	sd = 3.7645	max = 112	min = 84
[20190924_071611 / lib_ip.py:3936] len(Hs) = 8100, len(Ss) = 8100, len(Vs) = 8100
[20190924_071611 / lib_ip.py:3982] red : variance --> out of range (variance = 14.172 / upper = 0.430 / lower = 0.000)
[20190924_071611 / lib_ip.py:3753] file = img.20190924_071609.2019-09-24_00-43-02_000.jpg.2.png / val_Average = 100.7836	val_Variance = 14.1718	sd = 3.7645	max = 112	min = 84
[20190924_071611 / lib_ip.py:4052] len(Hs) = 8100, len(Ss) = 8100, len(Vs) = 8100
[20190924_071611 / lib_ip.py:4099] green : variance --> out of range (variance = 14.172 / upper = 0.760 / lower = 0.000)
[20190924_071611 / lib_ip.py:3753] file = img.20190924_071609.2019-09-24_00-43-02_000.jpg.2.png / val_Average = 100.7836	val_Variance = 14.1718	sd = 3.7645	max = 112	min = 84
[20190924_071611 / lib_ip.py:4169] len(Hs) = 8100, len(Ss) = 8100, len(Vs) = 8100
[20190924_071612 / lib_ip.py:4208] blue : variance --> out of range (variance = 14.172 / upper = 0.930 / lower = 0.010)
[20190924_071612 / lib_ip.py:3753] file = img.20190924_071609.2019-09-24_00-43-02_000.jpg.2.png / val_Average = 100.7836	val_Variance = 14.1718	sd = 3.7645	max = 112	min = 84
[20190924_071612 / lib_ip.py:4275] len(Hs) = 8100, len(Ss) = 8100, len(Vs) = 8100
[20190924_071612 / lib_ip.py:4314] pink : variance --> out of range (variance = 14.172 / upper = 0.750 / lower = 0.030)
[20190924_071612 / lib_ip.py:3753] file = img.20190924_071609.2019-09-24_00-43-02_000.jpg.2.png / val_Average = 100.7836	val_Variance = 14.1718	sd = 3.7645	max = 112	min = 84
[20190924_071612 / lib_ip.py:4378] len(Hs) = 8100, len(Ss) = 8100, len(Vs) = 8100
[20190924_071612 / lib_ip.py:4422] black : variance --> out of range (variance = 14.172 / upper = 0.000 / lower = 0.000)
[20190924_071612 / lib_ip.py:4593] file : img.20190924_071609.2019-09-24_00-43-02_000.jpg.2.png 1 (black : variance --> out of range (variance = 14.172 / upper = 0.000 / lower = 0.000))
[20190924_071612 / lib_ip.py:2274] inspecting ===> img.20190924_071609.2019-09-24_00-43-02_000.jpg.3.png
[20190924_071613 / lib_ip.py:4505] 
img.20190924_071609.2019-09-24_00-43-02_000.jpg.3.png 2 ---------------------
[20190924_071613 / lib_ip.py:3753] file = img.20190924_071609.2019-09-24_00-43-02_000.jpg.3.png / val_Average = 105.9781	val_Variance = 12.1826	sd = 3.4904	max = 136	min = 96
[20190924_071613 / lib_ip.py:3836] len(Hs) = 8100, len(Ss) = 8100, len(Vs) = 8100
[20190924_071613 / lib_ip.py:3869] yellow : variance --> out of range (variance = 12.183 / upper = 0.650 / lower = 0.000)
[20190924_071613 / lib_ip.py:3753] file = img.20190924_071609.2019-09-24_00-43-02_000.jpg.3.png / val_Average = 105.9781	val_Variance = 12.1826	sd = 3.4904	max = 136	min = 96
[20190924_071613 / lib_ip.py:3936] len(Hs) = 8100, len(Ss) = 8100, len(Vs) = 8100
[20190924_071613 / lib_ip.py:3982] red : variance --> out of range (variance = 12.183 / upper = 0.430 / lower = 0.000)
[20190924_071614 / lib_ip.py:3753] file = img.20190924_071609.2019-09-24_00-43-02_000.jpg.3.png / val_Average = 105.9781	val_Variance = 12.1826	sd = 3.4904	max = 136	min = 96
[20190924_071614 / lib_ip.py:4052] len(Hs) = 8100, len(Ss) = 8100, len(Vs) = 8100
[20190924_071614 / lib_ip.py:4099] green : variance --> out of range (variance = 12.183 / upper = 0.760 / lower = 0.000)
[20190924_071614 / lib_ip.py:3753] file = img.20190924_071609.2019-09-24_00-43-02_000.jpg.3.png / val_Average = 105.9781	val_Variance = 12.1826	sd = 3.4904	max = 136	min = 96
[20190924_071614 / lib_ip.py:4169] len(Hs) = 8100, len(Ss) = 8100, len(Vs) = 8100
[20190924_071614 / lib_ip.py:4208] blue : variance --> out of range (variance = 12.183 / upper = 0.930 / lower = 0.010)
[20190924_071614 / lib_ip.py:3753] file = img.20190924_071609.2019-09-24_00-43-02_000.jpg.3.png / val_Average = 105.9781	val_Variance = 12.1826	sd = 3.4904	max = 136	min = 96
[20190924_071614 / lib_ip.py:4275] len(Hs) = 8100, len(Ss) = 8100, len(Vs) = 8100
[20190924_071614 / lib_ip.py:4314] pink : variance --> out of range (variance = 12.183 / upper = 0.750 / lower = 0.030)
[20190924_071614 / lib_ip.py:3753] file = img.20190924_071609.2019-09-24_00-43-02_000.jpg.3.png / val_Average = 105.9781	val_Variance = 12.1826	sd = 3.4904	max = 136	min = 96
[20190924_071614 / lib_ip.py:4378] len(Hs) = 8100, len(Ss) = 8100, len(Vs) = 8100
[20190924_071614 / lib_ip.py:4422] black : variance --> out of range (variance = 12.183 / upper = 0.000 / lower = 0.000)
[20190924_071614 / lib_ip.py:4593] file : img.20190924_071609.2019-09-24_00-43-02_000.jpg.3.png 2 (black : variance --> out of range (variance = 12.183 / upper = 0.000 / lower = 0.000))
[20190924_071614 / lib_ip.py:2274] inspecting ===> img.20190924_071609.2019-09-24_00-43-02_000.jpg.4.png
[20190924_071615 / lib_ip.py:4505] 
img.20190924_071609.2019-09-24_00-43-02_000.jpg.4.png 3 ---------------------
[20190924_071615 / lib_ip.py:3753] file = img.20190924_071609.2019-09-24_00-43-02_000.jpg.4.png / val_Average = 102.9880	val_Variance = 14.9168	sd = 3.8622	max = 130	min = 96
[20190924_071615 / lib_ip.py:3836] len(Hs) = 8100, len(Ss) = 8100, len(Vs) = 8100
[20190924_071615 / lib_ip.py:3869] yellow : variance --> out of range (variance = 14.917 / upper = 0.650 / lower = 0.000)
[20190924_071615 / lib_ip.py:3753] file = img.20190924_071609.2019-09-24_00-43-02_000.jpg.4.png / val_Average = 102.9880	val_Variance = 14.9168	sd = 3.8622	max = 130	min = 96
[20190924_071615 / lib_ip.py:3936] len(Hs) = 8100, len(Ss) = 8100, len(Vs) = 8100
[20190924_071615 / lib_ip.py:3982] red : variance --> out of range (variance = 14.917 / upper = 0.430 / lower = 0.000)
[20190924_071615 / lib_ip.py:3753] file = img.20190924_071609.2019-09-24_00-43-02_000.jpg.4.png / val_Average = 102.9880	val_Variance = 14.9168	sd = 3.8622	max = 130	min = 96
[20190924_071615 / lib_ip.py:4052] len(Hs) = 8100, len(Ss) = 8100, len(Vs) = 8100
[20190924_071615 / lib_ip.py:4099] green : variance --> out of range (variance = 14.917 / upper = 0.760 / lower = 0.000)
[20190924_071615 / lib_ip.py:3753] file = img.20190924_071609.2019-09-24_00-43-02_000.jpg.4.png / val_Average = 102.9880	val_Variance = 14.9168	sd = 3.8622	max = 130	min = 96
[20190924_071615 / lib_ip.py:4169] len(Hs) = 8100, len(Ss) = 8100, len(Vs) = 8100
[20190924_071615 / lib_ip.py:4208] blue : variance --> out of range (variance = 14.917 / upper = 0.930 / lower = 0.010)
[20190924_071615 / lib_ip.py:3753] file = img.20190924_071609.2019-09-24_00-43-02_000.jpg.4.png / val_Average = 102.9880	val_Variance = 14.9168	sd = 3.8622	max = 130	min = 96
[20190924_071615 / lib_ip.py:4275] len(Hs) = 8100, len(Ss) = 8100, len(Vs) = 8100
[20190924_071615 / lib_ip.py:4314] pink : variance --> out of range (variance = 14.917 / upper = 0.750 / lower = 0.030)
[20190924_071615 / lib_ip.py:3753] file = img.20190924_071609.2019-09-24_00-43-02_000.jpg.4.png / val_Average = 102.9880	val_Variance = 14.9168	sd = 3.8622	max = 130	min = 96
[20190924_071615 / lib_ip.py:4378] len(Hs) = 8100, len(Ss) = 8100, len(Vs) = 8100
[20190924_071615 / lib_ip.py:4422] black : variance --> out of range (variance = 14.917 / upper = 0.000 / lower = 0.000)
[20190924_071616 / lib_ip.py:4593] file : img.20190924_071609.2019-09-24_00-43-02_000.jpg.4.png 3 (black : variance --> out of range (variance = 14.917 / upper = 0.000 / lower = 0.000))
[20190924_071614 / lib_ip.py:2274] inspecting ===> img.20190924_071609.2019-09-24_00-43-02_000.jpg.4.png
img.20190924_071609.2019-09-24_00-43-02_000.jpg.1.png => other
img.20190924_071609.2019-09-24_00-43-02_000.jpg.2.png => other
img.20190924_071609.2019-09-24_00-43-02_000.jpg.3.png => other
img.20190924_071609.2019-09-24_00-43-02_000.jpg.4.png => other
[20190924_071616 lib_ip.py:3301] =============== Get 4 corners
dpath_Images = C:\WORKS_2\WS\WS_Others.Art\JVEMV6\46_art\VIRTUAL\Admin_Projects\ip\images
fname_Image = img.20190924_071609.2019-09-24_00-43-02_000.jpg.4.png

[20190924_071616 / lib_ip.py:2274] inspecting ===> img.20190924_071616.2019-09-24_05-32-37_000.jpg.1.png
[20190924_071617 / lib_ip.py:4505] 
img.20190924_071616.2019-09-24_05-32-37_000.jpg.1.png 0 ---------------------
[20190924_071617 / lib_ip.py:3753] file = img.20190924_071616.2019-09-24_05-32-37_000.jpg.1.png / val_Average = 39.4722	val_Variance = 2928.5137	sd = 54.1157	max = 174	min = 0
[20190924_071617 / lib_ip.py:3836] len(Hs) = 8100, len(Ss) = 8100, len(Vs) = 8100
[20190924_071617 / lib_ip.py:3869] yellow : variance --> out of range (variance = 2928.514 / upper = 0.650 / lower = 0.000)
[20190924_071617 / lib_ip.py:3753] file = img.20190924_071616.2019-09-24_05-32-37_000.jpg.1.png / val_Average = 39.4722	val_Variance = 2928.5137	sd = 54.1157	max = 174	min = 0
[20190924_071617 / lib_ip.py:3936] len(Hs) = 8100, len(Ss) = 8100, len(Vs) = 8100
[20190924_071617 / lib_ip.py:3982] red : variance --> out of range (variance = 2928.514 / upper = 0.430 / lower = 0.000)
[20190924_071617 / lib_ip.py:3753] file = img.20190924_071616.2019-09-24_05-32-37_000.jpg.1.png / val_Average = 39.4722	val_Variance = 2928.5137	sd = 54.1157	max = 174	min = 0
[20190924_071617 / lib_ip.py:4052] len(Hs) = 8100, len(Ss) = 8100, len(Vs) = 8100
[20190924_071617 / lib_ip.py:4099] green : variance --> out of range (variance = 2928.514 / upper = 0.760 / lower = 0.000)
[20190924_071617 / lib_ip.py:3753] file = img.20190924_071616.2019-09-24_05-32-37_000.jpg.1.png / val_Average = 39.4722	val_Variance = 2928.5137	sd = 54.1157	max = 174	min = 0
[20190924_071617 / lib_ip.py:4169] len(Hs) = 8100, len(Ss) = 8100, len(Vs) = 8100
[20190924_071617 / lib_ip.py:4208] blue : variance --> out of range (variance = 2928.514 / upper = 0.930 / lower = 0.010)
[20190924_071618 / lib_ip.py:3753] file = img.20190924_071616.2019-09-24_05-32-37_000.jpg.1.png / val_Average = 39.4722	val_Variance = 2928.5137	sd = 54.1157	max = 174	min = 0
[20190924_071618 / lib_ip.py:4275] len(Hs) = 8100, len(Ss) = 8100, len(Vs) = 8100
[20190924_071618 / lib_ip.py:4314] pink : variance --> out of range (variance = 2928.514 / upper = 0.750 / lower = 0.030)
[20190924_071618 / lib_ip.py:3753] file = img.20190924_071616.2019-09-24_05-32-37_000.jpg.1.png / val_Average = 39.4722	val_Variance = 2928.5137	sd = 54.1157	max = 174	min = 0
[20190924_071618 / lib_ip.py:4378] len(Hs) = 8100, len(Ss) = 8100, len(Vs) = 8100
[20190924_071618 / lib_ip.py:4422] black : variance --> out of range (variance = 2928.514 / upper = 0.000 / lower = 0.000)
[20190924_071618 / lib_ip.py:4593] file : img.20190924_071616.2019-09-24_05-32-37_000.jpg.1.png 0 (black : variance --> out of range (variance = 2928.514 / upper = 0.000 / lower = 0.000))
[20190924_071618 / lib_ip.py:2274] inspecting ===> img.20190924_071616.2019-09-24_05-32-37_000.jpg.2.png
[20190924_071618 / lib_ip.py:4505] 
img.20190924_071616.2019-09-24_05-32-37_000.jpg.2.png 1 ---------------------
[20190924_071619 / lib_ip.py:3753] file = img.20190924_071616.2019-09-24_05-32-37_000.jpg.2.png / val_Average = 108.6368	val_Variance = 69.8417	sd = 8.3571	max = 168	min = 0
[20190924_071619 / lib_ip.py:3836] len(Hs) = 8100, len(Ss) = 8100, len(Vs) = 8100
[20190924_071619 / lib_ip.py:3869] yellow : variance --> out of range (variance = 69.842 / upper = 0.650 / lower = 0.000)
[20190924_071619 / lib_ip.py:3753] file = img.20190924_071616.2019-09-24_05-32-37_000.jpg.2.png / val_Average = 108.6368	val_Variance = 69.8417	sd = 8.3571	max = 168	min = 0
[20190924_071619 / lib_ip.py:3936] len(Hs) = 8100, len(Ss) = 8100, len(Vs) = 8100
[20190924_071619 / lib_ip.py:3982] red : variance --> out of range (variance = 69.842 / upper = 0.430 / lower = 0.000)
[20190924_071619 / lib_ip.py:3753] file = img.20190924_071616.2019-09-24_05-32-37_000.jpg.2.png / val_Average = 108.6368	val_Variance = 69.8417	sd = 8.3571	max = 168	min = 0
[20190924_071619 / lib_ip.py:4052] len(Hs) = 8100, len(Ss) = 8100, len(Vs) = 8100
[20190924_071619 / lib_ip.py:4099] green : variance --> out of range (variance = 69.842 / upper = 0.760 / lower = 0.000)
[20190924_071619 / lib_ip.py:3753] file = img.20190924_071616.2019-09-24_05-32-37_000.jpg.2.png / val_Average = 108.6368	val_Variance = 69.8417	sd = 8.3571	max = 168	min = 0
[20190924_071619 / lib_ip.py:4169] len(Hs) = 8100, len(Ss) = 8100, len(Vs) = 8100
[20190924_071619 / lib_ip.py:4208] blue : variance --> out of range (variance = 69.842 / upper = 0.930 / lower = 0.010)
[20190924_071619 / lib_ip.py:3753] file = img.20190924_071616.2019-09-24_05-32-37_000.jpg.2.png / val_Average = 108.6368	val_Variance = 69.8417	sd = 8.3571	max = 168	min = 0
[20190924_071619 / lib_ip.py:4275] len(Hs) = 8100, len(Ss) = 8100, len(Vs) = 8100
[20190924_071619 / lib_ip.py:4314] pink : variance --> out of range (variance = 69.842 / upper = 0.750 / lower = 0.030)
[20190924_071619 / lib_ip.py:3753] file = img.20190924_071616.2019-09-24_05-32-37_000.jpg.2.png / val_Average = 108.6368	val_Variance = 69.8417	sd = 8.3571	max = 168	min = 0
[20190924_071619 / lib_ip.py:4378] len(Hs) = 8100, len(Ss) = 8100, len(Vs) = 8100
[20190924_071619 / lib_ip.py:4422] black : variance --> out of range (variance = 69.842 / upper = 0.000 / lower = 0.000)
[20190924_071619 / lib_ip.py:4593] file : img.20190924_071616.2019-09-24_05-32-37_000.jpg.2.png 1 (black : variance --> out of range (variance = 69.842 / upper = 0.000 / lower = 0.000))
[20190924_071619 / lib_ip.py:2274] inspecting ===> img.20190924_071616.2019-09-24_05-32-37_000.jpg.3.png
[20190924_071620 / lib_ip.py:4505] 
img.20190924_071616.2019-09-24_05-32-37_000.jpg.3.png 2 ---------------------
[20190924_071620 / lib_ip.py:3753] file = img.20190924_071616.2019-09-24_05-32-37_000.jpg.3.png / val_Average = 104.7237	val_Variance = 1.3654	sd = 1.1685	max = 108	min = 102
[20190924_071620 / lib_ip.py:3836] len(Hs) = 8100, len(Ss) = 8100, len(Vs) = 8100
[20190924_071620 / lib_ip.py:3869] yellow : variance --> out of range (variance = 1.365 / upper = 0.650 / lower = 0.000)
[20190924_071620 / lib_ip.py:3753] file = img.20190924_071616.2019-09-24_05-32-37_000.jpg.3.png / val_Average = 104.7237	val_Variance = 1.3654	sd = 1.1685	max = 108	min = 102
[20190924_071620 / lib_ip.py:3936] len(Hs) = 8100, len(Ss) = 8100, len(Vs) = 8100
[20190924_071620 / lib_ip.py:3982] red : variance --> out of range (variance = 1.365 / upper = 0.430 / lower = 0.000)
[20190924_071620 / lib_ip.py:3753] file = img.20190924_071616.2019-09-24_05-32-37_000.jpg.3.png / val_Average = 104.7237	val_Variance = 1.3654	sd = 1.1685	max = 108	min = 102
[20190924_071620 / lib_ip.py:4052] len(Hs) = 8100, len(Ss) = 8100, len(Vs) = 8100
[20190924_071621 / lib_ip.py:4099] green : variance --> out of range (variance = 1.365 / upper = 0.760 / lower = 0.000)
[20190924_071621 / lib_ip.py:3753] file = img.20190924_071616.2019-09-24_05-32-37_000.jpg.3.png / val_Average = 104.7237	val_Variance = 1.3654	sd = 1.1685	max = 108	min = 102
[20190924_071621 / lib_ip.py:4169] len(Hs) = 8100, len(Ss) = 8100, len(Vs) = 8100
[20190924_071621 / lib_ip.py:4208] blue : variance --> out of range (variance = 1.365 / upper = 0.930 / lower = 0.010)
[20190924_071621 / lib_ip.py:3753] file = img.20190924_071616.2019-09-24_05-32-37_000.jpg.3.png / val_Average = 104.7237	val_Variance = 1.3654	sd = 1.1685	max = 108	min = 102
[20190924_071621 / lib_ip.py:4275] len(Hs) = 8100, len(Ss) = 8100, len(Vs) = 8100
[20190924_071621 / lib_ip.py:4314] pink : variance --> out of range (variance = 1.365 / upper = 0.750 / lower = 0.030)
[20190924_071621 / lib_ip.py:3753] file = img.20190924_071616.2019-09-24_05-32-37_000.jpg.3.png / val_Average = 104.7237	val_Variance = 1.3654	sd = 1.1685	max = 108	min = 102
[20190924_071621 / lib_ip.py:4378] len(Hs) = 8100, len(Ss) = 8100, len(Vs) = 8100
[20190924_071621 / lib_ip.py:4422] black : variance --> out of range (variance = 1.365 / upper = 0.000 / lower = 0.000)
[20190924_071621 / lib_ip.py:4593] file : img.20190924_071616.2019-09-24_05-32-37_000.jpg.3.png 2 (black : variance --> out of range (variance = 1.365 / upper = 0.000 / lower = 0.000))
[20190924_071622 / lib_ip.py:2274] inspecting ===> img.20190924_071616.2019-09-24_05-32-37_000.jpg.4.png
[20190924_071622 / lib_ip.py:4505] 
img.20190924_071616.2019-09-24_05-32-37_000.jpg.4.png 3 ---------------------
[20190924_071622 / lib_ip.py:3753] file = img.20190924_071616.2019-09-24_05-32-37_000.jpg.4.png / val_Average = 103.8374	val_Variance = 0.8162	sd = 0.9034	max = 106	min = 101
[20190924_071622 / lib_ip.py:3836] len(Hs) = 8100, len(Ss) = 8100, len(Vs) = 8100
[20190924_071622 / lib_ip.py:3869] yellow : variance --> out of range (variance = 0.816 / upper = 0.650 / lower = 0.000)
[20190924_071622 / lib_ip.py:3753] file = img.20190924_071616.2019-09-24_05-32-37_000.jpg.4.png / val_Average = 103.8374	val_Variance = 0.8162	sd = 0.9034	max = 106	min = 101
[20190924_071622 / lib_ip.py:3936] len(Hs) = 8100, len(Ss) = 8100, len(Vs) = 8100
[20190924_071622 / lib_ip.py:3982] red : variance --> out of range (variance = 0.816 / upper = 0.430 / lower = 0.000)
[20190924_071622 / lib_ip.py:3753] file = img.20190924_071616.2019-09-24_05-32-37_000.jpg.4.png / val_Average = 103.8374	val_Variance = 0.8162	sd = 0.9034	max = 106	min = 101
[20190924_071622 / lib_ip.py:4052] len(Hs) = 8100, len(Ss) = 8100, len(Vs) = 8100
[20190924_071622 / lib_ip.py:4099] green : variance --> out of range (variance = 0.816 / upper = 0.760 / lower = 0.000)
[20190924_071622 / lib_ip.py:3753] file = img.20190924_071616.2019-09-24_05-32-37_000.jpg.4.png / val_Average = 103.8374	val_Variance = 0.8162	sd = 0.9034	max = 106	min = 101
[20190924_071622 / lib_ip.py:4169] len(Hs) = 8100, len(Ss) = 8100, len(Vs) = 8100
[20190924_071622 / lib_ip.py:4230] blue : average --> out of range (average = 103.837 / upper = 17.000 / lower = 8.850)
[20190924_071623 / lib_ip.py:3753] file = img.20190924_071616.2019-09-24_05-32-37_000.jpg.4.png / val_Average = 103.8374	val_Variance = 0.8162	sd = 0.9034	max = 106	min = 101
[20190924_071623 / lib_ip.py:4275] len(Hs) = 8100, len(Ss) = 8100, len(Vs) = 8100
[20190924_071623 / lib_ip.py:4314] pink : variance --> out of range (variance = 0.816 / upper = 0.750 / lower = 0.030)
[20190924_071623 / lib_ip.py:3753] file = img.20190924_071616.2019-09-24_05-32-37_000.jpg.4.png / val_Average = 103.8374	val_Variance = 0.8162	sd = 0.9034	max = 106	min = 101
[20190924_071623 / lib_ip.py:4378] len(Hs) = 8100, len(Ss) = 8100, len(Vs) = 8100
[20190924_071623 / lib_ip.py:4422] black : variance --> out of range (variance = 0.816 / upper = 0.000 / lower = 0.000)
[20190924_071623 / lib_ip.py:4593] file : img.20190924_071616.2019-09-24_05-32-37_000.jpg.4.png 3 (black : variance --> out of range (variance = 0.816 / upper = 0.000 / lower = 0.000))
[20190924_071622 / lib_ip.py:2274] inspecting ===> img.20190924_071616.2019-09-24_05-32-37_000.jpg.4.png
img.20190924_071616.2019-09-24_05-32-37_000.jpg.1.png => other
img.20190924_071616.2019-09-24_05-32-37_000.jpg.2.png => other
img.20190924_071616.2019-09-24_05-32-37_000.jpg.3.png => other
img.20190924_071616.2019-09-24_05-32-37_000.jpg.4.png => other
[20190924_071623 lib_ip.py:3301] =============== Get 4 corners
dpath_Images = C:\WORKS_2\WS\WS_Others.Art\JVEMV6\46_art\VIRTUAL\Admin_Projects\ip\images
fname_Image = img.20190924_071616.2019-09-24_05-32-37_000.jpg.4.png

[20190924_071624 / lib_ip.py:2274] inspecting ===> img.20190924_071624.2019-09-24_05-48-13_000.jpg.1.png
[20190924_071624 / lib_ip.py:4505] 
img.20190924_071624.2019-09-24_05-48-13_000.jpg.1.png 0 ---------------------
[20190924_071624 / lib_ip.py:3753] file = img.20190924_071624.2019-09-24_05-48-13_000.jpg.1.png / val_Average = 106.5568	val_Variance = 12.2888	sd = 3.5055	max = 123	min = 86
[20190924_071624 / lib_ip.py:3836] len(Hs) = 8100, len(Ss) = 8100, len(Vs) = 8100
[20190924_071625 / lib_ip.py:3869] yellow : variance --> out of range (variance = 12.289 / upper = 0.650 / lower = 0.000)
[20190924_071625 / lib_ip.py:3753] file = img.20190924_071624.2019-09-24_05-48-13_000.jpg.1.png / val_Average = 106.5568	val_Variance = 12.2888	sd = 3.5055	max = 123	min = 86
[20190924_071625 / lib_ip.py:3936] len(Hs) = 8100, len(Ss) = 8100, len(Vs) = 8100
[20190924_071625 / lib_ip.py:3982] red : variance --> out of range (variance = 12.289 / upper = 0.430 / lower = 0.000)
[20190924_071625 / lib_ip.py:3753] file = img.20190924_071624.2019-09-24_05-48-13_000.jpg.1.png / val_Average = 106.5568	val_Variance = 12.2888	sd = 3.5055	max = 123	min = 86
[20190924_071625 / lib_ip.py:4052] len(Hs) = 8100, len(Ss) = 8100, len(Vs) = 8100
[20190924_071625 / lib_ip.py:4099] green : variance --> out of range (variance = 12.289 / upper = 0.760 / lower = 0.000)
[20190924_071625 / lib_ip.py:3753] file = img.20190924_071624.2019-09-24_05-48-13_000.jpg.1.png / val_Average = 106.5568	val_Variance = 12.2888	sd = 3.5055	max = 123	min = 86
[20190924_071625 / lib_ip.py:4169] len(Hs) = 8100, len(Ss) = 8100, len(Vs) = 8100
[20190924_071625 / lib_ip.py:4208] blue : variance --> out of range (variance = 12.289 / upper = 0.930 / lower = 0.010)
[20190924_071625 / lib_ip.py:3753] file = img.20190924_071624.2019-09-24_05-48-13_000.jpg.1.png / val_Average = 106.5568	val_Variance = 12.2888	sd = 3.5055	max = 123	min = 86
[20190924_071625 / lib_ip.py:4275] len(Hs) = 8100, len(Ss) = 8100, len(Vs) = 8100
[20190924_071625 / lib_ip.py:4314] pink : variance --> out of range (variance = 12.289 / upper = 0.750 / lower = 0.030)
[20190924_071625 / lib_ip.py:3753] file = img.20190924_071624.2019-09-24_05-48-13_000.jpg.1.png / val_Average = 106.5568	val_Variance = 12.2888	sd = 3.5055	max = 123	min = 86
[20190924_071626 / lib_ip.py:4378] len(Hs) = 8100, len(Ss) = 8100, len(Vs) = 8100
[20190924_071626 / lib_ip.py:4422] black : variance --> out of range (variance = 12.289 / upper = 0.000 / lower = 0.000)
[20190924_071626 / lib_ip.py:4593] file : img.20190924_071624.2019-09-24_05-48-13_000.jpg.1.png 0 (black : variance --> out of range (variance = 12.289 / upper = 0.000 / lower = 0.000))
[20190924_071626 / lib_ip.py:2274] inspecting ===> img.20190924_071624.2019-09-24_05-48-13_000.jpg.2.png
[20190924_071626 / lib_ip.py:4505] 
img.20190924_071624.2019-09-24_05-48-13_000.jpg.2.png 1 ---------------------
[20190924_071626 / lib_ip.py:3753] file = img.20190924_071624.2019-09-24_05-48-13_000.jpg.2.png / val_Average = 108.1921	val_Variance = 4.0762	sd = 2.0190	max = 120	min = 99
[20190924_071626 / lib_ip.py:3836] len(Hs) = 8100, len(Ss) = 8100, len(Vs) = 8100
[20190924_071626 / lib_ip.py:3869] yellow : variance --> out of range (variance = 4.076 / upper = 0.650 / lower = 0.000)
[20190924_071626 / lib_ip.py:3753] file = img.20190924_071624.2019-09-24_05-48-13_000.jpg.2.png / val_Average = 108.1921	val_Variance = 4.0762	sd = 2.0190	max = 120	min = 99
[20190924_071626 / lib_ip.py:3936] len(Hs) = 8100, len(Ss) = 8100, len(Vs) = 8100
[20190924_071626 / lib_ip.py:3982] red : variance --> out of range (variance = 4.076 / upper = 0.430 / lower = 0.000)
[20190924_071626 / lib_ip.py:3753] file = img.20190924_071624.2019-09-24_05-48-13_000.jpg.2.png / val_Average = 108.1921	val_Variance = 4.0762	sd = 2.0190	max = 120	min = 99
[20190924_071626 / lib_ip.py:4052] len(Hs) = 8100, len(Ss) = 8100, len(Vs) = 8100
[20190924_071626 / lib_ip.py:4099] green : variance --> out of range (variance = 4.076 / upper = 0.760 / lower = 0.000)
[20190924_071626 / lib_ip.py:3753] file = img.20190924_071624.2019-09-24_05-48-13_000.jpg.2.png / val_Average = 108.1921	val_Variance = 4.0762	sd = 2.0190	max = 120	min = 99
[20190924_071626 / lib_ip.py:4169] len(Hs) = 8100, len(Ss) = 8100, len(Vs) = 8100
[20190924_071626 / lib_ip.py:4208] blue : variance --> out of range (variance = 4.076 / upper = 0.930 / lower = 0.010)
[20190924_071627 / lib_ip.py:3753] file = img.20190924_071624.2019-09-24_05-48-13_000.jpg.2.png / val_Average = 108.1921	val_Variance = 4.0762	sd = 2.0190	max = 120	min = 99
[20190924_071627 / lib_ip.py:4275] len(Hs) = 8100, len(Ss) = 8100, len(Vs) = 8100
[20190924_071627 / lib_ip.py:4314] pink : variance --> out of range (variance = 4.076 / upper = 0.750 / lower = 0.030)
[20190924_071627 / lib_ip.py:3753] file = img.20190924_071624.2019-09-24_05-48-13_000.jpg.2.png / val_Average = 108.1921	val_Variance = 4.0762	sd = 2.0190	max = 120	min = 99
[20190924_071627 / lib_ip.py:4378] len(Hs) = 8100, len(Ss) = 8100, len(Vs) = 8100
[20190924_071627 / lib_ip.py:4422] black : variance --> out of range (variance = 4.076 / upper = 0.000 / lower = 0.000)
[20190924_071627 / lib_ip.py:4593] file : img.20190924_071624.2019-09-24_05-48-13_000.jpg.2.png 1 (black : variance --> out of range (variance = 4.076 / upper = 0.000 / lower = 0.000))
[20190924_071627 / lib_ip.py:2274] inspecting ===> img.20190924_071624.2019-09-24_05-48-13_000.jpg.3.png
[20190924_071627 / lib_ip.py:4505] 
img.20190924_071624.2019-09-24_05-48-13_000.jpg.3.png 2 ---------------------
[20190924_071628 / lib_ip.py:3753] file = img.20190924_071624.2019-09-24_05-48-13_000.jpg.3.png / val_Average = 77.0231	val_Variance = 0.2445	sd = 0.4945	max = 78	min = 76
[20190924_071628 / lib_ip.py:3836] len(Hs) = 8100, len(Ss) = 8100, len(Vs) = 8100
[20190924_071628 / lib_ip.py:3891] yellow : average --> out of range (average = 77.023 / upper = 99.200 / lower = 85.500)
[20190924_071628 / lib_ip.py:3753] file = img.20190924_071624.2019-09-24_05-48-13_000.jpg.3.png / val_Average = 77.0231	val_Variance = 0.2445	sd = 0.4945	max = 78	min = 76
[20190924_071628 / lib_ip.py:3936] len(Hs) = 8100, len(Ss) = 8100, len(Vs) = 8100
[20190924_071628 / lib_ip.py:4007] red : average --> out of range (average = 77.023 / upper = 124.600 / lower = 115.000)
[20190924_071628 / lib_ip.py:3753] file = img.20190924_071624.2019-09-24_05-48-13_000.jpg.3.png / val_Average = 77.0231	val_Variance = 0.2445	sd = 0.4945	max = 78	min = 76
[20190924_071628 / lib_ip.py:4052] len(Hs) = 8100, len(Ss) = 8100, len(Vs) = 8100
[20190924_071628 / lib_ip.py:2274] inspecting ===> img.20190924_071624.2019-09-24_05-48-13_000.jpg.4.png
[20190924_071629 / lib_ip.py:4505] 
img.20190924_071624.2019-09-24_05-48-13_000.jpg.4.png 3 ---------------------
[20190924_071629 / lib_ip.py:3753] file = img.20190924_071624.2019-09-24_05-48-13_000.jpg.4.png / val_Average = 121.4711	val_Variance = 0.2529	sd = 0.5029	max = 123	min = 120
[20190924_071629 / lib_ip.py:3836] len(Hs) = 8100, len(Ss) = 8100, len(Vs) = 8100
[20190924_071629 / lib_ip.py:3891] yellow : average --> out of range (average = 121.471 / upper = 99.200 / lower = 85.500)
[20190924_071629 / lib_ip.py:3753] file = img.20190924_071624.2019-09-24_05-48-13_000.jpg.4.png / val_Average = 121.4711	val_Variance = 0.2529	sd = 0.5029	max = 123	min = 120
[20190924_071629 / lib_ip.py:3936] len(Hs) = 8100, len(Ss) = 8100, len(Vs) = 8100
[20190924_071628 / lib_ip.py:2274] inspecting ===> img.20190924_071624.2019-09-24_05-48-13_000.jpg.4.png
img.20190924_071624.2019-09-24_05-48-13_000.jpg.1.png => other
img.20190924_071624.2019-09-24_05-48-13_000.jpg.2.png => other
img.20190924_071624.2019-09-24_05-48-13_000.jpg.3.png => other
img.20190924_071624.2019-09-24_05-48-13_000.jpg.4.png => other
[20190924_071629 lib_ip.py:3301] =============== Get 4 corners
dpath_Images = C:\WORKS_2\WS\WS_Others.Art\JVEMV6\46_art\VIRTUAL\Admin_Projects\ip\images
fname_Image = img.20190924_071624.2019-09-24_05-48-13_000.jpg.4.png

[20190924_071629 / views.py:1411] gen csv => complete (20190924_071629)(elapsed = 54.467 sec / 9 files / 6.052 sec per file)
1)	2019-09-23_09-32-48_000.jpg => 	other other green green 
2)	2019-09-23_11-33-01_000.jpg => 	other other yellow other 
3)	2019-09-23_15-08-18_000.jpg => 	other red other yellow 
4)	2019-09-23_18-15-21_000.jpg => 	other other other red 
5)	2019-09-23_18-15-43_000.jpg => 	other other other red 
6)	2019-09-23_20-30-38_000.jpg => 	other other yellow other 
7)	2019-09-24_00-43-02_000.jpg => 	other other other other 
8)	2019-09-24_05-32-37_000.jpg => 	other other other other 
9)	2019-09-24_05-48-13_000.jpg => 	other other green red 
[20190924_071629 / views.py:1753] lo_ColorName_Set__Modified_2 =>
1)	2019-09-23_09-32-48_000.jpg => 	g g o o 
2)	2019-09-23_11-33-01_000.jpg => 	o o o y 
3)	2019-09-23_15-08-18_000.jpg => 	o o r y 
4)	2019-09-23_18-15-21_000.jpg => 	o o o r 
5)	2019-09-23_18-15-43_000.jpg => 	o o o r 
6)	2019-09-23_20-30-38_000.jpg => 	o o o y 
7)	2019-09-24_00-43-02_000.jpg => 	o o o o 
8)	2019-09-24_05-32-37_000.jpg => 	o o o o 
9)	2019-09-24_05-48-13_000.jpg => 	g o o r 
[20190924_071630 / views.py:1839] gen_Cake_CSV(request) ==> ending... =======================//

