[20191119_103422 / views.py:1822] gen_Cake_CSV(request) ==> starting... =======================
[20191119_103423 / lib_ip.py:2274] inspecting ===> img.20191119_103423.2019-11-18_10-29-16_000.jpg.1.png
[20191119_103424 / lib_ip.py:4505] 
img.20191119_103423.2019-11-18_10-29-16_000.jpg.1.png 0 ---------------------
[20191119_103424 / lib_ip.py:3753] file = img.20191119_103423.2019-11-18_10-29-16_000.jpg.1.png / val_Average = 104.0974	val_Variance = 25.9674	sd = 5.0958	max = 117	min = 84
[20191119_103424 / lib_ip.py:3836] len(Hs) = 8100, len(Ss) = 8100, len(Vs) = 8100
[20191119_103424 / lib_ip.py:3869] yellow : variance --> out of range (variance = 25.967 / upper = 0.650 / lower = 0.000)
[20191119_103424 / lib_ip.py:3753] file = img.20191119_103423.2019-11-18_10-29-16_000.jpg.1.png / val_Average = 104.0974	val_Variance = 25.9674	sd = 5.0958	max = 117	min = 84
[20191119_103424 / lib_ip.py:3936] len(Hs) = 8100, len(Ss) = 8100, len(Vs) = 8100
[20191119_103424 / lib_ip.py:3982] red : variance --> out of range (variance = 25.967 / upper = 0.430 / lower = 0.000)
[20191119_103424 / lib_ip.py:3753] file = img.20191119_103423.2019-11-18_10-29-16_000.jpg.1.png / val_Average = 104.0974	val_Variance = 25.9674	sd = 5.0958	max = 117	min = 84
[20191119_103424 / lib_ip.py:4052] len(Hs) = 8100, len(Ss) = 8100, len(Vs) = 8100
[20191119_103425 / lib_ip.py:4099] green : variance --> out of range (variance = 25.967 / upper = 0.760 / lower = 0.000)
[20191119_103425 / lib_ip.py:3753] file = img.20191119_103423.2019-11-18_10-29-16_000.jpg.1.png / val_Average = 104.0974	val_Variance = 25.9674	sd = 5.0958	max = 117	min = 84
[20191119_103425 / lib_ip.py:4169] len(Hs) = 8100, len(Ss) = 8100, len(Vs) = 8100
[20191119_103425 / lib_ip.py:4208] blue : variance --> out of range (variance = 25.967 / upper = 0.930 / lower = 0.010)
[20191119_103425 / lib_ip.py:3753] file = img.20191119_103423.2019-11-18_10-29-16_000.jpg.1.png / val_Average = 104.0974	val_Variance = 25.9674	sd = 5.0958	max = 117	min = 84
[20191119_103425 / lib_ip.py:4275] len(Hs) = 8100, len(Ss) = 8100, len(Vs) = 8100
[20191119_103425 / lib_ip.py:4314] pink : variance --> out of range (variance = 25.967 / upper = 0.750 / lower = 0.030)
[20191119_103425 / lib_ip.py:3753] file = img.20191119_103423.2019-11-18_10-29-16_000.jpg.1.png / val_Average = 104.0974	val_Variance = 25.9674	sd = 5.0958	max = 117	min = 84
[20191119_103425 / lib_ip.py:4378] len(Hs) = 8100, len(Ss) = 8100, len(Vs) = 8100
[20191119_103425 / lib_ip.py:4422] black : variance --> out of range (variance = 25.967 / upper = 0.000 / lower = 0.000)
[20191119_103425 / lib_ip.py:4593] file : img.20191119_103423.2019-11-18_10-29-16_000.jpg.1.png 0 (black : variance --> out of range (variance = 25.967 / upper = 0.000 / lower = 0.000))
[20191119_103425 / lib_ip.py:2274] inspecting ===> img.20191119_103423.2019-11-18_10-29-16_000.jpg.2.png
[20191119_103425 / lib_ip.py:4505] 
img.20191119_103423.2019-11-18_10-29-16_000.jpg.2.png 1 ---------------------
[20191119_103425 / lib_ip.py:3753] file = img.20191119_103423.2019-11-18_10-29-16_000.jpg.2.png / val_Average = 55.6217	val_Variance = 813.8739	sd = 28.5285	max = 135	min = 0
[20191119_103425 / lib_ip.py:3836] len(Hs) = 8100, len(Ss) = 8100, len(Vs) = 8100
[20191119_103425 / lib_ip.py:3869] yellow : variance --> out of range (variance = 813.874 / upper = 0.650 / lower = 0.000)
[20191119_103426 / lib_ip.py:3753] file = img.20191119_103423.2019-11-18_10-29-16_000.jpg.2.png / val_Average = 55.6217	val_Variance = 813.8739	sd = 28.5285	max = 135	min = 0
[20191119_103426 / lib_ip.py:3936] len(Hs) = 8100, len(Ss) = 8100, len(Vs) = 8100
[20191119_103426 / lib_ip.py:3982] red : variance --> out of range (variance = 813.874 / upper = 0.430 / lower = 0.000)
[20191119_103426 / lib_ip.py:3753] file = img.20191119_103423.2019-11-18_10-29-16_000.jpg.2.png / val_Average = 55.6217	val_Variance = 813.8739	sd = 28.5285	max = 135	min = 0
[20191119_103426 / lib_ip.py:4052] len(Hs) = 8100, len(Ss) = 8100, len(Vs) = 8100
[20191119_103426 / lib_ip.py:4099] green : variance --> out of range (variance = 813.874 / upper = 0.760 / lower = 0.000)
[20191119_103426 / lib_ip.py:3753] file = img.20191119_103423.2019-11-18_10-29-16_000.jpg.2.png / val_Average = 55.6217	val_Variance = 813.8739	sd = 28.5285	max = 135	min = 0
[20191119_103426 / lib_ip.py:4169] len(Hs) = 8100, len(Ss) = 8100, len(Vs) = 8100
[20191119_103426 / lib_ip.py:4208] blue : variance --> out of range (variance = 813.874 / upper = 0.930 / lower = 0.010)
[20191119_103426 / lib_ip.py:3753] file = img.20191119_103423.2019-11-18_10-29-16_000.jpg.2.png / val_Average = 55.6217	val_Variance = 813.8739	sd = 28.5285	max = 135	min = 0
[20191119_103426 / lib_ip.py:4275] len(Hs) = 8100, len(Ss) = 8100, len(Vs) = 8100
[20191119_103426 / lib_ip.py:4314] pink : variance --> out of range (variance = 813.874 / upper = 0.750 / lower = 0.030)
[20191119_103426 / lib_ip.py:3753] file = img.20191119_103423.2019-11-18_10-29-16_000.jpg.2.png / val_Average = 55.6217	val_Variance = 813.8739	sd = 28.5285	max = 135	min = 0
[20191119_103426 / lib_ip.py:4378] len(Hs) = 8100, len(Ss) = 8100, len(Vs) = 8100
[20191119_103426 / lib_ip.py:4422] black : variance --> out of range (variance = 813.874 / upper = 0.000 / lower = 0.000)
[20191119_103427 / lib_ip.py:4593] file : img.20191119_103423.2019-11-18_10-29-16_000.jpg.2.png 1 (black : variance --> out of range (variance = 813.874 / upper = 0.000 / lower = 0.000))
[20191119_103427 / lib_ip.py:2274] inspecting ===> img.20191119_103423.2019-11-18_10-29-16_000.jpg.3.png
[20191119_103427 / lib_ip.py:4505] 
img.20191119_103423.2019-11-18_10-29-16_000.jpg.3.png 2 ---------------------
[20191119_103427 / lib_ip.py:3753] file = img.20191119_103423.2019-11-18_10-29-16_000.jpg.3.png / val_Average = 73.9158	val_Variance = 0.1156	sd = 0.3400	max = 75	min = 73
[20191119_103427 / lib_ip.py:3836] len(Hs) = 8100, len(Ss) = 8100, len(Vs) = 8100
[20191119_103427 / lib_ip.py:3891] yellow : average --> out of range (average = 73.916 / upper = 99.200 / lower = 85.500)
[20191119_103427 / lib_ip.py:3753] file = img.20191119_103423.2019-11-18_10-29-16_000.jpg.3.png / val_Average = 73.9158	val_Variance = 0.1156	sd = 0.3400	max = 75	min = 73
[20191119_103427 / lib_ip.py:3936] len(Hs) = 8100, len(Ss) = 8100, len(Vs) = 8100
[20191119_103427 / lib_ip.py:4007] red : average --> out of range (average = 73.916 / upper = 124.600 / lower = 115.000)
[20191119_103427 / lib_ip.py:3753] file = img.20191119_103423.2019-11-18_10-29-16_000.jpg.3.png / val_Average = 73.9158	val_Variance = 0.1156	sd = 0.3400	max = 75	min = 73
[20191119_103427 / lib_ip.py:4052] len(Hs) = 8100, len(Ss) = 8100, len(Vs) = 8100
[20191119_103427 / lib_ip.py:2274] inspecting ===> img.20191119_103423.2019-11-18_10-29-16_000.jpg.4.png
[20191119_103428 / lib_ip.py:4505] 
img.20191119_103423.2019-11-18_10-29-16_000.jpg.4.png 3 ---------------------
[20191119_103428 / lib_ip.py:3753] file = img.20191119_103423.2019-11-18_10-29-16_000.jpg.4.png / val_Average = 74.8325	val_Variance = 0.1508	sd = 0.3884	max = 76	min = 74
[20191119_103428 / lib_ip.py:3836] len(Hs) = 8100, len(Ss) = 8100, len(Vs) = 8100
[20191119_103428 / lib_ip.py:3891] yellow : average --> out of range (average = 74.832 / upper = 99.200 / lower = 85.500)
[20191119_103428 / lib_ip.py:3753] file = img.20191119_103423.2019-11-18_10-29-16_000.jpg.4.png / val_Average = 74.8325	val_Variance = 0.1508	sd = 0.3884	max = 76	min = 74
[20191119_103428 / lib_ip.py:3936] len(Hs) = 8100, len(Ss) = 8100, len(Vs) = 8100
[20191119_103428 / lib_ip.py:4007] red : average --> out of range (average = 74.832 / upper = 124.600 / lower = 115.000)
[20191119_103428 / lib_ip.py:3753] file = img.20191119_103423.2019-11-18_10-29-16_000.jpg.4.png / val_Average = 74.8325	val_Variance = 0.1508	sd = 0.3884	max = 76	min = 74
[20191119_103428 / lib_ip.py:4052] len(Hs) = 8100, len(Ss) = 8100, len(Vs) = 8100
[20191119_103427 / lib_ip.py:2274] inspecting ===> img.20191119_103423.2019-11-18_10-29-16_000.jpg.4.png
img.20191119_103423.2019-11-18_10-29-16_000.jpg.1.png => other
img.20191119_103423.2019-11-18_10-29-16_000.jpg.2.png => other
img.20191119_103423.2019-11-18_10-29-16_000.jpg.3.png => other
img.20191119_103423.2019-11-18_10-29-16_000.jpg.4.png => other
[20191119_103428 lib_ip.py:3301] =============== Get 4 corners
dpath_Images = C:\WORKS_2\WS\WS_Others.Art\JVEMV6\46_art\VIRTUAL\Admin_Projects\ip\images
fname_Image = img.20191119_103423.2019-11-18_10-29-16_000.jpg.4.png

[20191119_103429 / lib_ip.py:2274] inspecting ===> img.20191119_103429.2019-11-18_13-03-17_000.jpg.1.png
[20191119_103430 / lib_ip.py:4505] 
img.20191119_103429.2019-11-18_13-03-17_000.jpg.1.png 0 ---------------------
[20191119_103430 / lib_ip.py:3753] file = img.20191119_103429.2019-11-18_13-03-17_000.jpg.1.png / val_Average = 97.9220	val_Variance = 29.3349	sd = 5.4162	max = 135	min = 78
[20191119_103430 / lib_ip.py:3836] len(Hs) = 8100, len(Ss) = 8100, len(Vs) = 8100
[20191119_103430 / lib_ip.py:3869] yellow : variance --> out of range (variance = 29.335 / upper = 0.650 / lower = 0.000)
[20191119_103430 / lib_ip.py:3753] file = img.20191119_103429.2019-11-18_13-03-17_000.jpg.1.png / val_Average = 97.9220	val_Variance = 29.3349	sd = 5.4162	max = 135	min = 78
[20191119_103430 / lib_ip.py:3936] len(Hs) = 8100, len(Ss) = 8100, len(Vs) = 8100
[20191119_103430 / lib_ip.py:3982] red : variance --> out of range (variance = 29.335 / upper = 0.430 / lower = 0.000)
[20191119_103430 / lib_ip.py:3753] file = img.20191119_103429.2019-11-18_13-03-17_000.jpg.1.png / val_Average = 97.9220	val_Variance = 29.3349	sd = 5.4162	max = 135	min = 78
[20191119_103430 / lib_ip.py:4052] len(Hs) = 8100, len(Ss) = 8100, len(Vs) = 8100
[20191119_103430 / lib_ip.py:4099] green : variance --> out of range (variance = 29.335 / upper = 0.760 / lower = 0.000)
[20191119_103430 / lib_ip.py:3753] file = img.20191119_103429.2019-11-18_13-03-17_000.jpg.1.png / val_Average = 97.9220	val_Variance = 29.3349	sd = 5.4162	max = 135	min = 78
[20191119_103430 / lib_ip.py:4169] len(Hs) = 8100, len(Ss) = 8100, len(Vs) = 8100
[20191119_103430 / lib_ip.py:4208] blue : variance --> out of range (variance = 29.335 / upper = 0.930 / lower = 0.010)
[20191119_103430 / lib_ip.py:3753] file = img.20191119_103429.2019-11-18_13-03-17_000.jpg.1.png / val_Average = 97.9220	val_Variance = 29.3349	sd = 5.4162	max = 135	min = 78
[20191119_103430 / lib_ip.py:4275] len(Hs) = 8100, len(Ss) = 8100, len(Vs) = 8100
[20191119_103430 / lib_ip.py:4314] pink : variance --> out of range (variance = 29.335 / upper = 0.750 / lower = 0.030)
[20191119_103430 / lib_ip.py:3753] file = img.20191119_103429.2019-11-18_13-03-17_000.jpg.1.png / val_Average = 97.9220	val_Variance = 29.3349	sd = 5.4162	max = 135	min = 78
[20191119_103430 / lib_ip.py:4378] len(Hs) = 8100, len(Ss) = 8100, len(Vs) = 8100
[20191119_103431 / lib_ip.py:4422] black : variance --> out of range (variance = 29.335 / upper = 0.000 / lower = 0.000)
[20191119_103431 / lib_ip.py:4593] file : img.20191119_103429.2019-11-18_13-03-17_000.jpg.1.png 0 (black : variance --> out of range (variance = 29.335 / upper = 0.000 / lower = 0.000))
[20191119_103431 / lib_ip.py:2274] inspecting ===> img.20191119_103429.2019-11-18_13-03-17_000.jpg.2.png
[20191119_103431 / lib_ip.py:4505] 
img.20191119_103429.2019-11-18_13-03-17_000.jpg.2.png 1 ---------------------
[20191119_103431 / lib_ip.py:3753] file = img.20191119_103429.2019-11-18_13-03-17_000.jpg.2.png / val_Average = 93.7644	val_Variance = 0.1820	sd = 0.4267	max = 95	min = 93
[20191119_103431 / lib_ip.py:3836] len(Hs) = 8100, len(Ss) = 8100, len(Vs) = 8100
[20191119_103431 / lib_ip.py:2274] inspecting ===> img.20191119_103429.2019-11-18_13-03-17_000.jpg.3.png
[20191119_103432 / lib_ip.py:4505] 
img.20191119_103429.2019-11-18_13-03-17_000.jpg.3.png 2 ---------------------
[20191119_103432 / lib_ip.py:3753] file = img.20191119_103429.2019-11-18_13-03-17_000.jpg.3.png / val_Average = 108.4669	val_Variance = 1.9630	sd = 1.4011	max = 113	min = 104
[20191119_103432 / lib_ip.py:3836] len(Hs) = 8100, len(Ss) = 8100, len(Vs) = 8100
[20191119_103432 / lib_ip.py:3869] yellow : variance --> out of range (variance = 1.963 / upper = 0.650 / lower = 0.000)
[20191119_103432 / lib_ip.py:3753] file = img.20191119_103429.2019-11-18_13-03-17_000.jpg.3.png / val_Average = 108.4669	val_Variance = 1.9630	sd = 1.4011	max = 113	min = 104
[20191119_103432 / lib_ip.py:3936] len(Hs) = 8100, len(Ss) = 8100, len(Vs) = 8100
[20191119_103433 / lib_ip.py:3982] red : variance --> out of range (variance = 1.963 / upper = 0.430 / lower = 0.000)
[20191119_103433 / lib_ip.py:3753] file = img.20191119_103429.2019-11-18_13-03-17_000.jpg.3.png / val_Average = 108.4669	val_Variance = 1.9630	sd = 1.4011	max = 113	min = 104
[20191119_103433 / lib_ip.py:4052] len(Hs) = 8100, len(Ss) = 8100, len(Vs) = 8100
[20191119_103433 / lib_ip.py:4099] green : variance --> out of range (variance = 1.963 / upper = 0.760 / lower = 0.000)
[20191119_103433 / lib_ip.py:3753] file = img.20191119_103429.2019-11-18_13-03-17_000.jpg.3.png / val_Average = 108.4669	val_Variance = 1.9630	sd = 1.4011	max = 113	min = 104
[20191119_103433 / lib_ip.py:4169] len(Hs) = 8100, len(Ss) = 8100, len(Vs) = 8100
[20191119_103433 / lib_ip.py:4208] blue : variance --> out of range (variance = 1.963 / upper = 0.930 / lower = 0.010)
[20191119_103433 / lib_ip.py:3753] file = img.20191119_103429.2019-11-18_13-03-17_000.jpg.3.png / val_Average = 108.4669	val_Variance = 1.9630	sd = 1.4011	max = 113	min = 104
[20191119_103433 / lib_ip.py:4275] len(Hs) = 8100, len(Ss) = 8100, len(Vs) = 8100
[20191119_103433 / lib_ip.py:4314] pink : variance --> out of range (variance = 1.963 / upper = 0.750 / lower = 0.030)
[20191119_103433 / lib_ip.py:3753] file = img.20191119_103429.2019-11-18_13-03-17_000.jpg.3.png / val_Average = 108.4669	val_Variance = 1.9630	sd = 1.4011	max = 113	min = 104
[20191119_103433 / lib_ip.py:4378] len(Hs) = 8100, len(Ss) = 8100, len(Vs) = 8100
[20191119_103433 / lib_ip.py:4422] black : variance --> out of range (variance = 1.963 / upper = 0.000 / lower = 0.000)
[20191119_103433 / lib_ip.py:4593] file : img.20191119_103429.2019-11-18_13-03-17_000.jpg.3.png 2 (black : variance --> out of range (variance = 1.963 / upper = 0.000 / lower = 0.000))
[20191119_103433 / lib_ip.py:2274] inspecting ===> img.20191119_103429.2019-11-18_13-03-17_000.jpg.4.png
[20191119_103433 / lib_ip.py:4505] 
img.20191119_103429.2019-11-18_13-03-17_000.jpg.4.png 3 ---------------------
[20191119_103434 / lib_ip.py:3753] file = img.20191119_103429.2019-11-18_13-03-17_000.jpg.4.png / val_Average = 105.7098	val_Variance = 1.5356	sd = 1.2392	max = 109	min = 103
[20191119_103434 / lib_ip.py:3836] len(Hs) = 8100, len(Ss) = 8100, len(Vs) = 8100
[20191119_103434 / lib_ip.py:3869] yellow : variance --> out of range (variance = 1.536 / upper = 0.650 / lower = 0.000)
[20191119_103434 / lib_ip.py:3753] file = img.20191119_103429.2019-11-18_13-03-17_000.jpg.4.png / val_Average = 105.7098	val_Variance = 1.5356	sd = 1.2392	max = 109	min = 103
[20191119_103434 / lib_ip.py:3936] len(Hs) = 8100, len(Ss) = 8100, len(Vs) = 8100
[20191119_103434 / lib_ip.py:3982] red : variance --> out of range (variance = 1.536 / upper = 0.430 / lower = 0.000)
[20191119_103434 / lib_ip.py:3753] file = img.20191119_103429.2019-11-18_13-03-17_000.jpg.4.png / val_Average = 105.7098	val_Variance = 1.5356	sd = 1.2392	max = 109	min = 103
[20191119_103434 / lib_ip.py:4052] len(Hs) = 8100, len(Ss) = 8100, len(Vs) = 8100
[20191119_103434 / lib_ip.py:4099] green : variance --> out of range (variance = 1.536 / upper = 0.760 / lower = 0.000)
[20191119_103434 / lib_ip.py:3753] file = img.20191119_103429.2019-11-18_13-03-17_000.jpg.4.png / val_Average = 105.7098	val_Variance = 1.5356	sd = 1.2392	max = 109	min = 103
[20191119_103434 / lib_ip.py:4169] len(Hs) = 8100, len(Ss) = 8100, len(Vs) = 8100
[20191119_103434 / lib_ip.py:4208] blue : variance --> out of range (variance = 1.536 / upper = 0.930 / lower = 0.010)
[20191119_103435 / lib_ip.py:3753] file = img.20191119_103429.2019-11-18_13-03-17_000.jpg.4.png / val_Average = 105.7098	val_Variance = 1.5356	sd = 1.2392	max = 109	min = 103
[20191119_103435 / lib_ip.py:4275] len(Hs) = 8100, len(Ss) = 8100, len(Vs) = 8100
[20191119_103435 / lib_ip.py:4314] pink : variance --> out of range (variance = 1.536 / upper = 0.750 / lower = 0.030)
[20191119_103435 / lib_ip.py:3753] file = img.20191119_103429.2019-11-18_13-03-17_000.jpg.4.png / val_Average = 105.7098	val_Variance = 1.5356	sd = 1.2392	max = 109	min = 103
[20191119_103435 / lib_ip.py:4378] len(Hs) = 8100, len(Ss) = 8100, len(Vs) = 8100
[20191119_103435 / lib_ip.py:4422] black : variance --> out of range (variance = 1.536 / upper = 0.000 / lower = 0.000)
[20191119_103435 / lib_ip.py:4593] file : img.20191119_103429.2019-11-18_13-03-17_000.jpg.4.png 3 (black : variance --> out of range (variance = 1.536 / upper = 0.000 / lower = 0.000))
[20191119_103433 / lib_ip.py:2274] inspecting ===> img.20191119_103429.2019-11-18_13-03-17_000.jpg.4.png
img.20191119_103429.2019-11-18_13-03-17_000.jpg.1.png => other
img.20191119_103429.2019-11-18_13-03-17_000.jpg.2.png => other
img.20191119_103429.2019-11-18_13-03-17_000.jpg.3.png => other
img.20191119_103429.2019-11-18_13-03-17_000.jpg.4.png => other
[20191119_103435 lib_ip.py:3301] =============== Get 4 corners
dpath_Images = C:\WORKS_2\WS\WS_Others.Art\JVEMV6\46_art\VIRTUAL\Admin_Projects\ip\images
fname_Image = img.20191119_103429.2019-11-18_13-03-17_000.jpg.4.png

[20191119_103436 / lib_ip.py:2274] inspecting ===> img.20191119_103435.2019-11-18_16-03-37_000.jpg.1.png
[20191119_103436 / lib_ip.py:4505] 
img.20191119_103435.2019-11-18_16-03-37_000.jpg.1.png 0 ---------------------
[20191119_103436 / lib_ip.py:3753] file = img.20191119_103435.2019-11-18_16-03-37_000.jpg.1.png / val_Average = 11.0195	val_Variance = 754.8290	sd = 27.4742	max = 120	min = 0
[20191119_103436 / lib_ip.py:3836] len(Hs) = 8100, len(Ss) = 8100, len(Vs) = 8100
[20191119_103436 / lib_ip.py:3869] yellow : variance --> out of range (variance = 754.829 / upper = 0.650 / lower = 0.000)
[20191119_103436 / lib_ip.py:3753] file = img.20191119_103435.2019-11-18_16-03-37_000.jpg.1.png / val_Average = 11.0195	val_Variance = 754.8290	sd = 27.4742	max = 120	min = 0
[20191119_103436 / lib_ip.py:3936] len(Hs) = 8100, len(Ss) = 8100, len(Vs) = 8100
[20191119_103436 / lib_ip.py:3982] red : variance --> out of range (variance = 754.829 / upper = 0.430 / lower = 0.000)
[20191119_103436 / lib_ip.py:3753] file = img.20191119_103435.2019-11-18_16-03-37_000.jpg.1.png / val_Average = 11.0195	val_Variance = 754.8290	sd = 27.4742	max = 120	min = 0
[20191119_103436 / lib_ip.py:4052] len(Hs) = 8100, len(Ss) = 8100, len(Vs) = 8100
[20191119_103436 / lib_ip.py:4099] green : variance --> out of range (variance = 754.829 / upper = 0.760 / lower = 0.000)
[20191119_103437 / lib_ip.py:3753] file = img.20191119_103435.2019-11-18_16-03-37_000.jpg.1.png / val_Average = 11.0195	val_Variance = 754.8290	sd = 27.4742	max = 120	min = 0
[20191119_103437 / lib_ip.py:4169] len(Hs) = 8100, len(Ss) = 8100, len(Vs) = 8100
[20191119_103437 / lib_ip.py:4208] blue : variance --> out of range (variance = 754.829 / upper = 0.930 / lower = 0.010)
[20191119_103437 / lib_ip.py:3753] file = img.20191119_103435.2019-11-18_16-03-37_000.jpg.1.png / val_Average = 11.0195	val_Variance = 754.8290	sd = 27.4742	max = 120	min = 0
[20191119_103437 / lib_ip.py:4275] len(Hs) = 8100, len(Ss) = 8100, len(Vs) = 8100
[20191119_103437 / lib_ip.py:4314] pink : variance --> out of range (variance = 754.829 / upper = 0.750 / lower = 0.030)
[20191119_103437 / lib_ip.py:3753] file = img.20191119_103435.2019-11-18_16-03-37_000.jpg.1.png / val_Average = 11.0195	val_Variance = 754.8290	sd = 27.4742	max = 120	min = 0
[20191119_103437 / lib_ip.py:4378] len(Hs) = 8100, len(Ss) = 8100, len(Vs) = 8100
[20191119_103437 / lib_ip.py:4422] black : variance --> out of range (variance = 754.829 / upper = 0.000 / lower = 0.000)
[20191119_103437 / lib_ip.py:4593] file : img.20191119_103435.2019-11-18_16-03-37_000.jpg.1.png 0 (black : variance --> out of range (variance = 754.829 / upper = 0.000 / lower = 0.000))
[20191119_103437 / lib_ip.py:2274] inspecting ===> img.20191119_103435.2019-11-18_16-03-37_000.jpg.2.png
[20191119_103438 / lib_ip.py:4505] 
img.20191119_103435.2019-11-18_16-03-37_000.jpg.2.png 1 ---------------------
[20191119_103438 / lib_ip.py:3753] file = img.20191119_103435.2019-11-18_16-03-37_000.jpg.2.png / val_Average = 12.0886	val_Variance = 0.1376	sd = 0.3709	max = 13	min = 11
[20191119_103438 / lib_ip.py:3836] len(Hs) = 8100, len(Ss) = 8100, len(Vs) = 8100
[20191119_103438 / lib_ip.py:3891] yellow : average --> out of range (average = 12.089 / upper = 99.200 / lower = 85.500)
[20191119_103438 / lib_ip.py:3753] file = img.20191119_103435.2019-11-18_16-03-37_000.jpg.2.png / val_Average = 12.0886	val_Variance = 0.1376	sd = 0.3709	max = 13	min = 11
[20191119_103438 / lib_ip.py:3936] len(Hs) = 8100, len(Ss) = 8100, len(Vs) = 8100
[20191119_103439 / lib_ip.py:4007] red : average --> out of range (average = 12.089 / upper = 124.600 / lower = 115.000)
[20191119_103439 / lib_ip.py:3753] file = img.20191119_103435.2019-11-18_16-03-37_000.jpg.2.png / val_Average = 12.0886	val_Variance = 0.1376	sd = 0.3709	max = 13	min = 11
[20191119_103439 / lib_ip.py:4052] len(Hs) = 8100, len(Ss) = 8100, len(Vs) = 8100
[20191119_103439 / lib_ip.py:4124] green : average --> out of range (average = 12.089 / upper = 85.000 / lower = 58.000)
[20191119_103439 / lib_ip.py:3753] file = img.20191119_103435.2019-11-18_16-03-37_000.jpg.2.png / val_Average = 12.0886	val_Variance = 0.1376	sd = 0.3709	max = 13	min = 11
[20191119_103439 / lib_ip.py:4169] len(Hs) = 8100, len(Ss) = 8100, len(Vs) = 8100
[20191119_103439 / lib_ip.py:2274] inspecting ===> img.20191119_103435.2019-11-18_16-03-37_000.jpg.3.png
[20191119_103439 / lib_ip.py:4505] 
img.20191119_103435.2019-11-18_16-03-37_000.jpg.3.png 2 ---------------------
[20191119_103439 / lib_ip.py:3753] file = img.20191119_103435.2019-11-18_16-03-37_000.jpg.3.png / val_Average = 111.1011	val_Variance = 20.4874	sd = 4.5263	max = 135	min = 95
[20191119_103439 / lib_ip.py:3836] len(Hs) = 8100, len(Ss) = 8100, len(Vs) = 8100
[20191119_103440 / lib_ip.py:3869] yellow : variance --> out of range (variance = 20.487 / upper = 0.650 / lower = 0.000)
[20191119_103440 / lib_ip.py:3753] file = img.20191119_103435.2019-11-18_16-03-37_000.jpg.3.png / val_Average = 111.1011	val_Variance = 20.4874	sd = 4.5263	max = 135	min = 95
[20191119_103440 / lib_ip.py:3936] len(Hs) = 8100, len(Ss) = 8100, len(Vs) = 8100
[20191119_103440 / lib_ip.py:3982] red : variance --> out of range (variance = 20.487 / upper = 0.430 / lower = 0.000)
[20191119_103440 / lib_ip.py:3753] file = img.20191119_103435.2019-11-18_16-03-37_000.jpg.3.png / val_Average = 111.1011	val_Variance = 20.4874	sd = 4.5263	max = 135	min = 95
[20191119_103440 / lib_ip.py:4052] len(Hs) = 8100, len(Ss) = 8100, len(Vs) = 8100
[20191119_103440 / lib_ip.py:4099] green : variance --> out of range (variance = 20.487 / upper = 0.760 / lower = 0.000)
[20191119_103440 / lib_ip.py:3753] file = img.20191119_103435.2019-11-18_16-03-37_000.jpg.3.png / val_Average = 111.1011	val_Variance = 20.4874	sd = 4.5263	max = 135	min = 95
[20191119_103440 / lib_ip.py:4169] len(Hs) = 8100, len(Ss) = 8100, len(Vs) = 8100
[20191119_103440 / lib_ip.py:4208] blue : variance --> out of range (variance = 20.487 / upper = 0.930 / lower = 0.010)
[20191119_103440 / lib_ip.py:3753] file = img.20191119_103435.2019-11-18_16-03-37_000.jpg.3.png / val_Average = 111.1011	val_Variance = 20.4874	sd = 4.5263	max = 135	min = 95
[20191119_103440 / lib_ip.py:4275] len(Hs) = 8100, len(Ss) = 8100, len(Vs) = 8100
[20191119_103440 / lib_ip.py:4314] pink : variance --> out of range (variance = 20.487 / upper = 0.750 / lower = 0.030)
[20191119_103441 / lib_ip.py:3753] file = img.20191119_103435.2019-11-18_16-03-37_000.jpg.3.png / val_Average = 111.1011	val_Variance = 20.4874	sd = 4.5263	max = 135	min = 95
[20191119_103441 / lib_ip.py:4378] len(Hs) = 8100, len(Ss) = 8100, len(Vs) = 8100
[20191119_103441 / lib_ip.py:4422] black : variance --> out of range (variance = 20.487 / upper = 0.000 / lower = 0.000)
[20191119_103441 / lib_ip.py:4593] file : img.20191119_103435.2019-11-18_16-03-37_000.jpg.3.png 2 (black : variance --> out of range (variance = 20.487 / upper = 0.000 / lower = 0.000))
[20191119_103441 / lib_ip.py:2274] inspecting ===> img.20191119_103435.2019-11-18_16-03-37_000.jpg.4.png
[20191119_103441 / lib_ip.py:4505] 
img.20191119_103435.2019-11-18_16-03-37_000.jpg.4.png 3 ---------------------
[20191119_103441 / lib_ip.py:3753] file = img.20191119_103435.2019-11-18_16-03-37_000.jpg.4.png / val_Average = 108.1885	val_Variance = 2.4629	sd = 1.5693	max = 120	min = 102
[20191119_103441 / lib_ip.py:3836] len(Hs) = 8100, len(Ss) = 8100, len(Vs) = 8100
[20191119_103441 / lib_ip.py:3869] yellow : variance --> out of range (variance = 2.463 / upper = 0.650 / lower = 0.000)
[20191119_103441 / lib_ip.py:3753] file = img.20191119_103435.2019-11-18_16-03-37_000.jpg.4.png / val_Average = 108.1885	val_Variance = 2.4629	sd = 1.5693	max = 120	min = 102
[20191119_103441 / lib_ip.py:3936] len(Hs) = 8100, len(Ss) = 8100, len(Vs) = 8100
[20191119_103441 / lib_ip.py:3982] red : variance --> out of range (variance = 2.463 / upper = 0.430 / lower = 0.000)
[20191119_103441 / lib_ip.py:3753] file = img.20191119_103435.2019-11-18_16-03-37_000.jpg.4.png / val_Average = 108.1885	val_Variance = 2.4629	sd = 1.5693	max = 120	min = 102
[20191119_103441 / lib_ip.py:4052] len(Hs) = 8100, len(Ss) = 8100, len(Vs) = 8100
[20191119_103441 / lib_ip.py:4099] green : variance --> out of range (variance = 2.463 / upper = 0.760 / lower = 0.000)
[20191119_103442 / lib_ip.py:3753] file = img.20191119_103435.2019-11-18_16-03-37_000.jpg.4.png / val_Average = 108.1885	val_Variance = 2.4629	sd = 1.5693	max = 120	min = 102
[20191119_103442 / lib_ip.py:4169] len(Hs) = 8100, len(Ss) = 8100, len(Vs) = 8100
[20191119_103442 / lib_ip.py:4208] blue : variance --> out of range (variance = 2.463 / upper = 0.930 / lower = 0.010)
[20191119_103442 / lib_ip.py:3753] file = img.20191119_103435.2019-11-18_16-03-37_000.jpg.4.png / val_Average = 108.1885	val_Variance = 2.4629	sd = 1.5693	max = 120	min = 102
[20191119_103442 / lib_ip.py:4275] len(Hs) = 8100, len(Ss) = 8100, len(Vs) = 8100
[20191119_103442 / lib_ip.py:4314] pink : variance --> out of range (variance = 2.463 / upper = 0.750 / lower = 0.030)
[20191119_103442 / lib_ip.py:3753] file = img.20191119_103435.2019-11-18_16-03-37_000.jpg.4.png / val_Average = 108.1885	val_Variance = 2.4629	sd = 1.5693	max = 120	min = 102
[20191119_103442 / lib_ip.py:4378] len(Hs) = 8100, len(Ss) = 8100, len(Vs) = 8100
[20191119_103442 / lib_ip.py:4422] black : variance --> out of range (variance = 2.463 / upper = 0.000 / lower = 0.000)
[20191119_103442 / lib_ip.py:4593] file : img.20191119_103435.2019-11-18_16-03-37_000.jpg.4.png 3 (black : variance --> out of range (variance = 2.463 / upper = 0.000 / lower = 0.000))
[20191119_103441 / lib_ip.py:2274] inspecting ===> img.20191119_103435.2019-11-18_16-03-37_000.jpg.4.png
img.20191119_103435.2019-11-18_16-03-37_000.jpg.1.png => other
img.20191119_103435.2019-11-18_16-03-37_000.jpg.2.png => other
img.20191119_103435.2019-11-18_16-03-37_000.jpg.3.png => other
img.20191119_103435.2019-11-18_16-03-37_000.jpg.4.png => other
[20191119_103442 lib_ip.py:3301] =============== Get 4 corners
dpath_Images = C:\WORKS_2\WS\WS_Others.Art\JVEMV6\46_art\VIRTUAL\Admin_Projects\ip\images
fname_Image = img.20191119_103435.2019-11-18_16-03-37_000.jpg.4.png

[20191119_103443 / lib_ip.py:2274] inspecting ===> img.20191119_103443.2019-11-18_18-37-20_000.jpg.1.png
[20191119_103443 / lib_ip.py:4505] 
img.20191119_103443.2019-11-18_18-37-20_000.jpg.1.png 0 ---------------------
[20191119_103443 / lib_ip.py:3753] file = img.20191119_103443.2019-11-18_18-37-20_000.jpg.1.png / val_Average = 110.7975	val_Variance = 9.4432	sd = 3.0730	max = 140	min = 100
[20191119_103443 / lib_ip.py:3836] len(Hs) = 8100, len(Ss) = 8100, len(Vs) = 8100
[20191119_103443 / lib_ip.py:3869] yellow : variance --> out of range (variance = 9.443 / upper = 0.650 / lower = 0.000)
[20191119_103444 / lib_ip.py:3753] file = img.20191119_103443.2019-11-18_18-37-20_000.jpg.1.png / val_Average = 110.7975	val_Variance = 9.4432	sd = 3.0730	max = 140	min = 100
[20191119_103444 / lib_ip.py:3936] len(Hs) = 8100, len(Ss) = 8100, len(Vs) = 8100
[20191119_103444 / lib_ip.py:3982] red : variance --> out of range (variance = 9.443 / upper = 0.430 / lower = 0.000)
[20191119_103444 / lib_ip.py:3753] file = img.20191119_103443.2019-11-18_18-37-20_000.jpg.1.png / val_Average = 110.7975	val_Variance = 9.4432	sd = 3.0730	max = 140	min = 100
[20191119_103444 / lib_ip.py:4052] len(Hs) = 8100, len(Ss) = 8100, len(Vs) = 8100
[20191119_103444 / lib_ip.py:4099] green : variance --> out of range (variance = 9.443 / upper = 0.760 / lower = 0.000)
[20191119_103444 / lib_ip.py:3753] file = img.20191119_103443.2019-11-18_18-37-20_000.jpg.1.png / val_Average = 110.7975	val_Variance = 9.4432	sd = 3.0730	max = 140	min = 100
[20191119_103444 / lib_ip.py:4169] len(Hs) = 8100, len(Ss) = 8100, len(Vs) = 8100
[20191119_103444 / lib_ip.py:4208] blue : variance --> out of range (variance = 9.443 / upper = 0.930 / lower = 0.010)
[20191119_103444 / lib_ip.py:3753] file = img.20191119_103443.2019-11-18_18-37-20_000.jpg.1.png / val_Average = 110.7975	val_Variance = 9.4432	sd = 3.0730	max = 140	min = 100
[20191119_103444 / lib_ip.py:4275] len(Hs) = 8100, len(Ss) = 8100, len(Vs) = 8100
[20191119_103444 / lib_ip.py:4314] pink : variance --> out of range (variance = 9.443 / upper = 0.750 / lower = 0.030)
[20191119_103444 / lib_ip.py:3753] file = img.20191119_103443.2019-11-18_18-37-20_000.jpg.1.png / val_Average = 110.7975	val_Variance = 9.4432	sd = 3.0730	max = 140	min = 100
[20191119_103444 / lib_ip.py:4378] len(Hs) = 8100, len(Ss) = 8100, len(Vs) = 8100
[20191119_103444 / lib_ip.py:4422] black : variance --> out of range (variance = 9.443 / upper = 0.000 / lower = 0.000)
[20191119_103444 / lib_ip.py:4593] file : img.20191119_103443.2019-11-18_18-37-20_000.jpg.1.png 0 (black : variance --> out of range (variance = 9.443 / upper = 0.000 / lower = 0.000))
[20191119_103444 / lib_ip.py:2274] inspecting ===> img.20191119_103443.2019-11-18_18-37-20_000.jpg.2.png
[20191119_103445 / lib_ip.py:4505] 
img.20191119_103443.2019-11-18_18-37-20_000.jpg.2.png 1 ---------------------
[20191119_103445 / lib_ip.py:3753] file = img.20191119_103443.2019-11-18_18-37-20_000.jpg.2.png / val_Average = 112.0021	val_Variance = 8.4779	sd = 2.9117	max = 120	min = 101
[20191119_103445 / lib_ip.py:3836] len(Hs) = 8100, len(Ss) = 8100, len(Vs) = 8100
[20191119_103445 / lib_ip.py:3869] yellow : variance --> out of range (variance = 8.478 / upper = 0.650 / lower = 0.000)
[20191119_103445 / lib_ip.py:3753] file = img.20191119_103443.2019-11-18_18-37-20_000.jpg.2.png / val_Average = 112.0021	val_Variance = 8.4779	sd = 2.9117	max = 120	min = 101
[20191119_103445 / lib_ip.py:3936] len(Hs) = 8100, len(Ss) = 8100, len(Vs) = 8100
[20191119_103445 / lib_ip.py:3982] red : variance --> out of range (variance = 8.478 / upper = 0.430 / lower = 0.000)
[20191119_103445 / lib_ip.py:3753] file = img.20191119_103443.2019-11-18_18-37-20_000.jpg.2.png / val_Average = 112.0021	val_Variance = 8.4779	sd = 2.9117	max = 120	min = 101
[20191119_103445 / lib_ip.py:4052] len(Hs) = 8100, len(Ss) = 8100, len(Vs) = 8100
[20191119_103446 / lib_ip.py:4099] green : variance --> out of range (variance = 8.478 / upper = 0.760 / lower = 0.000)
[20191119_103446 / lib_ip.py:3753] file = img.20191119_103443.2019-11-18_18-37-20_000.jpg.2.png / val_Average = 112.0021	val_Variance = 8.4779	sd = 2.9117	max = 120	min = 101
[20191119_103446 / lib_ip.py:4169] len(Hs) = 8100, len(Ss) = 8100, len(Vs) = 8100
[20191119_103446 / lib_ip.py:4208] blue : variance --> out of range (variance = 8.478 / upper = 0.930 / lower = 0.010)
[20191119_103446 / lib_ip.py:3753] file = img.20191119_103443.2019-11-18_18-37-20_000.jpg.2.png / val_Average = 112.0021	val_Variance = 8.4779	sd = 2.9117	max = 120	min = 101
[20191119_103446 / lib_ip.py:4275] len(Hs) = 8100, len(Ss) = 8100, len(Vs) = 8100
[20191119_103446 / lib_ip.py:4314] pink : variance --> out of range (variance = 8.478 / upper = 0.750 / lower = 0.030)
[20191119_103446 / lib_ip.py:3753] file = img.20191119_103443.2019-11-18_18-37-20_000.jpg.2.png / val_Average = 112.0021	val_Variance = 8.4779	sd = 2.9117	max = 120	min = 101
[20191119_103446 / lib_ip.py:4378] len(Hs) = 8100, len(Ss) = 8100, len(Vs) = 8100
[20191119_103446 / lib_ip.py:4422] black : variance --> out of range (variance = 8.478 / upper = 0.000 / lower = 0.000)
[20191119_103446 / lib_ip.py:4593] file : img.20191119_103443.2019-11-18_18-37-20_000.jpg.2.png 1 (black : variance --> out of range (variance = 8.478 / upper = 0.000 / lower = 0.000))
[20191119_103446 / lib_ip.py:2274] inspecting ===> img.20191119_103443.2019-11-18_18-37-20_000.jpg.3.png
[20191119_103446 / lib_ip.py:4505] 
img.20191119_103443.2019-11-18_18-37-20_000.jpg.3.png 2 ---------------------
[20191119_103446 / lib_ip.py:3753] file = img.20191119_103443.2019-11-18_18-37-20_000.jpg.3.png / val_Average = 108.8562	val_Variance = 4.7505	sd = 2.1796	max = 120	min = 101
[20191119_103447 / lib_ip.py:3836] len(Hs) = 8100, len(Ss) = 8100, len(Vs) = 8100
[20191119_103447 / lib_ip.py:3869] yellow : variance --> out of range (variance = 4.751 / upper = 0.650 / lower = 0.000)
[20191119_103447 / lib_ip.py:3753] file = img.20191119_103443.2019-11-18_18-37-20_000.jpg.3.png / val_Average = 108.8562	val_Variance = 4.7505	sd = 2.1796	max = 120	min = 101
[20191119_103447 / lib_ip.py:3936] len(Hs) = 8100, len(Ss) = 8100, len(Vs) = 8100
[20191119_103447 / lib_ip.py:3982] red : variance --> out of range (variance = 4.751 / upper = 0.430 / lower = 0.000)
[20191119_103447 / lib_ip.py:3753] file = img.20191119_103443.2019-11-18_18-37-20_000.jpg.3.png / val_Average = 108.8562	val_Variance = 4.7505	sd = 2.1796	max = 120	min = 101
[20191119_103447 / lib_ip.py:4052] len(Hs) = 8100, len(Ss) = 8100, len(Vs) = 8100
[20191119_103447 / lib_ip.py:4099] green : variance --> out of range (variance = 4.751 / upper = 0.760 / lower = 0.000)
[20191119_103447 / lib_ip.py:3753] file = img.20191119_103443.2019-11-18_18-37-20_000.jpg.3.png / val_Average = 108.8562	val_Variance = 4.7505	sd = 2.1796	max = 120	min = 101
[20191119_103447 / lib_ip.py:4169] len(Hs) = 8100, len(Ss) = 8100, len(Vs) = 8100
[20191119_103447 / lib_ip.py:4208] blue : variance --> out of range (variance = 4.751 / upper = 0.930 / lower = 0.010)
[20191119_103447 / lib_ip.py:3753] file = img.20191119_103443.2019-11-18_18-37-20_000.jpg.3.png / val_Average = 108.8562	val_Variance = 4.7505	sd = 2.1796	max = 120	min = 101
[20191119_103447 / lib_ip.py:4275] len(Hs) = 8100, len(Ss) = 8100, len(Vs) = 8100
[20191119_103447 / lib_ip.py:4314] pink : variance --> out of range (variance = 4.751 / upper = 0.750 / lower = 0.030)
[20191119_103447 / lib_ip.py:3753] file = img.20191119_103443.2019-11-18_18-37-20_000.jpg.3.png / val_Average = 108.8562	val_Variance = 4.7505	sd = 2.1796	max = 120	min = 101
[20191119_103447 / lib_ip.py:4378] len(Hs) = 8100, len(Ss) = 8100, len(Vs) = 8100
[20191119_103448 / lib_ip.py:4422] black : variance --> out of range (variance = 4.751 / upper = 0.000 / lower = 0.000)
[20191119_103448 / lib_ip.py:4593] file : img.20191119_103443.2019-11-18_18-37-20_000.jpg.3.png 2 (black : variance --> out of range (variance = 4.751 / upper = 0.000 / lower = 0.000))
[20191119_103448 / lib_ip.py:2274] inspecting ===> img.20191119_103443.2019-11-18_18-37-20_000.jpg.4.png
[20191119_103448 / lib_ip.py:4505] 
img.20191119_103443.2019-11-18_18-37-20_000.jpg.4.png 3 ---------------------
[20191119_103448 / lib_ip.py:3753] file = img.20191119_103443.2019-11-18_18-37-20_000.jpg.4.png / val_Average = 121.2952	val_Variance = 0.2081	sd = 0.4561	max = 122	min = 121
[20191119_103448 / lib_ip.py:3836] len(Hs) = 8100, len(Ss) = 8100, len(Vs) = 8100
[20191119_103448 / lib_ip.py:3891] yellow : average --> out of range (average = 121.295 / upper = 99.200 / lower = 85.500)
[20191119_103448 / lib_ip.py:3753] file = img.20191119_103443.2019-11-18_18-37-20_000.jpg.4.png / val_Average = 121.2952	val_Variance = 0.2081	sd = 0.4561	max = 122	min = 121
[20191119_103448 / lib_ip.py:3936] len(Hs) = 8100, len(Ss) = 8100, len(Vs) = 8100
[20191119_103448 / lib_ip.py:2274] inspecting ===> img.20191119_103443.2019-11-18_18-37-20_000.jpg.4.png
img.20191119_103443.2019-11-18_18-37-20_000.jpg.1.png => other
img.20191119_103443.2019-11-18_18-37-20_000.jpg.2.png => other
img.20191119_103443.2019-11-18_18-37-20_000.jpg.3.png => other
img.20191119_103443.2019-11-18_18-37-20_000.jpg.4.png => other
[20191119_103449 lib_ip.py:3301] =============== Get 4 corners
dpath_Images = C:\WORKS_2\WS\WS_Others.Art\JVEMV6\46_art\VIRTUAL\Admin_Projects\ip\images
fname_Image = img.20191119_103443.2019-11-18_18-37-20_000.jpg.4.png

[20191119_103449 / lib_ip.py:2274] inspecting ===> img.20191119_103449.2019-11-18_20-36-53_000.jpg.1.png
[20191119_103449 / lib_ip.py:4505] 
img.20191119_103449.2019-11-18_20-36-53_000.jpg.1.png 0 ---------------------
[20191119_103450 / lib_ip.py:3753] file = img.20191119_103449.2019-11-18_20-36-53_000.jpg.1.png / val_Average = 46.8715	val_Variance = 2197.8305	sd = 46.8810	max = 135	min = 0
[20191119_103450 / lib_ip.py:3836] len(Hs) = 8100, len(Ss) = 8100, len(Vs) = 8100
[20191119_103450 / lib_ip.py:3869] yellow : variance --> out of range (variance = 2197.831 / upper = 0.650 / lower = 0.000)
[20191119_103450 / lib_ip.py:3753] file = img.20191119_103449.2019-11-18_20-36-53_000.jpg.1.png / val_Average = 46.8715	val_Variance = 2197.8305	sd = 46.8810	max = 135	min = 0
[20191119_103450 / lib_ip.py:3936] len(Hs) = 8100, len(Ss) = 8100, len(Vs) = 8100
[20191119_103450 / lib_ip.py:3982] red : variance --> out of range (variance = 2197.831 / upper = 0.430 / lower = 0.000)
[20191119_103450 / lib_ip.py:3753] file = img.20191119_103449.2019-11-18_20-36-53_000.jpg.1.png / val_Average = 46.8715	val_Variance = 2197.8305	sd = 46.8810	max = 135	min = 0
[20191119_103450 / lib_ip.py:4052] len(Hs) = 8100, len(Ss) = 8100, len(Vs) = 8100
[20191119_103450 / lib_ip.py:4099] green : variance --> out of range (variance = 2197.831 / upper = 0.760 / lower = 0.000)
[20191119_103450 / lib_ip.py:3753] file = img.20191119_103449.2019-11-18_20-36-53_000.jpg.1.png / val_Average = 46.8715	val_Variance = 2197.8305	sd = 46.8810	max = 135	min = 0
[20191119_103450 / lib_ip.py:4169] len(Hs) = 8100, len(Ss) = 8100, len(Vs) = 8100
[20191119_103450 / lib_ip.py:4208] blue : variance --> out of range (variance = 2197.831 / upper = 0.930 / lower = 0.010)
[20191119_103451 / lib_ip.py:3753] file = img.20191119_103449.2019-11-18_20-36-53_000.jpg.1.png / val_Average = 46.8715	val_Variance = 2197.8305	sd = 46.8810	max = 135	min = 0
[20191119_103451 / lib_ip.py:4275] len(Hs) = 8100, len(Ss) = 8100, len(Vs) = 8100
[20191119_103451 / lib_ip.py:4314] pink : variance --> out of range (variance = 2197.831 / upper = 0.750 / lower = 0.030)
[20191119_103451 / lib_ip.py:3753] file = img.20191119_103449.2019-11-18_20-36-53_000.jpg.1.png / val_Average = 46.8715	val_Variance = 2197.8305	sd = 46.8810	max = 135	min = 0
[20191119_103451 / lib_ip.py:4378] len(Hs) = 8100, len(Ss) = 8100, len(Vs) = 8100
[20191119_103451 / lib_ip.py:4422] black : variance --> out of range (variance = 2197.831 / upper = 0.000 / lower = 0.000)
[20191119_103451 / lib_ip.py:4593] file : img.20191119_103449.2019-11-18_20-36-53_000.jpg.1.png 0 (black : variance --> out of range (variance = 2197.831 / upper = 0.000 / lower = 0.000))
[20191119_103451 / lib_ip.py:2274] inspecting ===> img.20191119_103449.2019-11-18_20-36-53_000.jpg.2.png
[20191119_103452 / lib_ip.py:4505] 
img.20191119_103449.2019-11-18_20-36-53_000.jpg.2.png 1 ---------------------
[20191119_103452 / lib_ip.py:3753] file = img.20191119_103449.2019-11-18_20-36-53_000.jpg.2.png / val_Average = 109.4610	val_Variance = 16.3623	sd = 4.0450	max = 135	min = 0
[20191119_103452 / lib_ip.py:3836] len(Hs) = 8100, len(Ss) = 8100, len(Vs) = 8100
[20191119_103452 / lib_ip.py:3869] yellow : variance --> out of range (variance = 16.362 / upper = 0.650 / lower = 0.000)
[20191119_103452 / lib_ip.py:3753] file = img.20191119_103449.2019-11-18_20-36-53_000.jpg.2.png / val_Average = 109.4610	val_Variance = 16.3623	sd = 4.0450	max = 135	min = 0
[20191119_103452 / lib_ip.py:3936] len(Hs) = 8100, len(Ss) = 8100, len(Vs) = 8100
[20191119_103452 / lib_ip.py:3982] red : variance --> out of range (variance = 16.362 / upper = 0.430 / lower = 0.000)
[20191119_103452 / lib_ip.py:3753] file = img.20191119_103449.2019-11-18_20-36-53_000.jpg.2.png / val_Average = 109.4610	val_Variance = 16.3623	sd = 4.0450	max = 135	min = 0
[20191119_103452 / lib_ip.py:4052] len(Hs) = 8100, len(Ss) = 8100, len(Vs) = 8100
[20191119_103452 / lib_ip.py:4099] green : variance --> out of range (variance = 16.362 / upper = 0.760 / lower = 0.000)
[20191119_103452 / lib_ip.py:3753] file = img.20191119_103449.2019-11-18_20-36-53_000.jpg.2.png / val_Average = 109.4610	val_Variance = 16.3623	sd = 4.0450	max = 135	min = 0
[20191119_103452 / lib_ip.py:4169] len(Hs) = 8100, len(Ss) = 8100, len(Vs) = 8100
[20191119_103452 / lib_ip.py:4208] blue : variance --> out of range (variance = 16.362 / upper = 0.930 / lower = 0.010)
[20191119_103452 / lib_ip.py:3753] file = img.20191119_103449.2019-11-18_20-36-53_000.jpg.2.png / val_Average = 109.4610	val_Variance = 16.3623	sd = 4.0450	max = 135	min = 0
[20191119_103452 / lib_ip.py:4275] len(Hs) = 8100, len(Ss) = 8100, len(Vs) = 8100
[20191119_103452 / lib_ip.py:4314] pink : variance --> out of range (variance = 16.362 / upper = 0.750 / lower = 0.030)
[20191119_103452 / lib_ip.py:3753] file = img.20191119_103449.2019-11-18_20-36-53_000.jpg.2.png / val_Average = 109.4610	val_Variance = 16.3623	sd = 4.0450	max = 135	min = 0
[20191119_103452 / lib_ip.py:4378] len(Hs) = 8100, len(Ss) = 8100, len(Vs) = 8100
[20191119_103453 / lib_ip.py:4422] black : variance --> out of range (variance = 16.362 / upper = 0.000 / lower = 0.000)
[20191119_103453 / lib_ip.py:4593] file : img.20191119_103449.2019-11-18_20-36-53_000.jpg.2.png 1 (black : variance --> out of range (variance = 16.362 / upper = 0.000 / lower = 0.000))
[20191119_103453 / lib_ip.py:2274] inspecting ===> img.20191119_103449.2019-11-18_20-36-53_000.jpg.3.png
[20191119_103453 / lib_ip.py:4505] 
img.20191119_103449.2019-11-18_20-36-53_000.jpg.3.png 2 ---------------------
[20191119_103453 / lib_ip.py:3753] file = img.20191119_103449.2019-11-18_20-36-53_000.jpg.3.png / val_Average = 91.9914	val_Variance = 0.0273	sd = 0.1653	max = 93	min = 91
[20191119_103453 / lib_ip.py:3836] len(Hs) = 8100, len(Ss) = 8100, len(Vs) = 8100
[20191119_103453 / lib_ip.py:2274] inspecting ===> img.20191119_103449.2019-11-18_20-36-53_000.jpg.4.png
[20191119_103454 / lib_ip.py:4505] 
img.20191119_103449.2019-11-18_20-36-53_000.jpg.4.png 3 ---------------------
[20191119_103454 / lib_ip.py:3753] file = img.20191119_103449.2019-11-18_20-36-53_000.jpg.4.png / val_Average = 112.7316	val_Variance = 13.5312	sd = 3.6785	max = 123	min = 105
[20191119_103454 / lib_ip.py:3836] len(Hs) = 8100, len(Ss) = 8100, len(Vs) = 8100
[20191119_103454 / lib_ip.py:3869] yellow : variance --> out of range (variance = 13.531 / upper = 0.650 / lower = 0.000)
[20191119_103454 / lib_ip.py:3753] file = img.20191119_103449.2019-11-18_20-36-53_000.jpg.4.png / val_Average = 112.7316	val_Variance = 13.5312	sd = 3.6785	max = 123	min = 105
[20191119_103454 / lib_ip.py:3936] len(Hs) = 8100, len(Ss) = 8100, len(Vs) = 8100
[20191119_103454 / lib_ip.py:3982] red : variance --> out of range (variance = 13.531 / upper = 0.430 / lower = 0.000)
[20191119_103454 / lib_ip.py:3753] file = img.20191119_103449.2019-11-18_20-36-53_000.jpg.4.png / val_Average = 112.7316	val_Variance = 13.5312	sd = 3.6785	max = 123	min = 105
[20191119_103454 / lib_ip.py:4052] len(Hs) = 8100, len(Ss) = 8100, len(Vs) = 8100
[20191119_103454 / lib_ip.py:4099] green : variance --> out of range (variance = 13.531 / upper = 0.760 / lower = 0.000)
[20191119_103454 / lib_ip.py:3753] file = img.20191119_103449.2019-11-18_20-36-53_000.jpg.4.png / val_Average = 112.7316	val_Variance = 13.5312	sd = 3.6785	max = 123	min = 105
[20191119_103454 / lib_ip.py:4169] len(Hs) = 8100, len(Ss) = 8100, len(Vs) = 8100
[20191119_103455 / lib_ip.py:4208] blue : variance --> out of range (variance = 13.531 / upper = 0.930 / lower = 0.010)
[20191119_103455 / lib_ip.py:3753] file = img.20191119_103449.2019-11-18_20-36-53_000.jpg.4.png / val_Average = 112.7316	val_Variance = 13.5312	sd = 3.6785	max = 123	min = 105
[20191119_103455 / lib_ip.py:4275] len(Hs) = 8100, len(Ss) = 8100, len(Vs) = 8100
[20191119_103455 / lib_ip.py:4314] pink : variance --> out of range (variance = 13.531 / upper = 0.750 / lower = 0.030)
[20191119_103455 / lib_ip.py:3753] file = img.20191119_103449.2019-11-18_20-36-53_000.jpg.4.png / val_Average = 112.7316	val_Variance = 13.5312	sd = 3.6785	max = 123	min = 105
[20191119_103455 / lib_ip.py:4378] len(Hs) = 8100, len(Ss) = 8100, len(Vs) = 8100
[20191119_103455 / lib_ip.py:4422] black : variance --> out of range (variance = 13.531 / upper = 0.000 / lower = 0.000)
[20191119_103455 / lib_ip.py:4593] file : img.20191119_103449.2019-11-18_20-36-53_000.jpg.4.png 3 (black : variance --> out of range (variance = 13.531 / upper = 0.000 / lower = 0.000))
[20191119_103453 / lib_ip.py:2274] inspecting ===> img.20191119_103449.2019-11-18_20-36-53_000.jpg.4.png
img.20191119_103449.2019-11-18_20-36-53_000.jpg.1.png => other
img.20191119_103449.2019-11-18_20-36-53_000.jpg.2.png => other
img.20191119_103449.2019-11-18_20-36-53_000.jpg.3.png => other
img.20191119_103449.2019-11-18_20-36-53_000.jpg.4.png => other
[20191119_103455 lib_ip.py:3301] =============== Get 4 corners
dpath_Images = C:\WORKS_2\WS\WS_Others.Art\JVEMV6\46_art\VIRTUAL\Admin_Projects\ip\images
fname_Image = img.20191119_103449.2019-11-18_20-36-53_000.jpg.4.png

[20191119_103456 / lib_ip.py:2274] inspecting ===> img.20191119_103455.2019-11-18_23-54-45_000.jpg.1.png
[20191119_103456 / lib_ip.py:4505] 
img.20191119_103455.2019-11-18_23-54-45_000.jpg.1.png 0 ---------------------
[20191119_103457 / lib_ip.py:3753] file = img.20191119_103455.2019-11-18_23-54-45_000.jpg.1.png / val_Average = 76.7416	val_Variance = 0.3494	sd = 0.5911	max = 79	min = 76
[20191119_103457 / lib_ip.py:3836] len(Hs) = 8100, len(Ss) = 8100, len(Vs) = 8100
[20191119_103457 / lib_ip.py:3891] yellow : average --> out of range (average = 76.742 / upper = 99.200 / lower = 85.500)
[20191119_103457 / lib_ip.py:3753] file = img.20191119_103455.2019-11-18_23-54-45_000.jpg.1.png / val_Average = 76.7416	val_Variance = 0.3494	sd = 0.5911	max = 79	min = 76
[20191119_103457 / lib_ip.py:3936] len(Hs) = 8100, len(Ss) = 8100, len(Vs) = 8100
[20191119_103457 / lib_ip.py:4007] red : average --> out of range (average = 76.742 / upper = 124.600 / lower = 115.000)
[20191119_103457 / lib_ip.py:3753] file = img.20191119_103455.2019-11-18_23-54-45_000.jpg.1.png / val_Average = 76.7416	val_Variance = 0.3494	sd = 0.5911	max = 79	min = 76
[20191119_103457 / lib_ip.py:4052] len(Hs) = 8100, len(Ss) = 8100, len(Vs) = 8100
[20191119_103457 / lib_ip.py:2274] inspecting ===> img.20191119_103455.2019-11-18_23-54-45_000.jpg.2.png
[20191119_103457 / lib_ip.py:4505] 
img.20191119_103455.2019-11-18_23-54-45_000.jpg.2.png 1 ---------------------
[20191119_103457 / lib_ip.py:3753] file = img.20191119_103455.2019-11-18_23-54-45_000.jpg.2.png / val_Average = 95.3226	val_Variance = 16.3306	sd = 4.0411	max = 104	min = 84
[20191119_103457 / lib_ip.py:3836] len(Hs) = 8100, len(Ss) = 8100, len(Vs) = 8100
[20191119_103458 / lib_ip.py:3869] yellow : variance --> out of range (variance = 16.331 / upper = 0.650 / lower = 0.000)
[20191119_103458 / lib_ip.py:3753] file = img.20191119_103455.2019-11-18_23-54-45_000.jpg.2.png / val_Average = 95.3226	val_Variance = 16.3306	sd = 4.0411	max = 104	min = 84
[20191119_103458 / lib_ip.py:3936] len(Hs) = 8100, len(Ss) = 8100, len(Vs) = 8100
[20191119_103458 / lib_ip.py:3982] red : variance --> out of range (variance = 16.331 / upper = 0.430 / lower = 0.000)
[20191119_103458 / lib_ip.py:3753] file = img.20191119_103455.2019-11-18_23-54-45_000.jpg.2.png / val_Average = 95.3226	val_Variance = 16.3306	sd = 4.0411	max = 104	min = 84
[20191119_103458 / lib_ip.py:4052] len(Hs) = 8100, len(Ss) = 8100, len(Vs) = 8100
[20191119_103458 / lib_ip.py:4099] green : variance --> out of range (variance = 16.331 / upper = 0.760 / lower = 0.000)
[20191119_103458 / lib_ip.py:3753] file = img.20191119_103455.2019-11-18_23-54-45_000.jpg.2.png / val_Average = 95.3226	val_Variance = 16.3306	sd = 4.0411	max = 104	min = 84
[20191119_103458 / lib_ip.py:4169] len(Hs) = 8100, len(Ss) = 8100, len(Vs) = 8100
[20191119_103458 / lib_ip.py:4208] blue : variance --> out of range (variance = 16.331 / upper = 0.930 / lower = 0.010)
[20191119_103458 / lib_ip.py:3753] file = img.20191119_103455.2019-11-18_23-54-45_000.jpg.2.png / val_Average = 95.3226	val_Variance = 16.3306	sd = 4.0411	max = 104	min = 84
[20191119_103458 / lib_ip.py:4275] len(Hs) = 8100, len(Ss) = 8100, len(Vs) = 8100
[20191119_103458 / lib_ip.py:4314] pink : variance --> out of range (variance = 16.331 / upper = 0.750 / lower = 0.030)
[20191119_103458 / lib_ip.py:3753] file = img.20191119_103455.2019-11-18_23-54-45_000.jpg.2.png / val_Average = 95.3226	val_Variance = 16.3306	sd = 4.0411	max = 104	min = 84
[20191119_103458 / lib_ip.py:4378] len(Hs) = 8100, len(Ss) = 8100, len(Vs) = 8100
[20191119_103458 / lib_ip.py:4422] black : variance --> out of range (variance = 16.331 / upper = 0.000 / lower = 0.000)
[20191119_103458 / lib_ip.py:4593] file : img.20191119_103455.2019-11-18_23-54-45_000.jpg.2.png 1 (black : variance --> out of range (variance = 16.331 / upper = 0.000 / lower = 0.000))
[20191119_103458 / lib_ip.py:2274] inspecting ===> img.20191119_103455.2019-11-18_23-54-45_000.jpg.3.png
[20191119_103459 / lib_ip.py:4505] 
img.20191119_103455.2019-11-18_23-54-45_000.jpg.3.png 2 ---------------------
[20191119_103459 / lib_ip.py:3753] file = img.20191119_103455.2019-11-18_23-54-45_000.jpg.3.png / val_Average = 120.7680	val_Variance = 0.1782	sd = 0.4221	max = 121	min = 120
[20191119_103459 / lib_ip.py:3836] len(Hs) = 8100, len(Ss) = 8100, len(Vs) = 8100
[20191119_103459 / lib_ip.py:3891] yellow : average --> out of range (average = 120.768 / upper = 99.200 / lower = 85.500)
[20191119_103459 / lib_ip.py:3753] file = img.20191119_103455.2019-11-18_23-54-45_000.jpg.3.png / val_Average = 120.7680	val_Variance = 0.1782	sd = 0.4221	max = 121	min = 120
[20191119_103459 / lib_ip.py:3936] len(Hs) = 8100, len(Ss) = 8100, len(Vs) = 8100
[20191119_103459 / lib_ip.py:2274] inspecting ===> img.20191119_103455.2019-11-18_23-54-45_000.jpg.4.png
[20191119_103500 / lib_ip.py:4505] 
img.20191119_103455.2019-11-18_23-54-45_000.jpg.4.png 3 ---------------------
[20191119_103500 / lib_ip.py:3753] file = img.20191119_103455.2019-11-18_23-54-45_000.jpg.4.png / val_Average = 115.2772	val_Variance = 7.3087	sd = 2.7035	max = 125	min = 104
[20191119_103500 / lib_ip.py:3836] len(Hs) = 8100, len(Ss) = 8100, len(Vs) = 8100
[20191119_103500 / lib_ip.py:3869] yellow : variance --> out of range (variance = 7.309 / upper = 0.650 / lower = 0.000)
[20191119_103500 / lib_ip.py:3753] file = img.20191119_103455.2019-11-18_23-54-45_000.jpg.4.png / val_Average = 115.2772	val_Variance = 7.3087	sd = 2.7035	max = 125	min = 104
[20191119_103500 / lib_ip.py:3936] len(Hs) = 8100, len(Ss) = 8100, len(Vs) = 8100
[20191119_103500 / lib_ip.py:3982] red : variance --> out of range (variance = 7.309 / upper = 0.430 / lower = 0.000)
[20191119_103500 / lib_ip.py:3753] file = img.20191119_103455.2019-11-18_23-54-45_000.jpg.4.png / val_Average = 115.2772	val_Variance = 7.3087	sd = 2.7035	max = 125	min = 104
[20191119_103500 / lib_ip.py:4052] len(Hs) = 8100, len(Ss) = 8100, len(Vs) = 8100
[20191119_103500 / lib_ip.py:4099] green : variance --> out of range (variance = 7.309 / upper = 0.760 / lower = 0.000)
[20191119_103500 / lib_ip.py:3753] file = img.20191119_103455.2019-11-18_23-54-45_000.jpg.4.png / val_Average = 115.2772	val_Variance = 7.3087	sd = 2.7035	max = 125	min = 104
[20191119_103500 / lib_ip.py:4169] len(Hs) = 8100, len(Ss) = 8100, len(Vs) = 8100
[20191119_103500 / lib_ip.py:4208] blue : variance --> out of range (variance = 7.309 / upper = 0.930 / lower = 0.010)
[20191119_103501 / lib_ip.py:3753] file = img.20191119_103455.2019-11-18_23-54-45_000.jpg.4.png / val_Average = 115.2772	val_Variance = 7.3087	sd = 2.7035	max = 125	min = 104
[20191119_103501 / lib_ip.py:4275] len(Hs) = 8100, len(Ss) = 8100, len(Vs) = 8100
[20191119_103501 / lib_ip.py:4314] pink : variance --> out of range (variance = 7.309 / upper = 0.750 / lower = 0.030)
[20191119_103501 / lib_ip.py:3753] file = img.20191119_103455.2019-11-18_23-54-45_000.jpg.4.png / val_Average = 115.2772	val_Variance = 7.3087	sd = 2.7035	max = 125	min = 104
[20191119_103501 / lib_ip.py:4378] len(Hs) = 8100, len(Ss) = 8100, len(Vs) = 8100
[20191119_103501 / lib_ip.py:4422] black : variance --> out of range (variance = 7.309 / upper = 0.000 / lower = 0.000)
[20191119_103501 / lib_ip.py:4593] file : img.20191119_103455.2019-11-18_23-54-45_000.jpg.4.png 3 (black : variance --> out of range (variance = 7.309 / upper = 0.000 / lower = 0.000))
[20191119_103459 / lib_ip.py:2274] inspecting ===> img.20191119_103455.2019-11-18_23-54-45_000.jpg.4.png
img.20191119_103455.2019-11-18_23-54-45_000.jpg.1.png => other
img.20191119_103455.2019-11-18_23-54-45_000.jpg.2.png => other
img.20191119_103455.2019-11-18_23-54-45_000.jpg.3.png => other
img.20191119_103455.2019-11-18_23-54-45_000.jpg.4.png => other
[20191119_103501 lib_ip.py:3301] =============== Get 4 corners
dpath_Images = C:\WORKS_2\WS\WS_Others.Art\JVEMV6\46_art\VIRTUAL\Admin_Projects\ip\images
fname_Image = img.20191119_103455.2019-11-18_23-54-45_000.jpg.4.png

[20191119_103502 / lib_ip.py:2274] inspecting ===> img.20191119_103502.2019-11-19_04-41-10_000.jpg.1.png
[20191119_103503 / lib_ip.py:4505] 
img.20191119_103502.2019-11-19_04-41-10_000.jpg.1.png 0 ---------------------
[20191119_103503 / lib_ip.py:3753] file = img.20191119_103502.2019-11-19_04-41-10_000.jpg.1.png / val_Average = 173.6090	val_Variance = 1.6391	sd = 1.2803	max = 178	min = 170
[20191119_103503 / lib_ip.py:3836] len(Hs) = 8100, len(Ss) = 8100, len(Vs) = 8100
[20191119_103503 / lib_ip.py:3869] yellow : variance --> out of range (variance = 1.639 / upper = 0.650 / lower = 0.000)
[20191119_103503 / lib_ip.py:3753] file = img.20191119_103502.2019-11-19_04-41-10_000.jpg.1.png / val_Average = 173.6090	val_Variance = 1.6391	sd = 1.2803	max = 178	min = 170
[20191119_103503 / lib_ip.py:3936] len(Hs) = 8100, len(Ss) = 8100, len(Vs) = 8100
[20191119_103503 / lib_ip.py:3982] red : variance --> out of range (variance = 1.639 / upper = 0.430 / lower = 0.000)
[20191119_103503 / lib_ip.py:3753] file = img.20191119_103502.2019-11-19_04-41-10_000.jpg.1.png / val_Average = 173.6090	val_Variance = 1.6391	sd = 1.2803	max = 178	min = 170
[20191119_103503 / lib_ip.py:4052] len(Hs) = 8100, len(Ss) = 8100, len(Vs) = 8100
[20191119_103503 / lib_ip.py:4099] green : variance --> out of range (variance = 1.639 / upper = 0.760 / lower = 0.000)
[20191119_103503 / lib_ip.py:3753] file = img.20191119_103502.2019-11-19_04-41-10_000.jpg.1.png / val_Average = 173.6090	val_Variance = 1.6391	sd = 1.2803	max = 178	min = 170
[20191119_103503 / lib_ip.py:4169] len(Hs) = 8100, len(Ss) = 8100, len(Vs) = 8100
[20191119_103504 / lib_ip.py:4208] blue : variance --> out of range (variance = 1.639 / upper = 0.930 / lower = 0.010)
[20191119_103504 / lib_ip.py:3753] file = img.20191119_103502.2019-11-19_04-41-10_000.jpg.1.png / val_Average = 173.6090	val_Variance = 1.6391	sd = 1.2803	max = 178	min = 170
[20191119_103504 / lib_ip.py:4275] len(Hs) = 8100, len(Ss) = 8100, len(Vs) = 8100
[20191119_103504 / lib_ip.py:4314] pink : variance --> out of range (variance = 1.639 / upper = 0.750 / lower = 0.030)
[20191119_103504 / lib_ip.py:3753] file = img.20191119_103502.2019-11-19_04-41-10_000.jpg.1.png / val_Average = 173.6090	val_Variance = 1.6391	sd = 1.2803	max = 178	min = 170
[20191119_103504 / lib_ip.py:4378] len(Hs) = 8100, len(Ss) = 8100, len(Vs) = 8100
[20191119_103504 / lib_ip.py:4422] black : variance --> out of range (variance = 1.639 / upper = 0.000 / lower = 0.000)
[20191119_103504 / lib_ip.py:4593] file : img.20191119_103502.2019-11-19_04-41-10_000.jpg.1.png 0 (black : variance --> out of range (variance = 1.639 / upper = 0.000 / lower = 0.000))
[20191119_103504 / lib_ip.py:2274] inspecting ===> img.20191119_103502.2019-11-19_04-41-10_000.jpg.2.png
[20191119_103504 / lib_ip.py:4505] 
img.20191119_103502.2019-11-19_04-41-10_000.jpg.2.png 1 ---------------------
[20191119_103505 / lib_ip.py:3753] file = img.20191119_103502.2019-11-19_04-41-10_000.jpg.2.png / val_Average = 100.8767	val_Variance = 11.9061	sd = 3.4505	max = 109	min = 85
[20191119_103505 / lib_ip.py:3836] len(Hs) = 8100, len(Ss) = 8100, len(Vs) = 8100
[20191119_103505 / lib_ip.py:3869] yellow : variance --> out of range (variance = 11.906 / upper = 0.650 / lower = 0.000)
[20191119_103505 / lib_ip.py:3753] file = img.20191119_103502.2019-11-19_04-41-10_000.jpg.2.png / val_Average = 100.8767	val_Variance = 11.9061	sd = 3.4505	max = 109	min = 85
[20191119_103505 / lib_ip.py:3936] len(Hs) = 8100, len(Ss) = 8100, len(Vs) = 8100
[20191119_103505 / lib_ip.py:3982] red : variance --> out of range (variance = 11.906 / upper = 0.430 / lower = 0.000)
[20191119_103505 / lib_ip.py:3753] file = img.20191119_103502.2019-11-19_04-41-10_000.jpg.2.png / val_Average = 100.8767	val_Variance = 11.9061	sd = 3.4505	max = 109	min = 85
[20191119_103505 / lib_ip.py:4052] len(Hs) = 8100, len(Ss) = 8100, len(Vs) = 8100
[20191119_103505 / lib_ip.py:4099] green : variance --> out of range (variance = 11.906 / upper = 0.760 / lower = 0.000)
[20191119_103505 / lib_ip.py:3753] file = img.20191119_103502.2019-11-19_04-41-10_000.jpg.2.png / val_Average = 100.8767	val_Variance = 11.9061	sd = 3.4505	max = 109	min = 85
[20191119_103505 / lib_ip.py:4169] len(Hs) = 8100, len(Ss) = 8100, len(Vs) = 8100
[20191119_103505 / lib_ip.py:4208] blue : variance --> out of range (variance = 11.906 / upper = 0.930 / lower = 0.010)
[20191119_103506 / lib_ip.py:3753] file = img.20191119_103502.2019-11-19_04-41-10_000.jpg.2.png / val_Average = 100.8767	val_Variance = 11.9061	sd = 3.4505	max = 109	min = 85
[20191119_103506 / lib_ip.py:4275] len(Hs) = 8100, len(Ss) = 8100, len(Vs) = 8100
[20191119_103506 / lib_ip.py:4314] pink : variance --> out of range (variance = 11.906 / upper = 0.750 / lower = 0.030)
[20191119_103506 / lib_ip.py:3753] file = img.20191119_103502.2019-11-19_04-41-10_000.jpg.2.png / val_Average = 100.8767	val_Variance = 11.9061	sd = 3.4505	max = 109	min = 85
[20191119_103506 / lib_ip.py:4378] len(Hs) = 8100, len(Ss) = 8100, len(Vs) = 8100
[20191119_103506 / lib_ip.py:4422] black : variance --> out of range (variance = 11.906 / upper = 0.000 / lower = 0.000)
[20191119_103506 / lib_ip.py:4593] file : img.20191119_103502.2019-11-19_04-41-10_000.jpg.2.png 1 (black : variance --> out of range (variance = 11.906 / upper = 0.000 / lower = 0.000))
[20191119_103506 / lib_ip.py:2274] inspecting ===> img.20191119_103502.2019-11-19_04-41-10_000.jpg.3.png
[20191119_103506 / lib_ip.py:4505] 
img.20191119_103502.2019-11-19_04-41-10_000.jpg.3.png 2 ---------------------
[20191119_103506 / lib_ip.py:3753] file = img.20191119_103502.2019-11-19_04-41-10_000.jpg.3.png / val_Average = 86.9772	val_Variance = 4575.1164	sd = 67.6396	max = 178	min = 0
[20191119_103506 / lib_ip.py:3836] len(Hs) = 8100, len(Ss) = 8100, len(Vs) = 8100
[20191119_103506 / lib_ip.py:3869] yellow : variance --> out of range (variance = 4575.116 / upper = 0.650 / lower = 0.000)
[20191119_103506 / lib_ip.py:3753] file = img.20191119_103502.2019-11-19_04-41-10_000.jpg.3.png / val_Average = 86.9772	val_Variance = 4575.1164	sd = 67.6396	max = 178	min = 0
[20191119_103506 / lib_ip.py:3936] len(Hs) = 8100, len(Ss) = 8100, len(Vs) = 8100
[20191119_103507 / lib_ip.py:3982] red : variance --> out of range (variance = 4575.116 / upper = 0.430 / lower = 0.000)
[20191119_103507 / lib_ip.py:3753] file = img.20191119_103502.2019-11-19_04-41-10_000.jpg.3.png / val_Average = 86.9772	val_Variance = 4575.1164	sd = 67.6396	max = 178	min = 0
[20191119_103507 / lib_ip.py:4052] len(Hs) = 8100, len(Ss) = 8100, len(Vs) = 8100
[20191119_103507 / lib_ip.py:4099] green : variance --> out of range (variance = 4575.116 / upper = 0.760 / lower = 0.000)
[20191119_103507 / lib_ip.py:3753] file = img.20191119_103502.2019-11-19_04-41-10_000.jpg.3.png / val_Average = 86.9772	val_Variance = 4575.1164	sd = 67.6396	max = 178	min = 0
[20191119_103507 / lib_ip.py:4169] len(Hs) = 8100, len(Ss) = 8100, len(Vs) = 8100
[20191119_103507 / lib_ip.py:4208] blue : variance --> out of range (variance = 4575.116 / upper = 0.930 / lower = 0.010)
[20191119_103507 / lib_ip.py:3753] file = img.20191119_103502.2019-11-19_04-41-10_000.jpg.3.png / val_Average = 86.9772	val_Variance = 4575.1164	sd = 67.6396	max = 178	min = 0
[20191119_103507 / lib_ip.py:4275] len(Hs) = 8100, len(Ss) = 8100, len(Vs) = 8100
[20191119_103508 / lib_ip.py:4314] pink : variance --> out of range (variance = 4575.116 / upper = 0.750 / lower = 0.030)
[20191119_103508 / lib_ip.py:3753] file = img.20191119_103502.2019-11-19_04-41-10_000.jpg.3.png / val_Average = 86.9772	val_Variance = 4575.1164	sd = 67.6396	max = 178	min = 0
[20191119_103508 / lib_ip.py:4378] len(Hs) = 8100, len(Ss) = 8100, len(Vs) = 8100
[20191119_103508 / lib_ip.py:4422] black : variance --> out of range (variance = 4575.116 / upper = 0.000 / lower = 0.000)
[20191119_103508 / lib_ip.py:4593] file : img.20191119_103502.2019-11-19_04-41-10_000.jpg.3.png 2 (black : variance --> out of range (variance = 4575.116 / upper = 0.000 / lower = 0.000))
[20191119_103508 / lib_ip.py:2274] inspecting ===> img.20191119_103502.2019-11-19_04-41-10_000.jpg.4.png
[20191119_103508 / lib_ip.py:4505] 
img.20191119_103502.2019-11-19_04-41-10_000.jpg.4.png 3 ---------------------
[20191119_103509 / lib_ip.py:3753] file = img.20191119_103502.2019-11-19_04-41-10_000.jpg.4.png / val_Average = 102.5211	val_Variance = 6.8831	sd = 2.6236	max = 118	min = 98
[20191119_103509 / lib_ip.py:3836] len(Hs) = 8100, len(Ss) = 8100, len(Vs) = 8100
[20191119_103509 / lib_ip.py:3869] yellow : variance --> out of range (variance = 6.883 / upper = 0.650 / lower = 0.000)
[20191119_103509 / lib_ip.py:3753] file = img.20191119_103502.2019-11-19_04-41-10_000.jpg.4.png / val_Average = 102.5211	val_Variance = 6.8831	sd = 2.6236	max = 118	min = 98
[20191119_103509 / lib_ip.py:3936] len(Hs) = 8100, len(Ss) = 8100, len(Vs) = 8100
[20191119_103509 / lib_ip.py:3982] red : variance --> out of range (variance = 6.883 / upper = 0.430 / lower = 0.000)
[20191119_103509 / lib_ip.py:3753] file = img.20191119_103502.2019-11-19_04-41-10_000.jpg.4.png / val_Average = 102.5211	val_Variance = 6.8831	sd = 2.6236	max = 118	min = 98
[20191119_103509 / lib_ip.py:4052] len(Hs) = 8100, len(Ss) = 8100, len(Vs) = 8100
[20191119_103509 / lib_ip.py:4099] green : variance --> out of range (variance = 6.883 / upper = 0.760 / lower = 0.000)
[20191119_103509 / lib_ip.py:3753] file = img.20191119_103502.2019-11-19_04-41-10_000.jpg.4.png / val_Average = 102.5211	val_Variance = 6.8831	sd = 2.6236	max = 118	min = 98
[20191119_103509 / lib_ip.py:4169] len(Hs) = 8100, len(Ss) = 8100, len(Vs) = 8100
[20191119_103509 / lib_ip.py:4208] blue : variance --> out of range (variance = 6.883 / upper = 0.930 / lower = 0.010)
[20191119_103509 / lib_ip.py:3753] file = img.20191119_103502.2019-11-19_04-41-10_000.jpg.4.png / val_Average = 102.5211	val_Variance = 6.8831	sd = 2.6236	max = 118	min = 98
[20191119_103509 / lib_ip.py:4275] len(Hs) = 8100, len(Ss) = 8100, len(Vs) = 8100
[20191119_103509 / lib_ip.py:4314] pink : variance --> out of range (variance = 6.883 / upper = 0.750 / lower = 0.030)
[20191119_103510 / lib_ip.py:3753] file = img.20191119_103502.2019-11-19_04-41-10_000.jpg.4.png / val_Average = 102.5211	val_Variance = 6.8831	sd = 2.6236	max = 118	min = 98
[20191119_103510 / lib_ip.py:4378] len(Hs) = 8100, len(Ss) = 8100, len(Vs) = 8100
[20191119_103510 / lib_ip.py:4422] black : variance --> out of range (variance = 6.883 / upper = 0.000 / lower = 0.000)
[20191119_103510 / lib_ip.py:4593] file : img.20191119_103502.2019-11-19_04-41-10_000.jpg.4.png 3 (black : variance --> out of range (variance = 6.883 / upper = 0.000 / lower = 0.000))
[20191119_103508 / lib_ip.py:2274] inspecting ===> img.20191119_103502.2019-11-19_04-41-10_000.jpg.4.png
img.20191119_103502.2019-11-19_04-41-10_000.jpg.1.png => other
img.20191119_103502.2019-11-19_04-41-10_000.jpg.2.png => other
img.20191119_103502.2019-11-19_04-41-10_000.jpg.3.png => other
img.20191119_103502.2019-11-19_04-41-10_000.jpg.4.png => other
[20191119_103510 lib_ip.py:3301] =============== Get 4 corners
dpath_Images = C:\WORKS_2\WS\WS_Others.Art\JVEMV6\46_art\VIRTUAL\Admin_Projects\ip\images
fname_Image = img.20191119_103502.2019-11-19_04-41-10_000.jpg.4.png

[20191119_103510 / lib_ip.py:2274] inspecting ===> img.20191119_103510.2019-11-19_09-15-24_000.jpg.1.png
[20191119_103511 / lib_ip.py:4505] 
img.20191119_103510.2019-11-19_09-15-24_000.jpg.1.png 0 ---------------------
[20191119_103511 / lib_ip.py:3753] file = img.20191119_103510.2019-11-19_09-15-24_000.jpg.1.png / val_Average = 98.7644	val_Variance = 228.7381	sd = 15.1241	max = 174	min = 0
[20191119_103511 / lib_ip.py:3836] len(Hs) = 8100, len(Ss) = 8100, len(Vs) = 8100
[20191119_103511 / lib_ip.py:3869] yellow : variance --> out of range (variance = 228.738 / upper = 0.650 / lower = 0.000)
[20191119_103511 / lib_ip.py:3753] file = img.20191119_103510.2019-11-19_09-15-24_000.jpg.1.png / val_Average = 98.7644	val_Variance = 228.7381	sd = 15.1241	max = 174	min = 0
[20191119_103511 / lib_ip.py:3936] len(Hs) = 8100, len(Ss) = 8100, len(Vs) = 8100
[20191119_103511 / lib_ip.py:3982] red : variance --> out of range (variance = 228.738 / upper = 0.430 / lower = 0.000)
[20191119_103512 / lib_ip.py:3753] file = img.20191119_103510.2019-11-19_09-15-24_000.jpg.1.png / val_Average = 98.7644	val_Variance = 228.7381	sd = 15.1241	max = 174	min = 0
[20191119_103512 / lib_ip.py:4052] len(Hs) = 8100, len(Ss) = 8100, len(Vs) = 8100
[20191119_103512 / lib_ip.py:4099] green : variance --> out of range (variance = 228.738 / upper = 0.760 / lower = 0.000)
[20191119_103512 / lib_ip.py:3753] file = img.20191119_103510.2019-11-19_09-15-24_000.jpg.1.png / val_Average = 98.7644	val_Variance = 228.7381	sd = 15.1241	max = 174	min = 0
[20191119_103512 / lib_ip.py:4169] len(Hs) = 8100, len(Ss) = 8100, len(Vs) = 8100
[20191119_103512 / lib_ip.py:4208] blue : variance --> out of range (variance = 228.738 / upper = 0.930 / lower = 0.010)
[20191119_103512 / lib_ip.py:3753] file = img.20191119_103510.2019-11-19_09-15-24_000.jpg.1.png / val_Average = 98.7644	val_Variance = 228.7381	sd = 15.1241	max = 174	min = 0
[20191119_103512 / lib_ip.py:4275] len(Hs) = 8100, len(Ss) = 8100, len(Vs) = 8100
[20191119_103512 / lib_ip.py:4314] pink : variance --> out of range (variance = 228.738 / upper = 0.750 / lower = 0.030)
[20191119_103512 / lib_ip.py:3753] file = img.20191119_103510.2019-11-19_09-15-24_000.jpg.1.png / val_Average = 98.7644	val_Variance = 228.7381	sd = 15.1241	max = 174	min = 0
[20191119_103512 / lib_ip.py:4378] len(Hs) = 8100, len(Ss) = 8100, len(Vs) = 8100
[20191119_103512 / lib_ip.py:4422] black : variance --> out of range (variance = 228.738 / upper = 0.000 / lower = 0.000)
[20191119_103512 / lib_ip.py:4593] file : img.20191119_103510.2019-11-19_09-15-24_000.jpg.1.png 0 (black : variance --> out of range (variance = 228.738 / upper = 0.000 / lower = 0.000))
[20191119_103512 / lib_ip.py:2274] inspecting ===> img.20191119_103510.2019-11-19_09-15-24_000.jpg.2.png
[20191119_103513 / lib_ip.py:4505] 
img.20191119_103510.2019-11-19_09-15-24_000.jpg.2.png 1 ---------------------
[20191119_103513 / lib_ip.py:3753] file = img.20191119_103510.2019-11-19_09-15-24_000.jpg.2.png / val_Average = 33.4175	val_Variance = 3789.1121	sd = 61.5558	max = 178	min = 0
[20191119_103513 / lib_ip.py:3836] len(Hs) = 8100, len(Ss) = 8100, len(Vs) = 8100
[20191119_103513 / lib_ip.py:3869] yellow : variance --> out of range (variance = 3789.112 / upper = 0.650 / lower = 0.000)
[20191119_103513 / lib_ip.py:3753] file = img.20191119_103510.2019-11-19_09-15-24_000.jpg.2.png / val_Average = 33.4175	val_Variance = 3789.1121	sd = 61.5558	max = 178	min = 0
[20191119_103513 / lib_ip.py:3936] len(Hs) = 8100, len(Ss) = 8100, len(Vs) = 8100
[20191119_103513 / lib_ip.py:3982] red : variance --> out of range (variance = 3789.112 / upper = 0.430 / lower = 0.000)
[20191119_103513 / lib_ip.py:3753] file = img.20191119_103510.2019-11-19_09-15-24_000.jpg.2.png / val_Average = 33.4175	val_Variance = 3789.1121	sd = 61.5558	max = 178	min = 0
[20191119_103513 / lib_ip.py:4052] len(Hs) = 8100, len(Ss) = 8100, len(Vs) = 8100
[20191119_103513 / lib_ip.py:4099] green : variance --> out of range (variance = 3789.112 / upper = 0.760 / lower = 0.000)
[20191119_103513 / lib_ip.py:3753] file = img.20191119_103510.2019-11-19_09-15-24_000.jpg.2.png / val_Average = 33.4175	val_Variance = 3789.1121	sd = 61.5558	max = 178	min = 0
[20191119_103513 / lib_ip.py:4169] len(Hs) = 8100, len(Ss) = 8100, len(Vs) = 8100
[20191119_103514 / lib_ip.py:4208] blue : variance --> out of range (variance = 3789.112 / upper = 0.930 / lower = 0.010)
[20191119_103514 / lib_ip.py:3753] file = img.20191119_103510.2019-11-19_09-15-24_000.jpg.2.png / val_Average = 33.4175	val_Variance = 3789.1121	sd = 61.5558	max = 178	min = 0
[20191119_103514 / lib_ip.py:4275] len(Hs) = 8100, len(Ss) = 8100, len(Vs) = 8100
[20191119_103514 / lib_ip.py:4314] pink : variance --> out of range (variance = 3789.112 / upper = 0.750 / lower = 0.030)
[20191119_103514 / lib_ip.py:3753] file = img.20191119_103510.2019-11-19_09-15-24_000.jpg.2.png / val_Average = 33.4175	val_Variance = 3789.1121	sd = 61.5558	max = 178	min = 0
[20191119_103514 / lib_ip.py:4378] len(Hs) = 8100, len(Ss) = 8100, len(Vs) = 8100
[20191119_103514 / lib_ip.py:4422] black : variance --> out of range (variance = 3789.112 / upper = 0.000 / lower = 0.000)
[20191119_103514 / lib_ip.py:4593] file : img.20191119_103510.2019-11-19_09-15-24_000.jpg.2.png 1 (black : variance --> out of range (variance = 3789.112 / upper = 0.000 / lower = 0.000))
[20191119_103514 / lib_ip.py:2274] inspecting ===> img.20191119_103510.2019-11-19_09-15-24_000.jpg.3.png
[20191119_103515 / lib_ip.py:4505] 
img.20191119_103510.2019-11-19_09-15-24_000.jpg.3.png 2 ---------------------
[20191119_103515 / lib_ip.py:3753] file = img.20191119_103510.2019-11-19_09-15-24_000.jpg.3.png / val_Average = 100.4401	val_Variance = 0.6817	sd = 0.8257	max = 103	min = 98
[20191119_103515 / lib_ip.py:3836] len(Hs) = 8100, len(Ss) = 8100, len(Vs) = 8100
[20191119_103515 / lib_ip.py:3869] yellow : variance --> out of range (variance = 0.682 / upper = 0.650 / lower = 0.000)
[20191119_103515 / lib_ip.py:3753] file = img.20191119_103510.2019-11-19_09-15-24_000.jpg.3.png / val_Average = 100.4401	val_Variance = 0.6817	sd = 0.8257	max = 103	min = 98
[20191119_103515 / lib_ip.py:3936] len(Hs) = 8100, len(Ss) = 8100, len(Vs) = 8100
[20191119_103515 / lib_ip.py:3982] red : variance --> out of range (variance = 0.682 / upper = 0.430 / lower = 0.000)
[20191119_103515 / lib_ip.py:3753] file = img.20191119_103510.2019-11-19_09-15-24_000.jpg.3.png / val_Average = 100.4401	val_Variance = 0.6817	sd = 0.8257	max = 103	min = 98
[20191119_103515 / lib_ip.py:4052] len(Hs) = 8100, len(Ss) = 8100, len(Vs) = 8100
[20191119_103515 / lib_ip.py:4124] green : average --> out of range (average = 100.440 / upper = 85.000 / lower = 58.000)
[20191119_103515 / lib_ip.py:3753] file = img.20191119_103510.2019-11-19_09-15-24_000.jpg.3.png / val_Average = 100.4401	val_Variance = 0.6817	sd = 0.8257	max = 103	min = 98
[20191119_103515 / lib_ip.py:4169] len(Hs) = 8100, len(Ss) = 8100, len(Vs) = 8100
[20191119_103516 / lib_ip.py:4230] blue : average --> out of range (average = 100.440 / upper = 17.000 / lower = 8.850)
[20191119_103516 / lib_ip.py:3753] file = img.20191119_103510.2019-11-19_09-15-24_000.jpg.3.png / val_Average = 100.4401	val_Variance = 0.6817	sd = 0.8257	max = 103	min = 98
[20191119_103516 / lib_ip.py:4275] len(Hs) = 8100, len(Ss) = 8100, len(Vs) = 8100
[20191119_103516 / lib_ip.py:4336] pink : average --> out of range (average = 100.440 / upper = 141.000 / lower = 127.900)
[20191119_103516 / lib_ip.py:3753] file = img.20191119_103510.2019-11-19_09-15-24_000.jpg.3.png / val_Average = 100.4401	val_Variance = 0.6817	sd = 0.8257	max = 103	min = 98
[20191119_103516 / lib_ip.py:4378] len(Hs) = 8100, len(Ss) = 8100, len(Vs) = 8100
[20191119_103516 / lib_ip.py:4422] black : variance --> out of range (variance = 0.682 / upper = 0.000 / lower = 0.000)
[20191119_103516 / lib_ip.py:4593] file : img.20191119_103510.2019-11-19_09-15-24_000.jpg.3.png 2 (black : variance --> out of range (variance = 0.682 / upper = 0.000 / lower = 0.000))
[20191119_103516 / lib_ip.py:2274] inspecting ===> img.20191119_103510.2019-11-19_09-15-24_000.jpg.4.png
[20191119_103516 / lib_ip.py:4505] 
img.20191119_103510.2019-11-19_09-15-24_000.jpg.4.png 3 ---------------------
[20191119_103517 / lib_ip.py:3753] file = img.20191119_103510.2019-11-19_09-15-24_000.jpg.4.png / val_Average = 101.3136	val_Variance = 0.4839	sd = 0.6956	max = 104	min = 99
[20191119_103517 / lib_ip.py:3836] len(Hs) = 8100, len(Ss) = 8100, len(Vs) = 8100
[20191119_103517 / lib_ip.py:3891] yellow : average --> out of range (average = 101.314 / upper = 99.200 / lower = 85.500)
[20191119_103517 / lib_ip.py:3753] file = img.20191119_103510.2019-11-19_09-15-24_000.jpg.4.png / val_Average = 101.3136	val_Variance = 0.4839	sd = 0.6956	max = 104	min = 99
[20191119_103517 / lib_ip.py:3936] len(Hs) = 8100, len(Ss) = 8100, len(Vs) = 8100
[20191119_103517 / lib_ip.py:3982] red : variance --> out of range (variance = 0.484 / upper = 0.430 / lower = 0.000)
[20191119_103517 / lib_ip.py:3753] file = img.20191119_103510.2019-11-19_09-15-24_000.jpg.4.png / val_Average = 101.3136	val_Variance = 0.4839	sd = 0.6956	max = 104	min = 99
[20191119_103517 / lib_ip.py:4052] len(Hs) = 8100, len(Ss) = 8100, len(Vs) = 8100
[20191119_103517 / lib_ip.py:4124] green : average --> out of range (average = 101.314 / upper = 85.000 / lower = 58.000)
[20191119_103518 / lib_ip.py:3753] file = img.20191119_103510.2019-11-19_09-15-24_000.jpg.4.png / val_Average = 101.3136	val_Variance = 0.4839	sd = 0.6956	max = 104	min = 99
[20191119_103518 / lib_ip.py:4169] len(Hs) = 8100, len(Ss) = 8100, len(Vs) = 8100
[20191119_103518 / lib_ip.py:4230] blue : average --> out of range (average = 101.314 / upper = 17.000 / lower = 8.850)
[20191119_103518 / lib_ip.py:3753] file = img.20191119_103510.2019-11-19_09-15-24_000.jpg.4.png / val_Average = 101.3136	val_Variance = 0.4839	sd = 0.6956	max = 104	min = 99
[20191119_103518 / lib_ip.py:4275] len(Hs) = 8100, len(Ss) = 8100, len(Vs) = 8100
[20191119_103518 / lib_ip.py:4336] pink : average --> out of range (average = 101.314 / upper = 141.000 / lower = 127.900)
[20191119_103518 / lib_ip.py:3753] file = img.20191119_103510.2019-11-19_09-15-24_000.jpg.4.png / val_Average = 101.3136	val_Variance = 0.4839	sd = 0.6956	max = 104	min = 99
[20191119_103518 / lib_ip.py:4378] len(Hs) = 8100, len(Ss) = 8100, len(Vs) = 8100
[20191119_103518 / lib_ip.py:4422] black : variance --> out of range (variance = 0.484 / upper = 0.000 / lower = 0.000)
[20191119_103518 / lib_ip.py:4593] file : img.20191119_103510.2019-11-19_09-15-24_000.jpg.4.png 3 (black : variance --> out of range (variance = 0.484 / upper = 0.000 / lower = 0.000))
[20191119_103516 / lib_ip.py:2274] inspecting ===> img.20191119_103510.2019-11-19_09-15-24_000.jpg.4.png
img.20191119_103510.2019-11-19_09-15-24_000.jpg.1.png => other
img.20191119_103510.2019-11-19_09-15-24_000.jpg.2.png => other
img.20191119_103510.2019-11-19_09-15-24_000.jpg.3.png => other
img.20191119_103510.2019-11-19_09-15-24_000.jpg.4.png => other
[20191119_103518 lib_ip.py:3301] =============== Get 4 corners
dpath_Images = C:\WORKS_2\WS\WS_Others.Art\JVEMV6\46_art\VIRTUAL\Admin_Projects\ip\images
fname_Image = img.20191119_103510.2019-11-19_09-15-24_000.jpg.4.png

[20191119_103519 / views.py:1411] gen csv => complete (20191119_103519)(elapsed = 56.249 sec / 8 files / 7.031 sec per file)
1)	2019-11-18_10-29-16_000.jpg => 	other other green green 
2)	2019-11-18_13-03-17_000.jpg => 	other yellow other other 
3)	2019-11-18_16-03-37_000.jpg => 	other blue other other 
4)	2019-11-18_18-37-20_000.jpg => 	other other other red 
5)	2019-11-18_20-36-53_000.jpg => 	other other yellow other 
6)	2019-11-18_23-54-45_000.jpg => 	green other red other 
7)	2019-11-19_04-41-10_000.jpg => 	other other other other 
8)	2019-11-19_09-15-24_000.jpg => 	other other other other 
[20191119_103519 / views.py:1753] lo_ColorName_Set__Modified_2 =>
1)	2019-11-18_10-29-16_000.jpg => 	g g o o 
2)	2019-11-18_13-03-17_000.jpg => 	o o o y 
3)	2019-11-18_16-03-37_000.jpg => 	b o o o 
4)	2019-11-18_18-37-20_000.jpg => 	o o o r 
5)	2019-11-18_20-36-53_000.jpg => 	o o o y 
6)	2019-11-18_23-54-45_000.jpg => 	g o o r 
7)	2019-11-19_04-41-10_000.jpg => 	o o o o 
8)	2019-11-19_09-15-24_000.jpg => 	o o o o 
[20191119_103520 / views.py:1839] gen_Cake_CSV(request) ==> ending... =======================//

