[20191113_093342 / views.py:1822] gen_Cake_CSV(request) ==> starting... =======================
[20191113_093344 / lib_ip.py:2274] inspecting ===> img.20191113_093344.2019-11-12_09-44-14_000.jpg.1.png
[20191113_093344 / lib_ip.py:4505] 
img.20191113_093344.2019-11-12_09-44-14_000.jpg.1.png 0 ---------------------
[20191113_093344 / lib_ip.py:3753] file = img.20191113_093344.2019-11-12_09-44-14_000.jpg.1.png / val_Average = 77.3402	val_Variance = 0.2383	sd = 0.4882	max = 79	min = 76
[20191113_093344 / lib_ip.py:3836] len(Hs) = 8100, len(Ss) = 8100, len(Vs) = 8100
[20191113_093344 / lib_ip.py:3891] yellow : average --> out of range (average = 77.340 / upper = 99.200 / lower = 85.500)
[20191113_093344 / lib_ip.py:3753] file = img.20191113_093344.2019-11-12_09-44-14_000.jpg.1.png / val_Average = 77.3402	val_Variance = 0.2383	sd = 0.4882	max = 79	min = 76
[20191113_093344 / lib_ip.py:3936] len(Hs) = 8100, len(Ss) = 8100, len(Vs) = 8100
[20191113_093344 / lib_ip.py:4007] red : average --> out of range (average = 77.340 / upper = 124.600 / lower = 115.000)
[20191113_093345 / lib_ip.py:3753] file = img.20191113_093344.2019-11-12_09-44-14_000.jpg.1.png / val_Average = 77.3402	val_Variance = 0.2383	sd = 0.4882	max = 79	min = 76
[20191113_093345 / lib_ip.py:4052] len(Hs) = 8100, len(Ss) = 8100, len(Vs) = 8100
[20191113_093345 / lib_ip.py:2274] inspecting ===> img.20191113_093344.2019-11-12_09-44-14_000.jpg.2.png
[20191113_093345 / lib_ip.py:4505] 
img.20191113_093344.2019-11-12_09-44-14_000.jpg.2.png 1 ---------------------
[20191113_093345 / lib_ip.py:3753] file = img.20191113_093344.2019-11-12_09-44-14_000.jpg.2.png / val_Average = 76.7938	val_Variance = 0.1637	sd = 0.4046	max = 77	min = 76
[20191113_093345 / lib_ip.py:3836] len(Hs) = 8100, len(Ss) = 8100, len(Vs) = 8100
[20191113_093345 / lib_ip.py:3891] yellow : average --> out of range (average = 76.794 / upper = 99.200 / lower = 85.500)
[20191113_093346 / lib_ip.py:3753] file = img.20191113_093344.2019-11-12_09-44-14_000.jpg.2.png / val_Average = 76.7938	val_Variance = 0.1637	sd = 0.4046	max = 77	min = 76
[20191113_093346 / lib_ip.py:3936] len(Hs) = 8100, len(Ss) = 8100, len(Vs) = 8100
[20191113_093346 / lib_ip.py:4007] red : average --> out of range (average = 76.794 / upper = 124.600 / lower = 115.000)
[20191113_093346 / lib_ip.py:3753] file = img.20191113_093344.2019-11-12_09-44-14_000.jpg.2.png / val_Average = 76.7938	val_Variance = 0.1637	sd = 0.4046	max = 77	min = 76
[20191113_093346 / lib_ip.py:4052] len(Hs) = 8100, len(Ss) = 8100, len(Vs) = 8100
[20191113_093346 / lib_ip.py:2274] inspecting ===> img.20191113_093344.2019-11-12_09-44-14_000.jpg.3.png
[20191113_093346 / lib_ip.py:4505] 
img.20191113_093344.2019-11-12_09-44-14_000.jpg.3.png 2 ---------------------
[20191113_093346 / lib_ip.py:3753] file = img.20191113_093344.2019-11-12_09-44-14_000.jpg.3.png / val_Average = 84.4278	val_Variance = 94.8280	sd = 9.7380	max = 135	min = 0
[20191113_093346 / lib_ip.py:3836] len(Hs) = 8100, len(Ss) = 8100, len(Vs) = 8100
[20191113_093346 / lib_ip.py:3869] yellow : variance --> out of range (variance = 94.828 / upper = 0.650 / lower = 0.000)
[20191113_093346 / lib_ip.py:3753] file = img.20191113_093344.2019-11-12_09-44-14_000.jpg.3.png / val_Average = 84.4278	val_Variance = 94.8280	sd = 9.7380	max = 135	min = 0
[20191113_093346 / lib_ip.py:3936] len(Hs) = 8100, len(Ss) = 8100, len(Vs) = 8100
[20191113_093347 / lib_ip.py:3982] red : variance --> out of range (variance = 94.828 / upper = 0.430 / lower = 0.000)
[20191113_093347 / lib_ip.py:3753] file = img.20191113_093344.2019-11-12_09-44-14_000.jpg.3.png / val_Average = 84.4278	val_Variance = 94.8280	sd = 9.7380	max = 135	min = 0
[20191113_093347 / lib_ip.py:4052] len(Hs) = 8100, len(Ss) = 8100, len(Vs) = 8100
[20191113_093347 / lib_ip.py:4099] green : variance --> out of range (variance = 94.828 / upper = 0.760 / lower = 0.000)
[20191113_093347 / lib_ip.py:3753] file = img.20191113_093344.2019-11-12_09-44-14_000.jpg.3.png / val_Average = 84.4278	val_Variance = 94.8280	sd = 9.7380	max = 135	min = 0
[20191113_093347 / lib_ip.py:4169] len(Hs) = 8100, len(Ss) = 8100, len(Vs) = 8100
[20191113_093347 / lib_ip.py:4208] blue : variance --> out of range (variance = 94.828 / upper = 0.930 / lower = 0.010)
[20191113_093347 / lib_ip.py:3753] file = img.20191113_093344.2019-11-12_09-44-14_000.jpg.3.png / val_Average = 84.4278	val_Variance = 94.8280	sd = 9.7380	max = 135	min = 0
[20191113_093347 / lib_ip.py:4275] len(Hs) = 8100, len(Ss) = 8100, len(Vs) = 8100
[20191113_093347 / lib_ip.py:4314] pink : variance --> out of range (variance = 94.828 / upper = 0.750 / lower = 0.030)
[20191113_093348 / lib_ip.py:3753] file = img.20191113_093344.2019-11-12_09-44-14_000.jpg.3.png / val_Average = 84.4278	val_Variance = 94.8280	sd = 9.7380	max = 135	min = 0
[20191113_093348 / lib_ip.py:4378] len(Hs) = 8100, len(Ss) = 8100, len(Vs) = 8100
[20191113_093348 / lib_ip.py:4422] black : variance --> out of range (variance = 94.828 / upper = 0.000 / lower = 0.000)
[20191113_093348 / lib_ip.py:4593] file : img.20191113_093344.2019-11-12_09-44-14_000.jpg.3.png 2 (black : variance --> out of range (variance = 94.828 / upper = 0.000 / lower = 0.000))
[20191113_093348 / lib_ip.py:2274] inspecting ===> img.20191113_093344.2019-11-12_09-44-14_000.jpg.4.png
[20191113_093348 / lib_ip.py:4505] 
img.20191113_093344.2019-11-12_09-44-14_000.jpg.4.png 3 ---------------------
[20191113_093348 / lib_ip.py:3753] file = img.20191113_093344.2019-11-12_09-44-14_000.jpg.4.png / val_Average = 110.3675	val_Variance = 3.8243	sd = 1.9556	max = 117	min = 105
[20191113_093348 / lib_ip.py:3836] len(Hs) = 8100, len(Ss) = 8100, len(Vs) = 8100
[20191113_093348 / lib_ip.py:3869] yellow : variance --> out of range (variance = 3.824 / upper = 0.650 / lower = 0.000)
[20191113_093349 / lib_ip.py:3753] file = img.20191113_093344.2019-11-12_09-44-14_000.jpg.4.png / val_Average = 110.3675	val_Variance = 3.8243	sd = 1.9556	max = 117	min = 105
[20191113_093349 / lib_ip.py:3936] len(Hs) = 8100, len(Ss) = 8100, len(Vs) = 8100
[20191113_093349 / lib_ip.py:3982] red : variance --> out of range (variance = 3.824 / upper = 0.430 / lower = 0.000)
[20191113_093349 / lib_ip.py:3753] file = img.20191113_093344.2019-11-12_09-44-14_000.jpg.4.png / val_Average = 110.3675	val_Variance = 3.8243	sd = 1.9556	max = 117	min = 105
[20191113_093349 / lib_ip.py:4052] len(Hs) = 8100, len(Ss) = 8100, len(Vs) = 8100
[20191113_093349 / lib_ip.py:4099] green : variance --> out of range (variance = 3.824 / upper = 0.760 / lower = 0.000)
[20191113_093349 / lib_ip.py:3753] file = img.20191113_093344.2019-11-12_09-44-14_000.jpg.4.png / val_Average = 110.3675	val_Variance = 3.8243	sd = 1.9556	max = 117	min = 105
[20191113_093349 / lib_ip.py:4169] len(Hs) = 8100, len(Ss) = 8100, len(Vs) = 8100
[20191113_093349 / lib_ip.py:4208] blue : variance --> out of range (variance = 3.824 / upper = 0.930 / lower = 0.010)
[20191113_093349 / lib_ip.py:3753] file = img.20191113_093344.2019-11-12_09-44-14_000.jpg.4.png / val_Average = 110.3675	val_Variance = 3.8243	sd = 1.9556	max = 117	min = 105
[20191113_093349 / lib_ip.py:4275] len(Hs) = 8100, len(Ss) = 8100, len(Vs) = 8100
[20191113_093349 / lib_ip.py:4314] pink : variance --> out of range (variance = 3.824 / upper = 0.750 / lower = 0.030)
[20191113_093349 / lib_ip.py:3753] file = img.20191113_093344.2019-11-12_09-44-14_000.jpg.4.png / val_Average = 110.3675	val_Variance = 3.8243	sd = 1.9556	max = 117	min = 105
[20191113_093349 / lib_ip.py:4378] len(Hs) = 8100, len(Ss) = 8100, len(Vs) = 8100
[20191113_093349 / lib_ip.py:4422] black : variance --> out of range (variance = 3.824 / upper = 0.000 / lower = 0.000)
[20191113_093349 / lib_ip.py:4593] file : img.20191113_093344.2019-11-12_09-44-14_000.jpg.4.png 3 (black : variance --> out of range (variance = 3.824 / upper = 0.000 / lower = 0.000))
[20191113_093348 / lib_ip.py:2274] inspecting ===> img.20191113_093344.2019-11-12_09-44-14_000.jpg.4.png
img.20191113_093344.2019-11-12_09-44-14_000.jpg.1.png => other
img.20191113_093344.2019-11-12_09-44-14_000.jpg.2.png => other
img.20191113_093344.2019-11-12_09-44-14_000.jpg.3.png => other
img.20191113_093344.2019-11-12_09-44-14_000.jpg.4.png => other
[20191113_093349 lib_ip.py:3301] =============== Get 4 corners
dpath_Images = C:\WORKS_2\WS\WS_Others.Art\JVEMV6\46_art\VIRTUAL\Admin_Projects\ip\images
fname_Image = img.20191113_093344.2019-11-12_09-44-14_000.jpg.4.png

[20191113_093350 / lib_ip.py:2274] inspecting ===> img.20191113_093350.2019-11-12_10-45-00_000.jpg.1.png
[20191113_093351 / lib_ip.py:4505] 
img.20191113_093350.2019-11-12_10-45-00_000.jpg.1.png 0 ---------------------
[20191113_093351 / lib_ip.py:3753] file = img.20191113_093350.2019-11-12_10-45-00_000.jpg.1.png / val_Average = 103.4864	val_Variance = 1.6609	sd = 1.2888	max = 107	min = 98
[20191113_093351 / lib_ip.py:3836] len(Hs) = 8100, len(Ss) = 8100, len(Vs) = 8100
[20191113_093351 / lib_ip.py:3869] yellow : variance --> out of range (variance = 1.661 / upper = 0.650 / lower = 0.000)
[20191113_093351 / lib_ip.py:3753] file = img.20191113_093350.2019-11-12_10-45-00_000.jpg.1.png / val_Average = 103.4864	val_Variance = 1.6609	sd = 1.2888	max = 107	min = 98
[20191113_093351 / lib_ip.py:3936] len(Hs) = 8100, len(Ss) = 8100, len(Vs) = 8100
[20191113_093351 / lib_ip.py:3982] red : variance --> out of range (variance = 1.661 / upper = 0.430 / lower = 0.000)
[20191113_093351 / lib_ip.py:3753] file = img.20191113_093350.2019-11-12_10-45-00_000.jpg.1.png / val_Average = 103.4864	val_Variance = 1.6609	sd = 1.2888	max = 107	min = 98
[20191113_093351 / lib_ip.py:4052] len(Hs) = 8100, len(Ss) = 8100, len(Vs) = 8100
[20191113_093351 / lib_ip.py:4099] green : variance --> out of range (variance = 1.661 / upper = 0.760 / lower = 0.000)
[20191113_093351 / lib_ip.py:3753] file = img.20191113_093350.2019-11-12_10-45-00_000.jpg.1.png / val_Average = 103.4864	val_Variance = 1.6609	sd = 1.2888	max = 107	min = 98
[20191113_093351 / lib_ip.py:4169] len(Hs) = 8100, len(Ss) = 8100, len(Vs) = 8100
[20191113_093352 / lib_ip.py:4208] blue : variance --> out of range (variance = 1.661 / upper = 0.930 / lower = 0.010)
[20191113_093352 / lib_ip.py:3753] file = img.20191113_093350.2019-11-12_10-45-00_000.jpg.1.png / val_Average = 103.4864	val_Variance = 1.6609	sd = 1.2888	max = 107	min = 98
[20191113_093352 / lib_ip.py:4275] len(Hs) = 8100, len(Ss) = 8100, len(Vs) = 8100
[20191113_093352 / lib_ip.py:4314] pink : variance --> out of range (variance = 1.661 / upper = 0.750 / lower = 0.030)
[20191113_093352 / lib_ip.py:3753] file = img.20191113_093350.2019-11-12_10-45-00_000.jpg.1.png / val_Average = 103.4864	val_Variance = 1.6609	sd = 1.2888	max = 107	min = 98
[20191113_093352 / lib_ip.py:4378] len(Hs) = 8100, len(Ss) = 8100, len(Vs) = 8100
[20191113_093352 / lib_ip.py:4422] black : variance --> out of range (variance = 1.661 / upper = 0.000 / lower = 0.000)
[20191113_093352 / lib_ip.py:4593] file : img.20191113_093350.2019-11-12_10-45-00_000.jpg.1.png 0 (black : variance --> out of range (variance = 1.661 / upper = 0.000 / lower = 0.000))
[20191113_093352 / lib_ip.py:2274] inspecting ===> img.20191113_093350.2019-11-12_10-45-00_000.jpg.2.png
[20191113_093352 / lib_ip.py:4505] 
img.20191113_093350.2019-11-12_10-45-00_000.jpg.2.png 1 ---------------------
[20191113_093352 / lib_ip.py:3753] file = img.20191113_093350.2019-11-12_10-45-00_000.jpg.2.png / val_Average = 96.5122	val_Variance = 4.9239	sd = 2.2190	max = 103	min = 88
[20191113_093352 / lib_ip.py:3836] len(Hs) = 8100, len(Ss) = 8100, len(Vs) = 8100
[20191113_093352 / lib_ip.py:3869] yellow : variance --> out of range (variance = 4.924 / upper = 0.650 / lower = 0.000)
[20191113_093352 / lib_ip.py:3753] file = img.20191113_093350.2019-11-12_10-45-00_000.jpg.2.png / val_Average = 96.5122	val_Variance = 4.9239	sd = 2.2190	max = 103	min = 88
[20191113_093352 / lib_ip.py:3936] len(Hs) = 8100, len(Ss) = 8100, len(Vs) = 8100
[20191113_093352 / lib_ip.py:3982] red : variance --> out of range (variance = 4.924 / upper = 0.430 / lower = 0.000)
[20191113_093353 / lib_ip.py:3753] file = img.20191113_093350.2019-11-12_10-45-00_000.jpg.2.png / val_Average = 96.5122	val_Variance = 4.9239	sd = 2.2190	max = 103	min = 88
[20191113_093353 / lib_ip.py:4052] len(Hs) = 8100, len(Ss) = 8100, len(Vs) = 8100
[20191113_093353 / lib_ip.py:4099] green : variance --> out of range (variance = 4.924 / upper = 0.760 / lower = 0.000)
[20191113_093353 / lib_ip.py:3753] file = img.20191113_093350.2019-11-12_10-45-00_000.jpg.2.png / val_Average = 96.5122	val_Variance = 4.9239	sd = 2.2190	max = 103	min = 88
[20191113_093353 / lib_ip.py:4169] len(Hs) = 8100, len(Ss) = 8100, len(Vs) = 8100
[20191113_093353 / lib_ip.py:4208] blue : variance --> out of range (variance = 4.924 / upper = 0.930 / lower = 0.010)
[20191113_093353 / lib_ip.py:3753] file = img.20191113_093350.2019-11-12_10-45-00_000.jpg.2.png / val_Average = 96.5122	val_Variance = 4.9239	sd = 2.2190	max = 103	min = 88
[20191113_093353 / lib_ip.py:4275] len(Hs) = 8100, len(Ss) = 8100, len(Vs) = 8100
[20191113_093353 / lib_ip.py:4314] pink : variance --> out of range (variance = 4.924 / upper = 0.750 / lower = 0.030)
[20191113_093353 / lib_ip.py:3753] file = img.20191113_093350.2019-11-12_10-45-00_000.jpg.2.png / val_Average = 96.5122	val_Variance = 4.9239	sd = 2.2190	max = 103	min = 88
[20191113_093353 / lib_ip.py:4378] len(Hs) = 8100, len(Ss) = 8100, len(Vs) = 8100
[20191113_093353 / lib_ip.py:4422] black : variance --> out of range (variance = 4.924 / upper = 0.000 / lower = 0.000)
[20191113_093353 / lib_ip.py:4593] file : img.20191113_093350.2019-11-12_10-45-00_000.jpg.2.png 1 (black : variance --> out of range (variance = 4.924 / upper = 0.000 / lower = 0.000))
[20191113_093353 / lib_ip.py:2274] inspecting ===> img.20191113_093350.2019-11-12_10-45-00_000.jpg.3.png
[20191113_093354 / lib_ip.py:4505] 
img.20191113_093350.2019-11-12_10-45-00_000.jpg.3.png 2 ---------------------
[20191113_093354 / lib_ip.py:3753] file = img.20191113_093350.2019-11-12_10-45-00_000.jpg.3.png / val_Average = 100.0630	val_Variance = 7.8126	sd = 2.7951	max = 108	min = 83
[20191113_093354 / lib_ip.py:3836] len(Hs) = 8100, len(Ss) = 8100, len(Vs) = 8100
[20191113_093354 / lib_ip.py:3869] yellow : variance --> out of range (variance = 7.813 / upper = 0.650 / lower = 0.000)
[20191113_093354 / lib_ip.py:3753] file = img.20191113_093350.2019-11-12_10-45-00_000.jpg.3.png / val_Average = 100.0630	val_Variance = 7.8126	sd = 2.7951	max = 108	min = 83
[20191113_093354 / lib_ip.py:3936] len(Hs) = 8100, len(Ss) = 8100, len(Vs) = 8100
[20191113_093354 / lib_ip.py:3982] red : variance --> out of range (variance = 7.813 / upper = 0.430 / lower = 0.000)
[20191113_093354 / lib_ip.py:3753] file = img.20191113_093350.2019-11-12_10-45-00_000.jpg.3.png / val_Average = 100.0630	val_Variance = 7.8126	sd = 2.7951	max = 108	min = 83
[20191113_093354 / lib_ip.py:4052] len(Hs) = 8100, len(Ss) = 8100, len(Vs) = 8100
[20191113_093354 / lib_ip.py:4099] green : variance --> out of range (variance = 7.813 / upper = 0.760 / lower = 0.000)
[20191113_093354 / lib_ip.py:3753] file = img.20191113_093350.2019-11-12_10-45-00_000.jpg.3.png / val_Average = 100.0630	val_Variance = 7.8126	sd = 2.7951	max = 108	min = 83
[20191113_093354 / lib_ip.py:4169] len(Hs) = 8100, len(Ss) = 8100, len(Vs) = 8100
[20191113_093355 / lib_ip.py:4208] blue : variance --> out of range (variance = 7.813 / upper = 0.930 / lower = 0.010)
[20191113_093355 / lib_ip.py:3753] file = img.20191113_093350.2019-11-12_10-45-00_000.jpg.3.png / val_Average = 100.0630	val_Variance = 7.8126	sd = 2.7951	max = 108	min = 83
[20191113_093355 / lib_ip.py:4275] len(Hs) = 8100, len(Ss) = 8100, len(Vs) = 8100
[20191113_093355 / lib_ip.py:4314] pink : variance --> out of range (variance = 7.813 / upper = 0.750 / lower = 0.030)
[20191113_093355 / lib_ip.py:3753] file = img.20191113_093350.2019-11-12_10-45-00_000.jpg.3.png / val_Average = 100.0630	val_Variance = 7.8126	sd = 2.7951	max = 108	min = 83
[20191113_093355 / lib_ip.py:4378] len(Hs) = 8100, len(Ss) = 8100, len(Vs) = 8100
[20191113_093355 / lib_ip.py:4422] black : variance --> out of range (variance = 7.813 / upper = 0.000 / lower = 0.000)
[20191113_093355 / lib_ip.py:4593] file : img.20191113_093350.2019-11-12_10-45-00_000.jpg.3.png 2 (black : variance --> out of range (variance = 7.813 / upper = 0.000 / lower = 0.000))
[20191113_093355 / lib_ip.py:2274] inspecting ===> img.20191113_093350.2019-11-12_10-45-00_000.jpg.4.png
[20191113_093355 / lib_ip.py:4505] 
img.20191113_093350.2019-11-12_10-45-00_000.jpg.4.png 3 ---------------------
[20191113_093355 / lib_ip.py:3753] file = img.20191113_093350.2019-11-12_10-45-00_000.jpg.4.png / val_Average = 102.0035	val_Variance = 3.0553	sd = 1.7479	max = 107	min = 88
[20191113_093355 / lib_ip.py:3836] len(Hs) = 8100, len(Ss) = 8100, len(Vs) = 8100
[20191113_093356 / lib_ip.py:3869] yellow : variance --> out of range (variance = 3.055 / upper = 0.650 / lower = 0.000)
[20191113_093356 / lib_ip.py:3753] file = img.20191113_093350.2019-11-12_10-45-00_000.jpg.4.png / val_Average = 102.0035	val_Variance = 3.0553	sd = 1.7479	max = 107	min = 88
[20191113_093356 / lib_ip.py:3936] len(Hs) = 8100, len(Ss) = 8100, len(Vs) = 8100
[20191113_093356 / lib_ip.py:3982] red : variance --> out of range (variance = 3.055 / upper = 0.430 / lower = 0.000)
[20191113_093356 / lib_ip.py:3753] file = img.20191113_093350.2019-11-12_10-45-00_000.jpg.4.png / val_Average = 102.0035	val_Variance = 3.0553	sd = 1.7479	max = 107	min = 88
[20191113_093356 / lib_ip.py:4052] len(Hs) = 8100, len(Ss) = 8100, len(Vs) = 8100
[20191113_093356 / lib_ip.py:4099] green : variance --> out of range (variance = 3.055 / upper = 0.760 / lower = 0.000)
[20191113_093356 / lib_ip.py:3753] file = img.20191113_093350.2019-11-12_10-45-00_000.jpg.4.png / val_Average = 102.0035	val_Variance = 3.0553	sd = 1.7479	max = 107	min = 88
[20191113_093356 / lib_ip.py:4169] len(Hs) = 8100, len(Ss) = 8100, len(Vs) = 8100
[20191113_093356 / lib_ip.py:4208] blue : variance --> out of range (variance = 3.055 / upper = 0.930 / lower = 0.010)
[20191113_093356 / lib_ip.py:3753] file = img.20191113_093350.2019-11-12_10-45-00_000.jpg.4.png / val_Average = 102.0035	val_Variance = 3.0553	sd = 1.7479	max = 107	min = 88
[20191113_093356 / lib_ip.py:4275] len(Hs) = 8100, len(Ss) = 8100, len(Vs) = 8100
[20191113_093356 / lib_ip.py:4314] pink : variance --> out of range (variance = 3.055 / upper = 0.750 / lower = 0.030)
[20191113_093357 / lib_ip.py:3753] file = img.20191113_093350.2019-11-12_10-45-00_000.jpg.4.png / val_Average = 102.0035	val_Variance = 3.0553	sd = 1.7479	max = 107	min = 88
[20191113_093357 / lib_ip.py:4378] len(Hs) = 8100, len(Ss) = 8100, len(Vs) = 8100
[20191113_093357 / lib_ip.py:4422] black : variance --> out of range (variance = 3.055 / upper = 0.000 / lower = 0.000)
[20191113_093357 / lib_ip.py:4593] file : img.20191113_093350.2019-11-12_10-45-00_000.jpg.4.png 3 (black : variance --> out of range (variance = 3.055 / upper = 0.000 / lower = 0.000))
[20191113_093355 / lib_ip.py:2274] inspecting ===> img.20191113_093350.2019-11-12_10-45-00_000.jpg.4.png
img.20191113_093350.2019-11-12_10-45-00_000.jpg.1.png => other
img.20191113_093350.2019-11-12_10-45-00_000.jpg.2.png => other
img.20191113_093350.2019-11-12_10-45-00_000.jpg.3.png => other
img.20191113_093350.2019-11-12_10-45-00_000.jpg.4.png => other
[20191113_093357 lib_ip.py:3301] =============== Get 4 corners
dpath_Images = C:\WORKS_2\WS\WS_Others.Art\JVEMV6\46_art\VIRTUAL\Admin_Projects\ip\images
fname_Image = img.20191113_093350.2019-11-12_10-45-00_000.jpg.4.png

[20191113_093357 / lib_ip.py:2274] inspecting ===> img.20191113_093357.2019-11-12_11-45-09_000.jpg.1.png
[20191113_093358 / lib_ip.py:4505] 
img.20191113_093357.2019-11-12_11-45-09_000.jpg.1.png 0 ---------------------
[20191113_093358 / lib_ip.py:3753] file = img.20191113_093357.2019-11-12_11-45-09_000.jpg.1.png / val_Average = 73.0905	val_Variance = 158.5250	sd = 12.5907	max = 95	min = 10
[20191113_093358 / lib_ip.py:3836] len(Hs) = 8100, len(Ss) = 8100, len(Vs) = 8100
[20191113_093358 / lib_ip.py:3869] yellow : variance --> out of range (variance = 158.525 / upper = 0.650 / lower = 0.000)
[20191113_093358 / lib_ip.py:3753] file = img.20191113_093357.2019-11-12_11-45-09_000.jpg.1.png / val_Average = 73.0905	val_Variance = 158.5250	sd = 12.5907	max = 95	min = 10
[20191113_093358 / lib_ip.py:3936] len(Hs) = 8100, len(Ss) = 8100, len(Vs) = 8100
[20191113_093358 / lib_ip.py:3982] red : variance --> out of range (variance = 158.525 / upper = 0.430 / lower = 0.000)
[20191113_093358 / lib_ip.py:3753] file = img.20191113_093357.2019-11-12_11-45-09_000.jpg.1.png / val_Average = 73.0905	val_Variance = 158.5250	sd = 12.5907	max = 95	min = 10
[20191113_093358 / lib_ip.py:4052] len(Hs) = 8100, len(Ss) = 8100, len(Vs) = 8100
[20191113_093359 / lib_ip.py:4099] green : variance --> out of range (variance = 158.525 / upper = 0.760 / lower = 0.000)
[20191113_093359 / lib_ip.py:3753] file = img.20191113_093357.2019-11-12_11-45-09_000.jpg.1.png / val_Average = 73.0905	val_Variance = 158.5250	sd = 12.5907	max = 95	min = 10
[20191113_093359 / lib_ip.py:4169] len(Hs) = 8100, len(Ss) = 8100, len(Vs) = 8100
[20191113_093359 / lib_ip.py:4208] blue : variance --> out of range (variance = 158.525 / upper = 0.930 / lower = 0.010)
[20191113_093359 / lib_ip.py:3753] file = img.20191113_093357.2019-11-12_11-45-09_000.jpg.1.png / val_Average = 73.0905	val_Variance = 158.5250	sd = 12.5907	max = 95	min = 10
[20191113_093359 / lib_ip.py:4275] len(Hs) = 8100, len(Ss) = 8100, len(Vs) = 8100
[20191113_093359 / lib_ip.py:4314] pink : variance --> out of range (variance = 158.525 / upper = 0.750 / lower = 0.030)
[20191113_093359 / lib_ip.py:3753] file = img.20191113_093357.2019-11-12_11-45-09_000.jpg.1.png / val_Average = 73.0905	val_Variance = 158.5250	sd = 12.5907	max = 95	min = 10
[20191113_093359 / lib_ip.py:4378] len(Hs) = 8100, len(Ss) = 8100, len(Vs) = 8100
[20191113_093359 / lib_ip.py:4422] black : variance --> out of range (variance = 158.525 / upper = 0.000 / lower = 0.000)
[20191113_093359 / lib_ip.py:4593] file : img.20191113_093357.2019-11-12_11-45-09_000.jpg.1.png 0 (black : variance --> out of range (variance = 158.525 / upper = 0.000 / lower = 0.000))
[20191113_093359 / lib_ip.py:2274] inspecting ===> img.20191113_093357.2019-11-12_11-45-09_000.jpg.2.png
[20191113_093400 / lib_ip.py:4505] 
img.20191113_093357.2019-11-12_11-45-09_000.jpg.2.png 1 ---------------------
[20191113_093400 / lib_ip.py:3753] file = img.20191113_093357.2019-11-12_11-45-09_000.jpg.2.png / val_Average = 92.0012	val_Variance = 0.0244	sd = 0.1563	max = 93	min = 91
[20191113_093400 / lib_ip.py:3836] len(Hs) = 8100, len(Ss) = 8100, len(Vs) = 8100
[20191113_093400 / lib_ip.py:2274] inspecting ===> img.20191113_093357.2019-11-12_11-45-09_000.jpg.3.png
[20191113_093400 / lib_ip.py:4505] 
img.20191113_093357.2019-11-12_11-45-09_000.jpg.3.png 2 ---------------------
[20191113_093400 / lib_ip.py:3753] file = img.20191113_093357.2019-11-12_11-45-09_000.jpg.3.png / val_Average = 64.0299	val_Variance = 1588.4263	sd = 39.8551	max = 135	min = 0
[20191113_093400 / lib_ip.py:3836] len(Hs) = 8100, len(Ss) = 8100, len(Vs) = 8100
[20191113_093400 / lib_ip.py:3869] yellow : variance --> out of range (variance = 1588.426 / upper = 0.650 / lower = 0.000)
[20191113_093401 / lib_ip.py:3753] file = img.20191113_093357.2019-11-12_11-45-09_000.jpg.3.png / val_Average = 64.0299	val_Variance = 1588.4263	sd = 39.8551	max = 135	min = 0
[20191113_093401 / lib_ip.py:3936] len(Hs) = 8100, len(Ss) = 8100, len(Vs) = 8100
[20191113_093401 / lib_ip.py:3982] red : variance --> out of range (variance = 1588.426 / upper = 0.430 / lower = 0.000)
[20191113_093401 / lib_ip.py:3753] file = img.20191113_093357.2019-11-12_11-45-09_000.jpg.3.png / val_Average = 64.0299	val_Variance = 1588.4263	sd = 39.8551	max = 135	min = 0
[20191113_093401 / lib_ip.py:4052] len(Hs) = 8100, len(Ss) = 8100, len(Vs) = 8100
[20191113_093401 / lib_ip.py:4099] green : variance --> out of range (variance = 1588.426 / upper = 0.760 / lower = 0.000)
[20191113_093401 / lib_ip.py:3753] file = img.20191113_093357.2019-11-12_11-45-09_000.jpg.3.png / val_Average = 64.0299	val_Variance = 1588.4263	sd = 39.8551	max = 135	min = 0
[20191113_093401 / lib_ip.py:4169] len(Hs) = 8100, len(Ss) = 8100, len(Vs) = 8100
[20191113_093401 / lib_ip.py:4208] blue : variance --> out of range (variance = 1588.426 / upper = 0.930 / lower = 0.010)
[20191113_093401 / lib_ip.py:3753] file = img.20191113_093357.2019-11-12_11-45-09_000.jpg.3.png / val_Average = 64.0299	val_Variance = 1588.4263	sd = 39.8551	max = 135	min = 0
[20191113_093401 / lib_ip.py:4275] len(Hs) = 8100, len(Ss) = 8100, len(Vs) = 8100
[20191113_093401 / lib_ip.py:4314] pink : variance --> out of range (variance = 1588.426 / upper = 0.750 / lower = 0.030)
[20191113_093401 / lib_ip.py:3753] file = img.20191113_093357.2019-11-12_11-45-09_000.jpg.3.png / val_Average = 64.0299	val_Variance = 1588.4263	sd = 39.8551	max = 135	min = 0
[20191113_093401 / lib_ip.py:4378] len(Hs) = 8100, len(Ss) = 8100, len(Vs) = 8100
[20191113_093402 / lib_ip.py:4422] black : variance --> out of range (variance = 1588.426 / upper = 0.000 / lower = 0.000)
[20191113_093402 / lib_ip.py:4593] file : img.20191113_093357.2019-11-12_11-45-09_000.jpg.3.png 2 (black : variance --> out of range (variance = 1588.426 / upper = 0.000 / lower = 0.000))
[20191113_093402 / lib_ip.py:2274] inspecting ===> img.20191113_093357.2019-11-12_11-45-09_000.jpg.4.png
[20191113_093402 / lib_ip.py:4505] 
img.20191113_093357.2019-11-12_11-45-09_000.jpg.4.png 3 ---------------------
[20191113_093402 / lib_ip.py:3753] file = img.20191113_093357.2019-11-12_11-45-09_000.jpg.4.png / val_Average = 116.8146	val_Variance = 42.3940	sd = 6.5111	max = 167	min = 95
[20191113_093402 / lib_ip.py:3836] len(Hs) = 8100, len(Ss) = 8100, len(Vs) = 8100
[20191113_093402 / lib_ip.py:3869] yellow : variance --> out of range (variance = 42.394 / upper = 0.650 / lower = 0.000)
[20191113_093402 / lib_ip.py:3753] file = img.20191113_093357.2019-11-12_11-45-09_000.jpg.4.png / val_Average = 116.8146	val_Variance = 42.3940	sd = 6.5111	max = 167	min = 95
[20191113_093402 / lib_ip.py:3936] len(Hs) = 8100, len(Ss) = 8100, len(Vs) = 8100
[20191113_093402 / lib_ip.py:3982] red : variance --> out of range (variance = 42.394 / upper = 0.430 / lower = 0.000)
[20191113_093403 / lib_ip.py:3753] file = img.20191113_093357.2019-11-12_11-45-09_000.jpg.4.png / val_Average = 116.8146	val_Variance = 42.3940	sd = 6.5111	max = 167	min = 95
[20191113_093403 / lib_ip.py:4052] len(Hs) = 8100, len(Ss) = 8100, len(Vs) = 8100
[20191113_093403 / lib_ip.py:4099] green : variance --> out of range (variance = 42.394 / upper = 0.760 / lower = 0.000)
[20191113_093403 / lib_ip.py:3753] file = img.20191113_093357.2019-11-12_11-45-09_000.jpg.4.png / val_Average = 116.8146	val_Variance = 42.3940	sd = 6.5111	max = 167	min = 95
[20191113_093403 / lib_ip.py:4169] len(Hs) = 8100, len(Ss) = 8100, len(Vs) = 8100
[20191113_093403 / lib_ip.py:4208] blue : variance --> out of range (variance = 42.394 / upper = 0.930 / lower = 0.010)
[20191113_093403 / lib_ip.py:3753] file = img.20191113_093357.2019-11-12_11-45-09_000.jpg.4.png / val_Average = 116.8146	val_Variance = 42.3940	sd = 6.5111	max = 167	min = 95
[20191113_093403 / lib_ip.py:4275] len(Hs) = 8100, len(Ss) = 8100, len(Vs) = 8100
[20191113_093403 / lib_ip.py:4314] pink : variance --> out of range (variance = 42.394 / upper = 0.750 / lower = 0.030)
[20191113_093403 / lib_ip.py:3753] file = img.20191113_093357.2019-11-12_11-45-09_000.jpg.4.png / val_Average = 116.8146	val_Variance = 42.3940	sd = 6.5111	max = 167	min = 95
[20191113_093403 / lib_ip.py:4378] len(Hs) = 8100, len(Ss) = 8100, len(Vs) = 8100
[20191113_093403 / lib_ip.py:4422] black : variance --> out of range (variance = 42.394 / upper = 0.000 / lower = 0.000)
[20191113_093403 / lib_ip.py:4593] file : img.20191113_093357.2019-11-12_11-45-09_000.jpg.4.png 3 (black : variance --> out of range (variance = 42.394 / upper = 0.000 / lower = 0.000))
[20191113_093402 / lib_ip.py:2274] inspecting ===> img.20191113_093357.2019-11-12_11-45-09_000.jpg.4.png
img.20191113_093357.2019-11-12_11-45-09_000.jpg.1.png => other
img.20191113_093357.2019-11-12_11-45-09_000.jpg.2.png => other
img.20191113_093357.2019-11-12_11-45-09_000.jpg.3.png => other
img.20191113_093357.2019-11-12_11-45-09_000.jpg.4.png => other
[20191113_093403 lib_ip.py:3301] =============== Get 4 corners
dpath_Images = C:\WORKS_2\WS\WS_Others.Art\JVEMV6\46_art\VIRTUAL\Admin_Projects\ip\images
fname_Image = img.20191113_093357.2019-11-12_11-45-09_000.jpg.4.png

[20191113_093404 / lib_ip.py:2274] inspecting ===> img.20191113_093404.2019-11-12_18-13-44_000.jpg.1.png
[20191113_093404 / lib_ip.py:4505] 
img.20191113_093404.2019-11-12_18-13-44_000.jpg.1.png 0 ---------------------
[20191113_093405 / lib_ip.py:3753] file = img.20191113_093404.2019-11-12_18-13-44_000.jpg.1.png / val_Average = 111.3183	val_Variance = 5.5414	sd = 2.3540	max = 118	min = 105
[20191113_093405 / lib_ip.py:3836] len(Hs) = 8100, len(Ss) = 8100, len(Vs) = 8100
[20191113_093405 / lib_ip.py:3869] yellow : variance --> out of range (variance = 5.541 / upper = 0.650 / lower = 0.000)
[20191113_093405 / lib_ip.py:3753] file = img.20191113_093404.2019-11-12_18-13-44_000.jpg.1.png / val_Average = 111.3183	val_Variance = 5.5414	sd = 2.3540	max = 118	min = 105
[20191113_093405 / lib_ip.py:3936] len(Hs) = 8100, len(Ss) = 8100, len(Vs) = 8100
[20191113_093405 / lib_ip.py:3982] red : variance --> out of range (variance = 5.541 / upper = 0.430 / lower = 0.000)
[20191113_093405 / lib_ip.py:3753] file = img.20191113_093404.2019-11-12_18-13-44_000.jpg.1.png / val_Average = 111.3183	val_Variance = 5.5414	sd = 2.3540	max = 118	min = 105
[20191113_093405 / lib_ip.py:4052] len(Hs) = 8100, len(Ss) = 8100, len(Vs) = 8100
[20191113_093405 / lib_ip.py:4099] green : variance --> out of range (variance = 5.541 / upper = 0.760 / lower = 0.000)
[20191113_093405 / lib_ip.py:3753] file = img.20191113_093404.2019-11-12_18-13-44_000.jpg.1.png / val_Average = 111.3183	val_Variance = 5.5414	sd = 2.3540	max = 118	min = 105
[20191113_093405 / lib_ip.py:4169] len(Hs) = 8100, len(Ss) = 8100, len(Vs) = 8100
[20191113_093405 / lib_ip.py:4208] blue : variance --> out of range (variance = 5.541 / upper = 0.930 / lower = 0.010)
[20191113_093406 / lib_ip.py:3753] file = img.20191113_093404.2019-11-12_18-13-44_000.jpg.1.png / val_Average = 111.3183	val_Variance = 5.5414	sd = 2.3540	max = 118	min = 105
[20191113_093406 / lib_ip.py:4275] len(Hs) = 8100, len(Ss) = 8100, len(Vs) = 8100
[20191113_093406 / lib_ip.py:4314] pink : variance --> out of range (variance = 5.541 / upper = 0.750 / lower = 0.030)
[20191113_093406 / lib_ip.py:3753] file = img.20191113_093404.2019-11-12_18-13-44_000.jpg.1.png / val_Average = 111.3183	val_Variance = 5.5414	sd = 2.3540	max = 118	min = 105
[20191113_093406 / lib_ip.py:4378] len(Hs) = 8100, len(Ss) = 8100, len(Vs) = 8100
[20191113_093406 / lib_ip.py:4422] black : variance --> out of range (variance = 5.541 / upper = 0.000 / lower = 0.000)
[20191113_093406 / lib_ip.py:4593] file : img.20191113_093404.2019-11-12_18-13-44_000.jpg.1.png 0 (black : variance --> out of range (variance = 5.541 / upper = 0.000 / lower = 0.000))
[20191113_093406 / lib_ip.py:2274] inspecting ===> img.20191113_093404.2019-11-12_18-13-44_000.jpg.2.png
[20191113_093406 / lib_ip.py:4505] 
img.20191113_093404.2019-11-12_18-13-44_000.jpg.2.png 1 ---------------------
[20191113_093406 / lib_ip.py:3753] file = img.20191113_093404.2019-11-12_18-13-44_000.jpg.2.png / val_Average = 110.4473	val_Variance = 10.7914	sd = 3.2850	max = 120	min = 104
[20191113_093406 / lib_ip.py:3836] len(Hs) = 8100, len(Ss) = 8100, len(Vs) = 8100
[20191113_093407 / lib_ip.py:3869] yellow : variance --> out of range (variance = 10.791 / upper = 0.650 / lower = 0.000)
[20191113_093407 / lib_ip.py:3753] file = img.20191113_093404.2019-11-12_18-13-44_000.jpg.2.png / val_Average = 110.4473	val_Variance = 10.7914	sd = 3.2850	max = 120	min = 104
[20191113_093407 / lib_ip.py:3936] len(Hs) = 8100, len(Ss) = 8100, len(Vs) = 8100
[20191113_093407 / lib_ip.py:3982] red : variance --> out of range (variance = 10.791 / upper = 0.430 / lower = 0.000)
[20191113_093407 / lib_ip.py:3753] file = img.20191113_093404.2019-11-12_18-13-44_000.jpg.2.png / val_Average = 110.4473	val_Variance = 10.7914	sd = 3.2850	max = 120	min = 104
[20191113_093407 / lib_ip.py:4052] len(Hs) = 8100, len(Ss) = 8100, len(Vs) = 8100
[20191113_093407 / lib_ip.py:4099] green : variance --> out of range (variance = 10.791 / upper = 0.760 / lower = 0.000)
[20191113_093407 / lib_ip.py:3753] file = img.20191113_093404.2019-11-12_18-13-44_000.jpg.2.png / val_Average = 110.4473	val_Variance = 10.7914	sd = 3.2850	max = 120	min = 104
[20191113_093407 / lib_ip.py:4169] len(Hs) = 8100, len(Ss) = 8100, len(Vs) = 8100
[20191113_093407 / lib_ip.py:4208] blue : variance --> out of range (variance = 10.791 / upper = 0.930 / lower = 0.010)
[20191113_093407 / lib_ip.py:3753] file = img.20191113_093404.2019-11-12_18-13-44_000.jpg.2.png / val_Average = 110.4473	val_Variance = 10.7914	sd = 3.2850	max = 120	min = 104
[20191113_093407 / lib_ip.py:4275] len(Hs) = 8100, len(Ss) = 8100, len(Vs) = 8100
[20191113_093407 / lib_ip.py:4314] pink : variance --> out of range (variance = 10.791 / upper = 0.750 / lower = 0.030)
[20191113_093407 / lib_ip.py:3753] file = img.20191113_093404.2019-11-12_18-13-44_000.jpg.2.png / val_Average = 110.4473	val_Variance = 10.7914	sd = 3.2850	max = 120	min = 104
[20191113_093407 / lib_ip.py:4378] len(Hs) = 8100, len(Ss) = 8100, len(Vs) = 8100
[20191113_093408 / lib_ip.py:4422] black : variance --> out of range (variance = 10.791 / upper = 0.000 / lower = 0.000)
[20191113_093408 / lib_ip.py:4593] file : img.20191113_093404.2019-11-12_18-13-44_000.jpg.2.png 1 (black : variance --> out of range (variance = 10.791 / upper = 0.000 / lower = 0.000))
[20191113_093408 / lib_ip.py:2274] inspecting ===> img.20191113_093404.2019-11-12_18-13-44_000.jpg.3.png
[20191113_093408 / lib_ip.py:4505] 
img.20191113_093404.2019-11-12_18-13-44_000.jpg.3.png 2 ---------------------
[20191113_093408 / lib_ip.py:3753] file = img.20191113_093404.2019-11-12_18-13-44_000.jpg.3.png / val_Average = 112.3391	val_Variance = 4.9451	sd = 2.2238	max = 120	min = 106
[20191113_093408 / lib_ip.py:3836] len(Hs) = 8100, len(Ss) = 8100, len(Vs) = 8100
[20191113_093408 / lib_ip.py:3869] yellow : variance --> out of range (variance = 4.945 / upper = 0.650 / lower = 0.000)
[20191113_093409 / lib_ip.py:3753] file = img.20191113_093404.2019-11-12_18-13-44_000.jpg.3.png / val_Average = 112.3391	val_Variance = 4.9451	sd = 2.2238	max = 120	min = 106
[20191113_093409 / lib_ip.py:3936] len(Hs) = 8100, len(Ss) = 8100, len(Vs) = 8100
[20191113_093409 / lib_ip.py:3982] red : variance --> out of range (variance = 4.945 / upper = 0.430 / lower = 0.000)
[20191113_093409 / lib_ip.py:3753] file = img.20191113_093404.2019-11-12_18-13-44_000.jpg.3.png / val_Average = 112.3391	val_Variance = 4.9451	sd = 2.2238	max = 120	min = 106
[20191113_093409 / lib_ip.py:4052] len(Hs) = 8100, len(Ss) = 8100, len(Vs) = 8100
[20191113_093409 / lib_ip.py:4099] green : variance --> out of range (variance = 4.945 / upper = 0.760 / lower = 0.000)
[20191113_093409 / lib_ip.py:3753] file = img.20191113_093404.2019-11-12_18-13-44_000.jpg.3.png / val_Average = 112.3391	val_Variance = 4.9451	sd = 2.2238	max = 120	min = 106
[20191113_093409 / lib_ip.py:4169] len(Hs) = 8100, len(Ss) = 8100, len(Vs) = 8100
[20191113_093409 / lib_ip.py:4208] blue : variance --> out of range (variance = 4.945 / upper = 0.930 / lower = 0.010)
[20191113_093409 / lib_ip.py:3753] file = img.20191113_093404.2019-11-12_18-13-44_000.jpg.3.png / val_Average = 112.3391	val_Variance = 4.9451	sd = 2.2238	max = 120	min = 106
[20191113_093409 / lib_ip.py:4275] len(Hs) = 8100, len(Ss) = 8100, len(Vs) = 8100
[20191113_093409 / lib_ip.py:4314] pink : variance --> out of range (variance = 4.945 / upper = 0.750 / lower = 0.030)
[20191113_093409 / lib_ip.py:3753] file = img.20191113_093404.2019-11-12_18-13-44_000.jpg.3.png / val_Average = 112.3391	val_Variance = 4.9451	sd = 2.2238	max = 120	min = 106
[20191113_093409 / lib_ip.py:4378] len(Hs) = 8100, len(Ss) = 8100, len(Vs) = 8100
[20191113_093409 / lib_ip.py:4422] black : variance --> out of range (variance = 4.945 / upper = 0.000 / lower = 0.000)
[20191113_093409 / lib_ip.py:4593] file : img.20191113_093404.2019-11-12_18-13-44_000.jpg.3.png 2 (black : variance --> out of range (variance = 4.945 / upper = 0.000 / lower = 0.000))
[20191113_093409 / lib_ip.py:2274] inspecting ===> img.20191113_093404.2019-11-12_18-13-44_000.jpg.4.png
[20191113_093410 / lib_ip.py:4505] 
img.20191113_093404.2019-11-12_18-13-44_000.jpg.4.png 3 ---------------------
[20191113_093410 / lib_ip.py:3753] file = img.20191113_093404.2019-11-12_18-13-44_000.jpg.4.png / val_Average = 121.0231	val_Variance = 0.0808	sd = 0.2843	max = 122	min = 120
[20191113_093410 / lib_ip.py:3836] len(Hs) = 8100, len(Ss) = 8100, len(Vs) = 8100
[20191113_093410 / lib_ip.py:3891] yellow : average --> out of range (average = 121.023 / upper = 99.200 / lower = 85.500)
[20191113_093410 / lib_ip.py:3753] file = img.20191113_093404.2019-11-12_18-13-44_000.jpg.4.png / val_Average = 121.0231	val_Variance = 0.0808	sd = 0.2843	max = 122	min = 120
[20191113_093410 / lib_ip.py:3936] len(Hs) = 8100, len(Ss) = 8100, len(Vs) = 8100
[20191113_093409 / lib_ip.py:2274] inspecting ===> img.20191113_093404.2019-11-12_18-13-44_000.jpg.4.png
img.20191113_093404.2019-11-12_18-13-44_000.jpg.1.png => other
img.20191113_093404.2019-11-12_18-13-44_000.jpg.2.png => other
img.20191113_093404.2019-11-12_18-13-44_000.jpg.3.png => other
img.20191113_093404.2019-11-12_18-13-44_000.jpg.4.png => other
[20191113_093410 lib_ip.py:3301] =============== Get 4 corners
dpath_Images = C:\WORKS_2\WS\WS_Others.Art\JVEMV6\46_art\VIRTUAL\Admin_Projects\ip\images
fname_Image = img.20191113_093404.2019-11-12_18-13-44_000.jpg.4.png

[20191113_093411 / lib_ip.py:2274] inspecting ===> img.20191113_093411.2019-11-12_21-16-22_000.jpg.1.png
[20191113_093412 / lib_ip.py:4505] 
img.20191113_093411.2019-11-12_21-16-22_000.jpg.1.png 0 ---------------------
[20191113_093412 / lib_ip.py:3753] file = img.20191113_093411.2019-11-12_21-16-22_000.jpg.1.png / val_Average = 48.4275	val_Variance = 1416.4247	sd = 37.6354	max = 135	min = 0
[20191113_093412 / lib_ip.py:3836] len(Hs) = 8100, len(Ss) = 8100, len(Vs) = 8100
[20191113_093412 / lib_ip.py:3869] yellow : variance --> out of range (variance = 1416.425 / upper = 0.650 / lower = 0.000)
[20191113_093412 / lib_ip.py:3753] file = img.20191113_093411.2019-11-12_21-16-22_000.jpg.1.png / val_Average = 48.4275	val_Variance = 1416.4247	sd = 37.6354	max = 135	min = 0
[20191113_093412 / lib_ip.py:3936] len(Hs) = 8100, len(Ss) = 8100, len(Vs) = 8100
[20191113_093412 / lib_ip.py:3982] red : variance --> out of range (variance = 1416.425 / upper = 0.430 / lower = 0.000)
[20191113_093412 / lib_ip.py:3753] file = img.20191113_093411.2019-11-12_21-16-22_000.jpg.1.png / val_Average = 48.4275	val_Variance = 1416.4247	sd = 37.6354	max = 135	min = 0
[20191113_093412 / lib_ip.py:4052] len(Hs) = 8100, len(Ss) = 8100, len(Vs) = 8100
[20191113_093412 / lib_ip.py:4099] green : variance --> out of range (variance = 1416.425 / upper = 0.760 / lower = 0.000)
[20191113_093412 / lib_ip.py:3753] file = img.20191113_093411.2019-11-12_21-16-22_000.jpg.1.png / val_Average = 48.4275	val_Variance = 1416.4247	sd = 37.6354	max = 135	min = 0
[20191113_093412 / lib_ip.py:4169] len(Hs) = 8100, len(Ss) = 8100, len(Vs) = 8100
[20191113_093412 / lib_ip.py:4208] blue : variance --> out of range (variance = 1416.425 / upper = 0.930 / lower = 0.010)
[20191113_093413 / lib_ip.py:3753] file = img.20191113_093411.2019-11-12_21-16-22_000.jpg.1.png / val_Average = 48.4275	val_Variance = 1416.4247	sd = 37.6354	max = 135	min = 0
[20191113_093413 / lib_ip.py:4275] len(Hs) = 8100, len(Ss) = 8100, len(Vs) = 8100
[20191113_093413 / lib_ip.py:4314] pink : variance --> out of range (variance = 1416.425 / upper = 0.750 / lower = 0.030)
[20191113_093413 / lib_ip.py:3753] file = img.20191113_093411.2019-11-12_21-16-22_000.jpg.1.png / val_Average = 48.4275	val_Variance = 1416.4247	sd = 37.6354	max = 135	min = 0
[20191113_093413 / lib_ip.py:4378] len(Hs) = 8100, len(Ss) = 8100, len(Vs) = 8100
[20191113_093413 / lib_ip.py:4422] black : variance --> out of range (variance = 1416.425 / upper = 0.000 / lower = 0.000)
[20191113_093413 / lib_ip.py:4593] file : img.20191113_093411.2019-11-12_21-16-22_000.jpg.1.png 0 (black : variance --> out of range (variance = 1416.425 / upper = 0.000 / lower = 0.000))
[20191113_093413 / lib_ip.py:2274] inspecting ===> img.20191113_093411.2019-11-12_21-16-22_000.jpg.2.png
[20191113_093414 / lib_ip.py:4505] 
img.20191113_093411.2019-11-12_21-16-22_000.jpg.2.png 1 ---------------------
[20191113_093414 / lib_ip.py:3753] file = img.20191113_093411.2019-11-12_21-16-22_000.jpg.2.png / val_Average = 105.2474	val_Variance = 2.7534	sd = 1.6593	max = 112	min = 99
[20191113_093414 / lib_ip.py:3836] len(Hs) = 8100, len(Ss) = 8100, len(Vs) = 8100
[20191113_093414 / lib_ip.py:3869] yellow : variance --> out of range (variance = 2.753 / upper = 0.650 / lower = 0.000)
[20191113_093414 / lib_ip.py:3753] file = img.20191113_093411.2019-11-12_21-16-22_000.jpg.2.png / val_Average = 105.2474	val_Variance = 2.7534	sd = 1.6593	max = 112	min = 99
[20191113_093414 / lib_ip.py:3936] len(Hs) = 8100, len(Ss) = 8100, len(Vs) = 8100
[20191113_093414 / lib_ip.py:3982] red : variance --> out of range (variance = 2.753 / upper = 0.430 / lower = 0.000)
[20191113_093414 / lib_ip.py:3753] file = img.20191113_093411.2019-11-12_21-16-22_000.jpg.2.png / val_Average = 105.2474	val_Variance = 2.7534	sd = 1.6593	max = 112	min = 99
[20191113_093414 / lib_ip.py:4052] len(Hs) = 8100, len(Ss) = 8100, len(Vs) = 8100
[20191113_093414 / lib_ip.py:4099] green : variance --> out of range (variance = 2.753 / upper = 0.760 / lower = 0.000)
[20191113_093414 / lib_ip.py:3753] file = img.20191113_093411.2019-11-12_21-16-22_000.jpg.2.png / val_Average = 105.2474	val_Variance = 2.7534	sd = 1.6593	max = 112	min = 99
[20191113_093414 / lib_ip.py:4169] len(Hs) = 8100, len(Ss) = 8100, len(Vs) = 8100
[20191113_093414 / lib_ip.py:4208] blue : variance --> out of range (variance = 2.753 / upper = 0.930 / lower = 0.010)
[20191113_093414 / lib_ip.py:3753] file = img.20191113_093411.2019-11-12_21-16-22_000.jpg.2.png / val_Average = 105.2474	val_Variance = 2.7534	sd = 1.6593	max = 112	min = 99
[20191113_093415 / lib_ip.py:4275] len(Hs) = 8100, len(Ss) = 8100, len(Vs) = 8100
[20191113_093415 / lib_ip.py:4314] pink : variance --> out of range (variance = 2.753 / upper = 0.750 / lower = 0.030)
[20191113_093415 / lib_ip.py:3753] file = img.20191113_093411.2019-11-12_21-16-22_000.jpg.2.png / val_Average = 105.2474	val_Variance = 2.7534	sd = 1.6593	max = 112	min = 99
[20191113_093415 / lib_ip.py:4378] len(Hs) = 8100, len(Ss) = 8100, len(Vs) = 8100
[20191113_093415 / lib_ip.py:4422] black : variance --> out of range (variance = 2.753 / upper = 0.000 / lower = 0.000)
[20191113_093415 / lib_ip.py:4593] file : img.20191113_093411.2019-11-12_21-16-22_000.jpg.2.png 1 (black : variance --> out of range (variance = 2.753 / upper = 0.000 / lower = 0.000))
[20191113_093415 / lib_ip.py:2274] inspecting ===> img.20191113_093411.2019-11-12_21-16-22_000.jpg.3.png
[20191113_093415 / lib_ip.py:4505] 
img.20191113_093411.2019-11-12_21-16-22_000.jpg.3.png 2 ---------------------
[20191113_093415 / lib_ip.py:3753] file = img.20191113_093411.2019-11-12_21-16-22_000.jpg.3.png / val_Average = 91.0936	val_Variance = 0.1085	sd = 0.3294	max = 92	min = 90
[20191113_093415 / lib_ip.py:3836] len(Hs) = 8100, len(Ss) = 8100, len(Vs) = 8100
[20191113_093415 / lib_ip.py:2274] inspecting ===> img.20191113_093411.2019-11-12_21-16-22_000.jpg.4.png
[20191113_093416 / lib_ip.py:4505] 
img.20191113_093411.2019-11-12_21-16-22_000.jpg.4.png 3 ---------------------
[20191113_093416 / lib_ip.py:3753] file = img.20191113_093411.2019-11-12_21-16-22_000.jpg.4.png / val_Average = 119.4464	val_Variance = 4.0735	sd = 2.0183	max = 126	min = 110
[20191113_093416 / lib_ip.py:3836] len(Hs) = 8100, len(Ss) = 8100, len(Vs) = 8100
[20191113_093416 / lib_ip.py:3869] yellow : variance --> out of range (variance = 4.074 / upper = 0.650 / lower = 0.000)
[20191113_093416 / lib_ip.py:3753] file = img.20191113_093411.2019-11-12_21-16-22_000.jpg.4.png / val_Average = 119.4464	val_Variance = 4.0735	sd = 2.0183	max = 126	min = 110
[20191113_093416 / lib_ip.py:3936] len(Hs) = 8100, len(Ss) = 8100, len(Vs) = 8100
[20191113_093416 / lib_ip.py:3982] red : variance --> out of range (variance = 4.074 / upper = 0.430 / lower = 0.000)
[20191113_093416 / lib_ip.py:3753] file = img.20191113_093411.2019-11-12_21-16-22_000.jpg.4.png / val_Average = 119.4464	val_Variance = 4.0735	sd = 2.0183	max = 126	min = 110
[20191113_093416 / lib_ip.py:4052] len(Hs) = 8100, len(Ss) = 8100, len(Vs) = 8100
[20191113_093416 / lib_ip.py:4099] green : variance --> out of range (variance = 4.074 / upper = 0.760 / lower = 0.000)
[20191113_093416 / lib_ip.py:3753] file = img.20191113_093411.2019-11-12_21-16-22_000.jpg.4.png / val_Average = 119.4464	val_Variance = 4.0735	sd = 2.0183	max = 126	min = 110
[20191113_093416 / lib_ip.py:4169] len(Hs) = 8100, len(Ss) = 8100, len(Vs) = 8100
[20191113_093416 / lib_ip.py:4208] blue : variance --> out of range (variance = 4.074 / upper = 0.930 / lower = 0.010)
[20191113_093417 / lib_ip.py:3753] file = img.20191113_093411.2019-11-12_21-16-22_000.jpg.4.png / val_Average = 119.4464	val_Variance = 4.0735	sd = 2.0183	max = 126	min = 110
[20191113_093417 / lib_ip.py:4275] len(Hs) = 8100, len(Ss) = 8100, len(Vs) = 8100
[20191113_093417 / lib_ip.py:4314] pink : variance --> out of range (variance = 4.074 / upper = 0.750 / lower = 0.030)
[20191113_093417 / lib_ip.py:3753] file = img.20191113_093411.2019-11-12_21-16-22_000.jpg.4.png / val_Average = 119.4464	val_Variance = 4.0735	sd = 2.0183	max = 126	min = 110
[20191113_093417 / lib_ip.py:4378] len(Hs) = 8100, len(Ss) = 8100, len(Vs) = 8100
[20191113_093417 / lib_ip.py:4422] black : variance --> out of range (variance = 4.074 / upper = 0.000 / lower = 0.000)
[20191113_093417 / lib_ip.py:4593] file : img.20191113_093411.2019-11-12_21-16-22_000.jpg.4.png 3 (black : variance --> out of range (variance = 4.074 / upper = 0.000 / lower = 0.000))
[20191113_093415 / lib_ip.py:2274] inspecting ===> img.20191113_093411.2019-11-12_21-16-22_000.jpg.4.png
img.20191113_093411.2019-11-12_21-16-22_000.jpg.1.png => other
img.20191113_093411.2019-11-12_21-16-22_000.jpg.2.png => other
img.20191113_093411.2019-11-12_21-16-22_000.jpg.3.png => yellow
img.20191113_093411.2019-11-12_21-16-22_000.jpg.4.png => other
[20191113_093417 lib_ip.py:3301] =============== Get 4 corners
dpath_Images = C:\WORKS_2\WS\WS_Others.Art\JVEMV6\46_art\VIRTUAL\Admin_Projects\ip\images
fname_Image = img.20191113_093411.2019-11-12_21-16-22_000.jpg.4.png

[20191113_093417 / lib_ip.py:2274] inspecting ===> img.20191113_093417.2019-11-13_01-18-34_000.png.1.png
[20191113_093417 / lib_ip.py:4505] 
img.20191113_093417.2019-11-13_01-18-34_000.png.1.png 0 ---------------------
[20191113_093418 / lib_ip.py:3753] file = img.20191113_093417.2019-11-13_01-18-34_000.png.1.png / val_Average = 80.1814	val_Variance = 1429.0702	sd = 37.8030	max = 150	min = 0
[20191113_093418 / lib_ip.py:3836] len(Hs) = 8100, len(Ss) = 8100, len(Vs) = 8100
[20191113_093418 / lib_ip.py:3869] yellow : variance --> out of range (variance = 1429.070 / upper = 0.650 / lower = 0.000)
[20191113_093418 / lib_ip.py:3753] file = img.20191113_093417.2019-11-13_01-18-34_000.png.1.png / val_Average = 80.1814	val_Variance = 1429.0702	sd = 37.8030	max = 150	min = 0
[20191113_093418 / lib_ip.py:3936] len(Hs) = 8100, len(Ss) = 8100, len(Vs) = 8100
[20191113_093418 / lib_ip.py:3982] red : variance --> out of range (variance = 1429.070 / upper = 0.430 / lower = 0.000)
[20191113_093418 / lib_ip.py:3753] file = img.20191113_093417.2019-11-13_01-18-34_000.png.1.png / val_Average = 80.1814	val_Variance = 1429.0702	sd = 37.8030	max = 150	min = 0
[20191113_093418 / lib_ip.py:4052] len(Hs) = 8100, len(Ss) = 8100, len(Vs) = 8100
[20191113_093418 / lib_ip.py:4099] green : variance --> out of range (variance = 1429.070 / upper = 0.760 / lower = 0.000)
[20191113_093418 / lib_ip.py:3753] file = img.20191113_093417.2019-11-13_01-18-34_000.png.1.png / val_Average = 80.1814	val_Variance = 1429.0702	sd = 37.8030	max = 150	min = 0
[20191113_093418 / lib_ip.py:4169] len(Hs) = 8100, len(Ss) = 8100, len(Vs) = 8100
[20191113_093418 / lib_ip.py:4208] blue : variance --> out of range (variance = 1429.070 / upper = 0.930 / lower = 0.010)
[20191113_093419 / lib_ip.py:3753] file = img.20191113_093417.2019-11-13_01-18-34_000.png.1.png / val_Average = 80.1814	val_Variance = 1429.0702	sd = 37.8030	max = 150	min = 0
[20191113_093419 / lib_ip.py:4275] len(Hs) = 8100, len(Ss) = 8100, len(Vs) = 8100
[20191113_093419 / lib_ip.py:4314] pink : variance --> out of range (variance = 1429.070 / upper = 0.750 / lower = 0.030)
[20191113_093419 / lib_ip.py:3753] file = img.20191113_093417.2019-11-13_01-18-34_000.png.1.png / val_Average = 80.1814	val_Variance = 1429.0702	sd = 37.8030	max = 150	min = 0
[20191113_093419 / lib_ip.py:4378] len(Hs) = 8100, len(Ss) = 8100, len(Vs) = 8100
[20191113_093419 / lib_ip.py:4422] black : variance --> out of range (variance = 1429.070 / upper = 0.000 / lower = 0.000)
[20191113_093419 / lib_ip.py:4593] file : img.20191113_093417.2019-11-13_01-18-34_000.png.1.png 0 (black : variance --> out of range (variance = 1429.070 / upper = 0.000 / lower = 0.000))
[20191113_093419 / lib_ip.py:2274] inspecting ===> img.20191113_093417.2019-11-13_01-18-34_000.png.2.png
[20191113_093420 / lib_ip.py:4505] 
img.20191113_093417.2019-11-13_01-18-34_000.png.2.png 1 ---------------------
[20191113_093420 / lib_ip.py:3753] file = img.20191113_093417.2019-11-13_01-18-34_000.png.2.png / val_Average = 40.7807	val_Variance = 5509.8095	sd = 74.2281	max = 179	min = 0
[20191113_093420 / lib_ip.py:3836] len(Hs) = 8100, len(Ss) = 8100, len(Vs) = 8100
[20191113_093420 / lib_ip.py:3869] yellow : variance --> out of range (variance = 5509.809 / upper = 0.650 / lower = 0.000)
[20191113_093420 / lib_ip.py:3753] file = img.20191113_093417.2019-11-13_01-18-34_000.png.2.png / val_Average = 40.7807	val_Variance = 5509.8095	sd = 74.2281	max = 179	min = 0
[20191113_093420 / lib_ip.py:3936] len(Hs) = 8100, len(Ss) = 8100, len(Vs) = 8100
[20191113_093420 / lib_ip.py:3982] red : variance --> out of range (variance = 5509.809 / upper = 0.430 / lower = 0.000)
[20191113_093420 / lib_ip.py:3753] file = img.20191113_093417.2019-11-13_01-18-34_000.png.2.png / val_Average = 40.7807	val_Variance = 5509.8095	sd = 74.2281	max = 179	min = 0
[20191113_093420 / lib_ip.py:4052] len(Hs) = 8100, len(Ss) = 8100, len(Vs) = 8100
[20191113_093420 / lib_ip.py:4099] green : variance --> out of range (variance = 5509.809 / upper = 0.760 / lower = 0.000)
[20191113_093420 / lib_ip.py:3753] file = img.20191113_093417.2019-11-13_01-18-34_000.png.2.png / val_Average = 40.7807	val_Variance = 5509.8095	sd = 74.2281	max = 179	min = 0
[20191113_093420 / lib_ip.py:4169] len(Hs) = 8100, len(Ss) = 8100, len(Vs) = 8100
[20191113_093420 / lib_ip.py:4208] blue : variance --> out of range (variance = 5509.809 / upper = 0.930 / lower = 0.010)
[20191113_093421 / lib_ip.py:3753] file = img.20191113_093417.2019-11-13_01-18-34_000.png.2.png / val_Average = 40.7807	val_Variance = 5509.8095	sd = 74.2281	max = 179	min = 0
[20191113_093421 / lib_ip.py:4275] len(Hs) = 8100, len(Ss) = 8100, len(Vs) = 8100
[20191113_093421 / lib_ip.py:4314] pink : variance --> out of range (variance = 5509.809 / upper = 0.750 / lower = 0.030)
[20191113_093421 / lib_ip.py:3753] file = img.20191113_093417.2019-11-13_01-18-34_000.png.2.png / val_Average = 40.7807	val_Variance = 5509.8095	sd = 74.2281	max = 179	min = 0
[20191113_093421 / lib_ip.py:4378] len(Hs) = 8100, len(Ss) = 8100, len(Vs) = 8100
[20191113_093421 / lib_ip.py:4422] black : variance --> out of range (variance = 5509.809 / upper = 0.000 / lower = 0.000)
[20191113_093421 / lib_ip.py:4593] file : img.20191113_093417.2019-11-13_01-18-34_000.png.2.png 1 (black : variance --> out of range (variance = 5509.809 / upper = 0.000 / lower = 0.000))
[20191113_093421 / lib_ip.py:2274] inspecting ===> img.20191113_093417.2019-11-13_01-18-34_000.png.3.png
[20191113_093422 / lib_ip.py:4505] 
img.20191113_093417.2019-11-13_01-18-34_000.png.3.png 2 ---------------------
[20191113_093422 / lib_ip.py:3753] file = img.20191113_093417.2019-11-13_01-18-34_000.png.3.png / val_Average = 102.1538	val_Variance = 603.4598	sd = 24.5654	max = 178	min = 0
[20191113_093422 / lib_ip.py:3836] len(Hs) = 8100, len(Ss) = 8100, len(Vs) = 8100
[20191113_093422 / lib_ip.py:3869] yellow : variance --> out of range (variance = 603.460 / upper = 0.650 / lower = 0.000)
[20191113_093422 / lib_ip.py:3753] file = img.20191113_093417.2019-11-13_01-18-34_000.png.3.png / val_Average = 102.1538	val_Variance = 603.4598	sd = 24.5654	max = 178	min = 0
[20191113_093422 / lib_ip.py:3936] len(Hs) = 8100, len(Ss) = 8100, len(Vs) = 8100
[20191113_093422 / lib_ip.py:3982] red : variance --> out of range (variance = 603.460 / upper = 0.430 / lower = 0.000)
[20191113_093422 / lib_ip.py:3753] file = img.20191113_093417.2019-11-13_01-18-34_000.png.3.png / val_Average = 102.1538	val_Variance = 603.4598	sd = 24.5654	max = 178	min = 0
[20191113_093422 / lib_ip.py:4052] len(Hs) = 8100, len(Ss) = 8100, len(Vs) = 8100
[20191113_093422 / lib_ip.py:4099] green : variance --> out of range (variance = 603.460 / upper = 0.760 / lower = 0.000)
[20191113_093422 / lib_ip.py:3753] file = img.20191113_093417.2019-11-13_01-18-34_000.png.3.png / val_Average = 102.1538	val_Variance = 603.4598	sd = 24.5654	max = 178	min = 0
[20191113_093422 / lib_ip.py:4169] len(Hs) = 8100, len(Ss) = 8100, len(Vs) = 8100
[20191113_093422 / lib_ip.py:4208] blue : variance --> out of range (variance = 603.460 / upper = 0.930 / lower = 0.010)
[20191113_093423 / lib_ip.py:3753] file = img.20191113_093417.2019-11-13_01-18-34_000.png.3.png / val_Average = 102.1538	val_Variance = 603.4598	sd = 24.5654	max = 178	min = 0
[20191113_093423 / lib_ip.py:4275] len(Hs) = 8100, len(Ss) = 8100, len(Vs) = 8100
[20191113_093423 / lib_ip.py:4314] pink : variance --> out of range (variance = 603.460 / upper = 0.750 / lower = 0.030)
[20191113_093423 / lib_ip.py:3753] file = img.20191113_093417.2019-11-13_01-18-34_000.png.3.png / val_Average = 102.1538	val_Variance = 603.4598	sd = 24.5654	max = 178	min = 0
[20191113_093423 / lib_ip.py:4378] len(Hs) = 8100, len(Ss) = 8100, len(Vs) = 8100
[20191113_093423 / lib_ip.py:4422] black : variance --> out of range (variance = 603.460 / upper = 0.000 / lower = 0.000)
[20191113_093423 / lib_ip.py:4593] file : img.20191113_093417.2019-11-13_01-18-34_000.png.3.png 2 (black : variance --> out of range (variance = 603.460 / upper = 0.000 / lower = 0.000))
[20191113_093423 / lib_ip.py:2274] inspecting ===> img.20191113_093417.2019-11-13_01-18-34_000.png.4.png
[20191113_093423 / lib_ip.py:4505] 
img.20191113_093417.2019-11-13_01-18-34_000.png.4.png 3 ---------------------
[20191113_093423 / lib_ip.py:3753] file = img.20191113_093417.2019-11-13_01-18-34_000.png.4.png / val_Average = 79.9265	val_Variance = 7457.4029	sd = 86.3563	max = 178	min = 0
[20191113_093423 / lib_ip.py:3836] len(Hs) = 8100, len(Ss) = 8100, len(Vs) = 8100
[20191113_093423 / lib_ip.py:3869] yellow : variance --> out of range (variance = 7457.403 / upper = 0.650 / lower = 0.000)
[20191113_093423 / lib_ip.py:3753] file = img.20191113_093417.2019-11-13_01-18-34_000.png.4.png / val_Average = 79.9265	val_Variance = 7457.4029	sd = 86.3563	max = 178	min = 0
[20191113_093423 / lib_ip.py:3936] len(Hs) = 8100, len(Ss) = 8100, len(Vs) = 8100
[20191113_093424 / lib_ip.py:3982] red : variance --> out of range (variance = 7457.403 / upper = 0.430 / lower = 0.000)
[20191113_093424 / lib_ip.py:3753] file = img.20191113_093417.2019-11-13_01-18-34_000.png.4.png / val_Average = 79.9265	val_Variance = 7457.4029	sd = 86.3563	max = 178	min = 0
[20191113_093424 / lib_ip.py:4052] len(Hs) = 8100, len(Ss) = 8100, len(Vs) = 8100
[20191113_093424 / lib_ip.py:4099] green : variance --> out of range (variance = 7457.403 / upper = 0.760 / lower = 0.000)
[20191113_093424 / lib_ip.py:3753] file = img.20191113_093417.2019-11-13_01-18-34_000.png.4.png / val_Average = 79.9265	val_Variance = 7457.4029	sd = 86.3563	max = 178	min = 0
[20191113_093424 / lib_ip.py:4169] len(Hs) = 8100, len(Ss) = 8100, len(Vs) = 8100
[20191113_093424 / lib_ip.py:4208] blue : variance --> out of range (variance = 7457.403 / upper = 0.930 / lower = 0.010)
[20191113_093424 / lib_ip.py:3753] file = img.20191113_093417.2019-11-13_01-18-34_000.png.4.png / val_Average = 79.9265	val_Variance = 7457.4029	sd = 86.3563	max = 178	min = 0
[20191113_093424 / lib_ip.py:4275] len(Hs) = 8100, len(Ss) = 8100, len(Vs) = 8100
[20191113_093424 / lib_ip.py:4314] pink : variance --> out of range (variance = 7457.403 / upper = 0.750 / lower = 0.030)
[20191113_093424 / lib_ip.py:3753] file = img.20191113_093417.2019-11-13_01-18-34_000.png.4.png / val_Average = 79.9265	val_Variance = 7457.4029	sd = 86.3563	max = 178	min = 0
[20191113_093424 / lib_ip.py:4378] len(Hs) = 8100, len(Ss) = 8100, len(Vs) = 8100
[20191113_093424 / lib_ip.py:4422] black : variance --> out of range (variance = 7457.403 / upper = 0.000 / lower = 0.000)
[20191113_093424 / lib_ip.py:4593] file : img.20191113_093417.2019-11-13_01-18-34_000.png.4.png 3 (black : variance --> out of range (variance = 7457.403 / upper = 0.000 / lower = 0.000))
[20191113_093423 / lib_ip.py:2274] inspecting ===> img.20191113_093417.2019-11-13_01-18-34_000.png.4.png
img.20191113_093417.2019-11-13_01-18-34_000.png.1.png => other
img.20191113_093417.2019-11-13_01-18-34_000.png.2.png => other
img.20191113_093417.2019-11-13_01-18-34_000.png.3.png => other
img.20191113_093417.2019-11-13_01-18-34_000.png.4.png => other
[20191113_093425 lib_ip.py:3301] =============== Get 4 corners
dpath_Images = C:\WORKS_2\WS\WS_Others.Art\JVEMV6\46_art\VIRTUAL\Admin_Projects\ip\images
fname_Image = img.20191113_093417.2019-11-13_01-18-34_000.png.4.png

[20191113_093425 / lib_ip.py:2274] inspecting ===> img.20191113_093425.2019-11-13_08-02-47_000.jpg.1.png
[20191113_093425 / lib_ip.py:4505] 
img.20191113_093425.2019-11-13_08-02-47_000.jpg.1.png 0 ---------------------
[20191113_093426 / lib_ip.py:3753] file = img.20191113_093425.2019-11-13_08-02-47_000.jpg.1.png / val_Average = 104.2644	val_Variance = 4.9829	sd = 2.2322	max = 115	min = 96
[20191113_093426 / lib_ip.py:3836] len(Hs) = 8100, len(Ss) = 8100, len(Vs) = 8100
[20191113_093426 / lib_ip.py:3869] yellow : variance --> out of range (variance = 4.983 / upper = 0.650 / lower = 0.000)
[20191113_093426 / lib_ip.py:3753] file = img.20191113_093425.2019-11-13_08-02-47_000.jpg.1.png / val_Average = 104.2644	val_Variance = 4.9829	sd = 2.2322	max = 115	min = 96
[20191113_093426 / lib_ip.py:3936] len(Hs) = 8100, len(Ss) = 8100, len(Vs) = 8100
[20191113_093426 / lib_ip.py:3982] red : variance --> out of range (variance = 4.983 / upper = 0.430 / lower = 0.000)
[20191113_093426 / lib_ip.py:3753] file = img.20191113_093425.2019-11-13_08-02-47_000.jpg.1.png / val_Average = 104.2644	val_Variance = 4.9829	sd = 2.2322	max = 115	min = 96
[20191113_093426 / lib_ip.py:4052] len(Hs) = 8100, len(Ss) = 8100, len(Vs) = 8100
[20191113_093426 / lib_ip.py:4099] green : variance --> out of range (variance = 4.983 / upper = 0.760 / lower = 0.000)
[20191113_093426 / lib_ip.py:3753] file = img.20191113_093425.2019-11-13_08-02-47_000.jpg.1.png / val_Average = 104.2644	val_Variance = 4.9829	sd = 2.2322	max = 115	min = 96
[20191113_093426 / lib_ip.py:4169] len(Hs) = 8100, len(Ss) = 8100, len(Vs) = 8100
[20191113_093426 / lib_ip.py:4208] blue : variance --> out of range (variance = 4.983 / upper = 0.930 / lower = 0.010)
[20191113_093426 / lib_ip.py:3753] file = img.20191113_093425.2019-11-13_08-02-47_000.jpg.1.png / val_Average = 104.2644	val_Variance = 4.9829	sd = 2.2322	max = 115	min = 96
[20191113_093426 / lib_ip.py:4275] len(Hs) = 8100, len(Ss) = 8100, len(Vs) = 8100
[20191113_093426 / lib_ip.py:4314] pink : variance --> out of range (variance = 4.983 / upper = 0.750 / lower = 0.030)
[20191113_093427 / lib_ip.py:3753] file = img.20191113_093425.2019-11-13_08-02-47_000.jpg.1.png / val_Average = 104.2644	val_Variance = 4.9829	sd = 2.2322	max = 115	min = 96
[20191113_093427 / lib_ip.py:4378] len(Hs) = 8100, len(Ss) = 8100, len(Vs) = 8100
[20191113_093427 / lib_ip.py:4422] black : variance --> out of range (variance = 4.983 / upper = 0.000 / lower = 0.000)
[20191113_093427 / lib_ip.py:4593] file : img.20191113_093425.2019-11-13_08-02-47_000.jpg.1.png 0 (black : variance --> out of range (variance = 4.983 / upper = 0.000 / lower = 0.000))
[20191113_093427 / lib_ip.py:2274] inspecting ===> img.20191113_093425.2019-11-13_08-02-47_000.jpg.2.png
[20191113_093427 / lib_ip.py:4505] 
img.20191113_093425.2019-11-13_08-02-47_000.jpg.2.png 1 ---------------------
[20191113_093427 / lib_ip.py:3753] file = img.20191113_093425.2019-11-13_08-02-47_000.jpg.2.png / val_Average = 0.0000	val_Variance = 0.0000	sd = 0.0000	max = 0	min = 0
[20191113_093427 / lib_ip.py:3836] len(Hs) = 8100, len(Ss) = 8100, len(Vs) = 8100
[20191113_093428 / lib_ip.py:3891] yellow : average --> out of range (average = 0.000 / upper = 99.200 / lower = 85.500)
[20191113_093428 / lib_ip.py:3753] file = img.20191113_093425.2019-11-13_08-02-47_000.jpg.2.png / val_Average = 0.0000	val_Variance = 0.0000	sd = 0.0000	max = 0	min = 0
[20191113_093428 / lib_ip.py:3936] len(Hs) = 8100, len(Ss) = 8100, len(Vs) = 8100
[20191113_093428 / lib_ip.py:4007] red : average --> out of range (average = 0.000 / upper = 124.600 / lower = 115.000)
[20191113_093428 / lib_ip.py:3753] file = img.20191113_093425.2019-11-13_08-02-47_000.jpg.2.png / val_Average = 0.0000	val_Variance = 0.0000	sd = 0.0000	max = 0	min = 0
[20191113_093428 / lib_ip.py:4052] len(Hs) = 8100, len(Ss) = 8100, len(Vs) = 8100
[20191113_093428 / lib_ip.py:4124] green : average --> out of range (average = 0.000 / upper = 85.000 / lower = 58.000)
[20191113_093428 / lib_ip.py:3753] file = img.20191113_093425.2019-11-13_08-02-47_000.jpg.2.png / val_Average = 0.0000	val_Variance = 0.0000	sd = 0.0000	max = 0	min = 0
[20191113_093428 / lib_ip.py:4169] len(Hs) = 8100, len(Ss) = 8100, len(Vs) = 8100
[20191113_093428 / lib_ip.py:4208] blue : variance --> out of range (variance = 0.000 / upper = 0.930 / lower = 0.010)
[20191113_093428 / lib_ip.py:3753] file = img.20191113_093425.2019-11-13_08-02-47_000.jpg.2.png / val_Average = 0.0000	val_Variance = 0.0000	sd = 0.0000	max = 0	min = 0
[20191113_093428 / lib_ip.py:4275] len(Hs) = 8100, len(Ss) = 8100, len(Vs) = 8100
[20191113_093428 / lib_ip.py:4314] pink : variance --> out of range (variance = 0.000 / upper = 0.750 / lower = 0.030)
[20191113_093428 / lib_ip.py:3753] file = img.20191113_093425.2019-11-13_08-02-47_000.jpg.2.png / val_Average = 0.0000	val_Variance = 0.0000	sd = 0.0000	max = 0	min = 0
[20191113_093428 / lib_ip.py:4378] len(Hs) = 8100, len(Ss) = 8100, len(Vs) = 8100
[20191113_093429 / lib_ip.py:2274] inspecting ===> img.20191113_093425.2019-11-13_08-02-47_000.jpg.3.png
[20191113_093429 / lib_ip.py:4505] 
img.20191113_093425.2019-11-13_08-02-47_000.jpg.3.png 2 ---------------------
[20191113_093429 / lib_ip.py:3753] file = img.20191113_093425.2019-11-13_08-02-47_000.jpg.3.png / val_Average = 102.1341	val_Variance = 0.7008	sd = 0.8371	max = 106	min = 98
[20191113_093429 / lib_ip.py:3836] len(Hs) = 8100, len(Ss) = 8100, len(Vs) = 8100
[20191113_093429 / lib_ip.py:3869] yellow : variance --> out of range (variance = 0.701 / upper = 0.650 / lower = 0.000)
[20191113_093429 / lib_ip.py:3753] file = img.20191113_093425.2019-11-13_08-02-47_000.jpg.3.png / val_Average = 102.1341	val_Variance = 0.7008	sd = 0.8371	max = 106	min = 98
[20191113_093429 / lib_ip.py:3936] len(Hs) = 8100, len(Ss) = 8100, len(Vs) = 8100
[20191113_093429 / lib_ip.py:3982] red : variance --> out of range (variance = 0.701 / upper = 0.430 / lower = 0.000)
[20191113_093430 / lib_ip.py:3753] file = img.20191113_093425.2019-11-13_08-02-47_000.jpg.3.png / val_Average = 102.1341	val_Variance = 0.7008	sd = 0.8371	max = 106	min = 98
[20191113_093430 / lib_ip.py:4052] len(Hs) = 8100, len(Ss) = 8100, len(Vs) = 8100
[20191113_093430 / lib_ip.py:4124] green : average --> out of range (average = 102.134 / upper = 85.000 / lower = 58.000)
[20191113_093430 / lib_ip.py:3753] file = img.20191113_093425.2019-11-13_08-02-47_000.jpg.3.png / val_Average = 102.1341	val_Variance = 0.7008	sd = 0.8371	max = 106	min = 98
[20191113_093430 / lib_ip.py:4169] len(Hs) = 8100, len(Ss) = 8100, len(Vs) = 8100
[20191113_093430 / lib_ip.py:4230] blue : average --> out of range (average = 102.134 / upper = 17.000 / lower = 8.850)
[20191113_093430 / lib_ip.py:3753] file = img.20191113_093425.2019-11-13_08-02-47_000.jpg.3.png / val_Average = 102.1341	val_Variance = 0.7008	sd = 0.8371	max = 106	min = 98
[20191113_093430 / lib_ip.py:4275] len(Hs) = 8100, len(Ss) = 8100, len(Vs) = 8100
[20191113_093430 / lib_ip.py:4336] pink : average --> out of range (average = 102.134 / upper = 141.000 / lower = 127.900)
[20191113_093430 / lib_ip.py:3753] file = img.20191113_093425.2019-11-13_08-02-47_000.jpg.3.png / val_Average = 102.1341	val_Variance = 0.7008	sd = 0.8371	max = 106	min = 98
[20191113_093430 / lib_ip.py:4378] len(Hs) = 8100, len(Ss) = 8100, len(Vs) = 8100
[20191113_093430 / lib_ip.py:4422] black : variance --> out of range (variance = 0.701 / upper = 0.000 / lower = 0.000)
[20191113_093430 / lib_ip.py:4593] file : img.20191113_093425.2019-11-13_08-02-47_000.jpg.3.png 2 (black : variance --> out of range (variance = 0.701 / upper = 0.000 / lower = 0.000))
[20191113_093430 / lib_ip.py:2274] inspecting ===> img.20191113_093425.2019-11-13_08-02-47_000.jpg.4.png
[20191113_093431 / lib_ip.py:4505] 
img.20191113_093425.2019-11-13_08-02-47_000.jpg.4.png 3 ---------------------
[20191113_093431 / lib_ip.py:3753] file = img.20191113_093425.2019-11-13_08-02-47_000.jpg.4.png / val_Average = 102.6437	val_Variance = 0.6326	sd = 0.7953	max = 105	min = 100
[20191113_093431 / lib_ip.py:3836] len(Hs) = 8100, len(Ss) = 8100, len(Vs) = 8100
[20191113_093431 / lib_ip.py:3891] yellow : average --> out of range (average = 102.644 / upper = 99.200 / lower = 85.500)
[20191113_093431 / lib_ip.py:3753] file = img.20191113_093425.2019-11-13_08-02-47_000.jpg.4.png / val_Average = 102.6437	val_Variance = 0.6326	sd = 0.7953	max = 105	min = 100
[20191113_093431 / lib_ip.py:3936] len(Hs) = 8100, len(Ss) = 8100, len(Vs) = 8100
[20191113_093431 / lib_ip.py:3982] red : variance --> out of range (variance = 0.633 / upper = 0.430 / lower = 0.000)
[20191113_093431 / lib_ip.py:3753] file = img.20191113_093425.2019-11-13_08-02-47_000.jpg.4.png / val_Average = 102.6437	val_Variance = 0.6326	sd = 0.7953	max = 105	min = 100
[20191113_093431 / lib_ip.py:4052] len(Hs) = 8100, len(Ss) = 8100, len(Vs) = 8100
[20191113_093431 / lib_ip.py:4124] green : average --> out of range (average = 102.644 / upper = 85.000 / lower = 58.000)
[20191113_093431 / lib_ip.py:3753] file = img.20191113_093425.2019-11-13_08-02-47_000.jpg.4.png / val_Average = 102.6437	val_Variance = 0.6326	sd = 0.7953	max = 105	min = 100
[20191113_093431 / lib_ip.py:4169] len(Hs) = 8100, len(Ss) = 8100, len(Vs) = 8100
[20191113_093431 / lib_ip.py:4230] blue : average --> out of range (average = 102.644 / upper = 17.000 / lower = 8.850)
[20191113_093431 / lib_ip.py:3753] file = img.20191113_093425.2019-11-13_08-02-47_000.jpg.4.png / val_Average = 102.6437	val_Variance = 0.6326	sd = 0.7953	max = 105	min = 100
[20191113_093431 / lib_ip.py:4275] len(Hs) = 8100, len(Ss) = 8100, len(Vs) = 8100
[20191113_093431 / lib_ip.py:4336] pink : average --> out of range (average = 102.644 / upper = 141.000 / lower = 127.900)
[20191113_093432 / lib_ip.py:3753] file = img.20191113_093425.2019-11-13_08-02-47_000.jpg.4.png / val_Average = 102.6437	val_Variance = 0.6326	sd = 0.7953	max = 105	min = 100
[20191113_093432 / lib_ip.py:4378] len(Hs) = 8100, len(Ss) = 8100, len(Vs) = 8100
[20191113_093432 / lib_ip.py:4422] black : variance --> out of range (variance = 0.633 / upper = 0.000 / lower = 0.000)
[20191113_093432 / lib_ip.py:4593] file : img.20191113_093425.2019-11-13_08-02-47_000.jpg.4.png 3 (black : variance --> out of range (variance = 0.633 / upper = 0.000 / lower = 0.000))
[20191113_093430 / lib_ip.py:2274] inspecting ===> img.20191113_093425.2019-11-13_08-02-47_000.jpg.4.png
img.20191113_093425.2019-11-13_08-02-47_000.jpg.1.png => other
img.20191113_093425.2019-11-13_08-02-47_000.jpg.2.png => other
img.20191113_093425.2019-11-13_08-02-47_000.jpg.3.png => other
img.20191113_093425.2019-11-13_08-02-47_000.jpg.4.png => other
[20191113_093432 lib_ip.py:3301] =============== Get 4 corners
dpath_Images = C:\WORKS_2\WS\WS_Others.Art\JVEMV6\46_art\VIRTUAL\Admin_Projects\ip\images
fname_Image = img.20191113_093425.2019-11-13_08-02-47_000.jpg.4.png

[20191113_093432 / views.py:1411] gen csv => complete (20191113_093432)(elapsed = 49.532 sec / 7 files / 7.076 sec per file)
1)	2019-11-12_09-44-14_000.jpg => 	green green other other 
2)	2019-11-12_10-45-00_000.jpg => 	other other other other 
3)	2019-11-12_11-45-09_000.jpg => 	other yellow other other 
4)	2019-11-12_18-13-44_000.jpg => 	other other other red 
5)	2019-11-12_21-16-22_000.jpg => 	other other yellow other 
6)	2019-11-13_01-18-34_000.png => 	other other other other 
7)	2019-11-13_08-02-47_000.jpg => 	other black other other 
[20191113_093432 / views.py:1753] lo_ColorName_Set__Modified_2 =>
1)	2019-11-12_09-44-14_000.jpg => 	g g o o 
2)	2019-11-12_10-45-00_000.jpg => 	o o o o 
3)	2019-11-12_11-45-09_000.jpg => 	o o o y 
4)	2019-11-12_18-13-44_000.jpg => 	o o o r 
5)	2019-11-12_21-16-22_000.jpg => 	o o o y 
6)	2019-11-13_01-18-34_000.png => 	o o o o 
7)	2019-11-13_08-02-47_000.jpg => 	a o o o 
[20191113_093434 / lib_ip.py:4789] no key 'GPSInfo' for file : C:\WORKS_2\WS\WS_Others.Art\JVEMV6\46_art\VIRTUAL\Admin_Projects\ip\images\2019-11-13_01-18-34_000.png
[20191113_093434 / views.py:1839] gen_Cake_CSV(request) ==> ending... =======================//

