[20190815_081437 / views.py:1822] gen_Cake_CSV(request) ==> starting... =======================
[20190815_081440 / lib_ip.py:2274] inspecting ===> img.20190815_081439.2019-08-14_11-36-39_000.jpg.1.png
[20190815_081440 / lib_ip.py:4505] 
img.20190815_081439.2019-08-14_11-36-39_000.jpg.1.png 0 ---------------------
[20190815_081441 / lib_ip.py:3753] file = img.20190815_081439.2019-08-14_11-36-39_000.jpg.1.png / val_Average = 116.1907	val_Variance = 31.7425	sd = 5.6340	max = 137	min = 104
[20190815_081441 / lib_ip.py:3836] len(Hs) = 8100, len(Ss) = 8100, len(Vs) = 8100
[20190815_081441 / lib_ip.py:3869] yellow : variance --> out of range (variance = 31.743 / upper = 0.650 / lower = 0.000)
[20190815_081441 / lib_ip.py:3753] file = img.20190815_081439.2019-08-14_11-36-39_000.jpg.1.png / val_Average = 116.1907	val_Variance = 31.7425	sd = 5.6340	max = 137	min = 104
[20190815_081441 / lib_ip.py:3936] len(Hs) = 8100, len(Ss) = 8100, len(Vs) = 8100
[20190815_081441 / lib_ip.py:3982] red : variance --> out of range (variance = 31.743 / upper = 0.430 / lower = 0.000)
[20190815_081442 / lib_ip.py:3753] file = img.20190815_081439.2019-08-14_11-36-39_000.jpg.1.png / val_Average = 116.1907	val_Variance = 31.7425	sd = 5.6340	max = 137	min = 104
[20190815_081442 / lib_ip.py:4052] len(Hs) = 8100, len(Ss) = 8100, len(Vs) = 8100
[20190815_081442 / lib_ip.py:4099] green : variance --> out of range (variance = 31.743 / upper = 0.760 / lower = 0.000)
[20190815_081442 / lib_ip.py:3753] file = img.20190815_081439.2019-08-14_11-36-39_000.jpg.1.png / val_Average = 116.1907	val_Variance = 31.7425	sd = 5.6340	max = 137	min = 104
[20190815_081442 / lib_ip.py:4169] len(Hs) = 8100, len(Ss) = 8100, len(Vs) = 8100
[20190815_081442 / lib_ip.py:4208] blue : variance --> out of range (variance = 31.743 / upper = 0.930 / lower = 0.010)
[20190815_081442 / lib_ip.py:3753] file = img.20190815_081439.2019-08-14_11-36-39_000.jpg.1.png / val_Average = 116.1907	val_Variance = 31.7425	sd = 5.6340	max = 137	min = 104
[20190815_081442 / lib_ip.py:4275] len(Hs) = 8100, len(Ss) = 8100, len(Vs) = 8100
[20190815_081442 / lib_ip.py:4314] pink : variance --> out of range (variance = 31.743 / upper = 0.750 / lower = 0.030)
[20190815_081442 / lib_ip.py:3753] file = img.20190815_081439.2019-08-14_11-36-39_000.jpg.1.png / val_Average = 116.1907	val_Variance = 31.7425	sd = 5.6340	max = 137	min = 104
[20190815_081442 / lib_ip.py:4378] len(Hs) = 8100, len(Ss) = 8100, len(Vs) = 8100
[20190815_081443 / lib_ip.py:4422] black : variance --> out of range (variance = 31.743 / upper = 0.000 / lower = 0.000)
[20190815_081443 / lib_ip.py:4593] file : img.20190815_081439.2019-08-14_11-36-39_000.jpg.1.png 0 (black : variance --> out of range (variance = 31.743 / upper = 0.000 / lower = 0.000))
[20190815_081443 / lib_ip.py:2274] inspecting ===> img.20190815_081439.2019-08-14_11-36-39_000.jpg.2.png
[20190815_081443 / lib_ip.py:4505] 
img.20190815_081439.2019-08-14_11-36-39_000.jpg.2.png 1 ---------------------
[20190815_081444 / lib_ip.py:3753] file = img.20190815_081439.2019-08-14_11-36-39_000.jpg.2.png / val_Average = 70.2473	val_Variance = 1212.2449	sd = 34.8173	max = 160	min = 0
[20190815_081444 / lib_ip.py:3836] len(Hs) = 8100, len(Ss) = 8100, len(Vs) = 8100
[20190815_081444 / lib_ip.py:3869] yellow : variance --> out of range (variance = 1212.245 / upper = 0.650 / lower = 0.000)
[20190815_081444 / lib_ip.py:3753] file = img.20190815_081439.2019-08-14_11-36-39_000.jpg.2.png / val_Average = 70.2473	val_Variance = 1212.2449	sd = 34.8173	max = 160	min = 0
[20190815_081444 / lib_ip.py:3936] len(Hs) = 8100, len(Ss) = 8100, len(Vs) = 8100
[20190815_081444 / lib_ip.py:3982] red : variance --> out of range (variance = 1212.245 / upper = 0.430 / lower = 0.000)
[20190815_081445 / lib_ip.py:3753] file = img.20190815_081439.2019-08-14_11-36-39_000.jpg.2.png / val_Average = 70.2473	val_Variance = 1212.2449	sd = 34.8173	max = 160	min = 0
[20190815_081445 / lib_ip.py:4052] len(Hs) = 8100, len(Ss) = 8100, len(Vs) = 8100
[20190815_081445 / lib_ip.py:4099] green : variance --> out of range (variance = 1212.245 / upper = 0.760 / lower = 0.000)
[20190815_081445 / lib_ip.py:3753] file = img.20190815_081439.2019-08-14_11-36-39_000.jpg.2.png / val_Average = 70.2473	val_Variance = 1212.2449	sd = 34.8173	max = 160	min = 0
[20190815_081445 / lib_ip.py:4169] len(Hs) = 8100, len(Ss) = 8100, len(Vs) = 8100
[20190815_081445 / lib_ip.py:4208] blue : variance --> out of range (variance = 1212.245 / upper = 0.930 / lower = 0.010)
[20190815_081446 / lib_ip.py:3753] file = img.20190815_081439.2019-08-14_11-36-39_000.jpg.2.png / val_Average = 70.2473	val_Variance = 1212.2449	sd = 34.8173	max = 160	min = 0
[20190815_081446 / lib_ip.py:4275] len(Hs) = 8100, len(Ss) = 8100, len(Vs) = 8100
[20190815_081446 / lib_ip.py:4314] pink : variance --> out of range (variance = 1212.245 / upper = 0.750 / lower = 0.030)
[20190815_081446 / lib_ip.py:3753] file = img.20190815_081439.2019-08-14_11-36-39_000.jpg.2.png / val_Average = 70.2473	val_Variance = 1212.2449	sd = 34.8173	max = 160	min = 0
[20190815_081446 / lib_ip.py:4378] len(Hs) = 8100, len(Ss) = 8100, len(Vs) = 8100
[20190815_081446 / lib_ip.py:4422] black : variance --> out of range (variance = 1212.245 / upper = 0.000 / lower = 0.000)
[20190815_081446 / lib_ip.py:4593] file : img.20190815_081439.2019-08-14_11-36-39_000.jpg.2.png 1 (black : variance --> out of range (variance = 1212.245 / upper = 0.000 / lower = 0.000))
[20190815_081447 / lib_ip.py:2274] inspecting ===> img.20190815_081439.2019-08-14_11-36-39_000.jpg.3.png
[20190815_081447 / lib_ip.py:4505] 
img.20190815_081439.2019-08-14_11-36-39_000.jpg.3.png 2 ---------------------
[20190815_081448 / lib_ip.py:3753] file = img.20190815_081439.2019-08-14_11-36-39_000.jpg.3.png / val_Average = 110.1252	val_Variance = 17.5749	sd = 4.1922	max = 123	min = 99
[20190815_081448 / lib_ip.py:3836] len(Hs) = 8100, len(Ss) = 8100, len(Vs) = 8100
[20190815_081448 / lib_ip.py:3869] yellow : variance --> out of range (variance = 17.575 / upper = 0.650 / lower = 0.000)
[20190815_081448 / lib_ip.py:3753] file = img.20190815_081439.2019-08-14_11-36-39_000.jpg.3.png / val_Average = 110.1252	val_Variance = 17.5749	sd = 4.1922	max = 123	min = 99
[20190815_081449 / lib_ip.py:3936] len(Hs) = 8100, len(Ss) = 8100, len(Vs) = 8100
[20190815_081449 / lib_ip.py:3982] red : variance --> out of range (variance = 17.575 / upper = 0.430 / lower = 0.000)
[20190815_081449 / lib_ip.py:3753] file = img.20190815_081439.2019-08-14_11-36-39_000.jpg.3.png / val_Average = 110.1252	val_Variance = 17.5749	sd = 4.1922	max = 123	min = 99
[20190815_081449 / lib_ip.py:4052] len(Hs) = 8100, len(Ss) = 8100, len(Vs) = 8100
[20190815_081449 / lib_ip.py:4099] green : variance --> out of range (variance = 17.575 / upper = 0.760 / lower = 0.000)
[20190815_081449 / lib_ip.py:3753] file = img.20190815_081439.2019-08-14_11-36-39_000.jpg.3.png / val_Average = 110.1252	val_Variance = 17.5749	sd = 4.1922	max = 123	min = 99
[20190815_081449 / lib_ip.py:4169] len(Hs) = 8100, len(Ss) = 8100, len(Vs) = 8100
[20190815_081450 / lib_ip.py:4208] blue : variance --> out of range (variance = 17.575 / upper = 0.930 / lower = 0.010)
[20190815_081450 / lib_ip.py:3753] file = img.20190815_081439.2019-08-14_11-36-39_000.jpg.3.png / val_Average = 110.1252	val_Variance = 17.5749	sd = 4.1922	max = 123	min = 99
[20190815_081450 / lib_ip.py:4275] len(Hs) = 8100, len(Ss) = 8100, len(Vs) = 8100
[20190815_081450 / lib_ip.py:4314] pink : variance --> out of range (variance = 17.575 / upper = 0.750 / lower = 0.030)
[20190815_081450 / lib_ip.py:3753] file = img.20190815_081439.2019-08-14_11-36-39_000.jpg.3.png / val_Average = 110.1252	val_Variance = 17.5749	sd = 4.1922	max = 123	min = 99
[20190815_081450 / lib_ip.py:4378] len(Hs) = 8100, len(Ss) = 8100, len(Vs) = 8100
[20190815_081450 / lib_ip.py:4422] black : variance --> out of range (variance = 17.575 / upper = 0.000 / lower = 0.000)
[20190815_081450 / lib_ip.py:4593] file : img.20190815_081439.2019-08-14_11-36-39_000.jpg.3.png 2 (black : variance --> out of range (variance = 17.575 / upper = 0.000 / lower = 0.000))
[20190815_081450 / lib_ip.py:2274] inspecting ===> img.20190815_081439.2019-08-14_11-36-39_000.jpg.4.png
[20190815_081451 / lib_ip.py:4505] 
img.20190815_081439.2019-08-14_11-36-39_000.jpg.4.png 3 ---------------------
[20190815_081451 / lib_ip.py:3753] file = img.20190815_081439.2019-08-14_11-36-39_000.jpg.4.png / val_Average = 93.1141	val_Variance = 0.1011	sd = 0.3179	max = 94	min = 93
[20190815_081451 / lib_ip.py:3836] len(Hs) = 8100, len(Ss) = 8100, len(Vs) = 8100
[20190815_081450 / lib_ip.py:2274] inspecting ===> img.20190815_081439.2019-08-14_11-36-39_000.jpg.4.png
img.20190815_081439.2019-08-14_11-36-39_000.jpg.1.png => other
img.20190815_081439.2019-08-14_11-36-39_000.jpg.2.png => other
img.20190815_081439.2019-08-14_11-36-39_000.jpg.3.png => other
img.20190815_081439.2019-08-14_11-36-39_000.jpg.4.png => other
[20190815_081451 lib_ip.py:3301] =============== Get 4 corners
dpath_Images = C:\WORKS_2\WS\WS_Others.Art\JVEMV6\46_art\VIRTUAL\Admin_Projects\ip\images
fname_Image = img.20190815_081439.2019-08-14_11-36-39_000.jpg.4.png

[20190815_081452 / lib_ip.py:2274] inspecting ===> img.20190815_081452.2019-08-14_15-54-02_000.jpg.1.png
[20190815_081453 / lib_ip.py:4505] 
img.20190815_081452.2019-08-14_15-54-02_000.jpg.1.png 0 ---------------------
[20190815_081454 / lib_ip.py:3753] file = img.20190815_081452.2019-08-14_15-54-02_000.jpg.1.png / val_Average = 106.1665	val_Variance = 2.7865	sd = 1.6693	max = 110	min = 103
[20190815_081454 / lib_ip.py:3836] len(Hs) = 8100, len(Ss) = 8100, len(Vs) = 8100
[20190815_081454 / lib_ip.py:3869] yellow : variance --> out of range (variance = 2.786 / upper = 0.650 / lower = 0.000)
[20190815_081454 / lib_ip.py:3753] file = img.20190815_081452.2019-08-14_15-54-02_000.jpg.1.png / val_Average = 106.1665	val_Variance = 2.7865	sd = 1.6693	max = 110	min = 103
[20190815_081454 / lib_ip.py:3936] len(Hs) = 8100, len(Ss) = 8100, len(Vs) = 8100
[20190815_081454 / lib_ip.py:3982] red : variance --> out of range (variance = 2.786 / upper = 0.430 / lower = 0.000)
[20190815_081455 / lib_ip.py:3753] file = img.20190815_081452.2019-08-14_15-54-02_000.jpg.1.png / val_Average = 106.1665	val_Variance = 2.7865	sd = 1.6693	max = 110	min = 103
[20190815_081455 / lib_ip.py:4052] len(Hs) = 8100, len(Ss) = 8100, len(Vs) = 8100
[20190815_081455 / lib_ip.py:4099] green : variance --> out of range (variance = 2.786 / upper = 0.760 / lower = 0.000)
[20190815_081455 / lib_ip.py:3753] file = img.20190815_081452.2019-08-14_15-54-02_000.jpg.1.png / val_Average = 106.1665	val_Variance = 2.7865	sd = 1.6693	max = 110	min = 103
[20190815_081455 / lib_ip.py:4169] len(Hs) = 8100, len(Ss) = 8100, len(Vs) = 8100
[20190815_081455 / lib_ip.py:4208] blue : variance --> out of range (variance = 2.786 / upper = 0.930 / lower = 0.010)
[20190815_081455 / lib_ip.py:3753] file = img.20190815_081452.2019-08-14_15-54-02_000.jpg.1.png / val_Average = 106.1665	val_Variance = 2.7865	sd = 1.6693	max = 110	min = 103
[20190815_081455 / lib_ip.py:4275] len(Hs) = 8100, len(Ss) = 8100, len(Vs) = 8100
[20190815_081455 / lib_ip.py:4314] pink : variance --> out of range (variance = 2.786 / upper = 0.750 / lower = 0.030)
[20190815_081455 / lib_ip.py:3753] file = img.20190815_081452.2019-08-14_15-54-02_000.jpg.1.png / val_Average = 106.1665	val_Variance = 2.7865	sd = 1.6693	max = 110	min = 103
[20190815_081455 / lib_ip.py:4378] len(Hs) = 8100, len(Ss) = 8100, len(Vs) = 8100
[20190815_081456 / lib_ip.py:4422] black : variance --> out of range (variance = 2.786 / upper = 0.000 / lower = 0.000)
[20190815_081456 / lib_ip.py:4593] file : img.20190815_081452.2019-08-14_15-54-02_000.jpg.1.png 0 (black : variance --> out of range (variance = 2.786 / upper = 0.000 / lower = 0.000))
[20190815_081456 / lib_ip.py:2274] inspecting ===> img.20190815_081452.2019-08-14_15-54-02_000.jpg.2.png
[20190815_081457 / lib_ip.py:4505] 
img.20190815_081452.2019-08-14_15-54-02_000.jpg.2.png 1 ---------------------
[20190815_081457 / lib_ip.py:3753] file = img.20190815_081452.2019-08-14_15-54-02_000.jpg.2.png / val_Average = 121.5142	val_Variance = 0.2533	sd = 0.5032	max = 123	min = 120
[20190815_081457 / lib_ip.py:3836] len(Hs) = 8100, len(Ss) = 8100, len(Vs) = 8100
[20190815_081457 / lib_ip.py:3891] yellow : average --> out of range (average = 121.514 / upper = 99.200 / lower = 85.500)
[20190815_081457 / lib_ip.py:3753] file = img.20190815_081452.2019-08-14_15-54-02_000.jpg.2.png / val_Average = 121.5142	val_Variance = 0.2533	sd = 0.5032	max = 123	min = 120
[20190815_081457 / lib_ip.py:3936] len(Hs) = 8100, len(Ss) = 8100, len(Vs) = 8100
[20190815_081457 / lib_ip.py:2274] inspecting ===> img.20190815_081452.2019-08-14_15-54-02_000.jpg.3.png
[20190815_081458 / lib_ip.py:4505] 
img.20190815_081452.2019-08-14_15-54-02_000.jpg.3.png 2 ---------------------
[20190815_081458 / lib_ip.py:3753] file = img.20190815_081452.2019-08-14_15-54-02_000.jpg.3.png / val_Average = 91.2716	val_Variance = 7.6872	sd = 2.7726	max = 98	min = 85
[20190815_081458 / lib_ip.py:3836] len(Hs) = 8100, len(Ss) = 8100, len(Vs) = 8100
[20190815_081459 / lib_ip.py:3869] yellow : variance --> out of range (variance = 7.687 / upper = 0.650 / lower = 0.000)
[20190815_081459 / lib_ip.py:3753] file = img.20190815_081452.2019-08-14_15-54-02_000.jpg.3.png / val_Average = 91.2716	val_Variance = 7.6872	sd = 2.7726	max = 98	min = 85
[20190815_081459 / lib_ip.py:3936] len(Hs) = 8100, len(Ss) = 8100, len(Vs) = 8100
[20190815_081459 / lib_ip.py:3982] red : variance --> out of range (variance = 7.687 / upper = 0.430 / lower = 0.000)
[20190815_081459 / lib_ip.py:3753] file = img.20190815_081452.2019-08-14_15-54-02_000.jpg.3.png / val_Average = 91.2716	val_Variance = 7.6872	sd = 2.7726	max = 98	min = 85
[20190815_081459 / lib_ip.py:4052] len(Hs) = 8100, len(Ss) = 8100, len(Vs) = 8100
[20190815_081459 / lib_ip.py:4099] green : variance --> out of range (variance = 7.687 / upper = 0.760 / lower = 0.000)
[20190815_081459 / lib_ip.py:3753] file = img.20190815_081452.2019-08-14_15-54-02_000.jpg.3.png / val_Average = 91.2716	val_Variance = 7.6872	sd = 2.7726	max = 98	min = 85
[20190815_081459 / lib_ip.py:4169] len(Hs) = 8100, len(Ss) = 8100, len(Vs) = 8100
[20190815_081500 / lib_ip.py:4208] blue : variance --> out of range (variance = 7.687 / upper = 0.930 / lower = 0.010)
[20190815_081500 / lib_ip.py:3753] file = img.20190815_081452.2019-08-14_15-54-02_000.jpg.3.png / val_Average = 91.2716	val_Variance = 7.6872	sd = 2.7726	max = 98	min = 85
[20190815_081500 / lib_ip.py:4275] len(Hs) = 8100, len(Ss) = 8100, len(Vs) = 8100
[20190815_081500 / lib_ip.py:4314] pink : variance --> out of range (variance = 7.687 / upper = 0.750 / lower = 0.030)
[20190815_081500 / lib_ip.py:3753] file = img.20190815_081452.2019-08-14_15-54-02_000.jpg.3.png / val_Average = 91.2716	val_Variance = 7.6872	sd = 2.7726	max = 98	min = 85
[20190815_081500 / lib_ip.py:4378] len(Hs) = 8100, len(Ss) = 8100, len(Vs) = 8100
[20190815_081500 / lib_ip.py:4422] black : variance --> out of range (variance = 7.687 / upper = 0.000 / lower = 0.000)
[20190815_081500 / lib_ip.py:4593] file : img.20190815_081452.2019-08-14_15-54-02_000.jpg.3.png 2 (black : variance --> out of range (variance = 7.687 / upper = 0.000 / lower = 0.000))
[20190815_081500 / lib_ip.py:2274] inspecting ===> img.20190815_081452.2019-08-14_15-54-02_000.jpg.4.png
[20190815_081501 / lib_ip.py:4505] 
img.20190815_081452.2019-08-14_15-54-02_000.jpg.4.png 3 ---------------------
[20190815_081501 / lib_ip.py:3753] file = img.20190815_081452.2019-08-14_15-54-02_000.jpg.4.png / val_Average = 95.6396	val_Variance = 0.2305	sd = 0.4801	max = 96	min = 95
[20190815_081501 / lib_ip.py:3836] len(Hs) = 8100, len(Ss) = 8100, len(Vs) = 8100
[20190815_081500 / lib_ip.py:2274] inspecting ===> img.20190815_081452.2019-08-14_15-54-02_000.jpg.4.png
img.20190815_081452.2019-08-14_15-54-02_000.jpg.1.png => other
img.20190815_081452.2019-08-14_15-54-02_000.jpg.2.png => other
img.20190815_081452.2019-08-14_15-54-02_000.jpg.3.png => other
img.20190815_081452.2019-08-14_15-54-02_000.jpg.4.png => other
[20190815_081501 lib_ip.py:3301] =============== Get 4 corners
dpath_Images = C:\WORKS_2\WS\WS_Others.Art\JVEMV6\46_art\VIRTUAL\Admin_Projects\ip\images
fname_Image = img.20190815_081452.2019-08-14_15-54-02_000.jpg.4.png

[20190815_081503 / lib_ip.py:2274] inspecting ===> img.20190815_081502.2019-08-14_16-23-48_000.jpg.1.png
[20190815_081503 / lib_ip.py:4505] 
img.20190815_081502.2019-08-14_16-23-48_000.jpg.1.png 0 ---------------------
[20190815_081504 / lib_ip.py:3753] file = img.20190815_081502.2019-08-14_16-23-48_000.jpg.1.png / val_Average = 105.3156	val_Variance = 2.4288	sd = 1.5585	max = 111	min = 96
[20190815_081504 / lib_ip.py:3836] len(Hs) = 8100, len(Ss) = 8100, len(Vs) = 8100
[20190815_081504 / lib_ip.py:3869] yellow : variance --> out of range (variance = 2.429 / upper = 0.650 / lower = 0.000)
[20190815_081504 / lib_ip.py:3753] file = img.20190815_081502.2019-08-14_16-23-48_000.jpg.1.png / val_Average = 105.3156	val_Variance = 2.4288	sd = 1.5585	max = 111	min = 96
[20190815_081504 / lib_ip.py:3936] len(Hs) = 8100, len(Ss) = 8100, len(Vs) = 8100
[20190815_081505 / lib_ip.py:3982] red : variance --> out of range (variance = 2.429 / upper = 0.430 / lower = 0.000)
[20190815_081505 / lib_ip.py:3753] file = img.20190815_081502.2019-08-14_16-23-48_000.jpg.1.png / val_Average = 105.3156	val_Variance = 2.4288	sd = 1.5585	max = 111	min = 96
[20190815_081505 / lib_ip.py:4052] len(Hs) = 8100, len(Ss) = 8100, len(Vs) = 8100
[20190815_081505 / lib_ip.py:4099] green : variance --> out of range (variance = 2.429 / upper = 0.760 / lower = 0.000)
[20190815_081505 / lib_ip.py:3753] file = img.20190815_081502.2019-08-14_16-23-48_000.jpg.1.png / val_Average = 105.3156	val_Variance = 2.4288	sd = 1.5585	max = 111	min = 96
[20190815_081505 / lib_ip.py:4169] len(Hs) = 8100, len(Ss) = 8100, len(Vs) = 8100
[20190815_081506 / lib_ip.py:4208] blue : variance --> out of range (variance = 2.429 / upper = 0.930 / lower = 0.010)
[20190815_081506 / lib_ip.py:3753] file = img.20190815_081502.2019-08-14_16-23-48_000.jpg.1.png / val_Average = 105.3156	val_Variance = 2.4288	sd = 1.5585	max = 111	min = 96
[20190815_081506 / lib_ip.py:4275] len(Hs) = 8100, len(Ss) = 8100, len(Vs) = 8100
[20190815_081506 / lib_ip.py:4314] pink : variance --> out of range (variance = 2.429 / upper = 0.750 / lower = 0.030)
[20190815_081506 / lib_ip.py:3753] file = img.20190815_081502.2019-08-14_16-23-48_000.jpg.1.png / val_Average = 105.3156	val_Variance = 2.4288	sd = 1.5585	max = 111	min = 96
[20190815_081506 / lib_ip.py:4378] len(Hs) = 8100, len(Ss) = 8100, len(Vs) = 8100
[20190815_081506 / lib_ip.py:4422] black : variance --> out of range (variance = 2.429 / upper = 0.000 / lower = 0.000)
[20190815_081506 / lib_ip.py:4593] file : img.20190815_081502.2019-08-14_16-23-48_000.jpg.1.png 0 (black : variance --> out of range (variance = 2.429 / upper = 0.000 / lower = 0.000))
[20190815_081506 / lib_ip.py:2274] inspecting ===> img.20190815_081502.2019-08-14_16-23-48_000.jpg.2.png
[20190815_081507 / lib_ip.py:4505] 
img.20190815_081502.2019-08-14_16-23-48_000.jpg.2.png 1 ---------------------
[20190815_081507 / lib_ip.py:3753] file = img.20190815_081502.2019-08-14_16-23-48_000.jpg.2.png / val_Average = 102.8335	val_Variance = 37.6682	sd = 6.1374	max = 111	min = 77
[20190815_081507 / lib_ip.py:3836] len(Hs) = 8100, len(Ss) = 8100, len(Vs) = 8100
[20190815_081507 / lib_ip.py:3869] yellow : variance --> out of range (variance = 37.668 / upper = 0.650 / lower = 0.000)
[20190815_081507 / lib_ip.py:3753] file = img.20190815_081502.2019-08-14_16-23-48_000.jpg.2.png / val_Average = 102.8335	val_Variance = 37.6682	sd = 6.1374	max = 111	min = 77
[20190815_081507 / lib_ip.py:3936] len(Hs) = 8100, len(Ss) = 8100, len(Vs) = 8100
[20190815_081507 / lib_ip.py:3982] red : variance --> out of range (variance = 37.668 / upper = 0.430 / lower = 0.000)
[20190815_081507 / lib_ip.py:3753] file = img.20190815_081502.2019-08-14_16-23-48_000.jpg.2.png / val_Average = 102.8335	val_Variance = 37.6682	sd = 6.1374	max = 111	min = 77
[20190815_081507 / lib_ip.py:4052] len(Hs) = 8100, len(Ss) = 8100, len(Vs) = 8100
[20190815_081507 / lib_ip.py:4099] green : variance --> out of range (variance = 37.668 / upper = 0.760 / lower = 0.000)
[20190815_081507 / lib_ip.py:3753] file = img.20190815_081502.2019-08-14_16-23-48_000.jpg.2.png / val_Average = 102.8335	val_Variance = 37.6682	sd = 6.1374	max = 111	min = 77
[20190815_081508 / lib_ip.py:4169] len(Hs) = 8100, len(Ss) = 8100, len(Vs) = 8100
[20190815_081508 / lib_ip.py:4208] blue : variance --> out of range (variance = 37.668 / upper = 0.930 / lower = 0.010)
[20190815_081508 / lib_ip.py:3753] file = img.20190815_081502.2019-08-14_16-23-48_000.jpg.2.png / val_Average = 102.8335	val_Variance = 37.6682	sd = 6.1374	max = 111	min = 77
[20190815_081508 / lib_ip.py:4275] len(Hs) = 8100, len(Ss) = 8100, len(Vs) = 8100
[20190815_081508 / lib_ip.py:4314] pink : variance --> out of range (variance = 37.668 / upper = 0.750 / lower = 0.030)
[20190815_081508 / lib_ip.py:3753] file = img.20190815_081502.2019-08-14_16-23-48_000.jpg.2.png / val_Average = 102.8335	val_Variance = 37.6682	sd = 6.1374	max = 111	min = 77
[20190815_081508 / lib_ip.py:4378] len(Hs) = 8100, len(Ss) = 8100, len(Vs) = 8100
[20190815_081508 / lib_ip.py:4422] black : variance --> out of range (variance = 37.668 / upper = 0.000 / lower = 0.000)
[20190815_081508 / lib_ip.py:4593] file : img.20190815_081502.2019-08-14_16-23-48_000.jpg.2.png 1 (black : variance --> out of range (variance = 37.668 / upper = 0.000 / lower = 0.000))
[20190815_081508 / lib_ip.py:2274] inspecting ===> img.20190815_081502.2019-08-14_16-23-48_000.jpg.3.png
[20190815_081509 / lib_ip.py:4505] 
img.20190815_081502.2019-08-14_16-23-48_000.jpg.3.png 2 ---------------------
[20190815_081509 / lib_ip.py:3753] file = img.20190815_081502.2019-08-14_16-23-48_000.jpg.3.png / val_Average = 101.0515	val_Variance = 0.6972	sd = 0.8350	max = 104	min = 100
[20190815_081509 / lib_ip.py:3836] len(Hs) = 8100, len(Ss) = 8100, len(Vs) = 8100
[20190815_081509 / lib_ip.py:3869] yellow : variance --> out of range (variance = 0.697 / upper = 0.650 / lower = 0.000)
[20190815_081510 / lib_ip.py:3753] file = img.20190815_081502.2019-08-14_16-23-48_000.jpg.3.png / val_Average = 101.0515	val_Variance = 0.6972	sd = 0.8350	max = 104	min = 100
[20190815_081510 / lib_ip.py:3936] len(Hs) = 8100, len(Ss) = 8100, len(Vs) = 8100
[20190815_081510 / lib_ip.py:3982] red : variance --> out of range (variance = 0.697 / upper = 0.430 / lower = 0.000)
[20190815_081510 / lib_ip.py:3753] file = img.20190815_081502.2019-08-14_16-23-48_000.jpg.3.png / val_Average = 101.0515	val_Variance = 0.6972	sd = 0.8350	max = 104	min = 100
[20190815_081510 / lib_ip.py:4052] len(Hs) = 8100, len(Ss) = 8100, len(Vs) = 8100
[20190815_081510 / lib_ip.py:4124] green : average --> out of range (average = 101.051 / upper = 85.000 / lower = 58.000)
[20190815_081510 / lib_ip.py:3753] file = img.20190815_081502.2019-08-14_16-23-48_000.jpg.3.png / val_Average = 101.0515	val_Variance = 0.6972	sd = 0.8350	max = 104	min = 100
[20190815_081511 / lib_ip.py:4169] len(Hs) = 8100, len(Ss) = 8100, len(Vs) = 8100
[20190815_081511 / lib_ip.py:4230] blue : average --> out of range (average = 101.051 / upper = 17.000 / lower = 8.850)
[20190815_081511 / lib_ip.py:3753] file = img.20190815_081502.2019-08-14_16-23-48_000.jpg.3.png / val_Average = 101.0515	val_Variance = 0.6972	sd = 0.8350	max = 104	min = 100
[20190815_081511 / lib_ip.py:4275] len(Hs) = 8100, len(Ss) = 8100, len(Vs) = 8100
[20190815_081511 / lib_ip.py:4336] pink : average --> out of range (average = 101.051 / upper = 141.000 / lower = 127.900)
[20190815_081511 / lib_ip.py:3753] file = img.20190815_081502.2019-08-14_16-23-48_000.jpg.3.png / val_Average = 101.0515	val_Variance = 0.6972	sd = 0.8350	max = 104	min = 100
[20190815_081512 / lib_ip.py:4378] len(Hs) = 8100, len(Ss) = 8100, len(Vs) = 8100
[20190815_081512 / lib_ip.py:4422] black : variance --> out of range (variance = 0.697 / upper = 0.000 / lower = 0.000)
[20190815_081512 / lib_ip.py:4593] file : img.20190815_081502.2019-08-14_16-23-48_000.jpg.3.png 2 (black : variance --> out of range (variance = 0.697 / upper = 0.000 / lower = 0.000))
[20190815_081512 / lib_ip.py:2274] inspecting ===> img.20190815_081502.2019-08-14_16-23-48_000.jpg.4.png
[20190815_081513 / lib_ip.py:4505] 
img.20190815_081502.2019-08-14_16-23-48_000.jpg.4.png 3 ---------------------
[20190815_081513 / lib_ip.py:3753] file = img.20190815_081502.2019-08-14_16-23-48_000.jpg.4.png / val_Average = 101.4248	val_Variance = 8.1350	sd = 2.8522	max = 109	min = 94
[20190815_081513 / lib_ip.py:3836] len(Hs) = 8100, len(Ss) = 8100, len(Vs) = 8100
[20190815_081513 / lib_ip.py:3869] yellow : variance --> out of range (variance = 8.135 / upper = 0.650 / lower = 0.000)
[20190815_081514 / lib_ip.py:3753] file = img.20190815_081502.2019-08-14_16-23-48_000.jpg.4.png / val_Average = 101.4248	val_Variance = 8.1350	sd = 2.8522	max = 109	min = 94
[20190815_081514 / lib_ip.py:3936] len(Hs) = 8100, len(Ss) = 8100, len(Vs) = 8100
[20190815_081514 / lib_ip.py:3982] red : variance --> out of range (variance = 8.135 / upper = 0.430 / lower = 0.000)
[20190815_081514 / lib_ip.py:3753] file = img.20190815_081502.2019-08-14_16-23-48_000.jpg.4.png / val_Average = 101.4248	val_Variance = 8.1350	sd = 2.8522	max = 109	min = 94
[20190815_081514 / lib_ip.py:4052] len(Hs) = 8100, len(Ss) = 8100, len(Vs) = 8100
[20190815_081514 / lib_ip.py:4099] green : variance --> out of range (variance = 8.135 / upper = 0.760 / lower = 0.000)
[20190815_081514 / lib_ip.py:3753] file = img.20190815_081502.2019-08-14_16-23-48_000.jpg.4.png / val_Average = 101.4248	val_Variance = 8.1350	sd = 2.8522	max = 109	min = 94
[20190815_081514 / lib_ip.py:4169] len(Hs) = 8100, len(Ss) = 8100, len(Vs) = 8100
[20190815_081514 / lib_ip.py:4208] blue : variance --> out of range (variance = 8.135 / upper = 0.930 / lower = 0.010)
[20190815_081514 / lib_ip.py:3753] file = img.20190815_081502.2019-08-14_16-23-48_000.jpg.4.png / val_Average = 101.4248	val_Variance = 8.1350	sd = 2.8522	max = 109	min = 94
[20190815_081514 / lib_ip.py:4275] len(Hs) = 8100, len(Ss) = 8100, len(Vs) = 8100
[20190815_081514 / lib_ip.py:4314] pink : variance --> out of range (variance = 8.135 / upper = 0.750 / lower = 0.030)
[20190815_081515 / lib_ip.py:3753] file = img.20190815_081502.2019-08-14_16-23-48_000.jpg.4.png / val_Average = 101.4248	val_Variance = 8.1350	sd = 2.8522	max = 109	min = 94
[20190815_081515 / lib_ip.py:4378] len(Hs) = 8100, len(Ss) = 8100, len(Vs) = 8100
[20190815_081515 / lib_ip.py:4422] black : variance --> out of range (variance = 8.135 / upper = 0.000 / lower = 0.000)
[20190815_081515 / lib_ip.py:4593] file : img.20190815_081502.2019-08-14_16-23-48_000.jpg.4.png 3 (black : variance --> out of range (variance = 8.135 / upper = 0.000 / lower = 0.000))
[20190815_081512 / lib_ip.py:2274] inspecting ===> img.20190815_081502.2019-08-14_16-23-48_000.jpg.4.png
img.20190815_081502.2019-08-14_16-23-48_000.jpg.1.png => other
img.20190815_081502.2019-08-14_16-23-48_000.jpg.2.png => other
img.20190815_081502.2019-08-14_16-23-48_000.jpg.3.png => other
img.20190815_081502.2019-08-14_16-23-48_000.jpg.4.png => other
[20190815_081515 lib_ip.py:3301] =============== Get 4 corners
dpath_Images = C:\WORKS_2\WS\WS_Others.Art\JVEMV6\46_art\VIRTUAL\Admin_Projects\ip\images
fname_Image = img.20190815_081502.2019-08-14_16-23-48_000.jpg.4.png

[20190815_081516 / lib_ip.py:2274] inspecting ===> img.20190815_081516.2019-08-14_18-27-58_000.jpg.1.png
[20190815_081516 / lib_ip.py:4505] 
img.20190815_081516.2019-08-14_18-27-58_000.jpg.1.png 0 ---------------------
[20190815_081517 / lib_ip.py:3753] file = img.20190815_081516.2019-08-14_18-27-58_000.jpg.1.png / val_Average = 78.6058	val_Variance = 1892.1529	sd = 43.4989	max = 135	min = 0
[20190815_081517 / lib_ip.py:3836] len(Hs) = 8100, len(Ss) = 8100, len(Vs) = 8100
[20190815_081517 / lib_ip.py:3869] yellow : variance --> out of range (variance = 1892.153 / upper = 0.650 / lower = 0.000)
[20190815_081517 / lib_ip.py:3753] file = img.20190815_081516.2019-08-14_18-27-58_000.jpg.1.png / val_Average = 78.6058	val_Variance = 1892.1529	sd = 43.4989	max = 135	min = 0
[20190815_081517 / lib_ip.py:3936] len(Hs) = 8100, len(Ss) = 8100, len(Vs) = 8100
[20190815_081517 / lib_ip.py:3982] red : variance --> out of range (variance = 1892.153 / upper = 0.430 / lower = 0.000)
[20190815_081517 / lib_ip.py:3753] file = img.20190815_081516.2019-08-14_18-27-58_000.jpg.1.png / val_Average = 78.6058	val_Variance = 1892.1529	sd = 43.4989	max = 135	min = 0
[20190815_081518 / lib_ip.py:4052] len(Hs) = 8100, len(Ss) = 8100, len(Vs) = 8100
[20190815_081518 / lib_ip.py:4099] green : variance --> out of range (variance = 1892.153 / upper = 0.760 / lower = 0.000)
[20190815_081518 / lib_ip.py:3753] file = img.20190815_081516.2019-08-14_18-27-58_000.jpg.1.png / val_Average = 78.6058	val_Variance = 1892.1529	sd = 43.4989	max = 135	min = 0
[20190815_081518 / lib_ip.py:4169] len(Hs) = 8100, len(Ss) = 8100, len(Vs) = 8100
[20190815_081518 / lib_ip.py:4208] blue : variance --> out of range (variance = 1892.153 / upper = 0.930 / lower = 0.010)
[20190815_081518 / lib_ip.py:3753] file = img.20190815_081516.2019-08-14_18-27-58_000.jpg.1.png / val_Average = 78.6058	val_Variance = 1892.1529	sd = 43.4989	max = 135	min = 0
[20190815_081518 / lib_ip.py:4275] len(Hs) = 8100, len(Ss) = 8100, len(Vs) = 8100
[20190815_081519 / lib_ip.py:4314] pink : variance --> out of range (variance = 1892.153 / upper = 0.750 / lower = 0.030)
[20190815_081519 / lib_ip.py:3753] file = img.20190815_081516.2019-08-14_18-27-58_000.jpg.1.png / val_Average = 78.6058	val_Variance = 1892.1529	sd = 43.4989	max = 135	min = 0
[20190815_081519 / lib_ip.py:4378] len(Hs) = 8100, len(Ss) = 8100, len(Vs) = 8100
[20190815_081519 / lib_ip.py:4422] black : variance --> out of range (variance = 1892.153 / upper = 0.000 / lower = 0.000)
[20190815_081519 / lib_ip.py:4593] file : img.20190815_081516.2019-08-14_18-27-58_000.jpg.1.png 0 (black : variance --> out of range (variance = 1892.153 / upper = 0.000 / lower = 0.000))
[20190815_081519 / lib_ip.py:2274] inspecting ===> img.20190815_081516.2019-08-14_18-27-58_000.jpg.2.png
[20190815_081519 / lib_ip.py:4505] 
img.20190815_081516.2019-08-14_18-27-58_000.jpg.2.png 1 ---------------------
[20190815_081519 / lib_ip.py:3753] file = img.20190815_081516.2019-08-14_18-27-58_000.jpg.2.png / val_Average = 120.9241	val_Variance = 0.0874	sd = 0.2957	max = 122	min = 120
[20190815_081519 / lib_ip.py:3836] len(Hs) = 8100, len(Ss) = 8100, len(Vs) = 8100
[20190815_081520 / lib_ip.py:3891] yellow : average --> out of range (average = 120.924 / upper = 99.200 / lower = 85.500)
[20190815_081520 / lib_ip.py:3753] file = img.20190815_081516.2019-08-14_18-27-58_000.jpg.2.png / val_Average = 120.9241	val_Variance = 0.0874	sd = 0.2957	max = 122	min = 120
[20190815_081520 / lib_ip.py:3936] len(Hs) = 8100, len(Ss) = 8100, len(Vs) = 8100
[20190815_081520 / lib_ip.py:2274] inspecting ===> img.20190815_081516.2019-08-14_18-27-58_000.jpg.3.png
[20190815_081521 / lib_ip.py:4505] 
img.20190815_081516.2019-08-14_18-27-58_000.jpg.3.png 2 ---------------------
[20190815_081521 / lib_ip.py:3753] file = img.20190815_081516.2019-08-14_18-27-58_000.jpg.3.png / val_Average = 108.2585	val_Variance = 2.0951	sd = 1.4475	max = 117	min = 101
[20190815_081521 / lib_ip.py:3836] len(Hs) = 8100, len(Ss) = 8100, len(Vs) = 8100
[20190815_081521 / lib_ip.py:3869] yellow : variance --> out of range (variance = 2.095 / upper = 0.650 / lower = 0.000)
[20190815_081521 / lib_ip.py:3753] file = img.20190815_081516.2019-08-14_18-27-58_000.jpg.3.png / val_Average = 108.2585	val_Variance = 2.0951	sd = 1.4475	max = 117	min = 101
[20190815_081521 / lib_ip.py:3936] len(Hs) = 8100, len(Ss) = 8100, len(Vs) = 8100
[20190815_081522 / lib_ip.py:3982] red : variance --> out of range (variance = 2.095 / upper = 0.430 / lower = 0.000)
[20190815_081522 / lib_ip.py:3753] file = img.20190815_081516.2019-08-14_18-27-58_000.jpg.3.png / val_Average = 108.2585	val_Variance = 2.0951	sd = 1.4475	max = 117	min = 101
[20190815_081522 / lib_ip.py:4052] len(Hs) = 8100, len(Ss) = 8100, len(Vs) = 8100
[20190815_081522 / lib_ip.py:4099] green : variance --> out of range (variance = 2.095 / upper = 0.760 / lower = 0.000)
[20190815_081522 / lib_ip.py:3753] file = img.20190815_081516.2019-08-14_18-27-58_000.jpg.3.png / val_Average = 108.2585	val_Variance = 2.0951	sd = 1.4475	max = 117	min = 101
[20190815_081522 / lib_ip.py:4169] len(Hs) = 8100, len(Ss) = 8100, len(Vs) = 8100
[20190815_081522 / lib_ip.py:4208] blue : variance --> out of range (variance = 2.095 / upper = 0.930 / lower = 0.010)
[20190815_081522 / lib_ip.py:3753] file = img.20190815_081516.2019-08-14_18-27-58_000.jpg.3.png / val_Average = 108.2585	val_Variance = 2.0951	sd = 1.4475	max = 117	min = 101
[20190815_081522 / lib_ip.py:4275] len(Hs) = 8100, len(Ss) = 8100, len(Vs) = 8100
[20190815_081523 / lib_ip.py:4314] pink : variance --> out of range (variance = 2.095 / upper = 0.750 / lower = 0.030)
[20190815_081523 / lib_ip.py:3753] file = img.20190815_081516.2019-08-14_18-27-58_000.jpg.3.png / val_Average = 108.2585	val_Variance = 2.0951	sd = 1.4475	max = 117	min = 101
[20190815_081523 / lib_ip.py:4378] len(Hs) = 8100, len(Ss) = 8100, len(Vs) = 8100
[20190815_081523 / lib_ip.py:4422] black : variance --> out of range (variance = 2.095 / upper = 0.000 / lower = 0.000)
[20190815_081523 / lib_ip.py:4593] file : img.20190815_081516.2019-08-14_18-27-58_000.jpg.3.png 2 (black : variance --> out of range (variance = 2.095 / upper = 0.000 / lower = 0.000))
[20190815_081523 / lib_ip.py:2274] inspecting ===> img.20190815_081516.2019-08-14_18-27-58_000.jpg.4.png
[20190815_081524 / lib_ip.py:4505] 
img.20190815_081516.2019-08-14_18-27-58_000.jpg.4.png 3 ---------------------
[20190815_081524 / lib_ip.py:3753] file = img.20190815_081516.2019-08-14_18-27-58_000.jpg.4.png / val_Average = 110.8260	val_Variance = 5.4886	sd = 2.3428	max = 120	min = 105
[20190815_081524 / lib_ip.py:3836] len(Hs) = 8100, len(Ss) = 8100, len(Vs) = 8100
[20190815_081524 / lib_ip.py:3869] yellow : variance --> out of range (variance = 5.489 / upper = 0.650 / lower = 0.000)
[20190815_081524 / lib_ip.py:3753] file = img.20190815_081516.2019-08-14_18-27-58_000.jpg.4.png / val_Average = 110.8260	val_Variance = 5.4886	sd = 2.3428	max = 120	min = 105
[20190815_081524 / lib_ip.py:3936] len(Hs) = 8100, len(Ss) = 8100, len(Vs) = 8100
[20190815_081525 / lib_ip.py:3982] red : variance --> out of range (variance = 5.489 / upper = 0.430 / lower = 0.000)
[20190815_081525 / lib_ip.py:3753] file = img.20190815_081516.2019-08-14_18-27-58_000.jpg.4.png / val_Average = 110.8260	val_Variance = 5.4886	sd = 2.3428	max = 120	min = 105
[20190815_081525 / lib_ip.py:4052] len(Hs) = 8100, len(Ss) = 8100, len(Vs) = 8100
[20190815_081525 / lib_ip.py:4099] green : variance --> out of range (variance = 5.489 / upper = 0.760 / lower = 0.000)
[20190815_081525 / lib_ip.py:3753] file = img.20190815_081516.2019-08-14_18-27-58_000.jpg.4.png / val_Average = 110.8260	val_Variance = 5.4886	sd = 2.3428	max = 120	min = 105
[20190815_081525 / lib_ip.py:4169] len(Hs) = 8100, len(Ss) = 8100, len(Vs) = 8100
[20190815_081525 / lib_ip.py:4208] blue : variance --> out of range (variance = 5.489 / upper = 0.930 / lower = 0.010)
[20190815_081525 / lib_ip.py:3753] file = img.20190815_081516.2019-08-14_18-27-58_000.jpg.4.png / val_Average = 110.8260	val_Variance = 5.4886	sd = 2.3428	max = 120	min = 105
[20190815_081525 / lib_ip.py:4275] len(Hs) = 8100, len(Ss) = 8100, len(Vs) = 8100
[20190815_081525 / lib_ip.py:4314] pink : variance --> out of range (variance = 5.489 / upper = 0.750 / lower = 0.030)
[20190815_081526 / lib_ip.py:3753] file = img.20190815_081516.2019-08-14_18-27-58_000.jpg.4.png / val_Average = 110.8260	val_Variance = 5.4886	sd = 2.3428	max = 120	min = 105
[20190815_081526 / lib_ip.py:4378] len(Hs) = 8100, len(Ss) = 8100, len(Vs) = 8100
[20190815_081526 / lib_ip.py:4422] black : variance --> out of range (variance = 5.489 / upper = 0.000 / lower = 0.000)
[20190815_081526 / lib_ip.py:4593] file : img.20190815_081516.2019-08-14_18-27-58_000.jpg.4.png 3 (black : variance --> out of range (variance = 5.489 / upper = 0.000 / lower = 0.000))
[20190815_081523 / lib_ip.py:2274] inspecting ===> img.20190815_081516.2019-08-14_18-27-58_000.jpg.4.png
img.20190815_081516.2019-08-14_18-27-58_000.jpg.1.png => other
img.20190815_081516.2019-08-14_18-27-58_000.jpg.2.png => other
img.20190815_081516.2019-08-14_18-27-58_000.jpg.3.png => other
img.20190815_081516.2019-08-14_18-27-58_000.jpg.4.png => other
[20190815_081526 lib_ip.py:3301] =============== Get 4 corners
dpath_Images = C:\WORKS_2\WS\WS_Others.Art\JVEMV6\46_art\VIRTUAL\Admin_Projects\ip\images
fname_Image = img.20190815_081516.2019-08-14_18-27-58_000.jpg.4.png

[20190815_081527 / lib_ip.py:2274] inspecting ===> img.20190815_081527.2019-08-14_20-51-50_000.jpg.1.png
[20190815_081528 / lib_ip.py:4505] 
img.20190815_081527.2019-08-14_20-51-50_000.jpg.1.png 0 ---------------------
[20190815_081528 / lib_ip.py:3753] file = img.20190815_081527.2019-08-14_20-51-50_000.jpg.1.png / val_Average = 52.0942	val_Variance = 1279.6658	sd = 35.7724	max = 135	min = 0
[20190815_081528 / lib_ip.py:3836] len(Hs) = 8100, len(Ss) = 8100, len(Vs) = 8100
[20190815_081529 / lib_ip.py:3869] yellow : variance --> out of range (variance = 1279.666 / upper = 0.650 / lower = 0.000)
[20190815_081529 / lib_ip.py:3753] file = img.20190815_081527.2019-08-14_20-51-50_000.jpg.1.png / val_Average = 52.0942	val_Variance = 1279.6658	sd = 35.7724	max = 135	min = 0
[20190815_081529 / lib_ip.py:3936] len(Hs) = 8100, len(Ss) = 8100, len(Vs) = 8100
[20190815_081529 / lib_ip.py:3982] red : variance --> out of range (variance = 1279.666 / upper = 0.430 / lower = 0.000)
[20190815_081529 / lib_ip.py:3753] file = img.20190815_081527.2019-08-14_20-51-50_000.jpg.1.png / val_Average = 52.0942	val_Variance = 1279.6658	sd = 35.7724	max = 135	min = 0
[20190815_081529 / lib_ip.py:4052] len(Hs) = 8100, len(Ss) = 8100, len(Vs) = 8100
[20190815_081529 / lib_ip.py:4099] green : variance --> out of range (variance = 1279.666 / upper = 0.760 / lower = 0.000)
[20190815_081530 / lib_ip.py:3753] file = img.20190815_081527.2019-08-14_20-51-50_000.jpg.1.png / val_Average = 52.0942	val_Variance = 1279.6658	sd = 35.7724	max = 135	min = 0
[20190815_081530 / lib_ip.py:4169] len(Hs) = 8100, len(Ss) = 8100, len(Vs) = 8100
[20190815_081530 / lib_ip.py:4208] blue : variance --> out of range (variance = 1279.666 / upper = 0.930 / lower = 0.010)
[20190815_081530 / lib_ip.py:3753] file = img.20190815_081527.2019-08-14_20-51-50_000.jpg.1.png / val_Average = 52.0942	val_Variance = 1279.6658	sd = 35.7724	max = 135	min = 0
[20190815_081530 / lib_ip.py:4275] len(Hs) = 8100, len(Ss) = 8100, len(Vs) = 8100
[20190815_081530 / lib_ip.py:4314] pink : variance --> out of range (variance = 1279.666 / upper = 0.750 / lower = 0.030)
[20190815_081531 / lib_ip.py:3753] file = img.20190815_081527.2019-08-14_20-51-50_000.jpg.1.png / val_Average = 52.0942	val_Variance = 1279.6658	sd = 35.7724	max = 135	min = 0
[20190815_081531 / lib_ip.py:4378] len(Hs) = 8100, len(Ss) = 8100, len(Vs) = 8100
[20190815_081531 / lib_ip.py:4422] black : variance --> out of range (variance = 1279.666 / upper = 0.000 / lower = 0.000)
[20190815_081531 / lib_ip.py:4593] file : img.20190815_081527.2019-08-14_20-51-50_000.jpg.1.png 0 (black : variance --> out of range (variance = 1279.666 / upper = 0.000 / lower = 0.000))
[20190815_081531 / lib_ip.py:2274] inspecting ===> img.20190815_081527.2019-08-14_20-51-50_000.jpg.2.png
[20190815_081532 / lib_ip.py:4505] 
img.20190815_081527.2019-08-14_20-51-50_000.jpg.2.png 1 ---------------------
[20190815_081532 / lib_ip.py:3753] file = img.20190815_081527.2019-08-14_20-51-50_000.jpg.2.png / val_Average = 90.8951	val_Variance = 0.0939	sd = 0.3065	max = 91	min = 90
[20190815_081532 / lib_ip.py:3836] len(Hs) = 8100, len(Ss) = 8100, len(Vs) = 8100
[20190815_081532 / lib_ip.py:2274] inspecting ===> img.20190815_081527.2019-08-14_20-51-50_000.jpg.3.png
[20190815_081533 / lib_ip.py:4505] 
img.20190815_081527.2019-08-14_20-51-50_000.jpg.3.png 2 ---------------------
[20190815_081533 / lib_ip.py:3753] file = img.20190815_081527.2019-08-14_20-51-50_000.jpg.3.png / val_Average = 40.1490	val_Variance = 1806.0905	sd = 42.4981	max = 135	min = 0
[20190815_081533 / lib_ip.py:3836] len(Hs) = 8100, len(Ss) = 8100, len(Vs) = 8100
[20190815_081533 / lib_ip.py:3869] yellow : variance --> out of range (variance = 1806.091 / upper = 0.650 / lower = 0.000)
[20190815_081533 / lib_ip.py:3753] file = img.20190815_081527.2019-08-14_20-51-50_000.jpg.3.png / val_Average = 40.1490	val_Variance = 1806.0905	sd = 42.4981	max = 135	min = 0
[20190815_081534 / lib_ip.py:3936] len(Hs) = 8100, len(Ss) = 8100, len(Vs) = 8100
[20190815_081534 / lib_ip.py:3982] red : variance --> out of range (variance = 1806.091 / upper = 0.430 / lower = 0.000)
[20190815_081534 / lib_ip.py:3753] file = img.20190815_081527.2019-08-14_20-51-50_000.jpg.3.png / val_Average = 40.1490	val_Variance = 1806.0905	sd = 42.4981	max = 135	min = 0
[20190815_081534 / lib_ip.py:4052] len(Hs) = 8100, len(Ss) = 8100, len(Vs) = 8100
[20190815_081534 / lib_ip.py:4099] green : variance --> out of range (variance = 1806.091 / upper = 0.760 / lower = 0.000)
[20190815_081534 / lib_ip.py:3753] file = img.20190815_081527.2019-08-14_20-51-50_000.jpg.3.png / val_Average = 40.1490	val_Variance = 1806.0905	sd = 42.4981	max = 135	min = 0
[20190815_081534 / lib_ip.py:4169] len(Hs) = 8100, len(Ss) = 8100, len(Vs) = 8100
[20190815_081534 / lib_ip.py:4208] blue : variance --> out of range (variance = 1806.091 / upper = 0.930 / lower = 0.010)
[20190815_081535 / lib_ip.py:3753] file = img.20190815_081527.2019-08-14_20-51-50_000.jpg.3.png / val_Average = 40.1490	val_Variance = 1806.0905	sd = 42.4981	max = 135	min = 0
[20190815_081535 / lib_ip.py:4275] len(Hs) = 8100, len(Ss) = 8100, len(Vs) = 8100
[20190815_081535 / lib_ip.py:4314] pink : variance --> out of range (variance = 1806.091 / upper = 0.750 / lower = 0.030)
[20190815_081535 / lib_ip.py:3753] file = img.20190815_081527.2019-08-14_20-51-50_000.jpg.3.png / val_Average = 40.1490	val_Variance = 1806.0905	sd = 42.4981	max = 135	min = 0
[20190815_081535 / lib_ip.py:4378] len(Hs) = 8100, len(Ss) = 8100, len(Vs) = 8100
[20190815_081535 / lib_ip.py:4422] black : variance --> out of range (variance = 1806.091 / upper = 0.000 / lower = 0.000)
[20190815_081536 / lib_ip.py:4593] file : img.20190815_081527.2019-08-14_20-51-50_000.jpg.3.png 2 (black : variance --> out of range (variance = 1806.091 / upper = 0.000 / lower = 0.000))
[20190815_081536 / lib_ip.py:2274] inspecting ===> img.20190815_081527.2019-08-14_20-51-50_000.jpg.4.png
[20190815_081537 / lib_ip.py:4505] 
img.20190815_081527.2019-08-14_20-51-50_000.jpg.4.png 3 ---------------------
[20190815_081537 / lib_ip.py:3753] file = img.20190815_081527.2019-08-14_20-51-50_000.jpg.4.png / val_Average = 38.4088	val_Variance = 1994.5459	sd = 44.6603	max = 135	min = 0
[20190815_081537 / lib_ip.py:3836] len(Hs) = 8100, len(Ss) = 8100, len(Vs) = 8100
[20190815_081537 / lib_ip.py:3869] yellow : variance --> out of range (variance = 1994.546 / upper = 0.650 / lower = 0.000)
[20190815_081538 / lib_ip.py:3753] file = img.20190815_081527.2019-08-14_20-51-50_000.jpg.4.png / val_Average = 38.4088	val_Variance = 1994.5459	sd = 44.6603	max = 135	min = 0
[20190815_081538 / lib_ip.py:3936] len(Hs) = 8100, len(Ss) = 8100, len(Vs) = 8100
[20190815_081538 / lib_ip.py:3982] red : variance --> out of range (variance = 1994.546 / upper = 0.430 / lower = 0.000)
[20190815_081538 / lib_ip.py:3753] file = img.20190815_081527.2019-08-14_20-51-50_000.jpg.4.png / val_Average = 38.4088	val_Variance = 1994.5459	sd = 44.6603	max = 135	min = 0
[20190815_081538 / lib_ip.py:4052] len(Hs) = 8100, len(Ss) = 8100, len(Vs) = 8100
[20190815_081539 / lib_ip.py:4099] green : variance --> out of range (variance = 1994.546 / upper = 0.760 / lower = 0.000)
[20190815_081539 / lib_ip.py:3753] file = img.20190815_081527.2019-08-14_20-51-50_000.jpg.4.png / val_Average = 38.4088	val_Variance = 1994.5459	sd = 44.6603	max = 135	min = 0
[20190815_081539 / lib_ip.py:4169] len(Hs) = 8100, len(Ss) = 8100, len(Vs) = 8100
[20190815_081539 / lib_ip.py:4208] blue : variance --> out of range (variance = 1994.546 / upper = 0.930 / lower = 0.010)
[20190815_081539 / lib_ip.py:3753] file = img.20190815_081527.2019-08-14_20-51-50_000.jpg.4.png / val_Average = 38.4088	val_Variance = 1994.5459	sd = 44.6603	max = 135	min = 0
[20190815_081539 / lib_ip.py:4275] len(Hs) = 8100, len(Ss) = 8100, len(Vs) = 8100
[20190815_081539 / lib_ip.py:4314] pink : variance --> out of range (variance = 1994.546 / upper = 0.750 / lower = 0.030)
[20190815_081540 / lib_ip.py:3753] file = img.20190815_081527.2019-08-14_20-51-50_000.jpg.4.png / val_Average = 38.4088	val_Variance = 1994.5459	sd = 44.6603	max = 135	min = 0
[20190815_081540 / lib_ip.py:4378] len(Hs) = 8100, len(Ss) = 8100, len(Vs) = 8100
[20190815_081540 / lib_ip.py:4422] black : variance --> out of range (variance = 1994.546 / upper = 0.000 / lower = 0.000)
[20190815_081540 / lib_ip.py:4593] file : img.20190815_081527.2019-08-14_20-51-50_000.jpg.4.png 3 (black : variance --> out of range (variance = 1994.546 / upper = 0.000 / lower = 0.000))
[20190815_081536 / lib_ip.py:2274] inspecting ===> img.20190815_081527.2019-08-14_20-51-50_000.jpg.4.png
img.20190815_081527.2019-08-14_20-51-50_000.jpg.1.png => other
img.20190815_081527.2019-08-14_20-51-50_000.jpg.2.png => other
img.20190815_081527.2019-08-14_20-51-50_000.jpg.3.png => other
img.20190815_081527.2019-08-14_20-51-50_000.jpg.4.png => other
[20190815_081540 lib_ip.py:3301] =============== Get 4 corners
dpath_Images = C:\WORKS_2\WS\WS_Others.Art\JVEMV6\46_art\VIRTUAL\Admin_Projects\ip\images
fname_Image = img.20190815_081527.2019-08-14_20-51-50_000.jpg.4.png

[20190815_081542 / lib_ip.py:2274] inspecting ===> img.20190815_081541.2019-08-15_07-13-33_000.jpg.1.png
[20190815_081543 / lib_ip.py:4505] 
img.20190815_081541.2019-08-15_07-13-33_000.jpg.1.png 0 ---------------------
[20190815_081543 / lib_ip.py:3753] file = img.20190815_081541.2019-08-15_07-13-33_000.jpg.1.png / val_Average = 102.5442	val_Variance = 6.0774	sd = 2.4652	max = 109	min = 93
[20190815_081543 / lib_ip.py:3836] len(Hs) = 8100, len(Ss) = 8100, len(Vs) = 8100
[20190815_081544 / lib_ip.py:3869] yellow : variance --> out of range (variance = 6.077 / upper = 0.650 / lower = 0.000)
[20190815_081544 / lib_ip.py:3753] file = img.20190815_081541.2019-08-15_07-13-33_000.jpg.1.png / val_Average = 102.5442	val_Variance = 6.0774	sd = 2.4652	max = 109	min = 93
[20190815_081544 / lib_ip.py:3936] len(Hs) = 8100, len(Ss) = 8100, len(Vs) = 8100
[20190815_081544 / lib_ip.py:3982] red : variance --> out of range (variance = 6.077 / upper = 0.430 / lower = 0.000)
[20190815_081544 / lib_ip.py:3753] file = img.20190815_081541.2019-08-15_07-13-33_000.jpg.1.png / val_Average = 102.5442	val_Variance = 6.0774	sd = 2.4652	max = 109	min = 93
[20190815_081544 / lib_ip.py:4052] len(Hs) = 8100, len(Ss) = 8100, len(Vs) = 8100
[20190815_081545 / lib_ip.py:4099] green : variance --> out of range (variance = 6.077 / upper = 0.760 / lower = 0.000)
[20190815_081545 / lib_ip.py:3753] file = img.20190815_081541.2019-08-15_07-13-33_000.jpg.1.png / val_Average = 102.5442	val_Variance = 6.0774	sd = 2.4652	max = 109	min = 93
[20190815_081545 / lib_ip.py:4169] len(Hs) = 8100, len(Ss) = 8100, len(Vs) = 8100
[20190815_081545 / lib_ip.py:4208] blue : variance --> out of range (variance = 6.077 / upper = 0.930 / lower = 0.010)
[20190815_081545 / lib_ip.py:3753] file = img.20190815_081541.2019-08-15_07-13-33_000.jpg.1.png / val_Average = 102.5442	val_Variance = 6.0774	sd = 2.4652	max = 109	min = 93
[20190815_081546 / lib_ip.py:4275] len(Hs) = 8100, len(Ss) = 8100, len(Vs) = 8100
[20190815_081546 / lib_ip.py:4314] pink : variance --> out of range (variance = 6.077 / upper = 0.750 / lower = 0.030)
[20190815_081546 / lib_ip.py:3753] file = img.20190815_081541.2019-08-15_07-13-33_000.jpg.1.png / val_Average = 102.5442	val_Variance = 6.0774	sd = 2.4652	max = 109	min = 93
[20190815_081546 / lib_ip.py:4378] len(Hs) = 8100, len(Ss) = 8100, len(Vs) = 8100
[20190815_081546 / lib_ip.py:4422] black : variance --> out of range (variance = 6.077 / upper = 0.000 / lower = 0.000)
[20190815_081546 / lib_ip.py:4593] file : img.20190815_081541.2019-08-15_07-13-33_000.jpg.1.png 0 (black : variance --> out of range (variance = 6.077 / upper = 0.000 / lower = 0.000))
[20190815_081546 / lib_ip.py:2274] inspecting ===> img.20190815_081541.2019-08-15_07-13-33_000.jpg.2.png
[20190815_081547 / lib_ip.py:4505] 
img.20190815_081541.2019-08-15_07-13-33_000.jpg.2.png 1 ---------------------
[20190815_081547 / lib_ip.py:3753] file = img.20190815_081541.2019-08-15_07-13-33_000.jpg.2.png / val_Average = 78.8407	val_Variance = 922.1697	sd = 30.3672	max = 160	min = 0
[20190815_081547 / lib_ip.py:3836] len(Hs) = 8100, len(Ss) = 8100, len(Vs) = 8100
[20190815_081547 / lib_ip.py:3869] yellow : variance --> out of range (variance = 922.170 / upper = 0.650 / lower = 0.000)
[20190815_081548 / lib_ip.py:3753] file = img.20190815_081541.2019-08-15_07-13-33_000.jpg.2.png / val_Average = 78.8407	val_Variance = 922.1697	sd = 30.3672	max = 160	min = 0
[20190815_081548 / lib_ip.py:3936] len(Hs) = 8100, len(Ss) = 8100, len(Vs) = 8100
[20190815_081548 / lib_ip.py:3982] red : variance --> out of range (variance = 922.170 / upper = 0.430 / lower = 0.000)
[20190815_081548 / lib_ip.py:3753] file = img.20190815_081541.2019-08-15_07-13-33_000.jpg.2.png / val_Average = 78.8407	val_Variance = 922.1697	sd = 30.3672	max = 160	min = 0
[20190815_081548 / lib_ip.py:4052] len(Hs) = 8100, len(Ss) = 8100, len(Vs) = 8100
[20190815_081548 / lib_ip.py:4099] green : variance --> out of range (variance = 922.170 / upper = 0.760 / lower = 0.000)
[20190815_081548 / lib_ip.py:3753] file = img.20190815_081541.2019-08-15_07-13-33_000.jpg.2.png / val_Average = 78.8407	val_Variance = 922.1697	sd = 30.3672	max = 160	min = 0
[20190815_081548 / lib_ip.py:4169] len(Hs) = 8100, len(Ss) = 8100, len(Vs) = 8100
[20190815_081548 / lib_ip.py:4208] blue : variance --> out of range (variance = 922.170 / upper = 0.930 / lower = 0.010)
[20190815_081549 / lib_ip.py:3753] file = img.20190815_081541.2019-08-15_07-13-33_000.jpg.2.png / val_Average = 78.8407	val_Variance = 922.1697	sd = 30.3672	max = 160	min = 0
[20190815_081549 / lib_ip.py:4275] len(Hs) = 8100, len(Ss) = 8100, len(Vs) = 8100
[20190815_081549 / lib_ip.py:4314] pink : variance --> out of range (variance = 922.170 / upper = 0.750 / lower = 0.030)
[20190815_081549 / lib_ip.py:3753] file = img.20190815_081541.2019-08-15_07-13-33_000.jpg.2.png / val_Average = 78.8407	val_Variance = 922.1697	sd = 30.3672	max = 160	min = 0
[20190815_081549 / lib_ip.py:4378] len(Hs) = 8100, len(Ss) = 8100, len(Vs) = 8100
[20190815_081549 / lib_ip.py:4422] black : variance --> out of range (variance = 922.170 / upper = 0.000 / lower = 0.000)
[20190815_081549 / lib_ip.py:4593] file : img.20190815_081541.2019-08-15_07-13-33_000.jpg.2.png 1 (black : variance --> out of range (variance = 922.170 / upper = 0.000 / lower = 0.000))
[20190815_081549 / lib_ip.py:2274] inspecting ===> img.20190815_081541.2019-08-15_07-13-33_000.jpg.3.png
[20190815_081550 / lib_ip.py:4505] 
img.20190815_081541.2019-08-15_07-13-33_000.jpg.3.png 2 ---------------------
[20190815_081550 / lib_ip.py:3753] file = img.20190815_081541.2019-08-15_07-13-33_000.jpg.3.png / val_Average = 101.2938	val_Variance = 0.5976	sd = 0.7731	max = 104	min = 99
[20190815_081550 / lib_ip.py:3836] len(Hs) = 8100, len(Ss) = 8100, len(Vs) = 8100
[20190815_081550 / lib_ip.py:3891] yellow : average --> out of range (average = 101.294 / upper = 99.200 / lower = 85.500)
[20190815_081550 / lib_ip.py:3753] file = img.20190815_081541.2019-08-15_07-13-33_000.jpg.3.png / val_Average = 101.2938	val_Variance = 0.5976	sd = 0.7731	max = 104	min = 99
[20190815_081550 / lib_ip.py:3936] len(Hs) = 8100, len(Ss) = 8100, len(Vs) = 8100
[20190815_081550 / lib_ip.py:3982] red : variance --> out of range (variance = 0.598 / upper = 0.430 / lower = 0.000)
[20190815_081551 / lib_ip.py:3753] file = img.20190815_081541.2019-08-15_07-13-33_000.jpg.3.png / val_Average = 101.2938	val_Variance = 0.5976	sd = 0.7731	max = 104	min = 99
[20190815_081551 / lib_ip.py:4052] len(Hs) = 8100, len(Ss) = 8100, len(Vs) = 8100
[20190815_081551 / lib_ip.py:4124] green : average --> out of range (average = 101.294 / upper = 85.000 / lower = 58.000)
[20190815_081551 / lib_ip.py:3753] file = img.20190815_081541.2019-08-15_07-13-33_000.jpg.3.png / val_Average = 101.2938	val_Variance = 0.5976	sd = 0.7731	max = 104	min = 99
[20190815_081551 / lib_ip.py:4169] len(Hs) = 8100, len(Ss) = 8100, len(Vs) = 8100
[20190815_081551 / lib_ip.py:4230] blue : average --> out of range (average = 101.294 / upper = 17.000 / lower = 8.850)
[20190815_081551 / lib_ip.py:3753] file = img.20190815_081541.2019-08-15_07-13-33_000.jpg.3.png / val_Average = 101.2938	val_Variance = 0.5976	sd = 0.7731	max = 104	min = 99
[20190815_081551 / lib_ip.py:4275] len(Hs) = 8100, len(Ss) = 8100, len(Vs) = 8100
[20190815_081551 / lib_ip.py:4336] pink : average --> out of range (average = 101.294 / upper = 141.000 / lower = 127.900)
[20190815_081551 / lib_ip.py:3753] file = img.20190815_081541.2019-08-15_07-13-33_000.jpg.3.png / val_Average = 101.2938	val_Variance = 0.5976	sd = 0.7731	max = 104	min = 99
[20190815_081551 / lib_ip.py:4378] len(Hs) = 8100, len(Ss) = 8100, len(Vs) = 8100
[20190815_081552 / lib_ip.py:4422] black : variance --> out of range (variance = 0.598 / upper = 0.000 / lower = 0.000)
[20190815_081552 / lib_ip.py:4593] file : img.20190815_081541.2019-08-15_07-13-33_000.jpg.3.png 2 (black : variance --> out of range (variance = 0.598 / upper = 0.000 / lower = 0.000))
[20190815_081552 / lib_ip.py:2274] inspecting ===> img.20190815_081541.2019-08-15_07-13-33_000.jpg.4.png
[20190815_081552 / lib_ip.py:4505] 
img.20190815_081541.2019-08-15_07-13-33_000.jpg.4.png 3 ---------------------
[20190815_081552 / lib_ip.py:3753] file = img.20190815_081541.2019-08-15_07-13-33_000.jpg.4.png / val_Average = 102.4526	val_Variance = 0.6532	sd = 0.8082	max = 105	min = 100
[20190815_081552 / lib_ip.py:3836] len(Hs) = 8100, len(Ss) = 8100, len(Vs) = 8100
[20190815_081552 / lib_ip.py:3869] yellow : variance --> out of range (variance = 0.653 / upper = 0.650 / lower = 0.000)
[20190815_081552 / lib_ip.py:3753] file = img.20190815_081541.2019-08-15_07-13-33_000.jpg.4.png / val_Average = 102.4526	val_Variance = 0.6532	sd = 0.8082	max = 105	min = 100
[20190815_081553 / lib_ip.py:3936] len(Hs) = 8100, len(Ss) = 8100, len(Vs) = 8100
[20190815_081553 / lib_ip.py:3982] red : variance --> out of range (variance = 0.653 / upper = 0.430 / lower = 0.000)
[20190815_081553 / lib_ip.py:3753] file = img.20190815_081541.2019-08-15_07-13-33_000.jpg.4.png / val_Average = 102.4526	val_Variance = 0.6532	sd = 0.8082	max = 105	min = 100
[20190815_081553 / lib_ip.py:4052] len(Hs) = 8100, len(Ss) = 8100, len(Vs) = 8100
[20190815_081553 / lib_ip.py:4124] green : average --> out of range (average = 102.453 / upper = 85.000 / lower = 58.000)
[20190815_081553 / lib_ip.py:3753] file = img.20190815_081541.2019-08-15_07-13-33_000.jpg.4.png / val_Average = 102.4526	val_Variance = 0.6532	sd = 0.8082	max = 105	min = 100
[20190815_081553 / lib_ip.py:4169] len(Hs) = 8100, len(Ss) = 8100, len(Vs) = 8100
[20190815_081553 / lib_ip.py:4230] blue : average --> out of range (average = 102.453 / upper = 17.000 / lower = 8.850)
[20190815_081553 / lib_ip.py:3753] file = img.20190815_081541.2019-08-15_07-13-33_000.jpg.4.png / val_Average = 102.4526	val_Variance = 0.6532	sd = 0.8082	max = 105	min = 100
[20190815_081553 / lib_ip.py:4275] len(Hs) = 8100, len(Ss) = 8100, len(Vs) = 8100
[20190815_081554 / lib_ip.py:4336] pink : average --> out of range (average = 102.453 / upper = 141.000 / lower = 127.900)
[20190815_081554 / lib_ip.py:3753] file = img.20190815_081541.2019-08-15_07-13-33_000.jpg.4.png / val_Average = 102.4526	val_Variance = 0.6532	sd = 0.8082	max = 105	min = 100
[20190815_081554 / lib_ip.py:4378] len(Hs) = 8100, len(Ss) = 8100, len(Vs) = 8100
[20190815_081554 / lib_ip.py:4422] black : variance --> out of range (variance = 0.653 / upper = 0.000 / lower = 0.000)
[20190815_081554 / lib_ip.py:4593] file : img.20190815_081541.2019-08-15_07-13-33_000.jpg.4.png 3 (black : variance --> out of range (variance = 0.653 / upper = 0.000 / lower = 0.000))
[20190815_081552 / lib_ip.py:2274] inspecting ===> img.20190815_081541.2019-08-15_07-13-33_000.jpg.4.png
img.20190815_081541.2019-08-15_07-13-33_000.jpg.1.png => other
img.20190815_081541.2019-08-15_07-13-33_000.jpg.2.png => other
img.20190815_081541.2019-08-15_07-13-33_000.jpg.3.png => other
img.20190815_081541.2019-08-15_07-13-33_000.jpg.4.png => other
[20190815_081554 lib_ip.py:3301] =============== Get 4 corners
dpath_Images = C:\WORKS_2\WS\WS_Others.Art\JVEMV6\46_art\VIRTUAL\Admin_Projects\ip\images
fname_Image = img.20190815_081541.2019-08-15_07-13-33_000.jpg.4.png

[20190815_081554 / views.py:1411] gen csv => complete (20190815_081554)(elapsed = 76.478 sec / 6 files / 12.746 sec per file)
1)	2019-08-14_11-36-39_000.jpg => 	other other other yellow 
2)	2019-08-14_15-54-02_000.jpg => 	other red other yellow 
3)	2019-08-14_16-23-48_000.jpg => 	other other other other 
4)	2019-08-14_18-27-58_000.jpg => 	other red other other 
5)	2019-08-14_20-51-50_000.jpg => 	other yellow other other 
6)	2019-08-15_07-13-33_000.jpg => 	other other other other 
[20190815_081554 / views.py:1753] lo_ColorName_Set__Modified_2 =>
1)	2019-08-14_11-36-39_000.jpg => 	o o o y 
2)	2019-08-14_15-54-02_000.jpg => 	o o r y 
3)	2019-08-14_16-23-48_000.jpg => 	o o o o 
4)	2019-08-14_18-27-58_000.jpg => 	o o o r 
5)	2019-08-14_20-51-50_000.jpg => 	o o o y 
6)	2019-08-15_07-13-33_000.jpg => 	o o o o 
[20190815_081556 / views.py:1839] gen_Cake_CSV(request) ==> ending... =======================//

