[20191008_090908 / views.py:1822] gen_Cake_CSV(request) ==> starting... =======================
[20191008_090910 / lib_ip.py:2274] inspecting ===> img.20191008_090910.2019-10-07_09-36-45_000.jpg.1.png
[20191008_090910 / lib_ip.py:4505] 
img.20191008_090910.2019-10-07_09-36-45_000.jpg.1.png 0 ---------------------
[20191008_090911 / lib_ip.py:3753] file = img.20191008_090910.2019-10-07_09-36-45_000.jpg.1.png / val_Average = 133.3796	val_Variance = 112.4353	sd = 10.6035	max = 159	min = 110
[20191008_090911 / lib_ip.py:3836] len(Hs) = 8100, len(Ss) = 8100, len(Vs) = 8100
[20191008_090911 / lib_ip.py:3869] yellow : variance --> out of range (variance = 112.435 / upper = 0.650 / lower = 0.000)
[20191008_090911 / lib_ip.py:3753] file = img.20191008_090910.2019-10-07_09-36-45_000.jpg.1.png / val_Average = 133.3796	val_Variance = 112.4353	sd = 10.6035	max = 159	min = 110
[20191008_090911 / lib_ip.py:3936] len(Hs) = 8100, len(Ss) = 8100, len(Vs) = 8100
[20191008_090911 / lib_ip.py:3982] red : variance --> out of range (variance = 112.435 / upper = 0.430 / lower = 0.000)
[20191008_090911 / lib_ip.py:3753] file = img.20191008_090910.2019-10-07_09-36-45_000.jpg.1.png / val_Average = 133.3796	val_Variance = 112.4353	sd = 10.6035	max = 159	min = 110
[20191008_090911 / lib_ip.py:4052] len(Hs) = 8100, len(Ss) = 8100, len(Vs) = 8100
[20191008_090911 / lib_ip.py:4099] green : variance --> out of range (variance = 112.435 / upper = 0.760 / lower = 0.000)
[20191008_090911 / lib_ip.py:3753] file = img.20191008_090910.2019-10-07_09-36-45_000.jpg.1.png / val_Average = 133.3796	val_Variance = 112.4353	sd = 10.6035	max = 159	min = 110
[20191008_090911 / lib_ip.py:4169] len(Hs) = 8100, len(Ss) = 8100, len(Vs) = 8100
[20191008_090911 / lib_ip.py:4208] blue : variance --> out of range (variance = 112.435 / upper = 0.930 / lower = 0.010)
[20191008_090911 / lib_ip.py:3753] file = img.20191008_090910.2019-10-07_09-36-45_000.jpg.1.png / val_Average = 133.3796	val_Variance = 112.4353	sd = 10.6035	max = 159	min = 110
[20191008_090911 / lib_ip.py:4275] len(Hs) = 8100, len(Ss) = 8100, len(Vs) = 8100
[20191008_090911 / lib_ip.py:4314] pink : variance --> out of range (variance = 112.435 / upper = 0.750 / lower = 0.030)
[20191008_090911 / lib_ip.py:3753] file = img.20191008_090910.2019-10-07_09-36-45_000.jpg.1.png / val_Average = 133.3796	val_Variance = 112.4353	sd = 10.6035	max = 159	min = 110
[20191008_090911 / lib_ip.py:4378] len(Hs) = 8100, len(Ss) = 8100, len(Vs) = 8100
[20191008_090911 / lib_ip.py:4422] black : variance --> out of range (variance = 112.435 / upper = 0.000 / lower = 0.000)
[20191008_090911 / lib_ip.py:4593] file : img.20191008_090910.2019-10-07_09-36-45_000.jpg.1.png 0 (black : variance --> out of range (variance = 112.435 / upper = 0.000 / lower = 0.000))
[20191008_090912 / lib_ip.py:2274] inspecting ===> img.20191008_090910.2019-10-07_09-36-45_000.jpg.2.png
[20191008_090912 / lib_ip.py:4505] 
img.20191008_090910.2019-10-07_09-36-45_000.jpg.2.png 1 ---------------------
[20191008_090912 / lib_ip.py:3753] file = img.20191008_090910.2019-10-07_09-36-45_000.jpg.2.png / val_Average = 18.0210	val_Variance = 249.1109	sd = 15.7832	max = 176	min = 0
[20191008_090912 / lib_ip.py:3836] len(Hs) = 8100, len(Ss) = 8100, len(Vs) = 8100
[20191008_090912 / lib_ip.py:3869] yellow : variance --> out of range (variance = 249.111 / upper = 0.650 / lower = 0.000)
[20191008_090912 / lib_ip.py:3753] file = img.20191008_090910.2019-10-07_09-36-45_000.jpg.2.png / val_Average = 18.0210	val_Variance = 249.1109	sd = 15.7832	max = 176	min = 0
[20191008_090912 / lib_ip.py:3936] len(Hs) = 8100, len(Ss) = 8100, len(Vs) = 8100
[20191008_090912 / lib_ip.py:3982] red : variance --> out of range (variance = 249.111 / upper = 0.430 / lower = 0.000)
[20191008_090912 / lib_ip.py:3753] file = img.20191008_090910.2019-10-07_09-36-45_000.jpg.2.png / val_Average = 18.0210	val_Variance = 249.1109	sd = 15.7832	max = 176	min = 0
[20191008_090912 / lib_ip.py:4052] len(Hs) = 8100, len(Ss) = 8100, len(Vs) = 8100
[20191008_090912 / lib_ip.py:4099] green : variance --> out of range (variance = 249.111 / upper = 0.760 / lower = 0.000)
[20191008_090913 / lib_ip.py:3753] file = img.20191008_090910.2019-10-07_09-36-45_000.jpg.2.png / val_Average = 18.0210	val_Variance = 249.1109	sd = 15.7832	max = 176	min = 0
[20191008_090913 / lib_ip.py:4169] len(Hs) = 8100, len(Ss) = 8100, len(Vs) = 8100
[20191008_090913 / lib_ip.py:4208] blue : variance --> out of range (variance = 249.111 / upper = 0.930 / lower = 0.010)
[20191008_090913 / lib_ip.py:3753] file = img.20191008_090910.2019-10-07_09-36-45_000.jpg.2.png / val_Average = 18.0210	val_Variance = 249.1109	sd = 15.7832	max = 176	min = 0
[20191008_090913 / lib_ip.py:4275] len(Hs) = 8100, len(Ss) = 8100, len(Vs) = 8100
[20191008_090913 / lib_ip.py:4314] pink : variance --> out of range (variance = 249.111 / upper = 0.750 / lower = 0.030)
[20191008_090913 / lib_ip.py:3753] file = img.20191008_090910.2019-10-07_09-36-45_000.jpg.2.png / val_Average = 18.0210	val_Variance = 249.1109	sd = 15.7832	max = 176	min = 0
[20191008_090913 / lib_ip.py:4378] len(Hs) = 8100, len(Ss) = 8100, len(Vs) = 8100
[20191008_090913 / lib_ip.py:4422] black : variance --> out of range (variance = 249.111 / upper = 0.000 / lower = 0.000)
[20191008_090913 / lib_ip.py:4593] file : img.20191008_090910.2019-10-07_09-36-45_000.jpg.2.png 1 (black : variance --> out of range (variance = 249.111 / upper = 0.000 / lower = 0.000))
[20191008_090913 / lib_ip.py:2274] inspecting ===> img.20191008_090910.2019-10-07_09-36-45_000.jpg.3.png
[20191008_090913 / lib_ip.py:4505] 
img.20191008_090910.2019-10-07_09-36-45_000.jpg.3.png 2 ---------------------
[20191008_090913 / lib_ip.py:3753] file = img.20191008_090910.2019-10-07_09-36-45_000.jpg.3.png / val_Average = 73.0652	val_Variance = 0.0669	sd = 0.2586	max = 74	min = 72
[20191008_090913 / lib_ip.py:3836] len(Hs) = 8100, len(Ss) = 8100, len(Vs) = 8100
[20191008_090914 / lib_ip.py:3891] yellow : average --> out of range (average = 73.065 / upper = 99.200 / lower = 85.500)
[20191008_090914 / lib_ip.py:3753] file = img.20191008_090910.2019-10-07_09-36-45_000.jpg.3.png / val_Average = 73.0652	val_Variance = 0.0669	sd = 0.2586	max = 74	min = 72
[20191008_090914 / lib_ip.py:3936] len(Hs) = 8100, len(Ss) = 8100, len(Vs) = 8100
[20191008_090914 / lib_ip.py:4007] red : average --> out of range (average = 73.065 / upper = 124.600 / lower = 115.000)
[20191008_090914 / lib_ip.py:3753] file = img.20191008_090910.2019-10-07_09-36-45_000.jpg.3.png / val_Average = 73.0652	val_Variance = 0.0669	sd = 0.2586	max = 74	min = 72
[20191008_090914 / lib_ip.py:4052] len(Hs) = 8100, len(Ss) = 8100, len(Vs) = 8100
[20191008_090914 / lib_ip.py:2274] inspecting ===> img.20191008_090910.2019-10-07_09-36-45_000.jpg.4.png
[20191008_090914 / lib_ip.py:4505] 
img.20191008_090910.2019-10-07_09-36-45_000.jpg.4.png 3 ---------------------
[20191008_090914 / lib_ip.py:3753] file = img.20191008_090910.2019-10-07_09-36-45_000.jpg.4.png / val_Average = 73.1095	val_Variance = 0.2427	sd = 0.4926	max = 74	min = 72
[20191008_090914 / lib_ip.py:3836] len(Hs) = 8100, len(Ss) = 8100, len(Vs) = 8100
[20191008_090914 / lib_ip.py:3891] yellow : average --> out of range (average = 73.110 / upper = 99.200 / lower = 85.500)
[20191008_090914 / lib_ip.py:3753] file = img.20191008_090910.2019-10-07_09-36-45_000.jpg.4.png / val_Average = 73.1095	val_Variance = 0.2427	sd = 0.4926	max = 74	min = 72
[20191008_090914 / lib_ip.py:3936] len(Hs) = 8100, len(Ss) = 8100, len(Vs) = 8100
[20191008_090914 / lib_ip.py:4007] red : average --> out of range (average = 73.110 / upper = 124.600 / lower = 115.000)
[20191008_090915 / lib_ip.py:3753] file = img.20191008_090910.2019-10-07_09-36-45_000.jpg.4.png / val_Average = 73.1095	val_Variance = 0.2427	sd = 0.4926	max = 74	min = 72
[20191008_090915 / lib_ip.py:4052] len(Hs) = 8100, len(Ss) = 8100, len(Vs) = 8100
[20191008_090914 / lib_ip.py:2274] inspecting ===> img.20191008_090910.2019-10-07_09-36-45_000.jpg.4.png
img.20191008_090910.2019-10-07_09-36-45_000.jpg.1.png => other
img.20191008_090910.2019-10-07_09-36-45_000.jpg.2.png => other
img.20191008_090910.2019-10-07_09-36-45_000.jpg.3.png => other
img.20191008_090910.2019-10-07_09-36-45_000.jpg.4.png => other
[20191008_090915 lib_ip.py:3301] =============== Get 4 corners
dpath_Images = C:\WORKS_2\WS\WS_Others.Art\JVEMV6\46_art\VIRTUAL\Admin_Projects\ip\images
fname_Image = img.20191008_090910.2019-10-07_09-36-45_000.jpg.4.png

[20191008_090915 / lib_ip.py:2274] inspecting ===> img.20191008_090915.2019-10-07_16-34-53_000.jpg.1.png
[20191008_090916 / lib_ip.py:4505] 
img.20191008_090915.2019-10-07_16-34-53_000.jpg.1.png 0 ---------------------
[20191008_090916 / lib_ip.py:3753] file = img.20191008_090915.2019-10-07_16-34-53_000.jpg.1.png / val_Average = 110.0558	val_Variance = 11.8389	sd = 3.4408	max = 131	min = 102
[20191008_090916 / lib_ip.py:3836] len(Hs) = 8100, len(Ss) = 8100, len(Vs) = 8100
[20191008_090916 / lib_ip.py:3869] yellow : variance --> out of range (variance = 11.839 / upper = 0.650 / lower = 0.000)
[20191008_090916 / lib_ip.py:3753] file = img.20191008_090915.2019-10-07_16-34-53_000.jpg.1.png / val_Average = 110.0558	val_Variance = 11.8389	sd = 3.4408	max = 131	min = 102
[20191008_090916 / lib_ip.py:3936] len(Hs) = 8100, len(Ss) = 8100, len(Vs) = 8100
[20191008_090916 / lib_ip.py:3982] red : variance --> out of range (variance = 11.839 / upper = 0.430 / lower = 0.000)
[20191008_090916 / lib_ip.py:3753] file = img.20191008_090915.2019-10-07_16-34-53_000.jpg.1.png / val_Average = 110.0558	val_Variance = 11.8389	sd = 3.4408	max = 131	min = 102
[20191008_090916 / lib_ip.py:4052] len(Hs) = 8100, len(Ss) = 8100, len(Vs) = 8100
[20191008_090916 / lib_ip.py:4099] green : variance --> out of range (variance = 11.839 / upper = 0.760 / lower = 0.000)
[20191008_090916 / lib_ip.py:3753] file = img.20191008_090915.2019-10-07_16-34-53_000.jpg.1.png / val_Average = 110.0558	val_Variance = 11.8389	sd = 3.4408	max = 131	min = 102
[20191008_090916 / lib_ip.py:4169] len(Hs) = 8100, len(Ss) = 8100, len(Vs) = 8100
[20191008_090916 / lib_ip.py:4208] blue : variance --> out of range (variance = 11.839 / upper = 0.930 / lower = 0.010)
[20191008_090916 / lib_ip.py:3753] file = img.20191008_090915.2019-10-07_16-34-53_000.jpg.1.png / val_Average = 110.0558	val_Variance = 11.8389	sd = 3.4408	max = 131	min = 102
[20191008_090916 / lib_ip.py:4275] len(Hs) = 8100, len(Ss) = 8100, len(Vs) = 8100
[20191008_090916 / lib_ip.py:4314] pink : variance --> out of range (variance = 11.839 / upper = 0.750 / lower = 0.030)
[20191008_090917 / lib_ip.py:3753] file = img.20191008_090915.2019-10-07_16-34-53_000.jpg.1.png / val_Average = 110.0558	val_Variance = 11.8389	sd = 3.4408	max = 131	min = 102
[20191008_090917 / lib_ip.py:4378] len(Hs) = 8100, len(Ss) = 8100, len(Vs) = 8100
[20191008_090917 / lib_ip.py:4422] black : variance --> out of range (variance = 11.839 / upper = 0.000 / lower = 0.000)
[20191008_090917 / lib_ip.py:4593] file : img.20191008_090915.2019-10-07_16-34-53_000.jpg.1.png 0 (black : variance --> out of range (variance = 11.839 / upper = 0.000 / lower = 0.000))
[20191008_090917 / lib_ip.py:2274] inspecting ===> img.20191008_090915.2019-10-07_16-34-53_000.jpg.2.png
[20191008_090917 / lib_ip.py:4505] 
img.20191008_090915.2019-10-07_16-34-53_000.jpg.2.png 1 ---------------------
[20191008_090917 / lib_ip.py:3753] file = img.20191008_090915.2019-10-07_16-34-53_000.jpg.2.png / val_Average = 102.4960	val_Variance = 108.7401	sd = 10.4279	max = 135	min = 0
[20191008_090917 / lib_ip.py:3836] len(Hs) = 8100, len(Ss) = 8100, len(Vs) = 8100
[20191008_090917 / lib_ip.py:3869] yellow : variance --> out of range (variance = 108.740 / upper = 0.650 / lower = 0.000)
[20191008_090917 / lib_ip.py:3753] file = img.20191008_090915.2019-10-07_16-34-53_000.jpg.2.png / val_Average = 102.4960	val_Variance = 108.7401	sd = 10.4279	max = 135	min = 0
[20191008_090917 / lib_ip.py:3936] len(Hs) = 8100, len(Ss) = 8100, len(Vs) = 8100
[20191008_090917 / lib_ip.py:3982] red : variance --> out of range (variance = 108.740 / upper = 0.430 / lower = 0.000)
[20191008_090918 / lib_ip.py:3753] file = img.20191008_090915.2019-10-07_16-34-53_000.jpg.2.png / val_Average = 102.4960	val_Variance = 108.7401	sd = 10.4279	max = 135	min = 0
[20191008_090918 / lib_ip.py:4052] len(Hs) = 8100, len(Ss) = 8100, len(Vs) = 8100
[20191008_090918 / lib_ip.py:4099] green : variance --> out of range (variance = 108.740 / upper = 0.760 / lower = 0.000)
[20191008_090918 / lib_ip.py:3753] file = img.20191008_090915.2019-10-07_16-34-53_000.jpg.2.png / val_Average = 102.4960	val_Variance = 108.7401	sd = 10.4279	max = 135	min = 0
[20191008_090918 / lib_ip.py:4169] len(Hs) = 8100, len(Ss) = 8100, len(Vs) = 8100
[20191008_090918 / lib_ip.py:4208] blue : variance --> out of range (variance = 108.740 / upper = 0.930 / lower = 0.010)
[20191008_090918 / lib_ip.py:3753] file = img.20191008_090915.2019-10-07_16-34-53_000.jpg.2.png / val_Average = 102.4960	val_Variance = 108.7401	sd = 10.4279	max = 135	min = 0
[20191008_090918 / lib_ip.py:4275] len(Hs) = 8100, len(Ss) = 8100, len(Vs) = 8100
[20191008_090918 / lib_ip.py:4314] pink : variance --> out of range (variance = 108.740 / upper = 0.750 / lower = 0.030)
[20191008_090918 / lib_ip.py:3753] file = img.20191008_090915.2019-10-07_16-34-53_000.jpg.2.png / val_Average = 102.4960	val_Variance = 108.7401	sd = 10.4279	max = 135	min = 0
[20191008_090918 / lib_ip.py:4378] len(Hs) = 8100, len(Ss) = 8100, len(Vs) = 8100
[20191008_090918 / lib_ip.py:4422] black : variance --> out of range (variance = 108.740 / upper = 0.000 / lower = 0.000)
[20191008_090918 / lib_ip.py:4593] file : img.20191008_090915.2019-10-07_16-34-53_000.jpg.2.png 1 (black : variance --> out of range (variance = 108.740 / upper = 0.000 / lower = 0.000))
[20191008_090918 / lib_ip.py:2274] inspecting ===> img.20191008_090915.2019-10-07_16-34-53_000.jpg.3.png
[20191008_090918 / lib_ip.py:4505] 
img.20191008_090915.2019-10-07_16-34-53_000.jpg.3.png 2 ---------------------
[20191008_090918 / lib_ip.py:3753] file = img.20191008_090915.2019-10-07_16-34-53_000.jpg.3.png / val_Average = 115.0135	val_Variance = 6.8412	sd = 2.6156	max = 126	min = 107
[20191008_090918 / lib_ip.py:3836] len(Hs) = 8100, len(Ss) = 8100, len(Vs) = 8100
[20191008_090919 / lib_ip.py:3869] yellow : variance --> out of range (variance = 6.841 / upper = 0.650 / lower = 0.000)
[20191008_090919 / lib_ip.py:3753] file = img.20191008_090915.2019-10-07_16-34-53_000.jpg.3.png / val_Average = 115.0135	val_Variance = 6.8412	sd = 2.6156	max = 126	min = 107
[20191008_090919 / lib_ip.py:3936] len(Hs) = 8100, len(Ss) = 8100, len(Vs) = 8100
[20191008_090919 / lib_ip.py:3982] red : variance --> out of range (variance = 6.841 / upper = 0.430 / lower = 0.000)
[20191008_090919 / lib_ip.py:3753] file = img.20191008_090915.2019-10-07_16-34-53_000.jpg.3.png / val_Average = 115.0135	val_Variance = 6.8412	sd = 2.6156	max = 126	min = 107
[20191008_090919 / lib_ip.py:4052] len(Hs) = 8100, len(Ss) = 8100, len(Vs) = 8100
[20191008_090919 / lib_ip.py:4099] green : variance --> out of range (variance = 6.841 / upper = 0.760 / lower = 0.000)
[20191008_090919 / lib_ip.py:3753] file = img.20191008_090915.2019-10-07_16-34-53_000.jpg.3.png / val_Average = 115.0135	val_Variance = 6.8412	sd = 2.6156	max = 126	min = 107
[20191008_090919 / lib_ip.py:4169] len(Hs) = 8100, len(Ss) = 8100, len(Vs) = 8100
[20191008_090919 / lib_ip.py:4208] blue : variance --> out of range (variance = 6.841 / upper = 0.930 / lower = 0.010)
[20191008_090919 / lib_ip.py:3753] file = img.20191008_090915.2019-10-07_16-34-53_000.jpg.3.png / val_Average = 115.0135	val_Variance = 6.8412	sd = 2.6156	max = 126	min = 107
[20191008_090919 / lib_ip.py:4275] len(Hs) = 8100, len(Ss) = 8100, len(Vs) = 8100
[20191008_090919 / lib_ip.py:4314] pink : variance --> out of range (variance = 6.841 / upper = 0.750 / lower = 0.030)
[20191008_090919 / lib_ip.py:3753] file = img.20191008_090915.2019-10-07_16-34-53_000.jpg.3.png / val_Average = 115.0135	val_Variance = 6.8412	sd = 2.6156	max = 126	min = 107
[20191008_090919 / lib_ip.py:4378] len(Hs) = 8100, len(Ss) = 8100, len(Vs) = 8100
[20191008_090920 / lib_ip.py:4422] black : variance --> out of range (variance = 6.841 / upper = 0.000 / lower = 0.000)
[20191008_090920 / lib_ip.py:4593] file : img.20191008_090915.2019-10-07_16-34-53_000.jpg.3.png 2 (black : variance --> out of range (variance = 6.841 / upper = 0.000 / lower = 0.000))
[20191008_090920 / lib_ip.py:2274] inspecting ===> img.20191008_090915.2019-10-07_16-34-53_000.jpg.4.png
[20191008_090920 / lib_ip.py:4505] 
img.20191008_090915.2019-10-07_16-34-53_000.jpg.4.png 3 ---------------------
[20191008_090920 / lib_ip.py:3753] file = img.20191008_090915.2019-10-07_16-34-53_000.jpg.4.png / val_Average = 120.6643	val_Variance = 0.2297	sd = 0.4792	max = 122	min = 120
[20191008_090920 / lib_ip.py:3836] len(Hs) = 8100, len(Ss) = 8100, len(Vs) = 8100
[20191008_090920 / lib_ip.py:3891] yellow : average --> out of range (average = 120.664 / upper = 99.200 / lower = 85.500)
[20191008_090920 / lib_ip.py:3753] file = img.20191008_090915.2019-10-07_16-34-53_000.jpg.4.png / val_Average = 120.6643	val_Variance = 0.2297	sd = 0.4792	max = 122	min = 120
[20191008_090920 / lib_ip.py:3936] len(Hs) = 8100, len(Ss) = 8100, len(Vs) = 8100
[20191008_090920 / lib_ip.py:2274] inspecting ===> img.20191008_090915.2019-10-07_16-34-53_000.jpg.4.png
img.20191008_090915.2019-10-07_16-34-53_000.jpg.1.png => other
img.20191008_090915.2019-10-07_16-34-53_000.jpg.2.png => other
img.20191008_090915.2019-10-07_16-34-53_000.jpg.3.png => other
img.20191008_090915.2019-10-07_16-34-53_000.jpg.4.png => other
[20191008_090920 lib_ip.py:3301] =============== Get 4 corners
dpath_Images = C:\WORKS_2\WS\WS_Others.Art\JVEMV6\46_art\VIRTUAL\Admin_Projects\ip\images
fname_Image = img.20191008_090915.2019-10-07_16-34-53_000.jpg.4.png

[20191008_090921 / lib_ip.py:2274] inspecting ===> img.20191008_090921.2019-10-07_16-35-39_000.jpg.1.png
[20191008_090921 / lib_ip.py:4505] 
img.20191008_090921.2019-10-07_16-35-39_000.jpg.1.png 0 ---------------------
[20191008_090921 / lib_ip.py:3753] file = img.20191008_090921.2019-10-07_16-35-39_000.jpg.1.png / val_Average = 43.2557	val_Variance = 4262.1950	sd = 65.2855	max = 174	min = 0
[20191008_090921 / lib_ip.py:3836] len(Hs) = 8100, len(Ss) = 8100, len(Vs) = 8100
[20191008_090921 / lib_ip.py:3869] yellow : variance --> out of range (variance = 4262.195 / upper = 0.650 / lower = 0.000)
[20191008_090922 / lib_ip.py:3753] file = img.20191008_090921.2019-10-07_16-35-39_000.jpg.1.png / val_Average = 43.2557	val_Variance = 4262.1950	sd = 65.2855	max = 174	min = 0
[20191008_090922 / lib_ip.py:3936] len(Hs) = 8100, len(Ss) = 8100, len(Vs) = 8100
[20191008_090922 / lib_ip.py:3982] red : variance --> out of range (variance = 4262.195 / upper = 0.430 / lower = 0.000)
[20191008_090922 / lib_ip.py:3753] file = img.20191008_090921.2019-10-07_16-35-39_000.jpg.1.png / val_Average = 43.2557	val_Variance = 4262.1950	sd = 65.2855	max = 174	min = 0
[20191008_090922 / lib_ip.py:4052] len(Hs) = 8100, len(Ss) = 8100, len(Vs) = 8100
[20191008_090922 / lib_ip.py:4099] green : variance --> out of range (variance = 4262.195 / upper = 0.760 / lower = 0.000)
[20191008_090922 / lib_ip.py:3753] file = img.20191008_090921.2019-10-07_16-35-39_000.jpg.1.png / val_Average = 43.2557	val_Variance = 4262.1950	sd = 65.2855	max = 174	min = 0
[20191008_090922 / lib_ip.py:4169] len(Hs) = 8100, len(Ss) = 8100, len(Vs) = 8100
[20191008_090922 / lib_ip.py:4208] blue : variance --> out of range (variance = 4262.195 / upper = 0.930 / lower = 0.010)
[20191008_090922 / lib_ip.py:3753] file = img.20191008_090921.2019-10-07_16-35-39_000.jpg.1.png / val_Average = 43.2557	val_Variance = 4262.1950	sd = 65.2855	max = 174	min = 0
[20191008_090922 / lib_ip.py:4275] len(Hs) = 8100, len(Ss) = 8100, len(Vs) = 8100
[20191008_090922 / lib_ip.py:4314] pink : variance --> out of range (variance = 4262.195 / upper = 0.750 / lower = 0.030)
[20191008_090922 / lib_ip.py:3753] file = img.20191008_090921.2019-10-07_16-35-39_000.jpg.1.png / val_Average = 43.2557	val_Variance = 4262.1950	sd = 65.2855	max = 174	min = 0
[20191008_090922 / lib_ip.py:4378] len(Hs) = 8100, len(Ss) = 8100, len(Vs) = 8100
[20191008_090922 / lib_ip.py:4422] black : variance --> out of range (variance = 4262.195 / upper = 0.000 / lower = 0.000)
[20191008_090922 / lib_ip.py:4593] file : img.20191008_090921.2019-10-07_16-35-39_000.jpg.1.png 0 (black : variance --> out of range (variance = 4262.195 / upper = 0.000 / lower = 0.000))
[20191008_090922 / lib_ip.py:2274] inspecting ===> img.20191008_090921.2019-10-07_16-35-39_000.jpg.2.png
[20191008_090923 / lib_ip.py:4505] 
img.20191008_090921.2019-10-07_16-35-39_000.jpg.2.png 1 ---------------------
[20191008_090923 / lib_ip.py:3753] file = img.20191008_090921.2019-10-07_16-35-39_000.jpg.2.png / val_Average = 104.9649	val_Variance = 29.7635	sd = 5.4556	max = 120	min = 84
[20191008_090923 / lib_ip.py:3836] len(Hs) = 8100, len(Ss) = 8100, len(Vs) = 8100
[20191008_090923 / lib_ip.py:3869] yellow : variance --> out of range (variance = 29.763 / upper = 0.650 / lower = 0.000)
[20191008_090923 / lib_ip.py:3753] file = img.20191008_090921.2019-10-07_16-35-39_000.jpg.2.png / val_Average = 104.9649	val_Variance = 29.7635	sd = 5.4556	max = 120	min = 84
[20191008_090923 / lib_ip.py:3936] len(Hs) = 8100, len(Ss) = 8100, len(Vs) = 8100
[20191008_090923 / lib_ip.py:3982] red : variance --> out of range (variance = 29.763 / upper = 0.430 / lower = 0.000)
[20191008_090923 / lib_ip.py:3753] file = img.20191008_090921.2019-10-07_16-35-39_000.jpg.2.png / val_Average = 104.9649	val_Variance = 29.7635	sd = 5.4556	max = 120	min = 84
[20191008_090923 / lib_ip.py:4052] len(Hs) = 8100, len(Ss) = 8100, len(Vs) = 8100
[20191008_090923 / lib_ip.py:4099] green : variance --> out of range (variance = 29.763 / upper = 0.760 / lower = 0.000)
[20191008_090923 / lib_ip.py:3753] file = img.20191008_090921.2019-10-07_16-35-39_000.jpg.2.png / val_Average = 104.9649	val_Variance = 29.7635	sd = 5.4556	max = 120	min = 84
[20191008_090923 / lib_ip.py:4169] len(Hs) = 8100, len(Ss) = 8100, len(Vs) = 8100
[20191008_090923 / lib_ip.py:4208] blue : variance --> out of range (variance = 29.763 / upper = 0.930 / lower = 0.010)
[20191008_090923 / lib_ip.py:3753] file = img.20191008_090921.2019-10-07_16-35-39_000.jpg.2.png / val_Average = 104.9649	val_Variance = 29.7635	sd = 5.4556	max = 120	min = 84
[20191008_090923 / lib_ip.py:4275] len(Hs) = 8100, len(Ss) = 8100, len(Vs) = 8100
[20191008_090924 / lib_ip.py:4314] pink : variance --> out of range (variance = 29.763 / upper = 0.750 / lower = 0.030)
[20191008_090924 / lib_ip.py:3753] file = img.20191008_090921.2019-10-07_16-35-39_000.jpg.2.png / val_Average = 104.9649	val_Variance = 29.7635	sd = 5.4556	max = 120	min = 84
[20191008_090924 / lib_ip.py:4378] len(Hs) = 8100, len(Ss) = 8100, len(Vs) = 8100
[20191008_090924 / lib_ip.py:4422] black : variance --> out of range (variance = 29.763 / upper = 0.000 / lower = 0.000)
[20191008_090924 / lib_ip.py:4593] file : img.20191008_090921.2019-10-07_16-35-39_000.jpg.2.png 1 (black : variance --> out of range (variance = 29.763 / upper = 0.000 / lower = 0.000))
[20191008_090924 / lib_ip.py:2274] inspecting ===> img.20191008_090921.2019-10-07_16-35-39_000.jpg.3.png
[20191008_090924 / lib_ip.py:4505] 
img.20191008_090921.2019-10-07_16-35-39_000.jpg.3.png 2 ---------------------
[20191008_090924 / lib_ip.py:3753] file = img.20191008_090921.2019-10-07_16-35-39_000.jpg.3.png / val_Average = 110.0793	val_Variance = 5.9952	sd = 2.4485	max = 118	min = 104
[20191008_090924 / lib_ip.py:3836] len(Hs) = 8100, len(Ss) = 8100, len(Vs) = 8100
[20191008_090924 / lib_ip.py:3869] yellow : variance --> out of range (variance = 5.995 / upper = 0.650 / lower = 0.000)
[20191008_090924 / lib_ip.py:3753] file = img.20191008_090921.2019-10-07_16-35-39_000.jpg.3.png / val_Average = 110.0793	val_Variance = 5.9952	sd = 2.4485	max = 118	min = 104
[20191008_090925 / lib_ip.py:3936] len(Hs) = 8100, len(Ss) = 8100, len(Vs) = 8100
[20191008_090925 / lib_ip.py:3982] red : variance --> out of range (variance = 5.995 / upper = 0.430 / lower = 0.000)
[20191008_090925 / lib_ip.py:3753] file = img.20191008_090921.2019-10-07_16-35-39_000.jpg.3.png / val_Average = 110.0793	val_Variance = 5.9952	sd = 2.4485	max = 118	min = 104
[20191008_090925 / lib_ip.py:4052] len(Hs) = 8100, len(Ss) = 8100, len(Vs) = 8100
[20191008_090925 / lib_ip.py:4099] green : variance --> out of range (variance = 5.995 / upper = 0.760 / lower = 0.000)
[20191008_090925 / lib_ip.py:3753] file = img.20191008_090921.2019-10-07_16-35-39_000.jpg.3.png / val_Average = 110.0793	val_Variance = 5.9952	sd = 2.4485	max = 118	min = 104
[20191008_090925 / lib_ip.py:4169] len(Hs) = 8100, len(Ss) = 8100, len(Vs) = 8100
[20191008_090925 / lib_ip.py:4208] blue : variance --> out of range (variance = 5.995 / upper = 0.930 / lower = 0.010)
[20191008_090925 / lib_ip.py:3753] file = img.20191008_090921.2019-10-07_16-35-39_000.jpg.3.png / val_Average = 110.0793	val_Variance = 5.9952	sd = 2.4485	max = 118	min = 104
[20191008_090925 / lib_ip.py:4275] len(Hs) = 8100, len(Ss) = 8100, len(Vs) = 8100
[20191008_090925 / lib_ip.py:4314] pink : variance --> out of range (variance = 5.995 / upper = 0.750 / lower = 0.030)
[20191008_090925 / lib_ip.py:3753] file = img.20191008_090921.2019-10-07_16-35-39_000.jpg.3.png / val_Average = 110.0793	val_Variance = 5.9952	sd = 2.4485	max = 118	min = 104
[20191008_090925 / lib_ip.py:4378] len(Hs) = 8100, len(Ss) = 8100, len(Vs) = 8100
[20191008_090925 / lib_ip.py:4422] black : variance --> out of range (variance = 5.995 / upper = 0.000 / lower = 0.000)
[20191008_090925 / lib_ip.py:4593] file : img.20191008_090921.2019-10-07_16-35-39_000.jpg.3.png 2 (black : variance --> out of range (variance = 5.995 / upper = 0.000 / lower = 0.000))
[20191008_090926 / lib_ip.py:2274] inspecting ===> img.20191008_090921.2019-10-07_16-35-39_000.jpg.4.png
[20191008_090926 / lib_ip.py:4505] 
img.20191008_090921.2019-10-07_16-35-39_000.jpg.4.png 3 ---------------------
[20191008_090926 / lib_ip.py:3753] file = img.20191008_090921.2019-10-07_16-35-39_000.jpg.4.png / val_Average = 120.9344	val_Variance = 0.0615	sd = 0.2480	max = 122	min = 120
[20191008_090926 / lib_ip.py:3836] len(Hs) = 8100, len(Ss) = 8100, len(Vs) = 8100
[20191008_090926 / lib_ip.py:3891] yellow : average --> out of range (average = 120.934 / upper = 99.200 / lower = 85.500)
[20191008_090926 / lib_ip.py:3753] file = img.20191008_090921.2019-10-07_16-35-39_000.jpg.4.png / val_Average = 120.9344	val_Variance = 0.0615	sd = 0.2480	max = 122	min = 120
[20191008_090926 / lib_ip.py:3936] len(Hs) = 8100, len(Ss) = 8100, len(Vs) = 8100
[20191008_090926 / lib_ip.py:2274] inspecting ===> img.20191008_090921.2019-10-07_16-35-39_000.jpg.4.png
img.20191008_090921.2019-10-07_16-35-39_000.jpg.1.png => other
img.20191008_090921.2019-10-07_16-35-39_000.jpg.2.png => other
img.20191008_090921.2019-10-07_16-35-39_000.jpg.3.png => other
img.20191008_090921.2019-10-07_16-35-39_000.jpg.4.png => other
[20191008_090926 lib_ip.py:3301] =============== Get 4 corners
dpath_Images = C:\WORKS_2\WS\WS_Others.Art\JVEMV6\46_art\VIRTUAL\Admin_Projects\ip\images
fname_Image = img.20191008_090921.2019-10-07_16-35-39_000.jpg.4.png

[20191008_090927 / lib_ip.py:2274] inspecting ===> img.20191008_090927.2019-10-07_18-31-33_000.jpg.1.png
[20191008_090927 / lib_ip.py:4505] 
img.20191008_090927.2019-10-07_18-31-33_000.jpg.1.png 0 ---------------------
[20191008_090927 / lib_ip.py:3753] file = img.20191008_090927.2019-10-07_18-31-33_000.jpg.1.png / val_Average = 110.5493	val_Variance = 5.3105	sd = 2.3045	max = 123	min = 104
[20191008_090927 / lib_ip.py:3836] len(Hs) = 8100, len(Ss) = 8100, len(Vs) = 8100
[20191008_090927 / lib_ip.py:3869] yellow : variance --> out of range (variance = 5.311 / upper = 0.650 / lower = 0.000)
[20191008_090927 / lib_ip.py:3753] file = img.20191008_090927.2019-10-07_18-31-33_000.jpg.1.png / val_Average = 110.5493	val_Variance = 5.3105	sd = 2.3045	max = 123	min = 104
[20191008_090927 / lib_ip.py:3936] len(Hs) = 8100, len(Ss) = 8100, len(Vs) = 8100
[20191008_090928 / lib_ip.py:3982] red : variance --> out of range (variance = 5.311 / upper = 0.430 / lower = 0.000)
[20191008_090928 / lib_ip.py:3753] file = img.20191008_090927.2019-10-07_18-31-33_000.jpg.1.png / val_Average = 110.5493	val_Variance = 5.3105	sd = 2.3045	max = 123	min = 104
[20191008_090928 / lib_ip.py:4052] len(Hs) = 8100, len(Ss) = 8100, len(Vs) = 8100
[20191008_090928 / lib_ip.py:4099] green : variance --> out of range (variance = 5.311 / upper = 0.760 / lower = 0.000)
[20191008_090928 / lib_ip.py:3753] file = img.20191008_090927.2019-10-07_18-31-33_000.jpg.1.png / val_Average = 110.5493	val_Variance = 5.3105	sd = 2.3045	max = 123	min = 104
[20191008_090928 / lib_ip.py:4169] len(Hs) = 8100, len(Ss) = 8100, len(Vs) = 8100
[20191008_090928 / lib_ip.py:4208] blue : variance --> out of range (variance = 5.311 / upper = 0.930 / lower = 0.010)
[20191008_090928 / lib_ip.py:3753] file = img.20191008_090927.2019-10-07_18-31-33_000.jpg.1.png / val_Average = 110.5493	val_Variance = 5.3105	sd = 2.3045	max = 123	min = 104
[20191008_090928 / lib_ip.py:4275] len(Hs) = 8100, len(Ss) = 8100, len(Vs) = 8100
[20191008_090928 / lib_ip.py:4314] pink : variance --> out of range (variance = 5.311 / upper = 0.750 / lower = 0.030)
[20191008_090928 / lib_ip.py:3753] file = img.20191008_090927.2019-10-07_18-31-33_000.jpg.1.png / val_Average = 110.5493	val_Variance = 5.3105	sd = 2.3045	max = 123	min = 104
[20191008_090928 / lib_ip.py:4378] len(Hs) = 8100, len(Ss) = 8100, len(Vs) = 8100
[20191008_090928 / lib_ip.py:4422] black : variance --> out of range (variance = 5.311 / upper = 0.000 / lower = 0.000)
[20191008_090928 / lib_ip.py:4593] file : img.20191008_090927.2019-10-07_18-31-33_000.jpg.1.png 0 (black : variance --> out of range (variance = 5.311 / upper = 0.000 / lower = 0.000))
[20191008_090928 / lib_ip.py:2274] inspecting ===> img.20191008_090927.2019-10-07_18-31-33_000.jpg.2.png
[20191008_090928 / lib_ip.py:4505] 
img.20191008_090927.2019-10-07_18-31-33_000.jpg.2.png 1 ---------------------
[20191008_090929 / lib_ip.py:3753] file = img.20191008_090927.2019-10-07_18-31-33_000.jpg.2.png / val_Average = 109.8623	val_Variance = 305.4128	sd = 17.4761	max = 160	min = 0
[20191008_090929 / lib_ip.py:3836] len(Hs) = 8100, len(Ss) = 8100, len(Vs) = 8100
[20191008_090929 / lib_ip.py:3869] yellow : variance --> out of range (variance = 305.413 / upper = 0.650 / lower = 0.000)
[20191008_090929 / lib_ip.py:3753] file = img.20191008_090927.2019-10-07_18-31-33_000.jpg.2.png / val_Average = 109.8623	val_Variance = 305.4128	sd = 17.4761	max = 160	min = 0
[20191008_090929 / lib_ip.py:3936] len(Hs) = 8100, len(Ss) = 8100, len(Vs) = 8100
[20191008_090929 / lib_ip.py:3982] red : variance --> out of range (variance = 305.413 / upper = 0.430 / lower = 0.000)
[20191008_090929 / lib_ip.py:3753] file = img.20191008_090927.2019-10-07_18-31-33_000.jpg.2.png / val_Average = 109.8623	val_Variance = 305.4128	sd = 17.4761	max = 160	min = 0
[20191008_090929 / lib_ip.py:4052] len(Hs) = 8100, len(Ss) = 8100, len(Vs) = 8100
[20191008_090929 / lib_ip.py:4099] green : variance --> out of range (variance = 305.413 / upper = 0.760 / lower = 0.000)
[20191008_090929 / lib_ip.py:3753] file = img.20191008_090927.2019-10-07_18-31-33_000.jpg.2.png / val_Average = 109.8623	val_Variance = 305.4128	sd = 17.4761	max = 160	min = 0
[20191008_090929 / lib_ip.py:4169] len(Hs) = 8100, len(Ss) = 8100, len(Vs) = 8100
[20191008_090929 / lib_ip.py:4208] blue : variance --> out of range (variance = 305.413 / upper = 0.930 / lower = 0.010)
[20191008_090929 / lib_ip.py:3753] file = img.20191008_090927.2019-10-07_18-31-33_000.jpg.2.png / val_Average = 109.8623	val_Variance = 305.4128	sd = 17.4761	max = 160	min = 0
[20191008_090929 / lib_ip.py:4275] len(Hs) = 8100, len(Ss) = 8100, len(Vs) = 8100
[20191008_090929 / lib_ip.py:4314] pink : variance --> out of range (variance = 305.413 / upper = 0.750 / lower = 0.030)
[20191008_090929 / lib_ip.py:3753] file = img.20191008_090927.2019-10-07_18-31-33_000.jpg.2.png / val_Average = 109.8623	val_Variance = 305.4128	sd = 17.4761	max = 160	min = 0
[20191008_090929 / lib_ip.py:4378] len(Hs) = 8100, len(Ss) = 8100, len(Vs) = 8100
[20191008_090929 / lib_ip.py:4422] black : variance --> out of range (variance = 305.413 / upper = 0.000 / lower = 0.000)
[20191008_090929 / lib_ip.py:4593] file : img.20191008_090927.2019-10-07_18-31-33_000.jpg.2.png 1 (black : variance --> out of range (variance = 305.413 / upper = 0.000 / lower = 0.000))
[20191008_090930 / lib_ip.py:2274] inspecting ===> img.20191008_090927.2019-10-07_18-31-33_000.jpg.3.png
[20191008_090930 / lib_ip.py:4505] 
img.20191008_090927.2019-10-07_18-31-33_000.jpg.3.png 2 ---------------------
[20191008_090930 / lib_ip.py:3753] file = img.20191008_090927.2019-10-07_18-31-33_000.jpg.3.png / val_Average = 108.7519	val_Variance = 1.3542	sd = 1.1637	max = 112	min = 105
[20191008_090930 / lib_ip.py:3836] len(Hs) = 8100, len(Ss) = 8100, len(Vs) = 8100
[20191008_090930 / lib_ip.py:3869] yellow : variance --> out of range (variance = 1.354 / upper = 0.650 / lower = 0.000)
[20191008_090930 / lib_ip.py:3753] file = img.20191008_090927.2019-10-07_18-31-33_000.jpg.3.png / val_Average = 108.7519	val_Variance = 1.3542	sd = 1.1637	max = 112	min = 105
[20191008_090930 / lib_ip.py:3936] len(Hs) = 8100, len(Ss) = 8100, len(Vs) = 8100
[20191008_090930 / lib_ip.py:3982] red : variance --> out of range (variance = 1.354 / upper = 0.430 / lower = 0.000)
[20191008_090931 / lib_ip.py:3753] file = img.20191008_090927.2019-10-07_18-31-33_000.jpg.3.png / val_Average = 108.7519	val_Variance = 1.3542	sd = 1.1637	max = 112	min = 105
[20191008_090931 / lib_ip.py:4052] len(Hs) = 8100, len(Ss) = 8100, len(Vs) = 8100
[20191008_090931 / lib_ip.py:4099] green : variance --> out of range (variance = 1.354 / upper = 0.760 / lower = 0.000)
[20191008_090931 / lib_ip.py:3753] file = img.20191008_090927.2019-10-07_18-31-33_000.jpg.3.png / val_Average = 108.7519	val_Variance = 1.3542	sd = 1.1637	max = 112	min = 105
[20191008_090931 / lib_ip.py:4169] len(Hs) = 8100, len(Ss) = 8100, len(Vs) = 8100
[20191008_090931 / lib_ip.py:4208] blue : variance --> out of range (variance = 1.354 / upper = 0.930 / lower = 0.010)
[20191008_090931 / lib_ip.py:3753] file = img.20191008_090927.2019-10-07_18-31-33_000.jpg.3.png / val_Average = 108.7519	val_Variance = 1.3542	sd = 1.1637	max = 112	min = 105
[20191008_090931 / lib_ip.py:4275] len(Hs) = 8100, len(Ss) = 8100, len(Vs) = 8100
[20191008_090931 / lib_ip.py:4314] pink : variance --> out of range (variance = 1.354 / upper = 0.750 / lower = 0.030)
[20191008_090931 / lib_ip.py:3753] file = img.20191008_090927.2019-10-07_18-31-33_000.jpg.3.png / val_Average = 108.7519	val_Variance = 1.3542	sd = 1.1637	max = 112	min = 105
[20191008_090931 / lib_ip.py:4378] len(Hs) = 8100, len(Ss) = 8100, len(Vs) = 8100
[20191008_090931 / lib_ip.py:4422] black : variance --> out of range (variance = 1.354 / upper = 0.000 / lower = 0.000)
[20191008_090931 / lib_ip.py:4593] file : img.20191008_090927.2019-10-07_18-31-33_000.jpg.3.png 2 (black : variance --> out of range (variance = 1.354 / upper = 0.000 / lower = 0.000))
[20191008_090931 / lib_ip.py:2274] inspecting ===> img.20191008_090927.2019-10-07_18-31-33_000.jpg.4.png
[20191008_090931 / lib_ip.py:4505] 
img.20191008_090927.2019-10-07_18-31-33_000.jpg.4.png 3 ---------------------
[20191008_090931 / lib_ip.py:3753] file = img.20191008_090927.2019-10-07_18-31-33_000.jpg.4.png / val_Average = 120.4902	val_Variance = 0.2499	sd = 0.4999	max = 121	min = 120
[20191008_090931 / lib_ip.py:3836] len(Hs) = 8100, len(Ss) = 8100, len(Vs) = 8100
[20191008_090931 / lib_ip.py:3891] yellow : average --> out of range (average = 120.490 / upper = 99.200 / lower = 85.500)
[20191008_090932 / lib_ip.py:3753] file = img.20191008_090927.2019-10-07_18-31-33_000.jpg.4.png / val_Average = 120.4902	val_Variance = 0.2499	sd = 0.4999	max = 121	min = 120
[20191008_090932 / lib_ip.py:3936] len(Hs) = 8100, len(Ss) = 8100, len(Vs) = 8100
[20191008_090931 / lib_ip.py:2274] inspecting ===> img.20191008_090927.2019-10-07_18-31-33_000.jpg.4.png
img.20191008_090927.2019-10-07_18-31-33_000.jpg.1.png => other
img.20191008_090927.2019-10-07_18-31-33_000.jpg.2.png => other
img.20191008_090927.2019-10-07_18-31-33_000.jpg.3.png => other
img.20191008_090927.2019-10-07_18-31-33_000.jpg.4.png => other
[20191008_090932 lib_ip.py:3301] =============== Get 4 corners
dpath_Images = C:\WORKS_2\WS\WS_Others.Art\JVEMV6\46_art\VIRTUAL\Admin_Projects\ip\images
fname_Image = img.20191008_090927.2019-10-07_18-31-33_000.jpg.4.png

[20191008_090933 / lib_ip.py:2274] inspecting ===> img.20191008_090932.2019-10-07_20-34-18_000.jpg.1.png
[20191008_090933 / lib_ip.py:4505] 
img.20191008_090932.2019-10-07_20-34-18_000.jpg.1.png 0 ---------------------
[20191008_090933 / lib_ip.py:3753] file = img.20191008_090932.2019-10-07_20-34-18_000.jpg.1.png / val_Average = 58.1420	val_Variance = 1075.1381	sd = 32.7893	max = 160	min = 0
[20191008_090933 / lib_ip.py:3836] len(Hs) = 8100, len(Ss) = 8100, len(Vs) = 8100
[20191008_090933 / lib_ip.py:3869] yellow : variance --> out of range (variance = 1075.138 / upper = 0.650 / lower = 0.000)
[20191008_090933 / lib_ip.py:3753] file = img.20191008_090932.2019-10-07_20-34-18_000.jpg.1.png / val_Average = 58.1420	val_Variance = 1075.1381	sd = 32.7893	max = 160	min = 0
[20191008_090933 / lib_ip.py:3936] len(Hs) = 8100, len(Ss) = 8100, len(Vs) = 8100
[20191008_090933 / lib_ip.py:3982] red : variance --> out of range (variance = 1075.138 / upper = 0.430 / lower = 0.000)
[20191008_090933 / lib_ip.py:3753] file = img.20191008_090932.2019-10-07_20-34-18_000.jpg.1.png / val_Average = 58.1420	val_Variance = 1075.1381	sd = 32.7893	max = 160	min = 0
[20191008_090933 / lib_ip.py:4052] len(Hs) = 8100, len(Ss) = 8100, len(Vs) = 8100
[20191008_090934 / lib_ip.py:4099] green : variance --> out of range (variance = 1075.138 / upper = 0.760 / lower = 0.000)
[20191008_090934 / lib_ip.py:3753] file = img.20191008_090932.2019-10-07_20-34-18_000.jpg.1.png / val_Average = 58.1420	val_Variance = 1075.1381	sd = 32.7893	max = 160	min = 0
[20191008_090934 / lib_ip.py:4169] len(Hs) = 8100, len(Ss) = 8100, len(Vs) = 8100
[20191008_090934 / lib_ip.py:4208] blue : variance --> out of range (variance = 1075.138 / upper = 0.930 / lower = 0.010)
[20191008_090934 / lib_ip.py:3753] file = img.20191008_090932.2019-10-07_20-34-18_000.jpg.1.png / val_Average = 58.1420	val_Variance = 1075.1381	sd = 32.7893	max = 160	min = 0
[20191008_090934 / lib_ip.py:4275] len(Hs) = 8100, len(Ss) = 8100, len(Vs) = 8100
[20191008_090934 / lib_ip.py:4314] pink : variance --> out of range (variance = 1075.138 / upper = 0.750 / lower = 0.030)
[20191008_090934 / lib_ip.py:3753] file = img.20191008_090932.2019-10-07_20-34-18_000.jpg.1.png / val_Average = 58.1420	val_Variance = 1075.1381	sd = 32.7893	max = 160	min = 0
[20191008_090934 / lib_ip.py:4378] len(Hs) = 8100, len(Ss) = 8100, len(Vs) = 8100
[20191008_090934 / lib_ip.py:4422] black : variance --> out of range (variance = 1075.138 / upper = 0.000 / lower = 0.000)
[20191008_090934 / lib_ip.py:4593] file : img.20191008_090932.2019-10-07_20-34-18_000.jpg.1.png 0 (black : variance --> out of range (variance = 1075.138 / upper = 0.000 / lower = 0.000))
[20191008_090934 / lib_ip.py:2274] inspecting ===> img.20191008_090932.2019-10-07_20-34-18_000.jpg.2.png
[20191008_090934 / lib_ip.py:4505] 
img.20191008_090932.2019-10-07_20-34-18_000.jpg.2.png 1 ---------------------
[20191008_090934 / lib_ip.py:3753] file = img.20191008_090932.2019-10-07_20-34-18_000.jpg.2.png / val_Average = 53.0844	val_Variance = 1517.5195	sd = 38.9554	max = 135	min = 0
[20191008_090935 / lib_ip.py:3836] len(Hs) = 8100, len(Ss) = 8100, len(Vs) = 8100
[20191008_090935 / lib_ip.py:3869] yellow : variance --> out of range (variance = 1517.520 / upper = 0.650 / lower = 0.000)
[20191008_090935 / lib_ip.py:3753] file = img.20191008_090932.2019-10-07_20-34-18_000.jpg.2.png / val_Average = 53.0844	val_Variance = 1517.5195	sd = 38.9554	max = 135	min = 0
[20191008_090935 / lib_ip.py:3936] len(Hs) = 8100, len(Ss) = 8100, len(Vs) = 8100
[20191008_090935 / lib_ip.py:3982] red : variance --> out of range (variance = 1517.520 / upper = 0.430 / lower = 0.000)
[20191008_090935 / lib_ip.py:3753] file = img.20191008_090932.2019-10-07_20-34-18_000.jpg.2.png / val_Average = 53.0844	val_Variance = 1517.5195	sd = 38.9554	max = 135	min = 0
[20191008_090935 / lib_ip.py:4052] len(Hs) = 8100, len(Ss) = 8100, len(Vs) = 8100
[20191008_090935 / lib_ip.py:4099] green : variance --> out of range (variance = 1517.520 / upper = 0.760 / lower = 0.000)
[20191008_090935 / lib_ip.py:3753] file = img.20191008_090932.2019-10-07_20-34-18_000.jpg.2.png / val_Average = 53.0844	val_Variance = 1517.5195	sd = 38.9554	max = 135	min = 0
[20191008_090935 / lib_ip.py:4169] len(Hs) = 8100, len(Ss) = 8100, len(Vs) = 8100
[20191008_090935 / lib_ip.py:4208] blue : variance --> out of range (variance = 1517.520 / upper = 0.930 / lower = 0.010)
[20191008_090935 / lib_ip.py:3753] file = img.20191008_090932.2019-10-07_20-34-18_000.jpg.2.png / val_Average = 53.0844	val_Variance = 1517.5195	sd = 38.9554	max = 135	min = 0
[20191008_090935 / lib_ip.py:4275] len(Hs) = 8100, len(Ss) = 8100, len(Vs) = 8100
[20191008_090935 / lib_ip.py:4314] pink : variance --> out of range (variance = 1517.520 / upper = 0.750 / lower = 0.030)
[20191008_090936 / lib_ip.py:3753] file = img.20191008_090932.2019-10-07_20-34-18_000.jpg.2.png / val_Average = 53.0844	val_Variance = 1517.5195	sd = 38.9554	max = 135	min = 0
[20191008_090936 / lib_ip.py:4378] len(Hs) = 8100, len(Ss) = 8100, len(Vs) = 8100
[20191008_090936 / lib_ip.py:4422] black : variance --> out of range (variance = 1517.520 / upper = 0.000 / lower = 0.000)
[20191008_090936 / lib_ip.py:4593] file : img.20191008_090932.2019-10-07_20-34-18_000.jpg.2.png 1 (black : variance --> out of range (variance = 1517.520 / upper = 0.000 / lower = 0.000))
[20191008_090936 / lib_ip.py:2274] inspecting ===> img.20191008_090932.2019-10-07_20-34-18_000.jpg.3.png
[20191008_090936 / lib_ip.py:4505] 
img.20191008_090932.2019-10-07_20-34-18_000.jpg.3.png 2 ---------------------
[20191008_090936 / lib_ip.py:3753] file = img.20191008_090932.2019-10-07_20-34-18_000.jpg.3.png / val_Average = 91.7044	val_Variance = 0.2102	sd = 0.4585	max = 92	min = 90
[20191008_090936 / lib_ip.py:3836] len(Hs) = 8100, len(Ss) = 8100, len(Vs) = 8100
[20191008_090936 / lib_ip.py:2274] inspecting ===> img.20191008_090932.2019-10-07_20-34-18_000.jpg.4.png
[20191008_090936 / lib_ip.py:4505] 
img.20191008_090932.2019-10-07_20-34-18_000.jpg.4.png 3 ---------------------
[20191008_090937 / lib_ip.py:3753] file = img.20191008_090932.2019-10-07_20-34-18_000.jpg.4.png / val_Average = 99.0988	val_Variance = 867.1964	sd = 29.4482	max = 174	min = 0
[20191008_090937 / lib_ip.py:3836] len(Hs) = 8100, len(Ss) = 8100, len(Vs) = 8100
[20191008_090937 / lib_ip.py:3869] yellow : variance --> out of range (variance = 867.196 / upper = 0.650 / lower = 0.000)
[20191008_090937 / lib_ip.py:3753] file = img.20191008_090932.2019-10-07_20-34-18_000.jpg.4.png / val_Average = 99.0988	val_Variance = 867.1964	sd = 29.4482	max = 174	min = 0
[20191008_090937 / lib_ip.py:3936] len(Hs) = 8100, len(Ss) = 8100, len(Vs) = 8100
[20191008_090937 / lib_ip.py:3982] red : variance --> out of range (variance = 867.196 / upper = 0.430 / lower = 0.000)
[20191008_090937 / lib_ip.py:3753] file = img.20191008_090932.2019-10-07_20-34-18_000.jpg.4.png / val_Average = 99.0988	val_Variance = 867.1964	sd = 29.4482	max = 174	min = 0
[20191008_090937 / lib_ip.py:4052] len(Hs) = 8100, len(Ss) = 8100, len(Vs) = 8100
[20191008_090937 / lib_ip.py:4099] green : variance --> out of range (variance = 867.196 / upper = 0.760 / lower = 0.000)
[20191008_090937 / lib_ip.py:3753] file = img.20191008_090932.2019-10-07_20-34-18_000.jpg.4.png / val_Average = 99.0988	val_Variance = 867.1964	sd = 29.4482	max = 174	min = 0
[20191008_090938 / lib_ip.py:4169] len(Hs) = 8100, len(Ss) = 8100, len(Vs) = 8100
[20191008_090938 / lib_ip.py:4208] blue : variance --> out of range (variance = 867.196 / upper = 0.930 / lower = 0.010)
[20191008_090938 / lib_ip.py:3753] file = img.20191008_090932.2019-10-07_20-34-18_000.jpg.4.png / val_Average = 99.0988	val_Variance = 867.1964	sd = 29.4482	max = 174	min = 0
[20191008_090938 / lib_ip.py:4275] len(Hs) = 8100, len(Ss) = 8100, len(Vs) = 8100
[20191008_090938 / lib_ip.py:4314] pink : variance --> out of range (variance = 867.196 / upper = 0.750 / lower = 0.030)
[20191008_090938 / lib_ip.py:3753] file = img.20191008_090932.2019-10-07_20-34-18_000.jpg.4.png / val_Average = 99.0988	val_Variance = 867.1964	sd = 29.4482	max = 174	min = 0
[20191008_090938 / lib_ip.py:4378] len(Hs) = 8100, len(Ss) = 8100, len(Vs) = 8100
[20191008_090938 / lib_ip.py:4422] black : variance --> out of range (variance = 867.196 / upper = 0.000 / lower = 0.000)
[20191008_090938 / lib_ip.py:4593] file : img.20191008_090932.2019-10-07_20-34-18_000.jpg.4.png 3 (black : variance --> out of range (variance = 867.196 / upper = 0.000 / lower = 0.000))
[20191008_090936 / lib_ip.py:2274] inspecting ===> img.20191008_090932.2019-10-07_20-34-18_000.jpg.4.png
img.20191008_090932.2019-10-07_20-34-18_000.jpg.1.png => other
img.20191008_090932.2019-10-07_20-34-18_000.jpg.2.png => other
img.20191008_090932.2019-10-07_20-34-18_000.jpg.3.png => yellow
img.20191008_090932.2019-10-07_20-34-18_000.jpg.4.png => other
[20191008_090938 lib_ip.py:3301] =============== Get 4 corners
dpath_Images = C:\WORKS_2\WS\WS_Others.Art\JVEMV6\46_art\VIRTUAL\Admin_Projects\ip\images
fname_Image = img.20191008_090932.2019-10-07_20-34-18_000.jpg.4.png

[20191008_090939 / lib_ip.py:2274] inspecting ===> img.20191008_090939.2019-10-08_02-09-42_000.jpg.1.png
[20191008_090939 / lib_ip.py:4505] 
img.20191008_090939.2019-10-08_02-09-42_000.jpg.1.png 0 ---------------------
[20191008_090940 / lib_ip.py:3753] file = img.20191008_090939.2019-10-08_02-09-42_000.jpg.1.png / val_Average = 36.0631	val_Variance = 2049.1100	sd = 45.2671	max = 135	min = 0
[20191008_090940 / lib_ip.py:3836] len(Hs) = 8100, len(Ss) = 8100, len(Vs) = 8100
[20191008_090940 / lib_ip.py:3869] yellow : variance --> out of range (variance = 2049.110 / upper = 0.650 / lower = 0.000)
[20191008_090940 / lib_ip.py:3753] file = img.20191008_090939.2019-10-08_02-09-42_000.jpg.1.png / val_Average = 36.0631	val_Variance = 2049.1100	sd = 45.2671	max = 135	min = 0
[20191008_090940 / lib_ip.py:3936] len(Hs) = 8100, len(Ss) = 8100, len(Vs) = 8100
[20191008_090940 / lib_ip.py:3982] red : variance --> out of range (variance = 2049.110 / upper = 0.430 / lower = 0.000)
[20191008_090940 / lib_ip.py:3753] file = img.20191008_090939.2019-10-08_02-09-42_000.jpg.1.png / val_Average = 36.0631	val_Variance = 2049.1100	sd = 45.2671	max = 135	min = 0
[20191008_090940 / lib_ip.py:4052] len(Hs) = 8100, len(Ss) = 8100, len(Vs) = 8100
[20191008_090940 / lib_ip.py:4099] green : variance --> out of range (variance = 2049.110 / upper = 0.760 / lower = 0.000)
[20191008_090940 / lib_ip.py:3753] file = img.20191008_090939.2019-10-08_02-09-42_000.jpg.1.png / val_Average = 36.0631	val_Variance = 2049.1100	sd = 45.2671	max = 135	min = 0
[20191008_090940 / lib_ip.py:4169] len(Hs) = 8100, len(Ss) = 8100, len(Vs) = 8100
[20191008_090940 / lib_ip.py:4208] blue : variance --> out of range (variance = 2049.110 / upper = 0.930 / lower = 0.010)
[20191008_090940 / lib_ip.py:3753] file = img.20191008_090939.2019-10-08_02-09-42_000.jpg.1.png / val_Average = 36.0631	val_Variance = 2049.1100	sd = 45.2671	max = 135	min = 0
[20191008_090940 / lib_ip.py:4275] len(Hs) = 8100, len(Ss) = 8100, len(Vs) = 8100
[20191008_090941 / lib_ip.py:4314] pink : variance --> out of range (variance = 2049.110 / upper = 0.750 / lower = 0.030)
[20191008_090941 / lib_ip.py:3753] file = img.20191008_090939.2019-10-08_02-09-42_000.jpg.1.png / val_Average = 36.0631	val_Variance = 2049.1100	sd = 45.2671	max = 135	min = 0
[20191008_090941 / lib_ip.py:4378] len(Hs) = 8100, len(Ss) = 8100, len(Vs) = 8100
[20191008_090941 / lib_ip.py:4422] black : variance --> out of range (variance = 2049.110 / upper = 0.000 / lower = 0.000)
[20191008_090941 / lib_ip.py:4593] file : img.20191008_090939.2019-10-08_02-09-42_000.jpg.1.png 0 (black : variance --> out of range (variance = 2049.110 / upper = 0.000 / lower = 0.000))
[20191008_090941 / lib_ip.py:2274] inspecting ===> img.20191008_090939.2019-10-08_02-09-42_000.jpg.2.png
[20191008_090941 / lib_ip.py:4505] 
img.20191008_090939.2019-10-08_02-09-42_000.jpg.2.png 1 ---------------------
[20191008_090941 / lib_ip.py:3753] file = img.20191008_090939.2019-10-08_02-09-42_000.jpg.2.png / val_Average = 58.0268	val_Variance = 2135.4806	sd = 46.2113	max = 135	min = 0
[20191008_090941 / lib_ip.py:3836] len(Hs) = 8100, len(Ss) = 8100, len(Vs) = 8100
[20191008_090941 / lib_ip.py:3869] yellow : variance --> out of range (variance = 2135.481 / upper = 0.650 / lower = 0.000)
[20191008_090941 / lib_ip.py:3753] file = img.20191008_090939.2019-10-08_02-09-42_000.jpg.2.png / val_Average = 58.0268	val_Variance = 2135.4806	sd = 46.2113	max = 135	min = 0
[20191008_090941 / lib_ip.py:3936] len(Hs) = 8100, len(Ss) = 8100, len(Vs) = 8100
[20191008_090941 / lib_ip.py:3982] red : variance --> out of range (variance = 2135.481 / upper = 0.430 / lower = 0.000)
[20191008_090941 / lib_ip.py:3753] file = img.20191008_090939.2019-10-08_02-09-42_000.jpg.2.png / val_Average = 58.0268	val_Variance = 2135.4806	sd = 46.2113	max = 135	min = 0
[20191008_090941 / lib_ip.py:4052] len(Hs) = 8100, len(Ss) = 8100, len(Vs) = 8100
[20191008_090942 / lib_ip.py:4099] green : variance --> out of range (variance = 2135.481 / upper = 0.760 / lower = 0.000)
[20191008_090942 / lib_ip.py:3753] file = img.20191008_090939.2019-10-08_02-09-42_000.jpg.2.png / val_Average = 58.0268	val_Variance = 2135.4806	sd = 46.2113	max = 135	min = 0
[20191008_090942 / lib_ip.py:4169] len(Hs) = 8100, len(Ss) = 8100, len(Vs) = 8100
[20191008_090942 / lib_ip.py:4208] blue : variance --> out of range (variance = 2135.481 / upper = 0.930 / lower = 0.010)
[20191008_090942 / lib_ip.py:3753] file = img.20191008_090939.2019-10-08_02-09-42_000.jpg.2.png / val_Average = 58.0268	val_Variance = 2135.4806	sd = 46.2113	max = 135	min = 0
[20191008_090942 / lib_ip.py:4275] len(Hs) = 8100, len(Ss) = 8100, len(Vs) = 8100
[20191008_090942 / lib_ip.py:4314] pink : variance --> out of range (variance = 2135.481 / upper = 0.750 / lower = 0.030)
[20191008_090942 / lib_ip.py:3753] file = img.20191008_090939.2019-10-08_02-09-42_000.jpg.2.png / val_Average = 58.0268	val_Variance = 2135.4806	sd = 46.2113	max = 135	min = 0
[20191008_090942 / lib_ip.py:4378] len(Hs) = 8100, len(Ss) = 8100, len(Vs) = 8100
[20191008_090942 / lib_ip.py:4422] black : variance --> out of range (variance = 2135.481 / upper = 0.000 / lower = 0.000)
[20191008_090942 / lib_ip.py:4593] file : img.20191008_090939.2019-10-08_02-09-42_000.jpg.2.png 1 (black : variance --> out of range (variance = 2135.481 / upper = 0.000 / lower = 0.000))
[20191008_090942 / lib_ip.py:2274] inspecting ===> img.20191008_090939.2019-10-08_02-09-42_000.jpg.3.png
[20191008_090942 / lib_ip.py:4505] 
img.20191008_090939.2019-10-08_02-09-42_000.jpg.3.png 2 ---------------------
[20191008_090943 / lib_ip.py:3753] file = img.20191008_090939.2019-10-08_02-09-42_000.jpg.3.png / val_Average = 108.8010	val_Variance = 11.8757	sd = 3.4461	max = 136	min = 99
[20191008_090943 / lib_ip.py:3836] len(Hs) = 8100, len(Ss) = 8100, len(Vs) = 8100
[20191008_090943 / lib_ip.py:3869] yellow : variance --> out of range (variance = 11.876 / upper = 0.650 / lower = 0.000)
[20191008_090943 / lib_ip.py:3753] file = img.20191008_090939.2019-10-08_02-09-42_000.jpg.3.png / val_Average = 108.8010	val_Variance = 11.8757	sd = 3.4461	max = 136	min = 99
[20191008_090943 / lib_ip.py:3936] len(Hs) = 8100, len(Ss) = 8100, len(Vs) = 8100
[20191008_090943 / lib_ip.py:3982] red : variance --> out of range (variance = 11.876 / upper = 0.430 / lower = 0.000)
[20191008_090943 / lib_ip.py:3753] file = img.20191008_090939.2019-10-08_02-09-42_000.jpg.3.png / val_Average = 108.8010	val_Variance = 11.8757	sd = 3.4461	max = 136	min = 99
[20191008_090943 / lib_ip.py:4052] len(Hs) = 8100, len(Ss) = 8100, len(Vs) = 8100
[20191008_090943 / lib_ip.py:4099] green : variance --> out of range (variance = 11.876 / upper = 0.760 / lower = 0.000)
[20191008_090943 / lib_ip.py:3753] file = img.20191008_090939.2019-10-08_02-09-42_000.jpg.3.png / val_Average = 108.8010	val_Variance = 11.8757	sd = 3.4461	max = 136	min = 99
[20191008_090943 / lib_ip.py:4169] len(Hs) = 8100, len(Ss) = 8100, len(Vs) = 8100
[20191008_090943 / lib_ip.py:4208] blue : variance --> out of range (variance = 11.876 / upper = 0.930 / lower = 0.010)
[20191008_090943 / lib_ip.py:3753] file = img.20191008_090939.2019-10-08_02-09-42_000.jpg.3.png / val_Average = 108.8010	val_Variance = 11.8757	sd = 3.4461	max = 136	min = 99
[20191008_090943 / lib_ip.py:4275] len(Hs) = 8100, len(Ss) = 8100, len(Vs) = 8100
[20191008_090943 / lib_ip.py:4314] pink : variance --> out of range (variance = 11.876 / upper = 0.750 / lower = 0.030)
[20191008_090944 / lib_ip.py:3753] file = img.20191008_090939.2019-10-08_02-09-42_000.jpg.3.png / val_Average = 108.8010	val_Variance = 11.8757	sd = 3.4461	max = 136	min = 99
[20191008_090944 / lib_ip.py:4378] len(Hs) = 8100, len(Ss) = 8100, len(Vs) = 8100
[20191008_090944 / lib_ip.py:4422] black : variance --> out of range (variance = 11.876 / upper = 0.000 / lower = 0.000)
[20191008_090944 / lib_ip.py:4593] file : img.20191008_090939.2019-10-08_02-09-42_000.jpg.3.png 2 (black : variance --> out of range (variance = 11.876 / upper = 0.000 / lower = 0.000))
[20191008_090944 / lib_ip.py:2274] inspecting ===> img.20191008_090939.2019-10-08_02-09-42_000.jpg.4.png
[20191008_090944 / lib_ip.py:4505] 
img.20191008_090939.2019-10-08_02-09-42_000.jpg.4.png 3 ---------------------
[20191008_090944 / lib_ip.py:3753] file = img.20191008_090939.2019-10-08_02-09-42_000.jpg.4.png / val_Average = 99.7883	val_Variance = 324.3017	sd = 18.0084	max = 175	min = 0
[20191008_090944 / lib_ip.py:3836] len(Hs) = 8100, len(Ss) = 8100, len(Vs) = 8100
[20191008_090944 / lib_ip.py:3869] yellow : variance --> out of range (variance = 324.302 / upper = 0.650 / lower = 0.000)
[20191008_090944 / lib_ip.py:3753] file = img.20191008_090939.2019-10-08_02-09-42_000.jpg.4.png / val_Average = 99.7883	val_Variance = 324.3017	sd = 18.0084	max = 175	min = 0
[20191008_090944 / lib_ip.py:3936] len(Hs) = 8100, len(Ss) = 8100, len(Vs) = 8100
[20191008_090944 / lib_ip.py:3982] red : variance --> out of range (variance = 324.302 / upper = 0.430 / lower = 0.000)
[20191008_090944 / lib_ip.py:3753] file = img.20191008_090939.2019-10-08_02-09-42_000.jpg.4.png / val_Average = 99.7883	val_Variance = 324.3017	sd = 18.0084	max = 175	min = 0
[20191008_090944 / lib_ip.py:4052] len(Hs) = 8100, len(Ss) = 8100, len(Vs) = 8100
[20191008_090944 / lib_ip.py:4099] green : variance --> out of range (variance = 324.302 / upper = 0.760 / lower = 0.000)
[20191008_090944 / lib_ip.py:3753] file = img.20191008_090939.2019-10-08_02-09-42_000.jpg.4.png / val_Average = 99.7883	val_Variance = 324.3017	sd = 18.0084	max = 175	min = 0
[20191008_090944 / lib_ip.py:4169] len(Hs) = 8100, len(Ss) = 8100, len(Vs) = 8100
[20191008_090944 / lib_ip.py:4208] blue : variance --> out of range (variance = 324.302 / upper = 0.930 / lower = 0.010)
[20191008_090945 / lib_ip.py:3753] file = img.20191008_090939.2019-10-08_02-09-42_000.jpg.4.png / val_Average = 99.7883	val_Variance = 324.3017	sd = 18.0084	max = 175	min = 0
[20191008_090945 / lib_ip.py:4275] len(Hs) = 8100, len(Ss) = 8100, len(Vs) = 8100
[20191008_090945 / lib_ip.py:4314] pink : variance --> out of range (variance = 324.302 / upper = 0.750 / lower = 0.030)
[20191008_090945 / lib_ip.py:3753] file = img.20191008_090939.2019-10-08_02-09-42_000.jpg.4.png / val_Average = 99.7883	val_Variance = 324.3017	sd = 18.0084	max = 175	min = 0
[20191008_090945 / lib_ip.py:4378] len(Hs) = 8100, len(Ss) = 8100, len(Vs) = 8100
[20191008_090945 / lib_ip.py:4422] black : variance --> out of range (variance = 324.302 / upper = 0.000 / lower = 0.000)
[20191008_090945 / lib_ip.py:4593] file : img.20191008_090939.2019-10-08_02-09-42_000.jpg.4.png 3 (black : variance --> out of range (variance = 324.302 / upper = 0.000 / lower = 0.000))
[20191008_090944 / lib_ip.py:2274] inspecting ===> img.20191008_090939.2019-10-08_02-09-42_000.jpg.4.png
img.20191008_090939.2019-10-08_02-09-42_000.jpg.1.png => other
img.20191008_090939.2019-10-08_02-09-42_000.jpg.2.png => other
img.20191008_090939.2019-10-08_02-09-42_000.jpg.3.png => other
img.20191008_090939.2019-10-08_02-09-42_000.jpg.4.png => other
[20191008_090945 lib_ip.py:3301] =============== Get 4 corners
dpath_Images = C:\WORKS_2\WS\WS_Others.Art\JVEMV6\46_art\VIRTUAL\Admin_Projects\ip\images
fname_Image = img.20191008_090939.2019-10-08_02-09-42_000.jpg.4.png

[20191008_090946 / lib_ip.py:2274] inspecting ===> img.20191008_090946.2019-10-08_07-22-57_000.jpg.1.png
[20191008_090946 / lib_ip.py:4505] 
img.20191008_090946.2019-10-08_07-22-57_000.jpg.1.png 0 ---------------------
[20191008_090946 / lib_ip.py:3753] file = img.20191008_090946.2019-10-08_07-22-57_000.jpg.1.png / val_Average = 101.7933	val_Variance = 138.5361	sd = 11.7701	max = 160	min = 0
[20191008_090946 / lib_ip.py:3836] len(Hs) = 8100, len(Ss) = 8100, len(Vs) = 8100
[20191008_090946 / lib_ip.py:3869] yellow : variance --> out of range (variance = 138.536 / upper = 0.650 / lower = 0.000)
[20191008_090946 / lib_ip.py:3753] file = img.20191008_090946.2019-10-08_07-22-57_000.jpg.1.png / val_Average = 101.7933	val_Variance = 138.5361	sd = 11.7701	max = 160	min = 0
[20191008_090946 / lib_ip.py:3936] len(Hs) = 8100, len(Ss) = 8100, len(Vs) = 8100
[20191008_090946 / lib_ip.py:3982] red : variance --> out of range (variance = 138.536 / upper = 0.430 / lower = 0.000)
[20191008_090947 / lib_ip.py:3753] file = img.20191008_090946.2019-10-08_07-22-57_000.jpg.1.png / val_Average = 101.7933	val_Variance = 138.5361	sd = 11.7701	max = 160	min = 0
[20191008_090947 / lib_ip.py:4052] len(Hs) = 8100, len(Ss) = 8100, len(Vs) = 8100
[20191008_090947 / lib_ip.py:4099] green : variance --> out of range (variance = 138.536 / upper = 0.760 / lower = 0.000)
[20191008_090947 / lib_ip.py:3753] file = img.20191008_090946.2019-10-08_07-22-57_000.jpg.1.png / val_Average = 101.7933	val_Variance = 138.5361	sd = 11.7701	max = 160	min = 0
[20191008_090947 / lib_ip.py:4169] len(Hs) = 8100, len(Ss) = 8100, len(Vs) = 8100
[20191008_090947 / lib_ip.py:4208] blue : variance --> out of range (variance = 138.536 / upper = 0.930 / lower = 0.010)
[20191008_090947 / lib_ip.py:3753] file = img.20191008_090946.2019-10-08_07-22-57_000.jpg.1.png / val_Average = 101.7933	val_Variance = 138.5361	sd = 11.7701	max = 160	min = 0
[20191008_090947 / lib_ip.py:4275] len(Hs) = 8100, len(Ss) = 8100, len(Vs) = 8100
[20191008_090947 / lib_ip.py:4314] pink : variance --> out of range (variance = 138.536 / upper = 0.750 / lower = 0.030)
[20191008_090947 / lib_ip.py:3753] file = img.20191008_090946.2019-10-08_07-22-57_000.jpg.1.png / val_Average = 101.7933	val_Variance = 138.5361	sd = 11.7701	max = 160	min = 0
[20191008_090947 / lib_ip.py:4378] len(Hs) = 8100, len(Ss) = 8100, len(Vs) = 8100
[20191008_090947 / lib_ip.py:4422] black : variance --> out of range (variance = 138.536 / upper = 0.000 / lower = 0.000)
[20191008_090947 / lib_ip.py:4593] file : img.20191008_090946.2019-10-08_07-22-57_000.jpg.1.png 0 (black : variance --> out of range (variance = 138.536 / upper = 0.000 / lower = 0.000))
[20191008_090947 / lib_ip.py:2274] inspecting ===> img.20191008_090946.2019-10-08_07-22-57_000.jpg.2.png
[20191008_090947 / lib_ip.py:4505] 
img.20191008_090946.2019-10-08_07-22-57_000.jpg.2.png 1 ---------------------
[20191008_090948 / lib_ip.py:3753] file = img.20191008_090946.2019-10-08_07-22-57_000.jpg.2.png / val_Average = 22.1722	val_Variance = 473.0255	sd = 21.7491	max = 175	min = 0
[20191008_090948 / lib_ip.py:3836] len(Hs) = 8100, len(Ss) = 8100, len(Vs) = 8100
[20191008_090948 / lib_ip.py:3869] yellow : variance --> out of range (variance = 473.026 / upper = 0.650 / lower = 0.000)
[20191008_090948 / lib_ip.py:3753] file = img.20191008_090946.2019-10-08_07-22-57_000.jpg.2.png / val_Average = 22.1722	val_Variance = 473.0255	sd = 21.7491	max = 175	min = 0
[20191008_090948 / lib_ip.py:3936] len(Hs) = 8100, len(Ss) = 8100, len(Vs) = 8100
[20191008_090948 / lib_ip.py:3982] red : variance --> out of range (variance = 473.026 / upper = 0.430 / lower = 0.000)
[20191008_090948 / lib_ip.py:3753] file = img.20191008_090946.2019-10-08_07-22-57_000.jpg.2.png / val_Average = 22.1722	val_Variance = 473.0255	sd = 21.7491	max = 175	min = 0
[20191008_090948 / lib_ip.py:4052] len(Hs) = 8100, len(Ss) = 8100, len(Vs) = 8100
[20191008_090948 / lib_ip.py:4099] green : variance --> out of range (variance = 473.026 / upper = 0.760 / lower = 0.000)
[20191008_090948 / lib_ip.py:3753] file = img.20191008_090946.2019-10-08_07-22-57_000.jpg.2.png / val_Average = 22.1722	val_Variance = 473.0255	sd = 21.7491	max = 175	min = 0
[20191008_090948 / lib_ip.py:4169] len(Hs) = 8100, len(Ss) = 8100, len(Vs) = 8100
[20191008_090948 / lib_ip.py:4208] blue : variance --> out of range (variance = 473.026 / upper = 0.930 / lower = 0.010)
[20191008_090948 / lib_ip.py:3753] file = img.20191008_090946.2019-10-08_07-22-57_000.jpg.2.png / val_Average = 22.1722	val_Variance = 473.0255	sd = 21.7491	max = 175	min = 0
[20191008_090948 / lib_ip.py:4275] len(Hs) = 8100, len(Ss) = 8100, len(Vs) = 8100
[20191008_090948 / lib_ip.py:4314] pink : variance --> out of range (variance = 473.026 / upper = 0.750 / lower = 0.030)
[20191008_090948 / lib_ip.py:3753] file = img.20191008_090946.2019-10-08_07-22-57_000.jpg.2.png / val_Average = 22.1722	val_Variance = 473.0255	sd = 21.7491	max = 175	min = 0
[20191008_090949 / lib_ip.py:4378] len(Hs) = 8100, len(Ss) = 8100, len(Vs) = 8100
[20191008_090949 / lib_ip.py:4422] black : variance --> out of range (variance = 473.026 / upper = 0.000 / lower = 0.000)
[20191008_090949 / lib_ip.py:4593] file : img.20191008_090946.2019-10-08_07-22-57_000.jpg.2.png 1 (black : variance --> out of range (variance = 473.026 / upper = 0.000 / lower = 0.000))
[20191008_090949 / lib_ip.py:2274] inspecting ===> img.20191008_090946.2019-10-08_07-22-57_000.jpg.3.png
[20191008_090949 / lib_ip.py:4505] 
img.20191008_090946.2019-10-08_07-22-57_000.jpg.3.png 2 ---------------------
[20191008_090949 / lib_ip.py:3753] file = img.20191008_090946.2019-10-08_07-22-57_000.jpg.3.png / val_Average = 101.1675	val_Variance = 1.8086	sd = 1.3448	max = 105	min = 96
[20191008_090949 / lib_ip.py:3836] len(Hs) = 8100, len(Ss) = 8100, len(Vs) = 8100
[20191008_090949 / lib_ip.py:3869] yellow : variance --> out of range (variance = 1.809 / upper = 0.650 / lower = 0.000)
[20191008_090949 / lib_ip.py:3753] file = img.20191008_090946.2019-10-08_07-22-57_000.jpg.3.png / val_Average = 101.1675	val_Variance = 1.8086	sd = 1.3448	max = 105	min = 96
[20191008_090949 / lib_ip.py:3936] len(Hs) = 8100, len(Ss) = 8100, len(Vs) = 8100
[20191008_090949 / lib_ip.py:3982] red : variance --> out of range (variance = 1.809 / upper = 0.430 / lower = 0.000)
[20191008_090949 / lib_ip.py:3753] file = img.20191008_090946.2019-10-08_07-22-57_000.jpg.3.png / val_Average = 101.1675	val_Variance = 1.8086	sd = 1.3448	max = 105	min = 96
[20191008_090949 / lib_ip.py:4052] len(Hs) = 8100, len(Ss) = 8100, len(Vs) = 8100
[20191008_090949 / lib_ip.py:4099] green : variance --> out of range (variance = 1.809 / upper = 0.760 / lower = 0.000)
[20191008_090949 / lib_ip.py:3753] file = img.20191008_090946.2019-10-08_07-22-57_000.jpg.3.png / val_Average = 101.1675	val_Variance = 1.8086	sd = 1.3448	max = 105	min = 96
[20191008_090949 / lib_ip.py:4169] len(Hs) = 8100, len(Ss) = 8100, len(Vs) = 8100
[20191008_090949 / lib_ip.py:4208] blue : variance --> out of range (variance = 1.809 / upper = 0.930 / lower = 0.010)
[20191008_090950 / lib_ip.py:3753] file = img.20191008_090946.2019-10-08_07-22-57_000.jpg.3.png / val_Average = 101.1675	val_Variance = 1.8086	sd = 1.3448	max = 105	min = 96
[20191008_090950 / lib_ip.py:4275] len(Hs) = 8100, len(Ss) = 8100, len(Vs) = 8100
[20191008_090950 / lib_ip.py:4314] pink : variance --> out of range (variance = 1.809 / upper = 0.750 / lower = 0.030)
[20191008_090950 / lib_ip.py:3753] file = img.20191008_090946.2019-10-08_07-22-57_000.jpg.3.png / val_Average = 101.1675	val_Variance = 1.8086	sd = 1.3448	max = 105	min = 96
[20191008_090950 / lib_ip.py:4378] len(Hs) = 8100, len(Ss) = 8100, len(Vs) = 8100
[20191008_090950 / lib_ip.py:4422] black : variance --> out of range (variance = 1.809 / upper = 0.000 / lower = 0.000)
[20191008_090950 / lib_ip.py:4593] file : img.20191008_090946.2019-10-08_07-22-57_000.jpg.3.png 2 (black : variance --> out of range (variance = 1.809 / upper = 0.000 / lower = 0.000))
[20191008_090950 / lib_ip.py:2274] inspecting ===> img.20191008_090946.2019-10-08_07-22-57_000.jpg.4.png
[20191008_090950 / lib_ip.py:4505] 
img.20191008_090946.2019-10-08_07-22-57_000.jpg.4.png 3 ---------------------
[20191008_090950 / lib_ip.py:3753] file = img.20191008_090946.2019-10-08_07-22-57_000.jpg.4.png / val_Average = 103.3107	val_Variance = 1.1794	sd = 1.0860	max = 106	min = 99
[20191008_090951 / lib_ip.py:3836] len(Hs) = 8100, len(Ss) = 8100, len(Vs) = 8100
[20191008_090951 / lib_ip.py:3869] yellow : variance --> out of range (variance = 1.179 / upper = 0.650 / lower = 0.000)
[20191008_090951 / lib_ip.py:3753] file = img.20191008_090946.2019-10-08_07-22-57_000.jpg.4.png / val_Average = 103.3107	val_Variance = 1.1794	sd = 1.0860	max = 106	min = 99
[20191008_090951 / lib_ip.py:3936] len(Hs) = 8100, len(Ss) = 8100, len(Vs) = 8100
[20191008_090951 / lib_ip.py:3982] red : variance --> out of range (variance = 1.179 / upper = 0.430 / lower = 0.000)
[20191008_090951 / lib_ip.py:3753] file = img.20191008_090946.2019-10-08_07-22-57_000.jpg.4.png / val_Average = 103.3107	val_Variance = 1.1794	sd = 1.0860	max = 106	min = 99
[20191008_090951 / lib_ip.py:4052] len(Hs) = 8100, len(Ss) = 8100, len(Vs) = 8100
[20191008_090951 / lib_ip.py:4099] green : variance --> out of range (variance = 1.179 / upper = 0.760 / lower = 0.000)
[20191008_090951 / lib_ip.py:3753] file = img.20191008_090946.2019-10-08_07-22-57_000.jpg.4.png / val_Average = 103.3107	val_Variance = 1.1794	sd = 1.0860	max = 106	min = 99
[20191008_090951 / lib_ip.py:4169] len(Hs) = 8100, len(Ss) = 8100, len(Vs) = 8100
[20191008_090951 / lib_ip.py:4208] blue : variance --> out of range (variance = 1.179 / upper = 0.930 / lower = 0.010)
[20191008_090951 / lib_ip.py:3753] file = img.20191008_090946.2019-10-08_07-22-57_000.jpg.4.png / val_Average = 103.3107	val_Variance = 1.1794	sd = 1.0860	max = 106	min = 99
[20191008_090951 / lib_ip.py:4275] len(Hs) = 8100, len(Ss) = 8100, len(Vs) = 8100
[20191008_090951 / lib_ip.py:4314] pink : variance --> out of range (variance = 1.179 / upper = 0.750 / lower = 0.030)
[20191008_090951 / lib_ip.py:3753] file = img.20191008_090946.2019-10-08_07-22-57_000.jpg.4.png / val_Average = 103.3107	val_Variance = 1.1794	sd = 1.0860	max = 106	min = 99
[20191008_090951 / lib_ip.py:4378] len(Hs) = 8100, len(Ss) = 8100, len(Vs) = 8100
[20191008_090951 / lib_ip.py:4422] black : variance --> out of range (variance = 1.179 / upper = 0.000 / lower = 0.000)
[20191008_090952 / lib_ip.py:4593] file : img.20191008_090946.2019-10-08_07-22-57_000.jpg.4.png 3 (black : variance --> out of range (variance = 1.179 / upper = 0.000 / lower = 0.000))
[20191008_090950 / lib_ip.py:2274] inspecting ===> img.20191008_090946.2019-10-08_07-22-57_000.jpg.4.png
img.20191008_090946.2019-10-08_07-22-57_000.jpg.1.png => other
img.20191008_090946.2019-10-08_07-22-57_000.jpg.2.png => other
img.20191008_090946.2019-10-08_07-22-57_000.jpg.3.png => other
img.20191008_090946.2019-10-08_07-22-57_000.jpg.4.png => other
[20191008_090952 lib_ip.py:3301] =============== Get 4 corners
dpath_Images = C:\WORKS_2\WS\WS_Others.Art\JVEMV6\46_art\VIRTUAL\Admin_Projects\ip\images
fname_Image = img.20191008_090946.2019-10-08_07-22-57_000.jpg.4.png

[20191008_090952 / views.py:1411] gen csv => complete (20191008_090952)(elapsed = 42.911 sec / 7 files / 6.130 sec per file)
1)	2019-10-07_09-36-45_000.jpg => 	other other green green 
2)	2019-10-07_16-34-53_000.jpg => 	other other other red 
3)	2019-10-07_16-35-39_000.jpg => 	other other other red 
4)	2019-10-07_18-31-33_000.jpg => 	other other other red 
5)	2019-10-07_20-34-18_000.jpg => 	other other yellow other 
6)	2019-10-08_02-09-42_000.jpg => 	other other other other 
7)	2019-10-08_07-22-57_000.jpg => 	other other other other 
[20191008_090952 / views.py:1753] lo_ColorName_Set__Modified_2 =>
1)	2019-10-07_09-36-45_000.jpg => 	g g o o 
2)	2019-10-07_16-34-53_000.jpg => 	o o o r 
3)	2019-10-07_16-35-39_000.jpg => 	o o o r 
4)	2019-10-07_18-31-33_000.jpg => 	o o o r 
5)	2019-10-07_20-34-18_000.jpg => 	o o o y 
6)	2019-10-08_02-09-42_000.jpg => 	o o o o 
7)	2019-10-08_07-22-57_000.jpg => 	o o o o 
[20191008_090953 / views.py:1839] gen_Cake_CSV(request) ==> ending... =======================//

