[20191016_080309 / views.py:1822] gen_Cake_CSV(request) ==> starting... =======================
[20191016_080311 / lib_ip.py:2274] inspecting ===> img.20191016_080311.2019-10-15_10-31-17_000.jpg.1.png
[20191016_080312 / lib_ip.py:4505] 
img.20191016_080311.2019-10-15_10-31-17_000.jpg.1.png 0 ---------------------
[20191016_080312 / lib_ip.py:3753] file = img.20191016_080311.2019-10-15_10-31-17_000.jpg.1.png / val_Average = 103.7626	val_Variance = 1016.0867	sd = 31.8761	max = 150	min = 0
[20191016_080312 / lib_ip.py:3836] len(Hs) = 8100, len(Ss) = 8100, len(Vs) = 8100
[20191016_080312 / lib_ip.py:3869] yellow : variance --> out of range (variance = 1016.087 / upper = 0.650 / lower = 0.000)
[20191016_080312 / lib_ip.py:3753] file = img.20191016_080311.2019-10-15_10-31-17_000.jpg.1.png / val_Average = 103.7626	val_Variance = 1016.0867	sd = 31.8761	max = 150	min = 0
[20191016_080312 / lib_ip.py:3936] len(Hs) = 8100, len(Ss) = 8100, len(Vs) = 8100
[20191016_080312 / lib_ip.py:3982] red : variance --> out of range (variance = 1016.087 / upper = 0.430 / lower = 0.000)
[20191016_080312 / lib_ip.py:3753] file = img.20191016_080311.2019-10-15_10-31-17_000.jpg.1.png / val_Average = 103.7626	val_Variance = 1016.0867	sd = 31.8761	max = 150	min = 0
[20191016_080312 / lib_ip.py:4052] len(Hs) = 8100, len(Ss) = 8100, len(Vs) = 8100
[20191016_080312 / lib_ip.py:4099] green : variance --> out of range (variance = 1016.087 / upper = 0.760 / lower = 0.000)
[20191016_080312 / lib_ip.py:3753] file = img.20191016_080311.2019-10-15_10-31-17_000.jpg.1.png / val_Average = 103.7626	val_Variance = 1016.0867	sd = 31.8761	max = 150	min = 0
[20191016_080312 / lib_ip.py:4169] len(Hs) = 8100, len(Ss) = 8100, len(Vs) = 8100
[20191016_080312 / lib_ip.py:4208] blue : variance --> out of range (variance = 1016.087 / upper = 0.930 / lower = 0.010)
[20191016_080312 / lib_ip.py:3753] file = img.20191016_080311.2019-10-15_10-31-17_000.jpg.1.png / val_Average = 103.7626	val_Variance = 1016.0867	sd = 31.8761	max = 150	min = 0
[20191016_080313 / lib_ip.py:4275] len(Hs) = 8100, len(Ss) = 8100, len(Vs) = 8100
[20191016_080313 / lib_ip.py:4314] pink : variance --> out of range (variance = 1016.087 / upper = 0.750 / lower = 0.030)
[20191016_080313 / lib_ip.py:3753] file = img.20191016_080311.2019-10-15_10-31-17_000.jpg.1.png / val_Average = 103.7626	val_Variance = 1016.0867	sd = 31.8761	max = 150	min = 0
[20191016_080313 / lib_ip.py:4378] len(Hs) = 8100, len(Ss) = 8100, len(Vs) = 8100
[20191016_080313 / lib_ip.py:4422] black : variance --> out of range (variance = 1016.087 / upper = 0.000 / lower = 0.000)
[20191016_080313 / lib_ip.py:4593] file : img.20191016_080311.2019-10-15_10-31-17_000.jpg.1.png 0 (black : variance --> out of range (variance = 1016.087 / upper = 0.000 / lower = 0.000))
[20191016_080313 / lib_ip.py:2274] inspecting ===> img.20191016_080311.2019-10-15_10-31-17_000.jpg.2.png
[20191016_080313 / lib_ip.py:4505] 
img.20191016_080311.2019-10-15_10-31-17_000.jpg.2.png 1 ---------------------
[20191016_080313 / lib_ip.py:3753] file = img.20191016_080311.2019-10-15_10-31-17_000.jpg.2.png / val_Average = 113.5805	val_Variance = 21.4294	sd = 4.6292	max = 131	min = 99
[20191016_080313 / lib_ip.py:3836] len(Hs) = 8100, len(Ss) = 8100, len(Vs) = 8100
[20191016_080314 / lib_ip.py:3869] yellow : variance --> out of range (variance = 21.429 / upper = 0.650 / lower = 0.000)
[20191016_080314 / lib_ip.py:3753] file = img.20191016_080311.2019-10-15_10-31-17_000.jpg.2.png / val_Average = 113.5805	val_Variance = 21.4294	sd = 4.6292	max = 131	min = 99
[20191016_080314 / lib_ip.py:3936] len(Hs) = 8100, len(Ss) = 8100, len(Vs) = 8100
[20191016_080314 / lib_ip.py:3982] red : variance --> out of range (variance = 21.429 / upper = 0.430 / lower = 0.000)
[20191016_080314 / lib_ip.py:3753] file = img.20191016_080311.2019-10-15_10-31-17_000.jpg.2.png / val_Average = 113.5805	val_Variance = 21.4294	sd = 4.6292	max = 131	min = 99
[20191016_080314 / lib_ip.py:4052] len(Hs) = 8100, len(Ss) = 8100, len(Vs) = 8100
[20191016_080314 / lib_ip.py:4099] green : variance --> out of range (variance = 21.429 / upper = 0.760 / lower = 0.000)
[20191016_080314 / lib_ip.py:3753] file = img.20191016_080311.2019-10-15_10-31-17_000.jpg.2.png / val_Average = 113.5805	val_Variance = 21.4294	sd = 4.6292	max = 131	min = 99
[20191016_080314 / lib_ip.py:4169] len(Hs) = 8100, len(Ss) = 8100, len(Vs) = 8100
[20191016_080314 / lib_ip.py:4208] blue : variance --> out of range (variance = 21.429 / upper = 0.930 / lower = 0.010)
[20191016_080314 / lib_ip.py:3753] file = img.20191016_080311.2019-10-15_10-31-17_000.jpg.2.png / val_Average = 113.5805	val_Variance = 21.4294	sd = 4.6292	max = 131	min = 99
[20191016_080314 / lib_ip.py:4275] len(Hs) = 8100, len(Ss) = 8100, len(Vs) = 8100
[20191016_080314 / lib_ip.py:4314] pink : variance --> out of range (variance = 21.429 / upper = 0.750 / lower = 0.030)
[20191016_080314 / lib_ip.py:3753] file = img.20191016_080311.2019-10-15_10-31-17_000.jpg.2.png / val_Average = 113.5805	val_Variance = 21.4294	sd = 4.6292	max = 131	min = 99
[20191016_080314 / lib_ip.py:4378] len(Hs) = 8100, len(Ss) = 8100, len(Vs) = 8100
[20191016_080314 / lib_ip.py:4422] black : variance --> out of range (variance = 21.429 / upper = 0.000 / lower = 0.000)
[20191016_080314 / lib_ip.py:4593] file : img.20191016_080311.2019-10-15_10-31-17_000.jpg.2.png 1 (black : variance --> out of range (variance = 21.429 / upper = 0.000 / lower = 0.000))
[20191016_080314 / lib_ip.py:2274] inspecting ===> img.20191016_080311.2019-10-15_10-31-17_000.jpg.3.png
[20191016_080314 / lib_ip.py:4505] 
img.20191016_080311.2019-10-15_10-31-17_000.jpg.3.png 2 ---------------------
[20191016_080315 / lib_ip.py:3753] file = img.20191016_080311.2019-10-15_10-31-17_000.jpg.3.png / val_Average = 93.1026	val_Variance = 0.1056	sd = 0.3250	max = 94	min = 92
[20191016_080315 / lib_ip.py:3836] len(Hs) = 8100, len(Ss) = 8100, len(Vs) = 8100
[20191016_080315 / lib_ip.py:2274] inspecting ===> img.20191016_080311.2019-10-15_10-31-17_000.jpg.4.png
[20191016_080315 / lib_ip.py:4505] 
img.20191016_080311.2019-10-15_10-31-17_000.jpg.4.png 3 ---------------------
[20191016_080315 / lib_ip.py:3753] file = img.20191016_080311.2019-10-15_10-31-17_000.jpg.4.png / val_Average = 76.0049	val_Variance = 1091.9755	sd = 33.0451	max = 135	min = 0
[20191016_080315 / lib_ip.py:3836] len(Hs) = 8100, len(Ss) = 8100, len(Vs) = 8100
[20191016_080315 / lib_ip.py:3869] yellow : variance --> out of range (variance = 1091.976 / upper = 0.650 / lower = 0.000)
[20191016_080315 / lib_ip.py:3753] file = img.20191016_080311.2019-10-15_10-31-17_000.jpg.4.png / val_Average = 76.0049	val_Variance = 1091.9755	sd = 33.0451	max = 135	min = 0
[20191016_080316 / lib_ip.py:3936] len(Hs) = 8100, len(Ss) = 8100, len(Vs) = 8100
[20191016_080316 / lib_ip.py:3982] red : variance --> out of range (variance = 1091.976 / upper = 0.430 / lower = 0.000)
[20191016_080316 / lib_ip.py:3753] file = img.20191016_080311.2019-10-15_10-31-17_000.jpg.4.png / val_Average = 76.0049	val_Variance = 1091.9755	sd = 33.0451	max = 135	min = 0
[20191016_080316 / lib_ip.py:4052] len(Hs) = 8100, len(Ss) = 8100, len(Vs) = 8100
[20191016_080316 / lib_ip.py:4099] green : variance --> out of range (variance = 1091.976 / upper = 0.760 / lower = 0.000)
[20191016_080316 / lib_ip.py:3753] file = img.20191016_080311.2019-10-15_10-31-17_000.jpg.4.png / val_Average = 76.0049	val_Variance = 1091.9755	sd = 33.0451	max = 135	min = 0
[20191016_080316 / lib_ip.py:4169] len(Hs) = 8100, len(Ss) = 8100, len(Vs) = 8100
[20191016_080316 / lib_ip.py:4208] blue : variance --> out of range (variance = 1091.976 / upper = 0.930 / lower = 0.010)
[20191016_080316 / lib_ip.py:3753] file = img.20191016_080311.2019-10-15_10-31-17_000.jpg.4.png / val_Average = 76.0049	val_Variance = 1091.9755	sd = 33.0451	max = 135	min = 0
[20191016_080316 / lib_ip.py:4275] len(Hs) = 8100, len(Ss) = 8100, len(Vs) = 8100
[20191016_080316 / lib_ip.py:4314] pink : variance --> out of range (variance = 1091.976 / upper = 0.750 / lower = 0.030)
[20191016_080316 / lib_ip.py:3753] file = img.20191016_080311.2019-10-15_10-31-17_000.jpg.4.png / val_Average = 76.0049	val_Variance = 1091.9755	sd = 33.0451	max = 135	min = 0
[20191016_080316 / lib_ip.py:4378] len(Hs) = 8100, len(Ss) = 8100, len(Vs) = 8100
[20191016_080316 / lib_ip.py:4422] black : variance --> out of range (variance = 1091.976 / upper = 0.000 / lower = 0.000)
[20191016_080316 / lib_ip.py:4593] file : img.20191016_080311.2019-10-15_10-31-17_000.jpg.4.png 3 (black : variance --> out of range (variance = 1091.976 / upper = 0.000 / lower = 0.000))
[20191016_080315 / lib_ip.py:2274] inspecting ===> img.20191016_080311.2019-10-15_10-31-17_000.jpg.4.png
img.20191016_080311.2019-10-15_10-31-17_000.jpg.1.png => other
img.20191016_080311.2019-10-15_10-31-17_000.jpg.2.png => other
img.20191016_080311.2019-10-15_10-31-17_000.jpg.3.png => yellow
img.20191016_080311.2019-10-15_10-31-17_000.jpg.4.png => other
[20191016_080316 lib_ip.py:3301] =============== Get 4 corners
dpath_Images = C:\WORKS_2\WS\WS_Others.Art\JVEMV6\46_art\VIRTUAL\Admin_Projects\ip\images
fname_Image = img.20191016_080311.2019-10-15_10-31-17_000.jpg.4.png

[20191016_080317 / lib_ip.py:2274] inspecting ===> img.20191016_080317.2019-10-15_15-35-48_000.jpg.1.png
[20191016_080317 / lib_ip.py:4505] 
img.20191016_080317.2019-10-15_15-35-48_000.jpg.1.png 0 ---------------------
[20191016_080317 / lib_ip.py:3753] file = img.20191016_080317.2019-10-15_15-35-48_000.jpg.1.png / val_Average = 110.5605	val_Variance = 242.7088	sd = 15.5791	max = 131	min = 67
[20191016_080317 / lib_ip.py:3836] len(Hs) = 8100, len(Ss) = 8100, len(Vs) = 8100
[20191016_080317 / lib_ip.py:3869] yellow : variance --> out of range (variance = 242.709 / upper = 0.650 / lower = 0.000)
[20191016_080318 / lib_ip.py:3753] file = img.20191016_080317.2019-10-15_15-35-48_000.jpg.1.png / val_Average = 110.5605	val_Variance = 242.7088	sd = 15.5791	max = 131	min = 67
[20191016_080318 / lib_ip.py:3936] len(Hs) = 8100, len(Ss) = 8100, len(Vs) = 8100
[20191016_080318 / lib_ip.py:3982] red : variance --> out of range (variance = 242.709 / upper = 0.430 / lower = 0.000)
[20191016_080318 / lib_ip.py:3753] file = img.20191016_080317.2019-10-15_15-35-48_000.jpg.1.png / val_Average = 110.5605	val_Variance = 242.7088	sd = 15.5791	max = 131	min = 67
[20191016_080318 / lib_ip.py:4052] len(Hs) = 8100, len(Ss) = 8100, len(Vs) = 8100
[20191016_080318 / lib_ip.py:4099] green : variance --> out of range (variance = 242.709 / upper = 0.760 / lower = 0.000)
[20191016_080318 / lib_ip.py:3753] file = img.20191016_080317.2019-10-15_15-35-48_000.jpg.1.png / val_Average = 110.5605	val_Variance = 242.7088	sd = 15.5791	max = 131	min = 67
[20191016_080318 / lib_ip.py:4169] len(Hs) = 8100, len(Ss) = 8100, len(Vs) = 8100
[20191016_080318 / lib_ip.py:4208] blue : variance --> out of range (variance = 242.709 / upper = 0.930 / lower = 0.010)
[20191016_080318 / lib_ip.py:3753] file = img.20191016_080317.2019-10-15_15-35-48_000.jpg.1.png / val_Average = 110.5605	val_Variance = 242.7088	sd = 15.5791	max = 131	min = 67
[20191016_080318 / lib_ip.py:4275] len(Hs) = 8100, len(Ss) = 8100, len(Vs) = 8100
[20191016_080318 / lib_ip.py:4314] pink : variance --> out of range (variance = 242.709 / upper = 0.750 / lower = 0.030)
[20191016_080318 / lib_ip.py:3753] file = img.20191016_080317.2019-10-15_15-35-48_000.jpg.1.png / val_Average = 110.5605	val_Variance = 242.7088	sd = 15.5791	max = 131	min = 67
[20191016_080318 / lib_ip.py:4378] len(Hs) = 8100, len(Ss) = 8100, len(Vs) = 8100
[20191016_080319 / lib_ip.py:4422] black : variance --> out of range (variance = 242.709 / upper = 0.000 / lower = 0.000)
[20191016_080319 / lib_ip.py:4593] file : img.20191016_080317.2019-10-15_15-35-48_000.jpg.1.png 0 (black : variance --> out of range (variance = 242.709 / upper = 0.000 / lower = 0.000))
[20191016_080319 / lib_ip.py:2274] inspecting ===> img.20191016_080317.2019-10-15_15-35-48_000.jpg.2.png
[20191016_080319 / lib_ip.py:4505] 
img.20191016_080317.2019-10-15_15-35-48_000.jpg.2.png 1 ---------------------
[20191016_080319 / lib_ip.py:3753] file = img.20191016_080317.2019-10-15_15-35-48_000.jpg.2.png / val_Average = 71.8970	val_Variance = 2899.8124	sd = 53.8499	max = 174	min = 0
[20191016_080319 / lib_ip.py:3836] len(Hs) = 8100, len(Ss) = 8100, len(Vs) = 8100
[20191016_080319 / lib_ip.py:3869] yellow : variance --> out of range (variance = 2899.812 / upper = 0.650 / lower = 0.000)
[20191016_080319 / lib_ip.py:3753] file = img.20191016_080317.2019-10-15_15-35-48_000.jpg.2.png / val_Average = 71.8970	val_Variance = 2899.8124	sd = 53.8499	max = 174	min = 0
[20191016_080319 / lib_ip.py:3936] len(Hs) = 8100, len(Ss) = 8100, len(Vs) = 8100
[20191016_080319 / lib_ip.py:3982] red : variance --> out of range (variance = 2899.812 / upper = 0.430 / lower = 0.000)
[20191016_080319 / lib_ip.py:3753] file = img.20191016_080317.2019-10-15_15-35-48_000.jpg.2.png / val_Average = 71.8970	val_Variance = 2899.8124	sd = 53.8499	max = 174	min = 0
[20191016_080319 / lib_ip.py:4052] len(Hs) = 8100, len(Ss) = 8100, len(Vs) = 8100
[20191016_080319 / lib_ip.py:4099] green : variance --> out of range (variance = 2899.812 / upper = 0.760 / lower = 0.000)
[20191016_080319 / lib_ip.py:3753] file = img.20191016_080317.2019-10-15_15-35-48_000.jpg.2.png / val_Average = 71.8970	val_Variance = 2899.8124	sd = 53.8499	max = 174	min = 0
[20191016_080320 / lib_ip.py:4169] len(Hs) = 8100, len(Ss) = 8100, len(Vs) = 8100
[20191016_080320 / lib_ip.py:4208] blue : variance --> out of range (variance = 2899.812 / upper = 0.930 / lower = 0.010)
[20191016_080320 / lib_ip.py:3753] file = img.20191016_080317.2019-10-15_15-35-48_000.jpg.2.png / val_Average = 71.8970	val_Variance = 2899.8124	sd = 53.8499	max = 174	min = 0
[20191016_080320 / lib_ip.py:4275] len(Hs) = 8100, len(Ss) = 8100, len(Vs) = 8100
[20191016_080320 / lib_ip.py:4314] pink : variance --> out of range (variance = 2899.812 / upper = 0.750 / lower = 0.030)
[20191016_080320 / lib_ip.py:3753] file = img.20191016_080317.2019-10-15_15-35-48_000.jpg.2.png / val_Average = 71.8970	val_Variance = 2899.8124	sd = 53.8499	max = 174	min = 0
[20191016_080320 / lib_ip.py:4378] len(Hs) = 8100, len(Ss) = 8100, len(Vs) = 8100
[20191016_080320 / lib_ip.py:4422] black : variance --> out of range (variance = 2899.812 / upper = 0.000 / lower = 0.000)
[20191016_080320 / lib_ip.py:4593] file : img.20191016_080317.2019-10-15_15-35-48_000.jpg.2.png 1 (black : variance --> out of range (variance = 2899.812 / upper = 0.000 / lower = 0.000))
[20191016_080320 / lib_ip.py:2274] inspecting ===> img.20191016_080317.2019-10-15_15-35-48_000.jpg.3.png
[20191016_080320 / lib_ip.py:4505] 
img.20191016_080317.2019-10-15_15-35-48_000.jpg.3.png 2 ---------------------
[20191016_080321 / lib_ip.py:3753] file = img.20191016_080317.2019-10-15_15-35-48_000.jpg.3.png / val_Average = 111.6585	val_Variance = 12.0960	sd = 3.4779	max = 137	min = 101
[20191016_080321 / lib_ip.py:3836] len(Hs) = 8100, len(Ss) = 8100, len(Vs) = 8100
[20191016_080321 / lib_ip.py:3869] yellow : variance --> out of range (variance = 12.096 / upper = 0.650 / lower = 0.000)
[20191016_080321 / lib_ip.py:3753] file = img.20191016_080317.2019-10-15_15-35-48_000.jpg.3.png / val_Average = 111.6585	val_Variance = 12.0960	sd = 3.4779	max = 137	min = 101
[20191016_080321 / lib_ip.py:3936] len(Hs) = 8100, len(Ss) = 8100, len(Vs) = 8100
[20191016_080321 / lib_ip.py:3982] red : variance --> out of range (variance = 12.096 / upper = 0.430 / lower = 0.000)
[20191016_080321 / lib_ip.py:3753] file = img.20191016_080317.2019-10-15_15-35-48_000.jpg.3.png / val_Average = 111.6585	val_Variance = 12.0960	sd = 3.4779	max = 137	min = 101
[20191016_080321 / lib_ip.py:4052] len(Hs) = 8100, len(Ss) = 8100, len(Vs) = 8100
[20191016_080321 / lib_ip.py:4099] green : variance --> out of range (variance = 12.096 / upper = 0.760 / lower = 0.000)
[20191016_080321 / lib_ip.py:3753] file = img.20191016_080317.2019-10-15_15-35-48_000.jpg.3.png / val_Average = 111.6585	val_Variance = 12.0960	sd = 3.4779	max = 137	min = 101
[20191016_080321 / lib_ip.py:4169] len(Hs) = 8100, len(Ss) = 8100, len(Vs) = 8100
[20191016_080321 / lib_ip.py:4208] blue : variance --> out of range (variance = 12.096 / upper = 0.930 / lower = 0.010)
[20191016_080321 / lib_ip.py:3753] file = img.20191016_080317.2019-10-15_15-35-48_000.jpg.3.png / val_Average = 111.6585	val_Variance = 12.0960	sd = 3.4779	max = 137	min = 101
[20191016_080321 / lib_ip.py:4275] len(Hs) = 8100, len(Ss) = 8100, len(Vs) = 8100
[20191016_080321 / lib_ip.py:4314] pink : variance --> out of range (variance = 12.096 / upper = 0.750 / lower = 0.030)
[20191016_080322 / lib_ip.py:3753] file = img.20191016_080317.2019-10-15_15-35-48_000.jpg.3.png / val_Average = 111.6585	val_Variance = 12.0960	sd = 3.4779	max = 137	min = 101
[20191016_080322 / lib_ip.py:4378] len(Hs) = 8100, len(Ss) = 8100, len(Vs) = 8100
[20191016_080322 / lib_ip.py:4422] black : variance --> out of range (variance = 12.096 / upper = 0.000 / lower = 0.000)
[20191016_080322 / lib_ip.py:4593] file : img.20191016_080317.2019-10-15_15-35-48_000.jpg.3.png 2 (black : variance --> out of range (variance = 12.096 / upper = 0.000 / lower = 0.000))
[20191016_080322 / lib_ip.py:2274] inspecting ===> img.20191016_080317.2019-10-15_15-35-48_000.jpg.4.png
[20191016_080322 / lib_ip.py:4505] 
img.20191016_080317.2019-10-15_15-35-48_000.jpg.4.png 3 ---------------------
[20191016_080322 / lib_ip.py:3753] file = img.20191016_080317.2019-10-15_15-35-48_000.jpg.4.png / val_Average = 121.0069	val_Variance = 0.0338	sd = 0.1838	max = 122	min = 120
[20191016_080322 / lib_ip.py:3836] len(Hs) = 8100, len(Ss) = 8100, len(Vs) = 8100
[20191016_080322 / lib_ip.py:3891] yellow : average --> out of range (average = 121.007 / upper = 99.200 / lower = 85.500)
[20191016_080322 / lib_ip.py:3753] file = img.20191016_080317.2019-10-15_15-35-48_000.jpg.4.png / val_Average = 121.0069	val_Variance = 0.0338	sd = 0.1838	max = 122	min = 120
[20191016_080322 / lib_ip.py:3936] len(Hs) = 8100, len(Ss) = 8100, len(Vs) = 8100
[20191016_080322 / lib_ip.py:2274] inspecting ===> img.20191016_080317.2019-10-15_15-35-48_000.jpg.4.png
img.20191016_080317.2019-10-15_15-35-48_000.jpg.1.png => other
img.20191016_080317.2019-10-15_15-35-48_000.jpg.2.png => other
img.20191016_080317.2019-10-15_15-35-48_000.jpg.3.png => other
img.20191016_080317.2019-10-15_15-35-48_000.jpg.4.png => other
[20191016_080322 lib_ip.py:3301] =============== Get 4 corners
dpath_Images = C:\WORKS_2\WS\WS_Others.Art\JVEMV6\46_art\VIRTUAL\Admin_Projects\ip\images
fname_Image = img.20191016_080317.2019-10-15_15-35-48_000.jpg.4.png

[20191016_080323 / lib_ip.py:2274] inspecting ===> img.20191016_080323.2019-10-15_15-36-12_000.jpg.1.png
[20191016_080323 / lib_ip.py:4505] 
img.20191016_080323.2019-10-15_15-36-12_000.jpg.1.png 0 ---------------------
[20191016_080324 / lib_ip.py:3753] file = img.20191016_080323.2019-10-15_15-36-12_000.jpg.1.png / val_Average = 107.8480	val_Variance = 3.0854	sd = 1.7565	max = 120	min = 99
[20191016_080324 / lib_ip.py:3836] len(Hs) = 8100, len(Ss) = 8100, len(Vs) = 8100
[20191016_080324 / lib_ip.py:3869] yellow : variance --> out of range (variance = 3.085 / upper = 0.650 / lower = 0.000)
[20191016_080324 / lib_ip.py:3753] file = img.20191016_080323.2019-10-15_15-36-12_000.jpg.1.png / val_Average = 107.8480	val_Variance = 3.0854	sd = 1.7565	max = 120	min = 99
[20191016_080324 / lib_ip.py:3936] len(Hs) = 8100, len(Ss) = 8100, len(Vs) = 8100
[20191016_080324 / lib_ip.py:3982] red : variance --> out of range (variance = 3.085 / upper = 0.430 / lower = 0.000)
[20191016_080324 / lib_ip.py:3753] file = img.20191016_080323.2019-10-15_15-36-12_000.jpg.1.png / val_Average = 107.8480	val_Variance = 3.0854	sd = 1.7565	max = 120	min = 99
[20191016_080324 / lib_ip.py:4052] len(Hs) = 8100, len(Ss) = 8100, len(Vs) = 8100
[20191016_080324 / lib_ip.py:4099] green : variance --> out of range (variance = 3.085 / upper = 0.760 / lower = 0.000)
[20191016_080324 / lib_ip.py:3753] file = img.20191016_080323.2019-10-15_15-36-12_000.jpg.1.png / val_Average = 107.8480	val_Variance = 3.0854	sd = 1.7565	max = 120	min = 99
[20191016_080324 / lib_ip.py:4169] len(Hs) = 8100, len(Ss) = 8100, len(Vs) = 8100
[20191016_080324 / lib_ip.py:4208] blue : variance --> out of range (variance = 3.085 / upper = 0.930 / lower = 0.010)
[20191016_080324 / lib_ip.py:3753] file = img.20191016_080323.2019-10-15_15-36-12_000.jpg.1.png / val_Average = 107.8480	val_Variance = 3.0854	sd = 1.7565	max = 120	min = 99
[20191016_080324 / lib_ip.py:4275] len(Hs) = 8100, len(Ss) = 8100, len(Vs) = 8100
[20191016_080324 / lib_ip.py:4314] pink : variance --> out of range (variance = 3.085 / upper = 0.750 / lower = 0.030)
[20191016_080324 / lib_ip.py:3753] file = img.20191016_080323.2019-10-15_15-36-12_000.jpg.1.png / val_Average = 107.8480	val_Variance = 3.0854	sd = 1.7565	max = 120	min = 99
[20191016_080324 / lib_ip.py:4378] len(Hs) = 8100, len(Ss) = 8100, len(Vs) = 8100
[20191016_080324 / lib_ip.py:4422] black : variance --> out of range (variance = 3.085 / upper = 0.000 / lower = 0.000)
[20191016_080324 / lib_ip.py:4593] file : img.20191016_080323.2019-10-15_15-36-12_000.jpg.1.png 0 (black : variance --> out of range (variance = 3.085 / upper = 0.000 / lower = 0.000))
[20191016_080325 / lib_ip.py:2274] inspecting ===> img.20191016_080323.2019-10-15_15-36-12_000.jpg.2.png
[20191016_080325 / lib_ip.py:4505] 
img.20191016_080323.2019-10-15_15-36-12_000.jpg.2.png 1 ---------------------
[20191016_080325 / lib_ip.py:3753] file = img.20191016_080323.2019-10-15_15-36-12_000.jpg.2.png / val_Average = 106.7231	val_Variance = 79.3244	sd = 8.9064	max = 140	min = 70
[20191016_080325 / lib_ip.py:3836] len(Hs) = 8100, len(Ss) = 8100, len(Vs) = 8100
[20191016_080325 / lib_ip.py:3869] yellow : variance --> out of range (variance = 79.324 / upper = 0.650 / lower = 0.000)
[20191016_080325 / lib_ip.py:3753] file = img.20191016_080323.2019-10-15_15-36-12_000.jpg.2.png / val_Average = 106.7231	val_Variance = 79.3244	sd = 8.9064	max = 140	min = 70
[20191016_080325 / lib_ip.py:3936] len(Hs) = 8100, len(Ss) = 8100, len(Vs) = 8100
[20191016_080325 / lib_ip.py:3982] red : variance --> out of range (variance = 79.324 / upper = 0.430 / lower = 0.000)
[20191016_080325 / lib_ip.py:3753] file = img.20191016_080323.2019-10-15_15-36-12_000.jpg.2.png / val_Average = 106.7231	val_Variance = 79.3244	sd = 8.9064	max = 140	min = 70
[20191016_080325 / lib_ip.py:4052] len(Hs) = 8100, len(Ss) = 8100, len(Vs) = 8100
[20191016_080325 / lib_ip.py:4099] green : variance --> out of range (variance = 79.324 / upper = 0.760 / lower = 0.000)
[20191016_080326 / lib_ip.py:3753] file = img.20191016_080323.2019-10-15_15-36-12_000.jpg.2.png / val_Average = 106.7231	val_Variance = 79.3244	sd = 8.9064	max = 140	min = 70
[20191016_080326 / lib_ip.py:4169] len(Hs) = 8100, len(Ss) = 8100, len(Vs) = 8100
[20191016_080326 / lib_ip.py:4208] blue : variance --> out of range (variance = 79.324 / upper = 0.930 / lower = 0.010)
[20191016_080326 / lib_ip.py:3753] file = img.20191016_080323.2019-10-15_15-36-12_000.jpg.2.png / val_Average = 106.7231	val_Variance = 79.3244	sd = 8.9064	max = 140	min = 70
[20191016_080326 / lib_ip.py:4275] len(Hs) = 8100, len(Ss) = 8100, len(Vs) = 8100
[20191016_080326 / lib_ip.py:4314] pink : variance --> out of range (variance = 79.324 / upper = 0.750 / lower = 0.030)
[20191016_080326 / lib_ip.py:3753] file = img.20191016_080323.2019-10-15_15-36-12_000.jpg.2.png / val_Average = 106.7231	val_Variance = 79.3244	sd = 8.9064	max = 140	min = 70
[20191016_080326 / lib_ip.py:4378] len(Hs) = 8100, len(Ss) = 8100, len(Vs) = 8100
[20191016_080326 / lib_ip.py:4422] black : variance --> out of range (variance = 79.324 / upper = 0.000 / lower = 0.000)
[20191016_080326 / lib_ip.py:4593] file : img.20191016_080323.2019-10-15_15-36-12_000.jpg.2.png 1 (black : variance --> out of range (variance = 79.324 / upper = 0.000 / lower = 0.000))
[20191016_080326 / lib_ip.py:2274] inspecting ===> img.20191016_080323.2019-10-15_15-36-12_000.jpg.3.png
[20191016_080327 / lib_ip.py:4505] 
img.20191016_080323.2019-10-15_15-36-12_000.jpg.3.png 2 ---------------------
[20191016_080327 / lib_ip.py:3753] file = img.20191016_080323.2019-10-15_15-36-12_000.jpg.3.png / val_Average = 107.8996	val_Variance = 1.4533	sd = 1.2055	max = 116	min = 101
[20191016_080327 / lib_ip.py:3836] len(Hs) = 8100, len(Ss) = 8100, len(Vs) = 8100
[20191016_080327 / lib_ip.py:3869] yellow : variance --> out of range (variance = 1.453 / upper = 0.650 / lower = 0.000)
[20191016_080327 / lib_ip.py:3753] file = img.20191016_080323.2019-10-15_15-36-12_000.jpg.3.png / val_Average = 107.8996	val_Variance = 1.4533	sd = 1.2055	max = 116	min = 101
[20191016_080327 / lib_ip.py:3936] len(Hs) = 8100, len(Ss) = 8100, len(Vs) = 8100
[20191016_080327 / lib_ip.py:3982] red : variance --> out of range (variance = 1.453 / upper = 0.430 / lower = 0.000)
[20191016_080327 / lib_ip.py:3753] file = img.20191016_080323.2019-10-15_15-36-12_000.jpg.3.png / val_Average = 107.8996	val_Variance = 1.4533	sd = 1.2055	max = 116	min = 101
[20191016_080327 / lib_ip.py:4052] len(Hs) = 8100, len(Ss) = 8100, len(Vs) = 8100
[20191016_080327 / lib_ip.py:4099] green : variance --> out of range (variance = 1.453 / upper = 0.760 / lower = 0.000)
[20191016_080327 / lib_ip.py:3753] file = img.20191016_080323.2019-10-15_15-36-12_000.jpg.3.png / val_Average = 107.8996	val_Variance = 1.4533	sd = 1.2055	max = 116	min = 101
[20191016_080327 / lib_ip.py:4169] len(Hs) = 8100, len(Ss) = 8100, len(Vs) = 8100
[20191016_080327 / lib_ip.py:4208] blue : variance --> out of range (variance = 1.453 / upper = 0.930 / lower = 0.010)
[20191016_080327 / lib_ip.py:3753] file = img.20191016_080323.2019-10-15_15-36-12_000.jpg.3.png / val_Average = 107.8996	val_Variance = 1.4533	sd = 1.2055	max = 116	min = 101
[20191016_080327 / lib_ip.py:4275] len(Hs) = 8100, len(Ss) = 8100, len(Vs) = 8100
[20191016_080327 / lib_ip.py:4314] pink : variance --> out of range (variance = 1.453 / upper = 0.750 / lower = 0.030)
[20191016_080327 / lib_ip.py:3753] file = img.20191016_080323.2019-10-15_15-36-12_000.jpg.3.png / val_Average = 107.8996	val_Variance = 1.4533	sd = 1.2055	max = 116	min = 101
[20191016_080328 / lib_ip.py:4378] len(Hs) = 8100, len(Ss) = 8100, len(Vs) = 8100
[20191016_080328 / lib_ip.py:4422] black : variance --> out of range (variance = 1.453 / upper = 0.000 / lower = 0.000)
[20191016_080328 / lib_ip.py:4593] file : img.20191016_080323.2019-10-15_15-36-12_000.jpg.3.png 2 (black : variance --> out of range (variance = 1.453 / upper = 0.000 / lower = 0.000))
[20191016_080328 / lib_ip.py:2274] inspecting ===> img.20191016_080323.2019-10-15_15-36-12_000.jpg.4.png
[20191016_080328 / lib_ip.py:4505] 
img.20191016_080323.2019-10-15_15-36-12_000.jpg.4.png 3 ---------------------
[20191016_080328 / lib_ip.py:3753] file = img.20191016_080323.2019-10-15_15-36-12_000.jpg.4.png / val_Average = 120.6915	val_Variance = 0.2188	sd = 0.4677	max = 122	min = 119
[20191016_080328 / lib_ip.py:3836] len(Hs) = 8100, len(Ss) = 8100, len(Vs) = 8100
[20191016_080329 / lib_ip.py:3891] yellow : average --> out of range (average = 120.691 / upper = 99.200 / lower = 85.500)
[20191016_080329 / lib_ip.py:3753] file = img.20191016_080323.2019-10-15_15-36-12_000.jpg.4.png / val_Average = 120.6915	val_Variance = 0.2188	sd = 0.4677	max = 122	min = 119
[20191016_080329 / lib_ip.py:3936] len(Hs) = 8100, len(Ss) = 8100, len(Vs) = 8100
[20191016_080328 / lib_ip.py:2274] inspecting ===> img.20191016_080323.2019-10-15_15-36-12_000.jpg.4.png
img.20191016_080323.2019-10-15_15-36-12_000.jpg.1.png => other
img.20191016_080323.2019-10-15_15-36-12_000.jpg.2.png => other
img.20191016_080323.2019-10-15_15-36-12_000.jpg.3.png => other
img.20191016_080323.2019-10-15_15-36-12_000.jpg.4.png => other
[20191016_080329 lib_ip.py:3301] =============== Get 4 corners
dpath_Images = C:\WORKS_2\WS\WS_Others.Art\JVEMV6\46_art\VIRTUAL\Admin_Projects\ip\images
fname_Image = img.20191016_080323.2019-10-15_15-36-12_000.jpg.4.png

[20191016_080330 / lib_ip.py:2274] inspecting ===> img.20191016_080329.2019-10-15_15-36-41_000.jpg.1.png
[20191016_080330 / lib_ip.py:4505] 
img.20191016_080329.2019-10-15_15-36-41_000.jpg.1.png 0 ---------------------
[20191016_080330 / lib_ip.py:3753] file = img.20191016_080329.2019-10-15_15-36-41_000.jpg.1.png / val_Average = 108.4981	val_Variance = 4.6596	sd = 2.1586	max = 120	min = 99
[20191016_080330 / lib_ip.py:3836] len(Hs) = 8100, len(Ss) = 8100, len(Vs) = 8100
[20191016_080330 / lib_ip.py:3869] yellow : variance --> out of range (variance = 4.660 / upper = 0.650 / lower = 0.000)
[20191016_080330 / lib_ip.py:3753] file = img.20191016_080329.2019-10-15_15-36-41_000.jpg.1.png / val_Average = 108.4981	val_Variance = 4.6596	sd = 2.1586	max = 120	min = 99
[20191016_080330 / lib_ip.py:3936] len(Hs) = 8100, len(Ss) = 8100, len(Vs) = 8100
[20191016_080330 / lib_ip.py:3982] red : variance --> out of range (variance = 4.660 / upper = 0.430 / lower = 0.000)
[20191016_080330 / lib_ip.py:3753] file = img.20191016_080329.2019-10-15_15-36-41_000.jpg.1.png / val_Average = 108.4981	val_Variance = 4.6596	sd = 2.1586	max = 120	min = 99
[20191016_080330 / lib_ip.py:4052] len(Hs) = 8100, len(Ss) = 8100, len(Vs) = 8100
[20191016_080330 / lib_ip.py:4099] green : variance --> out of range (variance = 4.660 / upper = 0.760 / lower = 0.000)
[20191016_080331 / lib_ip.py:3753] file = img.20191016_080329.2019-10-15_15-36-41_000.jpg.1.png / val_Average = 108.4981	val_Variance = 4.6596	sd = 2.1586	max = 120	min = 99
[20191016_080331 / lib_ip.py:4169] len(Hs) = 8100, len(Ss) = 8100, len(Vs) = 8100
[20191016_080331 / lib_ip.py:4208] blue : variance --> out of range (variance = 4.660 / upper = 0.930 / lower = 0.010)
[20191016_080331 / lib_ip.py:3753] file = img.20191016_080329.2019-10-15_15-36-41_000.jpg.1.png / val_Average = 108.4981	val_Variance = 4.6596	sd = 2.1586	max = 120	min = 99
[20191016_080331 / lib_ip.py:4275] len(Hs) = 8100, len(Ss) = 8100, len(Vs) = 8100
[20191016_080331 / lib_ip.py:4314] pink : variance --> out of range (variance = 4.660 / upper = 0.750 / lower = 0.030)
[20191016_080331 / lib_ip.py:3753] file = img.20191016_080329.2019-10-15_15-36-41_000.jpg.1.png / val_Average = 108.4981	val_Variance = 4.6596	sd = 2.1586	max = 120	min = 99
[20191016_080331 / lib_ip.py:4378] len(Hs) = 8100, len(Ss) = 8100, len(Vs) = 8100
[20191016_080331 / lib_ip.py:4422] black : variance --> out of range (variance = 4.660 / upper = 0.000 / lower = 0.000)
[20191016_080331 / lib_ip.py:4593] file : img.20191016_080329.2019-10-15_15-36-41_000.jpg.1.png 0 (black : variance --> out of range (variance = 4.660 / upper = 0.000 / lower = 0.000))
[20191016_080331 / lib_ip.py:2274] inspecting ===> img.20191016_080329.2019-10-15_15-36-41_000.jpg.2.png
[20191016_080332 / lib_ip.py:4505] 
img.20191016_080329.2019-10-15_15-36-41_000.jpg.2.png 1 ---------------------
[20191016_080332 / lib_ip.py:3753] file = img.20191016_080329.2019-10-15_15-36-41_000.jpg.2.png / val_Average = 102.4937	val_Variance = 262.9463	sd = 16.2156	max = 135	min = 0
[20191016_080332 / lib_ip.py:3836] len(Hs) = 8100, len(Ss) = 8100, len(Vs) = 8100
[20191016_080332 / lib_ip.py:3869] yellow : variance --> out of range (variance = 262.946 / upper = 0.650 / lower = 0.000)
[20191016_080332 / lib_ip.py:3753] file = img.20191016_080329.2019-10-15_15-36-41_000.jpg.2.png / val_Average = 102.4937	val_Variance = 262.9463	sd = 16.2156	max = 135	min = 0
[20191016_080332 / lib_ip.py:3936] len(Hs) = 8100, len(Ss) = 8100, len(Vs) = 8100
[20191016_080332 / lib_ip.py:3982] red : variance --> out of range (variance = 262.946 / upper = 0.430 / lower = 0.000)
[20191016_080332 / lib_ip.py:3753] file = img.20191016_080329.2019-10-15_15-36-41_000.jpg.2.png / val_Average = 102.4937	val_Variance = 262.9463	sd = 16.2156	max = 135	min = 0
[20191016_080332 / lib_ip.py:4052] len(Hs) = 8100, len(Ss) = 8100, len(Vs) = 8100
[20191016_080332 / lib_ip.py:4099] green : variance --> out of range (variance = 262.946 / upper = 0.760 / lower = 0.000)
[20191016_080332 / lib_ip.py:3753] file = img.20191016_080329.2019-10-15_15-36-41_000.jpg.2.png / val_Average = 102.4937	val_Variance = 262.9463	sd = 16.2156	max = 135	min = 0
[20191016_080332 / lib_ip.py:4169] len(Hs) = 8100, len(Ss) = 8100, len(Vs) = 8100
[20191016_080333 / lib_ip.py:4208] blue : variance --> out of range (variance = 262.946 / upper = 0.930 / lower = 0.010)
[20191016_080333 / lib_ip.py:3753] file = img.20191016_080329.2019-10-15_15-36-41_000.jpg.2.png / val_Average = 102.4937	val_Variance = 262.9463	sd = 16.2156	max = 135	min = 0
[20191016_080333 / lib_ip.py:4275] len(Hs) = 8100, len(Ss) = 8100, len(Vs) = 8100
[20191016_080333 / lib_ip.py:4314] pink : variance --> out of range (variance = 262.946 / upper = 0.750 / lower = 0.030)
[20191016_080333 / lib_ip.py:3753] file = img.20191016_080329.2019-10-15_15-36-41_000.jpg.2.png / val_Average = 102.4937	val_Variance = 262.9463	sd = 16.2156	max = 135	min = 0
[20191016_080333 / lib_ip.py:4378] len(Hs) = 8100, len(Ss) = 8100, len(Vs) = 8100
[20191016_080333 / lib_ip.py:4422] black : variance --> out of range (variance = 262.946 / upper = 0.000 / lower = 0.000)
[20191016_080333 / lib_ip.py:4593] file : img.20191016_080329.2019-10-15_15-36-41_000.jpg.2.png 1 (black : variance --> out of range (variance = 262.946 / upper = 0.000 / lower = 0.000))
[20191016_080333 / lib_ip.py:2274] inspecting ===> img.20191016_080329.2019-10-15_15-36-41_000.jpg.3.png
[20191016_080333 / lib_ip.py:4505] 
img.20191016_080329.2019-10-15_15-36-41_000.jpg.3.png 2 ---------------------
[20191016_080333 / lib_ip.py:3753] file = img.20191016_080329.2019-10-15_15-36-41_000.jpg.3.png / val_Average = 109.6422	val_Variance = 8.3794	sd = 2.8947	max = 123	min = 102
[20191016_080333 / lib_ip.py:3836] len(Hs) = 8100, len(Ss) = 8100, len(Vs) = 8100
[20191016_080333 / lib_ip.py:3869] yellow : variance --> out of range (variance = 8.379 / upper = 0.650 / lower = 0.000)
[20191016_080333 / lib_ip.py:3753] file = img.20191016_080329.2019-10-15_15-36-41_000.jpg.3.png / val_Average = 109.6422	val_Variance = 8.3794	sd = 2.8947	max = 123	min = 102
[20191016_080334 / lib_ip.py:3936] len(Hs) = 8100, len(Ss) = 8100, len(Vs) = 8100
[20191016_080334 / lib_ip.py:3982] red : variance --> out of range (variance = 8.379 / upper = 0.430 / lower = 0.000)
[20191016_080334 / lib_ip.py:3753] file = img.20191016_080329.2019-10-15_15-36-41_000.jpg.3.png / val_Average = 109.6422	val_Variance = 8.3794	sd = 2.8947	max = 123	min = 102
[20191016_080334 / lib_ip.py:4052] len(Hs) = 8100, len(Ss) = 8100, len(Vs) = 8100
[20191016_080334 / lib_ip.py:4099] green : variance --> out of range (variance = 8.379 / upper = 0.760 / lower = 0.000)
[20191016_080334 / lib_ip.py:3753] file = img.20191016_080329.2019-10-15_15-36-41_000.jpg.3.png / val_Average = 109.6422	val_Variance = 8.3794	sd = 2.8947	max = 123	min = 102
[20191016_080334 / lib_ip.py:4169] len(Hs) = 8100, len(Ss) = 8100, len(Vs) = 8100
[20191016_080334 / lib_ip.py:4208] blue : variance --> out of range (variance = 8.379 / upper = 0.930 / lower = 0.010)
[20191016_080334 / lib_ip.py:3753] file = img.20191016_080329.2019-10-15_15-36-41_000.jpg.3.png / val_Average = 109.6422	val_Variance = 8.3794	sd = 2.8947	max = 123	min = 102
[20191016_080334 / lib_ip.py:4275] len(Hs) = 8100, len(Ss) = 8100, len(Vs) = 8100
[20191016_080334 / lib_ip.py:4314] pink : variance --> out of range (variance = 8.379 / upper = 0.750 / lower = 0.030)
[20191016_080334 / lib_ip.py:3753] file = img.20191016_080329.2019-10-15_15-36-41_000.jpg.3.png / val_Average = 109.6422	val_Variance = 8.3794	sd = 2.8947	max = 123	min = 102
[20191016_080334 / lib_ip.py:4378] len(Hs) = 8100, len(Ss) = 8100, len(Vs) = 8100
[20191016_080334 / lib_ip.py:4422] black : variance --> out of range (variance = 8.379 / upper = 0.000 / lower = 0.000)
[20191016_080334 / lib_ip.py:4593] file : img.20191016_080329.2019-10-15_15-36-41_000.jpg.3.png 2 (black : variance --> out of range (variance = 8.379 / upper = 0.000 / lower = 0.000))
[20191016_080334 / lib_ip.py:2274] inspecting ===> img.20191016_080329.2019-10-15_15-36-41_000.jpg.4.png
[20191016_080335 / lib_ip.py:4505] 
img.20191016_080329.2019-10-15_15-36-41_000.jpg.4.png 3 ---------------------
[20191016_080335 / lib_ip.py:3753] file = img.20191016_080329.2019-10-15_15-36-41_000.jpg.4.png / val_Average = 120.7653	val_Variance = 0.2095	sd = 0.4577	max = 122	min = 120
[20191016_080335 / lib_ip.py:3836] len(Hs) = 8100, len(Ss) = 8100, len(Vs) = 8100
[20191016_080335 / lib_ip.py:3891] yellow : average --> out of range (average = 120.765 / upper = 99.200 / lower = 85.500)
[20191016_080335 / lib_ip.py:3753] file = img.20191016_080329.2019-10-15_15-36-41_000.jpg.4.png / val_Average = 120.7653	val_Variance = 0.2095	sd = 0.4577	max = 122	min = 120
[20191016_080335 / lib_ip.py:3936] len(Hs) = 8100, len(Ss) = 8100, len(Vs) = 8100
[20191016_080334 / lib_ip.py:2274] inspecting ===> img.20191016_080329.2019-10-15_15-36-41_000.jpg.4.png
img.20191016_080329.2019-10-15_15-36-41_000.jpg.1.png => other
img.20191016_080329.2019-10-15_15-36-41_000.jpg.2.png => other
img.20191016_080329.2019-10-15_15-36-41_000.jpg.3.png => other
img.20191016_080329.2019-10-15_15-36-41_000.jpg.4.png => other
[20191016_080335 lib_ip.py:3301] =============== Get 4 corners
dpath_Images = C:\WORKS_2\WS\WS_Others.Art\JVEMV6\46_art\VIRTUAL\Admin_Projects\ip\images
fname_Image = img.20191016_080329.2019-10-15_15-36-41_000.jpg.4.png

[20191016_080336 / lib_ip.py:2274] inspecting ===> img.20191016_080335.2019-10-15_15-37-34_000.jpg.1.png
[20191016_080336 / lib_ip.py:4505] 
img.20191016_080335.2019-10-15_15-37-34_000.jpg.1.png 0 ---------------------
[20191016_080336 / lib_ip.py:3753] file = img.20191016_080335.2019-10-15_15-37-34_000.jpg.1.png / val_Average = 107.8944	val_Variance = 7.5742	sd = 2.7521	max = 120	min = 99
[20191016_080336 / lib_ip.py:3836] len(Hs) = 8100, len(Ss) = 8100, len(Vs) = 8100
[20191016_080336 / lib_ip.py:3869] yellow : variance --> out of range (variance = 7.574 / upper = 0.650 / lower = 0.000)
[20191016_080336 / lib_ip.py:3753] file = img.20191016_080335.2019-10-15_15-37-34_000.jpg.1.png / val_Average = 107.8944	val_Variance = 7.5742	sd = 2.7521	max = 120	min = 99
[20191016_080336 / lib_ip.py:3936] len(Hs) = 8100, len(Ss) = 8100, len(Vs) = 8100
[20191016_080337 / lib_ip.py:3982] red : variance --> out of range (variance = 7.574 / upper = 0.430 / lower = 0.000)
[20191016_080337 / lib_ip.py:3753] file = img.20191016_080335.2019-10-15_15-37-34_000.jpg.1.png / val_Average = 107.8944	val_Variance = 7.5742	sd = 2.7521	max = 120	min = 99
[20191016_080337 / lib_ip.py:4052] len(Hs) = 8100, len(Ss) = 8100, len(Vs) = 8100
[20191016_080337 / lib_ip.py:4099] green : variance --> out of range (variance = 7.574 / upper = 0.760 / lower = 0.000)
[20191016_080337 / lib_ip.py:3753] file = img.20191016_080335.2019-10-15_15-37-34_000.jpg.1.png / val_Average = 107.8944	val_Variance = 7.5742	sd = 2.7521	max = 120	min = 99
[20191016_080337 / lib_ip.py:4169] len(Hs) = 8100, len(Ss) = 8100, len(Vs) = 8100
[20191016_080337 / lib_ip.py:4208] blue : variance --> out of range (variance = 7.574 / upper = 0.930 / lower = 0.010)
[20191016_080337 / lib_ip.py:3753] file = img.20191016_080335.2019-10-15_15-37-34_000.jpg.1.png / val_Average = 107.8944	val_Variance = 7.5742	sd = 2.7521	max = 120	min = 99
[20191016_080337 / lib_ip.py:4275] len(Hs) = 8100, len(Ss) = 8100, len(Vs) = 8100
[20191016_080338 / lib_ip.py:4314] pink : variance --> out of range (variance = 7.574 / upper = 0.750 / lower = 0.030)
[20191016_080338 / lib_ip.py:3753] file = img.20191016_080335.2019-10-15_15-37-34_000.jpg.1.png / val_Average = 107.8944	val_Variance = 7.5742	sd = 2.7521	max = 120	min = 99
[20191016_080338 / lib_ip.py:4378] len(Hs) = 8100, len(Ss) = 8100, len(Vs) = 8100
[20191016_080338 / lib_ip.py:4422] black : variance --> out of range (variance = 7.574 / upper = 0.000 / lower = 0.000)
[20191016_080338 / lib_ip.py:4593] file : img.20191016_080335.2019-10-15_15-37-34_000.jpg.1.png 0 (black : variance --> out of range (variance = 7.574 / upper = 0.000 / lower = 0.000))
[20191016_080338 / lib_ip.py:2274] inspecting ===> img.20191016_080335.2019-10-15_15-37-34_000.jpg.2.png
[20191016_080338 / lib_ip.py:4505] 
img.20191016_080335.2019-10-15_15-37-34_000.jpg.2.png 1 ---------------------
[20191016_080338 / lib_ip.py:3753] file = img.20191016_080335.2019-10-15_15-37-34_000.jpg.2.png / val_Average = 109.5357	val_Variance = 58.5626	sd = 7.6526	max = 160	min = 0
[20191016_080339 / lib_ip.py:3836] len(Hs) = 8100, len(Ss) = 8100, len(Vs) = 8100
[20191016_080339 / lib_ip.py:3869] yellow : variance --> out of range (variance = 58.563 / upper = 0.650 / lower = 0.000)
[20191016_080339 / lib_ip.py:3753] file = img.20191016_080335.2019-10-15_15-37-34_000.jpg.2.png / val_Average = 109.5357	val_Variance = 58.5626	sd = 7.6526	max = 160	min = 0
[20191016_080339 / lib_ip.py:3936] len(Hs) = 8100, len(Ss) = 8100, len(Vs) = 8100
[20191016_080339 / lib_ip.py:3982] red : variance --> out of range (variance = 58.563 / upper = 0.430 / lower = 0.000)
[20191016_080339 / lib_ip.py:3753] file = img.20191016_080335.2019-10-15_15-37-34_000.jpg.2.png / val_Average = 109.5357	val_Variance = 58.5626	sd = 7.6526	max = 160	min = 0
[20191016_080339 / lib_ip.py:4052] len(Hs) = 8100, len(Ss) = 8100, len(Vs) = 8100
[20191016_080339 / lib_ip.py:4099] green : variance --> out of range (variance = 58.563 / upper = 0.760 / lower = 0.000)
[20191016_080339 / lib_ip.py:3753] file = img.20191016_080335.2019-10-15_15-37-34_000.jpg.2.png / val_Average = 109.5357	val_Variance = 58.5626	sd = 7.6526	max = 160	min = 0
[20191016_080340 / lib_ip.py:4169] len(Hs) = 8100, len(Ss) = 8100, len(Vs) = 8100
[20191016_080340 / lib_ip.py:4208] blue : variance --> out of range (variance = 58.563 / upper = 0.930 / lower = 0.010)
[20191016_080340 / lib_ip.py:3753] file = img.20191016_080335.2019-10-15_15-37-34_000.jpg.2.png / val_Average = 109.5357	val_Variance = 58.5626	sd = 7.6526	max = 160	min = 0
[20191016_080340 / lib_ip.py:4275] len(Hs) = 8100, len(Ss) = 8100, len(Vs) = 8100
[20191016_080340 / lib_ip.py:4314] pink : variance --> out of range (variance = 58.563 / upper = 0.750 / lower = 0.030)
[20191016_080340 / lib_ip.py:3753] file = img.20191016_080335.2019-10-15_15-37-34_000.jpg.2.png / val_Average = 109.5357	val_Variance = 58.5626	sd = 7.6526	max = 160	min = 0
[20191016_080340 / lib_ip.py:4378] len(Hs) = 8100, len(Ss) = 8100, len(Vs) = 8100
[20191016_080340 / lib_ip.py:4422] black : variance --> out of range (variance = 58.563 / upper = 0.000 / lower = 0.000)
[20191016_080340 / lib_ip.py:4593] file : img.20191016_080335.2019-10-15_15-37-34_000.jpg.2.png 1 (black : variance --> out of range (variance = 58.563 / upper = 0.000 / lower = 0.000))
[20191016_080341 / lib_ip.py:2274] inspecting ===> img.20191016_080335.2019-10-15_15-37-34_000.jpg.3.png
[20191016_080341 / lib_ip.py:4505] 
img.20191016_080335.2019-10-15_15-37-34_000.jpg.3.png 2 ---------------------
[20191016_080341 / lib_ip.py:3753] file = img.20191016_080335.2019-10-15_15-37-34_000.jpg.3.png / val_Average = 109.4594	val_Variance = 562.8856	sd = 23.7252	max = 175	min = 0
[20191016_080341 / lib_ip.py:3836] len(Hs) = 8100, len(Ss) = 8100, len(Vs) = 8100
[20191016_080341 / lib_ip.py:3869] yellow : variance --> out of range (variance = 562.886 / upper = 0.650 / lower = 0.000)
[20191016_080341 / lib_ip.py:3753] file = img.20191016_080335.2019-10-15_15-37-34_000.jpg.3.png / val_Average = 109.4594	val_Variance = 562.8856	sd = 23.7252	max = 175	min = 0
[20191016_080341 / lib_ip.py:3936] len(Hs) = 8100, len(Ss) = 8100, len(Vs) = 8100
[20191016_080341 / lib_ip.py:3982] red : variance --> out of range (variance = 562.886 / upper = 0.430 / lower = 0.000)
[20191016_080342 / lib_ip.py:3753] file = img.20191016_080335.2019-10-15_15-37-34_000.jpg.3.png / val_Average = 109.4594	val_Variance = 562.8856	sd = 23.7252	max = 175	min = 0
[20191016_080342 / lib_ip.py:4052] len(Hs) = 8100, len(Ss) = 8100, len(Vs) = 8100
[20191016_080342 / lib_ip.py:4099] green : variance --> out of range (variance = 562.886 / upper = 0.760 / lower = 0.000)
[20191016_080342 / lib_ip.py:3753] file = img.20191016_080335.2019-10-15_15-37-34_000.jpg.3.png / val_Average = 109.4594	val_Variance = 562.8856	sd = 23.7252	max = 175	min = 0
[20191016_080342 / lib_ip.py:4169] len(Hs) = 8100, len(Ss) = 8100, len(Vs) = 8100
[20191016_080342 / lib_ip.py:4208] blue : variance --> out of range (variance = 562.886 / upper = 0.930 / lower = 0.010)
[20191016_080342 / lib_ip.py:3753] file = img.20191016_080335.2019-10-15_15-37-34_000.jpg.3.png / val_Average = 109.4594	val_Variance = 562.8856	sd = 23.7252	max = 175	min = 0
[20191016_080342 / lib_ip.py:4275] len(Hs) = 8100, len(Ss) = 8100, len(Vs) = 8100
[20191016_080342 / lib_ip.py:4314] pink : variance --> out of range (variance = 562.886 / upper = 0.750 / lower = 0.030)
[20191016_080342 / lib_ip.py:3753] file = img.20191016_080335.2019-10-15_15-37-34_000.jpg.3.png / val_Average = 109.4594	val_Variance = 562.8856	sd = 23.7252	max = 175	min = 0
[20191016_080342 / lib_ip.py:4378] len(Hs) = 8100, len(Ss) = 8100, len(Vs) = 8100
[20191016_080342 / lib_ip.py:4422] black : variance --> out of range (variance = 562.886 / upper = 0.000 / lower = 0.000)
[20191016_080342 / lib_ip.py:4593] file : img.20191016_080335.2019-10-15_15-37-34_000.jpg.3.png 2 (black : variance --> out of range (variance = 562.886 / upper = 0.000 / lower = 0.000))
[20191016_080342 / lib_ip.py:2274] inspecting ===> img.20191016_080335.2019-10-15_15-37-34_000.jpg.4.png
[20191016_080343 / lib_ip.py:4505] 
img.20191016_080335.2019-10-15_15-37-34_000.jpg.4.png 3 ---------------------
[20191016_080343 / lib_ip.py:3753] file = img.20191016_080335.2019-10-15_15-37-34_000.jpg.4.png / val_Average = 120.4163	val_Variance = 0.2472	sd = 0.4972	max = 122	min = 120
[20191016_080343 / lib_ip.py:3836] len(Hs) = 8100, len(Ss) = 8100, len(Vs) = 8100
[20191016_080343 / lib_ip.py:3891] yellow : average --> out of range (average = 120.416 / upper = 99.200 / lower = 85.500)
[20191016_080343 / lib_ip.py:3753] file = img.20191016_080335.2019-10-15_15-37-34_000.jpg.4.png / val_Average = 120.4163	val_Variance = 0.2472	sd = 0.4972	max = 122	min = 120
[20191016_080343 / lib_ip.py:3936] len(Hs) = 8100, len(Ss) = 8100, len(Vs) = 8100
[20191016_080342 / lib_ip.py:2274] inspecting ===> img.20191016_080335.2019-10-15_15-37-34_000.jpg.4.png
img.20191016_080335.2019-10-15_15-37-34_000.jpg.1.png => other
img.20191016_080335.2019-10-15_15-37-34_000.jpg.2.png => other
img.20191016_080335.2019-10-15_15-37-34_000.jpg.3.png => other
img.20191016_080335.2019-10-15_15-37-34_000.jpg.4.png => other
[20191016_080343 lib_ip.py:3301] =============== Get 4 corners
dpath_Images = C:\WORKS_2\WS\WS_Others.Art\JVEMV6\46_art\VIRTUAL\Admin_Projects\ip\images
fname_Image = img.20191016_080335.2019-10-15_15-37-34_000.jpg.4.png

[20191016_080344 / lib_ip.py:2274] inspecting ===> img.20191016_080344.2019-10-15_20-40-25_000.jpg.1.png
[20191016_080344 / lib_ip.py:4505] 
img.20191016_080344.2019-10-15_20-40-25_000.jpg.1.png 0 ---------------------
[20191016_080344 / lib_ip.py:3753] file = img.20191016_080344.2019-10-15_20-40-25_000.jpg.1.png / val_Average = 55.5393	val_Variance = 2321.7914	sd = 48.1850	max = 160	min = 0
[20191016_080344 / lib_ip.py:3836] len(Hs) = 8100, len(Ss) = 8100, len(Vs) = 8100
[20191016_080344 / lib_ip.py:3869] yellow : variance --> out of range (variance = 2321.791 / upper = 0.650 / lower = 0.000)
[20191016_080344 / lib_ip.py:3753] file = img.20191016_080344.2019-10-15_20-40-25_000.jpg.1.png / val_Average = 55.5393	val_Variance = 2321.7914	sd = 48.1850	max = 160	min = 0
[20191016_080344 / lib_ip.py:3936] len(Hs) = 8100, len(Ss) = 8100, len(Vs) = 8100
[20191016_080344 / lib_ip.py:3982] red : variance --> out of range (variance = 2321.791 / upper = 0.430 / lower = 0.000)
[20191016_080344 / lib_ip.py:3753] file = img.20191016_080344.2019-10-15_20-40-25_000.jpg.1.png / val_Average = 55.5393	val_Variance = 2321.7914	sd = 48.1850	max = 160	min = 0
[20191016_080344 / lib_ip.py:4052] len(Hs) = 8100, len(Ss) = 8100, len(Vs) = 8100
[20191016_080344 / lib_ip.py:4099] green : variance --> out of range (variance = 2321.791 / upper = 0.760 / lower = 0.000)
[20191016_080345 / lib_ip.py:3753] file = img.20191016_080344.2019-10-15_20-40-25_000.jpg.1.png / val_Average = 55.5393	val_Variance = 2321.7914	sd = 48.1850	max = 160	min = 0
[20191016_080345 / lib_ip.py:4169] len(Hs) = 8100, len(Ss) = 8100, len(Vs) = 8100
[20191016_080345 / lib_ip.py:4208] blue : variance --> out of range (variance = 2321.791 / upper = 0.930 / lower = 0.010)
[20191016_080345 / lib_ip.py:3753] file = img.20191016_080344.2019-10-15_20-40-25_000.jpg.1.png / val_Average = 55.5393	val_Variance = 2321.7914	sd = 48.1850	max = 160	min = 0
[20191016_080345 / lib_ip.py:4275] len(Hs) = 8100, len(Ss) = 8100, len(Vs) = 8100
[20191016_080345 / lib_ip.py:4314] pink : variance --> out of range (variance = 2321.791 / upper = 0.750 / lower = 0.030)
[20191016_080345 / lib_ip.py:3753] file = img.20191016_080344.2019-10-15_20-40-25_000.jpg.1.png / val_Average = 55.5393	val_Variance = 2321.7914	sd = 48.1850	max = 160	min = 0
[20191016_080345 / lib_ip.py:4378] len(Hs) = 8100, len(Ss) = 8100, len(Vs) = 8100
[20191016_080345 / lib_ip.py:4422] black : variance --> out of range (variance = 2321.791 / upper = 0.000 / lower = 0.000)
[20191016_080345 / lib_ip.py:4593] file : img.20191016_080344.2019-10-15_20-40-25_000.jpg.1.png 0 (black : variance --> out of range (variance = 2321.791 / upper = 0.000 / lower = 0.000))
[20191016_080345 / lib_ip.py:2274] inspecting ===> img.20191016_080344.2019-10-15_20-40-25_000.jpg.2.png
[20191016_080346 / lib_ip.py:4505] 
img.20191016_080344.2019-10-15_20-40-25_000.jpg.2.png 1 ---------------------
[20191016_080346 / lib_ip.py:3753] file = img.20191016_080344.2019-10-15_20-40-25_000.jpg.2.png / val_Average = 50.5188	val_Variance = 2123.1326	sd = 46.0775	max = 135	min = 0
[20191016_080346 / lib_ip.py:3836] len(Hs) = 8100, len(Ss) = 8100, len(Vs) = 8100
[20191016_080346 / lib_ip.py:3869] yellow : variance --> out of range (variance = 2123.133 / upper = 0.650 / lower = 0.000)
[20191016_080346 / lib_ip.py:3753] file = img.20191016_080344.2019-10-15_20-40-25_000.jpg.2.png / val_Average = 50.5188	val_Variance = 2123.1326	sd = 46.0775	max = 135	min = 0
[20191016_080346 / lib_ip.py:3936] len(Hs) = 8100, len(Ss) = 8100, len(Vs) = 8100
[20191016_080346 / lib_ip.py:3982] red : variance --> out of range (variance = 2123.133 / upper = 0.430 / lower = 0.000)
[20191016_080346 / lib_ip.py:3753] file = img.20191016_080344.2019-10-15_20-40-25_000.jpg.2.png / val_Average = 50.5188	val_Variance = 2123.1326	sd = 46.0775	max = 135	min = 0
[20191016_080346 / lib_ip.py:4052] len(Hs) = 8100, len(Ss) = 8100, len(Vs) = 8100
[20191016_080346 / lib_ip.py:4099] green : variance --> out of range (variance = 2123.133 / upper = 0.760 / lower = 0.000)
[20191016_080346 / lib_ip.py:3753] file = img.20191016_080344.2019-10-15_20-40-25_000.jpg.2.png / val_Average = 50.5188	val_Variance = 2123.1326	sd = 46.0775	max = 135	min = 0
[20191016_080346 / lib_ip.py:4169] len(Hs) = 8100, len(Ss) = 8100, len(Vs) = 8100
[20191016_080346 / lib_ip.py:4208] blue : variance --> out of range (variance = 2123.133 / upper = 0.930 / lower = 0.010)
[20191016_080346 / lib_ip.py:3753] file = img.20191016_080344.2019-10-15_20-40-25_000.jpg.2.png / val_Average = 50.5188	val_Variance = 2123.1326	sd = 46.0775	max = 135	min = 0
[20191016_080346 / lib_ip.py:4275] len(Hs) = 8100, len(Ss) = 8100, len(Vs) = 8100
[20191016_080346 / lib_ip.py:4314] pink : variance --> out of range (variance = 2123.133 / upper = 0.750 / lower = 0.030)
[20191016_080347 / lib_ip.py:3753] file = img.20191016_080344.2019-10-15_20-40-25_000.jpg.2.png / val_Average = 50.5188	val_Variance = 2123.1326	sd = 46.0775	max = 135	min = 0
[20191016_080347 / lib_ip.py:4378] len(Hs) = 8100, len(Ss) = 8100, len(Vs) = 8100
[20191016_080347 / lib_ip.py:4422] black : variance --> out of range (variance = 2123.133 / upper = 0.000 / lower = 0.000)
[20191016_080347 / lib_ip.py:4593] file : img.20191016_080344.2019-10-15_20-40-25_000.jpg.2.png 1 (black : variance --> out of range (variance = 2123.133 / upper = 0.000 / lower = 0.000))
[20191016_080347 / lib_ip.py:2274] inspecting ===> img.20191016_080344.2019-10-15_20-40-25_000.jpg.3.png
[20191016_080347 / lib_ip.py:4505] 
img.20191016_080344.2019-10-15_20-40-25_000.jpg.3.png 2 ---------------------
[20191016_080347 / lib_ip.py:3753] file = img.20191016_080344.2019-10-15_20-40-25_000.jpg.3.png / val_Average = 94.0122	val_Variance = 0.0121	sd = 0.1099	max = 95	min = 94
[20191016_080347 / lib_ip.py:3836] len(Hs) = 8100, len(Ss) = 8100, len(Vs) = 8100
[20191016_080347 / lib_ip.py:2274] inspecting ===> img.20191016_080344.2019-10-15_20-40-25_000.jpg.4.png
[20191016_080348 / lib_ip.py:4505] 
img.20191016_080344.2019-10-15_20-40-25_000.jpg.4.png 3 ---------------------
[20191016_080348 / lib_ip.py:3753] file = img.20191016_080344.2019-10-15_20-40-25_000.jpg.4.png / val_Average = 78.5559	val_Variance = 1841.7992	sd = 42.9162	max = 160	min = 0
[20191016_080348 / lib_ip.py:3836] len(Hs) = 8100, len(Ss) = 8100, len(Vs) = 8100
[20191016_080348 / lib_ip.py:3869] yellow : variance --> out of range (variance = 1841.799 / upper = 0.650 / lower = 0.000)
[20191016_080348 / lib_ip.py:3753] file = img.20191016_080344.2019-10-15_20-40-25_000.jpg.4.png / val_Average = 78.5559	val_Variance = 1841.7992	sd = 42.9162	max = 160	min = 0
[20191016_080348 / lib_ip.py:3936] len(Hs) = 8100, len(Ss) = 8100, len(Vs) = 8100
[20191016_080348 / lib_ip.py:3982] red : variance --> out of range (variance = 1841.799 / upper = 0.430 / lower = 0.000)
[20191016_080348 / lib_ip.py:3753] file = img.20191016_080344.2019-10-15_20-40-25_000.jpg.4.png / val_Average = 78.5559	val_Variance = 1841.7992	sd = 42.9162	max = 160	min = 0
[20191016_080348 / lib_ip.py:4052] len(Hs) = 8100, len(Ss) = 8100, len(Vs) = 8100
[20191016_080348 / lib_ip.py:4099] green : variance --> out of range (variance = 1841.799 / upper = 0.760 / lower = 0.000)
[20191016_080348 / lib_ip.py:3753] file = img.20191016_080344.2019-10-15_20-40-25_000.jpg.4.png / val_Average = 78.5559	val_Variance = 1841.7992	sd = 42.9162	max = 160	min = 0
[20191016_080348 / lib_ip.py:4169] len(Hs) = 8100, len(Ss) = 8100, len(Vs) = 8100
[20191016_080348 / lib_ip.py:4208] blue : variance --> out of range (variance = 1841.799 / upper = 0.930 / lower = 0.010)
[20191016_080348 / lib_ip.py:3753] file = img.20191016_080344.2019-10-15_20-40-25_000.jpg.4.png / val_Average = 78.5559	val_Variance = 1841.7992	sd = 42.9162	max = 160	min = 0
[20191016_080349 / lib_ip.py:4275] len(Hs) = 8100, len(Ss) = 8100, len(Vs) = 8100
[20191016_080349 / lib_ip.py:4314] pink : variance --> out of range (variance = 1841.799 / upper = 0.750 / lower = 0.030)
[20191016_080349 / lib_ip.py:3753] file = img.20191016_080344.2019-10-15_20-40-25_000.jpg.4.png / val_Average = 78.5559	val_Variance = 1841.7992	sd = 42.9162	max = 160	min = 0
[20191016_080349 / lib_ip.py:4378] len(Hs) = 8100, len(Ss) = 8100, len(Vs) = 8100
[20191016_080349 / lib_ip.py:4422] black : variance --> out of range (variance = 1841.799 / upper = 0.000 / lower = 0.000)
[20191016_080349 / lib_ip.py:4593] file : img.20191016_080344.2019-10-15_20-40-25_000.jpg.4.png 3 (black : variance --> out of range (variance = 1841.799 / upper = 0.000 / lower = 0.000))
[20191016_080347 / lib_ip.py:2274] inspecting ===> img.20191016_080344.2019-10-15_20-40-25_000.jpg.4.png
img.20191016_080344.2019-10-15_20-40-25_000.jpg.1.png => other
img.20191016_080344.2019-10-15_20-40-25_000.jpg.2.png => other
img.20191016_080344.2019-10-15_20-40-25_000.jpg.3.png => other
img.20191016_080344.2019-10-15_20-40-25_000.jpg.4.png => other
[20191016_080349 lib_ip.py:3301] =============== Get 4 corners
dpath_Images = C:\WORKS_2\WS\WS_Others.Art\JVEMV6\46_art\VIRTUAL\Admin_Projects\ip\images
fname_Image = img.20191016_080344.2019-10-15_20-40-25_000.jpg.4.png

[20191016_080349 / lib_ip.py:2274] inspecting ===> img.20191016_080349.2019-10-16_06-06-12_000.jpg.1.png
[20191016_080350 / lib_ip.py:4505] 
img.20191016_080349.2019-10-16_06-06-12_000.jpg.1.png 0 ---------------------
[20191016_080350 / lib_ip.py:3753] file = img.20191016_080349.2019-10-16_06-06-12_000.jpg.1.png / val_Average = 111.4337	val_Variance = 12.1128	sd = 3.4803	max = 122	min = 104
[20191016_080350 / lib_ip.py:3836] len(Hs) = 8100, len(Ss) = 8100, len(Vs) = 8100
[20191016_080350 / lib_ip.py:3869] yellow : variance --> out of range (variance = 12.113 / upper = 0.650 / lower = 0.000)
[20191016_080350 / lib_ip.py:3753] file = img.20191016_080349.2019-10-16_06-06-12_000.jpg.1.png / val_Average = 111.4337	val_Variance = 12.1128	sd = 3.4803	max = 122	min = 104
[20191016_080350 / lib_ip.py:3936] len(Hs) = 8100, len(Ss) = 8100, len(Vs) = 8100
[20191016_080350 / lib_ip.py:3982] red : variance --> out of range (variance = 12.113 / upper = 0.430 / lower = 0.000)
[20191016_080350 / lib_ip.py:3753] file = img.20191016_080349.2019-10-16_06-06-12_000.jpg.1.png / val_Average = 111.4337	val_Variance = 12.1128	sd = 3.4803	max = 122	min = 104
[20191016_080350 / lib_ip.py:4052] len(Hs) = 8100, len(Ss) = 8100, len(Vs) = 8100
[20191016_080350 / lib_ip.py:4099] green : variance --> out of range (variance = 12.113 / upper = 0.760 / lower = 0.000)
[20191016_080351 / lib_ip.py:3753] file = img.20191016_080349.2019-10-16_06-06-12_000.jpg.1.png / val_Average = 111.4337	val_Variance = 12.1128	sd = 3.4803	max = 122	min = 104
[20191016_080351 / lib_ip.py:4169] len(Hs) = 8100, len(Ss) = 8100, len(Vs) = 8100
[20191016_080351 / lib_ip.py:4208] blue : variance --> out of range (variance = 12.113 / upper = 0.930 / lower = 0.010)
[20191016_080351 / lib_ip.py:3753] file = img.20191016_080349.2019-10-16_06-06-12_000.jpg.1.png / val_Average = 111.4337	val_Variance = 12.1128	sd = 3.4803	max = 122	min = 104
[20191016_080351 / lib_ip.py:4275] len(Hs) = 8100, len(Ss) = 8100, len(Vs) = 8100
[20191016_080351 / lib_ip.py:4314] pink : variance --> out of range (variance = 12.113 / upper = 0.750 / lower = 0.030)
[20191016_080351 / lib_ip.py:3753] file = img.20191016_080349.2019-10-16_06-06-12_000.jpg.1.png / val_Average = 111.4337	val_Variance = 12.1128	sd = 3.4803	max = 122	min = 104
[20191016_080351 / lib_ip.py:4378] len(Hs) = 8100, len(Ss) = 8100, len(Vs) = 8100
[20191016_080351 / lib_ip.py:4422] black : variance --> out of range (variance = 12.113 / upper = 0.000 / lower = 0.000)
[20191016_080351 / lib_ip.py:4593] file : img.20191016_080349.2019-10-16_06-06-12_000.jpg.1.png 0 (black : variance --> out of range (variance = 12.113 / upper = 0.000 / lower = 0.000))
[20191016_080351 / lib_ip.py:2274] inspecting ===> img.20191016_080349.2019-10-16_06-06-12_000.jpg.2.png
[20191016_080351 / lib_ip.py:4505] 
img.20191016_080349.2019-10-16_06-06-12_000.jpg.2.png 1 ---------------------
[20191016_080351 / lib_ip.py:3753] file = img.20191016_080349.2019-10-16_06-06-12_000.jpg.2.png / val_Average = 108.8222	val_Variance = 16.4398	sd = 4.0546	max = 120	min = 90
[20191016_080351 / lib_ip.py:3836] len(Hs) = 8100, len(Ss) = 8100, len(Vs) = 8100
[20191016_080351 / lib_ip.py:3869] yellow : variance --> out of range (variance = 16.440 / upper = 0.650 / lower = 0.000)
[20191016_080352 / lib_ip.py:3753] file = img.20191016_080349.2019-10-16_06-06-12_000.jpg.2.png / val_Average = 108.8222	val_Variance = 16.4398	sd = 4.0546	max = 120	min = 90
[20191016_080352 / lib_ip.py:3936] len(Hs) = 8100, len(Ss) = 8100, len(Vs) = 8100
[20191016_080352 / lib_ip.py:3982] red : variance --> out of range (variance = 16.440 / upper = 0.430 / lower = 0.000)
[20191016_080352 / lib_ip.py:3753] file = img.20191016_080349.2019-10-16_06-06-12_000.jpg.2.png / val_Average = 108.8222	val_Variance = 16.4398	sd = 4.0546	max = 120	min = 90
[20191016_080352 / lib_ip.py:4052] len(Hs) = 8100, len(Ss) = 8100, len(Vs) = 8100
[20191016_080352 / lib_ip.py:4099] green : variance --> out of range (variance = 16.440 / upper = 0.760 / lower = 0.000)
[20191016_080352 / lib_ip.py:3753] file = img.20191016_080349.2019-10-16_06-06-12_000.jpg.2.png / val_Average = 108.8222	val_Variance = 16.4398	sd = 4.0546	max = 120	min = 90
[20191016_080352 / lib_ip.py:4169] len(Hs) = 8100, len(Ss) = 8100, len(Vs) = 8100
[20191016_080352 / lib_ip.py:4208] blue : variance --> out of range (variance = 16.440 / upper = 0.930 / lower = 0.010)
[20191016_080352 / lib_ip.py:3753] file = img.20191016_080349.2019-10-16_06-06-12_000.jpg.2.png / val_Average = 108.8222	val_Variance = 16.4398	sd = 4.0546	max = 120	min = 90
[20191016_080352 / lib_ip.py:4275] len(Hs) = 8100, len(Ss) = 8100, len(Vs) = 8100
[20191016_080352 / lib_ip.py:4314] pink : variance --> out of range (variance = 16.440 / upper = 0.750 / lower = 0.030)
[20191016_080352 / lib_ip.py:3753] file = img.20191016_080349.2019-10-16_06-06-12_000.jpg.2.png / val_Average = 108.8222	val_Variance = 16.4398	sd = 4.0546	max = 120	min = 90
[20191016_080352 / lib_ip.py:4378] len(Hs) = 8100, len(Ss) = 8100, len(Vs) = 8100
[20191016_080352 / lib_ip.py:4422] black : variance --> out of range (variance = 16.440 / upper = 0.000 / lower = 0.000)
[20191016_080352 / lib_ip.py:4593] file : img.20191016_080349.2019-10-16_06-06-12_000.jpg.2.png 1 (black : variance --> out of range (variance = 16.440 / upper = 0.000 / lower = 0.000))
[20191016_080353 / lib_ip.py:2274] inspecting ===> img.20191016_080349.2019-10-16_06-06-12_000.jpg.3.png
[20191016_080353 / lib_ip.py:4505] 
img.20191016_080349.2019-10-16_06-06-12_000.jpg.3.png 2 ---------------------
[20191016_080353 / lib_ip.py:3753] file = img.20191016_080349.2019-10-16_06-06-12_000.jpg.3.png / val_Average = 104.0298	val_Variance = 2.2429	sd = 1.4976	max = 109	min = 100
[20191016_080353 / lib_ip.py:3836] len(Hs) = 8100, len(Ss) = 8100, len(Vs) = 8100
[20191016_080353 / lib_ip.py:3869] yellow : variance --> out of range (variance = 2.243 / upper = 0.650 / lower = 0.000)
[20191016_080353 / lib_ip.py:3753] file = img.20191016_080349.2019-10-16_06-06-12_000.jpg.3.png / val_Average = 104.0298	val_Variance = 2.2429	sd = 1.4976	max = 109	min = 100
[20191016_080353 / lib_ip.py:3936] len(Hs) = 8100, len(Ss) = 8100, len(Vs) = 8100
[20191016_080353 / lib_ip.py:3982] red : variance --> out of range (variance = 2.243 / upper = 0.430 / lower = 0.000)
[20191016_080353 / lib_ip.py:3753] file = img.20191016_080349.2019-10-16_06-06-12_000.jpg.3.png / val_Average = 104.0298	val_Variance = 2.2429	sd = 1.4976	max = 109	min = 100
[20191016_080353 / lib_ip.py:4052] len(Hs) = 8100, len(Ss) = 8100, len(Vs) = 8100
[20191016_080354 / lib_ip.py:4099] green : variance --> out of range (variance = 2.243 / upper = 0.760 / lower = 0.000)
[20191016_080354 / lib_ip.py:3753] file = img.20191016_080349.2019-10-16_06-06-12_000.jpg.3.png / val_Average = 104.0298	val_Variance = 2.2429	sd = 1.4976	max = 109	min = 100
[20191016_080354 / lib_ip.py:4169] len(Hs) = 8100, len(Ss) = 8100, len(Vs) = 8100
[20191016_080354 / lib_ip.py:4208] blue : variance --> out of range (variance = 2.243 / upper = 0.930 / lower = 0.010)
[20191016_080354 / lib_ip.py:3753] file = img.20191016_080349.2019-10-16_06-06-12_000.jpg.3.png / val_Average = 104.0298	val_Variance = 2.2429	sd = 1.4976	max = 109	min = 100
[20191016_080354 / lib_ip.py:4275] len(Hs) = 8100, len(Ss) = 8100, len(Vs) = 8100
[20191016_080354 / lib_ip.py:4314] pink : variance --> out of range (variance = 2.243 / upper = 0.750 / lower = 0.030)
[20191016_080354 / lib_ip.py:3753] file = img.20191016_080349.2019-10-16_06-06-12_000.jpg.3.png / val_Average = 104.0298	val_Variance = 2.2429	sd = 1.4976	max = 109	min = 100
[20191016_080354 / lib_ip.py:4378] len(Hs) = 8100, len(Ss) = 8100, len(Vs) = 8100
[20191016_080354 / lib_ip.py:4422] black : variance --> out of range (variance = 2.243 / upper = 0.000 / lower = 0.000)
[20191016_080354 / lib_ip.py:4593] file : img.20191016_080349.2019-10-16_06-06-12_000.jpg.3.png 2 (black : variance --> out of range (variance = 2.243 / upper = 0.000 / lower = 0.000))
[20191016_080354 / lib_ip.py:2274] inspecting ===> img.20191016_080349.2019-10-16_06-06-12_000.jpg.4.png
[20191016_080354 / lib_ip.py:4505] 
img.20191016_080349.2019-10-16_06-06-12_000.jpg.4.png 3 ---------------------
[20191016_080354 / lib_ip.py:3753] file = img.20191016_080349.2019-10-16_06-06-12_000.jpg.4.png / val_Average = 104.3319	val_Variance = 1.0521	sd = 1.0257	max = 108	min = 102
[20191016_080355 / lib_ip.py:3836] len(Hs) = 8100, len(Ss) = 8100, len(Vs) = 8100
[20191016_080355 / lib_ip.py:3869] yellow : variance --> out of range (variance = 1.052 / upper = 0.650 / lower = 0.000)
[20191016_080355 / lib_ip.py:3753] file = img.20191016_080349.2019-10-16_06-06-12_000.jpg.4.png / val_Average = 104.3319	val_Variance = 1.0521	sd = 1.0257	max = 108	min = 102
[20191016_080355 / lib_ip.py:3936] len(Hs) = 8100, len(Ss) = 8100, len(Vs) = 8100
[20191016_080355 / lib_ip.py:3982] red : variance --> out of range (variance = 1.052 / upper = 0.430 / lower = 0.000)
[20191016_080355 / lib_ip.py:3753] file = img.20191016_080349.2019-10-16_06-06-12_000.jpg.4.png / val_Average = 104.3319	val_Variance = 1.0521	sd = 1.0257	max = 108	min = 102
[20191016_080355 / lib_ip.py:4052] len(Hs) = 8100, len(Ss) = 8100, len(Vs) = 8100
[20191016_080355 / lib_ip.py:4099] green : variance --> out of range (variance = 1.052 / upper = 0.760 / lower = 0.000)
[20191016_080355 / lib_ip.py:3753] file = img.20191016_080349.2019-10-16_06-06-12_000.jpg.4.png / val_Average = 104.3319	val_Variance = 1.0521	sd = 1.0257	max = 108	min = 102
[20191016_080355 / lib_ip.py:4169] len(Hs) = 8100, len(Ss) = 8100, len(Vs) = 8100
[20191016_080355 / lib_ip.py:4208] blue : variance --> out of range (variance = 1.052 / upper = 0.930 / lower = 0.010)
[20191016_080355 / lib_ip.py:3753] file = img.20191016_080349.2019-10-16_06-06-12_000.jpg.4.png / val_Average = 104.3319	val_Variance = 1.0521	sd = 1.0257	max = 108	min = 102
[20191016_080355 / lib_ip.py:4275] len(Hs) = 8100, len(Ss) = 8100, len(Vs) = 8100
[20191016_080355 / lib_ip.py:4314] pink : variance --> out of range (variance = 1.052 / upper = 0.750 / lower = 0.030)
[20191016_080356 / lib_ip.py:3753] file = img.20191016_080349.2019-10-16_06-06-12_000.jpg.4.png / val_Average = 104.3319	val_Variance = 1.0521	sd = 1.0257	max = 108	min = 102
[20191016_080356 / lib_ip.py:4378] len(Hs) = 8100, len(Ss) = 8100, len(Vs) = 8100
[20191016_080356 / lib_ip.py:4422] black : variance --> out of range (variance = 1.052 / upper = 0.000 / lower = 0.000)
[20191016_080356 / lib_ip.py:4593] file : img.20191016_080349.2019-10-16_06-06-12_000.jpg.4.png 3 (black : variance --> out of range (variance = 1.052 / upper = 0.000 / lower = 0.000))
[20191016_080354 / lib_ip.py:2274] inspecting ===> img.20191016_080349.2019-10-16_06-06-12_000.jpg.4.png
img.20191016_080349.2019-10-16_06-06-12_000.jpg.1.png => other
img.20191016_080349.2019-10-16_06-06-12_000.jpg.2.png => other
img.20191016_080349.2019-10-16_06-06-12_000.jpg.3.png => other
img.20191016_080349.2019-10-16_06-06-12_000.jpg.4.png => other
[20191016_080356 lib_ip.py:3301] =============== Get 4 corners
dpath_Images = C:\WORKS_2\WS\WS_Others.Art\JVEMV6\46_art\VIRTUAL\Admin_Projects\ip\images
fname_Image = img.20191016_080349.2019-10-16_06-06-12_000.jpg.4.png

[20191016_080356 / lib_ip.py:2274] inspecting ===> img.20191016_080356.2019-10-16_07-45-26_000.jpg.1.png
[20191016_080357 / lib_ip.py:4505] 
img.20191016_080356.2019-10-16_07-45-26_000.jpg.1.png 0 ---------------------
[20191016_080357 / lib_ip.py:3753] file = img.20191016_080356.2019-10-16_07-45-26_000.jpg.1.png / val_Average = 74.2083	val_Variance = 0.2965	sd = 0.5445	max = 75	min = 73
[20191016_080357 / lib_ip.py:3836] len(Hs) = 8100, len(Ss) = 8100, len(Vs) = 8100
[20191016_080357 / lib_ip.py:3891] yellow : average --> out of range (average = 74.208 / upper = 99.200 / lower = 85.500)
[20191016_080357 / lib_ip.py:3753] file = img.20191016_080356.2019-10-16_07-45-26_000.jpg.1.png / val_Average = 74.2083	val_Variance = 0.2965	sd = 0.5445	max = 75	min = 73
[20191016_080357 / lib_ip.py:3936] len(Hs) = 8100, len(Ss) = 8100, len(Vs) = 8100
[20191016_080357 / lib_ip.py:4007] red : average --> out of range (average = 74.208 / upper = 124.600 / lower = 115.000)
[20191016_080357 / lib_ip.py:3753] file = img.20191016_080356.2019-10-16_07-45-26_000.jpg.1.png / val_Average = 74.2083	val_Variance = 0.2965	sd = 0.5445	max = 75	min = 73
[20191016_080357 / lib_ip.py:4052] len(Hs) = 8100, len(Ss) = 8100, len(Vs) = 8100
[20191016_080357 / lib_ip.py:2274] inspecting ===> img.20191016_080356.2019-10-16_07-45-26_000.jpg.2.png
[20191016_080358 / lib_ip.py:4505] 
img.20191016_080356.2019-10-16_07-45-26_000.jpg.2.png 1 ---------------------
[20191016_080358 / lib_ip.py:3753] file = img.20191016_080356.2019-10-16_07-45-26_000.jpg.2.png / val_Average = 99.5637	val_Variance = 102.5501	sd = 10.1267	max = 135	min = 0
[20191016_080358 / lib_ip.py:3836] len(Hs) = 8100, len(Ss) = 8100, len(Vs) = 8100
[20191016_080358 / lib_ip.py:3869] yellow : variance --> out of range (variance = 102.550 / upper = 0.650 / lower = 0.000)
[20191016_080358 / lib_ip.py:3753] file = img.20191016_080356.2019-10-16_07-45-26_000.jpg.2.png / val_Average = 99.5637	val_Variance = 102.5501	sd = 10.1267	max = 135	min = 0
[20191016_080358 / lib_ip.py:3936] len(Hs) = 8100, len(Ss) = 8100, len(Vs) = 8100
[20191016_080358 / lib_ip.py:3982] red : variance --> out of range (variance = 102.550 / upper = 0.430 / lower = 0.000)
[20191016_080358 / lib_ip.py:3753] file = img.20191016_080356.2019-10-16_07-45-26_000.jpg.2.png / val_Average = 99.5637	val_Variance = 102.5501	sd = 10.1267	max = 135	min = 0
[20191016_080358 / lib_ip.py:4052] len(Hs) = 8100, len(Ss) = 8100, len(Vs) = 8100
[20191016_080358 / lib_ip.py:4099] green : variance --> out of range (variance = 102.550 / upper = 0.760 / lower = 0.000)
[20191016_080358 / lib_ip.py:3753] file = img.20191016_080356.2019-10-16_07-45-26_000.jpg.2.png / val_Average = 99.5637	val_Variance = 102.5501	sd = 10.1267	max = 135	min = 0
[20191016_080359 / lib_ip.py:4169] len(Hs) = 8100, len(Ss) = 8100, len(Vs) = 8100
[20191016_080359 / lib_ip.py:4208] blue : variance --> out of range (variance = 102.550 / upper = 0.930 / lower = 0.010)
[20191016_080359 / lib_ip.py:3753] file = img.20191016_080356.2019-10-16_07-45-26_000.jpg.2.png / val_Average = 99.5637	val_Variance = 102.5501	sd = 10.1267	max = 135	min = 0
[20191016_080359 / lib_ip.py:4275] len(Hs) = 8100, len(Ss) = 8100, len(Vs) = 8100
[20191016_080359 / lib_ip.py:4314] pink : variance --> out of range (variance = 102.550 / upper = 0.750 / lower = 0.030)
[20191016_080359 / lib_ip.py:3753] file = img.20191016_080356.2019-10-16_07-45-26_000.jpg.2.png / val_Average = 99.5637	val_Variance = 102.5501	sd = 10.1267	max = 135	min = 0
[20191016_080359 / lib_ip.py:4378] len(Hs) = 8100, len(Ss) = 8100, len(Vs) = 8100
[20191016_080359 / lib_ip.py:4422] black : variance --> out of range (variance = 102.550 / upper = 0.000 / lower = 0.000)
[20191016_080359 / lib_ip.py:4593] file : img.20191016_080356.2019-10-16_07-45-26_000.jpg.2.png 1 (black : variance --> out of range (variance = 102.550 / upper = 0.000 / lower = 0.000))
[20191016_080359 / lib_ip.py:2274] inspecting ===> img.20191016_080356.2019-10-16_07-45-26_000.jpg.3.png
[20191016_080359 / lib_ip.py:4505] 
img.20191016_080356.2019-10-16_07-45-26_000.jpg.3.png 2 ---------------------
[20191016_080359 / lib_ip.py:3753] file = img.20191016_080356.2019-10-16_07-45-26_000.jpg.3.png / val_Average = 75.0759	val_Variance = 0.0721	sd = 0.2686	max = 76	min = 74
[20191016_080359 / lib_ip.py:3836] len(Hs) = 8100, len(Ss) = 8100, len(Vs) = 8100
[20191016_080359 / lib_ip.py:3891] yellow : average --> out of range (average = 75.076 / upper = 99.200 / lower = 85.500)
[20191016_080359 / lib_ip.py:3753] file = img.20191016_080356.2019-10-16_07-45-26_000.jpg.3.png / val_Average = 75.0759	val_Variance = 0.0721	sd = 0.2686	max = 76	min = 74
[20191016_080400 / lib_ip.py:3936] len(Hs) = 8100, len(Ss) = 8100, len(Vs) = 8100
[20191016_080400 / lib_ip.py:4007] red : average --> out of range (average = 75.076 / upper = 124.600 / lower = 115.000)
[20191016_080400 / lib_ip.py:3753] file = img.20191016_080356.2019-10-16_07-45-26_000.jpg.3.png / val_Average = 75.0759	val_Variance = 0.0721	sd = 0.2686	max = 76	min = 74
[20191016_080400 / lib_ip.py:4052] len(Hs) = 8100, len(Ss) = 8100, len(Vs) = 8100
[20191016_080400 / lib_ip.py:2274] inspecting ===> img.20191016_080356.2019-10-16_07-45-26_000.jpg.4.png
[20191016_080400 / lib_ip.py:4505] 
img.20191016_080356.2019-10-16_07-45-26_000.jpg.4.png 3 ---------------------
[20191016_080400 / lib_ip.py:3753] file = img.20191016_080356.2019-10-16_07-45-26_000.jpg.4.png / val_Average = 80.9527	val_Variance = 511.3725	sd = 22.6135	max = 135	min = 0
[20191016_080400 / lib_ip.py:3836] len(Hs) = 8100, len(Ss) = 8100, len(Vs) = 8100
[20191016_080401 / lib_ip.py:3869] yellow : variance --> out of range (variance = 511.372 / upper = 0.650 / lower = 0.000)
[20191016_080401 / lib_ip.py:3753] file = img.20191016_080356.2019-10-16_07-45-26_000.jpg.4.png / val_Average = 80.9527	val_Variance = 511.3725	sd = 22.6135	max = 135	min = 0
[20191016_080401 / lib_ip.py:3936] len(Hs) = 8100, len(Ss) = 8100, len(Vs) = 8100
[20191016_080401 / lib_ip.py:3982] red : variance --> out of range (variance = 511.372 / upper = 0.430 / lower = 0.000)
[20191016_080401 / lib_ip.py:3753] file = img.20191016_080356.2019-10-16_07-45-26_000.jpg.4.png / val_Average = 80.9527	val_Variance = 511.3725	sd = 22.6135	max = 135	min = 0
[20191016_080401 / lib_ip.py:4052] len(Hs) = 8100, len(Ss) = 8100, len(Vs) = 8100
[20191016_080401 / lib_ip.py:4099] green : variance --> out of range (variance = 511.372 / upper = 0.760 / lower = 0.000)
[20191016_080401 / lib_ip.py:3753] file = img.20191016_080356.2019-10-16_07-45-26_000.jpg.4.png / val_Average = 80.9527	val_Variance = 511.3725	sd = 22.6135	max = 135	min = 0
[20191016_080401 / lib_ip.py:4169] len(Hs) = 8100, len(Ss) = 8100, len(Vs) = 8100
[20191016_080401 / lib_ip.py:4208] blue : variance --> out of range (variance = 511.372 / upper = 0.930 / lower = 0.010)
[20191016_080402 / lib_ip.py:3753] file = img.20191016_080356.2019-10-16_07-45-26_000.jpg.4.png / val_Average = 80.9527	val_Variance = 511.3725	sd = 22.6135	max = 135	min = 0
[20191016_080402 / lib_ip.py:4275] len(Hs) = 8100, len(Ss) = 8100, len(Vs) = 8100
[20191016_080402 / lib_ip.py:4314] pink : variance --> out of range (variance = 511.372 / upper = 0.750 / lower = 0.030)
[20191016_080402 / lib_ip.py:3753] file = img.20191016_080356.2019-10-16_07-45-26_000.jpg.4.png / val_Average = 80.9527	val_Variance = 511.3725	sd = 22.6135	max = 135	min = 0
[20191016_080402 / lib_ip.py:4378] len(Hs) = 8100, len(Ss) = 8100, len(Vs) = 8100
[20191016_080402 / lib_ip.py:4422] black : variance --> out of range (variance = 511.372 / upper = 0.000 / lower = 0.000)
[20191016_080402 / lib_ip.py:4593] file : img.20191016_080356.2019-10-16_07-45-26_000.jpg.4.png 3 (black : variance --> out of range (variance = 511.372 / upper = 0.000 / lower = 0.000))
[20191016_080400 / lib_ip.py:2274] inspecting ===> img.20191016_080356.2019-10-16_07-45-26_000.jpg.4.png
img.20191016_080356.2019-10-16_07-45-26_000.jpg.1.png => other
img.20191016_080356.2019-10-16_07-45-26_000.jpg.2.png => other
img.20191016_080356.2019-10-16_07-45-26_000.jpg.3.png => other
img.20191016_080356.2019-10-16_07-45-26_000.jpg.4.png => other
[20191016_080402 lib_ip.py:3301] =============== Get 4 corners
dpath_Images = C:\WORKS_2\WS\WS_Others.Art\JVEMV6\46_art\VIRTUAL\Admin_Projects\ip\images
fname_Image = img.20191016_080356.2019-10-16_07-45-26_000.jpg.4.png

[20191016_080402 / views.py:1411] gen csv => complete (20191016_080402)(elapsed = 52.129 sec / 8 files / 6.516 sec per file)
1)	2019-10-15_10-31-17_000.jpg => 	other other yellow other 
2)	2019-10-15_15-35-48_000.jpg => 	other other other red 
3)	2019-10-15_15-36-12_000.jpg => 	other other other red 
4)	2019-10-15_15-36-41_000.jpg => 	other other other red 
5)	2019-10-15_15-37-34_000.jpg => 	other other other red 
6)	2019-10-15_20-40-25_000.jpg => 	other other yellow other 
7)	2019-10-16_06-06-12_000.jpg => 	other other other other 
8)	2019-10-16_07-45-26_000.jpg => 	green other green other 
[20191016_080402 / views.py:1753] lo_ColorName_Set__Modified_2 =>
1)	2019-10-15_10-31-17_000.jpg => 	o o o y 
2)	2019-10-15_15-35-48_000.jpg => 	o o o r 
3)	2019-10-15_15-36-12_000.jpg => 	o o o r 
4)	2019-10-15_15-36-41_000.jpg => 	o o o r 
5)	2019-10-15_15-37-34_000.jpg => 	o o o r 
6)	2019-10-15_20-40-25_000.jpg => 	o o o y 
7)	2019-10-16_06-06-12_000.jpg => 	o o o o 
8)	2019-10-16_07-45-26_000.jpg => 	g g o o 
[20191016_080403 / views.py:1839] gen_Cake_CSV(request) ==> ending... =======================//

