[20190616_062654 / views.py:1886] exec_get_4_corners(request) ================================
[20190616_062656 / lib_ip.py:1961] lo_Color_Names =>
img.20190616_062655.2019-06-16_05-40-47_000.jpg.1.png => other
img.20190616_062655.2019-06-16_05-40-47_000.jpg.2.png => other
img.20190616_062655.2019-06-16_05-40-47_000.jpg.3.png => other
img.20190616_062655.2019-06-16_05-40-47_000.jpg.4.png => other
[20190616_062657 / lib_ip.py:4505] 
2019-06-16_05-40-47_000.jpg 0 ---------------------
[20190616_062657 / lib_ip.py:3753] file = 2019-06-16_05-40-47_000.jpg / val_Average = 147.2905	val_Variance = 1677.7881	sd = 40.9608	max = 176	min = 0
[20190616_062657 / lib_ip.py:3836] len(Hs) = 8100, len(Ss) = 8100, len(Vs) = 8100
[20190616_062657 / lib_ip.py:3869] yellow : variance --> out of range (variance = 1677.788 / upper = 0.650 / lower = 0.000)
[20190616_062658 / lib_ip.py:3753] file = 2019-06-16_05-40-47_000.jpg / val_Average = 147.2905	val_Variance = 1677.7881	sd = 40.9608	max = 176	min = 0
[20190616_062658 / lib_ip.py:3936] len(Hs) = 8100, len(Ss) = 8100, len(Vs) = 8100
[20190616_062658 / lib_ip.py:3982] red : variance --> out of range (variance = 1677.788 / upper = 0.430 / lower = 0.000)
[20190616_062658 / lib_ip.py:3753] file = 2019-06-16_05-40-47_000.jpg / val_Average = 147.2905	val_Variance = 1677.7881	sd = 40.9608	max = 176	min = 0
[20190616_062658 / lib_ip.py:4052] len(Hs) = 8100, len(Ss) = 8100, len(Vs) = 8100
[20190616_062658 / lib_ip.py:4099] green : variance --> out of range (variance = 1677.788 / upper = 0.760 / lower = 0.000)
[20190616_062658 / lib_ip.py:3753] file = 2019-06-16_05-40-47_000.jpg / val_Average = 147.2905	val_Variance = 1677.7881	sd = 40.9608	max = 176	min = 0
[20190616_062658 / lib_ip.py:4169] len(Hs) = 8100, len(Ss) = 8100, len(Vs) = 8100
[20190616_062658 / lib_ip.py:4208] blue : variance --> out of range (variance = 1677.788 / upper = 0.930 / lower = 0.010)
[20190616_062658 / lib_ip.py:3753] file = 2019-06-16_05-40-47_000.jpg / val_Average = 147.2905	val_Variance = 1677.7881	sd = 40.9608	max = 176	min = 0
[20190616_062658 / lib_ip.py:4275] len(Hs) = 8100, len(Ss) = 8100, len(Vs) = 8100
[20190616_062658 / lib_ip.py:4314] pink : variance --> out of range (variance = 1677.788 / upper = 0.750 / lower = 0.030)
[20190616_062658 / lib_ip.py:3753] file = 2019-06-16_05-40-47_000.jpg / val_Average = 147.2905	val_Variance = 1677.7881	sd = 40.9608	max = 176	min = 0
[20190616_062658 / lib_ip.py:4378] len(Hs) = 8100, len(Ss) = 8100, len(Vs) = 8100
[20190616_062658 / lib_ip.py:4422] black : variance --> out of range (variance = 1677.788 / upper = 0.000 / lower = 0.000)
[20190616_062658 / lib_ip.py:4593] file : 2019-06-16_05-40-47_000.jpg 0 (black : variance --> out of range (variance = 1677.788 / upper = 0.000 / lower = 0.000))
[20190616_062658 / lib_ip.py:4505] 
2019-06-16_05-40-47_000.jpg 1 ---------------------
[20190616_062658 / lib_ip.py:3753] file = 2019-06-16_05-40-47_000.jpg / val_Average = 121.2433	val_Variance = 0.4471	sd = 0.6686	max = 123	min = 116
[20190616_062658 / lib_ip.py:3836] len(Hs) = 8100, len(Ss) = 8100, len(Vs) = 8100
[20190616_062658 / lib_ip.py:3891] yellow : average --> out of range (average = 121.243 / upper = 99.200 / lower = 85.500)
[20190616_062659 / lib_ip.py:3753] file = 2019-06-16_05-40-47_000.jpg / val_Average = 121.2433	val_Variance = 0.4471	sd = 0.6686	max = 123	min = 116
[20190616_062659 / lib_ip.py:3936] len(Hs) = 8100, len(Ss) = 8100, len(Vs) = 8100
[20190616_062659 / lib_ip.py:3982] red : variance --> out of range (variance = 0.447 / upper = 0.430 / lower = 0.000)
[20190616_062659 / lib_ip.py:3753] file = 2019-06-16_05-40-47_000.jpg / val_Average = 121.2433	val_Variance = 0.4471	sd = 0.6686	max = 123	min = 116
[20190616_062659 / lib_ip.py:4052] len(Hs) = 8100, len(Ss) = 8100, len(Vs) = 8100
[20190616_062659 / lib_ip.py:4124] green : average --> out of range (average = 121.243 / upper = 85.000 / lower = 58.000)
[20190616_062659 / lib_ip.py:3753] file = 2019-06-16_05-40-47_000.jpg / val_Average = 121.2433	val_Variance = 0.4471	sd = 0.6686	max = 123	min = 116
[20190616_062659 / lib_ip.py:4169] len(Hs) = 8100, len(Ss) = 8100, len(Vs) = 8100
[20190616_062659 / lib_ip.py:4230] blue : average --> out of range (average = 121.243 / upper = 17.000 / lower = 8.850)
[20190616_062659 / lib_ip.py:3753] file = 2019-06-16_05-40-47_000.jpg / val_Average = 121.2433	val_Variance = 0.4471	sd = 0.6686	max = 123	min = 116
[20190616_062659 / lib_ip.py:4275] len(Hs) = 8100, len(Ss) = 8100, len(Vs) = 8100
[20190616_062659 / lib_ip.py:4336] pink : average --> out of range (average = 121.243 / upper = 141.000 / lower = 127.900)
[20190616_062659 / lib_ip.py:3753] file = 2019-06-16_05-40-47_000.jpg / val_Average = 121.2433	val_Variance = 0.4471	sd = 0.6686	max = 123	min = 116
[20190616_062659 / lib_ip.py:4378] len(Hs) = 8100, len(Ss) = 8100, len(Vs) = 8100
[20190616_062659 / lib_ip.py:4422] black : variance --> out of range (variance = 0.447 / upper = 0.000 / lower = 0.000)
[20190616_062659 / lib_ip.py:4593] file : 2019-06-16_05-40-47_000.jpg 1 (black : variance --> out of range (variance = 0.447 / upper = 0.000 / lower = 0.000))
[20190616_062659 / lib_ip.py:4505] 
2019-06-16_05-40-47_000.jpg 2 ---------------------
[20190616_062700 / lib_ip.py:3753] file = 2019-06-16_05-40-47_000.jpg / val_Average = 111.9936	val_Variance = 8.1602	sd = 2.8566	max = 120	min = 99
[20190616_062700 / lib_ip.py:3836] len(Hs) = 8100, len(Ss) = 8100, len(Vs) = 8100
[20190616_062700 / lib_ip.py:3869] yellow : variance --> out of range (variance = 8.160 / upper = 0.650 / lower = 0.000)
[20190616_062700 / lib_ip.py:3753] file = 2019-06-16_05-40-47_000.jpg / val_Average = 111.9936	val_Variance = 8.1602	sd = 2.8566	max = 120	min = 99
[20190616_062700 / lib_ip.py:3936] len(Hs) = 8100, len(Ss) = 8100, len(Vs) = 8100
[20190616_062700 / lib_ip.py:3982] red : variance --> out of range (variance = 8.160 / upper = 0.430 / lower = 0.000)
[20190616_062700 / lib_ip.py:3753] file = 2019-06-16_05-40-47_000.jpg / val_Average = 111.9936	val_Variance = 8.1602	sd = 2.8566	max = 120	min = 99
[20190616_062700 / lib_ip.py:4052] len(Hs) = 8100, len(Ss) = 8100, len(Vs) = 8100
[20190616_062700 / lib_ip.py:4099] green : variance --> out of range (variance = 8.160 / upper = 0.760 / lower = 0.000)
[20190616_062700 / lib_ip.py:3753] file = 2019-06-16_05-40-47_000.jpg / val_Average = 111.9936	val_Variance = 8.1602	sd = 2.8566	max = 120	min = 99
[20190616_062700 / lib_ip.py:4169] len(Hs) = 8100, len(Ss) = 8100, len(Vs) = 8100
[20190616_062700 / lib_ip.py:4208] blue : variance --> out of range (variance = 8.160 / upper = 0.930 / lower = 0.010)
[20190616_062700 / lib_ip.py:3753] file = 2019-06-16_05-40-47_000.jpg / val_Average = 111.9936	val_Variance = 8.1602	sd = 2.8566	max = 120	min = 99
[20190616_062700 / lib_ip.py:4275] len(Hs) = 8100, len(Ss) = 8100, len(Vs) = 8100
[20190616_062700 / lib_ip.py:4314] pink : variance --> out of range (variance = 8.160 / upper = 0.750 / lower = 0.030)
[20190616_062700 / lib_ip.py:3753] file = 2019-06-16_05-40-47_000.jpg / val_Average = 111.9936	val_Variance = 8.1602	sd = 2.8566	max = 120	min = 99
[20190616_062700 / lib_ip.py:4378] len(Hs) = 8100, len(Ss) = 8100, len(Vs) = 8100
[20190616_062700 / lib_ip.py:4422] black : variance --> out of range (variance = 8.160 / upper = 0.000 / lower = 0.000)
[20190616_062701 / lib_ip.py:4593] file : 2019-06-16_05-40-47_000.jpg 2 (black : variance --> out of range (variance = 8.160 / upper = 0.000 / lower = 0.000))
[20190616_062701 / lib_ip.py:4505] 
2019-06-16_05-40-47_000.jpg 3 ---------------------
[20190616_062701 / lib_ip.py:3753] file = 2019-06-16_05-40-47_000.jpg / val_Average = 77.9994	val_Variance = 0.1577	sd = 0.3971	max = 79	min = 77
[20190616_062701 / lib_ip.py:3836] len(Hs) = 8100, len(Ss) = 8100, len(Vs) = 8100
[20190616_062701 / lib_ip.py:3891] yellow : average --> out of range (average = 77.999 / upper = 99.200 / lower = 85.500)
[20190616_062701 / lib_ip.py:3753] file = 2019-06-16_05-40-47_000.jpg / val_Average = 77.9994	val_Variance = 0.1577	sd = 0.3971	max = 79	min = 77
[20190616_062701 / lib_ip.py:3936] len(Hs) = 8100, len(Ss) = 8100, len(Vs) = 8100
[20190616_062701 / lib_ip.py:4007] red : average --> out of range (average = 77.999 / upper = 124.600 / lower = 115.000)
[20190616_062701 / lib_ip.py:3753] file = 2019-06-16_05-40-47_000.jpg / val_Average = 77.9994	val_Variance = 0.1577	sd = 0.3971	max = 79	min = 77
[20190616_062701 / lib_ip.py:4052] len(Hs) = 8100, len(Ss) = 8100, len(Vs) = 8100
[20190616_062701 / lib_ip.py:2021] lo_Color_Names_2 =>
file = img.20190616_062655.2019-06-16_05-40-47_000.jpg.1.png / color name = other
file = img.20190616_062655.2019-06-16_05-40-47_000.jpg.2.png / color name = other
file = img.20190616_062655.2019-06-16_05-40-47_000.jpg.3.png / color name = other
file = img.20190616_062655.2019-06-16_05-40-47_000.jpg.4.png / color name = green
[20190616_062708 / views.py:1886] exec_get_4_corners(request) ================================
[20190616_062709 / lib_ip.py:1961] lo_Color_Names =>
img.20190616_062708.2019-06-16_05-40-47_000.jpg.1.png => other
img.20190616_062708.2019-06-16_05-40-47_000.jpg.2.png => other
img.20190616_062708.2019-06-16_05-40-47_000.jpg.3.png => other
img.20190616_062708.2019-06-16_05-40-47_000.jpg.4.png => other
[20190616_062709 / lib_ip.py:4505] 
2019-06-16_05-40-47_000.jpg 0 ---------------------
[20190616_062709 / lib_ip.py:3753] file = 2019-06-16_05-40-47_000.jpg / val_Average = 147.2905	val_Variance = 1677.7881	sd = 40.9608	max = 176	min = 0
[20190616_062710 / lib_ip.py:3836] len(Hs) = 8100, len(Ss) = 8100, len(Vs) = 8100
[20190616_062710 / lib_ip.py:3869] yellow : variance --> out of range (variance = 1677.788 / upper = 0.650 / lower = 0.000)
[20190616_062710 / lib_ip.py:3753] file = 2019-06-16_05-40-47_000.jpg / val_Average = 147.2905	val_Variance = 1677.7881	sd = 40.9608	max = 176	min = 0
[20190616_062710 / lib_ip.py:3936] len(Hs) = 8100, len(Ss) = 8100, len(Vs) = 8100
[20190616_062710 / lib_ip.py:3982] red : variance --> out of range (variance = 1677.788 / upper = 0.430 / lower = 0.000)
[20190616_062710 / lib_ip.py:3753] file = 2019-06-16_05-40-47_000.jpg / val_Average = 147.2905	val_Variance = 1677.7881	sd = 40.9608	max = 176	min = 0
[20190616_062710 / lib_ip.py:4052] len(Hs) = 8100, len(Ss) = 8100, len(Vs) = 8100
[20190616_062710 / lib_ip.py:4099] green : variance --> out of range (variance = 1677.788 / upper = 0.760 / lower = 0.000)
[20190616_062710 / lib_ip.py:3753] file = 2019-06-16_05-40-47_000.jpg / val_Average = 147.2905	val_Variance = 1677.7881	sd = 40.9608	max = 176	min = 0
[20190616_062710 / lib_ip.py:4169] len(Hs) = 8100, len(Ss) = 8100, len(Vs) = 8100
[20190616_062710 / lib_ip.py:4208] blue : variance --> out of range (variance = 1677.788 / upper = 0.930 / lower = 0.010)
[20190616_062710 / lib_ip.py:3753] file = 2019-06-16_05-40-47_000.jpg / val_Average = 147.2905	val_Variance = 1677.7881	sd = 40.9608	max = 176	min = 0
[20190616_062710 / lib_ip.py:4275] len(Hs) = 8100, len(Ss) = 8100, len(Vs) = 8100
[20190616_062710 / lib_ip.py:4314] pink : variance --> out of range (variance = 1677.788 / upper = 0.750 / lower = 0.030)
[20190616_062710 / lib_ip.py:3753] file = 2019-06-16_05-40-47_000.jpg / val_Average = 147.2905	val_Variance = 1677.7881	sd = 40.9608	max = 176	min = 0
[20190616_062710 / lib_ip.py:4378] len(Hs) = 8100, len(Ss) = 8100, len(Vs) = 8100
[20190616_062710 / lib_ip.py:4422] black : variance --> out of range (variance = 1677.788 / upper = 0.000 / lower = 0.000)
[20190616_062710 / lib_ip.py:4593] file : 2019-06-16_05-40-47_000.jpg 0 (black : variance --> out of range (variance = 1677.788 / upper = 0.000 / lower = 0.000))
[20190616_062710 / lib_ip.py:4505] 
2019-06-16_05-40-47_000.jpg 1 ---------------------
[20190616_062711 / lib_ip.py:3753] file = 2019-06-16_05-40-47_000.jpg / val_Average = 121.2433	val_Variance = 0.4471	sd = 0.6686	max = 123	min = 116
[20190616_062711 / lib_ip.py:3836] len(Hs) = 8100, len(Ss) = 8100, len(Vs) = 8100
[20190616_062711 / lib_ip.py:3891] yellow : average --> out of range (average = 121.243 / upper = 99.200 / lower = 85.500)
[20190616_062711 / lib_ip.py:3753] file = 2019-06-16_05-40-47_000.jpg / val_Average = 121.2433	val_Variance = 0.4471	sd = 0.6686	max = 123	min = 116
[20190616_062711 / lib_ip.py:3936] len(Hs) = 8100, len(Ss) = 8100, len(Vs) = 8100
[20190616_062711 / lib_ip.py:3982] red : variance --> out of range (variance = 0.447 / upper = 0.430 / lower = 0.000)
[20190616_062711 / lib_ip.py:3753] file = 2019-06-16_05-40-47_000.jpg / val_Average = 121.2433	val_Variance = 0.4471	sd = 0.6686	max = 123	min = 116
[20190616_062711 / lib_ip.py:4052] len(Hs) = 8100, len(Ss) = 8100, len(Vs) = 8100
[20190616_062711 / lib_ip.py:4124] green : average --> out of range (average = 121.243 / upper = 85.000 / lower = 58.000)
[20190616_062711 / lib_ip.py:3753] file = 2019-06-16_05-40-47_000.jpg / val_Average = 121.2433	val_Variance = 0.4471	sd = 0.6686	max = 123	min = 116
[20190616_062711 / lib_ip.py:4169] len(Hs) = 8100, len(Ss) = 8100, len(Vs) = 8100
[20190616_062711 / lib_ip.py:4230] blue : average --> out of range (average = 121.243 / upper = 17.000 / lower = 8.850)
[20190616_062711 / lib_ip.py:3753] file = 2019-06-16_05-40-47_000.jpg / val_Average = 121.2433	val_Variance = 0.4471	sd = 0.6686	max = 123	min = 116
[20190616_062711 / lib_ip.py:4275] len(Hs) = 8100, len(Ss) = 8100, len(Vs) = 8100
[20190616_062711 / lib_ip.py:4336] pink : average --> out of range (average = 121.243 / upper = 141.000 / lower = 127.900)
[20190616_062712 / lib_ip.py:3753] file = 2019-06-16_05-40-47_000.jpg / val_Average = 121.2433	val_Variance = 0.4471	sd = 0.6686	max = 123	min = 116
[20190616_062712 / lib_ip.py:4378] len(Hs) = 8100, len(Ss) = 8100, len(Vs) = 8100
[20190616_062712 / lib_ip.py:4422] black : variance --> out of range (variance = 0.447 / upper = 0.000 / lower = 0.000)
[20190616_062712 / lib_ip.py:4593] file : 2019-06-16_05-40-47_000.jpg 1 (black : variance --> out of range (variance = 0.447 / upper = 0.000 / lower = 0.000))
[20190616_062712 / lib_ip.py:4505] 
2019-06-16_05-40-47_000.jpg 2 ---------------------
[20190616_062712 / lib_ip.py:3753] file = 2019-06-16_05-40-47_000.jpg / val_Average = 111.9936	val_Variance = 8.1602	sd = 2.8566	max = 120	min = 99
[20190616_062712 / lib_ip.py:3836] len(Hs) = 8100, len(Ss) = 8100, len(Vs) = 8100
[20190616_062712 / lib_ip.py:3869] yellow : variance --> out of range (variance = 8.160 / upper = 0.650 / lower = 0.000)
[20190616_062712 / lib_ip.py:3753] file = 2019-06-16_05-40-47_000.jpg / val_Average = 111.9936	val_Variance = 8.1602	sd = 2.8566	max = 120	min = 99
[20190616_062712 / lib_ip.py:3936] len(Hs) = 8100, len(Ss) = 8100, len(Vs) = 8100
[20190616_062712 / lib_ip.py:3982] red : variance --> out of range (variance = 8.160 / upper = 0.430 / lower = 0.000)
[20190616_062712 / lib_ip.py:3753] file = 2019-06-16_05-40-47_000.jpg / val_Average = 111.9936	val_Variance = 8.1602	sd = 2.8566	max = 120	min = 99
[20190616_062712 / lib_ip.py:4052] len(Hs) = 8100, len(Ss) = 8100, len(Vs) = 8100
[20190616_062712 / lib_ip.py:4099] green : variance --> out of range (variance = 8.160 / upper = 0.760 / lower = 0.000)
[20190616_062712 / lib_ip.py:3753] file = 2019-06-16_05-40-47_000.jpg / val_Average = 111.9936	val_Variance = 8.1602	sd = 2.8566	max = 120	min = 99
[20190616_062712 / lib_ip.py:4169] len(Hs) = 8100, len(Ss) = 8100, len(Vs) = 8100
[20190616_062712 / lib_ip.py:4208] blue : variance --> out of range (variance = 8.160 / upper = 0.930 / lower = 0.010)
[20190616_062712 / lib_ip.py:3753] file = 2019-06-16_05-40-47_000.jpg / val_Average = 111.9936	val_Variance = 8.1602	sd = 2.8566	max = 120	min = 99
[20190616_062712 / lib_ip.py:4275] len(Hs) = 8100, len(Ss) = 8100, len(Vs) = 8100
[20190616_062713 / lib_ip.py:4314] pink : variance --> out of range (variance = 8.160 / upper = 0.750 / lower = 0.030)
[20190616_062713 / lib_ip.py:3753] file = 2019-06-16_05-40-47_000.jpg / val_Average = 111.9936	val_Variance = 8.1602	sd = 2.8566	max = 120	min = 99
[20190616_062713 / lib_ip.py:4378] len(Hs) = 8100, len(Ss) = 8100, len(Vs) = 8100
[20190616_062713 / lib_ip.py:4422] black : variance --> out of range (variance = 8.160 / upper = 0.000 / lower = 0.000)
[20190616_062713 / lib_ip.py:4593] file : 2019-06-16_05-40-47_000.jpg 2 (black : variance --> out of range (variance = 8.160 / upper = 0.000 / lower = 0.000))
[20190616_062713 / lib_ip.py:4505] 
2019-06-16_05-40-47_000.jpg 3 ---------------------
[20190616_062713 / lib_ip.py:3753] file = 2019-06-16_05-40-47_000.jpg / val_Average = 77.9994	val_Variance = 0.1577	sd = 0.3971	max = 79	min = 77
[20190616_062713 / lib_ip.py:3836] len(Hs) = 8100, len(Ss) = 8100, len(Vs) = 8100
[20190616_062713 / lib_ip.py:3891] yellow : average --> out of range (average = 77.999 / upper = 99.200 / lower = 85.500)
[20190616_062713 / lib_ip.py:3753] file = 2019-06-16_05-40-47_000.jpg / val_Average = 77.9994	val_Variance = 0.1577	sd = 0.3971	max = 79	min = 77
[20190616_062713 / lib_ip.py:3936] len(Hs) = 8100, len(Ss) = 8100, len(Vs) = 8100
[20190616_062713 / lib_ip.py:4007] red : average --> out of range (average = 77.999 / upper = 124.600 / lower = 115.000)
[20190616_062713 / lib_ip.py:3753] file = 2019-06-16_05-40-47_000.jpg / val_Average = 77.9994	val_Variance = 0.1577	sd = 0.3971	max = 79	min = 77
[20190616_062713 / lib_ip.py:4052] len(Hs) = 8100, len(Ss) = 8100, len(Vs) = 8100
[20190616_062713 / lib_ip.py:2021] lo_Color_Names_2 =>
file = img.20190616_062708.2019-06-16_05-40-47_000.jpg.1.png / color name = other
file = img.20190616_062708.2019-06-16_05-40-47_000.jpg.2.png / color name = other
file = img.20190616_062708.2019-06-16_05-40-47_000.jpg.3.png / color name = other
file = img.20190616_062708.2019-06-16_05-40-47_000.jpg.4.png / color name = green
