[20191114_102722 / views.py:1822] gen_Cake_CSV(request) ==> starting... =======================
[20191114_102724 / lib_ip.py:2274] inspecting ===> img.20191114_102724.2019-11-13_09-53-48_000.jpg.1.png
[20191114_102724 / lib_ip.py:4505] 
img.20191114_102724.2019-11-13_09-53-48_000.jpg.1.png 0 ---------------------
[20191114_102724 / lib_ip.py:3753] file = img.20191114_102724.2019-11-13_09-53-48_000.jpg.1.png / val_Average = 74.1152	val_Variance = 0.1234	sd = 0.3513	max = 75	min = 73
[20191114_102724 / lib_ip.py:3836] len(Hs) = 8100, len(Ss) = 8100, len(Vs) = 8100
[20191114_102725 / lib_ip.py:3891] yellow : average --> out of range (average = 74.115 / upper = 99.200 / lower = 85.500)
[20191114_102725 / lib_ip.py:3753] file = img.20191114_102724.2019-11-13_09-53-48_000.jpg.1.png / val_Average = 74.1152	val_Variance = 0.1234	sd = 0.3513	max = 75	min = 73
[20191114_102725 / lib_ip.py:3936] len(Hs) = 8100, len(Ss) = 8100, len(Vs) = 8100
[20191114_102725 / lib_ip.py:4007] red : average --> out of range (average = 74.115 / upper = 124.600 / lower = 115.000)
[20191114_102725 / lib_ip.py:3753] file = img.20191114_102724.2019-11-13_09-53-48_000.jpg.1.png / val_Average = 74.1152	val_Variance = 0.1234	sd = 0.3513	max = 75	min = 73
[20191114_102725 / lib_ip.py:4052] len(Hs) = 8100, len(Ss) = 8100, len(Vs) = 8100
[20191114_102725 / lib_ip.py:2274] inspecting ===> img.20191114_102724.2019-11-13_09-53-48_000.jpg.2.png
[20191114_102726 / lib_ip.py:4505] 
img.20191114_102724.2019-11-13_09-53-48_000.jpg.2.png 1 ---------------------
[20191114_102726 / lib_ip.py:3753] file = img.20191114_102724.2019-11-13_09-53-48_000.jpg.2.png / val_Average = 79.6984	val_Variance = 675.4403	sd = 25.9892	max = 114	min = 0
[20191114_102726 / lib_ip.py:3836] len(Hs) = 8100, len(Ss) = 8100, len(Vs) = 8100
[20191114_102726 / lib_ip.py:3869] yellow : variance --> out of range (variance = 675.440 / upper = 0.650 / lower = 0.000)
[20191114_102726 / lib_ip.py:3753] file = img.20191114_102724.2019-11-13_09-53-48_000.jpg.2.png / val_Average = 79.6984	val_Variance = 675.4403	sd = 25.9892	max = 114	min = 0
[20191114_102726 / lib_ip.py:3936] len(Hs) = 8100, len(Ss) = 8100, len(Vs) = 8100
[20191114_102726 / lib_ip.py:3982] red : variance --> out of range (variance = 675.440 / upper = 0.430 / lower = 0.000)
[20191114_102726 / lib_ip.py:3753] file = img.20191114_102724.2019-11-13_09-53-48_000.jpg.2.png / val_Average = 79.6984	val_Variance = 675.4403	sd = 25.9892	max = 114	min = 0
[20191114_102726 / lib_ip.py:4052] len(Hs) = 8100, len(Ss) = 8100, len(Vs) = 8100
[20191114_102727 / lib_ip.py:4099] green : variance --> out of range (variance = 675.440 / upper = 0.760 / lower = 0.000)
[20191114_102727 / lib_ip.py:3753] file = img.20191114_102724.2019-11-13_09-53-48_000.jpg.2.png / val_Average = 79.6984	val_Variance = 675.4403	sd = 25.9892	max = 114	min = 0
[20191114_102727 / lib_ip.py:4169] len(Hs) = 8100, len(Ss) = 8100, len(Vs) = 8100
[20191114_102727 / lib_ip.py:4208] blue : variance --> out of range (variance = 675.440 / upper = 0.930 / lower = 0.010)
[20191114_102727 / lib_ip.py:3753] file = img.20191114_102724.2019-11-13_09-53-48_000.jpg.2.png / val_Average = 79.6984	val_Variance = 675.4403	sd = 25.9892	max = 114	min = 0
[20191114_102727 / lib_ip.py:4275] len(Hs) = 8100, len(Ss) = 8100, len(Vs) = 8100
[20191114_102727 / lib_ip.py:4314] pink : variance --> out of range (variance = 675.440 / upper = 0.750 / lower = 0.030)
[20191114_102727 / lib_ip.py:3753] file = img.20191114_102724.2019-11-13_09-53-48_000.jpg.2.png / val_Average = 79.6984	val_Variance = 675.4403	sd = 25.9892	max = 114	min = 0
[20191114_102727 / lib_ip.py:4378] len(Hs) = 8100, len(Ss) = 8100, len(Vs) = 8100
[20191114_102727 / lib_ip.py:4422] black : variance --> out of range (variance = 675.440 / upper = 0.000 / lower = 0.000)
[20191114_102727 / lib_ip.py:4593] file : img.20191114_102724.2019-11-13_09-53-48_000.jpg.2.png 1 (black : variance --> out of range (variance = 675.440 / upper = 0.000 / lower = 0.000))
[20191114_102727 / lib_ip.py:2274] inspecting ===> img.20191114_102724.2019-11-13_09-53-48_000.jpg.3.png
[20191114_102728 / lib_ip.py:4505] 
img.20191114_102724.2019-11-13_09-53-48_000.jpg.3.png 2 ---------------------
[20191114_102728 / lib_ip.py:3753] file = img.20191114_102724.2019-11-13_09-53-48_000.jpg.3.png / val_Average = 75.0411	val_Variance = 0.0928	sd = 0.3046	max = 76	min = 74
[20191114_102728 / lib_ip.py:3836] len(Hs) = 8100, len(Ss) = 8100, len(Vs) = 8100
[20191114_102728 / lib_ip.py:3891] yellow : average --> out of range (average = 75.041 / upper = 99.200 / lower = 85.500)
[20191114_102728 / lib_ip.py:3753] file = img.20191114_102724.2019-11-13_09-53-48_000.jpg.3.png / val_Average = 75.0411	val_Variance = 0.0928	sd = 0.3046	max = 76	min = 74
[20191114_102728 / lib_ip.py:3936] len(Hs) = 8100, len(Ss) = 8100, len(Vs) = 8100
[20191114_102728 / lib_ip.py:4007] red : average --> out of range (average = 75.041 / upper = 124.600 / lower = 115.000)
[20191114_102728 / lib_ip.py:3753] file = img.20191114_102724.2019-11-13_09-53-48_000.jpg.3.png / val_Average = 75.0411	val_Variance = 0.0928	sd = 0.3046	max = 76	min = 74
[20191114_102729 / lib_ip.py:4052] len(Hs) = 8100, len(Ss) = 8100, len(Vs) = 8100
[20191114_102729 / lib_ip.py:2274] inspecting ===> img.20191114_102724.2019-11-13_09-53-48_000.jpg.4.png
[20191114_102729 / lib_ip.py:4505] 
img.20191114_102724.2019-11-13_09-53-48_000.jpg.4.png 3 ---------------------
[20191114_102729 / lib_ip.py:3753] file = img.20191114_102724.2019-11-13_09-53-48_000.jpg.4.png / val_Average = 99.8599	val_Variance = 416.5721	sd = 20.4101	max = 160	min = 0
[20191114_102729 / lib_ip.py:3836] len(Hs) = 8100, len(Ss) = 8100, len(Vs) = 8100
[20191114_102730 / lib_ip.py:3869] yellow : variance --> out of range (variance = 416.572 / upper = 0.650 / lower = 0.000)
[20191114_102730 / lib_ip.py:3753] file = img.20191114_102724.2019-11-13_09-53-48_000.jpg.4.png / val_Average = 99.8599	val_Variance = 416.5721	sd = 20.4101	max = 160	min = 0
[20191114_102730 / lib_ip.py:3936] len(Hs) = 8100, len(Ss) = 8100, len(Vs) = 8100
[20191114_102730 / lib_ip.py:3982] red : variance --> out of range (variance = 416.572 / upper = 0.430 / lower = 0.000)
[20191114_102730 / lib_ip.py:3753] file = img.20191114_102724.2019-11-13_09-53-48_000.jpg.4.png / val_Average = 99.8599	val_Variance = 416.5721	sd = 20.4101	max = 160	min = 0
[20191114_102730 / lib_ip.py:4052] len(Hs) = 8100, len(Ss) = 8100, len(Vs) = 8100
[20191114_102730 / lib_ip.py:4099] green : variance --> out of range (variance = 416.572 / upper = 0.760 / lower = 0.000)
[20191114_102730 / lib_ip.py:3753] file = img.20191114_102724.2019-11-13_09-53-48_000.jpg.4.png / val_Average = 99.8599	val_Variance = 416.5721	sd = 20.4101	max = 160	min = 0
[20191114_102730 / lib_ip.py:4169] len(Hs) = 8100, len(Ss) = 8100, len(Vs) = 8100
[20191114_102730 / lib_ip.py:4208] blue : variance --> out of range (variance = 416.572 / upper = 0.930 / lower = 0.010)
[20191114_102731 / lib_ip.py:3753] file = img.20191114_102724.2019-11-13_09-53-48_000.jpg.4.png / val_Average = 99.8599	val_Variance = 416.5721	sd = 20.4101	max = 160	min = 0
[20191114_102731 / lib_ip.py:4275] len(Hs) = 8100, len(Ss) = 8100, len(Vs) = 8100
[20191114_102731 / lib_ip.py:4314] pink : variance --> out of range (variance = 416.572 / upper = 0.750 / lower = 0.030)
[20191114_102731 / lib_ip.py:3753] file = img.20191114_102724.2019-11-13_09-53-48_000.jpg.4.png / val_Average = 99.8599	val_Variance = 416.5721	sd = 20.4101	max = 160	min = 0
[20191114_102731 / lib_ip.py:4378] len(Hs) = 8100, len(Ss) = 8100, len(Vs) = 8100
[20191114_102732 / lib_ip.py:4422] black : variance --> out of range (variance = 416.572 / upper = 0.000 / lower = 0.000)
[20191114_102732 / lib_ip.py:4593] file : img.20191114_102724.2019-11-13_09-53-48_000.jpg.4.png 3 (black : variance --> out of range (variance = 416.572 / upper = 0.000 / lower = 0.000))
[20191114_102729 / lib_ip.py:2274] inspecting ===> img.20191114_102724.2019-11-13_09-53-48_000.jpg.4.png
img.20191114_102724.2019-11-13_09-53-48_000.jpg.1.png => other
img.20191114_102724.2019-11-13_09-53-48_000.jpg.2.png => other
img.20191114_102724.2019-11-13_09-53-48_000.jpg.3.png => other
img.20191114_102724.2019-11-13_09-53-48_000.jpg.4.png => other
[20191114_102732 lib_ip.py:3301] =============== Get 4 corners
dpath_Images = C:\WORKS_2\WS\WS_Others.Art\JVEMV6\46_art\VIRTUAL\Admin_Projects\ip\images
fname_Image = img.20191114_102724.2019-11-13_09-53-48_000.jpg.4.png

[20191114_102733 / lib_ip.py:2274] inspecting ===> img.20191114_102732.2019-11-13_11-42-11_000.jpg.1.png
[20191114_102733 / lib_ip.py:4505] 
img.20191114_102732.2019-11-13_11-42-11_000.jpg.1.png 0 ---------------------
[20191114_102733 / lib_ip.py:3753] file = img.20191114_102732.2019-11-13_11-42-11_000.jpg.1.png / val_Average = 103.9910	val_Variance = 30.6581	sd = 5.5370	max = 135	min = 84
[20191114_102733 / lib_ip.py:3836] len(Hs) = 8100, len(Ss) = 8100, len(Vs) = 8100
[20191114_102734 / lib_ip.py:3869] yellow : variance --> out of range (variance = 30.658 / upper = 0.650 / lower = 0.000)
[20191114_102734 / lib_ip.py:3753] file = img.20191114_102732.2019-11-13_11-42-11_000.jpg.1.png / val_Average = 103.9910	val_Variance = 30.6581	sd = 5.5370	max = 135	min = 84
[20191114_102734 / lib_ip.py:3936] len(Hs) = 8100, len(Ss) = 8100, len(Vs) = 8100
[20191114_102734 / lib_ip.py:3982] red : variance --> out of range (variance = 30.658 / upper = 0.430 / lower = 0.000)
[20191114_102734 / lib_ip.py:3753] file = img.20191114_102732.2019-11-13_11-42-11_000.jpg.1.png / val_Average = 103.9910	val_Variance = 30.6581	sd = 5.5370	max = 135	min = 84
[20191114_102734 / lib_ip.py:4052] len(Hs) = 8100, len(Ss) = 8100, len(Vs) = 8100
[20191114_102734 / lib_ip.py:4099] green : variance --> out of range (variance = 30.658 / upper = 0.760 / lower = 0.000)
[20191114_102734 / lib_ip.py:3753] file = img.20191114_102732.2019-11-13_11-42-11_000.jpg.1.png / val_Average = 103.9910	val_Variance = 30.6581	sd = 5.5370	max = 135	min = 84
[20191114_102734 / lib_ip.py:4169] len(Hs) = 8100, len(Ss) = 8100, len(Vs) = 8100
[20191114_102734 / lib_ip.py:4208] blue : variance --> out of range (variance = 30.658 / upper = 0.930 / lower = 0.010)
[20191114_102734 / lib_ip.py:3753] file = img.20191114_102732.2019-11-13_11-42-11_000.jpg.1.png / val_Average = 103.9910	val_Variance = 30.6581	sd = 5.5370	max = 135	min = 84
[20191114_102735 / lib_ip.py:4275] len(Hs) = 8100, len(Ss) = 8100, len(Vs) = 8100
[20191114_102735 / lib_ip.py:4314] pink : variance --> out of range (variance = 30.658 / upper = 0.750 / lower = 0.030)
[20191114_102735 / lib_ip.py:3753] file = img.20191114_102732.2019-11-13_11-42-11_000.jpg.1.png / val_Average = 103.9910	val_Variance = 30.6581	sd = 5.5370	max = 135	min = 84
[20191114_102735 / lib_ip.py:4378] len(Hs) = 8100, len(Ss) = 8100, len(Vs) = 8100
[20191114_102735 / lib_ip.py:4422] black : variance --> out of range (variance = 30.658 / upper = 0.000 / lower = 0.000)
[20191114_102735 / lib_ip.py:4593] file : img.20191114_102732.2019-11-13_11-42-11_000.jpg.1.png 0 (black : variance --> out of range (variance = 30.658 / upper = 0.000 / lower = 0.000))
[20191114_102735 / lib_ip.py:2274] inspecting ===> img.20191114_102732.2019-11-13_11-42-11_000.jpg.2.png
[20191114_102736 / lib_ip.py:4505] 
img.20191114_102732.2019-11-13_11-42-11_000.jpg.2.png 1 ---------------------
[20191114_102736 / lib_ip.py:3753] file = img.20191114_102732.2019-11-13_11-42-11_000.jpg.2.png / val_Average = 77.3086	val_Variance = 1662.0020	sd = 40.7677	max = 135	min = 0
[20191114_102736 / lib_ip.py:3836] len(Hs) = 8100, len(Ss) = 8100, len(Vs) = 8100
[20191114_102736 / lib_ip.py:3869] yellow : variance --> out of range (variance = 1662.002 / upper = 0.650 / lower = 0.000)
[20191114_102736 / lib_ip.py:3753] file = img.20191114_102732.2019-11-13_11-42-11_000.jpg.2.png / val_Average = 77.3086	val_Variance = 1662.0020	sd = 40.7677	max = 135	min = 0
[20191114_102736 / lib_ip.py:3936] len(Hs) = 8100, len(Ss) = 8100, len(Vs) = 8100
[20191114_102736 / lib_ip.py:3982] red : variance --> out of range (variance = 1662.002 / upper = 0.430 / lower = 0.000)
[20191114_102736 / lib_ip.py:3753] file = img.20191114_102732.2019-11-13_11-42-11_000.jpg.2.png / val_Average = 77.3086	val_Variance = 1662.0020	sd = 40.7677	max = 135	min = 0
[20191114_102736 / lib_ip.py:4052] len(Hs) = 8100, len(Ss) = 8100, len(Vs) = 8100
[20191114_102736 / lib_ip.py:4099] green : variance --> out of range (variance = 1662.002 / upper = 0.760 / lower = 0.000)
[20191114_102736 / lib_ip.py:3753] file = img.20191114_102732.2019-11-13_11-42-11_000.jpg.2.png / val_Average = 77.3086	val_Variance = 1662.0020	sd = 40.7677	max = 135	min = 0
[20191114_102736 / lib_ip.py:4169] len(Hs) = 8100, len(Ss) = 8100, len(Vs) = 8100
[20191114_102737 / lib_ip.py:4208] blue : variance --> out of range (variance = 1662.002 / upper = 0.930 / lower = 0.010)
[20191114_102737 / lib_ip.py:3753] file = img.20191114_102732.2019-11-13_11-42-11_000.jpg.2.png / val_Average = 77.3086	val_Variance = 1662.0020	sd = 40.7677	max = 135	min = 0
[20191114_102737 / lib_ip.py:4275] len(Hs) = 8100, len(Ss) = 8100, len(Vs) = 8100
[20191114_102737 / lib_ip.py:4314] pink : variance --> out of range (variance = 1662.002 / upper = 0.750 / lower = 0.030)
[20191114_102737 / lib_ip.py:3753] file = img.20191114_102732.2019-11-13_11-42-11_000.jpg.2.png / val_Average = 77.3086	val_Variance = 1662.0020	sd = 40.7677	max = 135	min = 0
[20191114_102737 / lib_ip.py:4378] len(Hs) = 8100, len(Ss) = 8100, len(Vs) = 8100
[20191114_102737 / lib_ip.py:4422] black : variance --> out of range (variance = 1662.002 / upper = 0.000 / lower = 0.000)
[20191114_102737 / lib_ip.py:4593] file : img.20191114_102732.2019-11-13_11-42-11_000.jpg.2.png 1 (black : variance --> out of range (variance = 1662.002 / upper = 0.000 / lower = 0.000))
[20191114_102737 / lib_ip.py:2274] inspecting ===> img.20191114_102732.2019-11-13_11-42-11_000.jpg.3.png
[20191114_102737 / lib_ip.py:4505] 
img.20191114_102732.2019-11-13_11-42-11_000.jpg.3.png 2 ---------------------
[20191114_102738 / lib_ip.py:3753] file = img.20191114_102732.2019-11-13_11-42-11_000.jpg.3.png / val_Average = 92.8140	val_Variance = 0.1514	sd = 0.3891	max = 93	min = 92
[20191114_102738 / lib_ip.py:3836] len(Hs) = 8100, len(Ss) = 8100, len(Vs) = 8100
[20191114_102738 / lib_ip.py:2274] inspecting ===> img.20191114_102732.2019-11-13_11-42-11_000.jpg.4.png
[20191114_102738 / lib_ip.py:4505] 
img.20191114_102732.2019-11-13_11-42-11_000.jpg.4.png 3 ---------------------
[20191114_102738 / lib_ip.py:3753] file = img.20191114_102732.2019-11-13_11-42-11_000.jpg.4.png / val_Average = 106.4069	val_Variance = 2.2327	sd = 1.4942	max = 113	min = 103
[20191114_102738 / lib_ip.py:3836] len(Hs) = 8100, len(Ss) = 8100, len(Vs) = 8100
[20191114_102738 / lib_ip.py:3869] yellow : variance --> out of range (variance = 2.233 / upper = 0.650 / lower = 0.000)
[20191114_102738 / lib_ip.py:3753] file = img.20191114_102732.2019-11-13_11-42-11_000.jpg.4.png / val_Average = 106.4069	val_Variance = 2.2327	sd = 1.4942	max = 113	min = 103
[20191114_102739 / lib_ip.py:3936] len(Hs) = 8100, len(Ss) = 8100, len(Vs) = 8100
[20191114_102739 / lib_ip.py:3982] red : variance --> out of range (variance = 2.233 / upper = 0.430 / lower = 0.000)
[20191114_102739 / lib_ip.py:3753] file = img.20191114_102732.2019-11-13_11-42-11_000.jpg.4.png / val_Average = 106.4069	val_Variance = 2.2327	sd = 1.4942	max = 113	min = 103
[20191114_102739 / lib_ip.py:4052] len(Hs) = 8100, len(Ss) = 8100, len(Vs) = 8100
[20191114_102739 / lib_ip.py:4099] green : variance --> out of range (variance = 2.233 / upper = 0.760 / lower = 0.000)
[20191114_102739 / lib_ip.py:3753] file = img.20191114_102732.2019-11-13_11-42-11_000.jpg.4.png / val_Average = 106.4069	val_Variance = 2.2327	sd = 1.4942	max = 113	min = 103
[20191114_102739 / lib_ip.py:4169] len(Hs) = 8100, len(Ss) = 8100, len(Vs) = 8100
[20191114_102740 / lib_ip.py:4208] blue : variance --> out of range (variance = 2.233 / upper = 0.930 / lower = 0.010)
[20191114_102740 / lib_ip.py:3753] file = img.20191114_102732.2019-11-13_11-42-11_000.jpg.4.png / val_Average = 106.4069	val_Variance = 2.2327	sd = 1.4942	max = 113	min = 103
[20191114_102740 / lib_ip.py:4275] len(Hs) = 8100, len(Ss) = 8100, len(Vs) = 8100
[20191114_102740 / lib_ip.py:4314] pink : variance --> out of range (variance = 2.233 / upper = 0.750 / lower = 0.030)
[20191114_102740 / lib_ip.py:3753] file = img.20191114_102732.2019-11-13_11-42-11_000.jpg.4.png / val_Average = 106.4069	val_Variance = 2.2327	sd = 1.4942	max = 113	min = 103
[20191114_102740 / lib_ip.py:4378] len(Hs) = 8100, len(Ss) = 8100, len(Vs) = 8100
[20191114_102740 / lib_ip.py:4422] black : variance --> out of range (variance = 2.233 / upper = 0.000 / lower = 0.000)
[20191114_102740 / lib_ip.py:4593] file : img.20191114_102732.2019-11-13_11-42-11_000.jpg.4.png 3 (black : variance --> out of range (variance = 2.233 / upper = 0.000 / lower = 0.000))
[20191114_102738 / lib_ip.py:2274] inspecting ===> img.20191114_102732.2019-11-13_11-42-11_000.jpg.4.png
img.20191114_102732.2019-11-13_11-42-11_000.jpg.1.png => other
img.20191114_102732.2019-11-13_11-42-11_000.jpg.2.png => other
img.20191114_102732.2019-11-13_11-42-11_000.jpg.3.png => other
img.20191114_102732.2019-11-13_11-42-11_000.jpg.4.png => other
[20191114_102740 lib_ip.py:3301] =============== Get 4 corners
dpath_Images = C:\WORKS_2\WS\WS_Others.Art\JVEMV6\46_art\VIRTUAL\Admin_Projects\ip\images
fname_Image = img.20191114_102732.2019-11-13_11-42-11_000.jpg.4.png

[20191114_102741 / lib_ip.py:2274] inspecting ===> img.20191114_102740.2019-11-13_15-38-14_000.jpg.1.png
[20191114_102741 / lib_ip.py:4505] 
img.20191114_102740.2019-11-13_15-38-14_000.jpg.1.png 0 ---------------------
[20191114_102741 / lib_ip.py:3753] file = img.20191114_102740.2019-11-13_15-38-14_000.jpg.1.png / val_Average = 55.1022	val_Variance = 2014.1735	sd = 44.8795	max = 135	min = 0
[20191114_102741 / lib_ip.py:3836] len(Hs) = 8100, len(Ss) = 8100, len(Vs) = 8100
[20191114_102741 / lib_ip.py:3869] yellow : variance --> out of range (variance = 2014.174 / upper = 0.650 / lower = 0.000)
[20191114_102741 / lib_ip.py:3753] file = img.20191114_102740.2019-11-13_15-38-14_000.jpg.1.png / val_Average = 55.1022	val_Variance = 2014.1735	sd = 44.8795	max = 135	min = 0
[20191114_102741 / lib_ip.py:3936] len(Hs) = 8100, len(Ss) = 8100, len(Vs) = 8100
[20191114_102741 / lib_ip.py:3982] red : variance --> out of range (variance = 2014.174 / upper = 0.430 / lower = 0.000)
[20191114_102741 / lib_ip.py:3753] file = img.20191114_102740.2019-11-13_15-38-14_000.jpg.1.png / val_Average = 55.1022	val_Variance = 2014.1735	sd = 44.8795	max = 135	min = 0
[20191114_102741 / lib_ip.py:4052] len(Hs) = 8100, len(Ss) = 8100, len(Vs) = 8100
[20191114_102741 / lib_ip.py:4099] green : variance --> out of range (variance = 2014.174 / upper = 0.760 / lower = 0.000)
[20191114_102742 / lib_ip.py:3753] file = img.20191114_102740.2019-11-13_15-38-14_000.jpg.1.png / val_Average = 55.1022	val_Variance = 2014.1735	sd = 44.8795	max = 135	min = 0
[20191114_102742 / lib_ip.py:4169] len(Hs) = 8100, len(Ss) = 8100, len(Vs) = 8100
[20191114_102742 / lib_ip.py:4208] blue : variance --> out of range (variance = 2014.174 / upper = 0.930 / lower = 0.010)
[20191114_102742 / lib_ip.py:3753] file = img.20191114_102740.2019-11-13_15-38-14_000.jpg.1.png / val_Average = 55.1022	val_Variance = 2014.1735	sd = 44.8795	max = 135	min = 0
[20191114_102742 / lib_ip.py:4275] len(Hs) = 8100, len(Ss) = 8100, len(Vs) = 8100
[20191114_102742 / lib_ip.py:4314] pink : variance --> out of range (variance = 2014.174 / upper = 0.750 / lower = 0.030)
[20191114_102742 / lib_ip.py:3753] file = img.20191114_102740.2019-11-13_15-38-14_000.jpg.1.png / val_Average = 55.1022	val_Variance = 2014.1735	sd = 44.8795	max = 135	min = 0
[20191114_102742 / lib_ip.py:4378] len(Hs) = 8100, len(Ss) = 8100, len(Vs) = 8100
[20191114_102742 / lib_ip.py:4422] black : variance --> out of range (variance = 2014.174 / upper = 0.000 / lower = 0.000)
[20191114_102742 / lib_ip.py:4593] file : img.20191114_102740.2019-11-13_15-38-14_000.jpg.1.png 0 (black : variance --> out of range (variance = 2014.174 / upper = 0.000 / lower = 0.000))
[20191114_102742 / lib_ip.py:2274] inspecting ===> img.20191114_102740.2019-11-13_15-38-14_000.jpg.2.png
[20191114_102742 / lib_ip.py:4505] 
img.20191114_102740.2019-11-13_15-38-14_000.jpg.2.png 1 ---------------------
[20191114_102743 / lib_ip.py:3753] file = img.20191114_102740.2019-11-13_15-38-14_000.jpg.2.png / val_Average = 12.7193	val_Variance = 0.2066	sd = 0.4546	max = 14	min = 12
[20191114_102743 / lib_ip.py:3836] len(Hs) = 8100, len(Ss) = 8100, len(Vs) = 8100
[20191114_102743 / lib_ip.py:3891] yellow : average --> out of range (average = 12.719 / upper = 99.200 / lower = 85.500)
[20191114_102743 / lib_ip.py:3753] file = img.20191114_102740.2019-11-13_15-38-14_000.jpg.2.png / val_Average = 12.7193	val_Variance = 0.2066	sd = 0.4546	max = 14	min = 12
[20191114_102743 / lib_ip.py:3936] len(Hs) = 8100, len(Ss) = 8100, len(Vs) = 8100
[20191114_102743 / lib_ip.py:4007] red : average --> out of range (average = 12.719 / upper = 124.600 / lower = 115.000)
[20191114_102743 / lib_ip.py:3753] file = img.20191114_102740.2019-11-13_15-38-14_000.jpg.2.png / val_Average = 12.7193	val_Variance = 0.2066	sd = 0.4546	max = 14	min = 12
[20191114_102743 / lib_ip.py:4052] len(Hs) = 8100, len(Ss) = 8100, len(Vs) = 8100
[20191114_102743 / lib_ip.py:4124] green : average --> out of range (average = 12.719 / upper = 85.000 / lower = 58.000)
[20191114_102743 / lib_ip.py:3753] file = img.20191114_102740.2019-11-13_15-38-14_000.jpg.2.png / val_Average = 12.7193	val_Variance = 0.2066	sd = 0.4546	max = 14	min = 12
[20191114_102743 / lib_ip.py:4169] len(Hs) = 8100, len(Ss) = 8100, len(Vs) = 8100
[20191114_102743 / lib_ip.py:2274] inspecting ===> img.20191114_102740.2019-11-13_15-38-14_000.jpg.3.png
[20191114_102743 / lib_ip.py:4505] 
img.20191114_102740.2019-11-13_15-38-14_000.jpg.3.png 2 ---------------------
[20191114_102743 / lib_ip.py:3753] file = img.20191114_102740.2019-11-13_15-38-14_000.jpg.3.png / val_Average = 104.6767	val_Variance = 210.9857	sd = 14.5253	max = 160	min = 0
[20191114_102743 / lib_ip.py:3836] len(Hs) = 8100, len(Ss) = 8100, len(Vs) = 8100
[20191114_102743 / lib_ip.py:3869] yellow : variance --> out of range (variance = 210.986 / upper = 0.650 / lower = 0.000)
[20191114_102743 / lib_ip.py:3753] file = img.20191114_102740.2019-11-13_15-38-14_000.jpg.3.png / val_Average = 104.6767	val_Variance = 210.9857	sd = 14.5253	max = 160	min = 0
[20191114_102743 / lib_ip.py:3936] len(Hs) = 8100, len(Ss) = 8100, len(Vs) = 8100
[20191114_102744 / lib_ip.py:3982] red : variance --> out of range (variance = 210.986 / upper = 0.430 / lower = 0.000)
[20191114_102744 / lib_ip.py:3753] file = img.20191114_102740.2019-11-13_15-38-14_000.jpg.3.png / val_Average = 104.6767	val_Variance = 210.9857	sd = 14.5253	max = 160	min = 0
[20191114_102744 / lib_ip.py:4052] len(Hs) = 8100, len(Ss) = 8100, len(Vs) = 8100
[20191114_102744 / lib_ip.py:4099] green : variance --> out of range (variance = 210.986 / upper = 0.760 / lower = 0.000)
[20191114_102744 / lib_ip.py:3753] file = img.20191114_102740.2019-11-13_15-38-14_000.jpg.3.png / val_Average = 104.6767	val_Variance = 210.9857	sd = 14.5253	max = 160	min = 0
[20191114_102744 / lib_ip.py:4169] len(Hs) = 8100, len(Ss) = 8100, len(Vs) = 8100
[20191114_102744 / lib_ip.py:4208] blue : variance --> out of range (variance = 210.986 / upper = 0.930 / lower = 0.010)
[20191114_102744 / lib_ip.py:3753] file = img.20191114_102740.2019-11-13_15-38-14_000.jpg.3.png / val_Average = 104.6767	val_Variance = 210.9857	sd = 14.5253	max = 160	min = 0
[20191114_102744 / lib_ip.py:4275] len(Hs) = 8100, len(Ss) = 8100, len(Vs) = 8100
[20191114_102744 / lib_ip.py:4314] pink : variance --> out of range (variance = 210.986 / upper = 0.750 / lower = 0.030)
[20191114_102744 / lib_ip.py:3753] file = img.20191114_102740.2019-11-13_15-38-14_000.jpg.3.png / val_Average = 104.6767	val_Variance = 210.9857	sd = 14.5253	max = 160	min = 0
[20191114_102744 / lib_ip.py:4378] len(Hs) = 8100, len(Ss) = 8100, len(Vs) = 8100
[20191114_102744 / lib_ip.py:4422] black : variance --> out of range (variance = 210.986 / upper = 0.000 / lower = 0.000)
[20191114_102744 / lib_ip.py:4593] file : img.20191114_102740.2019-11-13_15-38-14_000.jpg.3.png 2 (black : variance --> out of range (variance = 210.986 / upper = 0.000 / lower = 0.000))
[20191114_102745 / lib_ip.py:2274] inspecting ===> img.20191114_102740.2019-11-13_15-38-14_000.jpg.4.png
[20191114_102745 / lib_ip.py:4505] 
img.20191114_102740.2019-11-13_15-38-14_000.jpg.4.png 3 ---------------------
[20191114_102745 / lib_ip.py:3753] file = img.20191114_102740.2019-11-13_15-38-14_000.jpg.4.png / val_Average = 107.2481	val_Variance = 1.7994	sd = 1.3414	max = 115	min = 103
[20191114_102745 / lib_ip.py:3836] len(Hs) = 8100, len(Ss) = 8100, len(Vs) = 8100
[20191114_102745 / lib_ip.py:3869] yellow : variance --> out of range (variance = 1.799 / upper = 0.650 / lower = 0.000)
[20191114_102745 / lib_ip.py:3753] file = img.20191114_102740.2019-11-13_15-38-14_000.jpg.4.png / val_Average = 107.2481	val_Variance = 1.7994	sd = 1.3414	max = 115	min = 103
[20191114_102745 / lib_ip.py:3936] len(Hs) = 8100, len(Ss) = 8100, len(Vs) = 8100
[20191114_102745 / lib_ip.py:3982] red : variance --> out of range (variance = 1.799 / upper = 0.430 / lower = 0.000)
[20191114_102745 / lib_ip.py:3753] file = img.20191114_102740.2019-11-13_15-38-14_000.jpg.4.png / val_Average = 107.2481	val_Variance = 1.7994	sd = 1.3414	max = 115	min = 103
[20191114_102745 / lib_ip.py:4052] len(Hs) = 8100, len(Ss) = 8100, len(Vs) = 8100
[20191114_102745 / lib_ip.py:4099] green : variance --> out of range (variance = 1.799 / upper = 0.760 / lower = 0.000)
[20191114_102745 / lib_ip.py:3753] file = img.20191114_102740.2019-11-13_15-38-14_000.jpg.4.png / val_Average = 107.2481	val_Variance = 1.7994	sd = 1.3414	max = 115	min = 103
[20191114_102745 / lib_ip.py:4169] len(Hs) = 8100, len(Ss) = 8100, len(Vs) = 8100
[20191114_102746 / lib_ip.py:4208] blue : variance --> out of range (variance = 1.799 / upper = 0.930 / lower = 0.010)
[20191114_102746 / lib_ip.py:3753] file = img.20191114_102740.2019-11-13_15-38-14_000.jpg.4.png / val_Average = 107.2481	val_Variance = 1.7994	sd = 1.3414	max = 115	min = 103
[20191114_102746 / lib_ip.py:4275] len(Hs) = 8100, len(Ss) = 8100, len(Vs) = 8100
[20191114_102746 / lib_ip.py:4314] pink : variance --> out of range (variance = 1.799 / upper = 0.750 / lower = 0.030)
[20191114_102746 / lib_ip.py:3753] file = img.20191114_102740.2019-11-13_15-38-14_000.jpg.4.png / val_Average = 107.2481	val_Variance = 1.7994	sd = 1.3414	max = 115	min = 103
[20191114_102746 / lib_ip.py:4378] len(Hs) = 8100, len(Ss) = 8100, len(Vs) = 8100
[20191114_102746 / lib_ip.py:4422] black : variance --> out of range (variance = 1.799 / upper = 0.000 / lower = 0.000)
[20191114_102746 / lib_ip.py:4593] file : img.20191114_102740.2019-11-13_15-38-14_000.jpg.4.png 3 (black : variance --> out of range (variance = 1.799 / upper = 0.000 / lower = 0.000))
[20191114_102745 / lib_ip.py:2274] inspecting ===> img.20191114_102740.2019-11-13_15-38-14_000.jpg.4.png
img.20191114_102740.2019-11-13_15-38-14_000.jpg.1.png => other
img.20191114_102740.2019-11-13_15-38-14_000.jpg.2.png => other
img.20191114_102740.2019-11-13_15-38-14_000.jpg.3.png => other
img.20191114_102740.2019-11-13_15-38-14_000.jpg.4.png => other
[20191114_102746 lib_ip.py:3301] =============== Get 4 corners
dpath_Images = C:\WORKS_2\WS\WS_Others.Art\JVEMV6\46_art\VIRTUAL\Admin_Projects\ip\images
fname_Image = img.20191114_102740.2019-11-13_15-38-14_000.jpg.4.png

[20191114_102746 / lib_ip.py:2274] inspecting ===> img.20191114_102746.2019-11-13_18-43-40_000.jpg.1.png
[20191114_102747 / lib_ip.py:4505] 
img.20191114_102746.2019-11-13_18-43-40_000.jpg.1.png 0 ---------------------
[20191114_102747 / lib_ip.py:3753] file = img.20191114_102746.2019-11-13_18-43-40_000.jpg.1.png / val_Average = 113.3895	val_Variance = 13.3203	sd = 3.6497	max = 150	min = 104
[20191114_102747 / lib_ip.py:3836] len(Hs) = 8100, len(Ss) = 8100, len(Vs) = 8100
[20191114_102747 / lib_ip.py:3869] yellow : variance --> out of range (variance = 13.320 / upper = 0.650 / lower = 0.000)
[20191114_102747 / lib_ip.py:3753] file = img.20191114_102746.2019-11-13_18-43-40_000.jpg.1.png / val_Average = 113.3895	val_Variance = 13.3203	sd = 3.6497	max = 150	min = 104
[20191114_102747 / lib_ip.py:3936] len(Hs) = 8100, len(Ss) = 8100, len(Vs) = 8100
[20191114_102747 / lib_ip.py:3982] red : variance --> out of range (variance = 13.320 / upper = 0.430 / lower = 0.000)
[20191114_102747 / lib_ip.py:3753] file = img.20191114_102746.2019-11-13_18-43-40_000.jpg.1.png / val_Average = 113.3895	val_Variance = 13.3203	sd = 3.6497	max = 150	min = 104
[20191114_102747 / lib_ip.py:4052] len(Hs) = 8100, len(Ss) = 8100, len(Vs) = 8100
[20191114_102747 / lib_ip.py:4099] green : variance --> out of range (variance = 13.320 / upper = 0.760 / lower = 0.000)
[20191114_102747 / lib_ip.py:3753] file = img.20191114_102746.2019-11-13_18-43-40_000.jpg.1.png / val_Average = 113.3895	val_Variance = 13.3203	sd = 3.6497	max = 150	min = 104
[20191114_102747 / lib_ip.py:4169] len(Hs) = 8100, len(Ss) = 8100, len(Vs) = 8100
[20191114_102748 / lib_ip.py:4208] blue : variance --> out of range (variance = 13.320 / upper = 0.930 / lower = 0.010)
[20191114_102748 / lib_ip.py:3753] file = img.20191114_102746.2019-11-13_18-43-40_000.jpg.1.png / val_Average = 113.3895	val_Variance = 13.3203	sd = 3.6497	max = 150	min = 104
[20191114_102748 / lib_ip.py:4275] len(Hs) = 8100, len(Ss) = 8100, len(Vs) = 8100
[20191114_102748 / lib_ip.py:4314] pink : variance --> out of range (variance = 13.320 / upper = 0.750 / lower = 0.030)
[20191114_102748 / lib_ip.py:3753] file = img.20191114_102746.2019-11-13_18-43-40_000.jpg.1.png / val_Average = 113.3895	val_Variance = 13.3203	sd = 3.6497	max = 150	min = 104
[20191114_102748 / lib_ip.py:4378] len(Hs) = 8100, len(Ss) = 8100, len(Vs) = 8100
[20191114_102748 / lib_ip.py:4422] black : variance --> out of range (variance = 13.320 / upper = 0.000 / lower = 0.000)
[20191114_102748 / lib_ip.py:4593] file : img.20191114_102746.2019-11-13_18-43-40_000.jpg.1.png 0 (black : variance --> out of range (variance = 13.320 / upper = 0.000 / lower = 0.000))
[20191114_102748 / lib_ip.py:2274] inspecting ===> img.20191114_102746.2019-11-13_18-43-40_000.jpg.2.png
[20191114_102748 / lib_ip.py:4505] 
img.20191114_102746.2019-11-13_18-43-40_000.jpg.2.png 1 ---------------------
[20191114_102748 / lib_ip.py:3753] file = img.20191114_102746.2019-11-13_18-43-40_000.jpg.2.png / val_Average = 114.2190	val_Variance = 16.1135	sd = 4.0142	max = 131	min = 101
[20191114_102748 / lib_ip.py:3836] len(Hs) = 8100, len(Ss) = 8100, len(Vs) = 8100
[20191114_102748 / lib_ip.py:3869] yellow : variance --> out of range (variance = 16.114 / upper = 0.650 / lower = 0.000)
[20191114_102748 / lib_ip.py:3753] file = img.20191114_102746.2019-11-13_18-43-40_000.jpg.2.png / val_Average = 114.2190	val_Variance = 16.1135	sd = 4.0142	max = 131	min = 101
[20191114_102748 / lib_ip.py:3936] len(Hs) = 8100, len(Ss) = 8100, len(Vs) = 8100
[20191114_102748 / lib_ip.py:3982] red : variance --> out of range (variance = 16.114 / upper = 0.430 / lower = 0.000)
[20191114_102748 / lib_ip.py:3753] file = img.20191114_102746.2019-11-13_18-43-40_000.jpg.2.png / val_Average = 114.2190	val_Variance = 16.1135	sd = 4.0142	max = 131	min = 101
[20191114_102748 / lib_ip.py:4052] len(Hs) = 8100, len(Ss) = 8100, len(Vs) = 8100
[20191114_102749 / lib_ip.py:4099] green : variance --> out of range (variance = 16.114 / upper = 0.760 / lower = 0.000)
[20191114_102749 / lib_ip.py:3753] file = img.20191114_102746.2019-11-13_18-43-40_000.jpg.2.png / val_Average = 114.2190	val_Variance = 16.1135	sd = 4.0142	max = 131	min = 101
[20191114_102749 / lib_ip.py:4169] len(Hs) = 8100, len(Ss) = 8100, len(Vs) = 8100
[20191114_102749 / lib_ip.py:4208] blue : variance --> out of range (variance = 16.114 / upper = 0.930 / lower = 0.010)
[20191114_102749 / lib_ip.py:3753] file = img.20191114_102746.2019-11-13_18-43-40_000.jpg.2.png / val_Average = 114.2190	val_Variance = 16.1135	sd = 4.0142	max = 131	min = 101
[20191114_102749 / lib_ip.py:4275] len(Hs) = 8100, len(Ss) = 8100, len(Vs) = 8100
[20191114_102749 / lib_ip.py:4314] pink : variance --> out of range (variance = 16.114 / upper = 0.750 / lower = 0.030)
[20191114_102749 / lib_ip.py:3753] file = img.20191114_102746.2019-11-13_18-43-40_000.jpg.2.png / val_Average = 114.2190	val_Variance = 16.1135	sd = 4.0142	max = 131	min = 101
[20191114_102749 / lib_ip.py:4378] len(Hs) = 8100, len(Ss) = 8100, len(Vs) = 8100
[20191114_102749 / lib_ip.py:4422] black : variance --> out of range (variance = 16.114 / upper = 0.000 / lower = 0.000)
[20191114_102749 / lib_ip.py:4593] file : img.20191114_102746.2019-11-13_18-43-40_000.jpg.2.png 1 (black : variance --> out of range (variance = 16.114 / upper = 0.000 / lower = 0.000))
[20191114_102749 / lib_ip.py:2274] inspecting ===> img.20191114_102746.2019-11-13_18-43-40_000.jpg.3.png
[20191114_102749 / lib_ip.py:4505] 
img.20191114_102746.2019-11-13_18-43-40_000.jpg.3.png 2 ---------------------
[20191114_102750 / lib_ip.py:3753] file = img.20191114_102746.2019-11-13_18-43-40_000.jpg.3.png / val_Average = 112.0020	val_Variance = 13.8953	sd = 3.7276	max = 126	min = 46
[20191114_102750 / lib_ip.py:3836] len(Hs) = 8100, len(Ss) = 8100, len(Vs) = 8100
[20191114_102750 / lib_ip.py:3869] yellow : variance --> out of range (variance = 13.895 / upper = 0.650 / lower = 0.000)
[20191114_102750 / lib_ip.py:3753] file = img.20191114_102746.2019-11-13_18-43-40_000.jpg.3.png / val_Average = 112.0020	val_Variance = 13.8953	sd = 3.7276	max = 126	min = 46
[20191114_102750 / lib_ip.py:3936] len(Hs) = 8100, len(Ss) = 8100, len(Vs) = 8100
[20191114_102750 / lib_ip.py:3982] red : variance --> out of range (variance = 13.895 / upper = 0.430 / lower = 0.000)
[20191114_102750 / lib_ip.py:3753] file = img.20191114_102746.2019-11-13_18-43-40_000.jpg.3.png / val_Average = 112.0020	val_Variance = 13.8953	sd = 3.7276	max = 126	min = 46
[20191114_102750 / lib_ip.py:4052] len(Hs) = 8100, len(Ss) = 8100, len(Vs) = 8100
[20191114_102750 / lib_ip.py:4099] green : variance --> out of range (variance = 13.895 / upper = 0.760 / lower = 0.000)
[20191114_102750 / lib_ip.py:3753] file = img.20191114_102746.2019-11-13_18-43-40_000.jpg.3.png / val_Average = 112.0020	val_Variance = 13.8953	sd = 3.7276	max = 126	min = 46
[20191114_102750 / lib_ip.py:4169] len(Hs) = 8100, len(Ss) = 8100, len(Vs) = 8100
[20191114_102750 / lib_ip.py:4208] blue : variance --> out of range (variance = 13.895 / upper = 0.930 / lower = 0.010)
[20191114_102750 / lib_ip.py:3753] file = img.20191114_102746.2019-11-13_18-43-40_000.jpg.3.png / val_Average = 112.0020	val_Variance = 13.8953	sd = 3.7276	max = 126	min = 46
[20191114_102750 / lib_ip.py:4275] len(Hs) = 8100, len(Ss) = 8100, len(Vs) = 8100
[20191114_102750 / lib_ip.py:4314] pink : variance --> out of range (variance = 13.895 / upper = 0.750 / lower = 0.030)
[20191114_102750 / lib_ip.py:3753] file = img.20191114_102746.2019-11-13_18-43-40_000.jpg.3.png / val_Average = 112.0020	val_Variance = 13.8953	sd = 3.7276	max = 126	min = 46
[20191114_102750 / lib_ip.py:4378] len(Hs) = 8100, len(Ss) = 8100, len(Vs) = 8100
[20191114_102750 / lib_ip.py:4422] black : variance --> out of range (variance = 13.895 / upper = 0.000 / lower = 0.000)
[20191114_102750 / lib_ip.py:4593] file : img.20191114_102746.2019-11-13_18-43-40_000.jpg.3.png 2 (black : variance --> out of range (variance = 13.895 / upper = 0.000 / lower = 0.000))
[20191114_102750 / lib_ip.py:2274] inspecting ===> img.20191114_102746.2019-11-13_18-43-40_000.jpg.4.png
[20191114_102751 / lib_ip.py:4505] 
img.20191114_102746.2019-11-13_18-43-40_000.jpg.4.png 3 ---------------------
[20191114_102751 / lib_ip.py:3753] file = img.20191114_102746.2019-11-13_18-43-40_000.jpg.4.png / val_Average = 120.9673	val_Variance = 0.0613	sd = 0.2475	max = 122	min = 120
[20191114_102751 / lib_ip.py:3836] len(Hs) = 8100, len(Ss) = 8100, len(Vs) = 8100
[20191114_102751 / lib_ip.py:3891] yellow : average --> out of range (average = 120.967 / upper = 99.200 / lower = 85.500)
[20191114_102751 / lib_ip.py:3753] file = img.20191114_102746.2019-11-13_18-43-40_000.jpg.4.png / val_Average = 120.9673	val_Variance = 0.0613	sd = 0.2475	max = 122	min = 120
[20191114_102751 / lib_ip.py:3936] len(Hs) = 8100, len(Ss) = 8100, len(Vs) = 8100
[20191114_102750 / lib_ip.py:2274] inspecting ===> img.20191114_102746.2019-11-13_18-43-40_000.jpg.4.png
img.20191114_102746.2019-11-13_18-43-40_000.jpg.1.png => other
img.20191114_102746.2019-11-13_18-43-40_000.jpg.2.png => other
img.20191114_102746.2019-11-13_18-43-40_000.jpg.3.png => other
img.20191114_102746.2019-11-13_18-43-40_000.jpg.4.png => other
[20191114_102751 lib_ip.py:3301] =============== Get 4 corners
dpath_Images = C:\WORKS_2\WS\WS_Others.Art\JVEMV6\46_art\VIRTUAL\Admin_Projects\ip\images
fname_Image = img.20191114_102746.2019-11-13_18-43-40_000.jpg.4.png

[20191114_102751 / lib_ip.py:2274] inspecting ===> img.20191114_102751.2019-11-14_01-39-07_000.png.1.png
[20191114_102752 / lib_ip.py:4505] 
img.20191114_102751.2019-11-14_01-39-07_000.png.1.png 0 ---------------------
[20191114_102752 / lib_ip.py:3753] file = img.20191114_102751.2019-11-14_01-39-07_000.png.1.png / val_Average = 80.1814	val_Variance = 1429.0702	sd = 37.8030	max = 150	min = 0
[20191114_102752 / lib_ip.py:3836] len(Hs) = 8100, len(Ss) = 8100, len(Vs) = 8100
[20191114_102752 / lib_ip.py:3869] yellow : variance --> out of range (variance = 1429.070 / upper = 0.650 / lower = 0.000)
[20191114_102752 / lib_ip.py:3753] file = img.20191114_102751.2019-11-14_01-39-07_000.png.1.png / val_Average = 80.1814	val_Variance = 1429.0702	sd = 37.8030	max = 150	min = 0
[20191114_102752 / lib_ip.py:3936] len(Hs) = 8100, len(Ss) = 8100, len(Vs) = 8100
[20191114_102752 / lib_ip.py:3982] red : variance --> out of range (variance = 1429.070 / upper = 0.430 / lower = 0.000)
[20191114_102752 / lib_ip.py:3753] file = img.20191114_102751.2019-11-14_01-39-07_000.png.1.png / val_Average = 80.1814	val_Variance = 1429.0702	sd = 37.8030	max = 150	min = 0
[20191114_102752 / lib_ip.py:4052] len(Hs) = 8100, len(Ss) = 8100, len(Vs) = 8100
[20191114_102752 / lib_ip.py:4099] green : variance --> out of range (variance = 1429.070 / upper = 0.760 / lower = 0.000)
[20191114_102752 / lib_ip.py:3753] file = img.20191114_102751.2019-11-14_01-39-07_000.png.1.png / val_Average = 80.1814	val_Variance = 1429.0702	sd = 37.8030	max = 150	min = 0
[20191114_102752 / lib_ip.py:4169] len(Hs) = 8100, len(Ss) = 8100, len(Vs) = 8100
[20191114_102752 / lib_ip.py:4208] blue : variance --> out of range (variance = 1429.070 / upper = 0.930 / lower = 0.010)
[20191114_102753 / lib_ip.py:3753] file = img.20191114_102751.2019-11-14_01-39-07_000.png.1.png / val_Average = 80.1814	val_Variance = 1429.0702	sd = 37.8030	max = 150	min = 0
[20191114_102753 / lib_ip.py:4275] len(Hs) = 8100, len(Ss) = 8100, len(Vs) = 8100
[20191114_102753 / lib_ip.py:4314] pink : variance --> out of range (variance = 1429.070 / upper = 0.750 / lower = 0.030)
[20191114_102753 / lib_ip.py:3753] file = img.20191114_102751.2019-11-14_01-39-07_000.png.1.png / val_Average = 80.1814	val_Variance = 1429.0702	sd = 37.8030	max = 150	min = 0
[20191114_102753 / lib_ip.py:4378] len(Hs) = 8100, len(Ss) = 8100, len(Vs) = 8100
[20191114_102753 / lib_ip.py:4422] black : variance --> out of range (variance = 1429.070 / upper = 0.000 / lower = 0.000)
[20191114_102753 / lib_ip.py:4593] file : img.20191114_102751.2019-11-14_01-39-07_000.png.1.png 0 (black : variance --> out of range (variance = 1429.070 / upper = 0.000 / lower = 0.000))
[20191114_102753 / lib_ip.py:2274] inspecting ===> img.20191114_102751.2019-11-14_01-39-07_000.png.2.png
[20191114_102753 / lib_ip.py:4505] 
img.20191114_102751.2019-11-14_01-39-07_000.png.2.png 1 ---------------------
[20191114_102753 / lib_ip.py:3753] file = img.20191114_102751.2019-11-14_01-39-07_000.png.2.png / val_Average = 40.7807	val_Variance = 5509.8095	sd = 74.2281	max = 179	min = 0
[20191114_102753 / lib_ip.py:3836] len(Hs) = 8100, len(Ss) = 8100, len(Vs) = 8100
[20191114_102753 / lib_ip.py:3869] yellow : variance --> out of range (variance = 5509.809 / upper = 0.650 / lower = 0.000)
[20191114_102753 / lib_ip.py:3753] file = img.20191114_102751.2019-11-14_01-39-07_000.png.2.png / val_Average = 40.7807	val_Variance = 5509.8095	sd = 74.2281	max = 179	min = 0
[20191114_102753 / lib_ip.py:3936] len(Hs) = 8100, len(Ss) = 8100, len(Vs) = 8100
[20191114_102753 / lib_ip.py:3982] red : variance --> out of range (variance = 5509.809 / upper = 0.430 / lower = 0.000)
[20191114_102753 / lib_ip.py:3753] file = img.20191114_102751.2019-11-14_01-39-07_000.png.2.png / val_Average = 40.7807	val_Variance = 5509.8095	sd = 74.2281	max = 179	min = 0
[20191114_102754 / lib_ip.py:4052] len(Hs) = 8100, len(Ss) = 8100, len(Vs) = 8100
[20191114_102754 / lib_ip.py:4099] green : variance --> out of range (variance = 5509.809 / upper = 0.760 / lower = 0.000)
[20191114_102754 / lib_ip.py:3753] file = img.20191114_102751.2019-11-14_01-39-07_000.png.2.png / val_Average = 40.7807	val_Variance = 5509.8095	sd = 74.2281	max = 179	min = 0
[20191114_102754 / lib_ip.py:4169] len(Hs) = 8100, len(Ss) = 8100, len(Vs) = 8100
[20191114_102754 / lib_ip.py:4208] blue : variance --> out of range (variance = 5509.809 / upper = 0.930 / lower = 0.010)
[20191114_102754 / lib_ip.py:3753] file = img.20191114_102751.2019-11-14_01-39-07_000.png.2.png / val_Average = 40.7807	val_Variance = 5509.8095	sd = 74.2281	max = 179	min = 0
[20191114_102754 / lib_ip.py:4275] len(Hs) = 8100, len(Ss) = 8100, len(Vs) = 8100
[20191114_102754 / lib_ip.py:4314] pink : variance --> out of range (variance = 5509.809 / upper = 0.750 / lower = 0.030)
[20191114_102754 / lib_ip.py:3753] file = img.20191114_102751.2019-11-14_01-39-07_000.png.2.png / val_Average = 40.7807	val_Variance = 5509.8095	sd = 74.2281	max = 179	min = 0
[20191114_102754 / lib_ip.py:4378] len(Hs) = 8100, len(Ss) = 8100, len(Vs) = 8100
[20191114_102754 / lib_ip.py:4422] black : variance --> out of range (variance = 5509.809 / upper = 0.000 / lower = 0.000)
[20191114_102754 / lib_ip.py:4593] file : img.20191114_102751.2019-11-14_01-39-07_000.png.2.png 1 (black : variance --> out of range (variance = 5509.809 / upper = 0.000 / lower = 0.000))
[20191114_102754 / lib_ip.py:2274] inspecting ===> img.20191114_102751.2019-11-14_01-39-07_000.png.3.png
[20191114_102755 / lib_ip.py:4505] 
img.20191114_102751.2019-11-14_01-39-07_000.png.3.png 2 ---------------------
[20191114_102755 / lib_ip.py:3753] file = img.20191114_102751.2019-11-14_01-39-07_000.png.3.png / val_Average = 102.1536	val_Variance = 603.4253	sd = 24.5647	max = 178	min = 0
[20191114_102755 / lib_ip.py:3836] len(Hs) = 8100, len(Ss) = 8100, len(Vs) = 8100
[20191114_102755 / lib_ip.py:3869] yellow : variance --> out of range (variance = 603.425 / upper = 0.650 / lower = 0.000)
[20191114_102755 / lib_ip.py:3753] file = img.20191114_102751.2019-11-14_01-39-07_000.png.3.png / val_Average = 102.1536	val_Variance = 603.4253	sd = 24.5647	max = 178	min = 0
[20191114_102755 / lib_ip.py:3936] len(Hs) = 8100, len(Ss) = 8100, len(Vs) = 8100
[20191114_102755 / lib_ip.py:3982] red : variance --> out of range (variance = 603.425 / upper = 0.430 / lower = 0.000)
[20191114_102755 / lib_ip.py:3753] file = img.20191114_102751.2019-11-14_01-39-07_000.png.3.png / val_Average = 102.1536	val_Variance = 603.4253	sd = 24.5647	max = 178	min = 0
[20191114_102755 / lib_ip.py:4052] len(Hs) = 8100, len(Ss) = 8100, len(Vs) = 8100
[20191114_102755 / lib_ip.py:4099] green : variance --> out of range (variance = 603.425 / upper = 0.760 / lower = 0.000)
[20191114_102755 / lib_ip.py:3753] file = img.20191114_102751.2019-11-14_01-39-07_000.png.3.png / val_Average = 102.1536	val_Variance = 603.4253	sd = 24.5647	max = 178	min = 0
[20191114_102755 / lib_ip.py:4169] len(Hs) = 8100, len(Ss) = 8100, len(Vs) = 8100
[20191114_102755 / lib_ip.py:4208] blue : variance --> out of range (variance = 603.425 / upper = 0.930 / lower = 0.010)
[20191114_102755 / lib_ip.py:3753] file = img.20191114_102751.2019-11-14_01-39-07_000.png.3.png / val_Average = 102.1536	val_Variance = 603.4253	sd = 24.5647	max = 178	min = 0
[20191114_102755 / lib_ip.py:4275] len(Hs) = 8100, len(Ss) = 8100, len(Vs) = 8100
[20191114_102755 / lib_ip.py:4314] pink : variance --> out of range (variance = 603.425 / upper = 0.750 / lower = 0.030)
[20191114_102755 / lib_ip.py:3753] file = img.20191114_102751.2019-11-14_01-39-07_000.png.3.png / val_Average = 102.1536	val_Variance = 603.4253	sd = 24.5647	max = 178	min = 0
[20191114_102755 / lib_ip.py:4378] len(Hs) = 8100, len(Ss) = 8100, len(Vs) = 8100
[20191114_102755 / lib_ip.py:4422] black : variance --> out of range (variance = 603.425 / upper = 0.000 / lower = 0.000)
[20191114_102755 / lib_ip.py:4593] file : img.20191114_102751.2019-11-14_01-39-07_000.png.3.png 2 (black : variance --> out of range (variance = 603.425 / upper = 0.000 / lower = 0.000))
[20191114_102756 / lib_ip.py:2274] inspecting ===> img.20191114_102751.2019-11-14_01-39-07_000.png.4.png
[20191114_102756 / lib_ip.py:4505] 
img.20191114_102751.2019-11-14_01-39-07_000.png.4.png 3 ---------------------
[20191114_102756 / lib_ip.py:3753] file = img.20191114_102751.2019-11-14_01-39-07_000.png.4.png / val_Average = 65.3253	val_Variance = 6234.5689	sd = 78.9593	max = 178	min = 0
[20191114_102756 / lib_ip.py:3836] len(Hs) = 8100, len(Ss) = 8100, len(Vs) = 8100
[20191114_102756 / lib_ip.py:3869] yellow : variance --> out of range (variance = 6234.569 / upper = 0.650 / lower = 0.000)
[20191114_102756 / lib_ip.py:3753] file = img.20191114_102751.2019-11-14_01-39-07_000.png.4.png / val_Average = 65.3253	val_Variance = 6234.5689	sd = 78.9593	max = 178	min = 0
[20191114_102756 / lib_ip.py:3936] len(Hs) = 8100, len(Ss) = 8100, len(Vs) = 8100
[20191114_102756 / lib_ip.py:3982] red : variance --> out of range (variance = 6234.569 / upper = 0.430 / lower = 0.000)
[20191114_102756 / lib_ip.py:3753] file = img.20191114_102751.2019-11-14_01-39-07_000.png.4.png / val_Average = 65.3253	val_Variance = 6234.5689	sd = 78.9593	max = 178	min = 0
[20191114_102756 / lib_ip.py:4052] len(Hs) = 8100, len(Ss) = 8100, len(Vs) = 8100
[20191114_102757 / lib_ip.py:4099] green : variance --> out of range (variance = 6234.569 / upper = 0.760 / lower = 0.000)
[20191114_102757 / lib_ip.py:3753] file = img.20191114_102751.2019-11-14_01-39-07_000.png.4.png / val_Average = 65.3253	val_Variance = 6234.5689	sd = 78.9593	max = 178	min = 0
[20191114_102757 / lib_ip.py:4169] len(Hs) = 8100, len(Ss) = 8100, len(Vs) = 8100
[20191114_102757 / lib_ip.py:4208] blue : variance --> out of range (variance = 6234.569 / upper = 0.930 / lower = 0.010)
[20191114_102757 / lib_ip.py:3753] file = img.20191114_102751.2019-11-14_01-39-07_000.png.4.png / val_Average = 65.3253	val_Variance = 6234.5689	sd = 78.9593	max = 178	min = 0
[20191114_102757 / lib_ip.py:4275] len(Hs) = 8100, len(Ss) = 8100, len(Vs) = 8100
[20191114_102757 / lib_ip.py:4314] pink : variance --> out of range (variance = 6234.569 / upper = 0.750 / lower = 0.030)
[20191114_102757 / lib_ip.py:3753] file = img.20191114_102751.2019-11-14_01-39-07_000.png.4.png / val_Average = 65.3253	val_Variance = 6234.5689	sd = 78.9593	max = 178	min = 0
[20191114_102757 / lib_ip.py:4378] len(Hs) = 8100, len(Ss) = 8100, len(Vs) = 8100
[20191114_102757 / lib_ip.py:4422] black : variance --> out of range (variance = 6234.569 / upper = 0.000 / lower = 0.000)
[20191114_102757 / lib_ip.py:4593] file : img.20191114_102751.2019-11-14_01-39-07_000.png.4.png 3 (black : variance --> out of range (variance = 6234.569 / upper = 0.000 / lower = 0.000))
[20191114_102756 / lib_ip.py:2274] inspecting ===> img.20191114_102751.2019-11-14_01-39-07_000.png.4.png
img.20191114_102751.2019-11-14_01-39-07_000.png.1.png => other
img.20191114_102751.2019-11-14_01-39-07_000.png.2.png => other
img.20191114_102751.2019-11-14_01-39-07_000.png.3.png => other
img.20191114_102751.2019-11-14_01-39-07_000.png.4.png => other
[20191114_102757 lib_ip.py:3301] =============== Get 4 corners
dpath_Images = C:\WORKS_2\WS\WS_Others.Art\JVEMV6\46_art\VIRTUAL\Admin_Projects\ip\images
fname_Image = img.20191114_102751.2019-11-14_01-39-07_000.png.4.png

[20191114_102758 / lib_ip.py:2274] inspecting ===> img.20191114_102757.2019-11-14_09-05-37_000.jpg.1.png
[20191114_102758 / lib_ip.py:4505] 
img.20191114_102757.2019-11-14_09-05-37_000.jpg.1.png 0 ---------------------
[20191114_102758 / lib_ip.py:3753] file = img.20191114_102757.2019-11-14_09-05-37_000.jpg.1.png / val_Average = 89.1543	val_Variance = 435.3233	sd = 20.8644	max = 114	min = 10
[20191114_102758 / lib_ip.py:3836] len(Hs) = 8100, len(Ss) = 8100, len(Vs) = 8100
[20191114_102758 / lib_ip.py:3869] yellow : variance --> out of range (variance = 435.323 / upper = 0.650 / lower = 0.000)
[20191114_102758 / lib_ip.py:3753] file = img.20191114_102757.2019-11-14_09-05-37_000.jpg.1.png / val_Average = 89.1543	val_Variance = 435.3233	sd = 20.8644	max = 114	min = 10
[20191114_102758 / lib_ip.py:3936] len(Hs) = 8100, len(Ss) = 8100, len(Vs) = 8100
[20191114_102758 / lib_ip.py:3982] red : variance --> out of range (variance = 435.323 / upper = 0.430 / lower = 0.000)
[20191114_102758 / lib_ip.py:3753] file = img.20191114_102757.2019-11-14_09-05-37_000.jpg.1.png / val_Average = 89.1543	val_Variance = 435.3233	sd = 20.8644	max = 114	min = 10
[20191114_102758 / lib_ip.py:4052] len(Hs) = 8100, len(Ss) = 8100, len(Vs) = 8100
[20191114_102758 / lib_ip.py:4099] green : variance --> out of range (variance = 435.323 / upper = 0.760 / lower = 0.000)
[20191114_102758 / lib_ip.py:3753] file = img.20191114_102757.2019-11-14_09-05-37_000.jpg.1.png / val_Average = 89.1543	val_Variance = 435.3233	sd = 20.8644	max = 114	min = 10
[20191114_102758 / lib_ip.py:4169] len(Hs) = 8100, len(Ss) = 8100, len(Vs) = 8100
[20191114_102759 / lib_ip.py:4208] blue : variance --> out of range (variance = 435.323 / upper = 0.930 / lower = 0.010)
[20191114_102759 / lib_ip.py:3753] file = img.20191114_102757.2019-11-14_09-05-37_000.jpg.1.png / val_Average = 89.1543	val_Variance = 435.3233	sd = 20.8644	max = 114	min = 10
[20191114_102759 / lib_ip.py:4275] len(Hs) = 8100, len(Ss) = 8100, len(Vs) = 8100
[20191114_102759 / lib_ip.py:4314] pink : variance --> out of range (variance = 435.323 / upper = 0.750 / lower = 0.030)
[20191114_102759 / lib_ip.py:3753] file = img.20191114_102757.2019-11-14_09-05-37_000.jpg.1.png / val_Average = 89.1543	val_Variance = 435.3233	sd = 20.8644	max = 114	min = 10
[20191114_102759 / lib_ip.py:4378] len(Hs) = 8100, len(Ss) = 8100, len(Vs) = 8100
[20191114_102759 / lib_ip.py:4422] black : variance --> out of range (variance = 435.323 / upper = 0.000 / lower = 0.000)
[20191114_102759 / lib_ip.py:4593] file : img.20191114_102757.2019-11-14_09-05-37_000.jpg.1.png 0 (black : variance --> out of range (variance = 435.323 / upper = 0.000 / lower = 0.000))
[20191114_102759 / lib_ip.py:2274] inspecting ===> img.20191114_102757.2019-11-14_09-05-37_000.jpg.2.png
[20191114_102759 / lib_ip.py:4505] 
img.20191114_102757.2019-11-14_09-05-37_000.jpg.2.png 1 ---------------------
[20191114_102759 / lib_ip.py:3753] file = img.20191114_102757.2019-11-14_09-05-37_000.jpg.2.png / val_Average = 85.9890	val_Variance = 2443.6941	sd = 49.4337	max = 174	min = 0
[20191114_102759 / lib_ip.py:3836] len(Hs) = 8100, len(Ss) = 8100, len(Vs) = 8100
[20191114_102800 / lib_ip.py:3869] yellow : variance --> out of range (variance = 2443.694 / upper = 0.650 / lower = 0.000)
[20191114_102800 / lib_ip.py:3753] file = img.20191114_102757.2019-11-14_09-05-37_000.jpg.2.png / val_Average = 85.9890	val_Variance = 2443.6941	sd = 49.4337	max = 174	min = 0
[20191114_102800 / lib_ip.py:3936] len(Hs) = 8100, len(Ss) = 8100, len(Vs) = 8100
[20191114_102800 / lib_ip.py:3982] red : variance --> out of range (variance = 2443.694 / upper = 0.430 / lower = 0.000)
[20191114_102800 / lib_ip.py:3753] file = img.20191114_102757.2019-11-14_09-05-37_000.jpg.2.png / val_Average = 85.9890	val_Variance = 2443.6941	sd = 49.4337	max = 174	min = 0
[20191114_102800 / lib_ip.py:4052] len(Hs) = 8100, len(Ss) = 8100, len(Vs) = 8100
[20191114_102800 / lib_ip.py:4099] green : variance --> out of range (variance = 2443.694 / upper = 0.760 / lower = 0.000)
[20191114_102800 / lib_ip.py:3753] file = img.20191114_102757.2019-11-14_09-05-37_000.jpg.2.png / val_Average = 85.9890	val_Variance = 2443.6941	sd = 49.4337	max = 174	min = 0
[20191114_102800 / lib_ip.py:4169] len(Hs) = 8100, len(Ss) = 8100, len(Vs) = 8100
[20191114_102800 / lib_ip.py:4208] blue : variance --> out of range (variance = 2443.694 / upper = 0.930 / lower = 0.010)
[20191114_102800 / lib_ip.py:3753] file = img.20191114_102757.2019-11-14_09-05-37_000.jpg.2.png / val_Average = 85.9890	val_Variance = 2443.6941	sd = 49.4337	max = 174	min = 0
[20191114_102800 / lib_ip.py:4275] len(Hs) = 8100, len(Ss) = 8100, len(Vs) = 8100
[20191114_102800 / lib_ip.py:4314] pink : variance --> out of range (variance = 2443.694 / upper = 0.750 / lower = 0.030)
[20191114_102800 / lib_ip.py:3753] file = img.20191114_102757.2019-11-14_09-05-37_000.jpg.2.png / val_Average = 85.9890	val_Variance = 2443.6941	sd = 49.4337	max = 174	min = 0
[20191114_102800 / lib_ip.py:4378] len(Hs) = 8100, len(Ss) = 8100, len(Vs) = 8100
[20191114_102800 / lib_ip.py:4422] black : variance --> out of range (variance = 2443.694 / upper = 0.000 / lower = 0.000)
[20191114_102800 / lib_ip.py:4593] file : img.20191114_102757.2019-11-14_09-05-37_000.jpg.2.png 1 (black : variance --> out of range (variance = 2443.694 / upper = 0.000 / lower = 0.000))
[20191114_102800 / lib_ip.py:2274] inspecting ===> img.20191114_102757.2019-11-14_09-05-37_000.jpg.3.png
[20191114_102801 / lib_ip.py:4505] 
img.20191114_102757.2019-11-14_09-05-37_000.jpg.3.png 2 ---------------------
[20191114_102801 / lib_ip.py:3753] file = img.20191114_102757.2019-11-14_09-05-37_000.jpg.3.png / val_Average = 101.5517	val_Variance = 0.5360	sd = 0.7321	max = 104	min = 98
[20191114_102801 / lib_ip.py:3836] len(Hs) = 8100, len(Ss) = 8100, len(Vs) = 8100
[20191114_102801 / lib_ip.py:3891] yellow : average --> out of range (average = 101.552 / upper = 99.200 / lower = 85.500)
[20191114_102801 / lib_ip.py:3753] file = img.20191114_102757.2019-11-14_09-05-37_000.jpg.3.png / val_Average = 101.5517	val_Variance = 0.5360	sd = 0.7321	max = 104	min = 98
[20191114_102801 / lib_ip.py:3936] len(Hs) = 8100, len(Ss) = 8100, len(Vs) = 8100
[20191114_102801 / lib_ip.py:3982] red : variance --> out of range (variance = 0.536 / upper = 0.430 / lower = 0.000)
[20191114_102801 / lib_ip.py:3753] file = img.20191114_102757.2019-11-14_09-05-37_000.jpg.3.png / val_Average = 101.5517	val_Variance = 0.5360	sd = 0.7321	max = 104	min = 98
[20191114_102801 / lib_ip.py:4052] len(Hs) = 8100, len(Ss) = 8100, len(Vs) = 8100
[20191114_102801 / lib_ip.py:4124] green : average --> out of range (average = 101.552 / upper = 85.000 / lower = 58.000)
[20191114_102801 / lib_ip.py:3753] file = img.20191114_102757.2019-11-14_09-05-37_000.jpg.3.png / val_Average = 101.5517	val_Variance = 0.5360	sd = 0.7321	max = 104	min = 98
[20191114_102801 / lib_ip.py:4169] len(Hs) = 8100, len(Ss) = 8100, len(Vs) = 8100
[20191114_102802 / lib_ip.py:4230] blue : average --> out of range (average = 101.552 / upper = 17.000 / lower = 8.850)
[20191114_102802 / lib_ip.py:3753] file = img.20191114_102757.2019-11-14_09-05-37_000.jpg.3.png / val_Average = 101.5517	val_Variance = 0.5360	sd = 0.7321	max = 104	min = 98
[20191114_102802 / lib_ip.py:4275] len(Hs) = 8100, len(Ss) = 8100, len(Vs) = 8100
[20191114_102802 / lib_ip.py:4336] pink : average --> out of range (average = 101.552 / upper = 141.000 / lower = 127.900)
[20191114_102802 / lib_ip.py:3753] file = img.20191114_102757.2019-11-14_09-05-37_000.jpg.3.png / val_Average = 101.5517	val_Variance = 0.5360	sd = 0.7321	max = 104	min = 98
[20191114_102802 / lib_ip.py:4378] len(Hs) = 8100, len(Ss) = 8100, len(Vs) = 8100
[20191114_102802 / lib_ip.py:4422] black : variance --> out of range (variance = 0.536 / upper = 0.000 / lower = 0.000)
[20191114_102802 / lib_ip.py:4593] file : img.20191114_102757.2019-11-14_09-05-37_000.jpg.3.png 2 (black : variance --> out of range (variance = 0.536 / upper = 0.000 / lower = 0.000))
[20191114_102802 / lib_ip.py:2274] inspecting ===> img.20191114_102757.2019-11-14_09-05-37_000.jpg.4.png
[20191114_102802 / lib_ip.py:4505] 
img.20191114_102757.2019-11-14_09-05-37_000.jpg.4.png 3 ---------------------
[20191114_102802 / lib_ip.py:3753] file = img.20191114_102757.2019-11-14_09-05-37_000.jpg.4.png / val_Average = 101.0042	val_Variance = 0.4696	sd = 0.6853	max = 103	min = 99
[20191114_102802 / lib_ip.py:3836] len(Hs) = 8100, len(Ss) = 8100, len(Vs) = 8100
[20191114_102802 / lib_ip.py:3891] yellow : average --> out of range (average = 101.004 / upper = 99.200 / lower = 85.500)
[20191114_102803 / lib_ip.py:3753] file = img.20191114_102757.2019-11-14_09-05-37_000.jpg.4.png / val_Average = 101.0042	val_Variance = 0.4696	sd = 0.6853	max = 103	min = 99
[20191114_102803 / lib_ip.py:3936] len(Hs) = 8100, len(Ss) = 8100, len(Vs) = 8100
[20191114_102803 / lib_ip.py:3982] red : variance --> out of range (variance = 0.470 / upper = 0.430 / lower = 0.000)
[20191114_102803 / lib_ip.py:3753] file = img.20191114_102757.2019-11-14_09-05-37_000.jpg.4.png / val_Average = 101.0042	val_Variance = 0.4696	sd = 0.6853	max = 103	min = 99
[20191114_102803 / lib_ip.py:4052] len(Hs) = 8100, len(Ss) = 8100, len(Vs) = 8100
[20191114_102803 / lib_ip.py:4124] green : average --> out of range (average = 101.004 / upper = 85.000 / lower = 58.000)
[20191114_102803 / lib_ip.py:3753] file = img.20191114_102757.2019-11-14_09-05-37_000.jpg.4.png / val_Average = 101.0042	val_Variance = 0.4696	sd = 0.6853	max = 103	min = 99
[20191114_102803 / lib_ip.py:4169] len(Hs) = 8100, len(Ss) = 8100, len(Vs) = 8100
[20191114_102803 / lib_ip.py:4230] blue : average --> out of range (average = 101.004 / upper = 17.000 / lower = 8.850)
[20191114_102803 / lib_ip.py:3753] file = img.20191114_102757.2019-11-14_09-05-37_000.jpg.4.png / val_Average = 101.0042	val_Variance = 0.4696	sd = 0.6853	max = 103	min = 99
[20191114_102803 / lib_ip.py:4275] len(Hs) = 8100, len(Ss) = 8100, len(Vs) = 8100
[20191114_102803 / lib_ip.py:4336] pink : average --> out of range (average = 101.004 / upper = 141.000 / lower = 127.900)
[20191114_102803 / lib_ip.py:3753] file = img.20191114_102757.2019-11-14_09-05-37_000.jpg.4.png / val_Average = 101.0042	val_Variance = 0.4696	sd = 0.6853	max = 103	min = 99
[20191114_102803 / lib_ip.py:4378] len(Hs) = 8100, len(Ss) = 8100, len(Vs) = 8100
[20191114_102803 / lib_ip.py:4422] black : variance --> out of range (variance = 0.470 / upper = 0.000 / lower = 0.000)
[20191114_102803 / lib_ip.py:4593] file : img.20191114_102757.2019-11-14_09-05-37_000.jpg.4.png 3 (black : variance --> out of range (variance = 0.470 / upper = 0.000 / lower = 0.000))
[20191114_102802 / lib_ip.py:2274] inspecting ===> img.20191114_102757.2019-11-14_09-05-37_000.jpg.4.png
img.20191114_102757.2019-11-14_09-05-37_000.jpg.1.png => other
img.20191114_102757.2019-11-14_09-05-37_000.jpg.2.png => other
img.20191114_102757.2019-11-14_09-05-37_000.jpg.3.png => other
img.20191114_102757.2019-11-14_09-05-37_000.jpg.4.png => other
[20191114_102803 lib_ip.py:3301] =============== Get 4 corners
dpath_Images = C:\WORKS_2\WS\WS_Others.Art\JVEMV6\46_art\VIRTUAL\Admin_Projects\ip\images
fname_Image = img.20191114_102757.2019-11-14_09-05-37_000.jpg.4.png

[20191114_102803 / views.py:1411] gen csv => complete (20191114_102803)(elapsed = 41.246 sec / 6 files / 6.874 sec per file)
1)	2019-11-13_09-53-48_000.jpg => 	green other green other 
2)	2019-11-13_11-42-11_000.jpg => 	other other yellow other 
3)	2019-11-13_15-38-14_000.jpg => 	other blue other other 
4)	2019-11-13_18-43-40_000.jpg => 	other other other red 
5)	2019-11-14_01-39-07_000.png => 	other other other other 
6)	2019-11-14_09-05-37_000.jpg => 	other other other other 
[20191114_102803 / views.py:1753] lo_ColorName_Set__Modified_2 =>
1)	2019-11-13_09-53-48_000.jpg => 	g g o o 
2)	2019-11-13_11-42-11_000.jpg => 	o o o y 
3)	2019-11-13_15-38-14_000.jpg => 	b o o o 
4)	2019-11-13_18-43-40_000.jpg => 	o o o r 
5)	2019-11-14_01-39-07_000.png => 	o o o o 
6)	2019-11-14_09-05-37_000.jpg => 	o o o o 
[20191114_102805 / lib_ip.py:4789] no key 'GPSInfo' for file : C:\WORKS_2\WS\WS_Others.Art\JVEMV6\46_art\VIRTUAL\Admin_Projects\ip\images\2019-11-14_01-39-07_000.png
[20191114_102805 / views.py:1839] gen_Cake_CSV(request) ==> ending... =======================//

