[20190817_112117 / views.py:1822] gen_Cake_CSV(request) ==> starting... =======================
[20190817_112119 / lib_ip.py:2274] inspecting ===> img.20190817_112119.2019-08-16_09-41-21_000.jpg.1.png
[20190817_112119 / lib_ip.py:4505] 
img.20190817_112119.2019-08-16_09-41-21_000.jpg.1.png 0 ---------------------
[20190817_112120 / lib_ip.py:3753] file = img.20190817_112119.2019-08-16_09-41-21_000.jpg.1.png / val_Average = 69.8773	val_Variance = 0.2970	sd = 0.5450	max = 71	min = 68
[20190817_112120 / lib_ip.py:3836] len(Hs) = 8100, len(Ss) = 8100, len(Vs) = 8100
[20190817_112120 / lib_ip.py:3891] yellow : average --> out of range (average = 69.877 / upper = 99.200 / lower = 85.500)
[20190817_112120 / lib_ip.py:3753] file = img.20190817_112119.2019-08-16_09-41-21_000.jpg.1.png / val_Average = 69.8773	val_Variance = 0.2970	sd = 0.5450	max = 71	min = 68
[20190817_112120 / lib_ip.py:3936] len(Hs) = 8100, len(Ss) = 8100, len(Vs) = 8100
[20190817_112120 / lib_ip.py:4007] red : average --> out of range (average = 69.877 / upper = 124.600 / lower = 115.000)
[20190817_112120 / lib_ip.py:3753] file = img.20190817_112119.2019-08-16_09-41-21_000.jpg.1.png / val_Average = 69.8773	val_Variance = 0.2970	sd = 0.5450	max = 71	min = 68
[20190817_112120 / lib_ip.py:4052] len(Hs) = 8100, len(Ss) = 8100, len(Vs) = 8100
[20190817_112120 / lib_ip.py:2274] inspecting ===> img.20190817_112119.2019-08-16_09-41-21_000.jpg.2.png
[20190817_112120 / lib_ip.py:4505] 
img.20190817_112119.2019-08-16_09-41-21_000.jpg.2.png 1 ---------------------
[20190817_112121 / lib_ip.py:3753] file = img.20190817_112119.2019-08-16_09-41-21_000.jpg.2.png / val_Average = 125.5746	val_Variance = 88.0454	sd = 9.3833	max = 145	min = 111
[20190817_112121 / lib_ip.py:3836] len(Hs) = 8100, len(Ss) = 8100, len(Vs) = 8100
[20190817_112121 / lib_ip.py:3869] yellow : variance --> out of range (variance = 88.045 / upper = 0.650 / lower = 0.000)
[20190817_112121 / lib_ip.py:3753] file = img.20190817_112119.2019-08-16_09-41-21_000.jpg.2.png / val_Average = 125.5746	val_Variance = 88.0454	sd = 9.3833	max = 145	min = 111
[20190817_112121 / lib_ip.py:3936] len(Hs) = 8100, len(Ss) = 8100, len(Vs) = 8100
[20190817_112121 / lib_ip.py:3982] red : variance --> out of range (variance = 88.045 / upper = 0.430 / lower = 0.000)
[20190817_112121 / lib_ip.py:3753] file = img.20190817_112119.2019-08-16_09-41-21_000.jpg.2.png / val_Average = 125.5746	val_Variance = 88.0454	sd = 9.3833	max = 145	min = 111
[20190817_112121 / lib_ip.py:4052] len(Hs) = 8100, len(Ss) = 8100, len(Vs) = 8100
[20190817_112121 / lib_ip.py:4099] green : variance --> out of range (variance = 88.045 / upper = 0.760 / lower = 0.000)
[20190817_112121 / lib_ip.py:3753] file = img.20190817_112119.2019-08-16_09-41-21_000.jpg.2.png / val_Average = 125.5746	val_Variance = 88.0454	sd = 9.3833	max = 145	min = 111
[20190817_112121 / lib_ip.py:4169] len(Hs) = 8100, len(Ss) = 8100, len(Vs) = 8100
[20190817_112121 / lib_ip.py:4208] blue : variance --> out of range (variance = 88.045 / upper = 0.930 / lower = 0.010)
[20190817_112121 / lib_ip.py:3753] file = img.20190817_112119.2019-08-16_09-41-21_000.jpg.2.png / val_Average = 125.5746	val_Variance = 88.0454	sd = 9.3833	max = 145	min = 111
[20190817_112121 / lib_ip.py:4275] len(Hs) = 8100, len(Ss) = 8100, len(Vs) = 8100
[20190817_112121 / lib_ip.py:4314] pink : variance --> out of range (variance = 88.045 / upper = 0.750 / lower = 0.030)
[20190817_112121 / lib_ip.py:3753] file = img.20190817_112119.2019-08-16_09-41-21_000.jpg.2.png / val_Average = 125.5746	val_Variance = 88.0454	sd = 9.3833	max = 145	min = 111
[20190817_112121 / lib_ip.py:4378] len(Hs) = 8100, len(Ss) = 8100, len(Vs) = 8100
[20190817_112121 / lib_ip.py:4422] black : variance --> out of range (variance = 88.045 / upper = 0.000 / lower = 0.000)
[20190817_112122 / lib_ip.py:4593] file : img.20190817_112119.2019-08-16_09-41-21_000.jpg.2.png 1 (black : variance --> out of range (variance = 88.045 / upper = 0.000 / lower = 0.000))
[20190817_112122 / lib_ip.py:2274] inspecting ===> img.20190817_112119.2019-08-16_09-41-21_000.jpg.3.png
[20190817_112122 / lib_ip.py:4505] 
img.20190817_112119.2019-08-16_09-41-21_000.jpg.3.png 2 ---------------------
[20190817_112122 / lib_ip.py:3753] file = img.20190817_112119.2019-08-16_09-41-21_000.jpg.3.png / val_Average = 68.9105	val_Variance = 0.2037	sd = 0.4514	max = 70	min = 68
[20190817_112122 / lib_ip.py:3836] len(Hs) = 8100, len(Ss) = 8100, len(Vs) = 8100
[20190817_112122 / lib_ip.py:3891] yellow : average --> out of range (average = 68.910 / upper = 99.200 / lower = 85.500)
[20190817_112122 / lib_ip.py:3753] file = img.20190817_112119.2019-08-16_09-41-21_000.jpg.3.png / val_Average = 68.9105	val_Variance = 0.2037	sd = 0.4514	max = 70	min = 68
[20190817_112122 / lib_ip.py:3936] len(Hs) = 8100, len(Ss) = 8100, len(Vs) = 8100
[20190817_112122 / lib_ip.py:4007] red : average --> out of range (average = 68.910 / upper = 124.600 / lower = 115.000)
[20190817_112122 / lib_ip.py:3753] file = img.20190817_112119.2019-08-16_09-41-21_000.jpg.3.png / val_Average = 68.9105	val_Variance = 0.2037	sd = 0.4514	max = 70	min = 68
[20190817_112123 / lib_ip.py:4052] len(Hs) = 8100, len(Ss) = 8100, len(Vs) = 8100
[20190817_112123 / lib_ip.py:2274] inspecting ===> img.20190817_112119.2019-08-16_09-41-21_000.jpg.4.png
[20190817_112123 / lib_ip.py:4505] 
img.20190817_112119.2019-08-16_09-41-21_000.jpg.4.png 3 ---------------------
[20190817_112123 / lib_ip.py:3753] file = img.20190817_112119.2019-08-16_09-41-21_000.jpg.4.png / val_Average = 15.7037	val_Variance = 858.0892	sd = 29.2932	max = 175	min = 0
[20190817_112123 / lib_ip.py:3836] len(Hs) = 8100, len(Ss) = 8100, len(Vs) = 8100
[20190817_112123 / lib_ip.py:3869] yellow : variance --> out of range (variance = 858.089 / upper = 0.650 / lower = 0.000)
[20190817_112123 / lib_ip.py:3753] file = img.20190817_112119.2019-08-16_09-41-21_000.jpg.4.png / val_Average = 15.7037	val_Variance = 858.0892	sd = 29.2932	max = 175	min = 0
[20190817_112123 / lib_ip.py:3936] len(Hs) = 8100, len(Ss) = 8100, len(Vs) = 8100
[20190817_112123 / lib_ip.py:3982] red : variance --> out of range (variance = 858.089 / upper = 0.430 / lower = 0.000)
[20190817_112123 / lib_ip.py:3753] file = img.20190817_112119.2019-08-16_09-41-21_000.jpg.4.png / val_Average = 15.7037	val_Variance = 858.0892	sd = 29.2932	max = 175	min = 0
[20190817_112123 / lib_ip.py:4052] len(Hs) = 8100, len(Ss) = 8100, len(Vs) = 8100
[20190817_112123 / lib_ip.py:4099] green : variance --> out of range (variance = 858.089 / upper = 0.760 / lower = 0.000)
[20190817_112124 / lib_ip.py:3753] file = img.20190817_112119.2019-08-16_09-41-21_000.jpg.4.png / val_Average = 15.7037	val_Variance = 858.0892	sd = 29.2932	max = 175	min = 0
[20190817_112124 / lib_ip.py:4169] len(Hs) = 8100, len(Ss) = 8100, len(Vs) = 8100
[20190817_112124 / lib_ip.py:4208] blue : variance --> out of range (variance = 858.089 / upper = 0.930 / lower = 0.010)
[20190817_112124 / lib_ip.py:3753] file = img.20190817_112119.2019-08-16_09-41-21_000.jpg.4.png / val_Average = 15.7037	val_Variance = 858.0892	sd = 29.2932	max = 175	min = 0
[20190817_112124 / lib_ip.py:4275] len(Hs) = 8100, len(Ss) = 8100, len(Vs) = 8100
[20190817_112124 / lib_ip.py:4314] pink : variance --> out of range (variance = 858.089 / upper = 0.750 / lower = 0.030)
[20190817_112124 / lib_ip.py:3753] file = img.20190817_112119.2019-08-16_09-41-21_000.jpg.4.png / val_Average = 15.7037	val_Variance = 858.0892	sd = 29.2932	max = 175	min = 0
[20190817_112124 / lib_ip.py:4378] len(Hs) = 8100, len(Ss) = 8100, len(Vs) = 8100
[20190817_112124 / lib_ip.py:4422] black : variance --> out of range (variance = 858.089 / upper = 0.000 / lower = 0.000)
[20190817_112124 / lib_ip.py:4593] file : img.20190817_112119.2019-08-16_09-41-21_000.jpg.4.png 3 (black : variance --> out of range (variance = 858.089 / upper = 0.000 / lower = 0.000))
[20190817_112123 / lib_ip.py:2274] inspecting ===> img.20190817_112119.2019-08-16_09-41-21_000.jpg.4.png
img.20190817_112119.2019-08-16_09-41-21_000.jpg.1.png => other
img.20190817_112119.2019-08-16_09-41-21_000.jpg.2.png => other
img.20190817_112119.2019-08-16_09-41-21_000.jpg.3.png => other
img.20190817_112119.2019-08-16_09-41-21_000.jpg.4.png => other
[20190817_112124 lib_ip.py:3301] =============== Get 4 corners
dpath_Images = C:\WORKS_2\WS\WS_Others.Art\JVEMV6\46_art\VIRTUAL\Admin_Projects\ip\images
fname_Image = img.20190817_112119.2019-08-16_09-41-21_000.jpg.4.png

[20190817_112126 / lib_ip.py:2274] inspecting ===> img.20190817_112125.2019-08-16_10-44-59_000.jpg.1.png
[20190817_112126 / lib_ip.py:4505] 
img.20190817_112125.2019-08-16_10-44-59_000.jpg.1.png 0 ---------------------
[20190817_112126 / lib_ip.py:3753] file = img.20190817_112125.2019-08-16_10-44-59_000.jpg.1.png / val_Average = 108.0479	val_Variance = 3.6910	sd = 1.9212	max = 118	min = 104
[20190817_112126 / lib_ip.py:3836] len(Hs) = 8100, len(Ss) = 8100, len(Vs) = 8100
[20190817_112126 / lib_ip.py:3869] yellow : variance --> out of range (variance = 3.691 / upper = 0.650 / lower = 0.000)
[20190817_112126 / lib_ip.py:3753] file = img.20190817_112125.2019-08-16_10-44-59_000.jpg.1.png / val_Average = 108.0479	val_Variance = 3.6910	sd = 1.9212	max = 118	min = 104
[20190817_112126 / lib_ip.py:3936] len(Hs) = 8100, len(Ss) = 8100, len(Vs) = 8100
[20190817_112126 / lib_ip.py:3982] red : variance --> out of range (variance = 3.691 / upper = 0.430 / lower = 0.000)
[20190817_112127 / lib_ip.py:3753] file = img.20190817_112125.2019-08-16_10-44-59_000.jpg.1.png / val_Average = 108.0479	val_Variance = 3.6910	sd = 1.9212	max = 118	min = 104
[20190817_112127 / lib_ip.py:4052] len(Hs) = 8100, len(Ss) = 8100, len(Vs) = 8100
[20190817_112127 / lib_ip.py:4099] green : variance --> out of range (variance = 3.691 / upper = 0.760 / lower = 0.000)
[20190817_112127 / lib_ip.py:3753] file = img.20190817_112125.2019-08-16_10-44-59_000.jpg.1.png / val_Average = 108.0479	val_Variance = 3.6910	sd = 1.9212	max = 118	min = 104
[20190817_112127 / lib_ip.py:4169] len(Hs) = 8100, len(Ss) = 8100, len(Vs) = 8100
[20190817_112127 / lib_ip.py:4208] blue : variance --> out of range (variance = 3.691 / upper = 0.930 / lower = 0.010)
[20190817_112127 / lib_ip.py:3753] file = img.20190817_112125.2019-08-16_10-44-59_000.jpg.1.png / val_Average = 108.0479	val_Variance = 3.6910	sd = 1.9212	max = 118	min = 104
[20190817_112127 / lib_ip.py:4275] len(Hs) = 8100, len(Ss) = 8100, len(Vs) = 8100
[20190817_112127 / lib_ip.py:4314] pink : variance --> out of range (variance = 3.691 / upper = 0.750 / lower = 0.030)
[20190817_112127 / lib_ip.py:3753] file = img.20190817_112125.2019-08-16_10-44-59_000.jpg.1.png / val_Average = 108.0479	val_Variance = 3.6910	sd = 1.9212	max = 118	min = 104
[20190817_112127 / lib_ip.py:4378] len(Hs) = 8100, len(Ss) = 8100, len(Vs) = 8100
[20190817_112127 / lib_ip.py:4422] black : variance --> out of range (variance = 3.691 / upper = 0.000 / lower = 0.000)
[20190817_112127 / lib_ip.py:4593] file : img.20190817_112125.2019-08-16_10-44-59_000.jpg.1.png 0 (black : variance --> out of range (variance = 3.691 / upper = 0.000 / lower = 0.000))
[20190817_112127 / lib_ip.py:2274] inspecting ===> img.20190817_112125.2019-08-16_10-44-59_000.jpg.2.png
[20190817_112128 / lib_ip.py:4505] 
img.20190817_112125.2019-08-16_10-44-59_000.jpg.2.png 1 ---------------------
[20190817_112128 / lib_ip.py:3753] file = img.20190817_112125.2019-08-16_10-44-59_000.jpg.2.png / val_Average = 94.1102	val_Variance = 328.4571	sd = 18.1234	max = 135	min = 0
[20190817_112128 / lib_ip.py:3836] len(Hs) = 8100, len(Ss) = 8100, len(Vs) = 8100
[20190817_112128 / lib_ip.py:3869] yellow : variance --> out of range (variance = 328.457 / upper = 0.650 / lower = 0.000)
[20190817_112128 / lib_ip.py:3753] file = img.20190817_112125.2019-08-16_10-44-59_000.jpg.2.png / val_Average = 94.1102	val_Variance = 328.4571	sd = 18.1234	max = 135	min = 0
[20190817_112128 / lib_ip.py:3936] len(Hs) = 8100, len(Ss) = 8100, len(Vs) = 8100
[20190817_112128 / lib_ip.py:3982] red : variance --> out of range (variance = 328.457 / upper = 0.430 / lower = 0.000)
[20190817_112128 / lib_ip.py:3753] file = img.20190817_112125.2019-08-16_10-44-59_000.jpg.2.png / val_Average = 94.1102	val_Variance = 328.4571	sd = 18.1234	max = 135	min = 0
[20190817_112128 / lib_ip.py:4052] len(Hs) = 8100, len(Ss) = 8100, len(Vs) = 8100
[20190817_112128 / lib_ip.py:4099] green : variance --> out of range (variance = 328.457 / upper = 0.760 / lower = 0.000)
[20190817_112128 / lib_ip.py:3753] file = img.20190817_112125.2019-08-16_10-44-59_000.jpg.2.png / val_Average = 94.1102	val_Variance = 328.4571	sd = 18.1234	max = 135	min = 0
[20190817_112128 / lib_ip.py:4169] len(Hs) = 8100, len(Ss) = 8100, len(Vs) = 8100
[20190817_112129 / lib_ip.py:4208] blue : variance --> out of range (variance = 328.457 / upper = 0.930 / lower = 0.010)
[20190817_112129 / lib_ip.py:3753] file = img.20190817_112125.2019-08-16_10-44-59_000.jpg.2.png / val_Average = 94.1102	val_Variance = 328.4571	sd = 18.1234	max = 135	min = 0
[20190817_112129 / lib_ip.py:4275] len(Hs) = 8100, len(Ss) = 8100, len(Vs) = 8100
[20190817_112129 / lib_ip.py:4314] pink : variance --> out of range (variance = 328.457 / upper = 0.750 / lower = 0.030)
[20190817_112129 / lib_ip.py:3753] file = img.20190817_112125.2019-08-16_10-44-59_000.jpg.2.png / val_Average = 94.1102	val_Variance = 328.4571	sd = 18.1234	max = 135	min = 0
[20190817_112129 / lib_ip.py:4378] len(Hs) = 8100, len(Ss) = 8100, len(Vs) = 8100
[20190817_112129 / lib_ip.py:4422] black : variance --> out of range (variance = 328.457 / upper = 0.000 / lower = 0.000)
[20190817_112129 / lib_ip.py:4593] file : img.20190817_112125.2019-08-16_10-44-59_000.jpg.2.png 1 (black : variance --> out of range (variance = 328.457 / upper = 0.000 / lower = 0.000))
[20190817_112129 / lib_ip.py:2274] inspecting ===> img.20190817_112125.2019-08-16_10-44-59_000.jpg.3.png
[20190817_112129 / lib_ip.py:4505] 
img.20190817_112125.2019-08-16_10-44-59_000.jpg.3.png 2 ---------------------
[20190817_112129 / lib_ip.py:3753] file = img.20190817_112125.2019-08-16_10-44-59_000.jpg.3.png / val_Average = 92.8036	val_Variance = 0.1630	sd = 0.4038	max = 94	min = 92
[20190817_112129 / lib_ip.py:3836] len(Hs) = 8100, len(Ss) = 8100, len(Vs) = 8100
[20190817_112130 / lib_ip.py:2274] inspecting ===> img.20190817_112125.2019-08-16_10-44-59_000.jpg.4.png
[20190817_112130 / lib_ip.py:4505] 
img.20190817_112125.2019-08-16_10-44-59_000.jpg.4.png 3 ---------------------
[20190817_112130 / lib_ip.py:3753] file = img.20190817_112125.2019-08-16_10-44-59_000.jpg.4.png / val_Average = 99.2515	val_Variance = 215.7021	sd = 14.6868	max = 160	min = 0
[20190817_112130 / lib_ip.py:3836] len(Hs) = 8100, len(Ss) = 8100, len(Vs) = 8100
[20190817_112131 / lib_ip.py:3869] yellow : variance --> out of range (variance = 215.702 / upper = 0.650 / lower = 0.000)
[20190817_112131 / lib_ip.py:3753] file = img.20190817_112125.2019-08-16_10-44-59_000.jpg.4.png / val_Average = 99.2515	val_Variance = 215.7021	sd = 14.6868	max = 160	min = 0
[20190817_112131 / lib_ip.py:3936] len(Hs) = 8100, len(Ss) = 8100, len(Vs) = 8100
[20190817_112131 / lib_ip.py:3982] red : variance --> out of range (variance = 215.702 / upper = 0.430 / lower = 0.000)
[20190817_112131 / lib_ip.py:3753] file = img.20190817_112125.2019-08-16_10-44-59_000.jpg.4.png / val_Average = 99.2515	val_Variance = 215.7021	sd = 14.6868	max = 160	min = 0
[20190817_112131 / lib_ip.py:4052] len(Hs) = 8100, len(Ss) = 8100, len(Vs) = 8100
[20190817_112131 / lib_ip.py:4099] green : variance --> out of range (variance = 215.702 / upper = 0.760 / lower = 0.000)
[20190817_112131 / lib_ip.py:3753] file = img.20190817_112125.2019-08-16_10-44-59_000.jpg.4.png / val_Average = 99.2515	val_Variance = 215.7021	sd = 14.6868	max = 160	min = 0
[20190817_112131 / lib_ip.py:4169] len(Hs) = 8100, len(Ss) = 8100, len(Vs) = 8100
[20190817_112131 / lib_ip.py:4208] blue : variance --> out of range (variance = 215.702 / upper = 0.930 / lower = 0.010)
[20190817_112131 / lib_ip.py:3753] file = img.20190817_112125.2019-08-16_10-44-59_000.jpg.4.png / val_Average = 99.2515	val_Variance = 215.7021	sd = 14.6868	max = 160	min = 0
[20190817_112131 / lib_ip.py:4275] len(Hs) = 8100, len(Ss) = 8100, len(Vs) = 8100
[20190817_112131 / lib_ip.py:4314] pink : variance --> out of range (variance = 215.702 / upper = 0.750 / lower = 0.030)
[20190817_112131 / lib_ip.py:3753] file = img.20190817_112125.2019-08-16_10-44-59_000.jpg.4.png / val_Average = 99.2515	val_Variance = 215.7021	sd = 14.6868	max = 160	min = 0
[20190817_112131 / lib_ip.py:4378] len(Hs) = 8100, len(Ss) = 8100, len(Vs) = 8100
[20190817_112132 / lib_ip.py:4422] black : variance --> out of range (variance = 215.702 / upper = 0.000 / lower = 0.000)
[20190817_112132 / lib_ip.py:4593] file : img.20190817_112125.2019-08-16_10-44-59_000.jpg.4.png 3 (black : variance --> out of range (variance = 215.702 / upper = 0.000 / lower = 0.000))
[20190817_112130 / lib_ip.py:2274] inspecting ===> img.20190817_112125.2019-08-16_10-44-59_000.jpg.4.png
img.20190817_112125.2019-08-16_10-44-59_000.jpg.1.png => other
img.20190817_112125.2019-08-16_10-44-59_000.jpg.2.png => other
img.20190817_112125.2019-08-16_10-44-59_000.jpg.3.png => other
img.20190817_112125.2019-08-16_10-44-59_000.jpg.4.png => other
[20190817_112132 lib_ip.py:3301] =============== Get 4 corners
dpath_Images = C:\WORKS_2\WS\WS_Others.Art\JVEMV6\46_art\VIRTUAL\Admin_Projects\ip\images
fname_Image = img.20190817_112125.2019-08-16_10-44-59_000.jpg.4.png

[20190817_112132 / lib_ip.py:2274] inspecting ===> img.20190817_112132.2019-08-16_14-23-29_000.jpg.1.png
[20190817_112132 / lib_ip.py:4505] 
img.20190817_112132.2019-08-16_14-23-29_000.jpg.1.png 0 ---------------------
[20190817_112133 / lib_ip.py:3753] file = img.20190817_112132.2019-08-16_14-23-29_000.jpg.1.png / val_Average = 89.3337	val_Variance = 1511.5584	sd = 38.8788	max = 160	min = 0
[20190817_112133 / lib_ip.py:3836] len(Hs) = 8100, len(Ss) = 8100, len(Vs) = 8100
[20190817_112133 / lib_ip.py:3869] yellow : variance --> out of range (variance = 1511.558 / upper = 0.650 / lower = 0.000)
[20190817_112133 / lib_ip.py:3753] file = img.20190817_112132.2019-08-16_14-23-29_000.jpg.1.png / val_Average = 89.3337	val_Variance = 1511.5584	sd = 38.8788	max = 160	min = 0
[20190817_112133 / lib_ip.py:3936] len(Hs) = 8100, len(Ss) = 8100, len(Vs) = 8100
[20190817_112133 / lib_ip.py:3982] red : variance --> out of range (variance = 1511.558 / upper = 0.430 / lower = 0.000)
[20190817_112133 / lib_ip.py:3753] file = img.20190817_112132.2019-08-16_14-23-29_000.jpg.1.png / val_Average = 89.3337	val_Variance = 1511.5584	sd = 38.8788	max = 160	min = 0
[20190817_112133 / lib_ip.py:4052] len(Hs) = 8100, len(Ss) = 8100, len(Vs) = 8100
[20190817_112133 / lib_ip.py:4099] green : variance --> out of range (variance = 1511.558 / upper = 0.760 / lower = 0.000)
[20190817_112133 / lib_ip.py:3753] file = img.20190817_112132.2019-08-16_14-23-29_000.jpg.1.png / val_Average = 89.3337	val_Variance = 1511.5584	sd = 38.8788	max = 160	min = 0
[20190817_112133 / lib_ip.py:4169] len(Hs) = 8100, len(Ss) = 8100, len(Vs) = 8100
[20190817_112133 / lib_ip.py:4208] blue : variance --> out of range (variance = 1511.558 / upper = 0.930 / lower = 0.010)
[20190817_112133 / lib_ip.py:3753] file = img.20190817_112132.2019-08-16_14-23-29_000.jpg.1.png / val_Average = 89.3337	val_Variance = 1511.5584	sd = 38.8788	max = 160	min = 0
[20190817_112133 / lib_ip.py:4275] len(Hs) = 8100, len(Ss) = 8100, len(Vs) = 8100
[20190817_112133 / lib_ip.py:4314] pink : variance --> out of range (variance = 1511.558 / upper = 0.750 / lower = 0.030)
[20190817_112133 / lib_ip.py:3753] file = img.20190817_112132.2019-08-16_14-23-29_000.jpg.1.png / val_Average = 89.3337	val_Variance = 1511.5584	sd = 38.8788	max = 160	min = 0
[20190817_112134 / lib_ip.py:4378] len(Hs) = 8100, len(Ss) = 8100, len(Vs) = 8100
[20190817_112134 / lib_ip.py:4422] black : variance --> out of range (variance = 1511.558 / upper = 0.000 / lower = 0.000)
[20190817_112134 / lib_ip.py:4593] file : img.20190817_112132.2019-08-16_14-23-29_000.jpg.1.png 0 (black : variance --> out of range (variance = 1511.558 / upper = 0.000 / lower = 0.000))
[20190817_112134 / lib_ip.py:2274] inspecting ===> img.20190817_112132.2019-08-16_14-23-29_000.jpg.2.png
[20190817_112134 / lib_ip.py:4505] 
img.20190817_112132.2019-08-16_14-23-29_000.jpg.2.png 1 ---------------------
[20190817_112134 / lib_ip.py:3753] file = img.20190817_112132.2019-08-16_14-23-29_000.jpg.2.png / val_Average = 12.9920	val_Variance = 0.3798	sd = 0.6163	max = 15	min = 12
[20190817_112134 / lib_ip.py:3836] len(Hs) = 8100, len(Ss) = 8100, len(Vs) = 8100
[20190817_112134 / lib_ip.py:3891] yellow : average --> out of range (average = 12.992 / upper = 99.200 / lower = 85.500)
[20190817_112134 / lib_ip.py:3753] file = img.20190817_112132.2019-08-16_14-23-29_000.jpg.2.png / val_Average = 12.9920	val_Variance = 0.3798	sd = 0.6163	max = 15	min = 12
[20190817_112134 / lib_ip.py:3936] len(Hs) = 8100, len(Ss) = 8100, len(Vs) = 8100
[20190817_112134 / lib_ip.py:4007] red : average --> out of range (average = 12.992 / upper = 124.600 / lower = 115.000)
[20190817_112135 / lib_ip.py:3753] file = img.20190817_112132.2019-08-16_14-23-29_000.jpg.2.png / val_Average = 12.9920	val_Variance = 0.3798	sd = 0.6163	max = 15	min = 12
[20190817_112135 / lib_ip.py:4052] len(Hs) = 8100, len(Ss) = 8100, len(Vs) = 8100
[20190817_112135 / lib_ip.py:4124] green : average --> out of range (average = 12.992 / upper = 85.000 / lower = 58.000)
[20190817_112135 / lib_ip.py:3753] file = img.20190817_112132.2019-08-16_14-23-29_000.jpg.2.png / val_Average = 12.9920	val_Variance = 0.3798	sd = 0.6163	max = 15	min = 12
[20190817_112135 / lib_ip.py:4169] len(Hs) = 8100, len(Ss) = 8100, len(Vs) = 8100
[20190817_112135 / lib_ip.py:2274] inspecting ===> img.20190817_112132.2019-08-16_14-23-29_000.jpg.3.png
[20190817_112135 / lib_ip.py:4505] 
img.20190817_112132.2019-08-16_14-23-29_000.jpg.3.png 2 ---------------------
[20190817_112135 / lib_ip.py:3753] file = img.20190817_112132.2019-08-16_14-23-29_000.jpg.3.png / val_Average = 110.4258	val_Variance = 27.8203	sd = 5.2745	max = 137	min = 0
[20190817_112135 / lib_ip.py:3836] len(Hs) = 8100, len(Ss) = 8100, len(Vs) = 8100
[20190817_112135 / lib_ip.py:3869] yellow : variance --> out of range (variance = 27.820 / upper = 0.650 / lower = 0.000)
[20190817_112135 / lib_ip.py:3753] file = img.20190817_112132.2019-08-16_14-23-29_000.jpg.3.png / val_Average = 110.4258	val_Variance = 27.8203	sd = 5.2745	max = 137	min = 0
[20190817_112135 / lib_ip.py:3936] len(Hs) = 8100, len(Ss) = 8100, len(Vs) = 8100
[20190817_112135 / lib_ip.py:3982] red : variance --> out of range (variance = 27.820 / upper = 0.430 / lower = 0.000)
[20190817_112135 / lib_ip.py:3753] file = img.20190817_112132.2019-08-16_14-23-29_000.jpg.3.png / val_Average = 110.4258	val_Variance = 27.8203	sd = 5.2745	max = 137	min = 0
[20190817_112135 / lib_ip.py:4052] len(Hs) = 8100, len(Ss) = 8100, len(Vs) = 8100
[20190817_112135 / lib_ip.py:4099] green : variance --> out of range (variance = 27.820 / upper = 0.760 / lower = 0.000)
[20190817_112136 / lib_ip.py:3753] file = img.20190817_112132.2019-08-16_14-23-29_000.jpg.3.png / val_Average = 110.4258	val_Variance = 27.8203	sd = 5.2745	max = 137	min = 0
[20190817_112136 / lib_ip.py:4169] len(Hs) = 8100, len(Ss) = 8100, len(Vs) = 8100
[20190817_112136 / lib_ip.py:4208] blue : variance --> out of range (variance = 27.820 / upper = 0.930 / lower = 0.010)
[20190817_112136 / lib_ip.py:3753] file = img.20190817_112132.2019-08-16_14-23-29_000.jpg.3.png / val_Average = 110.4258	val_Variance = 27.8203	sd = 5.2745	max = 137	min = 0
[20190817_112136 / lib_ip.py:4275] len(Hs) = 8100, len(Ss) = 8100, len(Vs) = 8100
[20190817_112136 / lib_ip.py:4314] pink : variance --> out of range (variance = 27.820 / upper = 0.750 / lower = 0.030)
[20190817_112136 / lib_ip.py:3753] file = img.20190817_112132.2019-08-16_14-23-29_000.jpg.3.png / val_Average = 110.4258	val_Variance = 27.8203	sd = 5.2745	max = 137	min = 0
[20190817_112136 / lib_ip.py:4378] len(Hs) = 8100, len(Ss) = 8100, len(Vs) = 8100
[20190817_112136 / lib_ip.py:4422] black : variance --> out of range (variance = 27.820 / upper = 0.000 / lower = 0.000)
[20190817_112136 / lib_ip.py:4593] file : img.20190817_112132.2019-08-16_14-23-29_000.jpg.3.png 2 (black : variance --> out of range (variance = 27.820 / upper = 0.000 / lower = 0.000))
[20190817_112136 / lib_ip.py:2274] inspecting ===> img.20190817_112132.2019-08-16_14-23-29_000.jpg.4.png
[20190817_112137 / lib_ip.py:4505] 
img.20190817_112132.2019-08-16_14-23-29_000.jpg.4.png 3 ---------------------
[20190817_112137 / lib_ip.py:3753] file = img.20190817_112132.2019-08-16_14-23-29_000.jpg.4.png / val_Average = 111.6520	val_Variance = 73.5676	sd = 8.5772	max = 135	min = 0
[20190817_112137 / lib_ip.py:3836] len(Hs) = 8100, len(Ss) = 8100, len(Vs) = 8100
[20190817_112137 / lib_ip.py:3869] yellow : variance --> out of range (variance = 73.568 / upper = 0.650 / lower = 0.000)
[20190817_112137 / lib_ip.py:3753] file = img.20190817_112132.2019-08-16_14-23-29_000.jpg.4.png / val_Average = 111.6520	val_Variance = 73.5676	sd = 8.5772	max = 135	min = 0
[20190817_112137 / lib_ip.py:3936] len(Hs) = 8100, len(Ss) = 8100, len(Vs) = 8100
[20190817_112137 / lib_ip.py:3982] red : variance --> out of range (variance = 73.568 / upper = 0.430 / lower = 0.000)
[20190817_112137 / lib_ip.py:3753] file = img.20190817_112132.2019-08-16_14-23-29_000.jpg.4.png / val_Average = 111.6520	val_Variance = 73.5676	sd = 8.5772	max = 135	min = 0
[20190817_112137 / lib_ip.py:4052] len(Hs) = 8100, len(Ss) = 8100, len(Vs) = 8100
[20190817_112137 / lib_ip.py:4099] green : variance --> out of range (variance = 73.568 / upper = 0.760 / lower = 0.000)
[20190817_112137 / lib_ip.py:3753] file = img.20190817_112132.2019-08-16_14-23-29_000.jpg.4.png / val_Average = 111.6520	val_Variance = 73.5676	sd = 8.5772	max = 135	min = 0
[20190817_112137 / lib_ip.py:4169] len(Hs) = 8100, len(Ss) = 8100, len(Vs) = 8100
[20190817_112137 / lib_ip.py:4208] blue : variance --> out of range (variance = 73.568 / upper = 0.930 / lower = 0.010)
[20190817_112137 / lib_ip.py:3753] file = img.20190817_112132.2019-08-16_14-23-29_000.jpg.4.png / val_Average = 111.6520	val_Variance = 73.5676	sd = 8.5772	max = 135	min = 0
[20190817_112137 / lib_ip.py:4275] len(Hs) = 8100, len(Ss) = 8100, len(Vs) = 8100
[20190817_112138 / lib_ip.py:4314] pink : variance --> out of range (variance = 73.568 / upper = 0.750 / lower = 0.030)
[20190817_112138 / lib_ip.py:3753] file = img.20190817_112132.2019-08-16_14-23-29_000.jpg.4.png / val_Average = 111.6520	val_Variance = 73.5676	sd = 8.5772	max = 135	min = 0
[20190817_112138 / lib_ip.py:4378] len(Hs) = 8100, len(Ss) = 8100, len(Vs) = 8100
[20190817_112138 / lib_ip.py:4422] black : variance --> out of range (variance = 73.568 / upper = 0.000 / lower = 0.000)
[20190817_112138 / lib_ip.py:4593] file : img.20190817_112132.2019-08-16_14-23-29_000.jpg.4.png 3 (black : variance --> out of range (variance = 73.568 / upper = 0.000 / lower = 0.000))
[20190817_112136 / lib_ip.py:2274] inspecting ===> img.20190817_112132.2019-08-16_14-23-29_000.jpg.4.png
img.20190817_112132.2019-08-16_14-23-29_000.jpg.1.png => other
img.20190817_112132.2019-08-16_14-23-29_000.jpg.2.png => other
img.20190817_112132.2019-08-16_14-23-29_000.jpg.3.png => other
img.20190817_112132.2019-08-16_14-23-29_000.jpg.4.png => other
[20190817_112138 lib_ip.py:3301] =============== Get 4 corners
dpath_Images = C:\WORKS_2\WS\WS_Others.Art\JVEMV6\46_art\VIRTUAL\Admin_Projects\ip\images
fname_Image = img.20190817_112132.2019-08-16_14-23-29_000.jpg.4.png

[20190817_112138 / lib_ip.py:2274] inspecting ===> img.20190817_112138.2019-08-16_16-17-21_000.jpg.1.png
[20190817_112139 / lib_ip.py:4505] 
img.20190817_112138.2019-08-16_16-17-21_000.jpg.1.png 0 ---------------------
[20190817_112139 / lib_ip.py:3753] file = img.20190817_112138.2019-08-16_16-17-21_000.jpg.1.png / val_Average = 106.8970	val_Variance = 4.2425	sd = 2.0597	max = 115	min = 103
[20190817_112139 / lib_ip.py:3836] len(Hs) = 8100, len(Ss) = 8100, len(Vs) = 8100
[20190817_112139 / lib_ip.py:3869] yellow : variance --> out of range (variance = 4.242 / upper = 0.650 / lower = 0.000)
[20190817_112139 / lib_ip.py:3753] file = img.20190817_112138.2019-08-16_16-17-21_000.jpg.1.png / val_Average = 106.8970	val_Variance = 4.2425	sd = 2.0597	max = 115	min = 103
[20190817_112139 / lib_ip.py:3936] len(Hs) = 8100, len(Ss) = 8100, len(Vs) = 8100
[20190817_112139 / lib_ip.py:3982] red : variance --> out of range (variance = 4.242 / upper = 0.430 / lower = 0.000)
[20190817_112139 / lib_ip.py:3753] file = img.20190817_112138.2019-08-16_16-17-21_000.jpg.1.png / val_Average = 106.8970	val_Variance = 4.2425	sd = 2.0597	max = 115	min = 103
[20190817_112139 / lib_ip.py:4052] len(Hs) = 8100, len(Ss) = 8100, len(Vs) = 8100
[20190817_112139 / lib_ip.py:4099] green : variance --> out of range (variance = 4.242 / upper = 0.760 / lower = 0.000)
[20190817_112139 / lib_ip.py:3753] file = img.20190817_112138.2019-08-16_16-17-21_000.jpg.1.png / val_Average = 106.8970	val_Variance = 4.2425	sd = 2.0597	max = 115	min = 103
[20190817_112139 / lib_ip.py:4169] len(Hs) = 8100, len(Ss) = 8100, len(Vs) = 8100
[20190817_112140 / lib_ip.py:4208] blue : variance --> out of range (variance = 4.242 / upper = 0.930 / lower = 0.010)
[20190817_112140 / lib_ip.py:3753] file = img.20190817_112138.2019-08-16_16-17-21_000.jpg.1.png / val_Average = 106.8970	val_Variance = 4.2425	sd = 2.0597	max = 115	min = 103
[20190817_112140 / lib_ip.py:4275] len(Hs) = 8100, len(Ss) = 8100, len(Vs) = 8100
[20190817_112140 / lib_ip.py:4314] pink : variance --> out of range (variance = 4.242 / upper = 0.750 / lower = 0.030)
[20190817_112140 / lib_ip.py:3753] file = img.20190817_112138.2019-08-16_16-17-21_000.jpg.1.png / val_Average = 106.8970	val_Variance = 4.2425	sd = 2.0597	max = 115	min = 103
[20190817_112140 / lib_ip.py:4378] len(Hs) = 8100, len(Ss) = 8100, len(Vs) = 8100
[20190817_112140 / lib_ip.py:4422] black : variance --> out of range (variance = 4.242 / upper = 0.000 / lower = 0.000)
[20190817_112140 / lib_ip.py:4593] file : img.20190817_112138.2019-08-16_16-17-21_000.jpg.1.png 0 (black : variance --> out of range (variance = 4.242 / upper = 0.000 / lower = 0.000))
[20190817_112141 / lib_ip.py:2274] inspecting ===> img.20190817_112138.2019-08-16_16-17-21_000.jpg.2.png
[20190817_112141 / lib_ip.py:4505] 
img.20190817_112138.2019-08-16_16-17-21_000.jpg.2.png 1 ---------------------
[20190817_112141 / lib_ip.py:3753] file = img.20190817_112138.2019-08-16_16-17-21_000.jpg.2.png / val_Average = 119.9611	val_Variance = 0.0761	sd = 0.2759	max = 121	min = 119
[20190817_112141 / lib_ip.py:3836] len(Hs) = 8100, len(Ss) = 8100, len(Vs) = 8100
[20190817_112141 / lib_ip.py:3891] yellow : average --> out of range (average = 119.961 / upper = 99.200 / lower = 85.500)
[20190817_112141 / lib_ip.py:3753] file = img.20190817_112138.2019-08-16_16-17-21_000.jpg.2.png / val_Average = 119.9611	val_Variance = 0.0761	sd = 0.2759	max = 121	min = 119
[20190817_112141 / lib_ip.py:3936] len(Hs) = 8100, len(Ss) = 8100, len(Vs) = 8100
[20190817_112141 / lib_ip.py:2274] inspecting ===> img.20190817_112138.2019-08-16_16-17-21_000.jpg.3.png
[20190817_112141 / lib_ip.py:4505] 
img.20190817_112138.2019-08-16_16-17-21_000.jpg.3.png 2 ---------------------
[20190817_112141 / lib_ip.py:3753] file = img.20190817_112138.2019-08-16_16-17-21_000.jpg.3.png / val_Average = 65.8820	val_Variance = 1566.8234	sd = 39.5831	max = 160	min = 0
[20190817_112141 / lib_ip.py:3836] len(Hs) = 8100, len(Ss) = 8100, len(Vs) = 8100
[20190817_112142 / lib_ip.py:3869] yellow : variance --> out of range (variance = 1566.823 / upper = 0.650 / lower = 0.000)
[20190817_112142 / lib_ip.py:3753] file = img.20190817_112138.2019-08-16_16-17-21_000.jpg.3.png / val_Average = 65.8820	val_Variance = 1566.8234	sd = 39.5831	max = 160	min = 0
[20190817_112142 / lib_ip.py:3936] len(Hs) = 8100, len(Ss) = 8100, len(Vs) = 8100
[20190817_112142 / lib_ip.py:3982] red : variance --> out of range (variance = 1566.823 / upper = 0.430 / lower = 0.000)
[20190817_112142 / lib_ip.py:3753] file = img.20190817_112138.2019-08-16_16-17-21_000.jpg.3.png / val_Average = 65.8820	val_Variance = 1566.8234	sd = 39.5831	max = 160	min = 0
[20190817_112142 / lib_ip.py:4052] len(Hs) = 8100, len(Ss) = 8100, len(Vs) = 8100
[20190817_112142 / lib_ip.py:4099] green : variance --> out of range (variance = 1566.823 / upper = 0.760 / lower = 0.000)
[20190817_112142 / lib_ip.py:3753] file = img.20190817_112138.2019-08-16_16-17-21_000.jpg.3.png / val_Average = 65.8820	val_Variance = 1566.8234	sd = 39.5831	max = 160	min = 0
[20190817_112142 / lib_ip.py:4169] len(Hs) = 8100, len(Ss) = 8100, len(Vs) = 8100
[20190817_112142 / lib_ip.py:4208] blue : variance --> out of range (variance = 1566.823 / upper = 0.930 / lower = 0.010)
[20190817_112142 / lib_ip.py:3753] file = img.20190817_112138.2019-08-16_16-17-21_000.jpg.3.png / val_Average = 65.8820	val_Variance = 1566.8234	sd = 39.5831	max = 160	min = 0
[20190817_112142 / lib_ip.py:4275] len(Hs) = 8100, len(Ss) = 8100, len(Vs) = 8100
[20190817_112142 / lib_ip.py:4314] pink : variance --> out of range (variance = 1566.823 / upper = 0.750 / lower = 0.030)
[20190817_112143 / lib_ip.py:3753] file = img.20190817_112138.2019-08-16_16-17-21_000.jpg.3.png / val_Average = 65.8820	val_Variance = 1566.8234	sd = 39.5831	max = 160	min = 0
[20190817_112143 / lib_ip.py:4378] len(Hs) = 8100, len(Ss) = 8100, len(Vs) = 8100
[20190817_112143 / lib_ip.py:4422] black : variance --> out of range (variance = 1566.823 / upper = 0.000 / lower = 0.000)
[20190817_112143 / lib_ip.py:4593] file : img.20190817_112138.2019-08-16_16-17-21_000.jpg.3.png 2 (black : variance --> out of range (variance = 1566.823 / upper = 0.000 / lower = 0.000))
[20190817_112143 / lib_ip.py:2274] inspecting ===> img.20190817_112138.2019-08-16_16-17-21_000.jpg.4.png
[20190817_112143 / lib_ip.py:4505] 
img.20190817_112138.2019-08-16_16-17-21_000.jpg.4.png 3 ---------------------
[20190817_112143 / lib_ip.py:3753] file = img.20190817_112138.2019-08-16_16-17-21_000.jpg.4.png / val_Average = 76.8238	val_Variance = 0.6177	sd = 0.7860	max = 78	min = 75
[20190817_112143 / lib_ip.py:3836] len(Hs) = 8100, len(Ss) = 8100, len(Vs) = 8100
[20190817_112143 / lib_ip.py:3891] yellow : average --> out of range (average = 76.824 / upper = 99.200 / lower = 85.500)
[20190817_112143 / lib_ip.py:3753] file = img.20190817_112138.2019-08-16_16-17-21_000.jpg.4.png / val_Average = 76.8238	val_Variance = 0.6177	sd = 0.7860	max = 78	min = 75
[20190817_112143 / lib_ip.py:3936] len(Hs) = 8100, len(Ss) = 8100, len(Vs) = 8100
[20190817_112144 / lib_ip.py:3982] red : variance --> out of range (variance = 0.618 / upper = 0.430 / lower = 0.000)
[20190817_112144 / lib_ip.py:3753] file = img.20190817_112138.2019-08-16_16-17-21_000.jpg.4.png / val_Average = 76.8238	val_Variance = 0.6177	sd = 0.7860	max = 78	min = 75
[20190817_112144 / lib_ip.py:4052] len(Hs) = 8100, len(Ss) = 8100, len(Vs) = 8100
[20190817_112143 / lib_ip.py:2274] inspecting ===> img.20190817_112138.2019-08-16_16-17-21_000.jpg.4.png
img.20190817_112138.2019-08-16_16-17-21_000.jpg.1.png => other
img.20190817_112138.2019-08-16_16-17-21_000.jpg.2.png => other
img.20190817_112138.2019-08-16_16-17-21_000.jpg.3.png => other
img.20190817_112138.2019-08-16_16-17-21_000.jpg.4.png => other
[20190817_112144 lib_ip.py:3301] =============== Get 4 corners
dpath_Images = C:\WORKS_2\WS\WS_Others.Art\JVEMV6\46_art\VIRTUAL\Admin_Projects\ip\images
fname_Image = img.20190817_112138.2019-08-16_16-17-21_000.jpg.4.png

[20190817_112144 / lib_ip.py:2274] inspecting ===> img.20190817_112144.2019-08-16_18-16-28_000.jpg.1.png
[20190817_112145 / lib_ip.py:4505] 
img.20190817_112144.2019-08-16_18-16-28_000.jpg.1.png 0 ---------------------
[20190817_112145 / lib_ip.py:3753] file = img.20190817_112144.2019-08-16_18-16-28_000.jpg.1.png / val_Average = 114.9667	val_Variance = 9.2317	sd = 3.0384	max = 130	min = 104
[20190817_112145 / lib_ip.py:3836] len(Hs) = 8100, len(Ss) = 8100, len(Vs) = 8100
[20190817_112145 / lib_ip.py:3869] yellow : variance --> out of range (variance = 9.232 / upper = 0.650 / lower = 0.000)
[20190817_112145 / lib_ip.py:3753] file = img.20190817_112144.2019-08-16_18-16-28_000.jpg.1.png / val_Average = 114.9667	val_Variance = 9.2317	sd = 3.0384	max = 130	min = 104
[20190817_112145 / lib_ip.py:3936] len(Hs) = 8100, len(Ss) = 8100, len(Vs) = 8100
[20190817_112145 / lib_ip.py:3982] red : variance --> out of range (variance = 9.232 / upper = 0.430 / lower = 0.000)
[20190817_112145 / lib_ip.py:3753] file = img.20190817_112144.2019-08-16_18-16-28_000.jpg.1.png / val_Average = 114.9667	val_Variance = 9.2317	sd = 3.0384	max = 130	min = 104
[20190817_112145 / lib_ip.py:4052] len(Hs) = 8100, len(Ss) = 8100, len(Vs) = 8100
[20190817_112145 / lib_ip.py:4099] green : variance --> out of range (variance = 9.232 / upper = 0.760 / lower = 0.000)
[20190817_112145 / lib_ip.py:3753] file = img.20190817_112144.2019-08-16_18-16-28_000.jpg.1.png / val_Average = 114.9667	val_Variance = 9.2317	sd = 3.0384	max = 130	min = 104
[20190817_112145 / lib_ip.py:4169] len(Hs) = 8100, len(Ss) = 8100, len(Vs) = 8100
[20190817_112146 / lib_ip.py:4208] blue : variance --> out of range (variance = 9.232 / upper = 0.930 / lower = 0.010)
[20190817_112146 / lib_ip.py:3753] file = img.20190817_112144.2019-08-16_18-16-28_000.jpg.1.png / val_Average = 114.9667	val_Variance = 9.2317	sd = 3.0384	max = 130	min = 104
[20190817_112146 / lib_ip.py:4275] len(Hs) = 8100, len(Ss) = 8100, len(Vs) = 8100
[20190817_112146 / lib_ip.py:4314] pink : variance --> out of range (variance = 9.232 / upper = 0.750 / lower = 0.030)
[20190817_112146 / lib_ip.py:3753] file = img.20190817_112144.2019-08-16_18-16-28_000.jpg.1.png / val_Average = 114.9667	val_Variance = 9.2317	sd = 3.0384	max = 130	min = 104
[20190817_112146 / lib_ip.py:4378] len(Hs) = 8100, len(Ss) = 8100, len(Vs) = 8100
[20190817_112146 / lib_ip.py:4422] black : variance --> out of range (variance = 9.232 / upper = 0.000 / lower = 0.000)
[20190817_112146 / lib_ip.py:4593] file : img.20190817_112144.2019-08-16_18-16-28_000.jpg.1.png 0 (black : variance --> out of range (variance = 9.232 / upper = 0.000 / lower = 0.000))
[20190817_112146 / lib_ip.py:2274] inspecting ===> img.20190817_112144.2019-08-16_18-16-28_000.jpg.2.png
[20190817_112146 / lib_ip.py:4505] 
img.20190817_112144.2019-08-16_18-16-28_000.jpg.2.png 1 ---------------------
[20190817_112146 / lib_ip.py:3753] file = img.20190817_112144.2019-08-16_18-16-28_000.jpg.2.png / val_Average = 103.6119	val_Variance = 116.3659	sd = 10.7873	max = 135	min = 0
[20190817_112146 / lib_ip.py:3836] len(Hs) = 8100, len(Ss) = 8100, len(Vs) = 8100
[20190817_112147 / lib_ip.py:3869] yellow : variance --> out of range (variance = 116.366 / upper = 0.650 / lower = 0.000)
[20190817_112147 / lib_ip.py:3753] file = img.20190817_112144.2019-08-16_18-16-28_000.jpg.2.png / val_Average = 103.6119	val_Variance = 116.3659	sd = 10.7873	max = 135	min = 0
[20190817_112147 / lib_ip.py:3936] len(Hs) = 8100, len(Ss) = 8100, len(Vs) = 8100
[20190817_112147 / lib_ip.py:3982] red : variance --> out of range (variance = 116.366 / upper = 0.430 / lower = 0.000)
[20190817_112147 / lib_ip.py:3753] file = img.20190817_112144.2019-08-16_18-16-28_000.jpg.2.png / val_Average = 103.6119	val_Variance = 116.3659	sd = 10.7873	max = 135	min = 0
[20190817_112147 / lib_ip.py:4052] len(Hs) = 8100, len(Ss) = 8100, len(Vs) = 8100
[20190817_112147 / lib_ip.py:4099] green : variance --> out of range (variance = 116.366 / upper = 0.760 / lower = 0.000)
[20190817_112147 / lib_ip.py:3753] file = img.20190817_112144.2019-08-16_18-16-28_000.jpg.2.png / val_Average = 103.6119	val_Variance = 116.3659	sd = 10.7873	max = 135	min = 0
[20190817_112147 / lib_ip.py:4169] len(Hs) = 8100, len(Ss) = 8100, len(Vs) = 8100
[20190817_112147 / lib_ip.py:4208] blue : variance --> out of range (variance = 116.366 / upper = 0.930 / lower = 0.010)
[20190817_112147 / lib_ip.py:3753] file = img.20190817_112144.2019-08-16_18-16-28_000.jpg.2.png / val_Average = 103.6119	val_Variance = 116.3659	sd = 10.7873	max = 135	min = 0
[20190817_112147 / lib_ip.py:4275] len(Hs) = 8100, len(Ss) = 8100, len(Vs) = 8100
[20190817_112147 / lib_ip.py:4314] pink : variance --> out of range (variance = 116.366 / upper = 0.750 / lower = 0.030)
[20190817_112147 / lib_ip.py:3753] file = img.20190817_112144.2019-08-16_18-16-28_000.jpg.2.png / val_Average = 103.6119	val_Variance = 116.3659	sd = 10.7873	max = 135	min = 0
[20190817_112147 / lib_ip.py:4378] len(Hs) = 8100, len(Ss) = 8100, len(Vs) = 8100
[20190817_112147 / lib_ip.py:4422] black : variance --> out of range (variance = 116.366 / upper = 0.000 / lower = 0.000)
[20190817_112147 / lib_ip.py:4593] file : img.20190817_112144.2019-08-16_18-16-28_000.jpg.2.png 1 (black : variance --> out of range (variance = 116.366 / upper = 0.000 / lower = 0.000))
[20190817_112147 / lib_ip.py:2274] inspecting ===> img.20190817_112144.2019-08-16_18-16-28_000.jpg.3.png
[20190817_112148 / lib_ip.py:4505] 
img.20190817_112144.2019-08-16_18-16-28_000.jpg.3.png 2 ---------------------
[20190817_112148 / lib_ip.py:3753] file = img.20190817_112144.2019-08-16_18-16-28_000.jpg.3.png / val_Average = 113.5516	val_Variance = 10.7446	sd = 3.2779	max = 131	min = 105
[20190817_112148 / lib_ip.py:3836] len(Hs) = 8100, len(Ss) = 8100, len(Vs) = 8100
[20190817_112148 / lib_ip.py:3869] yellow : variance --> out of range (variance = 10.745 / upper = 0.650 / lower = 0.000)
[20190817_112148 / lib_ip.py:3753] file = img.20190817_112144.2019-08-16_18-16-28_000.jpg.3.png / val_Average = 113.5516	val_Variance = 10.7446	sd = 3.2779	max = 131	min = 105
[20190817_112148 / lib_ip.py:3936] len(Hs) = 8100, len(Ss) = 8100, len(Vs) = 8100
[20190817_112148 / lib_ip.py:3982] red : variance --> out of range (variance = 10.745 / upper = 0.430 / lower = 0.000)
[20190817_112148 / lib_ip.py:3753] file = img.20190817_112144.2019-08-16_18-16-28_000.jpg.3.png / val_Average = 113.5516	val_Variance = 10.7446	sd = 3.2779	max = 131	min = 105
[20190817_112148 / lib_ip.py:4052] len(Hs) = 8100, len(Ss) = 8100, len(Vs) = 8100
[20190817_112149 / lib_ip.py:4099] green : variance --> out of range (variance = 10.745 / upper = 0.760 / lower = 0.000)
[20190817_112149 / lib_ip.py:3753] file = img.20190817_112144.2019-08-16_18-16-28_000.jpg.3.png / val_Average = 113.5516	val_Variance = 10.7446	sd = 3.2779	max = 131	min = 105
[20190817_112149 / lib_ip.py:4169] len(Hs) = 8100, len(Ss) = 8100, len(Vs) = 8100
[20190817_112149 / lib_ip.py:4208] blue : variance --> out of range (variance = 10.745 / upper = 0.930 / lower = 0.010)
[20190817_112149 / lib_ip.py:3753] file = img.20190817_112144.2019-08-16_18-16-28_000.jpg.3.png / val_Average = 113.5516	val_Variance = 10.7446	sd = 3.2779	max = 131	min = 105
[20190817_112149 / lib_ip.py:4275] len(Hs) = 8100, len(Ss) = 8100, len(Vs) = 8100
[20190817_112149 / lib_ip.py:4314] pink : variance --> out of range (variance = 10.745 / upper = 0.750 / lower = 0.030)
[20190817_112149 / lib_ip.py:3753] file = img.20190817_112144.2019-08-16_18-16-28_000.jpg.3.png / val_Average = 113.5516	val_Variance = 10.7446	sd = 3.2779	max = 131	min = 105
[20190817_112149 / lib_ip.py:4378] len(Hs) = 8100, len(Ss) = 8100, len(Vs) = 8100
[20190817_112149 / lib_ip.py:4422] black : variance --> out of range (variance = 10.745 / upper = 0.000 / lower = 0.000)
[20190817_112149 / lib_ip.py:4593] file : img.20190817_112144.2019-08-16_18-16-28_000.jpg.3.png 2 (black : variance --> out of range (variance = 10.745 / upper = 0.000 / lower = 0.000))
[20190817_112149 / lib_ip.py:2274] inspecting ===> img.20190817_112144.2019-08-16_18-16-28_000.jpg.4.png
[20190817_112149 / lib_ip.py:4505] 
img.20190817_112144.2019-08-16_18-16-28_000.jpg.4.png 3 ---------------------
[20190817_112149 / lib_ip.py:3753] file = img.20190817_112144.2019-08-16_18-16-28_000.jpg.4.png / val_Average = 120.3564	val_Variance = 0.2469	sd = 0.4969	max = 122	min = 119
[20190817_112150 / lib_ip.py:3836] len(Hs) = 8100, len(Ss) = 8100, len(Vs) = 8100
[20190817_112150 / lib_ip.py:3891] yellow : average --> out of range (average = 120.356 / upper = 99.200 / lower = 85.500)
[20190817_112150 / lib_ip.py:3753] file = img.20190817_112144.2019-08-16_18-16-28_000.jpg.4.png / val_Average = 120.3564	val_Variance = 0.2469	sd = 0.4969	max = 122	min = 119
[20190817_112150 / lib_ip.py:3936] len(Hs) = 8100, len(Ss) = 8100, len(Vs) = 8100
[20190817_112149 / lib_ip.py:2274] inspecting ===> img.20190817_112144.2019-08-16_18-16-28_000.jpg.4.png
img.20190817_112144.2019-08-16_18-16-28_000.jpg.1.png => other
img.20190817_112144.2019-08-16_18-16-28_000.jpg.2.png => other
img.20190817_112144.2019-08-16_18-16-28_000.jpg.3.png => other
img.20190817_112144.2019-08-16_18-16-28_000.jpg.4.png => other
[20190817_112150 lib_ip.py:3301] =============== Get 4 corners
dpath_Images = C:\WORKS_2\WS\WS_Others.Art\JVEMV6\46_art\VIRTUAL\Admin_Projects\ip\images
fname_Image = img.20190817_112144.2019-08-16_18-16-28_000.jpg.4.png

[20190817_112151 / lib_ip.py:2274] inspecting ===> img.20190817_112150.2019-08-16_20-41-53_000.jpg.1.png
[20190817_112151 / lib_ip.py:4505] 
img.20190817_112150.2019-08-16_20-41-53_000.jpg.1.png 0 ---------------------
[20190817_112151 / lib_ip.py:3753] file = img.20190817_112150.2019-08-16_20-41-53_000.jpg.1.png / val_Average = 53.2715	val_Variance = 1190.3188	sd = 34.5010	max = 90	min = 0
[20190817_112151 / lib_ip.py:3836] len(Hs) = 8100, len(Ss) = 8100, len(Vs) = 8100
[20190817_112151 / lib_ip.py:3869] yellow : variance --> out of range (variance = 1190.319 / upper = 0.650 / lower = 0.000)
[20190817_112151 / lib_ip.py:3753] file = img.20190817_112150.2019-08-16_20-41-53_000.jpg.1.png / val_Average = 53.2715	val_Variance = 1190.3188	sd = 34.5010	max = 90	min = 0
[20190817_112151 / lib_ip.py:3936] len(Hs) = 8100, len(Ss) = 8100, len(Vs) = 8100
[20190817_112151 / lib_ip.py:3982] red : variance --> out of range (variance = 1190.319 / upper = 0.430 / lower = 0.000)
[20190817_112151 / lib_ip.py:3753] file = img.20190817_112150.2019-08-16_20-41-53_000.jpg.1.png / val_Average = 53.2715	val_Variance = 1190.3188	sd = 34.5010	max = 90	min = 0
[20190817_112152 / lib_ip.py:4052] len(Hs) = 8100, len(Ss) = 8100, len(Vs) = 8100
[20190817_112152 / lib_ip.py:4099] green : variance --> out of range (variance = 1190.319 / upper = 0.760 / lower = 0.000)
[20190817_112152 / lib_ip.py:3753] file = img.20190817_112150.2019-08-16_20-41-53_000.jpg.1.png / val_Average = 53.2715	val_Variance = 1190.3188	sd = 34.5010	max = 90	min = 0
[20190817_112152 / lib_ip.py:4169] len(Hs) = 8100, len(Ss) = 8100, len(Vs) = 8100
[20190817_112152 / lib_ip.py:4208] blue : variance --> out of range (variance = 1190.319 / upper = 0.930 / lower = 0.010)
[20190817_112152 / lib_ip.py:3753] file = img.20190817_112150.2019-08-16_20-41-53_000.jpg.1.png / val_Average = 53.2715	val_Variance = 1190.3188	sd = 34.5010	max = 90	min = 0
[20190817_112152 / lib_ip.py:4275] len(Hs) = 8100, len(Ss) = 8100, len(Vs) = 8100
[20190817_112152 / lib_ip.py:4314] pink : variance --> out of range (variance = 1190.319 / upper = 0.750 / lower = 0.030)
[20190817_112152 / lib_ip.py:3753] file = img.20190817_112150.2019-08-16_20-41-53_000.jpg.1.png / val_Average = 53.2715	val_Variance = 1190.3188	sd = 34.5010	max = 90	min = 0
[20190817_112152 / lib_ip.py:4378] len(Hs) = 8100, len(Ss) = 8100, len(Vs) = 8100
[20190817_112152 / lib_ip.py:4422] black : variance --> out of range (variance = 1190.319 / upper = 0.000 / lower = 0.000)
[20190817_112152 / lib_ip.py:4593] file : img.20190817_112150.2019-08-16_20-41-53_000.jpg.1.png 0 (black : variance --> out of range (variance = 1190.319 / upper = 0.000 / lower = 0.000))
[20190817_112152 / lib_ip.py:2274] inspecting ===> img.20190817_112150.2019-08-16_20-41-53_000.jpg.2.png
[20190817_112152 / lib_ip.py:4505] 
img.20190817_112150.2019-08-16_20-41-53_000.jpg.2.png 1 ---------------------
[20190817_112153 / lib_ip.py:3753] file = img.20190817_112150.2019-08-16_20-41-53_000.jpg.2.png / val_Average = 90.6489	val_Variance = 0.2291	sd = 0.4786	max = 92	min = 90
[20190817_112153 / lib_ip.py:3836] len(Hs) = 8100, len(Ss) = 8100, len(Vs) = 8100
[20190817_112153 / lib_ip.py:2274] inspecting ===> img.20190817_112150.2019-08-16_20-41-53_000.jpg.3.png
[20190817_112153 / lib_ip.py:4505] 
img.20190817_112150.2019-08-16_20-41-53_000.jpg.3.png 2 ---------------------
[20190817_112153 / lib_ip.py:3753] file = img.20190817_112150.2019-08-16_20-41-53_000.jpg.3.png / val_Average = 50.5401	val_Variance = 1486.8911	sd = 38.5602	max = 135	min = 0
[20190817_112153 / lib_ip.py:3836] len(Hs) = 8100, len(Ss) = 8100, len(Vs) = 8100
[20190817_112153 / lib_ip.py:3869] yellow : variance --> out of range (variance = 1486.891 / upper = 0.650 / lower = 0.000)
[20190817_112153 / lib_ip.py:3753] file = img.20190817_112150.2019-08-16_20-41-53_000.jpg.3.png / val_Average = 50.5401	val_Variance = 1486.8911	sd = 38.5602	max = 135	min = 0
[20190817_112153 / lib_ip.py:3936] len(Hs) = 8100, len(Ss) = 8100, len(Vs) = 8100
[20190817_112153 / lib_ip.py:3982] red : variance --> out of range (variance = 1486.891 / upper = 0.430 / lower = 0.000)
[20190817_112153 / lib_ip.py:3753] file = img.20190817_112150.2019-08-16_20-41-53_000.jpg.3.png / val_Average = 50.5401	val_Variance = 1486.8911	sd = 38.5602	max = 135	min = 0
[20190817_112153 / lib_ip.py:4052] len(Hs) = 8100, len(Ss) = 8100, len(Vs) = 8100
[20190817_112153 / lib_ip.py:4099] green : variance --> out of range (variance = 1486.891 / upper = 0.760 / lower = 0.000)
[20190817_112154 / lib_ip.py:3753] file = img.20190817_112150.2019-08-16_20-41-53_000.jpg.3.png / val_Average = 50.5401	val_Variance = 1486.8911	sd = 38.5602	max = 135	min = 0
[20190817_112154 / lib_ip.py:4169] len(Hs) = 8100, len(Ss) = 8100, len(Vs) = 8100
[20190817_112154 / lib_ip.py:4208] blue : variance --> out of range (variance = 1486.891 / upper = 0.930 / lower = 0.010)
[20190817_112154 / lib_ip.py:3753] file = img.20190817_112150.2019-08-16_20-41-53_000.jpg.3.png / val_Average = 50.5401	val_Variance = 1486.8911	sd = 38.5602	max = 135	min = 0
[20190817_112154 / lib_ip.py:4275] len(Hs) = 8100, len(Ss) = 8100, len(Vs) = 8100
[20190817_112154 / lib_ip.py:4314] pink : variance --> out of range (variance = 1486.891 / upper = 0.750 / lower = 0.030)
[20190817_112154 / lib_ip.py:3753] file = img.20190817_112150.2019-08-16_20-41-53_000.jpg.3.png / val_Average = 50.5401	val_Variance = 1486.8911	sd = 38.5602	max = 135	min = 0
[20190817_112154 / lib_ip.py:4378] len(Hs) = 8100, len(Ss) = 8100, len(Vs) = 8100
[20190817_112154 / lib_ip.py:4422] black : variance --> out of range (variance = 1486.891 / upper = 0.000 / lower = 0.000)
[20190817_112154 / lib_ip.py:4593] file : img.20190817_112150.2019-08-16_20-41-53_000.jpg.3.png 2 (black : variance --> out of range (variance = 1486.891 / upper = 0.000 / lower = 0.000))
[20190817_112154 / lib_ip.py:2274] inspecting ===> img.20190817_112150.2019-08-16_20-41-53_000.jpg.4.png
[20190817_112154 / lib_ip.py:4505] 
img.20190817_112150.2019-08-16_20-41-53_000.jpg.4.png 3 ---------------------
[20190817_112155 / lib_ip.py:3753] file = img.20190817_112150.2019-08-16_20-41-53_000.jpg.4.png / val_Average = 56.8843	val_Variance = 962.1196	sd = 31.0181	max = 135	min = 0
[20190817_112155 / lib_ip.py:3836] len(Hs) = 8100, len(Ss) = 8100, len(Vs) = 8100
[20190817_112155 / lib_ip.py:3869] yellow : variance --> out of range (variance = 962.120 / upper = 0.650 / lower = 0.000)
[20190817_112155 / lib_ip.py:3753] file = img.20190817_112150.2019-08-16_20-41-53_000.jpg.4.png / val_Average = 56.8843	val_Variance = 962.1196	sd = 31.0181	max = 135	min = 0
[20190817_112155 / lib_ip.py:3936] len(Hs) = 8100, len(Ss) = 8100, len(Vs) = 8100
[20190817_112155 / lib_ip.py:3982] red : variance --> out of range (variance = 962.120 / upper = 0.430 / lower = 0.000)
[20190817_112155 / lib_ip.py:3753] file = img.20190817_112150.2019-08-16_20-41-53_000.jpg.4.png / val_Average = 56.8843	val_Variance = 962.1196	sd = 31.0181	max = 135	min = 0
[20190817_112155 / lib_ip.py:4052] len(Hs) = 8100, len(Ss) = 8100, len(Vs) = 8100
[20190817_112155 / lib_ip.py:4099] green : variance --> out of range (variance = 962.120 / upper = 0.760 / lower = 0.000)
[20190817_112155 / lib_ip.py:3753] file = img.20190817_112150.2019-08-16_20-41-53_000.jpg.4.png / val_Average = 56.8843	val_Variance = 962.1196	sd = 31.0181	max = 135	min = 0
[20190817_112155 / lib_ip.py:4169] len(Hs) = 8100, len(Ss) = 8100, len(Vs) = 8100
[20190817_112155 / lib_ip.py:4208] blue : variance --> out of range (variance = 962.120 / upper = 0.930 / lower = 0.010)
[20190817_112155 / lib_ip.py:3753] file = img.20190817_112150.2019-08-16_20-41-53_000.jpg.4.png / val_Average = 56.8843	val_Variance = 962.1196	sd = 31.0181	max = 135	min = 0
[20190817_112155 / lib_ip.py:4275] len(Hs) = 8100, len(Ss) = 8100, len(Vs) = 8100
[20190817_112155 / lib_ip.py:4314] pink : variance --> out of range (variance = 962.120 / upper = 0.750 / lower = 0.030)
[20190817_112156 / lib_ip.py:3753] file = img.20190817_112150.2019-08-16_20-41-53_000.jpg.4.png / val_Average = 56.8843	val_Variance = 962.1196	sd = 31.0181	max = 135	min = 0
[20190817_112156 / lib_ip.py:4378] len(Hs) = 8100, len(Ss) = 8100, len(Vs) = 8100
[20190817_112156 / lib_ip.py:4422] black : variance --> out of range (variance = 962.120 / upper = 0.000 / lower = 0.000)
[20190817_112156 / lib_ip.py:4593] file : img.20190817_112150.2019-08-16_20-41-53_000.jpg.4.png 3 (black : variance --> out of range (variance = 962.120 / upper = 0.000 / lower = 0.000))
[20190817_112154 / lib_ip.py:2274] inspecting ===> img.20190817_112150.2019-08-16_20-41-53_000.jpg.4.png
img.20190817_112150.2019-08-16_20-41-53_000.jpg.1.png => other
img.20190817_112150.2019-08-16_20-41-53_000.jpg.2.png => other
img.20190817_112150.2019-08-16_20-41-53_000.jpg.3.png => other
img.20190817_112150.2019-08-16_20-41-53_000.jpg.4.png => other
[20190817_112156 lib_ip.py:3301] =============== Get 4 corners
dpath_Images = C:\WORKS_2\WS\WS_Others.Art\JVEMV6\46_art\VIRTUAL\Admin_Projects\ip\images
fname_Image = img.20190817_112150.2019-08-16_20-41-53_000.jpg.4.png

[20190817_112156 / lib_ip.py:2274] inspecting ===> img.20190817_112156.2019-08-17_01-39-14_000.jpg.1.png
[20190817_112157 / lib_ip.py:4505] 
img.20190817_112156.2019-08-17_01-39-14_000.jpg.1.png 0 ---------------------
[20190817_112157 / lib_ip.py:3753] file = img.20190817_112156.2019-08-17_01-39-14_000.jpg.1.png / val_Average = 96.6146	val_Variance = 6.5228	sd = 2.5540	max = 105	min = 85
[20190817_112157 / lib_ip.py:3836] len(Hs) = 8100, len(Ss) = 8100, len(Vs) = 8100
[20190817_112157 / lib_ip.py:3869] yellow : variance --> out of range (variance = 6.523 / upper = 0.650 / lower = 0.000)
[20190817_112157 / lib_ip.py:3753] file = img.20190817_112156.2019-08-17_01-39-14_000.jpg.1.png / val_Average = 96.6146	val_Variance = 6.5228	sd = 2.5540	max = 105	min = 85
[20190817_112157 / lib_ip.py:3936] len(Hs) = 8100, len(Ss) = 8100, len(Vs) = 8100
[20190817_112157 / lib_ip.py:3982] red : variance --> out of range (variance = 6.523 / upper = 0.430 / lower = 0.000)
[20190817_112157 / lib_ip.py:3753] file = img.20190817_112156.2019-08-17_01-39-14_000.jpg.1.png / val_Average = 96.6146	val_Variance = 6.5228	sd = 2.5540	max = 105	min = 85
[20190817_112157 / lib_ip.py:4052] len(Hs) = 8100, len(Ss) = 8100, len(Vs) = 8100
[20190817_112157 / lib_ip.py:4099] green : variance --> out of range (variance = 6.523 / upper = 0.760 / lower = 0.000)
[20190817_112157 / lib_ip.py:3753] file = img.20190817_112156.2019-08-17_01-39-14_000.jpg.1.png / val_Average = 96.6146	val_Variance = 6.5228	sd = 2.5540	max = 105	min = 85
[20190817_112157 / lib_ip.py:4169] len(Hs) = 8100, len(Ss) = 8100, len(Vs) = 8100
[20190817_112157 / lib_ip.py:4208] blue : variance --> out of range (variance = 6.523 / upper = 0.930 / lower = 0.010)
[20190817_112158 / lib_ip.py:3753] file = img.20190817_112156.2019-08-17_01-39-14_000.jpg.1.png / val_Average = 96.6146	val_Variance = 6.5228	sd = 2.5540	max = 105	min = 85
[20190817_112158 / lib_ip.py:4275] len(Hs) = 8100, len(Ss) = 8100, len(Vs) = 8100
[20190817_112158 / lib_ip.py:4314] pink : variance --> out of range (variance = 6.523 / upper = 0.750 / lower = 0.030)
[20190817_112158 / lib_ip.py:3753] file = img.20190817_112156.2019-08-17_01-39-14_000.jpg.1.png / val_Average = 96.6146	val_Variance = 6.5228	sd = 2.5540	max = 105	min = 85
[20190817_112158 / lib_ip.py:4378] len(Hs) = 8100, len(Ss) = 8100, len(Vs) = 8100
[20190817_112158 / lib_ip.py:4422] black : variance --> out of range (variance = 6.523 / upper = 0.000 / lower = 0.000)
[20190817_112158 / lib_ip.py:4593] file : img.20190817_112156.2019-08-17_01-39-14_000.jpg.1.png 0 (black : variance --> out of range (variance = 6.523 / upper = 0.000 / lower = 0.000))
[20190817_112158 / lib_ip.py:2274] inspecting ===> img.20190817_112156.2019-08-17_01-39-14_000.jpg.2.png
[20190817_112158 / lib_ip.py:4505] 
img.20190817_112156.2019-08-17_01-39-14_000.jpg.2.png 1 ---------------------
[20190817_112158 / lib_ip.py:3753] file = img.20190817_112156.2019-08-17_01-39-14_000.jpg.2.png / val_Average = 97.4386	val_Variance = 13.2386	sd = 3.6385	max = 107	min = 85
[20190817_112158 / lib_ip.py:3836] len(Hs) = 8100, len(Ss) = 8100, len(Vs) = 8100
[20190817_112158 / lib_ip.py:3869] yellow : variance --> out of range (variance = 13.239 / upper = 0.650 / lower = 0.000)
[20190817_112159 / lib_ip.py:3753] file = img.20190817_112156.2019-08-17_01-39-14_000.jpg.2.png / val_Average = 97.4386	val_Variance = 13.2386	sd = 3.6385	max = 107	min = 85
[20190817_112159 / lib_ip.py:3936] len(Hs) = 8100, len(Ss) = 8100, len(Vs) = 8100
[20190817_112159 / lib_ip.py:3982] red : variance --> out of range (variance = 13.239 / upper = 0.430 / lower = 0.000)
[20190817_112159 / lib_ip.py:3753] file = img.20190817_112156.2019-08-17_01-39-14_000.jpg.2.png / val_Average = 97.4386	val_Variance = 13.2386	sd = 3.6385	max = 107	min = 85
[20190817_112159 / lib_ip.py:4052] len(Hs) = 8100, len(Ss) = 8100, len(Vs) = 8100
[20190817_112159 / lib_ip.py:4099] green : variance --> out of range (variance = 13.239 / upper = 0.760 / lower = 0.000)
[20190817_112159 / lib_ip.py:3753] file = img.20190817_112156.2019-08-17_01-39-14_000.jpg.2.png / val_Average = 97.4386	val_Variance = 13.2386	sd = 3.6385	max = 107	min = 85
[20190817_112159 / lib_ip.py:4169] len(Hs) = 8100, len(Ss) = 8100, len(Vs) = 8100
[20190817_112159 / lib_ip.py:4208] blue : variance --> out of range (variance = 13.239 / upper = 0.930 / lower = 0.010)
[20190817_112159 / lib_ip.py:3753] file = img.20190817_112156.2019-08-17_01-39-14_000.jpg.2.png / val_Average = 97.4386	val_Variance = 13.2386	sd = 3.6385	max = 107	min = 85
[20190817_112159 / lib_ip.py:4275] len(Hs) = 8100, len(Ss) = 8100, len(Vs) = 8100
[20190817_112159 / lib_ip.py:4314] pink : variance --> out of range (variance = 13.239 / upper = 0.750 / lower = 0.030)
[20190817_112159 / lib_ip.py:3753] file = img.20190817_112156.2019-08-17_01-39-14_000.jpg.2.png / val_Average = 97.4386	val_Variance = 13.2386	sd = 3.6385	max = 107	min = 85
[20190817_112159 / lib_ip.py:4378] len(Hs) = 8100, len(Ss) = 8100, len(Vs) = 8100
[20190817_112159 / lib_ip.py:4422] black : variance --> out of range (variance = 13.239 / upper = 0.000 / lower = 0.000)
[20190817_112159 / lib_ip.py:4593] file : img.20190817_112156.2019-08-17_01-39-14_000.jpg.2.png 1 (black : variance --> out of range (variance = 13.239 / upper = 0.000 / lower = 0.000))
[20190817_112159 / lib_ip.py:2274] inspecting ===> img.20190817_112156.2019-08-17_01-39-14_000.jpg.3.png
[20190817_112200 / lib_ip.py:4505] 
img.20190817_112156.2019-08-17_01-39-14_000.jpg.3.png 2 ---------------------
[20190817_112200 / lib_ip.py:3753] file = img.20190817_112156.2019-08-17_01-39-14_000.jpg.3.png / val_Average = 116.6274	val_Variance = 60.3281	sd = 7.7671	max = 168	min = 101
[20190817_112200 / lib_ip.py:3836] len(Hs) = 8100, len(Ss) = 8100, len(Vs) = 8100
[20190817_112200 / lib_ip.py:3869] yellow : variance --> out of range (variance = 60.328 / upper = 0.650 / lower = 0.000)
[20190817_112200 / lib_ip.py:3753] file = img.20190817_112156.2019-08-17_01-39-14_000.jpg.3.png / val_Average = 116.6274	val_Variance = 60.3281	sd = 7.7671	max = 168	min = 101
[20190817_112200 / lib_ip.py:3936] len(Hs) = 8100, len(Ss) = 8100, len(Vs) = 8100
[20190817_112200 / lib_ip.py:3982] red : variance --> out of range (variance = 60.328 / upper = 0.430 / lower = 0.000)
[20190817_112200 / lib_ip.py:3753] file = img.20190817_112156.2019-08-17_01-39-14_000.jpg.3.png / val_Average = 116.6274	val_Variance = 60.3281	sd = 7.7671	max = 168	min = 101
[20190817_112200 / lib_ip.py:4052] len(Hs) = 8100, len(Ss) = 8100, len(Vs) = 8100
[20190817_112201 / lib_ip.py:4099] green : variance --> out of range (variance = 60.328 / upper = 0.760 / lower = 0.000)
[20190817_112201 / lib_ip.py:3753] file = img.20190817_112156.2019-08-17_01-39-14_000.jpg.3.png / val_Average = 116.6274	val_Variance = 60.3281	sd = 7.7671	max = 168	min = 101
[20190817_112201 / lib_ip.py:4169] len(Hs) = 8100, len(Ss) = 8100, len(Vs) = 8100
[20190817_112201 / lib_ip.py:4208] blue : variance --> out of range (variance = 60.328 / upper = 0.930 / lower = 0.010)
[20190817_112201 / lib_ip.py:3753] file = img.20190817_112156.2019-08-17_01-39-14_000.jpg.3.png / val_Average = 116.6274	val_Variance = 60.3281	sd = 7.7671	max = 168	min = 101
[20190817_112201 / lib_ip.py:4275] len(Hs) = 8100, len(Ss) = 8100, len(Vs) = 8100
[20190817_112201 / lib_ip.py:4314] pink : variance --> out of range (variance = 60.328 / upper = 0.750 / lower = 0.030)
[20190817_112201 / lib_ip.py:3753] file = img.20190817_112156.2019-08-17_01-39-14_000.jpg.3.png / val_Average = 116.6274	val_Variance = 60.3281	sd = 7.7671	max = 168	min = 101
[20190817_112201 / lib_ip.py:4378] len(Hs) = 8100, len(Ss) = 8100, len(Vs) = 8100
[20190817_112201 / lib_ip.py:4422] black : variance --> out of range (variance = 60.328 / upper = 0.000 / lower = 0.000)
[20190817_112201 / lib_ip.py:4593] file : img.20190817_112156.2019-08-17_01-39-14_000.jpg.3.png 2 (black : variance --> out of range (variance = 60.328 / upper = 0.000 / lower = 0.000))
[20190817_112201 / lib_ip.py:2274] inspecting ===> img.20190817_112156.2019-08-17_01-39-14_000.jpg.4.png
[20190817_112202 / lib_ip.py:4505] 
img.20190817_112156.2019-08-17_01-39-14_000.jpg.4.png 3 ---------------------
[20190817_112202 / lib_ip.py:3753] file = img.20190817_112156.2019-08-17_01-39-14_000.jpg.4.png / val_Average = 103.0158	val_Variance = 2.6321	sd = 1.6224	max = 108	min = 95
[20190817_112202 / lib_ip.py:3836] len(Hs) = 8100, len(Ss) = 8100, len(Vs) = 8100
[20190817_112202 / lib_ip.py:3869] yellow : variance --> out of range (variance = 2.632 / upper = 0.650 / lower = 0.000)
[20190817_112202 / lib_ip.py:3753] file = img.20190817_112156.2019-08-17_01-39-14_000.jpg.4.png / val_Average = 103.0158	val_Variance = 2.6321	sd = 1.6224	max = 108	min = 95
[20190817_112202 / lib_ip.py:3936] len(Hs) = 8100, len(Ss) = 8100, len(Vs) = 8100
[20190817_112202 / lib_ip.py:3982] red : variance --> out of range (variance = 2.632 / upper = 0.430 / lower = 0.000)
[20190817_112202 / lib_ip.py:3753] file = img.20190817_112156.2019-08-17_01-39-14_000.jpg.4.png / val_Average = 103.0158	val_Variance = 2.6321	sd = 1.6224	max = 108	min = 95
[20190817_112202 / lib_ip.py:4052] len(Hs) = 8100, len(Ss) = 8100, len(Vs) = 8100
[20190817_112202 / lib_ip.py:4099] green : variance --> out of range (variance = 2.632 / upper = 0.760 / lower = 0.000)
[20190817_112202 / lib_ip.py:3753] file = img.20190817_112156.2019-08-17_01-39-14_000.jpg.4.png / val_Average = 103.0158	val_Variance = 2.6321	sd = 1.6224	max = 108	min = 95
[20190817_112202 / lib_ip.py:4169] len(Hs) = 8100, len(Ss) = 8100, len(Vs) = 8100
[20190817_112202 / lib_ip.py:4208] blue : variance --> out of range (variance = 2.632 / upper = 0.930 / lower = 0.010)
[20190817_112202 / lib_ip.py:3753] file = img.20190817_112156.2019-08-17_01-39-14_000.jpg.4.png / val_Average = 103.0158	val_Variance = 2.6321	sd = 1.6224	max = 108	min = 95
[20190817_112202 / lib_ip.py:4275] len(Hs) = 8100, len(Ss) = 8100, len(Vs) = 8100
[20190817_112203 / lib_ip.py:4314] pink : variance --> out of range (variance = 2.632 / upper = 0.750 / lower = 0.030)
[20190817_112203 / lib_ip.py:3753] file = img.20190817_112156.2019-08-17_01-39-14_000.jpg.4.png / val_Average = 103.0158	val_Variance = 2.6321	sd = 1.6224	max = 108	min = 95
[20190817_112203 / lib_ip.py:4378] len(Hs) = 8100, len(Ss) = 8100, len(Vs) = 8100
[20190817_112203 / lib_ip.py:4422] black : variance --> out of range (variance = 2.632 / upper = 0.000 / lower = 0.000)
[20190817_112203 / lib_ip.py:4593] file : img.20190817_112156.2019-08-17_01-39-14_000.jpg.4.png 3 (black : variance --> out of range (variance = 2.632 / upper = 0.000 / lower = 0.000))
[20190817_112201 / lib_ip.py:2274] inspecting ===> img.20190817_112156.2019-08-17_01-39-14_000.jpg.4.png
img.20190817_112156.2019-08-17_01-39-14_000.jpg.1.png => other
img.20190817_112156.2019-08-17_01-39-14_000.jpg.2.png => other
img.20190817_112156.2019-08-17_01-39-14_000.jpg.3.png => other
img.20190817_112156.2019-08-17_01-39-14_000.jpg.4.png => other
[20190817_112203 lib_ip.py:3301] =============== Get 4 corners
dpath_Images = C:\WORKS_2\WS\WS_Others.Art\JVEMV6\46_art\VIRTUAL\Admin_Projects\ip\images
fname_Image = img.20190817_112156.2019-08-17_01-39-14_000.jpg.4.png

[20190817_112204 / lib_ip.py:2274] inspecting ===> img.20190817_112203.2019-08-17_10-30-40_000.jpg.1.png
[20190817_112204 / lib_ip.py:4505] 
img.20190817_112203.2019-08-17_10-30-40_000.jpg.1.png 0 ---------------------
[20190817_112204 / lib_ip.py:3753] file = img.20190817_112203.2019-08-17_10-30-40_000.jpg.1.png / val_Average = 102.2072	val_Variance = 5.6435	sd = 2.3756	max = 109	min = 94
[20190817_112204 / lib_ip.py:3836] len(Hs) = 8100, len(Ss) = 8100, len(Vs) = 8100
[20190817_112204 / lib_ip.py:3869] yellow : variance --> out of range (variance = 5.644 / upper = 0.650 / lower = 0.000)
[20190817_112204 / lib_ip.py:3753] file = img.20190817_112203.2019-08-17_10-30-40_000.jpg.1.png / val_Average = 102.2072	val_Variance = 5.6435	sd = 2.3756	max = 109	min = 94
[20190817_112204 / lib_ip.py:3936] len(Hs) = 8100, len(Ss) = 8100, len(Vs) = 8100
[20190817_112205 / lib_ip.py:3982] red : variance --> out of range (variance = 5.644 / upper = 0.430 / lower = 0.000)
[20190817_112205 / lib_ip.py:3753] file = img.20190817_112203.2019-08-17_10-30-40_000.jpg.1.png / val_Average = 102.2072	val_Variance = 5.6435	sd = 2.3756	max = 109	min = 94
[20190817_112205 / lib_ip.py:4052] len(Hs) = 8100, len(Ss) = 8100, len(Vs) = 8100
[20190817_112205 / lib_ip.py:4099] green : variance --> out of range (variance = 5.644 / upper = 0.760 / lower = 0.000)
[20190817_112205 / lib_ip.py:3753] file = img.20190817_112203.2019-08-17_10-30-40_000.jpg.1.png / val_Average = 102.2072	val_Variance = 5.6435	sd = 2.3756	max = 109	min = 94
[20190817_112205 / lib_ip.py:4169] len(Hs) = 8100, len(Ss) = 8100, len(Vs) = 8100
[20190817_112205 / lib_ip.py:4208] blue : variance --> out of range (variance = 5.644 / upper = 0.930 / lower = 0.010)
[20190817_112205 / lib_ip.py:3753] file = img.20190817_112203.2019-08-17_10-30-40_000.jpg.1.png / val_Average = 102.2072	val_Variance = 5.6435	sd = 2.3756	max = 109	min = 94
[20190817_112205 / lib_ip.py:4275] len(Hs) = 8100, len(Ss) = 8100, len(Vs) = 8100
[20190817_112205 / lib_ip.py:4314] pink : variance --> out of range (variance = 5.644 / upper = 0.750 / lower = 0.030)
[20190817_112205 / lib_ip.py:3753] file = img.20190817_112203.2019-08-17_10-30-40_000.jpg.1.png / val_Average = 102.2072	val_Variance = 5.6435	sd = 2.3756	max = 109	min = 94
[20190817_112205 / lib_ip.py:4378] len(Hs) = 8100, len(Ss) = 8100, len(Vs) = 8100
[20190817_112205 / lib_ip.py:4422] black : variance --> out of range (variance = 5.644 / upper = 0.000 / lower = 0.000)
[20190817_112205 / lib_ip.py:4593] file : img.20190817_112203.2019-08-17_10-30-40_000.jpg.1.png 0 (black : variance --> out of range (variance = 5.644 / upper = 0.000 / lower = 0.000))
[20190817_112205 / lib_ip.py:2274] inspecting ===> img.20190817_112203.2019-08-17_10-30-40_000.jpg.2.png
[20190817_112206 / lib_ip.py:4505] 
img.20190817_112203.2019-08-17_10-30-40_000.jpg.2.png 1 ---------------------
[20190817_112206 / lib_ip.py:3753] file = img.20190817_112203.2019-08-17_10-30-40_000.jpg.2.png / val_Average = 3.0556	val_Variance = 265.6636	sd = 16.2992	max = 90	min = 0
[20190817_112206 / lib_ip.py:3836] len(Hs) = 8100, len(Ss) = 8100, len(Vs) = 8100
[20190817_112206 / lib_ip.py:3869] yellow : variance --> out of range (variance = 265.664 / upper = 0.650 / lower = 0.000)
[20190817_112206 / lib_ip.py:3753] file = img.20190817_112203.2019-08-17_10-30-40_000.jpg.2.png / val_Average = 3.0556	val_Variance = 265.6636	sd = 16.2992	max = 90	min = 0
[20190817_112206 / lib_ip.py:3936] len(Hs) = 8100, len(Ss) = 8100, len(Vs) = 8100
[20190817_112206 / lib_ip.py:3982] red : variance --> out of range (variance = 265.664 / upper = 0.430 / lower = 0.000)
[20190817_112206 / lib_ip.py:3753] file = img.20190817_112203.2019-08-17_10-30-40_000.jpg.2.png / val_Average = 3.0556	val_Variance = 265.6636	sd = 16.2992	max = 90	min = 0
[20190817_112206 / lib_ip.py:4052] len(Hs) = 8100, len(Ss) = 8100, len(Vs) = 8100
[20190817_112206 / lib_ip.py:4099] green : variance --> out of range (variance = 265.664 / upper = 0.760 / lower = 0.000)
[20190817_112207 / lib_ip.py:3753] file = img.20190817_112203.2019-08-17_10-30-40_000.jpg.2.png / val_Average = 3.0556	val_Variance = 265.6636	sd = 16.2992	max = 90	min = 0
[20190817_112207 / lib_ip.py:4169] len(Hs) = 8100, len(Ss) = 8100, len(Vs) = 8100
[20190817_112207 / lib_ip.py:4208] blue : variance --> out of range (variance = 265.664 / upper = 0.930 / lower = 0.010)
[20190817_112207 / lib_ip.py:3753] file = img.20190817_112203.2019-08-17_10-30-40_000.jpg.2.png / val_Average = 3.0556	val_Variance = 265.6636	sd = 16.2992	max = 90	min = 0
[20190817_112207 / lib_ip.py:4275] len(Hs) = 8100, len(Ss) = 8100, len(Vs) = 8100
[20190817_112207 / lib_ip.py:4314] pink : variance --> out of range (variance = 265.664 / upper = 0.750 / lower = 0.030)
[20190817_112207 / lib_ip.py:3753] file = img.20190817_112203.2019-08-17_10-30-40_000.jpg.2.png / val_Average = 3.0556	val_Variance = 265.6636	sd = 16.2992	max = 90	min = 0
[20190817_112207 / lib_ip.py:4378] len(Hs) = 8100, len(Ss) = 8100, len(Vs) = 8100
[20190817_112207 / lib_ip.py:4422] black : variance --> out of range (variance = 265.664 / upper = 0.000 / lower = 0.000)
[20190817_112207 / lib_ip.py:4593] file : img.20190817_112203.2019-08-17_10-30-40_000.jpg.2.png 1 (black : variance --> out of range (variance = 265.664 / upper = 0.000 / lower = 0.000))
[20190817_112207 / lib_ip.py:2274] inspecting ===> img.20190817_112203.2019-08-17_10-30-40_000.jpg.3.png
[20190817_112208 / lib_ip.py:4505] 
img.20190817_112203.2019-08-17_10-30-40_000.jpg.3.png 2 ---------------------
[20190817_112208 / lib_ip.py:3753] file = img.20190817_112203.2019-08-17_10-30-40_000.jpg.3.png / val_Average = 101.0885	val_Variance = 0.5439	sd = 0.7375	max = 104	min = 99
[20190817_112208 / lib_ip.py:3836] len(Hs) = 8100, len(Ss) = 8100, len(Vs) = 8100
[20190817_112208 / lib_ip.py:3891] yellow : average --> out of range (average = 101.089 / upper = 99.200 / lower = 85.500)
[20190817_112208 / lib_ip.py:3753] file = img.20190817_112203.2019-08-17_10-30-40_000.jpg.3.png / val_Average = 101.0885	val_Variance = 0.5439	sd = 0.7375	max = 104	min = 99
[20190817_112208 / lib_ip.py:3936] len(Hs) = 8100, len(Ss) = 8100, len(Vs) = 8100
[20190817_112208 / lib_ip.py:3982] red : variance --> out of range (variance = 0.544 / upper = 0.430 / lower = 0.000)
[20190817_112208 / lib_ip.py:3753] file = img.20190817_112203.2019-08-17_10-30-40_000.jpg.3.png / val_Average = 101.0885	val_Variance = 0.5439	sd = 0.7375	max = 104	min = 99
[20190817_112208 / lib_ip.py:4052] len(Hs) = 8100, len(Ss) = 8100, len(Vs) = 8100
[20190817_112208 / lib_ip.py:4124] green : average --> out of range (average = 101.089 / upper = 85.000 / lower = 58.000)
[20190817_112208 / lib_ip.py:3753] file = img.20190817_112203.2019-08-17_10-30-40_000.jpg.3.png / val_Average = 101.0885	val_Variance = 0.5439	sd = 0.7375	max = 104	min = 99
[20190817_112208 / lib_ip.py:4169] len(Hs) = 8100, len(Ss) = 8100, len(Vs) = 8100
[20190817_112208 / lib_ip.py:4230] blue : average --> out of range (average = 101.089 / upper = 17.000 / lower = 8.850)
[20190817_112209 / lib_ip.py:3753] file = img.20190817_112203.2019-08-17_10-30-40_000.jpg.3.png / val_Average = 101.0885	val_Variance = 0.5439	sd = 0.7375	max = 104	min = 99
[20190817_112209 / lib_ip.py:4275] len(Hs) = 8100, len(Ss) = 8100, len(Vs) = 8100
[20190817_112209 / lib_ip.py:4336] pink : average --> out of range (average = 101.089 / upper = 141.000 / lower = 127.900)
[20190817_112209 / lib_ip.py:3753] file = img.20190817_112203.2019-08-17_10-30-40_000.jpg.3.png / val_Average = 101.0885	val_Variance = 0.5439	sd = 0.7375	max = 104	min = 99
[20190817_112209 / lib_ip.py:4378] len(Hs) = 8100, len(Ss) = 8100, len(Vs) = 8100
[20190817_112209 / lib_ip.py:4422] black : variance --> out of range (variance = 0.544 / upper = 0.000 / lower = 0.000)
[20190817_112209 / lib_ip.py:4593] file : img.20190817_112203.2019-08-17_10-30-40_000.jpg.3.png 2 (black : variance --> out of range (variance = 0.544 / upper = 0.000 / lower = 0.000))
[20190817_112209 / lib_ip.py:2274] inspecting ===> img.20190817_112203.2019-08-17_10-30-40_000.jpg.4.png
[20190817_112209 / lib_ip.py:4505] 
img.20190817_112203.2019-08-17_10-30-40_000.jpg.4.png 3 ---------------------
[20190817_112209 / lib_ip.py:3753] file = img.20190817_112203.2019-08-17_10-30-40_000.jpg.4.png / val_Average = 102.3306	val_Variance = 0.6941	sd = 0.8332	max = 105	min = 100
[20190817_112210 / lib_ip.py:3836] len(Hs) = 8100, len(Ss) = 8100, len(Vs) = 8100
[20190817_112210 / lib_ip.py:3869] yellow : variance --> out of range (variance = 0.694 / upper = 0.650 / lower = 0.000)
[20190817_112210 / lib_ip.py:3753] file = img.20190817_112203.2019-08-17_10-30-40_000.jpg.4.png / val_Average = 102.3306	val_Variance = 0.6941	sd = 0.8332	max = 105	min = 100
[20190817_112210 / lib_ip.py:3936] len(Hs) = 8100, len(Ss) = 8100, len(Vs) = 8100
[20190817_112210 / lib_ip.py:3982] red : variance --> out of range (variance = 0.694 / upper = 0.430 / lower = 0.000)
[20190817_112210 / lib_ip.py:3753] file = img.20190817_112203.2019-08-17_10-30-40_000.jpg.4.png / val_Average = 102.3306	val_Variance = 0.6941	sd = 0.8332	max = 105	min = 100
[20190817_112210 / lib_ip.py:4052] len(Hs) = 8100, len(Ss) = 8100, len(Vs) = 8100
[20190817_112210 / lib_ip.py:4124] green : average --> out of range (average = 102.331 / upper = 85.000 / lower = 58.000)
[20190817_112210 / lib_ip.py:3753] file = img.20190817_112203.2019-08-17_10-30-40_000.jpg.4.png / val_Average = 102.3306	val_Variance = 0.6941	sd = 0.8332	max = 105	min = 100
[20190817_112210 / lib_ip.py:4169] len(Hs) = 8100, len(Ss) = 8100, len(Vs) = 8100
[20190817_112210 / lib_ip.py:4230] blue : average --> out of range (average = 102.331 / upper = 17.000 / lower = 8.850)
[20190817_112210 / lib_ip.py:3753] file = img.20190817_112203.2019-08-17_10-30-40_000.jpg.4.png / val_Average = 102.3306	val_Variance = 0.6941	sd = 0.8332	max = 105	min = 100
[20190817_112211 / lib_ip.py:4275] len(Hs) = 8100, len(Ss) = 8100, len(Vs) = 8100
[20190817_112211 / lib_ip.py:4336] pink : average --> out of range (average = 102.331 / upper = 141.000 / lower = 127.900)
[20190817_112211 / lib_ip.py:3753] file = img.20190817_112203.2019-08-17_10-30-40_000.jpg.4.png / val_Average = 102.3306	val_Variance = 0.6941	sd = 0.8332	max = 105	min = 100
[20190817_112211 / lib_ip.py:4378] len(Hs) = 8100, len(Ss) = 8100, len(Vs) = 8100
[20190817_112211 / lib_ip.py:4422] black : variance --> out of range (variance = 0.694 / upper = 0.000 / lower = 0.000)
[20190817_112211 / lib_ip.py:4593] file : img.20190817_112203.2019-08-17_10-30-40_000.jpg.4.png 3 (black : variance --> out of range (variance = 0.694 / upper = 0.000 / lower = 0.000))
[20190817_112209 / lib_ip.py:2274] inspecting ===> img.20190817_112203.2019-08-17_10-30-40_000.jpg.4.png
img.20190817_112203.2019-08-17_10-30-40_000.jpg.1.png => other
img.20190817_112203.2019-08-17_10-30-40_000.jpg.2.png => other
img.20190817_112203.2019-08-17_10-30-40_000.jpg.3.png => other
img.20190817_112203.2019-08-17_10-30-40_000.jpg.4.png => other
[20190817_112211 lib_ip.py:3301] =============== Get 4 corners
dpath_Images = C:\WORKS_2\WS\WS_Others.Art\JVEMV6\46_art\VIRTUAL\Admin_Projects\ip\images
fname_Image = img.20190817_112203.2019-08-17_10-30-40_000.jpg.4.png

[20190817_112212 / lib_ip.py:2274] inspecting ===> img.20190817_112211.2019-08-17_10-47-29_000.jpg.1.png
[20190817_112212 / lib_ip.py:4505] 
img.20190817_112211.2019-08-17_10-47-29_000.jpg.1.png 0 ---------------------
[20190817_112212 / lib_ip.py:3753] file = img.20190817_112211.2019-08-17_10-47-29_000.jpg.1.png / val_Average = 106.6942	val_Variance = 0.6575	sd = 0.8108	max = 110	min = 104
[20190817_112212 / lib_ip.py:3836] len(Hs) = 8100, len(Ss) = 8100, len(Vs) = 8100
[20190817_112212 / lib_ip.py:3869] yellow : variance --> out of range (variance = 0.657 / upper = 0.650 / lower = 0.000)
[20190817_112212 / lib_ip.py:3753] file = img.20190817_112211.2019-08-17_10-47-29_000.jpg.1.png / val_Average = 106.6942	val_Variance = 0.6575	sd = 0.8108	max = 110	min = 104
[20190817_112212 / lib_ip.py:3936] len(Hs) = 8100, len(Ss) = 8100, len(Vs) = 8100
[20190817_112213 / lib_ip.py:3982] red : variance --> out of range (variance = 0.657 / upper = 0.430 / lower = 0.000)
[20190817_112213 / lib_ip.py:3753] file = img.20190817_112211.2019-08-17_10-47-29_000.jpg.1.png / val_Average = 106.6942	val_Variance = 0.6575	sd = 0.8108	max = 110	min = 104
[20190817_112213 / lib_ip.py:4052] len(Hs) = 8100, len(Ss) = 8100, len(Vs) = 8100
[20190817_112213 / lib_ip.py:4124] green : average --> out of range (average = 106.694 / upper = 85.000 / lower = 58.000)
[20190817_112213 / lib_ip.py:3753] file = img.20190817_112211.2019-08-17_10-47-29_000.jpg.1.png / val_Average = 106.6942	val_Variance = 0.6575	sd = 0.8108	max = 110	min = 104
[20190817_112213 / lib_ip.py:4169] len(Hs) = 8100, len(Ss) = 8100, len(Vs) = 8100
[20190817_112213 / lib_ip.py:4230] blue : average --> out of range (average = 106.694 / upper = 17.000 / lower = 8.850)
[20190817_112213 / lib_ip.py:3753] file = img.20190817_112211.2019-08-17_10-47-29_000.jpg.1.png / val_Average = 106.6942	val_Variance = 0.6575	sd = 0.8108	max = 110	min = 104
[20190817_112213 / lib_ip.py:4275] len(Hs) = 8100, len(Ss) = 8100, len(Vs) = 8100
[20190817_112213 / lib_ip.py:4336] pink : average --> out of range (average = 106.694 / upper = 141.000 / lower = 127.900)
[20190817_112213 / lib_ip.py:3753] file = img.20190817_112211.2019-08-17_10-47-29_000.jpg.1.png / val_Average = 106.6942	val_Variance = 0.6575	sd = 0.8108	max = 110	min = 104
[20190817_112213 / lib_ip.py:4378] len(Hs) = 8100, len(Ss) = 8100, len(Vs) = 8100
[20190817_112213 / lib_ip.py:4422] black : variance --> out of range (variance = 0.657 / upper = 0.000 / lower = 0.000)
[20190817_112214 / lib_ip.py:4593] file : img.20190817_112211.2019-08-17_10-47-29_000.jpg.1.png 0 (black : variance --> out of range (variance = 0.657 / upper = 0.000 / lower = 0.000))
[20190817_112214 / lib_ip.py:2274] inspecting ===> img.20190817_112211.2019-08-17_10-47-29_000.jpg.2.png
[20190817_112214 / lib_ip.py:4505] 
img.20190817_112211.2019-08-17_10-47-29_000.jpg.2.png 1 ---------------------
[20190817_112214 / lib_ip.py:3753] file = img.20190817_112211.2019-08-17_10-47-29_000.jpg.2.png / val_Average = 133.4123	val_Variance = 0.3154	sd = 0.5616	max = 135	min = 132
[20190817_112214 / lib_ip.py:3836] len(Hs) = 8100, len(Ss) = 8100, len(Vs) = 8100
[20190817_112214 / lib_ip.py:3891] yellow : average --> out of range (average = 133.412 / upper = 99.200 / lower = 85.500)
[20190817_112214 / lib_ip.py:3753] file = img.20190817_112211.2019-08-17_10-47-29_000.jpg.2.png / val_Average = 133.4123	val_Variance = 0.3154	sd = 0.5616	max = 135	min = 132
[20190817_112214 / lib_ip.py:3936] len(Hs) = 8100, len(Ss) = 8100, len(Vs) = 8100
[20190817_112214 / lib_ip.py:4007] red : average --> out of range (average = 133.412 / upper = 124.600 / lower = 115.000)
[20190817_112214 / lib_ip.py:3753] file = img.20190817_112211.2019-08-17_10-47-29_000.jpg.2.png / val_Average = 133.4123	val_Variance = 0.3154	sd = 0.5616	max = 135	min = 132
[20190817_112214 / lib_ip.py:4052] len(Hs) = 8100, len(Ss) = 8100, len(Vs) = 8100
[20190817_112215 / lib_ip.py:4124] green : average --> out of range (average = 133.412 / upper = 85.000 / lower = 58.000)
[20190817_112215 / lib_ip.py:3753] file = img.20190817_112211.2019-08-17_10-47-29_000.jpg.2.png / val_Average = 133.4123	val_Variance = 0.3154	sd = 0.5616	max = 135	min = 132
[20190817_112215 / lib_ip.py:4169] len(Hs) = 8100, len(Ss) = 8100, len(Vs) = 8100
[20190817_112215 / lib_ip.py:4230] blue : average --> out of range (average = 133.412 / upper = 17.000 / lower = 8.850)
[20190817_112215 / lib_ip.py:3753] file = img.20190817_112211.2019-08-17_10-47-29_000.jpg.2.png / val_Average = 133.4123	val_Variance = 0.3154	sd = 0.5616	max = 135	min = 132
[20190817_112215 / lib_ip.py:4275] len(Hs) = 8100, len(Ss) = 8100, len(Vs) = 8100
[20190817_112215 / lib_ip.py:2274] inspecting ===> img.20190817_112211.2019-08-17_10-47-29_000.jpg.3.png
[20190817_112215 / lib_ip.py:4505] 
img.20190817_112211.2019-08-17_10-47-29_000.jpg.3.png 2 ---------------------
[20190817_112215 / lib_ip.py:3753] file = img.20190817_112211.2019-08-17_10-47-29_000.jpg.3.png / val_Average = 106.3710	val_Variance = 1.2719	sd = 1.1278	max = 110	min = 101
[20190817_112215 / lib_ip.py:3836] len(Hs) = 8100, len(Ss) = 8100, len(Vs) = 8100
[20190817_112216 / lib_ip.py:3869] yellow : variance --> out of range (variance = 1.272 / upper = 0.650 / lower = 0.000)
[20190817_112216 / lib_ip.py:3753] file = img.20190817_112211.2019-08-17_10-47-29_000.jpg.3.png / val_Average = 106.3710	val_Variance = 1.2719	sd = 1.1278	max = 110	min = 101
[20190817_112216 / lib_ip.py:3936] len(Hs) = 8100, len(Ss) = 8100, len(Vs) = 8100
[20190817_112216 / lib_ip.py:3982] red : variance --> out of range (variance = 1.272 / upper = 0.430 / lower = 0.000)
[20190817_112216 / lib_ip.py:3753] file = img.20190817_112211.2019-08-17_10-47-29_000.jpg.3.png / val_Average = 106.3710	val_Variance = 1.2719	sd = 1.1278	max = 110	min = 101
[20190817_112216 / lib_ip.py:4052] len(Hs) = 8100, len(Ss) = 8100, len(Vs) = 8100
[20190817_112216 / lib_ip.py:4099] green : variance --> out of range (variance = 1.272 / upper = 0.760 / lower = 0.000)
[20190817_112216 / lib_ip.py:3753] file = img.20190817_112211.2019-08-17_10-47-29_000.jpg.3.png / val_Average = 106.3710	val_Variance = 1.2719	sd = 1.1278	max = 110	min = 101
[20190817_112216 / lib_ip.py:4169] len(Hs) = 8100, len(Ss) = 8100, len(Vs) = 8100
[20190817_112216 / lib_ip.py:4208] blue : variance --> out of range (variance = 1.272 / upper = 0.930 / lower = 0.010)
[20190817_112216 / lib_ip.py:3753] file = img.20190817_112211.2019-08-17_10-47-29_000.jpg.3.png / val_Average = 106.3710	val_Variance = 1.2719	sd = 1.1278	max = 110	min = 101
[20190817_112216 / lib_ip.py:4275] len(Hs) = 8100, len(Ss) = 8100, len(Vs) = 8100
[20190817_112216 / lib_ip.py:4314] pink : variance --> out of range (variance = 1.272 / upper = 0.750 / lower = 0.030)
[20190817_112217 / lib_ip.py:3753] file = img.20190817_112211.2019-08-17_10-47-29_000.jpg.3.png / val_Average = 106.3710	val_Variance = 1.2719	sd = 1.1278	max = 110	min = 101
[20190817_112217 / lib_ip.py:4378] len(Hs) = 8100, len(Ss) = 8100, len(Vs) = 8100
[20190817_112217 / lib_ip.py:4422] black : variance --> out of range (variance = 1.272 / upper = 0.000 / lower = 0.000)
[20190817_112217 / lib_ip.py:4593] file : img.20190817_112211.2019-08-17_10-47-29_000.jpg.3.png 2 (black : variance --> out of range (variance = 1.272 / upper = 0.000 / lower = 0.000))
[20190817_112217 / lib_ip.py:2274] inspecting ===> img.20190817_112211.2019-08-17_10-47-29_000.jpg.4.png
[20190817_112217 / lib_ip.py:4505] 
img.20190817_112211.2019-08-17_10-47-29_000.jpg.4.png 3 ---------------------
[20190817_112217 / lib_ip.py:3753] file = img.20190817_112211.2019-08-17_10-47-29_000.jpg.4.png / val_Average = 109.6284	val_Variance = 9.7083	sd = 3.1158	max = 123	min = 95
[20190817_112217 / lib_ip.py:3836] len(Hs) = 8100, len(Ss) = 8100, len(Vs) = 8100
[20190817_112217 / lib_ip.py:3869] yellow : variance --> out of range (variance = 9.708 / upper = 0.650 / lower = 0.000)
[20190817_112218 / lib_ip.py:3753] file = img.20190817_112211.2019-08-17_10-47-29_000.jpg.4.png / val_Average = 109.6284	val_Variance = 9.7083	sd = 3.1158	max = 123	min = 95
[20190817_112218 / lib_ip.py:3936] len(Hs) = 8100, len(Ss) = 8100, len(Vs) = 8100
[20190817_112218 / lib_ip.py:3982] red : variance --> out of range (variance = 9.708 / upper = 0.430 / lower = 0.000)
[20190817_112218 / lib_ip.py:3753] file = img.20190817_112211.2019-08-17_10-47-29_000.jpg.4.png / val_Average = 109.6284	val_Variance = 9.7083	sd = 3.1158	max = 123	min = 95
[20190817_112218 / lib_ip.py:4052] len(Hs) = 8100, len(Ss) = 8100, len(Vs) = 8100
[20190817_112218 / lib_ip.py:4099] green : variance --> out of range (variance = 9.708 / upper = 0.760 / lower = 0.000)
[20190817_112218 / lib_ip.py:3753] file = img.20190817_112211.2019-08-17_10-47-29_000.jpg.4.png / val_Average = 109.6284	val_Variance = 9.7083	sd = 3.1158	max = 123	min = 95
[20190817_112218 / lib_ip.py:4169] len(Hs) = 8100, len(Ss) = 8100, len(Vs) = 8100
[20190817_112218 / lib_ip.py:4208] blue : variance --> out of range (variance = 9.708 / upper = 0.930 / lower = 0.010)
[20190817_112218 / lib_ip.py:3753] file = img.20190817_112211.2019-08-17_10-47-29_000.jpg.4.png / val_Average = 109.6284	val_Variance = 9.7083	sd = 3.1158	max = 123	min = 95
[20190817_112218 / lib_ip.py:4275] len(Hs) = 8100, len(Ss) = 8100, len(Vs) = 8100
[20190817_112218 / lib_ip.py:4314] pink : variance --> out of range (variance = 9.708 / upper = 0.750 / lower = 0.030)
[20190817_112218 / lib_ip.py:3753] file = img.20190817_112211.2019-08-17_10-47-29_000.jpg.4.png / val_Average = 109.6284	val_Variance = 9.7083	sd = 3.1158	max = 123	min = 95
[20190817_112218 / lib_ip.py:4378] len(Hs) = 8100, len(Ss) = 8100, len(Vs) = 8100
[20190817_112218 / lib_ip.py:4422] black : variance --> out of range (variance = 9.708 / upper = 0.000 / lower = 0.000)
[20190817_112218 / lib_ip.py:4593] file : img.20190817_112211.2019-08-17_10-47-29_000.jpg.4.png 3 (black : variance --> out of range (variance = 9.708 / upper = 0.000 / lower = 0.000))
[20190817_112217 / lib_ip.py:2274] inspecting ===> img.20190817_112211.2019-08-17_10-47-29_000.jpg.4.png
img.20190817_112211.2019-08-17_10-47-29_000.jpg.1.png => other
img.20190817_112211.2019-08-17_10-47-29_000.jpg.2.png => other
img.20190817_112211.2019-08-17_10-47-29_000.jpg.3.png => other
img.20190817_112211.2019-08-17_10-47-29_000.jpg.4.png => other
[20190817_112218 lib_ip.py:3301] =============== Get 4 corners
dpath_Images = C:\WORKS_2\WS\WS_Others.Art\JVEMV6\46_art\VIRTUAL\Admin_Projects\ip\images
fname_Image = img.20190817_112211.2019-08-17_10-47-29_000.jpg.4.png

[20190817_112218 / views.py:1411] gen csv => complete (20190817_112218)(elapsed = 60.721 sec / 9 files / 6.747 sec per file)
1)	2019-08-16_09-41-21_000.jpg => 	green other green other 
2)	2019-08-16_10-44-59_000.jpg => 	other other yellow other 
3)	2019-08-16_14-23-29_000.jpg => 	other blue other other 
4)	2019-08-16_16-17-21_000.jpg => 	other red other green 
5)	2019-08-16_18-16-28_000.jpg => 	other other other red 
6)	2019-08-16_20-41-53_000.jpg => 	other yellow other other 
7)	2019-08-17_01-39-14_000.jpg => 	other other other other 
8)	2019-08-17_10-30-40_000.jpg => 	other other other other 
9)	2019-08-17_10-47-29_000.jpg => 	other pink other other 
[20190817_112219 / views.py:1753] lo_ColorName_Set__Modified_2 =>
1)	2019-08-16_09-41-21_000.jpg => 	g g o o 
2)	2019-08-16_10-44-59_000.jpg => 	o o o y 
3)	2019-08-16_14-23-29_000.jpg => 	b o o o 
4)	2019-08-16_16-17-21_000.jpg => 	g o o r 
5)	2019-08-16_18-16-28_000.jpg => 	o o o r 
6)	2019-08-16_20-41-53_000.jpg => 	o o o y 
7)	2019-08-17_01-39-14_000.jpg => 	o o o o 
8)	2019-08-17_10-30-40_000.jpg => 	o o o o 
9)	2019-08-17_10-47-29_000.jpg => 	o o o p 
[20190817_112220 / views.py:1839] gen_Cake_CSV(request) ==> ending... =======================//

