[20191130_065709 / views.py:1822] gen_Cake_CSV(request) ==> starting... =======================
[20191130_065713 / lib_ip.py:2274] inspecting ===> img.20191130_065713.2019-11-29_07-35-59_000.jpg.1.png
[20191130_065714 / lib_ip.py:4505] 
img.20191130_065713.2019-11-29_07-35-59_000.jpg.1.png 0 ---------------------
[20191130_065714 / lib_ip.py:3753] file = img.20191130_065713.2019-11-29_07-35-59_000.jpg.1.png / val_Average = 109.3591	val_Variance = 9.6247	sd = 3.1024	max = 120	min = 86
[20191130_065714 / lib_ip.py:3836] len(Hs) = 8100, len(Ss) = 8100, len(Vs) = 8100
[20191130_065715 / lib_ip.py:3869] yellow : variance --> out of range (variance = 9.625 / upper = 0.650 / lower = 0.000)
[20191130_065715 / lib_ip.py:3753] file = img.20191130_065713.2019-11-29_07-35-59_000.jpg.1.png / val_Average = 109.3591	val_Variance = 9.6247	sd = 3.1024	max = 120	min = 86
[20191130_065715 / lib_ip.py:3936] len(Hs) = 8100, len(Ss) = 8100, len(Vs) = 8100
[20191130_065715 / lib_ip.py:3982] red : variance --> out of range (variance = 9.625 / upper = 0.430 / lower = 0.000)
[20191130_065715 / lib_ip.py:3753] file = img.20191130_065713.2019-11-29_07-35-59_000.jpg.1.png / val_Average = 109.3591	val_Variance = 9.6247	sd = 3.1024	max = 120	min = 86
[20191130_065715 / lib_ip.py:4052] len(Hs) = 8100, len(Ss) = 8100, len(Vs) = 8100
[20191130_065715 / lib_ip.py:4099] green : variance --> out of range (variance = 9.625 / upper = 0.760 / lower = 0.000)
[20191130_065715 / lib_ip.py:3753] file = img.20191130_065713.2019-11-29_07-35-59_000.jpg.1.png / val_Average = 109.3591	val_Variance = 9.6247	sd = 3.1024	max = 120	min = 86
[20191130_065715 / lib_ip.py:4169] len(Hs) = 8100, len(Ss) = 8100, len(Vs) = 8100
[20191130_065715 / lib_ip.py:4208] blue : variance --> out of range (variance = 9.625 / upper = 0.930 / lower = 0.010)
[20191130_065715 / lib_ip.py:3753] file = img.20191130_065713.2019-11-29_07-35-59_000.jpg.1.png / val_Average = 109.3591	val_Variance = 9.6247	sd = 3.1024	max = 120	min = 86
[20191130_065715 / lib_ip.py:4275] len(Hs) = 8100, len(Ss) = 8100, len(Vs) = 8100
[20191130_065715 / lib_ip.py:4314] pink : variance --> out of range (variance = 9.625 / upper = 0.750 / lower = 0.030)
[20191130_065715 / lib_ip.py:3753] file = img.20191130_065713.2019-11-29_07-35-59_000.jpg.1.png / val_Average = 109.3591	val_Variance = 9.6247	sd = 3.1024	max = 120	min = 86
[20191130_065715 / lib_ip.py:4378] len(Hs) = 8100, len(Ss) = 8100, len(Vs) = 8100
[20191130_065715 / lib_ip.py:4422] black : variance --> out of range (variance = 9.625 / upper = 0.000 / lower = 0.000)
[20191130_065715 / lib_ip.py:4593] file : img.20191130_065713.2019-11-29_07-35-59_000.jpg.1.png 0 (black : variance --> out of range (variance = 9.625 / upper = 0.000 / lower = 0.000))
[20191130_065715 / lib_ip.py:2274] inspecting ===> img.20191130_065713.2019-11-29_07-35-59_000.jpg.2.png
[20191130_065716 / lib_ip.py:4505] 
img.20191130_065713.2019-11-29_07-35-59_000.jpg.2.png 1 ---------------------
[20191130_065716 / lib_ip.py:3753] file = img.20191130_065713.2019-11-29_07-35-59_000.jpg.2.png / val_Average = 121.7398	val_Variance = 0.2056	sd = 0.4534	max = 122	min = 120
[20191130_065716 / lib_ip.py:3836] len(Hs) = 8100, len(Ss) = 8100, len(Vs) = 8100
[20191130_065716 / lib_ip.py:3891] yellow : average --> out of range (average = 121.740 / upper = 99.200 / lower = 85.500)
[20191130_065716 / lib_ip.py:3753] file = img.20191130_065713.2019-11-29_07-35-59_000.jpg.2.png / val_Average = 121.7398	val_Variance = 0.2056	sd = 0.4534	max = 122	min = 120
[20191130_065716 / lib_ip.py:3936] len(Hs) = 8100, len(Ss) = 8100, len(Vs) = 8100
[20191130_065716 / lib_ip.py:2274] inspecting ===> img.20191130_065713.2019-11-29_07-35-59_000.jpg.3.png
[20191130_065717 / lib_ip.py:4505] 
img.20191130_065713.2019-11-29_07-35-59_000.jpg.3.png 2 ---------------------
[20191130_065717 / lib_ip.py:3753] file = img.20191130_065713.2019-11-29_07-35-59_000.jpg.3.png / val_Average = 110.3610	val_Variance = 6.1341	sd = 2.4767	max = 118	min = 102
[20191130_065717 / lib_ip.py:3836] len(Hs) = 8100, len(Ss) = 8100, len(Vs) = 8100
[20191130_065717 / lib_ip.py:3869] yellow : variance --> out of range (variance = 6.134 / upper = 0.650 / lower = 0.000)
[20191130_065717 / lib_ip.py:3753] file = img.20191130_065713.2019-11-29_07-35-59_000.jpg.3.png / val_Average = 110.3610	val_Variance = 6.1341	sd = 2.4767	max = 118	min = 102
[20191130_065717 / lib_ip.py:3936] len(Hs) = 8100, len(Ss) = 8100, len(Vs) = 8100
[20191130_065717 / lib_ip.py:3982] red : variance --> out of range (variance = 6.134 / upper = 0.430 / lower = 0.000)
[20191130_065717 / lib_ip.py:3753] file = img.20191130_065713.2019-11-29_07-35-59_000.jpg.3.png / val_Average = 110.3610	val_Variance = 6.1341	sd = 2.4767	max = 118	min = 102
[20191130_065717 / lib_ip.py:4052] len(Hs) = 8100, len(Ss) = 8100, len(Vs) = 8100
[20191130_065717 / lib_ip.py:4099] green : variance --> out of range (variance = 6.134 / upper = 0.760 / lower = 0.000)
[20191130_065717 / lib_ip.py:3753] file = img.20191130_065713.2019-11-29_07-35-59_000.jpg.3.png / val_Average = 110.3610	val_Variance = 6.1341	sd = 2.4767	max = 118	min = 102
[20191130_065717 / lib_ip.py:4169] len(Hs) = 8100, len(Ss) = 8100, len(Vs) = 8100
[20191130_065717 / lib_ip.py:4208] blue : variance --> out of range (variance = 6.134 / upper = 0.930 / lower = 0.010)
[20191130_065717 / lib_ip.py:3753] file = img.20191130_065713.2019-11-29_07-35-59_000.jpg.3.png / val_Average = 110.3610	val_Variance = 6.1341	sd = 2.4767	max = 118	min = 102
[20191130_065717 / lib_ip.py:4275] len(Hs) = 8100, len(Ss) = 8100, len(Vs) = 8100
[20191130_065718 / lib_ip.py:4314] pink : variance --> out of range (variance = 6.134 / upper = 0.750 / lower = 0.030)
[20191130_065718 / lib_ip.py:3753] file = img.20191130_065713.2019-11-29_07-35-59_000.jpg.3.png / val_Average = 110.3610	val_Variance = 6.1341	sd = 2.4767	max = 118	min = 102
[20191130_065718 / lib_ip.py:4378] len(Hs) = 8100, len(Ss) = 8100, len(Vs) = 8100
[20191130_065718 / lib_ip.py:4422] black : variance --> out of range (variance = 6.134 / upper = 0.000 / lower = 0.000)
[20191130_065718 / lib_ip.py:4593] file : img.20191130_065713.2019-11-29_07-35-59_000.jpg.3.png 2 (black : variance --> out of range (variance = 6.134 / upper = 0.000 / lower = 0.000))
[20191130_065718 / lib_ip.py:2274] inspecting ===> img.20191130_065713.2019-11-29_07-35-59_000.jpg.4.png
[20191130_065718 / lib_ip.py:4505] 
img.20191130_065713.2019-11-29_07-35-59_000.jpg.4.png 3 ---------------------
[20191130_065718 / lib_ip.py:3753] file = img.20191130_065713.2019-11-29_07-35-59_000.jpg.4.png / val_Average = 76.8470	val_Variance = 0.2429	sd = 0.4928	max = 78	min = 76
[20191130_065718 / lib_ip.py:3836] len(Hs) = 8100, len(Ss) = 8100, len(Vs) = 8100
[20191130_065718 / lib_ip.py:3891] yellow : average --> out of range (average = 76.847 / upper = 99.200 / lower = 85.500)
[20191130_065718 / lib_ip.py:3753] file = img.20191130_065713.2019-11-29_07-35-59_000.jpg.4.png / val_Average = 76.8470	val_Variance = 0.2429	sd = 0.4928	max = 78	min = 76
[20191130_065718 / lib_ip.py:3936] len(Hs) = 8100, len(Ss) = 8100, len(Vs) = 8100
[20191130_065718 / lib_ip.py:4007] red : average --> out of range (average = 76.847 / upper = 124.600 / lower = 115.000)
[20191130_065718 / lib_ip.py:3753] file = img.20191130_065713.2019-11-29_07-35-59_000.jpg.4.png / val_Average = 76.8470	val_Variance = 0.2429	sd = 0.4928	max = 78	min = 76
[20191130_065718 / lib_ip.py:4052] len(Hs) = 8100, len(Ss) = 8100, len(Vs) = 8100
[20191130_065718 / lib_ip.py:2274] inspecting ===> img.20191130_065713.2019-11-29_07-35-59_000.jpg.4.png
img.20191130_065713.2019-11-29_07-35-59_000.jpg.1.png => other
img.20191130_065713.2019-11-29_07-35-59_000.jpg.2.png => other
img.20191130_065713.2019-11-29_07-35-59_000.jpg.3.png => other
img.20191130_065713.2019-11-29_07-35-59_000.jpg.4.png => other
[20191130_065719 lib_ip.py:3301] =============== Get 4 corners
dpath_Images = C:\WORKS_2\WS\WS_Others.Art\JVEMV6\46_art\VIRTUAL\Admin_Projects\ip\images
fname_Image = img.20191130_065713.2019-11-29_07-35-59_000.jpg.4.png

[20191130_065721 / lib_ip.py:2274] inspecting ===> img.20191130_065721.2019-11-29_08-00-46_000.jpg.1.png
[20191130_065722 / lib_ip.py:4505] 
img.20191130_065721.2019-11-29_08-00-46_000.jpg.1.png 0 ---------------------
[20191130_065722 / lib_ip.py:3753] file = img.20191130_065721.2019-11-29_08-00-46_000.jpg.1.png / val_Average = 106.6546	val_Variance = 2.4254	sd = 1.5574	max = 115	min = 102
[20191130_065722 / lib_ip.py:3836] len(Hs) = 8100, len(Ss) = 8100, len(Vs) = 8100
[20191130_065722 / lib_ip.py:3869] yellow : variance --> out of range (variance = 2.425 / upper = 0.650 / lower = 0.000)
[20191130_065722 / lib_ip.py:3753] file = img.20191130_065721.2019-11-29_08-00-46_000.jpg.1.png / val_Average = 106.6546	val_Variance = 2.4254	sd = 1.5574	max = 115	min = 102
[20191130_065722 / lib_ip.py:3936] len(Hs) = 8100, len(Ss) = 8100, len(Vs) = 8100
[20191130_065722 / lib_ip.py:3982] red : variance --> out of range (variance = 2.425 / upper = 0.430 / lower = 0.000)
[20191130_065722 / lib_ip.py:3753] file = img.20191130_065721.2019-11-29_08-00-46_000.jpg.1.png / val_Average = 106.6546	val_Variance = 2.4254	sd = 1.5574	max = 115	min = 102
[20191130_065722 / lib_ip.py:4052] len(Hs) = 8100, len(Ss) = 8100, len(Vs) = 8100
[20191130_065722 / lib_ip.py:4099] green : variance --> out of range (variance = 2.425 / upper = 0.760 / lower = 0.000)
[20191130_065722 / lib_ip.py:3753] file = img.20191130_065721.2019-11-29_08-00-46_000.jpg.1.png / val_Average = 106.6546	val_Variance = 2.4254	sd = 1.5574	max = 115	min = 102
[20191130_065722 / lib_ip.py:4169] len(Hs) = 8100, len(Ss) = 8100, len(Vs) = 8100
[20191130_065723 / lib_ip.py:4208] blue : variance --> out of range (variance = 2.425 / upper = 0.930 / lower = 0.010)
[20191130_065723 / lib_ip.py:3753] file = img.20191130_065721.2019-11-29_08-00-46_000.jpg.1.png / val_Average = 106.6546	val_Variance = 2.4254	sd = 1.5574	max = 115	min = 102
[20191130_065723 / lib_ip.py:4275] len(Hs) = 8100, len(Ss) = 8100, len(Vs) = 8100
[20191130_065723 / lib_ip.py:4314] pink : variance --> out of range (variance = 2.425 / upper = 0.750 / lower = 0.030)
[20191130_065723 / lib_ip.py:3753] file = img.20191130_065721.2019-11-29_08-00-46_000.jpg.1.png / val_Average = 106.6546	val_Variance = 2.4254	sd = 1.5574	max = 115	min = 102
[20191130_065723 / lib_ip.py:4378] len(Hs) = 8100, len(Ss) = 8100, len(Vs) = 8100
[20191130_065723 / lib_ip.py:4422] black : variance --> out of range (variance = 2.425 / upper = 0.000 / lower = 0.000)
[20191130_065723 / lib_ip.py:4593] file : img.20191130_065721.2019-11-29_08-00-46_000.jpg.1.png 0 (black : variance --> out of range (variance = 2.425 / upper = 0.000 / lower = 0.000))
[20191130_065723 / lib_ip.py:2274] inspecting ===> img.20191130_065721.2019-11-29_08-00-46_000.jpg.2.png
[20191130_065723 / lib_ip.py:4505] 
img.20191130_065721.2019-11-29_08-00-46_000.jpg.2.png 1 ---------------------
[20191130_065723 / lib_ip.py:3753] file = img.20191130_065721.2019-11-29_08-00-46_000.jpg.2.png / val_Average = 52.4941	val_Variance = 743.2272	sd = 27.2622	max = 135	min = 0
[20191130_065723 / lib_ip.py:3836] len(Hs) = 8100, len(Ss) = 8100, len(Vs) = 8100
[20191130_065724 / lib_ip.py:3869] yellow : variance --> out of range (variance = 743.227 / upper = 0.650 / lower = 0.000)
[20191130_065724 / lib_ip.py:3753] file = img.20191130_065721.2019-11-29_08-00-46_000.jpg.2.png / val_Average = 52.4941	val_Variance = 743.2272	sd = 27.2622	max = 135	min = 0
[20191130_065724 / lib_ip.py:3936] len(Hs) = 8100, len(Ss) = 8100, len(Vs) = 8100
[20191130_065724 / lib_ip.py:3982] red : variance --> out of range (variance = 743.227 / upper = 0.430 / lower = 0.000)
[20191130_065724 / lib_ip.py:3753] file = img.20191130_065721.2019-11-29_08-00-46_000.jpg.2.png / val_Average = 52.4941	val_Variance = 743.2272	sd = 27.2622	max = 135	min = 0
[20191130_065724 / lib_ip.py:4052] len(Hs) = 8100, len(Ss) = 8100, len(Vs) = 8100
[20191130_065724 / lib_ip.py:4099] green : variance --> out of range (variance = 743.227 / upper = 0.760 / lower = 0.000)
[20191130_065724 / lib_ip.py:3753] file = img.20191130_065721.2019-11-29_08-00-46_000.jpg.2.png / val_Average = 52.4941	val_Variance = 743.2272	sd = 27.2622	max = 135	min = 0
[20191130_065724 / lib_ip.py:4169] len(Hs) = 8100, len(Ss) = 8100, len(Vs) = 8100
[20191130_065724 / lib_ip.py:4208] blue : variance --> out of range (variance = 743.227 / upper = 0.930 / lower = 0.010)
[20191130_065724 / lib_ip.py:3753] file = img.20191130_065721.2019-11-29_08-00-46_000.jpg.2.png / val_Average = 52.4941	val_Variance = 743.2272	sd = 27.2622	max = 135	min = 0
[20191130_065724 / lib_ip.py:4275] len(Hs) = 8100, len(Ss) = 8100, len(Vs) = 8100
[20191130_065724 / lib_ip.py:4314] pink : variance --> out of range (variance = 743.227 / upper = 0.750 / lower = 0.030)
[20191130_065724 / lib_ip.py:3753] file = img.20191130_065721.2019-11-29_08-00-46_000.jpg.2.png / val_Average = 52.4941	val_Variance = 743.2272	sd = 27.2622	max = 135	min = 0
[20191130_065725 / lib_ip.py:4378] len(Hs) = 8100, len(Ss) = 8100, len(Vs) = 8100
[20191130_065725 / lib_ip.py:4422] black : variance --> out of range (variance = 743.227 / upper = 0.000 / lower = 0.000)
[20191130_065725 / lib_ip.py:4593] file : img.20191130_065721.2019-11-29_08-00-46_000.jpg.2.png 1 (black : variance --> out of range (variance = 743.227 / upper = 0.000 / lower = 0.000))
[20191130_065725 / lib_ip.py:2274] inspecting ===> img.20191130_065721.2019-11-29_08-00-46_000.jpg.3.png
[20191130_065725 / lib_ip.py:4505] 
img.20191130_065721.2019-11-29_08-00-46_000.jpg.3.png 2 ---------------------
[20191130_065725 / lib_ip.py:3753] file = img.20191130_065721.2019-11-29_08-00-46_000.jpg.3.png / val_Average = 77.5060	val_Variance = 0.2576	sd = 0.5076	max = 78	min = 76
[20191130_065725 / lib_ip.py:3836] len(Hs) = 8100, len(Ss) = 8100, len(Vs) = 8100
[20191130_065725 / lib_ip.py:3891] yellow : average --> out of range (average = 77.506 / upper = 99.200 / lower = 85.500)
[20191130_065725 / lib_ip.py:3753] file = img.20191130_065721.2019-11-29_08-00-46_000.jpg.3.png / val_Average = 77.5060	val_Variance = 0.2576	sd = 0.5076	max = 78	min = 76
[20191130_065725 / lib_ip.py:3936] len(Hs) = 8100, len(Ss) = 8100, len(Vs) = 8100
[20191130_065725 / lib_ip.py:4007] red : average --> out of range (average = 77.506 / upper = 124.600 / lower = 115.000)
[20191130_065725 / lib_ip.py:3753] file = img.20191130_065721.2019-11-29_08-00-46_000.jpg.3.png / val_Average = 77.5060	val_Variance = 0.2576	sd = 0.5076	max = 78	min = 76
[20191130_065725 / lib_ip.py:4052] len(Hs) = 8100, len(Ss) = 8100, len(Vs) = 8100
[20191130_065725 / lib_ip.py:2274] inspecting ===> img.20191130_065721.2019-11-29_08-00-46_000.jpg.4.png
[20191130_065726 / lib_ip.py:4505] 
img.20191130_065721.2019-11-29_08-00-46_000.jpg.4.png 3 ---------------------
[20191130_065726 / lib_ip.py:3753] file = img.20191130_065721.2019-11-29_08-00-46_000.jpg.4.png / val_Average = 79.6442	val_Variance = 0.2332	sd = 0.4829	max = 80	min = 78
[20191130_065726 / lib_ip.py:3836] len(Hs) = 8100, len(Ss) = 8100, len(Vs) = 8100
[20191130_065726 / lib_ip.py:3891] yellow : average --> out of range (average = 79.644 / upper = 99.200 / lower = 85.500)
[20191130_065726 / lib_ip.py:3753] file = img.20191130_065721.2019-11-29_08-00-46_000.jpg.4.png / val_Average = 79.6442	val_Variance = 0.2332	sd = 0.4829	max = 80	min = 78
[20191130_065726 / lib_ip.py:3936] len(Hs) = 8100, len(Ss) = 8100, len(Vs) = 8100
[20191130_065726 / lib_ip.py:4007] red : average --> out of range (average = 79.644 / upper = 124.600 / lower = 115.000)
[20191130_065726 / lib_ip.py:3753] file = img.20191130_065721.2019-11-29_08-00-46_000.jpg.4.png / val_Average = 79.6442	val_Variance = 0.2332	sd = 0.4829	max = 80	min = 78
[20191130_065726 / lib_ip.py:4052] len(Hs) = 8100, len(Ss) = 8100, len(Vs) = 8100
[20191130_065725 / lib_ip.py:2274] inspecting ===> img.20191130_065721.2019-11-29_08-00-46_000.jpg.4.png
img.20191130_065721.2019-11-29_08-00-46_000.jpg.1.png => other
img.20191130_065721.2019-11-29_08-00-46_000.jpg.2.png => other
img.20191130_065721.2019-11-29_08-00-46_000.jpg.3.png => other
img.20191130_065721.2019-11-29_08-00-46_000.jpg.4.png => other
[20191130_065726 lib_ip.py:3301] =============== Get 4 corners
dpath_Images = C:\WORKS_2\WS\WS_Others.Art\JVEMV6\46_art\VIRTUAL\Admin_Projects\ip\images
fname_Image = img.20191130_065721.2019-11-29_08-00-46_000.jpg.4.png

[20191130_065729 / lib_ip.py:2274] inspecting ===> img.20191130_065729.2019-11-29_10-22-36_000.jpg.1.png
[20191130_065730 / lib_ip.py:4505] 
img.20191130_065729.2019-11-29_10-22-36_000.jpg.1.png 0 ---------------------
[20191130_065730 / lib_ip.py:3753] file = img.20191130_065729.2019-11-29_10-22-36_000.jpg.1.png / val_Average = 118.2421	val_Variance = 26.5773	sd = 5.1553	max = 136	min = 100
[20191130_065730 / lib_ip.py:3836] len(Hs) = 8100, len(Ss) = 8100, len(Vs) = 8100
[20191130_065730 / lib_ip.py:3869] yellow : variance --> out of range (variance = 26.577 / upper = 0.650 / lower = 0.000)
[20191130_065731 / lib_ip.py:3753] file = img.20191130_065729.2019-11-29_10-22-36_000.jpg.1.png / val_Average = 118.2421	val_Variance = 26.5773	sd = 5.1553	max = 136	min = 100
[20191130_065731 / lib_ip.py:3936] len(Hs) = 8100, len(Ss) = 8100, len(Vs) = 8100
[20191130_065731 / lib_ip.py:3982] red : variance --> out of range (variance = 26.577 / upper = 0.430 / lower = 0.000)
[20191130_065731 / lib_ip.py:3753] file = img.20191130_065729.2019-11-29_10-22-36_000.jpg.1.png / val_Average = 118.2421	val_Variance = 26.5773	sd = 5.1553	max = 136	min = 100
[20191130_065731 / lib_ip.py:4052] len(Hs) = 8100, len(Ss) = 8100, len(Vs) = 8100
[20191130_065731 / lib_ip.py:4099] green : variance --> out of range (variance = 26.577 / upper = 0.760 / lower = 0.000)
[20191130_065731 / lib_ip.py:3753] file = img.20191130_065729.2019-11-29_10-22-36_000.jpg.1.png / val_Average = 118.2421	val_Variance = 26.5773	sd = 5.1553	max = 136	min = 100
[20191130_065731 / lib_ip.py:4169] len(Hs) = 8100, len(Ss) = 8100, len(Vs) = 8100
[20191130_065731 / lib_ip.py:4208] blue : variance --> out of range (variance = 26.577 / upper = 0.930 / lower = 0.010)
[20191130_065731 / lib_ip.py:3753] file = img.20191130_065729.2019-11-29_10-22-36_000.jpg.1.png / val_Average = 118.2421	val_Variance = 26.5773	sd = 5.1553	max = 136	min = 100
[20191130_065731 / lib_ip.py:4275] len(Hs) = 8100, len(Ss) = 8100, len(Vs) = 8100
[20191130_065731 / lib_ip.py:4314] pink : variance --> out of range (variance = 26.577 / upper = 0.750 / lower = 0.030)
[20191130_065731 / lib_ip.py:3753] file = img.20191130_065729.2019-11-29_10-22-36_000.jpg.1.png / val_Average = 118.2421	val_Variance = 26.5773	sd = 5.1553	max = 136	min = 100
[20191130_065731 / lib_ip.py:4378] len(Hs) = 8100, len(Ss) = 8100, len(Vs) = 8100
[20191130_065731 / lib_ip.py:4422] black : variance --> out of range (variance = 26.577 / upper = 0.000 / lower = 0.000)
[20191130_065731 / lib_ip.py:4593] file : img.20191130_065729.2019-11-29_10-22-36_000.jpg.1.png 0 (black : variance --> out of range (variance = 26.577 / upper = 0.000 / lower = 0.000))
[20191130_065731 / lib_ip.py:2274] inspecting ===> img.20191130_065729.2019-11-29_10-22-36_000.jpg.2.png
[20191130_065732 / lib_ip.py:4505] 
img.20191130_065729.2019-11-29_10-22-36_000.jpg.2.png 1 ---------------------
[20191130_065732 / lib_ip.py:3753] file = img.20191130_065729.2019-11-29_10-22-36_000.jpg.2.png / val_Average = 91.9770	val_Variance = 0.0607	sd = 0.2464	max = 93	min = 91
[20191130_065732 / lib_ip.py:3836] len(Hs) = 8100, len(Ss) = 8100, len(Vs) = 8100
[20191130_065732 / lib_ip.py:2274] inspecting ===> img.20191130_065729.2019-11-29_10-22-36_000.jpg.3.png
[20191130_065732 / lib_ip.py:4505] 
img.20191130_065729.2019-11-29_10-22-36_000.jpg.3.png 2 ---------------------
[20191130_065732 / lib_ip.py:3753] file = img.20191130_065729.2019-11-29_10-22-36_000.jpg.3.png / val_Average = 116.9665	val_Variance = 38.5711	sd = 6.2106	max = 158	min = 98
[20191130_065732 / lib_ip.py:3836] len(Hs) = 8100, len(Ss) = 8100, len(Vs) = 8100
[20191130_065732 / lib_ip.py:3869] yellow : variance --> out of range (variance = 38.571 / upper = 0.650 / lower = 0.000)
[20191130_065732 / lib_ip.py:3753] file = img.20191130_065729.2019-11-29_10-22-36_000.jpg.3.png / val_Average = 116.9665	val_Variance = 38.5711	sd = 6.2106	max = 158	min = 98
[20191130_065732 / lib_ip.py:3936] len(Hs) = 8100, len(Ss) = 8100, len(Vs) = 8100
[20191130_065732 / lib_ip.py:3982] red : variance --> out of range (variance = 38.571 / upper = 0.430 / lower = 0.000)
[20191130_065733 / lib_ip.py:3753] file = img.20191130_065729.2019-11-29_10-22-36_000.jpg.3.png / val_Average = 116.9665	val_Variance = 38.5711	sd = 6.2106	max = 158	min = 98
[20191130_065733 / lib_ip.py:4052] len(Hs) = 8100, len(Ss) = 8100, len(Vs) = 8100
[20191130_065733 / lib_ip.py:4099] green : variance --> out of range (variance = 38.571 / upper = 0.760 / lower = 0.000)
[20191130_065733 / lib_ip.py:3753] file = img.20191130_065729.2019-11-29_10-22-36_000.jpg.3.png / val_Average = 116.9665	val_Variance = 38.5711	sd = 6.2106	max = 158	min = 98
[20191130_065733 / lib_ip.py:4169] len(Hs) = 8100, len(Ss) = 8100, len(Vs) = 8100
[20191130_065733 / lib_ip.py:4208] blue : variance --> out of range (variance = 38.571 / upper = 0.930 / lower = 0.010)
[20191130_065733 / lib_ip.py:3753] file = img.20191130_065729.2019-11-29_10-22-36_000.jpg.3.png / val_Average = 116.9665	val_Variance = 38.5711	sd = 6.2106	max = 158	min = 98
[20191130_065733 / lib_ip.py:4275] len(Hs) = 8100, len(Ss) = 8100, len(Vs) = 8100
[20191130_065733 / lib_ip.py:4314] pink : variance --> out of range (variance = 38.571 / upper = 0.750 / lower = 0.030)
[20191130_065733 / lib_ip.py:3753] file = img.20191130_065729.2019-11-29_10-22-36_000.jpg.3.png / val_Average = 116.9665	val_Variance = 38.5711	sd = 6.2106	max = 158	min = 98
[20191130_065733 / lib_ip.py:4378] len(Hs) = 8100, len(Ss) = 8100, len(Vs) = 8100
[20191130_065733 / lib_ip.py:4422] black : variance --> out of range (variance = 38.571 / upper = 0.000 / lower = 0.000)
[20191130_065733 / lib_ip.py:4593] file : img.20191130_065729.2019-11-29_10-22-36_000.jpg.3.png 2 (black : variance --> out of range (variance = 38.571 / upper = 0.000 / lower = 0.000))
[20191130_065733 / lib_ip.py:2274] inspecting ===> img.20191130_065729.2019-11-29_10-22-36_000.jpg.4.png
[20191130_065734 / lib_ip.py:4505] 
img.20191130_065729.2019-11-29_10-22-36_000.jpg.4.png 3 ---------------------
[20191130_065734 / lib_ip.py:3753] file = img.20191130_065729.2019-11-29_10-22-36_000.jpg.4.png / val_Average = 109.4458	val_Variance = 1.2132	sd = 1.1015	max = 115	min = 105
[20191130_065734 / lib_ip.py:3836] len(Hs) = 8100, len(Ss) = 8100, len(Vs) = 8100
[20191130_065734 / lib_ip.py:3869] yellow : variance --> out of range (variance = 1.213 / upper = 0.650 / lower = 0.000)
[20191130_065734 / lib_ip.py:3753] file = img.20191130_065729.2019-11-29_10-22-36_000.jpg.4.png / val_Average = 109.4458	val_Variance = 1.2132	sd = 1.1015	max = 115	min = 105
[20191130_065734 / lib_ip.py:3936] len(Hs) = 8100, len(Ss) = 8100, len(Vs) = 8100
[20191130_065734 / lib_ip.py:3982] red : variance --> out of range (variance = 1.213 / upper = 0.430 / lower = 0.000)
[20191130_065735 / lib_ip.py:3753] file = img.20191130_065729.2019-11-29_10-22-36_000.jpg.4.png / val_Average = 109.4458	val_Variance = 1.2132	sd = 1.1015	max = 115	min = 105
[20191130_065735 / lib_ip.py:4052] len(Hs) = 8100, len(Ss) = 8100, len(Vs) = 8100
[20191130_065735 / lib_ip.py:4099] green : variance --> out of range (variance = 1.213 / upper = 0.760 / lower = 0.000)
[20191130_065735 / lib_ip.py:3753] file = img.20191130_065729.2019-11-29_10-22-36_000.jpg.4.png / val_Average = 109.4458	val_Variance = 1.2132	sd = 1.1015	max = 115	min = 105
[20191130_065735 / lib_ip.py:4169] len(Hs) = 8100, len(Ss) = 8100, len(Vs) = 8100
[20191130_065735 / lib_ip.py:4208] blue : variance --> out of range (variance = 1.213 / upper = 0.930 / lower = 0.010)
[20191130_065735 / lib_ip.py:3753] file = img.20191130_065729.2019-11-29_10-22-36_000.jpg.4.png / val_Average = 109.4458	val_Variance = 1.2132	sd = 1.1015	max = 115	min = 105
[20191130_065735 / lib_ip.py:4275] len(Hs) = 8100, len(Ss) = 8100, len(Vs) = 8100
[20191130_065735 / lib_ip.py:4314] pink : variance --> out of range (variance = 1.213 / upper = 0.750 / lower = 0.030)
[20191130_065735 / lib_ip.py:3753] file = img.20191130_065729.2019-11-29_10-22-36_000.jpg.4.png / val_Average = 109.4458	val_Variance = 1.2132	sd = 1.1015	max = 115	min = 105
[20191130_065735 / lib_ip.py:4378] len(Hs) = 8100, len(Ss) = 8100, len(Vs) = 8100
[20191130_065735 / lib_ip.py:4422] black : variance --> out of range (variance = 1.213 / upper = 0.000 / lower = 0.000)
[20191130_065735 / lib_ip.py:4593] file : img.20191130_065729.2019-11-29_10-22-36_000.jpg.4.png 3 (black : variance --> out of range (variance = 1.213 / upper = 0.000 / lower = 0.000))
[20191130_065733 / lib_ip.py:2274] inspecting ===> img.20191130_065729.2019-11-29_10-22-36_000.jpg.4.png
img.20191130_065729.2019-11-29_10-22-36_000.jpg.1.png => other
img.20191130_065729.2019-11-29_10-22-36_000.jpg.2.png => other
img.20191130_065729.2019-11-29_10-22-36_000.jpg.3.png => other
img.20191130_065729.2019-11-29_10-22-36_000.jpg.4.png => other
[20191130_065735 lib_ip.py:3301] =============== Get 4 corners
dpath_Images = C:\WORKS_2\WS\WS_Others.Art\JVEMV6\46_art\VIRTUAL\Admin_Projects\ip\images
fname_Image = img.20191130_065729.2019-11-29_10-22-36_000.jpg.4.png

[20191130_065737 / lib_ip.py:2274] inspecting ===> img.20191130_065737.2019-11-29_16-39-01_000.jpg.1.png
[20191130_065737 / lib_ip.py:4505] 
img.20191130_065737.2019-11-29_16-39-01_000.jpg.1.png 0 ---------------------
[20191130_065738 / lib_ip.py:3753] file = img.20191130_065737.2019-11-29_16-39-01_000.jpg.1.png / val_Average = 112.0833	val_Variance = 7.5028	sd = 2.7391	max = 120	min = 102
[20191130_065738 / lib_ip.py:3836] len(Hs) = 8100, len(Ss) = 8100, len(Vs) = 8100
[20191130_065738 / lib_ip.py:3869] yellow : variance --> out of range (variance = 7.503 / upper = 0.650 / lower = 0.000)
[20191130_065738 / lib_ip.py:3753] file = img.20191130_065737.2019-11-29_16-39-01_000.jpg.1.png / val_Average = 112.0833	val_Variance = 7.5028	sd = 2.7391	max = 120	min = 102
[20191130_065738 / lib_ip.py:3936] len(Hs) = 8100, len(Ss) = 8100, len(Vs) = 8100
[20191130_065738 / lib_ip.py:3982] red : variance --> out of range (variance = 7.503 / upper = 0.430 / lower = 0.000)
[20191130_065738 / lib_ip.py:3753] file = img.20191130_065737.2019-11-29_16-39-01_000.jpg.1.png / val_Average = 112.0833	val_Variance = 7.5028	sd = 2.7391	max = 120	min = 102
[20191130_065738 / lib_ip.py:4052] len(Hs) = 8100, len(Ss) = 8100, len(Vs) = 8100
[20191130_065738 / lib_ip.py:4099] green : variance --> out of range (variance = 7.503 / upper = 0.760 / lower = 0.000)
[20191130_065738 / lib_ip.py:3753] file = img.20191130_065737.2019-11-29_16-39-01_000.jpg.1.png / val_Average = 112.0833	val_Variance = 7.5028	sd = 2.7391	max = 120	min = 102
[20191130_065738 / lib_ip.py:4169] len(Hs) = 8100, len(Ss) = 8100, len(Vs) = 8100
[20191130_065738 / lib_ip.py:4208] blue : variance --> out of range (variance = 7.503 / upper = 0.930 / lower = 0.010)
[20191130_065738 / lib_ip.py:3753] file = img.20191130_065737.2019-11-29_16-39-01_000.jpg.1.png / val_Average = 112.0833	val_Variance = 7.5028	sd = 2.7391	max = 120	min = 102
[20191130_065738 / lib_ip.py:4275] len(Hs) = 8100, len(Ss) = 8100, len(Vs) = 8100
[20191130_065738 / lib_ip.py:4314] pink : variance --> out of range (variance = 7.503 / upper = 0.750 / lower = 0.030)
[20191130_065738 / lib_ip.py:3753] file = img.20191130_065737.2019-11-29_16-39-01_000.jpg.1.png / val_Average = 112.0833	val_Variance = 7.5028	sd = 2.7391	max = 120	min = 102
[20191130_065738 / lib_ip.py:4378] len(Hs) = 8100, len(Ss) = 8100, len(Vs) = 8100
[20191130_065739 / lib_ip.py:4422] black : variance --> out of range (variance = 7.503 / upper = 0.000 / lower = 0.000)
[20191130_065739 / lib_ip.py:4593] file : img.20191130_065737.2019-11-29_16-39-01_000.jpg.1.png 0 (black : variance --> out of range (variance = 7.503 / upper = 0.000 / lower = 0.000))
[20191130_065739 / lib_ip.py:2274] inspecting ===> img.20191130_065737.2019-11-29_16-39-01_000.jpg.2.png
[20191130_065739 / lib_ip.py:4505] 
img.20191130_065737.2019-11-29_16-39-01_000.jpg.2.png 1 ---------------------
[20191130_065739 / lib_ip.py:3753] file = img.20191130_065737.2019-11-29_16-39-01_000.jpg.2.png / val_Average = 109.2074	val_Variance = 4.9572	sd = 2.2265	max = 118	min = 102
[20191130_065739 / lib_ip.py:3836] len(Hs) = 8100, len(Ss) = 8100, len(Vs) = 8100
[20191130_065739 / lib_ip.py:3869] yellow : variance --> out of range (variance = 4.957 / upper = 0.650 / lower = 0.000)
[20191130_065739 / lib_ip.py:3753] file = img.20191130_065737.2019-11-29_16-39-01_000.jpg.2.png / val_Average = 109.2074	val_Variance = 4.9572	sd = 2.2265	max = 118	min = 102
[20191130_065739 / lib_ip.py:3936] len(Hs) = 8100, len(Ss) = 8100, len(Vs) = 8100
[20191130_065739 / lib_ip.py:3982] red : variance --> out of range (variance = 4.957 / upper = 0.430 / lower = 0.000)
[20191130_065739 / lib_ip.py:3753] file = img.20191130_065737.2019-11-29_16-39-01_000.jpg.2.png / val_Average = 109.2074	val_Variance = 4.9572	sd = 2.2265	max = 118	min = 102
[20191130_065739 / lib_ip.py:4052] len(Hs) = 8100, len(Ss) = 8100, len(Vs) = 8100
[20191130_065739 / lib_ip.py:4099] green : variance --> out of range (variance = 4.957 / upper = 0.760 / lower = 0.000)
[20191130_065739 / lib_ip.py:3753] file = img.20191130_065737.2019-11-29_16-39-01_000.jpg.2.png / val_Average = 109.2074	val_Variance = 4.9572	sd = 2.2265	max = 118	min = 102
[20191130_065739 / lib_ip.py:4169] len(Hs) = 8100, len(Ss) = 8100, len(Vs) = 8100
[20191130_065740 / lib_ip.py:4208] blue : variance --> out of range (variance = 4.957 / upper = 0.930 / lower = 0.010)
[20191130_065740 / lib_ip.py:3753] file = img.20191130_065737.2019-11-29_16-39-01_000.jpg.2.png / val_Average = 109.2074	val_Variance = 4.9572	sd = 2.2265	max = 118	min = 102
[20191130_065740 / lib_ip.py:4275] len(Hs) = 8100, len(Ss) = 8100, len(Vs) = 8100
[20191130_065740 / lib_ip.py:4314] pink : variance --> out of range (variance = 4.957 / upper = 0.750 / lower = 0.030)
[20191130_065740 / lib_ip.py:3753] file = img.20191130_065737.2019-11-29_16-39-01_000.jpg.2.png / val_Average = 109.2074	val_Variance = 4.9572	sd = 2.2265	max = 118	min = 102
[20191130_065740 / lib_ip.py:4378] len(Hs) = 8100, len(Ss) = 8100, len(Vs) = 8100
[20191130_065740 / lib_ip.py:4422] black : variance --> out of range (variance = 4.957 / upper = 0.000 / lower = 0.000)
[20191130_065740 / lib_ip.py:4593] file : img.20191130_065737.2019-11-29_16-39-01_000.jpg.2.png 1 (black : variance --> out of range (variance = 4.957 / upper = 0.000 / lower = 0.000))
[20191130_065740 / lib_ip.py:2274] inspecting ===> img.20191130_065737.2019-11-29_16-39-01_000.jpg.3.png
[20191130_065740 / lib_ip.py:4505] 
img.20191130_065737.2019-11-29_16-39-01_000.jpg.3.png 2 ---------------------
[20191130_065740 / lib_ip.py:3753] file = img.20191130_065737.2019-11-29_16-39-01_000.jpg.3.png / val_Average = 78.3840	val_Variance = 0.2506	sd = 0.5006	max = 79	min = 77
[20191130_065741 / lib_ip.py:3836] len(Hs) = 8100, len(Ss) = 8100, len(Vs) = 8100
[20191130_065741 / lib_ip.py:3891] yellow : average --> out of range (average = 78.384 / upper = 99.200 / lower = 85.500)
[20191130_065741 / lib_ip.py:3753] file = img.20191130_065737.2019-11-29_16-39-01_000.jpg.3.png / val_Average = 78.3840	val_Variance = 0.2506	sd = 0.5006	max = 79	min = 77
[20191130_065741 / lib_ip.py:3936] len(Hs) = 8100, len(Ss) = 8100, len(Vs) = 8100
[20191130_065741 / lib_ip.py:4007] red : average --> out of range (average = 78.384 / upper = 124.600 / lower = 115.000)
[20191130_065741 / lib_ip.py:3753] file = img.20191130_065737.2019-11-29_16-39-01_000.jpg.3.png / val_Average = 78.3840	val_Variance = 0.2506	sd = 0.5006	max = 79	min = 77
[20191130_065741 / lib_ip.py:4052] len(Hs) = 8100, len(Ss) = 8100, len(Vs) = 8100
[20191130_065741 / lib_ip.py:2274] inspecting ===> img.20191130_065737.2019-11-29_16-39-01_000.jpg.4.png
[20191130_065741 / lib_ip.py:4505] 
img.20191130_065737.2019-11-29_16-39-01_000.jpg.4.png 3 ---------------------
[20191130_065742 / lib_ip.py:3753] file = img.20191130_065737.2019-11-29_16-39-01_000.jpg.4.png / val_Average = 120.7604	val_Variance = 0.1970	sd = 0.4439	max = 122	min = 119
[20191130_065742 / lib_ip.py:3836] len(Hs) = 8100, len(Ss) = 8100, len(Vs) = 8100
[20191130_065742 / lib_ip.py:3891] yellow : average --> out of range (average = 120.760 / upper = 99.200 / lower = 85.500)
[20191130_065742 / lib_ip.py:3753] file = img.20191130_065737.2019-11-29_16-39-01_000.jpg.4.png / val_Average = 120.7604	val_Variance = 0.1970	sd = 0.4439	max = 122	min = 119
[20191130_065742 / lib_ip.py:3936] len(Hs) = 8100, len(Ss) = 8100, len(Vs) = 8100
[20191130_065741 / lib_ip.py:2274] inspecting ===> img.20191130_065737.2019-11-29_16-39-01_000.jpg.4.png
img.20191130_065737.2019-11-29_16-39-01_000.jpg.1.png => other
img.20191130_065737.2019-11-29_16-39-01_000.jpg.2.png => other
img.20191130_065737.2019-11-29_16-39-01_000.jpg.3.png => other
img.20191130_065737.2019-11-29_16-39-01_000.jpg.4.png => other
[20191130_065742 lib_ip.py:3301] =============== Get 4 corners
dpath_Images = C:\WORKS_2\WS\WS_Others.Art\JVEMV6\46_art\VIRTUAL\Admin_Projects\ip\images
fname_Image = img.20191130_065737.2019-11-29_16-39-01_000.jpg.4.png

[20191130_065746 / lib_ip.py:2274] inspecting ===> img.20191130_065746.2019-11-29_18-17-07_000.jpg.1.png
[20191130_065746 / lib_ip.py:4505] 
img.20191130_065746.2019-11-29_18-17-07_000.jpg.1.png 0 ---------------------
[20191130_065747 / lib_ip.py:3753] file = img.20191130_065746.2019-11-29_18-17-07_000.jpg.1.png / val_Average = 105.5909	val_Variance = 27.5003	sd = 5.2441	max = 128	min = 70
[20191130_065747 / lib_ip.py:3836] len(Hs) = 8100, len(Ss) = 8100, len(Vs) = 8100
[20191130_065747 / lib_ip.py:3869] yellow : variance --> out of range (variance = 27.500 / upper = 0.650 / lower = 0.000)
[20191130_065747 / lib_ip.py:3753] file = img.20191130_065746.2019-11-29_18-17-07_000.jpg.1.png / val_Average = 105.5909	val_Variance = 27.5003	sd = 5.2441	max = 128	min = 70
[20191130_065747 / lib_ip.py:3936] len(Hs) = 8100, len(Ss) = 8100, len(Vs) = 8100
[20191130_065747 / lib_ip.py:3982] red : variance --> out of range (variance = 27.500 / upper = 0.430 / lower = 0.000)
[20191130_065747 / lib_ip.py:3753] file = img.20191130_065746.2019-11-29_18-17-07_000.jpg.1.png / val_Average = 105.5909	val_Variance = 27.5003	sd = 5.2441	max = 128	min = 70
[20191130_065747 / lib_ip.py:4052] len(Hs) = 8100, len(Ss) = 8100, len(Vs) = 8100
[20191130_065747 / lib_ip.py:4099] green : variance --> out of range (variance = 27.500 / upper = 0.760 / lower = 0.000)
[20191130_065747 / lib_ip.py:3753] file = img.20191130_065746.2019-11-29_18-17-07_000.jpg.1.png / val_Average = 105.5909	val_Variance = 27.5003	sd = 5.2441	max = 128	min = 70
[20191130_065747 / lib_ip.py:4169] len(Hs) = 8100, len(Ss) = 8100, len(Vs) = 8100
[20191130_065747 / lib_ip.py:4208] blue : variance --> out of range (variance = 27.500 / upper = 0.930 / lower = 0.010)
[20191130_065747 / lib_ip.py:3753] file = img.20191130_065746.2019-11-29_18-17-07_000.jpg.1.png / val_Average = 105.5909	val_Variance = 27.5003	sd = 5.2441	max = 128	min = 70
[20191130_065747 / lib_ip.py:4275] len(Hs) = 8100, len(Ss) = 8100, len(Vs) = 8100
[20191130_065747 / lib_ip.py:4314] pink : variance --> out of range (variance = 27.500 / upper = 0.750 / lower = 0.030)
[20191130_065748 / lib_ip.py:3753] file = img.20191130_065746.2019-11-29_18-17-07_000.jpg.1.png / val_Average = 105.5909	val_Variance = 27.5003	sd = 5.2441	max = 128	min = 70
[20191130_065748 / lib_ip.py:4378] len(Hs) = 8100, len(Ss) = 8100, len(Vs) = 8100
[20191130_065748 / lib_ip.py:4422] black : variance --> out of range (variance = 27.500 / upper = 0.000 / lower = 0.000)
[20191130_065748 / lib_ip.py:4593] file : img.20191130_065746.2019-11-29_18-17-07_000.jpg.1.png 0 (black : variance --> out of range (variance = 27.500 / upper = 0.000 / lower = 0.000))
[20191130_065748 / lib_ip.py:2274] inspecting ===> img.20191130_065746.2019-11-29_18-17-07_000.jpg.2.png
[20191130_065748 / lib_ip.py:4505] 
img.20191130_065746.2019-11-29_18-17-07_000.jpg.2.png 1 ---------------------
[20191130_065748 / lib_ip.py:3753] file = img.20191130_065746.2019-11-29_18-17-07_000.jpg.2.png / val_Average = 120.7447	val_Variance = 0.1985	sd = 0.4456	max = 122	min = 120
[20191130_065748 / lib_ip.py:3836] len(Hs) = 8100, len(Ss) = 8100, len(Vs) = 8100
[20191130_065748 / lib_ip.py:3891] yellow : average --> out of range (average = 120.745 / upper = 99.200 / lower = 85.500)
[20191130_065748 / lib_ip.py:3753] file = img.20191130_065746.2019-11-29_18-17-07_000.jpg.2.png / val_Average = 120.7447	val_Variance = 0.1985	sd = 0.4456	max = 122	min = 120
[20191130_065748 / lib_ip.py:3936] len(Hs) = 8100, len(Ss) = 8100, len(Vs) = 8100
[20191130_065748 / lib_ip.py:2274] inspecting ===> img.20191130_065746.2019-11-29_18-17-07_000.jpg.3.png
[20191130_065748 / lib_ip.py:4505] 
img.20191130_065746.2019-11-29_18-17-07_000.jpg.3.png 2 ---------------------
[20191130_065749 / lib_ip.py:3753] file = img.20191130_065746.2019-11-29_18-17-07_000.jpg.3.png / val_Average = 107.1949	val_Variance = 3.4118	sd = 1.8471	max = 115	min = 100
[20191130_065749 / lib_ip.py:3836] len(Hs) = 8100, len(Ss) = 8100, len(Vs) = 8100
[20191130_065749 / lib_ip.py:3869] yellow : variance --> out of range (variance = 3.412 / upper = 0.650 / lower = 0.000)
[20191130_065749 / lib_ip.py:3753] file = img.20191130_065746.2019-11-29_18-17-07_000.jpg.3.png / val_Average = 107.1949	val_Variance = 3.4118	sd = 1.8471	max = 115	min = 100
[20191130_065749 / lib_ip.py:3936] len(Hs) = 8100, len(Ss) = 8100, len(Vs) = 8100
[20191130_065749 / lib_ip.py:3982] red : variance --> out of range (variance = 3.412 / upper = 0.430 / lower = 0.000)
[20191130_065749 / lib_ip.py:3753] file = img.20191130_065746.2019-11-29_18-17-07_000.jpg.3.png / val_Average = 107.1949	val_Variance = 3.4118	sd = 1.8471	max = 115	min = 100
[20191130_065749 / lib_ip.py:4052] len(Hs) = 8100, len(Ss) = 8100, len(Vs) = 8100
[20191130_065749 / lib_ip.py:4099] green : variance --> out of range (variance = 3.412 / upper = 0.760 / lower = 0.000)
[20191130_065749 / lib_ip.py:3753] file = img.20191130_065746.2019-11-29_18-17-07_000.jpg.3.png / val_Average = 107.1949	val_Variance = 3.4118	sd = 1.8471	max = 115	min = 100
[20191130_065749 / lib_ip.py:4169] len(Hs) = 8100, len(Ss) = 8100, len(Vs) = 8100
[20191130_065749 / lib_ip.py:4208] blue : variance --> out of range (variance = 3.412 / upper = 0.930 / lower = 0.010)
[20191130_065749 / lib_ip.py:3753] file = img.20191130_065746.2019-11-29_18-17-07_000.jpg.3.png / val_Average = 107.1949	val_Variance = 3.4118	sd = 1.8471	max = 115	min = 100
[20191130_065749 / lib_ip.py:4275] len(Hs) = 8100, len(Ss) = 8100, len(Vs) = 8100
[20191130_065749 / lib_ip.py:4314] pink : variance --> out of range (variance = 3.412 / upper = 0.750 / lower = 0.030)
[20191130_065750 / lib_ip.py:3753] file = img.20191130_065746.2019-11-29_18-17-07_000.jpg.3.png / val_Average = 107.1949	val_Variance = 3.4118	sd = 1.8471	max = 115	min = 100
[20191130_065750 / lib_ip.py:4378] len(Hs) = 8100, len(Ss) = 8100, len(Vs) = 8100
[20191130_065750 / lib_ip.py:4422] black : variance --> out of range (variance = 3.412 / upper = 0.000 / lower = 0.000)
[20191130_065750 / lib_ip.py:4593] file : img.20191130_065746.2019-11-29_18-17-07_000.jpg.3.png 2 (black : variance --> out of range (variance = 3.412 / upper = 0.000 / lower = 0.000))
[20191130_065750 / lib_ip.py:2274] inspecting ===> img.20191130_065746.2019-11-29_18-17-07_000.jpg.4.png
[20191130_065750 / lib_ip.py:4505] 
img.20191130_065746.2019-11-29_18-17-07_000.jpg.4.png 3 ---------------------
[20191130_065750 / lib_ip.py:3753] file = img.20191130_065746.2019-11-29_18-17-07_000.jpg.4.png / val_Average = 113.8053	val_Variance = 34.6731	sd = 5.8884	max = 144	min = 105
[20191130_065750 / lib_ip.py:3836] len(Hs) = 8100, len(Ss) = 8100, len(Vs) = 8100
[20191130_065750 / lib_ip.py:3869] yellow : variance --> out of range (variance = 34.673 / upper = 0.650 / lower = 0.000)
[20191130_065750 / lib_ip.py:3753] file = img.20191130_065746.2019-11-29_18-17-07_000.jpg.4.png / val_Average = 113.8053	val_Variance = 34.6731	sd = 5.8884	max = 144	min = 105
[20191130_065750 / lib_ip.py:3936] len(Hs) = 8100, len(Ss) = 8100, len(Vs) = 8100
[20191130_065750 / lib_ip.py:3982] red : variance --> out of range (variance = 34.673 / upper = 0.430 / lower = 0.000)
[20191130_065751 / lib_ip.py:3753] file = img.20191130_065746.2019-11-29_18-17-07_000.jpg.4.png / val_Average = 113.8053	val_Variance = 34.6731	sd = 5.8884	max = 144	min = 105
[20191130_065751 / lib_ip.py:4052] len(Hs) = 8100, len(Ss) = 8100, len(Vs) = 8100
[20191130_065751 / lib_ip.py:4099] green : variance --> out of range (variance = 34.673 / upper = 0.760 / lower = 0.000)
[20191130_065751 / lib_ip.py:3753] file = img.20191130_065746.2019-11-29_18-17-07_000.jpg.4.png / val_Average = 113.8053	val_Variance = 34.6731	sd = 5.8884	max = 144	min = 105
[20191130_065751 / lib_ip.py:4169] len(Hs) = 8100, len(Ss) = 8100, len(Vs) = 8100
[20191130_065751 / lib_ip.py:4208] blue : variance --> out of range (variance = 34.673 / upper = 0.930 / lower = 0.010)
[20191130_065751 / lib_ip.py:3753] file = img.20191130_065746.2019-11-29_18-17-07_000.jpg.4.png / val_Average = 113.8053	val_Variance = 34.6731	sd = 5.8884	max = 144	min = 105
[20191130_065751 / lib_ip.py:4275] len(Hs) = 8100, len(Ss) = 8100, len(Vs) = 8100
[20191130_065751 / lib_ip.py:4314] pink : variance --> out of range (variance = 34.673 / upper = 0.750 / lower = 0.030)
[20191130_065751 / lib_ip.py:3753] file = img.20191130_065746.2019-11-29_18-17-07_000.jpg.4.png / val_Average = 113.8053	val_Variance = 34.6731	sd = 5.8884	max = 144	min = 105
[20191130_065751 / lib_ip.py:4378] len(Hs) = 8100, len(Ss) = 8100, len(Vs) = 8100
[20191130_065751 / lib_ip.py:4422] black : variance --> out of range (variance = 34.673 / upper = 0.000 / lower = 0.000)
[20191130_065751 / lib_ip.py:4593] file : img.20191130_065746.2019-11-29_18-17-07_000.jpg.4.png 3 (black : variance --> out of range (variance = 34.673 / upper = 0.000 / lower = 0.000))
[20191130_065750 / lib_ip.py:2274] inspecting ===> img.20191130_065746.2019-11-29_18-17-07_000.jpg.4.png
img.20191130_065746.2019-11-29_18-17-07_000.jpg.1.png => other
img.20191130_065746.2019-11-29_18-17-07_000.jpg.2.png => other
img.20191130_065746.2019-11-29_18-17-07_000.jpg.3.png => other
img.20191130_065746.2019-11-29_18-17-07_000.jpg.4.png => other
[20191130_065751 lib_ip.py:3301] =============== Get 4 corners
dpath_Images = C:\WORKS_2\WS\WS_Others.Art\JVEMV6\46_art\VIRTUAL\Admin_Projects\ip\images
fname_Image = img.20191130_065746.2019-11-29_18-17-07_000.jpg.4.png

[20191130_065754 / lib_ip.py:2274] inspecting ===> img.20191130_065754.2019-11-29_20-54-42_000.jpg.1.png
[20191130_065754 / lib_ip.py:4505] 
img.20191130_065754.2019-11-29_20-54-42_000.jpg.1.png 0 ---------------------
[20191130_065755 / lib_ip.py:3753] file = img.20191130_065754.2019-11-29_20-54-42_000.jpg.1.png / val_Average = 91.1490	val_Variance = 0.1285	sd = 0.3585	max = 92	min = 90
[20191130_065755 / lib_ip.py:3836] len(Hs) = 8100, len(Ss) = 8100, len(Vs) = 8100
[20191130_065755 / lib_ip.py:2274] inspecting ===> img.20191130_065754.2019-11-29_20-54-42_000.jpg.2.png
[20191130_065755 / lib_ip.py:4505] 
img.20191130_065754.2019-11-29_20-54-42_000.jpg.2.png 1 ---------------------
[20191130_065755 / lib_ip.py:3753] file = img.20191130_065754.2019-11-29_20-54-42_000.jpg.2.png / val_Average = 45.3054	val_Variance = 1750.9645	sd = 41.8445	max = 160	min = 0
[20191130_065755 / lib_ip.py:3836] len(Hs) = 8100, len(Ss) = 8100, len(Vs) = 8100
[20191130_065755 / lib_ip.py:3869] yellow : variance --> out of range (variance = 1750.964 / upper = 0.650 / lower = 0.000)
[20191130_065755 / lib_ip.py:3753] file = img.20191130_065754.2019-11-29_20-54-42_000.jpg.2.png / val_Average = 45.3054	val_Variance = 1750.9645	sd = 41.8445	max = 160	min = 0
[20191130_065755 / lib_ip.py:3936] len(Hs) = 8100, len(Ss) = 8100, len(Vs) = 8100
[20191130_065755 / lib_ip.py:3982] red : variance --> out of range (variance = 1750.964 / upper = 0.430 / lower = 0.000)
[20191130_065755 / lib_ip.py:3753] file = img.20191130_065754.2019-11-29_20-54-42_000.jpg.2.png / val_Average = 45.3054	val_Variance = 1750.9645	sd = 41.8445	max = 160	min = 0
[20191130_065756 / lib_ip.py:4052] len(Hs) = 8100, len(Ss) = 8100, len(Vs) = 8100
[20191130_065756 / lib_ip.py:4099] green : variance --> out of range (variance = 1750.964 / upper = 0.760 / lower = 0.000)
[20191130_065756 / lib_ip.py:3753] file = img.20191130_065754.2019-11-29_20-54-42_000.jpg.2.png / val_Average = 45.3054	val_Variance = 1750.9645	sd = 41.8445	max = 160	min = 0
[20191130_065756 / lib_ip.py:4169] len(Hs) = 8100, len(Ss) = 8100, len(Vs) = 8100
[20191130_065756 / lib_ip.py:4208] blue : variance --> out of range (variance = 1750.964 / upper = 0.930 / lower = 0.010)
[20191130_065756 / lib_ip.py:3753] file = img.20191130_065754.2019-11-29_20-54-42_000.jpg.2.png / val_Average = 45.3054	val_Variance = 1750.9645	sd = 41.8445	max = 160	min = 0
[20191130_065756 / lib_ip.py:4275] len(Hs) = 8100, len(Ss) = 8100, len(Vs) = 8100
[20191130_065756 / lib_ip.py:4314] pink : variance --> out of range (variance = 1750.964 / upper = 0.750 / lower = 0.030)
[20191130_065756 / lib_ip.py:3753] file = img.20191130_065754.2019-11-29_20-54-42_000.jpg.2.png / val_Average = 45.3054	val_Variance = 1750.9645	sd = 41.8445	max = 160	min = 0
[20191130_065756 / lib_ip.py:4378] len(Hs) = 8100, len(Ss) = 8100, len(Vs) = 8100
[20191130_065756 / lib_ip.py:4422] black : variance --> out of range (variance = 1750.964 / upper = 0.000 / lower = 0.000)
[20191130_065756 / lib_ip.py:4593] file : img.20191130_065754.2019-11-29_20-54-42_000.jpg.2.png 1 (black : variance --> out of range (variance = 1750.964 / upper = 0.000 / lower = 0.000))
[20191130_065756 / lib_ip.py:2274] inspecting ===> img.20191130_065754.2019-11-29_20-54-42_000.jpg.3.png
[20191130_065757 / lib_ip.py:4505] 
img.20191130_065754.2019-11-29_20-54-42_000.jpg.3.png 2 ---------------------
[20191130_065757 / lib_ip.py:3753] file = img.20191130_065754.2019-11-29_20-54-42_000.jpg.3.png / val_Average = 114.7565	val_Variance = 19.5316	sd = 4.4195	max = 131	min = 108
[20191130_065757 / lib_ip.py:3836] len(Hs) = 8100, len(Ss) = 8100, len(Vs) = 8100
[20191130_065757 / lib_ip.py:3869] yellow : variance --> out of range (variance = 19.532 / upper = 0.650 / lower = 0.000)
[20191130_065757 / lib_ip.py:3753] file = img.20191130_065754.2019-11-29_20-54-42_000.jpg.3.png / val_Average = 114.7565	val_Variance = 19.5316	sd = 4.4195	max = 131	min = 108
[20191130_065757 / lib_ip.py:3936] len(Hs) = 8100, len(Ss) = 8100, len(Vs) = 8100
[20191130_065757 / lib_ip.py:3982] red : variance --> out of range (variance = 19.532 / upper = 0.430 / lower = 0.000)
[20191130_065757 / lib_ip.py:3753] file = img.20191130_065754.2019-11-29_20-54-42_000.jpg.3.png / val_Average = 114.7565	val_Variance = 19.5316	sd = 4.4195	max = 131	min = 108
[20191130_065757 / lib_ip.py:4052] len(Hs) = 8100, len(Ss) = 8100, len(Vs) = 8100
[20191130_065757 / lib_ip.py:4099] green : variance --> out of range (variance = 19.532 / upper = 0.760 / lower = 0.000)
[20191130_065757 / lib_ip.py:3753] file = img.20191130_065754.2019-11-29_20-54-42_000.jpg.3.png / val_Average = 114.7565	val_Variance = 19.5316	sd = 4.4195	max = 131	min = 108
[20191130_065757 / lib_ip.py:4169] len(Hs) = 8100, len(Ss) = 8100, len(Vs) = 8100
[20191130_065757 / lib_ip.py:4208] blue : variance --> out of range (variance = 19.532 / upper = 0.930 / lower = 0.010)
[20191130_065758 / lib_ip.py:3753] file = img.20191130_065754.2019-11-29_20-54-42_000.jpg.3.png / val_Average = 114.7565	val_Variance = 19.5316	sd = 4.4195	max = 131	min = 108
[20191130_065758 / lib_ip.py:4275] len(Hs) = 8100, len(Ss) = 8100, len(Vs) = 8100
[20191130_065758 / lib_ip.py:4314] pink : variance --> out of range (variance = 19.532 / upper = 0.750 / lower = 0.030)
[20191130_065758 / lib_ip.py:3753] file = img.20191130_065754.2019-11-29_20-54-42_000.jpg.3.png / val_Average = 114.7565	val_Variance = 19.5316	sd = 4.4195	max = 131	min = 108
[20191130_065758 / lib_ip.py:4378] len(Hs) = 8100, len(Ss) = 8100, len(Vs) = 8100
[20191130_065758 / lib_ip.py:4422] black : variance --> out of range (variance = 19.532 / upper = 0.000 / lower = 0.000)
[20191130_065758 / lib_ip.py:4593] file : img.20191130_065754.2019-11-29_20-54-42_000.jpg.3.png 2 (black : variance --> out of range (variance = 19.532 / upper = 0.000 / lower = 0.000))
[20191130_065758 / lib_ip.py:2274] inspecting ===> img.20191130_065754.2019-11-29_20-54-42_000.jpg.4.png
[20191130_065758 / lib_ip.py:4505] 
img.20191130_065754.2019-11-29_20-54-42_000.jpg.4.png 3 ---------------------
[20191130_065758 / lib_ip.py:3753] file = img.20191130_065754.2019-11-29_20-54-42_000.jpg.4.png / val_Average = 23.1758	val_Variance = 1249.5807	sd = 35.3494	max = 135	min = 0
[20191130_065758 / lib_ip.py:3836] len(Hs) = 8100, len(Ss) = 8100, len(Vs) = 8100
[20191130_065758 / lib_ip.py:3869] yellow : variance --> out of range (variance = 1249.581 / upper = 0.650 / lower = 0.000)
[20191130_065758 / lib_ip.py:3753] file = img.20191130_065754.2019-11-29_20-54-42_000.jpg.4.png / val_Average = 23.1758	val_Variance = 1249.5807	sd = 35.3494	max = 135	min = 0
[20191130_065758 / lib_ip.py:3936] len(Hs) = 8100, len(Ss) = 8100, len(Vs) = 8100
[20191130_065758 / lib_ip.py:3982] red : variance --> out of range (variance = 1249.581 / upper = 0.430 / lower = 0.000)
[20191130_065758 / lib_ip.py:3753] file = img.20191130_065754.2019-11-29_20-54-42_000.jpg.4.png / val_Average = 23.1758	val_Variance = 1249.5807	sd = 35.3494	max = 135	min = 0
[20191130_065758 / lib_ip.py:4052] len(Hs) = 8100, len(Ss) = 8100, len(Vs) = 8100
[20191130_065759 / lib_ip.py:4099] green : variance --> out of range (variance = 1249.581 / upper = 0.760 / lower = 0.000)
[20191130_065759 / lib_ip.py:3753] file = img.20191130_065754.2019-11-29_20-54-42_000.jpg.4.png / val_Average = 23.1758	val_Variance = 1249.5807	sd = 35.3494	max = 135	min = 0
[20191130_065759 / lib_ip.py:4169] len(Hs) = 8100, len(Ss) = 8100, len(Vs) = 8100
[20191130_065759 / lib_ip.py:4208] blue : variance --> out of range (variance = 1249.581 / upper = 0.930 / lower = 0.010)
[20191130_065759 / lib_ip.py:3753] file = img.20191130_065754.2019-11-29_20-54-42_000.jpg.4.png / val_Average = 23.1758	val_Variance = 1249.5807	sd = 35.3494	max = 135	min = 0
[20191130_065759 / lib_ip.py:4275] len(Hs) = 8100, len(Ss) = 8100, len(Vs) = 8100
[20191130_065759 / lib_ip.py:4314] pink : variance --> out of range (variance = 1249.581 / upper = 0.750 / lower = 0.030)
[20191130_065759 / lib_ip.py:3753] file = img.20191130_065754.2019-11-29_20-54-42_000.jpg.4.png / val_Average = 23.1758	val_Variance = 1249.5807	sd = 35.3494	max = 135	min = 0
[20191130_065759 / lib_ip.py:4378] len(Hs) = 8100, len(Ss) = 8100, len(Vs) = 8100
[20191130_065759 / lib_ip.py:4422] black : variance --> out of range (variance = 1249.581 / upper = 0.000 / lower = 0.000)
[20191130_065759 / lib_ip.py:4593] file : img.20191130_065754.2019-11-29_20-54-42_000.jpg.4.png 3 (black : variance --> out of range (variance = 1249.581 / upper = 0.000 / lower = 0.000))
[20191130_065758 / lib_ip.py:2274] inspecting ===> img.20191130_065754.2019-11-29_20-54-42_000.jpg.4.png
img.20191130_065754.2019-11-29_20-54-42_000.jpg.1.png => other
img.20191130_065754.2019-11-29_20-54-42_000.jpg.2.png => other
img.20191130_065754.2019-11-29_20-54-42_000.jpg.3.png => other
img.20191130_065754.2019-11-29_20-54-42_000.jpg.4.png => other
[20191130_065759 lib_ip.py:3301] =============== Get 4 corners
dpath_Images = C:\WORKS_2\WS\WS_Others.Art\JVEMV6\46_art\VIRTUAL\Admin_Projects\ip\images
fname_Image = img.20191130_065754.2019-11-29_20-54-42_000.jpg.4.png

[20191130_065802 / lib_ip.py:2274] inspecting ===> img.20191130_065802.2019-11-30_00-30-22_000.jpg.1.png
[20191130_065802 / lib_ip.py:4505] 
img.20191130_065802.2019-11-30_00-30-22_000.jpg.1.png 0 ---------------------
[20191130_065802 / lib_ip.py:3753] file = img.20191130_065802.2019-11-30_00-30-22_000.jpg.1.png / val_Average = 108.0765	val_Variance = 38.4371	sd = 6.1998	max = 160	min = 90
[20191130_065802 / lib_ip.py:3836] len(Hs) = 8100, len(Ss) = 8100, len(Vs) = 8100
[20191130_065803 / lib_ip.py:3869] yellow : variance --> out of range (variance = 38.437 / upper = 0.650 / lower = 0.000)
[20191130_065803 / lib_ip.py:3753] file = img.20191130_065802.2019-11-30_00-30-22_000.jpg.1.png / val_Average = 108.0765	val_Variance = 38.4371	sd = 6.1998	max = 160	min = 90
[20191130_065803 / lib_ip.py:3936] len(Hs) = 8100, len(Ss) = 8100, len(Vs) = 8100
[20191130_065803 / lib_ip.py:3982] red : variance --> out of range (variance = 38.437 / upper = 0.430 / lower = 0.000)
[20191130_065803 / lib_ip.py:3753] file = img.20191130_065802.2019-11-30_00-30-22_000.jpg.1.png / val_Average = 108.0765	val_Variance = 38.4371	sd = 6.1998	max = 160	min = 90
[20191130_065803 / lib_ip.py:4052] len(Hs) = 8100, len(Ss) = 8100, len(Vs) = 8100
[20191130_065803 / lib_ip.py:4099] green : variance --> out of range (variance = 38.437 / upper = 0.760 / lower = 0.000)
[20191130_065803 / lib_ip.py:3753] file = img.20191130_065802.2019-11-30_00-30-22_000.jpg.1.png / val_Average = 108.0765	val_Variance = 38.4371	sd = 6.1998	max = 160	min = 90
[20191130_065803 / lib_ip.py:4169] len(Hs) = 8100, len(Ss) = 8100, len(Vs) = 8100
[20191130_065803 / lib_ip.py:4208] blue : variance --> out of range (variance = 38.437 / upper = 0.930 / lower = 0.010)
[20191130_065803 / lib_ip.py:3753] file = img.20191130_065802.2019-11-30_00-30-22_000.jpg.1.png / val_Average = 108.0765	val_Variance = 38.4371	sd = 6.1998	max = 160	min = 90
[20191130_065803 / lib_ip.py:4275] len(Hs) = 8100, len(Ss) = 8100, len(Vs) = 8100
[20191130_065803 / lib_ip.py:4314] pink : variance --> out of range (variance = 38.437 / upper = 0.750 / lower = 0.030)
[20191130_065803 / lib_ip.py:3753] file = img.20191130_065802.2019-11-30_00-30-22_000.jpg.1.png / val_Average = 108.0765	val_Variance = 38.4371	sd = 6.1998	max = 160	min = 90
[20191130_065803 / lib_ip.py:4378] len(Hs) = 8100, len(Ss) = 8100, len(Vs) = 8100
[20191130_065803 / lib_ip.py:4422] black : variance --> out of range (variance = 38.437 / upper = 0.000 / lower = 0.000)
[20191130_065804 / lib_ip.py:4593] file : img.20191130_065802.2019-11-30_00-30-22_000.jpg.1.png 0 (black : variance --> out of range (variance = 38.437 / upper = 0.000 / lower = 0.000))
[20191130_065804 / lib_ip.py:2274] inspecting ===> img.20191130_065802.2019-11-30_00-30-22_000.jpg.2.png
[20191130_065804 / lib_ip.py:4505] 
img.20191130_065802.2019-11-30_00-30-22_000.jpg.2.png 1 ---------------------
[20191130_065804 / lib_ip.py:3753] file = img.20191130_065802.2019-11-30_00-30-22_000.jpg.2.png / val_Average = 108.2510	val_Variance = 7.5549	sd = 2.7486	max = 123	min = 99
[20191130_065804 / lib_ip.py:3836] len(Hs) = 8100, len(Ss) = 8100, len(Vs) = 8100
[20191130_065804 / lib_ip.py:3869] yellow : variance --> out of range (variance = 7.555 / upper = 0.650 / lower = 0.000)
[20191130_065804 / lib_ip.py:3753] file = img.20191130_065802.2019-11-30_00-30-22_000.jpg.2.png / val_Average = 108.2510	val_Variance = 7.5549	sd = 2.7486	max = 123	min = 99
[20191130_065804 / lib_ip.py:3936] len(Hs) = 8100, len(Ss) = 8100, len(Vs) = 8100
[20191130_065805 / lib_ip.py:3982] red : variance --> out of range (variance = 7.555 / upper = 0.430 / lower = 0.000)
[20191130_065805 / lib_ip.py:3753] file = img.20191130_065802.2019-11-30_00-30-22_000.jpg.2.png / val_Average = 108.2510	val_Variance = 7.5549	sd = 2.7486	max = 123	min = 99
[20191130_065805 / lib_ip.py:4052] len(Hs) = 8100, len(Ss) = 8100, len(Vs) = 8100
[20191130_065805 / lib_ip.py:4099] green : variance --> out of range (variance = 7.555 / upper = 0.760 / lower = 0.000)
[20191130_065805 / lib_ip.py:3753] file = img.20191130_065802.2019-11-30_00-30-22_000.jpg.2.png / val_Average = 108.2510	val_Variance = 7.5549	sd = 2.7486	max = 123	min = 99
[20191130_065805 / lib_ip.py:4169] len(Hs) = 8100, len(Ss) = 8100, len(Vs) = 8100
[20191130_065805 / lib_ip.py:4208] blue : variance --> out of range (variance = 7.555 / upper = 0.930 / lower = 0.010)
[20191130_065805 / lib_ip.py:3753] file = img.20191130_065802.2019-11-30_00-30-22_000.jpg.2.png / val_Average = 108.2510	val_Variance = 7.5549	sd = 2.7486	max = 123	min = 99
[20191130_065805 / lib_ip.py:4275] len(Hs) = 8100, len(Ss) = 8100, len(Vs) = 8100
[20191130_065805 / lib_ip.py:4314] pink : variance --> out of range (variance = 7.555 / upper = 0.750 / lower = 0.030)
[20191130_065805 / lib_ip.py:3753] file = img.20191130_065802.2019-11-30_00-30-22_000.jpg.2.png / val_Average = 108.2510	val_Variance = 7.5549	sd = 2.7486	max = 123	min = 99
[20191130_065805 / lib_ip.py:4378] len(Hs) = 8100, len(Ss) = 8100, len(Vs) = 8100
[20191130_065805 / lib_ip.py:4422] black : variance --> out of range (variance = 7.555 / upper = 0.000 / lower = 0.000)
[20191130_065805 / lib_ip.py:4593] file : img.20191130_065802.2019-11-30_00-30-22_000.jpg.2.png 1 (black : variance --> out of range (variance = 7.555 / upper = 0.000 / lower = 0.000))
[20191130_065805 / lib_ip.py:2274] inspecting ===> img.20191130_065802.2019-11-30_00-30-22_000.jpg.3.png
[20191130_065806 / lib_ip.py:4505] 
img.20191130_065802.2019-11-30_00-30-22_000.jpg.3.png 2 ---------------------
[20191130_065806 / lib_ip.py:3753] file = img.20191130_065802.2019-11-30_00-30-22_000.jpg.3.png / val_Average = 104.5301	val_Variance = 1.7323	sd = 1.3162	max = 109	min = 99
[20191130_065806 / lib_ip.py:3836] len(Hs) = 8100, len(Ss) = 8100, len(Vs) = 8100
[20191130_065806 / lib_ip.py:3869] yellow : variance --> out of range (variance = 1.732 / upper = 0.650 / lower = 0.000)
[20191130_065806 / lib_ip.py:3753] file = img.20191130_065802.2019-11-30_00-30-22_000.jpg.3.png / val_Average = 104.5301	val_Variance = 1.7323	sd = 1.3162	max = 109	min = 99
[20191130_065806 / lib_ip.py:3936] len(Hs) = 8100, len(Ss) = 8100, len(Vs) = 8100
[20191130_065806 / lib_ip.py:3982] red : variance --> out of range (variance = 1.732 / upper = 0.430 / lower = 0.000)
[20191130_065806 / lib_ip.py:3753] file = img.20191130_065802.2019-11-30_00-30-22_000.jpg.3.png / val_Average = 104.5301	val_Variance = 1.7323	sd = 1.3162	max = 109	min = 99
[20191130_065806 / lib_ip.py:4052] len(Hs) = 8100, len(Ss) = 8100, len(Vs) = 8100
[20191130_065806 / lib_ip.py:4099] green : variance --> out of range (variance = 1.732 / upper = 0.760 / lower = 0.000)
[20191130_065806 / lib_ip.py:3753] file = img.20191130_065802.2019-11-30_00-30-22_000.jpg.3.png / val_Average = 104.5301	val_Variance = 1.7323	sd = 1.3162	max = 109	min = 99
[20191130_065806 / lib_ip.py:4169] len(Hs) = 8100, len(Ss) = 8100, len(Vs) = 8100
[20191130_065806 / lib_ip.py:4208] blue : variance --> out of range (variance = 1.732 / upper = 0.930 / lower = 0.010)
[20191130_065807 / lib_ip.py:3753] file = img.20191130_065802.2019-11-30_00-30-22_000.jpg.3.png / val_Average = 104.5301	val_Variance = 1.7323	sd = 1.3162	max = 109	min = 99
[20191130_065807 / lib_ip.py:4275] len(Hs) = 8100, len(Ss) = 8100, len(Vs) = 8100
[20191130_065807 / lib_ip.py:4314] pink : variance --> out of range (variance = 1.732 / upper = 0.750 / lower = 0.030)
[20191130_065807 / lib_ip.py:3753] file = img.20191130_065802.2019-11-30_00-30-22_000.jpg.3.png / val_Average = 104.5301	val_Variance = 1.7323	sd = 1.3162	max = 109	min = 99
[20191130_065807 / lib_ip.py:4378] len(Hs) = 8100, len(Ss) = 8100, len(Vs) = 8100
[20191130_065807 / lib_ip.py:4422] black : variance --> out of range (variance = 1.732 / upper = 0.000 / lower = 0.000)
[20191130_065807 / lib_ip.py:4593] file : img.20191130_065802.2019-11-30_00-30-22_000.jpg.3.png 2 (black : variance --> out of range (variance = 1.732 / upper = 0.000 / lower = 0.000))
[20191130_065807 / lib_ip.py:2274] inspecting ===> img.20191130_065802.2019-11-30_00-30-22_000.jpg.4.png
[20191130_065807 / lib_ip.py:4505] 
img.20191130_065802.2019-11-30_00-30-22_000.jpg.4.png 3 ---------------------
[20191130_065808 / lib_ip.py:3753] file = img.20191130_065802.2019-11-30_00-30-22_000.jpg.4.png / val_Average = 105.0841	val_Variance = 1.1210	sd = 1.0588	max = 109	min = 101
[20191130_065808 / lib_ip.py:3836] len(Hs) = 8100, len(Ss) = 8100, len(Vs) = 8100
[20191130_065808 / lib_ip.py:3869] yellow : variance --> out of range (variance = 1.121 / upper = 0.650 / lower = 0.000)
[20191130_065808 / lib_ip.py:3753] file = img.20191130_065802.2019-11-30_00-30-22_000.jpg.4.png / val_Average = 105.0841	val_Variance = 1.1210	sd = 1.0588	max = 109	min = 101
[20191130_065808 / lib_ip.py:3936] len(Hs) = 8100, len(Ss) = 8100, len(Vs) = 8100
[20191130_065808 / lib_ip.py:3982] red : variance --> out of range (variance = 1.121 / upper = 0.430 / lower = 0.000)
[20191130_065808 / lib_ip.py:3753] file = img.20191130_065802.2019-11-30_00-30-22_000.jpg.4.png / val_Average = 105.0841	val_Variance = 1.1210	sd = 1.0588	max = 109	min = 101
[20191130_065808 / lib_ip.py:4052] len(Hs) = 8100, len(Ss) = 8100, len(Vs) = 8100
[20191130_065808 / lib_ip.py:4099] green : variance --> out of range (variance = 1.121 / upper = 0.760 / lower = 0.000)
[20191130_065808 / lib_ip.py:3753] file = img.20191130_065802.2019-11-30_00-30-22_000.jpg.4.png / val_Average = 105.0841	val_Variance = 1.1210	sd = 1.0588	max = 109	min = 101
[20191130_065808 / lib_ip.py:4169] len(Hs) = 8100, len(Ss) = 8100, len(Vs) = 8100
[20191130_065808 / lib_ip.py:4208] blue : variance --> out of range (variance = 1.121 / upper = 0.930 / lower = 0.010)
[20191130_065808 / lib_ip.py:3753] file = img.20191130_065802.2019-11-30_00-30-22_000.jpg.4.png / val_Average = 105.0841	val_Variance = 1.1210	sd = 1.0588	max = 109	min = 101
[20191130_065808 / lib_ip.py:4275] len(Hs) = 8100, len(Ss) = 8100, len(Vs) = 8100
[20191130_065809 / lib_ip.py:4314] pink : variance --> out of range (variance = 1.121 / upper = 0.750 / lower = 0.030)
[20191130_065809 / lib_ip.py:3753] file = img.20191130_065802.2019-11-30_00-30-22_000.jpg.4.png / val_Average = 105.0841	val_Variance = 1.1210	sd = 1.0588	max = 109	min = 101
[20191130_065809 / lib_ip.py:4378] len(Hs) = 8100, len(Ss) = 8100, len(Vs) = 8100
[20191130_065809 / lib_ip.py:4422] black : variance --> out of range (variance = 1.121 / upper = 0.000 / lower = 0.000)
[20191130_065809 / lib_ip.py:4593] file : img.20191130_065802.2019-11-30_00-30-22_000.jpg.4.png 3 (black : variance --> out of range (variance = 1.121 / upper = 0.000 / lower = 0.000))
[20191130_065807 / lib_ip.py:2274] inspecting ===> img.20191130_065802.2019-11-30_00-30-22_000.jpg.4.png
img.20191130_065802.2019-11-30_00-30-22_000.jpg.1.png => other
img.20191130_065802.2019-11-30_00-30-22_000.jpg.2.png => other
img.20191130_065802.2019-11-30_00-30-22_000.jpg.3.png => other
img.20191130_065802.2019-11-30_00-30-22_000.jpg.4.png => other
[20191130_065809 lib_ip.py:3301] =============== Get 4 corners
dpath_Images = C:\WORKS_2\WS\WS_Others.Art\JVEMV6\46_art\VIRTUAL\Admin_Projects\ip\images
fname_Image = img.20191130_065802.2019-11-30_00-30-22_000.jpg.4.png

[20191130_065811 / lib_ip.py:2274] inspecting ===> img.20191130_065811.2019-11-30_05-39-20_000.jpg.1.png
[20191130_065811 / lib_ip.py:4505] 
img.20191130_065811.2019-11-30_05-39-20_000.jpg.1.png 0 ---------------------
[20191130_065811 / lib_ip.py:3753] file = img.20191130_065811.2019-11-30_05-39-20_000.jpg.1.png / val_Average = 109.1186	val_Variance = 7.6468	sd = 2.7653	max = 118	min = 99
[20191130_065812 / lib_ip.py:3836] len(Hs) = 8100, len(Ss) = 8100, len(Vs) = 8100
[20191130_065812 / lib_ip.py:3869] yellow : variance --> out of range (variance = 7.647 / upper = 0.650 / lower = 0.000)
[20191130_065812 / lib_ip.py:3753] file = img.20191130_065811.2019-11-30_05-39-20_000.jpg.1.png / val_Average = 109.1186	val_Variance = 7.6468	sd = 2.7653	max = 118	min = 99
[20191130_065812 / lib_ip.py:3936] len(Hs) = 8100, len(Ss) = 8100, len(Vs) = 8100
[20191130_065812 / lib_ip.py:3982] red : variance --> out of range (variance = 7.647 / upper = 0.430 / lower = 0.000)
[20191130_065812 / lib_ip.py:3753] file = img.20191130_065811.2019-11-30_05-39-20_000.jpg.1.png / val_Average = 109.1186	val_Variance = 7.6468	sd = 2.7653	max = 118	min = 99
[20191130_065812 / lib_ip.py:4052] len(Hs) = 8100, len(Ss) = 8100, len(Vs) = 8100
[20191130_065812 / lib_ip.py:4099] green : variance --> out of range (variance = 7.647 / upper = 0.760 / lower = 0.000)
[20191130_065812 / lib_ip.py:3753] file = img.20191130_065811.2019-11-30_05-39-20_000.jpg.1.png / val_Average = 109.1186	val_Variance = 7.6468	sd = 2.7653	max = 118	min = 99
[20191130_065812 / lib_ip.py:4169] len(Hs) = 8100, len(Ss) = 8100, len(Vs) = 8100
[20191130_065812 / lib_ip.py:4208] blue : variance --> out of range (variance = 7.647 / upper = 0.930 / lower = 0.010)
[20191130_065812 / lib_ip.py:3753] file = img.20191130_065811.2019-11-30_05-39-20_000.jpg.1.png / val_Average = 109.1186	val_Variance = 7.6468	sd = 2.7653	max = 118	min = 99
[20191130_065812 / lib_ip.py:4275] len(Hs) = 8100, len(Ss) = 8100, len(Vs) = 8100
[20191130_065812 / lib_ip.py:4314] pink : variance --> out of range (variance = 7.647 / upper = 0.750 / lower = 0.030)
[20191130_065812 / lib_ip.py:3753] file = img.20191130_065811.2019-11-30_05-39-20_000.jpg.1.png / val_Average = 109.1186	val_Variance = 7.6468	sd = 2.7653	max = 118	min = 99
[20191130_065812 / lib_ip.py:4378] len(Hs) = 8100, len(Ss) = 8100, len(Vs) = 8100
[20191130_065812 / lib_ip.py:4422] black : variance --> out of range (variance = 7.647 / upper = 0.000 / lower = 0.000)
[20191130_065812 / lib_ip.py:4593] file : img.20191130_065811.2019-11-30_05-39-20_000.jpg.1.png 0 (black : variance --> out of range (variance = 7.647 / upper = 0.000 / lower = 0.000))
[20191130_065812 / lib_ip.py:2274] inspecting ===> img.20191130_065811.2019-11-30_05-39-20_000.jpg.2.png
[20191130_065813 / lib_ip.py:4505] 
img.20191130_065811.2019-11-30_05-39-20_000.jpg.2.png 1 ---------------------
[20191130_065813 / lib_ip.py:3753] file = img.20191130_065811.2019-11-30_05-39-20_000.jpg.2.png / val_Average = 107.6001	val_Variance = 12.2148	sd = 3.4950	max = 130	min = 98
[20191130_065813 / lib_ip.py:3836] len(Hs) = 8100, len(Ss) = 8100, len(Vs) = 8100
[20191130_065813 / lib_ip.py:3869] yellow : variance --> out of range (variance = 12.215 / upper = 0.650 / lower = 0.000)
[20191130_065813 / lib_ip.py:3753] file = img.20191130_065811.2019-11-30_05-39-20_000.jpg.2.png / val_Average = 107.6001	val_Variance = 12.2148	sd = 3.4950	max = 130	min = 98
[20191130_065813 / lib_ip.py:3936] len(Hs) = 8100, len(Ss) = 8100, len(Vs) = 8100
[20191130_065813 / lib_ip.py:3982] red : variance --> out of range (variance = 12.215 / upper = 0.430 / lower = 0.000)
[20191130_065813 / lib_ip.py:3753] file = img.20191130_065811.2019-11-30_05-39-20_000.jpg.2.png / val_Average = 107.6001	val_Variance = 12.2148	sd = 3.4950	max = 130	min = 98
[20191130_065813 / lib_ip.py:4052] len(Hs) = 8100, len(Ss) = 8100, len(Vs) = 8100
[20191130_065813 / lib_ip.py:4099] green : variance --> out of range (variance = 12.215 / upper = 0.760 / lower = 0.000)
[20191130_065813 / lib_ip.py:3753] file = img.20191130_065811.2019-11-30_05-39-20_000.jpg.2.png / val_Average = 107.6001	val_Variance = 12.2148	sd = 3.4950	max = 130	min = 98
[20191130_065814 / lib_ip.py:4169] len(Hs) = 8100, len(Ss) = 8100, len(Vs) = 8100
[20191130_065814 / lib_ip.py:4208] blue : variance --> out of range (variance = 12.215 / upper = 0.930 / lower = 0.010)
[20191130_065814 / lib_ip.py:3753] file = img.20191130_065811.2019-11-30_05-39-20_000.jpg.2.png / val_Average = 107.6001	val_Variance = 12.2148	sd = 3.4950	max = 130	min = 98
[20191130_065814 / lib_ip.py:4275] len(Hs) = 8100, len(Ss) = 8100, len(Vs) = 8100
[20191130_065814 / lib_ip.py:4314] pink : variance --> out of range (variance = 12.215 / upper = 0.750 / lower = 0.030)
[20191130_065814 / lib_ip.py:3753] file = img.20191130_065811.2019-11-30_05-39-20_000.jpg.2.png / val_Average = 107.6001	val_Variance = 12.2148	sd = 3.4950	max = 130	min = 98
[20191130_065814 / lib_ip.py:4378] len(Hs) = 8100, len(Ss) = 8100, len(Vs) = 8100
[20191130_065814 / lib_ip.py:4422] black : variance --> out of range (variance = 12.215 / upper = 0.000 / lower = 0.000)
[20191130_065814 / lib_ip.py:4593] file : img.20191130_065811.2019-11-30_05-39-20_000.jpg.2.png 1 (black : variance --> out of range (variance = 12.215 / upper = 0.000 / lower = 0.000))
[20191130_065814 / lib_ip.py:2274] inspecting ===> img.20191130_065811.2019-11-30_05-39-20_000.jpg.3.png
[20191130_065815 / lib_ip.py:4505] 
img.20191130_065811.2019-11-30_05-39-20_000.jpg.3.png 2 ---------------------
[20191130_065815 / lib_ip.py:3753] file = img.20191130_065811.2019-11-30_05-39-20_000.jpg.3.png / val_Average = 106.3694	val_Variance = 3.1176	sd = 1.7657	max = 115	min = 101
[20191130_065815 / lib_ip.py:3836] len(Hs) = 8100, len(Ss) = 8100, len(Vs) = 8100
[20191130_065815 / lib_ip.py:3869] yellow : variance --> out of range (variance = 3.118 / upper = 0.650 / lower = 0.000)
[20191130_065816 / lib_ip.py:3753] file = img.20191130_065811.2019-11-30_05-39-20_000.jpg.3.png / val_Average = 106.3694	val_Variance = 3.1176	sd = 1.7657	max = 115	min = 101
[20191130_065816 / lib_ip.py:3936] len(Hs) = 8100, len(Ss) = 8100, len(Vs) = 8100
[20191130_065816 / lib_ip.py:3982] red : variance --> out of range (variance = 3.118 / upper = 0.430 / lower = 0.000)
[20191130_065816 / lib_ip.py:3753] file = img.20191130_065811.2019-11-30_05-39-20_000.jpg.3.png / val_Average = 106.3694	val_Variance = 3.1176	sd = 1.7657	max = 115	min = 101
[20191130_065816 / lib_ip.py:4052] len(Hs) = 8100, len(Ss) = 8100, len(Vs) = 8100
[20191130_065816 / lib_ip.py:4099] green : variance --> out of range (variance = 3.118 / upper = 0.760 / lower = 0.000)
[20191130_065816 / lib_ip.py:3753] file = img.20191130_065811.2019-11-30_05-39-20_000.jpg.3.png / val_Average = 106.3694	val_Variance = 3.1176	sd = 1.7657	max = 115	min = 101
[20191130_065816 / lib_ip.py:4169] len(Hs) = 8100, len(Ss) = 8100, len(Vs) = 8100
[20191130_065816 / lib_ip.py:4208] blue : variance --> out of range (variance = 3.118 / upper = 0.930 / lower = 0.010)
[20191130_065816 / lib_ip.py:3753] file = img.20191130_065811.2019-11-30_05-39-20_000.jpg.3.png / val_Average = 106.3694	val_Variance = 3.1176	sd = 1.7657	max = 115	min = 101
[20191130_065816 / lib_ip.py:4275] len(Hs) = 8100, len(Ss) = 8100, len(Vs) = 8100
[20191130_065816 / lib_ip.py:4314] pink : variance --> out of range (variance = 3.118 / upper = 0.750 / lower = 0.030)
[20191130_065816 / lib_ip.py:3753] file = img.20191130_065811.2019-11-30_05-39-20_000.jpg.3.png / val_Average = 106.3694	val_Variance = 3.1176	sd = 1.7657	max = 115	min = 101
[20191130_065816 / lib_ip.py:4378] len(Hs) = 8100, len(Ss) = 8100, len(Vs) = 8100
[20191130_065816 / lib_ip.py:4422] black : variance --> out of range (variance = 3.118 / upper = 0.000 / lower = 0.000)
[20191130_065816 / lib_ip.py:4593] file : img.20191130_065811.2019-11-30_05-39-20_000.jpg.3.png 2 (black : variance --> out of range (variance = 3.118 / upper = 0.000 / lower = 0.000))
[20191130_065816 / lib_ip.py:2274] inspecting ===> img.20191130_065811.2019-11-30_05-39-20_000.jpg.4.png
[20191130_065817 / lib_ip.py:4505] 
img.20191130_065811.2019-11-30_05-39-20_000.jpg.4.png 3 ---------------------
[20191130_065820 / lib_ip.py:3753] file = img.20191130_065811.2019-11-30_05-39-20_000.jpg.4.png / val_Average = 105.6080	val_Variance = 1.3996	sd = 1.1830	max = 110	min = 101
[20191130_065820 / lib_ip.py:3836] len(Hs) = 8100, len(Ss) = 8100, len(Vs) = 8100
[20191130_065820 / lib_ip.py:3869] yellow : variance --> out of range (variance = 1.400 / upper = 0.650 / lower = 0.000)
[20191130_065820 / lib_ip.py:3753] file = img.20191130_065811.2019-11-30_05-39-20_000.jpg.4.png / val_Average = 105.6080	val_Variance = 1.3996	sd = 1.1830	max = 110	min = 101
[20191130_065820 / lib_ip.py:3936] len(Hs) = 8100, len(Ss) = 8100, len(Vs) = 8100
[20191130_065820 / lib_ip.py:3982] red : variance --> out of range (variance = 1.400 / upper = 0.430 / lower = 0.000)
[20191130_065820 / lib_ip.py:3753] file = img.20191130_065811.2019-11-30_05-39-20_000.jpg.4.png / val_Average = 105.6080	val_Variance = 1.3996	sd = 1.1830	max = 110	min = 101
[20191130_065820 / lib_ip.py:4052] len(Hs) = 8100, len(Ss) = 8100, len(Vs) = 8100
[20191130_065821 / lib_ip.py:4099] green : variance --> out of range (variance = 1.400 / upper = 0.760 / lower = 0.000)
[20191130_065821 / lib_ip.py:3753] file = img.20191130_065811.2019-11-30_05-39-20_000.jpg.4.png / val_Average = 105.6080	val_Variance = 1.3996	sd = 1.1830	max = 110	min = 101
[20191130_065821 / lib_ip.py:4169] len(Hs) = 8100, len(Ss) = 8100, len(Vs) = 8100
[20191130_065821 / lib_ip.py:4208] blue : variance --> out of range (variance = 1.400 / upper = 0.930 / lower = 0.010)
[20191130_065821 / lib_ip.py:3753] file = img.20191130_065811.2019-11-30_05-39-20_000.jpg.4.png / val_Average = 105.6080	val_Variance = 1.3996	sd = 1.1830	max = 110	min = 101
[20191130_065821 / lib_ip.py:4275] len(Hs) = 8100, len(Ss) = 8100, len(Vs) = 8100
[20191130_065821 / lib_ip.py:4314] pink : variance --> out of range (variance = 1.400 / upper = 0.750 / lower = 0.030)
[20191130_065821 / lib_ip.py:3753] file = img.20191130_065811.2019-11-30_05-39-20_000.jpg.4.png / val_Average = 105.6080	val_Variance = 1.3996	sd = 1.1830	max = 110	min = 101
[20191130_065821 / lib_ip.py:4378] len(Hs) = 8100, len(Ss) = 8100, len(Vs) = 8100
[20191130_065821 / lib_ip.py:4422] black : variance --> out of range (variance = 1.400 / upper = 0.000 / lower = 0.000)
[20191130_065821 / lib_ip.py:4593] file : img.20191130_065811.2019-11-30_05-39-20_000.jpg.4.png 3 (black : variance --> out of range (variance = 1.400 / upper = 0.000 / lower = 0.000))
[20191130_065816 / lib_ip.py:2274] inspecting ===> img.20191130_065811.2019-11-30_05-39-20_000.jpg.4.png
img.20191130_065811.2019-11-30_05-39-20_000.jpg.1.png => other
img.20191130_065811.2019-11-30_05-39-20_000.jpg.2.png => other
img.20191130_065811.2019-11-30_05-39-20_000.jpg.3.png => other
img.20191130_065811.2019-11-30_05-39-20_000.jpg.4.png => other
[20191130_065821 lib_ip.py:3301] =============== Get 4 corners
dpath_Images = C:\WORKS_2\WS\WS_Others.Art\JVEMV6\46_art\VIRTUAL\Admin_Projects\ip\images
fname_Image = img.20191130_065811.2019-11-30_05-39-20_000.jpg.4.png

[20191130_065821 / views.py:1411] gen csv => complete (20191130_065821)(elapsed = 71.859 sec / 8 files / 8.982 sec per file)
1)	2019-11-29_07-35-59_000.jpg => 	other red other green 
2)	2019-11-29_08-00-46_000.jpg => 	other other green green 
3)	2019-11-29_10-22-36_000.jpg => 	other yellow other other 
4)	2019-11-29_16-39-01_000.jpg => 	other other green red 
5)	2019-11-29_18-17-07_000.jpg => 	other red other other 
6)	2019-11-29_20-54-42_000.jpg => 	yellow other other other 
7)	2019-11-30_00-30-22_000.jpg => 	other other other other 
8)	2019-11-30_05-39-20_000.jpg => 	other other other other 
[20191130_065822 / views.py:1753] lo_ColorName_Set__Modified_2 =>
1)	2019-11-29_07-35-59_000.jpg => 	g o o r 
2)	2019-11-29_08-00-46_000.jpg => 	g g o o 
3)	2019-11-29_10-22-36_000.jpg => 	o o o y 
4)	2019-11-29_16-39-01_000.jpg => 	g o o r 
5)	2019-11-29_18-17-07_000.jpg => 	o o o r 
6)	2019-11-29_20-54-42_000.jpg => 	o o o y 
7)	2019-11-30_00-30-22_000.jpg => 	o o o o 
8)	2019-11-30_05-39-20_000.jpg => 	o o o o 
[20191130_065825 / views.py:1839] gen_Cake_CSV(request) ==> ending... =======================//

