[20190704_083306 / views.py:1822] gen_Cake_CSV(request) ==> starting... =======================
[20190704_083309 / lib_ip.py:2274] inspecting ===> img.20190704_083309.2019-07-03_09-13-36_000.jpg.1.png
[20190704_083309 / lib_ip.py:4505] 
img.20190704_083309.2019-07-03_09-13-36_000.jpg.1.png 0 ---------------------
[20190704_083309 / lib_ip.py:3753] file = img.20190704_083309.2019-07-03_09-13-36_000.jpg.1.png / val_Average = 106.9153	val_Variance = 1.8506	sd = 1.3604	max = 113	min = 104
[20190704_083309 / lib_ip.py:3836] len(Hs) = 8100, len(Ss) = 8100, len(Vs) = 8100
[20190704_083309 / lib_ip.py:3869] yellow : variance --> out of range (variance = 1.851 / upper = 0.650 / lower = 0.000)
[20190704_083309 / lib_ip.py:3753] file = img.20190704_083309.2019-07-03_09-13-36_000.jpg.1.png / val_Average = 106.9153	val_Variance = 1.8506	sd = 1.3604	max = 113	min = 104
[20190704_083309 / lib_ip.py:3936] len(Hs) = 8100, len(Ss) = 8100, len(Vs) = 8100
[20190704_083309 / lib_ip.py:3982] red : variance --> out of range (variance = 1.851 / upper = 0.430 / lower = 0.000)
[20190704_083309 / lib_ip.py:3753] file = img.20190704_083309.2019-07-03_09-13-36_000.jpg.1.png / val_Average = 106.9153	val_Variance = 1.8506	sd = 1.3604	max = 113	min = 104
[20190704_083309 / lib_ip.py:4052] len(Hs) = 8100, len(Ss) = 8100, len(Vs) = 8100
[20190704_083309 / lib_ip.py:4099] green : variance --> out of range (variance = 1.851 / upper = 0.760 / lower = 0.000)
[20190704_083309 / lib_ip.py:3753] file = img.20190704_083309.2019-07-03_09-13-36_000.jpg.1.png / val_Average = 106.9153	val_Variance = 1.8506	sd = 1.3604	max = 113	min = 104
[20190704_083310 / lib_ip.py:4169] len(Hs) = 8100, len(Ss) = 8100, len(Vs) = 8100
[20190704_083310 / lib_ip.py:4208] blue : variance --> out of range (variance = 1.851 / upper = 0.930 / lower = 0.010)
[20190704_083310 / lib_ip.py:3753] file = img.20190704_083309.2019-07-03_09-13-36_000.jpg.1.png / val_Average = 106.9153	val_Variance = 1.8506	sd = 1.3604	max = 113	min = 104
[20190704_083310 / lib_ip.py:4275] len(Hs) = 8100, len(Ss) = 8100, len(Vs) = 8100
[20190704_083310 / lib_ip.py:4314] pink : variance --> out of range (variance = 1.851 / upper = 0.750 / lower = 0.030)
[20190704_083310 / lib_ip.py:3753] file = img.20190704_083309.2019-07-03_09-13-36_000.jpg.1.png / val_Average = 106.9153	val_Variance = 1.8506	sd = 1.3604	max = 113	min = 104
[20190704_083310 / lib_ip.py:4378] len(Hs) = 8100, len(Ss) = 8100, len(Vs) = 8100
[20190704_083310 / lib_ip.py:4422] black : variance --> out of range (variance = 1.851 / upper = 0.000 / lower = 0.000)
[20190704_083310 / lib_ip.py:4593] file : img.20190704_083309.2019-07-03_09-13-36_000.jpg.1.png 0 (black : variance --> out of range (variance = 1.851 / upper = 0.000 / lower = 0.000))
[20190704_083310 / lib_ip.py:2274] inspecting ===> img.20190704_083309.2019-07-03_09-13-36_000.jpg.2.png
[20190704_083310 / lib_ip.py:4505] 
img.20190704_083309.2019-07-03_09-13-36_000.jpg.2.png 1 ---------------------
[20190704_083310 / lib_ip.py:3753] file = img.20190704_083309.2019-07-03_09-13-36_000.jpg.2.png / val_Average = 53.9172	val_Variance = 1334.3034	sd = 36.5281	max = 175	min = 0
[20190704_083310 / lib_ip.py:3836] len(Hs) = 8100, len(Ss) = 8100, len(Vs) = 8100
