[20190621_090734 / views.py:1822] gen_Cake_CSV(request) ==> starting... =======================
[20190621_090737 / lib_ip.py:2274] inspecting ===> img.20190621_090736.2019-06-20_12-44-59_000.jpg.1.png
[20190621_090737 / lib_ip.py:4505] 
img.20190621_090736.2019-06-20_12-44-59_000.jpg.1.png 0 ---------------------
[20190621_090737 / lib_ip.py:3753] file = img.20190621_090736.2019-06-20_12-44-59_000.jpg.1.png / val_Average = 91.6751	val_Variance = 55.6739	sd = 7.4615	max = 135	min = 0
[20190621_090737 / lib_ip.py:3836] len(Hs) = 8100, len(Ss) = 8100, len(Vs) = 8100
[20190621_090737 / lib_ip.py:3869] yellow : variance --> out of range (variance = 55.674 / upper = 0.650 / lower = 0.000)
[20190621_090737 / lib_ip.py:3753] file = img.20190621_090736.2019-06-20_12-44-59_000.jpg.1.png / val_Average = 91.6751	val_Variance = 55.6739	sd = 7.4615	max = 135	min = 0
[20190621_090738 / lib_ip.py:3936] len(Hs) = 8100, len(Ss) = 8100, len(Vs) = 8100
[20190621_090738 / lib_ip.py:3982] red : variance --> out of range (variance = 55.674 / upper = 0.430 / lower = 0.000)
[20190621_090738 / lib_ip.py:3753] file = img.20190621_090736.2019-06-20_12-44-59_000.jpg.1.png / val_Average = 91.6751	val_Variance = 55.6739	sd = 7.4615	max = 135	min = 0
[20190621_090738 / lib_ip.py:4052] len(Hs) = 8100, len(Ss) = 8100, len(Vs) = 8100
[20190621_090738 / lib_ip.py:4099] green : variance --> out of range (variance = 55.674 / upper = 0.760 / lower = 0.000)
[20190621_090738 / lib_ip.py:3753] file = img.20190621_090736.2019-06-20_12-44-59_000.jpg.1.png / val_Average = 91.6751	val_Variance = 55.6739	sd = 7.4615	max = 135	min = 0
[20190621_090738 / lib_ip.py:4169] len(Hs) = 8100, len(Ss) = 8100, len(Vs) = 8100
[20190621_090738 / lib_ip.py:4208] blue : variance --> out of range (variance = 55.674 / upper = 0.930 / lower = 0.010)
[20190621_090738 / lib_ip.py:3753] file = img.20190621_090736.2019-06-20_12-44-59_000.jpg.1.png / val_Average = 91.6751	val_Variance = 55.6739	sd = 7.4615	max = 135	min = 0
[20190621_090738 / lib_ip.py:4275] len(Hs) = 8100, len(Ss) = 8100, len(Vs) = 8100
[20190621_090738 / lib_ip.py:4314] pink : variance --> out of range (variance = 55.674 / upper = 0.750 / lower = 0.030)
[20190621_090738 / lib_ip.py:3753] file = img.20190621_090736.2019-06-20_12-44-59_000.jpg.1.png / val_Average = 91.6751	val_Variance = 55.6739	sd = 7.4615	max = 135	min = 0
[20190621_090738 / lib_ip.py:4378] len(Hs) = 8100, len(Ss) = 8100, len(Vs) = 8100
[20190621_090738 / lib_ip.py:4422] black : variance --> out of range (variance = 55.674 / upper = 0.000 / lower = 0.000)
[20190621_090738 / lib_ip.py:4593] file : img.20190621_090736.2019-06-20_12-44-59_000.jpg.1.png 0 (black : variance --> out of range (variance = 55.674 / upper = 0.000 / lower = 0.000))
[20190621_090739 / lib_ip.py:2274] inspecting ===> img.20190621_090736.2019-06-20_12-44-59_000.jpg.2.png
[20190621_090739 / lib_ip.py:4505] 
img.20190621_090736.2019-06-20_12-44-59_000.jpg.2.png 1 ---------------------
[20190621_090739 / lib_ip.py:3753] file = img.20190621_090736.2019-06-20_12-44-59_000.jpg.2.png / val_Average = 93.0012	val_Variance = 0.0025	sd = 0.0497	max = 94	min = 92
[20190621_090739 / lib_ip.py:3836] len(Hs) = 8100, len(Ss) = 8100, len(Vs) = 8100
[20190621_090739 / lib_ip.py:2274] inspecting ===> img.20190621_090736.2019-06-20_12-44-59_000.jpg.3.png
[20190621_090740 / lib_ip.py:4505] 
img.20190621_090736.2019-06-20_12-44-59_000.jpg.3.png 2 ---------------------
[20190621_090740 / lib_ip.py:3753] file = img.20190621_090736.2019-06-20_12-44-59_000.jpg.3.png / val_Average = 110.9612	val_Variance = 11.4654	sd = 3.3861	max = 120	min = 104
[20190621_090740 / lib_ip.py:3836] len(Hs) = 8100, len(Ss) = 8100, len(Vs) = 8100
[20190621_090740 / lib_ip.py:3869] yellow : variance --> out of range (variance = 11.465 / upper = 0.650 / lower = 0.000)
[20190621_090740 / lib_ip.py:3753] file = img.20190621_090736.2019-06-20_12-44-59_000.jpg.3.png / val_Average = 110.9612	val_Variance = 11.4654	sd = 3.3861	max = 120	min = 104
[20190621_090740 / lib_ip.py:3936] len(Hs) = 8100, len(Ss) = 8100, len(Vs) = 8100
[20190621_090740 / lib_ip.py:3982] red : variance --> out of range (variance = 11.465 / upper = 0.430 / lower = 0.000)
[20190621_090741 / lib_ip.py:3753] file = img.20190621_090736.2019-06-20_12-44-59_000.jpg.3.png / val_Average = 110.9612	val_Variance = 11.4654	sd = 3.3861	max = 120	min = 104
[20190621_090741 / lib_ip.py:4052] len(Hs) = 8100, len(Ss) = 8100, len(Vs) = 8100
[20190621_090741 / lib_ip.py:4099] green : variance --> out of range (variance = 11.465 / upper = 0.760 / lower = 0.000)
[20190621_090741 / lib_ip.py:3753] file = img.20190621_090736.2019-06-20_12-44-59_000.jpg.3.png / val_Average = 110.9612	val_Variance = 11.4654	sd = 3.3861	max = 120	min = 104
[20190621_090741 / lib_ip.py:4169] len(Hs) = 8100, len(Ss) = 8100, len(Vs) = 8100
[20190621_090741 / lib_ip.py:4208] blue : variance --> out of range (variance = 11.465 / upper = 0.930 / lower = 0.010)
[20190621_090741 / lib_ip.py:3753] file = img.20190621_090736.2019-06-20_12-44-59_000.jpg.3.png / val_Average = 110.9612	val_Variance = 11.4654	sd = 3.3861	max = 120	min = 104
[20190621_090741 / lib_ip.py:4275] len(Hs) = 8100, len(Ss) = 8100, len(Vs) = 8100
[20190621_090741 / lib_ip.py:4314] pink : variance --> out of range (variance = 11.465 / upper = 0.750 / lower = 0.030)
[20190621_090741 / lib_ip.py:3753] file = img.20190621_090736.2019-06-20_12-44-59_000.jpg.3.png / val_Average = 110.9612	val_Variance = 11.4654	sd = 3.3861	max = 120	min = 104
[20190621_090742 / lib_ip.py:4378] len(Hs) = 8100, len(Ss) = 8100, len(Vs) = 8100
[20190621_090742 / lib_ip.py:4422] black : variance --> out of range (variance = 11.465 / upper = 0.000 / lower = 0.000)
[20190621_090742 / lib_ip.py:4593] file : img.20190621_090736.2019-06-20_12-44-59_000.jpg.3.png 2 (black : variance --> out of range (variance = 11.465 / upper = 0.000 / lower = 0.000))
[20190621_090742 / lib_ip.py:2274] inspecting ===> img.20190621_090736.2019-06-20_12-44-59_000.jpg.4.png
[20190621_090742 / lib_ip.py:4505] 
img.20190621_090736.2019-06-20_12-44-59_000.jpg.4.png 3 ---------------------
[20190621_090742 / lib_ip.py:3753] file = img.20190621_090736.2019-06-20_12-44-59_000.jpg.4.png / val_Average = 0.0000	val_Variance = 0.0000	sd = 0.0000	max = 0	min = 0
[20190621_090742 / lib_ip.py:3836] len(Hs) = 8100, len(Ss) = 8100, len(Vs) = 8100
[20190621_090742 / lib_ip.py:3891] yellow : average --> out of range (average = 0.000 / upper = 99.200 / lower = 85.500)
[20190621_090742 / lib_ip.py:3753] file = img.20190621_090736.2019-06-20_12-44-59_000.jpg.4.png / val_Average = 0.0000	val_Variance = 0.0000	sd = 0.0000	max = 0	min = 0
[20190621_090743 / lib_ip.py:3936] len(Hs) = 8100, len(Ss) = 8100, len(Vs) = 8100
[20190621_090743 / lib_ip.py:4007] red : average --> out of range (average = 0.000 / upper = 124.600 / lower = 115.000)
[20190621_090743 / lib_ip.py:3753] file = img.20190621_090736.2019-06-20_12-44-59_000.jpg.4.png / val_Average = 0.0000	val_Variance = 0.0000	sd = 0.0000	max = 0	min = 0
[20190621_090743 / lib_ip.py:4052] len(Hs) = 8100, len(Ss) = 8100, len(Vs) = 8100
[20190621_090743 / lib_ip.py:4124] green : average --> out of range (average = 0.000 / upper = 85.000 / lower = 58.000)
[20190621_090743 / lib_ip.py:3753] file = img.20190621_090736.2019-06-20_12-44-59_000.jpg.4.png / val_Average = 0.0000	val_Variance = 0.0000	sd = 0.0000	max = 0	min = 0
[20190621_090743 / lib_ip.py:4169] len(Hs) = 8100, len(Ss) = 8100, len(Vs) = 8100
[20190621_090743 / lib_ip.py:4208] blue : variance --> out of range (variance = 0.000 / upper = 0.930 / lower = 0.010)
[20190621_090743 / lib_ip.py:3753] file = img.20190621_090736.2019-06-20_12-44-59_000.jpg.4.png / val_Average = 0.0000	val_Variance = 0.0000	sd = 0.0000	max = 0	min = 0
[20190621_090743 / lib_ip.py:4275] len(Hs) = 8100, len(Ss) = 8100, len(Vs) = 8100
[20190621_090743 / lib_ip.py:4314] pink : variance --> out of range (variance = 0.000 / upper = 0.750 / lower = 0.030)
[20190621_090744 / lib_ip.py:3753] file = img.20190621_090736.2019-06-20_12-44-59_000.jpg.4.png / val_Average = 0.0000	val_Variance = 0.0000	sd = 0.0000	max = 0	min = 0
[20190621_090744 / lib_ip.py:4378] len(Hs) = 8100, len(Ss) = 8100, len(Vs) = 8100
[20190621_090742 / lib_ip.py:2274] inspecting ===> img.20190621_090736.2019-06-20_12-44-59_000.jpg.4.png
img.20190621_090736.2019-06-20_12-44-59_000.jpg.1.png => other
img.20190621_090736.2019-06-20_12-44-59_000.jpg.2.png => yellow
img.20190621_090736.2019-06-20_12-44-59_000.jpg.3.png => other
img.20190621_090736.2019-06-20_12-44-59_000.jpg.4.png => other
[20190621_090744 lib_ip.py:3301] =============== Get 4 corners
dpath_Images = C:\WORKS_2\WS\WS_Others.Art\JVEMV6\46_art\VIRTUAL\Admin_Projects\ip\images
fname_Image = img.20190621_090736.2019-06-20_12-44-59_000.jpg.4.png

[20190621_090745 / lib_ip.py:2274] inspecting ===> img.20190621_090745.2019-06-20_17-22-29_000.jpg.1.png
[20190621_090745 / lib_ip.py:4505] 
img.20190621_090745.2019-06-20_17-22-29_000.jpg.1.png 0 ---------------------
[20190621_090745 / lib_ip.py:3753] file = img.20190621_090745.2019-06-20_17-22-29_000.jpg.1.png / val_Average = 71.5578	val_Variance = 1653.2904	sd = 40.6607	max = 160	min = 0
[20190621_090745 / lib_ip.py:3836] len(Hs) = 8100, len(Ss) = 8100, len(Vs) = 8100
[20190621_090746 / lib_ip.py:3869] yellow : variance --> out of range (variance = 1653.290 / upper = 0.650 / lower = 0.000)
[20190621_090746 / lib_ip.py:3753] file = img.20190621_090745.2019-06-20_17-22-29_000.jpg.1.png / val_Average = 71.5578	val_Variance = 1653.2904	sd = 40.6607	max = 160	min = 0
[20190621_090746 / lib_ip.py:3936] len(Hs) = 8100, len(Ss) = 8100, len(Vs) = 8100
[20190621_090746 / lib_ip.py:3982] red : variance --> out of range (variance = 1653.290 / upper = 0.430 / lower = 0.000)
[20190621_090746 / lib_ip.py:3753] file = img.20190621_090745.2019-06-20_17-22-29_000.jpg.1.png / val_Average = 71.5578	val_Variance = 1653.2904	sd = 40.6607	max = 160	min = 0
[20190621_090746 / lib_ip.py:4052] len(Hs) = 8100, len(Ss) = 8100, len(Vs) = 8100
[20190621_090746 / lib_ip.py:4099] green : variance --> out of range (variance = 1653.290 / upper = 0.760 / lower = 0.000)
[20190621_090746 / lib_ip.py:3753] file = img.20190621_090745.2019-06-20_17-22-29_000.jpg.1.png / val_Average = 71.5578	val_Variance = 1653.2904	sd = 40.6607	max = 160	min = 0
[20190621_090746 / lib_ip.py:4169] len(Hs) = 8100, len(Ss) = 8100, len(Vs) = 8100
[20190621_090746 / lib_ip.py:4208] blue : variance --> out of range (variance = 1653.290 / upper = 0.930 / lower = 0.010)
[20190621_090746 / lib_ip.py:3753] file = img.20190621_090745.2019-06-20_17-22-29_000.jpg.1.png / val_Average = 71.5578	val_Variance = 1653.2904	sd = 40.6607	max = 160	min = 0
[20190621_090746 / lib_ip.py:4275] len(Hs) = 8100, len(Ss) = 8100, len(Vs) = 8100
[20190621_090746 / lib_ip.py:4314] pink : variance --> out of range (variance = 1653.290 / upper = 0.750 / lower = 0.030)
[20190621_090746 / lib_ip.py:3753] file = img.20190621_090745.2019-06-20_17-22-29_000.jpg.1.png / val_Average = 71.5578	val_Variance = 1653.2904	sd = 40.6607	max = 160	min = 0
[20190621_090746 / lib_ip.py:4378] len(Hs) = 8100, len(Ss) = 8100, len(Vs) = 8100
[20190621_090747 / lib_ip.py:4422] black : variance --> out of range (variance = 1653.290 / upper = 0.000 / lower = 0.000)
[20190621_090747 / lib_ip.py:4593] file : img.20190621_090745.2019-06-20_17-22-29_000.jpg.1.png 0 (black : variance --> out of range (variance = 1653.290 / upper = 0.000 / lower = 0.000))
[20190621_090747 / lib_ip.py:2274] inspecting ===> img.20190621_090745.2019-06-20_17-22-29_000.jpg.2.png
[20190621_090747 / lib_ip.py:4505] 
img.20190621_090745.2019-06-20_17-22-29_000.jpg.2.png 1 ---------------------
[20190621_090747 / lib_ip.py:3753] file = img.20190621_090745.2019-06-20_17-22-29_000.jpg.2.png / val_Average = 5.1012	val_Variance = 268.3786	sd = 16.3823	max = 150	min = 0
[20190621_090747 / lib_ip.py:3836] len(Hs) = 8100, len(Ss) = 8100, len(Vs) = 8100
[20190621_090747 / lib_ip.py:3869] yellow : variance --> out of range (variance = 268.379 / upper = 0.650 / lower = 0.000)
[20190621_090747 / lib_ip.py:3753] file = img.20190621_090745.2019-06-20_17-22-29_000.jpg.2.png / val_Average = 5.1012	val_Variance = 268.3786	sd = 16.3823	max = 150	min = 0
[20190621_090748 / lib_ip.py:3936] len(Hs) = 8100, len(Ss) = 8100, len(Vs) = 8100
[20190621_090748 / lib_ip.py:3982] red : variance --> out of range (variance = 268.379 / upper = 0.430 / lower = 0.000)
[20190621_090748 / lib_ip.py:3753] file = img.20190621_090745.2019-06-20_17-22-29_000.jpg.2.png / val_Average = 5.1012	val_Variance = 268.3786	sd = 16.3823	max = 150	min = 0
[20190621_090748 / lib_ip.py:4052] len(Hs) = 8100, len(Ss) = 8100, len(Vs) = 8100
[20190621_090748 / lib_ip.py:4099] green : variance --> out of range (variance = 268.379 / upper = 0.760 / lower = 0.000)
[20190621_090748 / lib_ip.py:3753] file = img.20190621_090745.2019-06-20_17-22-29_000.jpg.2.png / val_Average = 5.1012	val_Variance = 268.3786	sd = 16.3823	max = 150	min = 0
[20190621_090748 / lib_ip.py:4169] len(Hs) = 8100, len(Ss) = 8100, len(Vs) = 8100
[20190621_090748 / lib_ip.py:4208] blue : variance --> out of range (variance = 268.379 / upper = 0.930 / lower = 0.010)
[20190621_090748 / lib_ip.py:3753] file = img.20190621_090745.2019-06-20_17-22-29_000.jpg.2.png / val_Average = 5.1012	val_Variance = 268.3786	sd = 16.3823	max = 150	min = 0
[20190621_090748 / lib_ip.py:4275] len(Hs) = 8100, len(Ss) = 8100, len(Vs) = 8100
[20190621_090749 / lib_ip.py:4314] pink : variance --> out of range (variance = 268.379 / upper = 0.750 / lower = 0.030)
[20190621_090749 / lib_ip.py:3753] file = img.20190621_090745.2019-06-20_17-22-29_000.jpg.2.png / val_Average = 5.1012	val_Variance = 268.3786	sd = 16.3823	max = 150	min = 0
[20190621_090749 / lib_ip.py:4378] len(Hs) = 8100, len(Ss) = 8100, len(Vs) = 8100
[20190621_090749 / lib_ip.py:4422] black : variance --> out of range (variance = 268.379 / upper = 0.000 / lower = 0.000)
[20190621_090749 / lib_ip.py:4593] file : img.20190621_090745.2019-06-20_17-22-29_000.jpg.2.png 1 (black : variance --> out of range (variance = 268.379 / upper = 0.000 / lower = 0.000))
[20190621_090749 / lib_ip.py:2274] inspecting ===> img.20190621_090745.2019-06-20_17-22-29_000.jpg.3.png
[20190621_090749 / lib_ip.py:4505] 
img.20190621_090745.2019-06-20_17-22-29_000.jpg.3.png 2 ---------------------
[20190621_090749 / lib_ip.py:3753] file = img.20190621_090745.2019-06-20_17-22-29_000.jpg.3.png / val_Average = 74.6267	val_Variance = 0.2372	sd = 0.4870	max = 76	min = 74
[20190621_090749 / lib_ip.py:3836] len(Hs) = 8100, len(Ss) = 8100, len(Vs) = 8100
[20190621_090749 / lib_ip.py:3891] yellow : average --> out of range (average = 74.627 / upper = 99.200 / lower = 85.500)
[20190621_090750 / lib_ip.py:3753] file = img.20190621_090745.2019-06-20_17-22-29_000.jpg.3.png / val_Average = 74.6267	val_Variance = 0.2372	sd = 0.4870	max = 76	min = 74
[20190621_090750 / lib_ip.py:3936] len(Hs) = 8100, len(Ss) = 8100, len(Vs) = 8100
[20190621_090750 / lib_ip.py:4007] red : average --> out of range (average = 74.627 / upper = 124.600 / lower = 115.000)
[20190621_090750 / lib_ip.py:3753] file = img.20190621_090745.2019-06-20_17-22-29_000.jpg.3.png / val_Average = 74.6267	val_Variance = 0.2372	sd = 0.4870	max = 76	min = 74
[20190621_090750 / lib_ip.py:4052] len(Hs) = 8100, len(Ss) = 8100, len(Vs) = 8100
[20190621_090750 / lib_ip.py:2274] inspecting ===> img.20190621_090745.2019-06-20_17-22-29_000.jpg.4.png
[20190621_090750 / lib_ip.py:4505] 
img.20190621_090745.2019-06-20_17-22-29_000.jpg.4.png 3 ---------------------
[20190621_090750 / lib_ip.py:3753] file = img.20190621_090745.2019-06-20_17-22-29_000.jpg.4.png / val_Average = 75.9490	val_Variance = 0.0563	sd = 0.2373	max = 77	min = 75
[20190621_090750 / lib_ip.py:3836] len(Hs) = 8100, len(Ss) = 8100, len(Vs) = 8100
[20190621_090751 / lib_ip.py:3891] yellow : average --> out of range (average = 75.949 / upper = 99.200 / lower = 85.500)
[20190621_090751 / lib_ip.py:3753] file = img.20190621_090745.2019-06-20_17-22-29_000.jpg.4.png / val_Average = 75.9490	val_Variance = 0.0563	sd = 0.2373	max = 77	min = 75
[20190621_090751 / lib_ip.py:3936] len(Hs) = 8100, len(Ss) = 8100, len(Vs) = 8100
[20190621_090751 / lib_ip.py:4007] red : average --> out of range (average = 75.949 / upper = 124.600 / lower = 115.000)
[20190621_090751 / lib_ip.py:3753] file = img.20190621_090745.2019-06-20_17-22-29_000.jpg.4.png / val_Average = 75.9490	val_Variance = 0.0563	sd = 0.2373	max = 77	min = 75
[20190621_090751 / lib_ip.py:4052] len(Hs) = 8100, len(Ss) = 8100, len(Vs) = 8100
[20190621_090750 / lib_ip.py:2274] inspecting ===> img.20190621_090745.2019-06-20_17-22-29_000.jpg.4.png
img.20190621_090745.2019-06-20_17-22-29_000.jpg.1.png => other
img.20190621_090745.2019-06-20_17-22-29_000.jpg.2.png => other
img.20190621_090745.2019-06-20_17-22-29_000.jpg.3.png => other
img.20190621_090745.2019-06-20_17-22-29_000.jpg.4.png => other
[20190621_090751 lib_ip.py:3301] =============== Get 4 corners
dpath_Images = C:\WORKS_2\WS\WS_Others.Art\JVEMV6\46_art\VIRTUAL\Admin_Projects\ip\images
fname_Image = img.20190621_090745.2019-06-20_17-22-29_000.jpg.4.png

[20190621_090752 / lib_ip.py:2274] inspecting ===> img.20190621_090752.2019-06-20_20-42-44_000.jpg.1.png
[20190621_090753 / lib_ip.py:4505] 
img.20190621_090752.2019-06-20_20-42-44_000.jpg.1.png 0 ---------------------
[20190621_090754 / lib_ip.py:3753] file = img.20190621_090752.2019-06-20_20-42-44_000.jpg.1.png / val_Average = 71.9320	val_Variance = 1157.7451	sd = 34.0257	max = 135	min = 0
[20190621_090754 / lib_ip.py:3836] len(Hs) = 8100, len(Ss) = 8100, len(Vs) = 8100
[20190621_090754 / lib_ip.py:3869] yellow : variance --> out of range (variance = 1157.745 / upper = 0.650 / lower = 0.000)
[20190621_090754 / lib_ip.py:3753] file = img.20190621_090752.2019-06-20_20-42-44_000.jpg.1.png / val_Average = 71.9320	val_Variance = 1157.7451	sd = 34.0257	max = 135	min = 0
[20190621_090754 / lib_ip.py:3936] len(Hs) = 8100, len(Ss) = 8100, len(Vs) = 8100
[20190621_090754 / lib_ip.py:3982] red : variance --> out of range (variance = 1157.745 / upper = 0.430 / lower = 0.000)
[20190621_090755 / lib_ip.py:3753] file = img.20190621_090752.2019-06-20_20-42-44_000.jpg.1.png / val_Average = 71.9320	val_Variance = 1157.7451	sd = 34.0257	max = 135	min = 0
[20190621_090755 / lib_ip.py:4052] len(Hs) = 8100, len(Ss) = 8100, len(Vs) = 8100
[20190621_090755 / lib_ip.py:4099] green : variance --> out of range (variance = 1157.745 / upper = 0.760 / lower = 0.000)
[20190621_090755 / lib_ip.py:3753] file = img.20190621_090752.2019-06-20_20-42-44_000.jpg.1.png / val_Average = 71.9320	val_Variance = 1157.7451	sd = 34.0257	max = 135	min = 0
[20190621_090755 / lib_ip.py:4169] len(Hs) = 8100, len(Ss) = 8100, len(Vs) = 8100
[20190621_090756 / lib_ip.py:4208] blue : variance --> out of range (variance = 1157.745 / upper = 0.930 / lower = 0.010)
[20190621_090756 / lib_ip.py:3753] file = img.20190621_090752.2019-06-20_20-42-44_000.jpg.1.png / val_Average = 71.9320	val_Variance = 1157.7451	sd = 34.0257	max = 135	min = 0
[20190621_090756 / lib_ip.py:4275] len(Hs) = 8100, len(Ss) = 8100, len(Vs) = 8100
[20190621_090756 / lib_ip.py:4314] pink : variance --> out of range (variance = 1157.745 / upper = 0.750 / lower = 0.030)
[20190621_090757 / lib_ip.py:3753] file = img.20190621_090752.2019-06-20_20-42-44_000.jpg.1.png / val_Average = 71.9320	val_Variance = 1157.7451	sd = 34.0257	max = 135	min = 0
[20190621_090757 / lib_ip.py:4378] len(Hs) = 8100, len(Ss) = 8100, len(Vs) = 8100
[20190621_090757 / lib_ip.py:4422] black : variance --> out of range (variance = 1157.745 / upper = 0.000 / lower = 0.000)
[20190621_090757 / lib_ip.py:4593] file : img.20190621_090752.2019-06-20_20-42-44_000.jpg.1.png 0 (black : variance --> out of range (variance = 1157.745 / upper = 0.000 / lower = 0.000))
[20190621_090757 / lib_ip.py:2274] inspecting ===> img.20190621_090752.2019-06-20_20-42-44_000.jpg.2.png
[20190621_090758 / lib_ip.py:4505] 
img.20190621_090752.2019-06-20_20-42-44_000.jpg.2.png 1 ---------------------
[20190621_090758 / lib_ip.py:3753] file = img.20190621_090752.2019-06-20_20-42-44_000.jpg.2.png / val_Average = 92.0284	val_Variance = 0.0276	sd = 0.1661	max = 93	min = 92
[20190621_090758 / lib_ip.py:3836] len(Hs) = 8100, len(Ss) = 8100, len(Vs) = 8100
[20190621_090759 / lib_ip.py:2274] inspecting ===> img.20190621_090752.2019-06-20_20-42-44_000.jpg.3.png
[20190621_090800 / lib_ip.py:4505] 
img.20190621_090752.2019-06-20_20-42-44_000.jpg.3.png 2 ---------------------
[20190621_090800 / lib_ip.py:3753] file = img.20190621_090752.2019-06-20_20-42-44_000.jpg.3.png / val_Average = 48.1521	val_Variance = 1772.1379	sd = 42.0968	max = 135	min = 0
[20190621_090800 / lib_ip.py:3836] len(Hs) = 8100, len(Ss) = 8100, len(Vs) = 8100
[20190621_090800 / lib_ip.py:3869] yellow : variance --> out of range (variance = 1772.138 / upper = 0.650 / lower = 0.000)
[20190621_090800 / lib_ip.py:3753] file = img.20190621_090752.2019-06-20_20-42-44_000.jpg.3.png / val_Average = 48.1521	val_Variance = 1772.1379	sd = 42.0968	max = 135	min = 0
[20190621_090800 / lib_ip.py:3936] len(Hs) = 8100, len(Ss) = 8100, len(Vs) = 8100
[20190621_090800 / lib_ip.py:3982] red : variance --> out of range (variance = 1772.138 / upper = 0.430 / lower = 0.000)
[20190621_090800 / lib_ip.py:3753] file = img.20190621_090752.2019-06-20_20-42-44_000.jpg.3.png / val_Average = 48.1521	val_Variance = 1772.1379	sd = 42.0968	max = 135	min = 0
[20190621_090800 / lib_ip.py:4052] len(Hs) = 8100, len(Ss) = 8100, len(Vs) = 8100
[20190621_090801 / lib_ip.py:4099] green : variance --> out of range (variance = 1772.138 / upper = 0.760 / lower = 0.000)
[20190621_090801 / lib_ip.py:3753] file = img.20190621_090752.2019-06-20_20-42-44_000.jpg.3.png / val_Average = 48.1521	val_Variance = 1772.1379	sd = 42.0968	max = 135	min = 0
[20190621_090801 / lib_ip.py:4169] len(Hs) = 8100, len(Ss) = 8100, len(Vs) = 8100
[20190621_090801 / lib_ip.py:4208] blue : variance --> out of range (variance = 1772.138 / upper = 0.930 / lower = 0.010)
[20190621_090801 / lib_ip.py:3753] file = img.20190621_090752.2019-06-20_20-42-44_000.jpg.3.png / val_Average = 48.1521	val_Variance = 1772.1379	sd = 42.0968	max = 135	min = 0
[20190621_090801 / lib_ip.py:4275] len(Hs) = 8100, len(Ss) = 8100, len(Vs) = 8100
[20190621_090801 / lib_ip.py:4314] pink : variance --> out of range (variance = 1772.138 / upper = 0.750 / lower = 0.030)
[20190621_090802 / lib_ip.py:3753] file = img.20190621_090752.2019-06-20_20-42-44_000.jpg.3.png / val_Average = 48.1521	val_Variance = 1772.1379	sd = 42.0968	max = 135	min = 0
[20190621_090802 / lib_ip.py:4378] len(Hs) = 8100, len(Ss) = 8100, len(Vs) = 8100
[20190621_090802 / lib_ip.py:4422] black : variance --> out of range (variance = 1772.138 / upper = 0.000 / lower = 0.000)
[20190621_090802 / lib_ip.py:4593] file : img.20190621_090752.2019-06-20_20-42-44_000.jpg.3.png 2 (black : variance --> out of range (variance = 1772.138 / upper = 0.000 / lower = 0.000))
[20190621_090802 / lib_ip.py:2274] inspecting ===> img.20190621_090752.2019-06-20_20-42-44_000.jpg.4.png
[20190621_090803 / lib_ip.py:4505] 
img.20190621_090752.2019-06-20_20-42-44_000.jpg.4.png 3 ---------------------
[20190621_090803 / lib_ip.py:3753] file = img.20190621_090752.2019-06-20_20-42-44_000.jpg.4.png / val_Average = 59.2967	val_Variance = 1589.0877	sd = 39.8634	max = 135	min = 0
[20190621_090803 / lib_ip.py:3836] len(Hs) = 8100, len(Ss) = 8100, len(Vs) = 8100
[20190621_090803 / lib_ip.py:3869] yellow : variance --> out of range (variance = 1589.088 / upper = 0.650 / lower = 0.000)
[20190621_090804 / lib_ip.py:3753] file = img.20190621_090752.2019-06-20_20-42-44_000.jpg.4.png / val_Average = 59.2967	val_Variance = 1589.0877	sd = 39.8634	max = 135	min = 0
[20190621_090804 / lib_ip.py:3936] len(Hs) = 8100, len(Ss) = 8100, len(Vs) = 8100
[20190621_090804 / lib_ip.py:3982] red : variance --> out of range (variance = 1589.088 / upper = 0.430 / lower = 0.000)
[20190621_090804 / lib_ip.py:3753] file = img.20190621_090752.2019-06-20_20-42-44_000.jpg.4.png / val_Average = 59.2967	val_Variance = 1589.0877	sd = 39.8634	max = 135	min = 0
[20190621_090804 / lib_ip.py:4052] len(Hs) = 8100, len(Ss) = 8100, len(Vs) = 8100
[20190621_090804 / lib_ip.py:4099] green : variance --> out of range (variance = 1589.088 / upper = 0.760 / lower = 0.000)
[20190621_090805 / lib_ip.py:3753] file = img.20190621_090752.2019-06-20_20-42-44_000.jpg.4.png / val_Average = 59.2967	val_Variance = 1589.0877	sd = 39.8634	max = 135	min = 0
[20190621_090805 / lib_ip.py:4169] len(Hs) = 8100, len(Ss) = 8100, len(Vs) = 8100
[20190621_090805 / lib_ip.py:4208] blue : variance --> out of range (variance = 1589.088 / upper = 0.930 / lower = 0.010)
[20190621_090805 / lib_ip.py:3753] file = img.20190621_090752.2019-06-20_20-42-44_000.jpg.4.png / val_Average = 59.2967	val_Variance = 1589.0877	sd = 39.8634	max = 135	min = 0
[20190621_090805 / lib_ip.py:4275] len(Hs) = 8100, len(Ss) = 8100, len(Vs) = 8100
[20190621_090806 / lib_ip.py:4314] pink : variance --> out of range (variance = 1589.088 / upper = 0.750 / lower = 0.030)
[20190621_090806 / lib_ip.py:3753] file = img.20190621_090752.2019-06-20_20-42-44_000.jpg.4.png / val_Average = 59.2967	val_Variance = 1589.0877	sd = 39.8634	max = 135	min = 0
[20190621_090806 / lib_ip.py:4378] len(Hs) = 8100, len(Ss) = 8100, len(Vs) = 8100
[20190621_090807 / lib_ip.py:4422] black : variance --> out of range (variance = 1589.088 / upper = 0.000 / lower = 0.000)
[20190621_090807 / lib_ip.py:4593] file : img.20190621_090752.2019-06-20_20-42-44_000.jpg.4.png 3 (black : variance --> out of range (variance = 1589.088 / upper = 0.000 / lower = 0.000))
[20190621_090802 / lib_ip.py:2274] inspecting ===> img.20190621_090752.2019-06-20_20-42-44_000.jpg.4.png
img.20190621_090752.2019-06-20_20-42-44_000.jpg.1.png => other
img.20190621_090752.2019-06-20_20-42-44_000.jpg.2.png => yellow
img.20190621_090752.2019-06-20_20-42-44_000.jpg.3.png => other
img.20190621_090752.2019-06-20_20-42-44_000.jpg.4.png => other
[20190621_090807 lib_ip.py:3301] =============== Get 4 corners
dpath_Images = C:\WORKS_2\WS\WS_Others.Art\JVEMV6\46_art\VIRTUAL\Admin_Projects\ip\images
fname_Image = img.20190621_090752.2019-06-20_20-42-44_000.jpg.4.png

[20190621_090809 / lib_ip.py:2274] inspecting ===> img.20190621_090808.2019-06-21_02-13-03_000.jpg.1.png
[20190621_090811 / lib_ip.py:4505] 
img.20190621_090808.2019-06-21_02-13-03_000.jpg.1.png 0 ---------------------
[20190621_090811 / lib_ip.py:3753] file = img.20190621_090808.2019-06-21_02-13-03_000.jpg.1.png / val_Average = 41.8340	val_Variance = 1781.2113	sd = 42.2044	max = 160	min = 0
[20190621_090811 / lib_ip.py:3836] len(Hs) = 8100, len(Ss) = 8100, len(Vs) = 8100
[20190621_090812 / lib_ip.py:3869] yellow : variance --> out of range (variance = 1781.211 / upper = 0.650 / lower = 0.000)
[20190621_090812 / lib_ip.py:3753] file = img.20190621_090808.2019-06-21_02-13-03_000.jpg.1.png / val_Average = 41.8340	val_Variance = 1781.2113	sd = 42.2044	max = 160	min = 0
[20190621_090812 / lib_ip.py:3936] len(Hs) = 8100, len(Ss) = 8100, len(Vs) = 8100
[20190621_090812 / lib_ip.py:3982] red : variance --> out of range (variance = 1781.211 / upper = 0.430 / lower = 0.000)
[20190621_090813 / lib_ip.py:3753] file = img.20190621_090808.2019-06-21_02-13-03_000.jpg.1.png / val_Average = 41.8340	val_Variance = 1781.2113	sd = 42.2044	max = 160	min = 0
[20190621_090813 / lib_ip.py:4052] len(Hs) = 8100, len(Ss) = 8100, len(Vs) = 8100
[20190621_090813 / lib_ip.py:4099] green : variance --> out of range (variance = 1781.211 / upper = 0.760 / lower = 0.000)
[20190621_090813 / lib_ip.py:3753] file = img.20190621_090808.2019-06-21_02-13-03_000.jpg.1.png / val_Average = 41.8340	val_Variance = 1781.2113	sd = 42.2044	max = 160	min = 0
[20190621_090813 / lib_ip.py:4169] len(Hs) = 8100, len(Ss) = 8100, len(Vs) = 8100
[20190621_090814 / lib_ip.py:4208] blue : variance --> out of range (variance = 1781.211 / upper = 0.930 / lower = 0.010)
[20190621_090814 / lib_ip.py:3753] file = img.20190621_090808.2019-06-21_02-13-03_000.jpg.1.png / val_Average = 41.8340	val_Variance = 1781.2113	sd = 42.2044	max = 160	min = 0
[20190621_090814 / lib_ip.py:4275] len(Hs) = 8100, len(Ss) = 8100, len(Vs) = 8100
[20190621_090814 / lib_ip.py:4314] pink : variance --> out of range (variance = 1781.211 / upper = 0.750 / lower = 0.030)
[20190621_090815 / lib_ip.py:3753] file = img.20190621_090808.2019-06-21_02-13-03_000.jpg.1.png / val_Average = 41.8340	val_Variance = 1781.2113	sd = 42.2044	max = 160	min = 0
[20190621_090815 / lib_ip.py:4378] len(Hs) = 8100, len(Ss) = 8100, len(Vs) = 8100
[20190621_090815 / lib_ip.py:4422] black : variance --> out of range (variance = 1781.211 / upper = 0.000 / lower = 0.000)
[20190621_090816 / lib_ip.py:4593] file : img.20190621_090808.2019-06-21_02-13-03_000.jpg.1.png 0 (black : variance --> out of range (variance = 1781.211 / upper = 0.000 / lower = 0.000))
[20190621_090816 / lib_ip.py:2274] inspecting ===> img.20190621_090808.2019-06-21_02-13-03_000.jpg.2.png
[20190621_090817 / lib_ip.py:4505] 
img.20190621_090808.2019-06-21_02-13-03_000.jpg.2.png 1 ---------------------
[20190621_090818 / lib_ip.py:3753] file = img.20190621_090808.2019-06-21_02-13-03_000.jpg.2.png / val_Average = 41.7002	val_Variance = 1806.3208	sd = 42.5008	max = 135	min = 0
[20190621_090818 / lib_ip.py:3836] len(Hs) = 8100, len(Ss) = 8100, len(Vs) = 8100
[20190621_090819 / lib_ip.py:3869] yellow : variance --> out of range (variance = 1806.321 / upper = 0.650 / lower = 0.000)
[20190621_090819 / lib_ip.py:3753] file = img.20190621_090808.2019-06-21_02-13-03_000.jpg.2.png / val_Average = 41.7002	val_Variance = 1806.3208	sd = 42.5008	max = 135	min = 0
[20190621_090819 / lib_ip.py:3936] len(Hs) = 8100, len(Ss) = 8100, len(Vs) = 8100
[20190621_090819 / lib_ip.py:3982] red : variance --> out of range (variance = 1806.321 / upper = 0.430 / lower = 0.000)
[20190621_090820 / lib_ip.py:3753] file = img.20190621_090808.2019-06-21_02-13-03_000.jpg.2.png / val_Average = 41.7002	val_Variance = 1806.3208	sd = 42.5008	max = 135	min = 0
[20190621_090820 / lib_ip.py:4052] len(Hs) = 8100, len(Ss) = 8100, len(Vs) = 8100
[20190621_090820 / lib_ip.py:4099] green : variance --> out of range (variance = 1806.321 / upper = 0.760 / lower = 0.000)
[20190621_090820 / lib_ip.py:3753] file = img.20190621_090808.2019-06-21_02-13-03_000.jpg.2.png / val_Average = 41.7002	val_Variance = 1806.3208	sd = 42.5008	max = 135	min = 0
[20190621_090820 / lib_ip.py:4169] len(Hs) = 8100, len(Ss) = 8100, len(Vs) = 8100
[20190621_090821 / lib_ip.py:4208] blue : variance --> out of range (variance = 1806.321 / upper = 0.930 / lower = 0.010)
[20190621_090821 / lib_ip.py:3753] file = img.20190621_090808.2019-06-21_02-13-03_000.jpg.2.png / val_Average = 41.7002	val_Variance = 1806.3208	sd = 42.5008	max = 135	min = 0
[20190621_090821 / lib_ip.py:4275] len(Hs) = 8100, len(Ss) = 8100, len(Vs) = 8100
[20190621_090822 / lib_ip.py:4314] pink : variance --> out of range (variance = 1806.321 / upper = 0.750 / lower = 0.030)
[20190621_090822 / lib_ip.py:3753] file = img.20190621_090808.2019-06-21_02-13-03_000.jpg.2.png / val_Average = 41.7002	val_Variance = 1806.3208	sd = 42.5008	max = 135	min = 0
[20190621_090822 / lib_ip.py:4378] len(Hs) = 8100, len(Ss) = 8100, len(Vs) = 8100
[20190621_090822 / lib_ip.py:4422] black : variance --> out of range (variance = 1806.321 / upper = 0.000 / lower = 0.000)
[20190621_090822 / lib_ip.py:4593] file : img.20190621_090808.2019-06-21_02-13-03_000.jpg.2.png 1 (black : variance --> out of range (variance = 1806.321 / upper = 0.000 / lower = 0.000))
[20190621_090822 / lib_ip.py:2274] inspecting ===> img.20190621_090808.2019-06-21_02-13-03_000.jpg.3.png
[20190621_090823 / lib_ip.py:4505] 
img.20190621_090808.2019-06-21_02-13-03_000.jpg.3.png 2 ---------------------
[20190621_090823 / lib_ip.py:3753] file = img.20190621_090808.2019-06-21_02-13-03_000.jpg.3.png / val_Average = 59.1894	val_Variance = 134.4720	sd = 11.5962	max = 105	min = 0
[20190621_090823 / lib_ip.py:3836] len(Hs) = 8100, len(Ss) = 8100, len(Vs) = 8100
[20190621_090823 / lib_ip.py:3869] yellow : variance --> out of range (variance = 134.472 / upper = 0.650 / lower = 0.000)
[20190621_090823 / lib_ip.py:3753] file = img.20190621_090808.2019-06-21_02-13-03_000.jpg.3.png / val_Average = 59.1894	val_Variance = 134.4720	sd = 11.5962	max = 105	min = 0
[20190621_090823 / lib_ip.py:3936] len(Hs) = 8100, len(Ss) = 8100, len(Vs) = 8100
[20190621_090824 / lib_ip.py:3982] red : variance --> out of range (variance = 134.472 / upper = 0.430 / lower = 0.000)
[20190621_090824 / lib_ip.py:3753] file = img.20190621_090808.2019-06-21_02-13-03_000.jpg.3.png / val_Average = 59.1894	val_Variance = 134.4720	sd = 11.5962	max = 105	min = 0
[20190621_090824 / lib_ip.py:4052] len(Hs) = 8100, len(Ss) = 8100, len(Vs) = 8100
[20190621_090824 / lib_ip.py:4099] green : variance --> out of range (variance = 134.472 / upper = 0.760 / lower = 0.000)
[20190621_090824 / lib_ip.py:3753] file = img.20190621_090808.2019-06-21_02-13-03_000.jpg.3.png / val_Average = 59.1894	val_Variance = 134.4720	sd = 11.5962	max = 105	min = 0
[20190621_090824 / lib_ip.py:4169] len(Hs) = 8100, len(Ss) = 8100, len(Vs) = 8100
[20190621_090824 / lib_ip.py:4208] blue : variance --> out of range (variance = 134.472 / upper = 0.930 / lower = 0.010)
[20190621_090825 / lib_ip.py:3753] file = img.20190621_090808.2019-06-21_02-13-03_000.jpg.3.png / val_Average = 59.1894	val_Variance = 134.4720	sd = 11.5962	max = 105	min = 0
[20190621_090825 / lib_ip.py:4275] len(Hs) = 8100, len(Ss) = 8100, len(Vs) = 8100
[20190621_090825 / lib_ip.py:4314] pink : variance --> out of range (variance = 134.472 / upper = 0.750 / lower = 0.030)
[20190621_090825 / lib_ip.py:3753] file = img.20190621_090808.2019-06-21_02-13-03_000.jpg.3.png / val_Average = 59.1894	val_Variance = 134.4720	sd = 11.5962	max = 105	min = 0
[20190621_090825 / lib_ip.py:4378] len(Hs) = 8100, len(Ss) = 8100, len(Vs) = 8100
[20190621_090825 / lib_ip.py:4422] black : variance --> out of range (variance = 134.472 / upper = 0.000 / lower = 0.000)
[20190621_090825 / lib_ip.py:4593] file : img.20190621_090808.2019-06-21_02-13-03_000.jpg.3.png 2 (black : variance --> out of range (variance = 134.472 / upper = 0.000 / lower = 0.000))
[20190621_090825 / lib_ip.py:2274] inspecting ===> img.20190621_090808.2019-06-21_02-13-03_000.jpg.4.png
[20190621_090826 / lib_ip.py:4505] 
img.20190621_090808.2019-06-21_02-13-03_000.jpg.4.png 3 ---------------------
[20190621_090826 / lib_ip.py:3753] file = img.20190621_090808.2019-06-21_02-13-03_000.jpg.4.png / val_Average = 85.6080	val_Variance = 1164.4534	sd = 34.1241	max = 160	min = 0
[20190621_090826 / lib_ip.py:3836] len(Hs) = 8100, len(Ss) = 8100, len(Vs) = 8100
[20190621_090826 / lib_ip.py:3869] yellow : variance --> out of range (variance = 1164.453 / upper = 0.650 / lower = 0.000)
[20190621_090826 / lib_ip.py:3753] file = img.20190621_090808.2019-06-21_02-13-03_000.jpg.4.png / val_Average = 85.6080	val_Variance = 1164.4534	sd = 34.1241	max = 160	min = 0
[20190621_090826 / lib_ip.py:3936] len(Hs) = 8100, len(Ss) = 8100, len(Vs) = 8100
[20190621_090826 / lib_ip.py:3982] red : variance --> out of range (variance = 1164.453 / upper = 0.430 / lower = 0.000)
[20190621_090827 / lib_ip.py:3753] file = img.20190621_090808.2019-06-21_02-13-03_000.jpg.4.png / val_Average = 85.6080	val_Variance = 1164.4534	sd = 34.1241	max = 160	min = 0
[20190621_090827 / lib_ip.py:4052] len(Hs) = 8100, len(Ss) = 8100, len(Vs) = 8100
[20190621_090827 / lib_ip.py:4099] green : variance --> out of range (variance = 1164.453 / upper = 0.760 / lower = 0.000)
[20190621_090827 / lib_ip.py:3753] file = img.20190621_090808.2019-06-21_02-13-03_000.jpg.4.png / val_Average = 85.6080	val_Variance = 1164.4534	sd = 34.1241	max = 160	min = 0
[20190621_090827 / lib_ip.py:4169] len(Hs) = 8100, len(Ss) = 8100, len(Vs) = 8100
[20190621_090827 / lib_ip.py:4208] blue : variance --> out of range (variance = 1164.453 / upper = 0.930 / lower = 0.010)
[20190621_090828 / lib_ip.py:3753] file = img.20190621_090808.2019-06-21_02-13-03_000.jpg.4.png / val_Average = 85.6080	val_Variance = 1164.4534	sd = 34.1241	max = 160	min = 0
[20190621_090828 / lib_ip.py:4275] len(Hs) = 8100, len(Ss) = 8100, len(Vs) = 8100
[20190621_090828 / lib_ip.py:4314] pink : variance --> out of range (variance = 1164.453 / upper = 0.750 / lower = 0.030)
[20190621_090828 / lib_ip.py:3753] file = img.20190621_090808.2019-06-21_02-13-03_000.jpg.4.png / val_Average = 85.6080	val_Variance = 1164.4534	sd = 34.1241	max = 160	min = 0
[20190621_090828 / lib_ip.py:4378] len(Hs) = 8100, len(Ss) = 8100, len(Vs) = 8100
[20190621_090828 / lib_ip.py:4422] black : variance --> out of range (variance = 1164.453 / upper = 0.000 / lower = 0.000)
[20190621_090828 / lib_ip.py:4593] file : img.20190621_090808.2019-06-21_02-13-03_000.jpg.4.png 3 (black : variance --> out of range (variance = 1164.453 / upper = 0.000 / lower = 0.000))
[20190621_090825 / lib_ip.py:2274] inspecting ===> img.20190621_090808.2019-06-21_02-13-03_000.jpg.4.png
img.20190621_090808.2019-06-21_02-13-03_000.jpg.1.png => other
img.20190621_090808.2019-06-21_02-13-03_000.jpg.2.png => other
img.20190621_090808.2019-06-21_02-13-03_000.jpg.3.png => other
img.20190621_090808.2019-06-21_02-13-03_000.jpg.4.png => other
[20190621_090828 lib_ip.py:3301] =============== Get 4 corners
dpath_Images = C:\WORKS_2\WS\WS_Others.Art\JVEMV6\46_art\VIRTUAL\Admin_Projects\ip\images
fname_Image = img.20190621_090808.2019-06-21_02-13-03_000.jpg.4.png

[20190621_090829 / lib_ip.py:2274] inspecting ===> img.20190621_090829.2019-06-21_07-09-37_000.jpg.1.png
[20190621_090830 / lib_ip.py:4505] 
img.20190621_090829.2019-06-21_07-09-37_000.jpg.1.png 0 ---------------------
[20190621_090830 / lib_ip.py:3753] file = img.20190621_090829.2019-06-21_07-09-37_000.jpg.1.png / val_Average = 105.2180	val_Variance = 6.8014	sd = 2.6079	max = 112	min = 90
[20190621_090830 / lib_ip.py:3836] len(Hs) = 8100, len(Ss) = 8100, len(Vs) = 8100
[20190621_090830 / lib_ip.py:3869] yellow : variance --> out of range (variance = 6.801 / upper = 0.650 / lower = 0.000)
[20190621_090830 / lib_ip.py:3753] file = img.20190621_090829.2019-06-21_07-09-37_000.jpg.1.png / val_Average = 105.2180	val_Variance = 6.8014	sd = 2.6079	max = 112	min = 90
[20190621_090830 / lib_ip.py:3936] len(Hs) = 8100, len(Ss) = 8100, len(Vs) = 8100
[20190621_090831 / lib_ip.py:3982] red : variance --> out of range (variance = 6.801 / upper = 0.430 / lower = 0.000)
[20190621_090831 / lib_ip.py:3753] file = img.20190621_090829.2019-06-21_07-09-37_000.jpg.1.png / val_Average = 105.2180	val_Variance = 6.8014	sd = 2.6079	max = 112	min = 90
[20190621_090831 / lib_ip.py:4052] len(Hs) = 8100, len(Ss) = 8100, len(Vs) = 8100
[20190621_090832 / lib_ip.py:4099] green : variance --> out of range (variance = 6.801 / upper = 0.760 / lower = 0.000)
[20190621_090832 / lib_ip.py:3753] file = img.20190621_090829.2019-06-21_07-09-37_000.jpg.1.png / val_Average = 105.2180	val_Variance = 6.8014	sd = 2.6079	max = 112	min = 90
[20190621_090832 / lib_ip.py:4169] len(Hs) = 8100, len(Ss) = 8100, len(Vs) = 8100
[20190621_090832 / lib_ip.py:4208] blue : variance --> out of range (variance = 6.801 / upper = 0.930 / lower = 0.010)
[20190621_090832 / lib_ip.py:3753] file = img.20190621_090829.2019-06-21_07-09-37_000.jpg.1.png / val_Average = 105.2180	val_Variance = 6.8014	sd = 2.6079	max = 112	min = 90
[20190621_090832 / lib_ip.py:4275] len(Hs) = 8100, len(Ss) = 8100, len(Vs) = 8100
[20190621_090832 / lib_ip.py:4314] pink : variance --> out of range (variance = 6.801 / upper = 0.750 / lower = 0.030)
[20190621_090832 / lib_ip.py:3753] file = img.20190621_090829.2019-06-21_07-09-37_000.jpg.1.png / val_Average = 105.2180	val_Variance = 6.8014	sd = 2.6079	max = 112	min = 90
[20190621_090832 / lib_ip.py:4378] len(Hs) = 8100, len(Ss) = 8100, len(Vs) = 8100
[20190621_090833 / lib_ip.py:4422] black : variance --> out of range (variance = 6.801 / upper = 0.000 / lower = 0.000)
[20190621_090833 / lib_ip.py:4593] file : img.20190621_090829.2019-06-21_07-09-37_000.jpg.1.png 0 (black : variance --> out of range (variance = 6.801 / upper = 0.000 / lower = 0.000))
[20190621_090833 / lib_ip.py:2274] inspecting ===> img.20190621_090829.2019-06-21_07-09-37_000.jpg.2.png
[20190621_090833 / lib_ip.py:4505] 
img.20190621_090829.2019-06-21_07-09-37_000.jpg.2.png 1 ---------------------
[20190621_090833 / lib_ip.py:3753] file = img.20190621_090829.2019-06-21_07-09-37_000.jpg.2.png / val_Average = 0.0000	val_Variance = 0.0000	sd = 0.0000	max = 0	min = 0
[20190621_090833 / lib_ip.py:3836] len(Hs) = 8100, len(Ss) = 8100, len(Vs) = 8100
[20190621_090834 / lib_ip.py:3891] yellow : average --> out of range (average = 0.000 / upper = 99.200 / lower = 85.500)
[20190621_090834 / lib_ip.py:3753] file = img.20190621_090829.2019-06-21_07-09-37_000.jpg.2.png / val_Average = 0.0000	val_Variance = 0.0000	sd = 0.0000	max = 0	min = 0
[20190621_090834 / lib_ip.py:3936] len(Hs) = 8100, len(Ss) = 8100, len(Vs) = 8100
[20190621_090834 / lib_ip.py:4007] red : average --> out of range (average = 0.000 / upper = 124.600 / lower = 115.000)
[20190621_090834 / lib_ip.py:3753] file = img.20190621_090829.2019-06-21_07-09-37_000.jpg.2.png / val_Average = 0.0000	val_Variance = 0.0000	sd = 0.0000	max = 0	min = 0
[20190621_090834 / lib_ip.py:4052] len(Hs) = 8100, len(Ss) = 8100, len(Vs) = 8100
[20190621_090834 / lib_ip.py:4124] green : average --> out of range (average = 0.000 / upper = 85.000 / lower = 58.000)
[20190621_090834 / lib_ip.py:3753] file = img.20190621_090829.2019-06-21_07-09-37_000.jpg.2.png / val_Average = 0.0000	val_Variance = 0.0000	sd = 0.0000	max = 0	min = 0
[20190621_090834 / lib_ip.py:4169] len(Hs) = 8100, len(Ss) = 8100, len(Vs) = 8100
[20190621_090835 / lib_ip.py:4208] blue : variance --> out of range (variance = 0.000 / upper = 0.930 / lower = 0.010)
[20190621_090835 / lib_ip.py:3753] file = img.20190621_090829.2019-06-21_07-09-37_000.jpg.2.png / val_Average = 0.0000	val_Variance = 0.0000	sd = 0.0000	max = 0	min = 0
[20190621_090835 / lib_ip.py:4275] len(Hs) = 8100, len(Ss) = 8100, len(Vs) = 8100
[20190621_090835 / lib_ip.py:4314] pink : variance --> out of range (variance = 0.000 / upper = 0.750 / lower = 0.030)
[20190621_090835 / lib_ip.py:3753] file = img.20190621_090829.2019-06-21_07-09-37_000.jpg.2.png / val_Average = 0.0000	val_Variance = 0.0000	sd = 0.0000	max = 0	min = 0
[20190621_090835 / lib_ip.py:4378] len(Hs) = 8100, len(Ss) = 8100, len(Vs) = 8100
[20190621_090836 / lib_ip.py:2274] inspecting ===> img.20190621_090829.2019-06-21_07-09-37_000.jpg.3.png
[20190621_090836 / lib_ip.py:4505] 
img.20190621_090829.2019-06-21_07-09-37_000.jpg.3.png 2 ---------------------
[20190621_090836 / lib_ip.py:3753] file = img.20190621_090829.2019-06-21_07-09-37_000.jpg.3.png / val_Average = 102.0991	val_Variance = 0.5241	sd = 0.7240	max = 104	min = 100
[20190621_090837 / lib_ip.py:3836] len(Hs) = 8100, len(Ss) = 8100, len(Vs) = 8100
[20190621_090837 / lib_ip.py:3891] yellow : average --> out of range (average = 102.099 / upper = 99.200 / lower = 85.500)
[20190621_090837 / lib_ip.py:3753] file = img.20190621_090829.2019-06-21_07-09-37_000.jpg.3.png / val_Average = 102.0991	val_Variance = 0.5241	sd = 0.7240	max = 104	min = 100
[20190621_090837 / lib_ip.py:3936] len(Hs) = 8100, len(Ss) = 8100, len(Vs) = 8100
[20190621_090837 / lib_ip.py:3982] red : variance --> out of range (variance = 0.524 / upper = 0.430 / lower = 0.000)
[20190621_090837 / lib_ip.py:3753] file = img.20190621_090829.2019-06-21_07-09-37_000.jpg.3.png / val_Average = 102.0991	val_Variance = 0.5241	sd = 0.7240	max = 104	min = 100
[20190621_090837 / lib_ip.py:4052] len(Hs) = 8100, len(Ss) = 8100, len(Vs) = 8100
[20190621_090837 / lib_ip.py:4124] green : average --> out of range (average = 102.099 / upper = 85.000 / lower = 58.000)
[20190621_090837 / lib_ip.py:3753] file = img.20190621_090829.2019-06-21_07-09-37_000.jpg.3.png / val_Average = 102.0991	val_Variance = 0.5241	sd = 0.7240	max = 104	min = 100
[20190621_090837 / lib_ip.py:4169] len(Hs) = 8100, len(Ss) = 8100, len(Vs) = 8100
[20190621_090837 / lib_ip.py:4230] blue : average --> out of range (average = 102.099 / upper = 17.000 / lower = 8.850)
[20190621_090838 / lib_ip.py:3753] file = img.20190621_090829.2019-06-21_07-09-37_000.jpg.3.png / val_Average = 102.0991	val_Variance = 0.5241	sd = 0.7240	max = 104	min = 100
[20190621_090838 / lib_ip.py:4275] len(Hs) = 8100, len(Ss) = 8100, len(Vs) = 8100
[20190621_090838 / lib_ip.py:4336] pink : average --> out of range (average = 102.099 / upper = 141.000 / lower = 127.900)
[20190621_090838 / lib_ip.py:3753] file = img.20190621_090829.2019-06-21_07-09-37_000.jpg.3.png / val_Average = 102.0991	val_Variance = 0.5241	sd = 0.7240	max = 104	min = 100
[20190621_090838 / lib_ip.py:4378] len(Hs) = 8100, len(Ss) = 8100, len(Vs) = 8100
[20190621_090838 / lib_ip.py:4422] black : variance --> out of range (variance = 0.524 / upper = 0.000 / lower = 0.000)
[20190621_090838 / lib_ip.py:4593] file : img.20190621_090829.2019-06-21_07-09-37_000.jpg.3.png 2 (black : variance --> out of range (variance = 0.524 / upper = 0.000 / lower = 0.000))
[20190621_090838 / lib_ip.py:2274] inspecting ===> img.20190621_090829.2019-06-21_07-09-37_000.jpg.4.png
[20190621_090839 / lib_ip.py:4505] 
img.20190621_090829.2019-06-21_07-09-37_000.jpg.4.png 3 ---------------------
[20190621_090839 / lib_ip.py:3753] file = img.20190621_090829.2019-06-21_07-09-37_000.jpg.4.png / val_Average = 102.7886	val_Variance = 0.5521	sd = 0.7430	max = 105	min = 101
[20190621_090839 / lib_ip.py:3836] len(Hs) = 8100, len(Ss) = 8100, len(Vs) = 8100
[20190621_090840 / lib_ip.py:3891] yellow : average --> out of range (average = 102.789 / upper = 99.200 / lower = 85.500)
[20190621_090840 / lib_ip.py:3753] file = img.20190621_090829.2019-06-21_07-09-37_000.jpg.4.png / val_Average = 102.7886	val_Variance = 0.5521	sd = 0.7430	max = 105	min = 101
[20190621_090840 / lib_ip.py:3936] len(Hs) = 8100, len(Ss) = 8100, len(Vs) = 8100
[20190621_090840 / lib_ip.py:3982] red : variance --> out of range (variance = 0.552 / upper = 0.430 / lower = 0.000)
[20190621_090840 / lib_ip.py:3753] file = img.20190621_090829.2019-06-21_07-09-37_000.jpg.4.png / val_Average = 102.7886	val_Variance = 0.5521	sd = 0.7430	max = 105	min = 101
[20190621_090840 / lib_ip.py:4052] len(Hs) = 8100, len(Ss) = 8100, len(Vs) = 8100
[20190621_090840 / lib_ip.py:4124] green : average --> out of range (average = 102.789 / upper = 85.000 / lower = 58.000)
[20190621_090841 / lib_ip.py:3753] file = img.20190621_090829.2019-06-21_07-09-37_000.jpg.4.png / val_Average = 102.7886	val_Variance = 0.5521	sd = 0.7430	max = 105	min = 101
[20190621_090841 / lib_ip.py:4169] len(Hs) = 8100, len(Ss) = 8100, len(Vs) = 8100
[20190621_090841 / lib_ip.py:4230] blue : average --> out of range (average = 102.789 / upper = 17.000 / lower = 8.850)
[20190621_090841 / lib_ip.py:3753] file = img.20190621_090829.2019-06-21_07-09-37_000.jpg.4.png / val_Average = 102.7886	val_Variance = 0.5521	sd = 0.7430	max = 105	min = 101
[20190621_090841 / lib_ip.py:4275] len(Hs) = 8100, len(Ss) = 8100, len(Vs) = 8100
[20190621_090841 / lib_ip.py:4336] pink : average --> out of range (average = 102.789 / upper = 141.000 / lower = 127.900)
[20190621_090842 / lib_ip.py:3753] file = img.20190621_090829.2019-06-21_07-09-37_000.jpg.4.png / val_Average = 102.7886	val_Variance = 0.5521	sd = 0.7430	max = 105	min = 101
[20190621_090842 / lib_ip.py:4378] len(Hs) = 8100, len(Ss) = 8100, len(Vs) = 8100
[20190621_090842 / lib_ip.py:4422] black : variance --> out of range (variance = 0.552 / upper = 0.000 / lower = 0.000)
[20190621_090842 / lib_ip.py:4593] file : img.20190621_090829.2019-06-21_07-09-37_000.jpg.4.png 3 (black : variance --> out of range (variance = 0.552 / upper = 0.000 / lower = 0.000))
[20190621_090838 / lib_ip.py:2274] inspecting ===> img.20190621_090829.2019-06-21_07-09-37_000.jpg.4.png
img.20190621_090829.2019-06-21_07-09-37_000.jpg.1.png => other
img.20190621_090829.2019-06-21_07-09-37_000.jpg.2.png => other
img.20190621_090829.2019-06-21_07-09-37_000.jpg.3.png => other
img.20190621_090829.2019-06-21_07-09-37_000.jpg.4.png => other
[20190621_090842 lib_ip.py:3301] =============== Get 4 corners
dpath_Images = C:\WORKS_2\WS\WS_Others.Art\JVEMV6\46_art\VIRTUAL\Admin_Projects\ip\images
fname_Image = img.20190621_090829.2019-06-21_07-09-37_000.jpg.4.png

[20190621_090843 / lib_ip.py:2274] inspecting ===> img.20190621_090842.2019-06-21_07-55-37_000.jpg.1.png
[20190621_090843 / lib_ip.py:4505] 
img.20190621_090842.2019-06-21_07-55-37_000.jpg.1.png 0 ---------------------
[20190621_090844 / lib_ip.py:3753] file = img.20190621_090842.2019-06-21_07-55-37_000.jpg.1.png / val_Average = 107.7025	val_Variance = 13.3176	sd = 3.6493	max = 126	min = 98
[20190621_090844 / lib_ip.py:3836] len(Hs) = 8100, len(Ss) = 8100, len(Vs) = 8100
[20190621_090844 / lib_ip.py:3869] yellow : variance --> out of range (variance = 13.318 / upper = 0.650 / lower = 0.000)
[20190621_090844 / lib_ip.py:3753] file = img.20190621_090842.2019-06-21_07-55-37_000.jpg.1.png / val_Average = 107.7025	val_Variance = 13.3176	sd = 3.6493	max = 126	min = 98
[20190621_090844 / lib_ip.py:3936] len(Hs) = 8100, len(Ss) = 8100, len(Vs) = 8100
[20190621_090844 / lib_ip.py:3982] red : variance --> out of range (variance = 13.318 / upper = 0.430 / lower = 0.000)
[20190621_090844 / lib_ip.py:3753] file = img.20190621_090842.2019-06-21_07-55-37_000.jpg.1.png / val_Average = 107.7025	val_Variance = 13.3176	sd = 3.6493	max = 126	min = 98
[20190621_090844 / lib_ip.py:4052] len(Hs) = 8100, len(Ss) = 8100, len(Vs) = 8100
[20190621_090845 / lib_ip.py:4099] green : variance --> out of range (variance = 13.318 / upper = 0.760 / lower = 0.000)
[20190621_090845 / lib_ip.py:3753] file = img.20190621_090842.2019-06-21_07-55-37_000.jpg.1.png / val_Average = 107.7025	val_Variance = 13.3176	sd = 3.6493	max = 126	min = 98
[20190621_090845 / lib_ip.py:4169] len(Hs) = 8100, len(Ss) = 8100, len(Vs) = 8100
[20190621_090845 / lib_ip.py:4208] blue : variance --> out of range (variance = 13.318 / upper = 0.930 / lower = 0.010)
[20190621_090845 / lib_ip.py:3753] file = img.20190621_090842.2019-06-21_07-55-37_000.jpg.1.png / val_Average = 107.7025	val_Variance = 13.3176	sd = 3.6493	max = 126	min = 98
[20190621_090845 / lib_ip.py:4275] len(Hs) = 8100, len(Ss) = 8100, len(Vs) = 8100
[20190621_090845 / lib_ip.py:4314] pink : variance --> out of range (variance = 13.318 / upper = 0.750 / lower = 0.030)
[20190621_090845 / lib_ip.py:3753] file = img.20190621_090842.2019-06-21_07-55-37_000.jpg.1.png / val_Average = 107.7025	val_Variance = 13.3176	sd = 3.6493	max = 126	min = 98
[20190621_090845 / lib_ip.py:4378] len(Hs) = 8100, len(Ss) = 8100, len(Vs) = 8100
[20190621_090845 / lib_ip.py:4422] black : variance --> out of range (variance = 13.318 / upper = 0.000 / lower = 0.000)
[20190621_090845 / lib_ip.py:4593] file : img.20190621_090842.2019-06-21_07-55-37_000.jpg.1.png 0 (black : variance --> out of range (variance = 13.318 / upper = 0.000 / lower = 0.000))
[20190621_090845 / lib_ip.py:2274] inspecting ===> img.20190621_090842.2019-06-21_07-55-37_000.jpg.2.png
[20190621_090846 / lib_ip.py:4505] 
img.20190621_090842.2019-06-21_07-55-37_000.jpg.2.png 1 ---------------------
[20190621_090846 / lib_ip.py:3753] file = img.20190621_090842.2019-06-21_07-55-37_000.jpg.2.png / val_Average = 121.7080	val_Variance = 0.2220	sd = 0.4712	max = 123	min = 121
[20190621_090846 / lib_ip.py:3836] len(Hs) = 8100, len(Ss) = 8100, len(Vs) = 8100
[20190621_090846 / lib_ip.py:3891] yellow : average --> out of range (average = 121.708 / upper = 99.200 / lower = 85.500)
[20190621_090846 / lib_ip.py:3753] file = img.20190621_090842.2019-06-21_07-55-37_000.jpg.2.png / val_Average = 121.7080	val_Variance = 0.2220	sd = 0.4712	max = 123	min = 121
[20190621_090847 / lib_ip.py:3936] len(Hs) = 8100, len(Ss) = 8100, len(Vs) = 8100
[20190621_090847 / lib_ip.py:2274] inspecting ===> img.20190621_090842.2019-06-21_07-55-37_000.jpg.3.png
[20190621_090847 / lib_ip.py:4505] 
img.20190621_090842.2019-06-21_07-55-37_000.jpg.3.png 2 ---------------------
[20190621_090847 / lib_ip.py:3753] file = img.20190621_090842.2019-06-21_07-55-37_000.jpg.3.png / val_Average = 99.3070	val_Variance = 4.0414	sd = 2.0103	max = 105	min = 94
[20190621_090847 / lib_ip.py:3836] len(Hs) = 8100, len(Ss) = 8100, len(Vs) = 8100
[20190621_090847 / lib_ip.py:3869] yellow : variance --> out of range (variance = 4.041 / upper = 0.650 / lower = 0.000)
[20190621_090848 / lib_ip.py:3753] file = img.20190621_090842.2019-06-21_07-55-37_000.jpg.3.png / val_Average = 99.3070	val_Variance = 4.0414	sd = 2.0103	max = 105	min = 94
[20190621_090848 / lib_ip.py:3936] len(Hs) = 8100, len(Ss) = 8100, len(Vs) = 8100
[20190621_090848 / lib_ip.py:3982] red : variance --> out of range (variance = 4.041 / upper = 0.430 / lower = 0.000)
[20190621_090848 / lib_ip.py:3753] file = img.20190621_090842.2019-06-21_07-55-37_000.jpg.3.png / val_Average = 99.3070	val_Variance = 4.0414	sd = 2.0103	max = 105	min = 94
[20190621_090848 / lib_ip.py:4052] len(Hs) = 8100, len(Ss) = 8100, len(Vs) = 8100
[20190621_090848 / lib_ip.py:4099] green : variance --> out of range (variance = 4.041 / upper = 0.760 / lower = 0.000)
[20190621_090848 / lib_ip.py:3753] file = img.20190621_090842.2019-06-21_07-55-37_000.jpg.3.png / val_Average = 99.3070	val_Variance = 4.0414	sd = 2.0103	max = 105	min = 94
[20190621_090848 / lib_ip.py:4169] len(Hs) = 8100, len(Ss) = 8100, len(Vs) = 8100
[20190621_090848 / lib_ip.py:4208] blue : variance --> out of range (variance = 4.041 / upper = 0.930 / lower = 0.010)
[20190621_090848 / lib_ip.py:3753] file = img.20190621_090842.2019-06-21_07-55-37_000.jpg.3.png / val_Average = 99.3070	val_Variance = 4.0414	sd = 2.0103	max = 105	min = 94
[20190621_090848 / lib_ip.py:4275] len(Hs) = 8100, len(Ss) = 8100, len(Vs) = 8100
[20190621_090849 / lib_ip.py:4314] pink : variance --> out of range (variance = 4.041 / upper = 0.750 / lower = 0.030)
[20190621_090849 / lib_ip.py:3753] file = img.20190621_090842.2019-06-21_07-55-37_000.jpg.3.png / val_Average = 99.3070	val_Variance = 4.0414	sd = 2.0103	max = 105	min = 94
[20190621_090849 / lib_ip.py:4378] len(Hs) = 8100, len(Ss) = 8100, len(Vs) = 8100
[20190621_090849 / lib_ip.py:4422] black : variance --> out of range (variance = 4.041 / upper = 0.000 / lower = 0.000)
[20190621_090849 / lib_ip.py:4593] file : img.20190621_090842.2019-06-21_07-55-37_000.jpg.3.png 2 (black : variance --> out of range (variance = 4.041 / upper = 0.000 / lower = 0.000))
[20190621_090849 / lib_ip.py:2274] inspecting ===> img.20190621_090842.2019-06-21_07-55-37_000.jpg.4.png
[20190621_090850 / lib_ip.py:4505] 
img.20190621_090842.2019-06-21_07-55-37_000.jpg.4.png 3 ---------------------
[20190621_090850 / lib_ip.py:3753] file = img.20190621_090842.2019-06-21_07-55-37_000.jpg.4.png / val_Average = 77.2440	val_Variance = 0.2291	sd = 0.4787	max = 78	min = 76
[20190621_090850 / lib_ip.py:3836] len(Hs) = 8100, len(Ss) = 8100, len(Vs) = 8100
[20190621_090850 / lib_ip.py:3891] yellow : average --> out of range (average = 77.244 / upper = 99.200 / lower = 85.500)
[20190621_090850 / lib_ip.py:3753] file = img.20190621_090842.2019-06-21_07-55-37_000.jpg.4.png / val_Average = 77.2440	val_Variance = 0.2291	sd = 0.4787	max = 78	min = 76
[20190621_090850 / lib_ip.py:3936] len(Hs) = 8100, len(Ss) = 8100, len(Vs) = 8100
[20190621_090850 / lib_ip.py:4007] red : average --> out of range (average = 77.244 / upper = 124.600 / lower = 115.000)
[20190621_090850 / lib_ip.py:3753] file = img.20190621_090842.2019-06-21_07-55-37_000.jpg.4.png / val_Average = 77.2440	val_Variance = 0.2291	sd = 0.4787	max = 78	min = 76
[20190621_090850 / lib_ip.py:4052] len(Hs) = 8100, len(Ss) = 8100, len(Vs) = 8100
[20190621_090849 / lib_ip.py:2274] inspecting ===> img.20190621_090842.2019-06-21_07-55-37_000.jpg.4.png
img.20190621_090842.2019-06-21_07-55-37_000.jpg.1.png => other
img.20190621_090842.2019-06-21_07-55-37_000.jpg.2.png => other
img.20190621_090842.2019-06-21_07-55-37_000.jpg.3.png => other
img.20190621_090842.2019-06-21_07-55-37_000.jpg.4.png => other
[20190621_090851 lib_ip.py:3301] =============== Get 4 corners
dpath_Images = C:\WORKS_2\WS\WS_Others.Art\JVEMV6\46_art\VIRTUAL\Admin_Projects\ip\images
fname_Image = img.20190621_090842.2019-06-21_07-55-37_000.jpg.4.png

[20190621_090851 / views.py:1411] gen csv => complete (20190621_090851)(elapsed = 76.000 sec / 6 files / 12.667 sec per file)
1)	2019-06-20_12-44-59_000.jpg => 	other yellow other black 
2)	2019-06-20_17-22-29_000.jpg => 	other other green green 
3)	2019-06-20_20-42-44_000.jpg => 	other yellow other other 
4)	2019-06-21_02-13-03_000.jpg => 	other other other other 
5)	2019-06-21_07-09-37_000.jpg => 	other black other other 
6)	2019-06-21_07-55-37_000.jpg => 	other red other green 
[20190621_090851 / views.py:1753] lo_ColorName_Set__Modified_2 =>
1)	2019-06-20_12-44-59_000.jpg => 	a o o y 
2)	2019-06-20_17-22-29_000.jpg => 	g g o o 
3)	2019-06-20_20-42-44_000.jpg => 	o o o y 
4)	2019-06-21_02-13-03_000.jpg => 	o o o o 
5)	2019-06-21_07-09-37_000.jpg => 	a o o o 
6)	2019-06-21_07-55-37_000.jpg => 	g o o r 
[20190621_090852 / views.py:1839] gen_Cake_CSV(request) ==> ending... =======================//

