[20191107_075847 / views.py:1822] gen_Cake_CSV(request) ==> starting... =======================
[20191107_075848 / lib_ip.py:2274] inspecting ===> img.20191107_075848.2019-11-06_07-51-56_000.jpg.1.png
[20191107_075849 / lib_ip.py:4505] 
img.20191107_075848.2019-11-06_07-51-56_000.jpg.1.png 0 ---------------------
[20191107_075849 / lib_ip.py:3753] file = img.20191107_075848.2019-11-06_07-51-56_000.jpg.1.png / val_Average = 78.3812	val_Variance = 0.2359	sd = 0.4857	max = 79	min = 78
[20191107_075849 / lib_ip.py:3836] len(Hs) = 8100, len(Ss) = 8100, len(Vs) = 8100
[20191107_075849 / lib_ip.py:3891] yellow : average --> out of range (average = 78.381 / upper = 99.200 / lower = 85.500)
[20191107_075849 / lib_ip.py:3753] file = img.20191107_075848.2019-11-06_07-51-56_000.jpg.1.png / val_Average = 78.3812	val_Variance = 0.2359	sd = 0.4857	max = 79	min = 78
[20191107_075849 / lib_ip.py:3936] len(Hs) = 8100, len(Ss) = 8100, len(Vs) = 8100
[20191107_075849 / lib_ip.py:4007] red : average --> out of range (average = 78.381 / upper = 124.600 / lower = 115.000)
[20191107_075849 / lib_ip.py:3753] file = img.20191107_075848.2019-11-06_07-51-56_000.jpg.1.png / val_Average = 78.3812	val_Variance = 0.2359	sd = 0.4857	max = 79	min = 78
[20191107_075849 / lib_ip.py:4052] len(Hs) = 8100, len(Ss) = 8100, len(Vs) = 8100
[20191107_075850 / lib_ip.py:2274] inspecting ===> img.20191107_075848.2019-11-06_07-51-56_000.jpg.2.png
[20191107_075850 / lib_ip.py:4505] 
img.20191107_075848.2019-11-06_07-51-56_000.jpg.2.png 1 ---------------------
[20191107_075850 / lib_ip.py:3753] file = img.20191107_075848.2019-11-06_07-51-56_000.jpg.2.png / val_Average = 116.0983	val_Variance = 8.7103	sd = 2.9513	max = 125	min = 109
[20191107_075850 / lib_ip.py:3836] len(Hs) = 8100, len(Ss) = 8100, len(Vs) = 8100
[20191107_075850 / lib_ip.py:3869] yellow : variance --> out of range (variance = 8.710 / upper = 0.650 / lower = 0.000)
[20191107_075850 / lib_ip.py:3753] file = img.20191107_075848.2019-11-06_07-51-56_000.jpg.2.png / val_Average = 116.0983	val_Variance = 8.7103	sd = 2.9513	max = 125	min = 109
[20191107_075850 / lib_ip.py:3936] len(Hs) = 8100, len(Ss) = 8100, len(Vs) = 8100
[20191107_075850 / lib_ip.py:3982] red : variance --> out of range (variance = 8.710 / upper = 0.430 / lower = 0.000)
[20191107_075850 / lib_ip.py:3753] file = img.20191107_075848.2019-11-06_07-51-56_000.jpg.2.png / val_Average = 116.0983	val_Variance = 8.7103	sd = 2.9513	max = 125	min = 109
[20191107_075850 / lib_ip.py:4052] len(Hs) = 8100, len(Ss) = 8100, len(Vs) = 8100
[20191107_075850 / lib_ip.py:4099] green : variance --> out of range (variance = 8.710 / upper = 0.760 / lower = 0.000)
[20191107_075851 / lib_ip.py:3753] file = img.20191107_075848.2019-11-06_07-51-56_000.jpg.2.png / val_Average = 116.0983	val_Variance = 8.7103	sd = 2.9513	max = 125	min = 109
[20191107_075851 / lib_ip.py:4169] len(Hs) = 8100, len(Ss) = 8100, len(Vs) = 8100
[20191107_075851 / lib_ip.py:4208] blue : variance --> out of range (variance = 8.710 / upper = 0.930 / lower = 0.010)
[20191107_075851 / lib_ip.py:3753] file = img.20191107_075848.2019-11-06_07-51-56_000.jpg.2.png / val_Average = 116.0983	val_Variance = 8.7103	sd = 2.9513	max = 125	min = 109
[20191107_075851 / lib_ip.py:4275] len(Hs) = 8100, len(Ss) = 8100, len(Vs) = 8100
[20191107_075851 / lib_ip.py:4314] pink : variance --> out of range (variance = 8.710 / upper = 0.750 / lower = 0.030)
[20191107_075851 / lib_ip.py:3753] file = img.20191107_075848.2019-11-06_07-51-56_000.jpg.2.png / val_Average = 116.0983	val_Variance = 8.7103	sd = 2.9513	max = 125	min = 109
[20191107_075851 / lib_ip.py:4378] len(Hs) = 8100, len(Ss) = 8100, len(Vs) = 8100
[20191107_075851 / lib_ip.py:4422] black : variance --> out of range (variance = 8.710 / upper = 0.000 / lower = 0.000)
[20191107_075851 / lib_ip.py:4593] file : img.20191107_075848.2019-11-06_07-51-56_000.jpg.2.png 1 (black : variance --> out of range (variance = 8.710 / upper = 0.000 / lower = 0.000))
[20191107_075851 / lib_ip.py:2274] inspecting ===> img.20191107_075848.2019-11-06_07-51-56_000.jpg.3.png
[20191107_075851 / lib_ip.py:4505] 
img.20191107_075848.2019-11-06_07-51-56_000.jpg.3.png 2 ---------------------
[20191107_075851 / lib_ip.py:3753] file = img.20191107_075848.2019-11-06_07-51-56_000.jpg.3.png / val_Average = 79.9065	val_Variance = 0.1460	sd = 0.3820	max = 81	min = 79
[20191107_075851 / lib_ip.py:3836] len(Hs) = 8100, len(Ss) = 8100, len(Vs) = 8100
[20191107_075852 / lib_ip.py:3891] yellow : average --> out of range (average = 79.907 / upper = 99.200 / lower = 85.500)
[20191107_075852 / lib_ip.py:3753] file = img.20191107_075848.2019-11-06_07-51-56_000.jpg.3.png / val_Average = 79.9065	val_Variance = 0.1460	sd = 0.3820	max = 81	min = 79
[20191107_075852 / lib_ip.py:3936] len(Hs) = 8100, len(Ss) = 8100, len(Vs) = 8100
[20191107_075852 / lib_ip.py:4007] red : average --> out of range (average = 79.907 / upper = 124.600 / lower = 115.000)
[20191107_075852 / lib_ip.py:3753] file = img.20191107_075848.2019-11-06_07-51-56_000.jpg.3.png / val_Average = 79.9065	val_Variance = 0.1460	sd = 0.3820	max = 81	min = 79
[20191107_075852 / lib_ip.py:4052] len(Hs) = 8100, len(Ss) = 8100, len(Vs) = 8100
[20191107_075852 / lib_ip.py:2274] inspecting ===> img.20191107_075848.2019-11-06_07-51-56_000.jpg.4.png
[20191107_075852 / lib_ip.py:4505] 
img.20191107_075848.2019-11-06_07-51-56_000.jpg.4.png 3 ---------------------
[20191107_075852 / lib_ip.py:3753] file = img.20191107_075848.2019-11-06_07-51-56_000.jpg.4.png / val_Average = 82.9886	val_Variance = 168.1223	sd = 12.9662	max = 135	min = 0
[20191107_075852 / lib_ip.py:3836] len(Hs) = 8100, len(Ss) = 8100, len(Vs) = 8100
[20191107_075852 / lib_ip.py:3869] yellow : variance --> out of range (variance = 168.122 / upper = 0.650 / lower = 0.000)
[20191107_075853 / lib_ip.py:3753] file = img.20191107_075848.2019-11-06_07-51-56_000.jpg.4.png / val_Average = 82.9886	val_Variance = 168.1223	sd = 12.9662	max = 135	min = 0
[20191107_075853 / lib_ip.py:3936] len(Hs) = 8100, len(Ss) = 8100, len(Vs) = 8100
[20191107_075853 / lib_ip.py:3982] red : variance --> out of range (variance = 168.122 / upper = 0.430 / lower = 0.000)
[20191107_075853 / lib_ip.py:3753] file = img.20191107_075848.2019-11-06_07-51-56_000.jpg.4.png / val_Average = 82.9886	val_Variance = 168.1223	sd = 12.9662	max = 135	min = 0
[20191107_075853 / lib_ip.py:4052] len(Hs) = 8100, len(Ss) = 8100, len(Vs) = 8100
[20191107_075853 / lib_ip.py:4099] green : variance --> out of range (variance = 168.122 / upper = 0.760 / lower = 0.000)
[20191107_075853 / lib_ip.py:3753] file = img.20191107_075848.2019-11-06_07-51-56_000.jpg.4.png / val_Average = 82.9886	val_Variance = 168.1223	sd = 12.9662	max = 135	min = 0
[20191107_075853 / lib_ip.py:4169] len(Hs) = 8100, len(Ss) = 8100, len(Vs) = 8100
[20191107_075853 / lib_ip.py:4208] blue : variance --> out of range (variance = 168.122 / upper = 0.930 / lower = 0.010)
[20191107_075853 / lib_ip.py:3753] file = img.20191107_075848.2019-11-06_07-51-56_000.jpg.4.png / val_Average = 82.9886	val_Variance = 168.1223	sd = 12.9662	max = 135	min = 0
[20191107_075853 / lib_ip.py:4275] len(Hs) = 8100, len(Ss) = 8100, len(Vs) = 8100
[20191107_075853 / lib_ip.py:4314] pink : variance --> out of range (variance = 168.122 / upper = 0.750 / lower = 0.030)
[20191107_075853 / lib_ip.py:3753] file = img.20191107_075848.2019-11-06_07-51-56_000.jpg.4.png / val_Average = 82.9886	val_Variance = 168.1223	sd = 12.9662	max = 135	min = 0
[20191107_075853 / lib_ip.py:4378] len(Hs) = 8100, len(Ss) = 8100, len(Vs) = 8100
[20191107_075853 / lib_ip.py:4422] black : variance --> out of range (variance = 168.122 / upper = 0.000 / lower = 0.000)
[20191107_075853 / lib_ip.py:4593] file : img.20191107_075848.2019-11-06_07-51-56_000.jpg.4.png 3 (black : variance --> out of range (variance = 168.122 / upper = 0.000 / lower = 0.000))
[20191107_075852 / lib_ip.py:2274] inspecting ===> img.20191107_075848.2019-11-06_07-51-56_000.jpg.4.png
img.20191107_075848.2019-11-06_07-51-56_000.jpg.1.png => other
img.20191107_075848.2019-11-06_07-51-56_000.jpg.2.png => other
img.20191107_075848.2019-11-06_07-51-56_000.jpg.3.png => other
img.20191107_075848.2019-11-06_07-51-56_000.jpg.4.png => other
[20191107_075853 lib_ip.py:3301] =============== Get 4 corners
dpath_Images = C:\WORKS_2\WS\WS_Others.Art\JVEMV6\46_art\VIRTUAL\Admin_Projects\ip\images
fname_Image = img.20191107_075848.2019-11-06_07-51-56_000.jpg.4.png

[20191107_075854 / lib_ip.py:2274] inspecting ===> img.20191107_075854.2019-11-06_10-53-28_000.jpg.1.png
[20191107_075854 / lib_ip.py:4505] 
img.20191107_075854.2019-11-06_10-53-28_000.jpg.1.png 0 ---------------------
[20191107_075855 / lib_ip.py:3753] file = img.20191107_075854.2019-11-06_10-53-28_000.jpg.1.png / val_Average = 107.6736	val_Variance = 2132.7720	sd = 46.1819	max = 178	min = 0
[20191107_075855 / lib_ip.py:3836] len(Hs) = 8100, len(Ss) = 8100, len(Vs) = 8100
[20191107_075855 / lib_ip.py:3869] yellow : variance --> out of range (variance = 2132.772 / upper = 0.650 / lower = 0.000)
[20191107_075855 / lib_ip.py:3753] file = img.20191107_075854.2019-11-06_10-53-28_000.jpg.1.png / val_Average = 107.6736	val_Variance = 2132.7720	sd = 46.1819	max = 178	min = 0
[20191107_075855 / lib_ip.py:3936] len(Hs) = 8100, len(Ss) = 8100, len(Vs) = 8100
[20191107_075855 / lib_ip.py:3982] red : variance --> out of range (variance = 2132.772 / upper = 0.430 / lower = 0.000)
[20191107_075855 / lib_ip.py:3753] file = img.20191107_075854.2019-11-06_10-53-28_000.jpg.1.png / val_Average = 107.6736	val_Variance = 2132.7720	sd = 46.1819	max = 178	min = 0
[20191107_075855 / lib_ip.py:4052] len(Hs) = 8100, len(Ss) = 8100, len(Vs) = 8100
[20191107_075855 / lib_ip.py:4099] green : variance --> out of range (variance = 2132.772 / upper = 0.760 / lower = 0.000)
[20191107_075855 / lib_ip.py:3753] file = img.20191107_075854.2019-11-06_10-53-28_000.jpg.1.png / val_Average = 107.6736	val_Variance = 2132.7720	sd = 46.1819	max = 178	min = 0
[20191107_075855 / lib_ip.py:4169] len(Hs) = 8100, len(Ss) = 8100, len(Vs) = 8100
[20191107_075855 / lib_ip.py:4208] blue : variance --> out of range (variance = 2132.772 / upper = 0.930 / lower = 0.010)
[20191107_075855 / lib_ip.py:3753] file = img.20191107_075854.2019-11-06_10-53-28_000.jpg.1.png / val_Average = 107.6736	val_Variance = 2132.7720	sd = 46.1819	max = 178	min = 0
[20191107_075855 / lib_ip.py:4275] len(Hs) = 8100, len(Ss) = 8100, len(Vs) = 8100
[20191107_075855 / lib_ip.py:4314] pink : variance --> out of range (variance = 2132.772 / upper = 0.750 / lower = 0.030)
[20191107_075855 / lib_ip.py:3753] file = img.20191107_075854.2019-11-06_10-53-28_000.jpg.1.png / val_Average = 107.6736	val_Variance = 2132.7720	sd = 46.1819	max = 178	min = 0
[20191107_075855 / lib_ip.py:4378] len(Hs) = 8100, len(Ss) = 8100, len(Vs) = 8100
[20191107_075855 / lib_ip.py:4422] black : variance --> out of range (variance = 2132.772 / upper = 0.000 / lower = 0.000)
[20191107_075855 / lib_ip.py:4593] file : img.20191107_075854.2019-11-06_10-53-28_000.jpg.1.png 0 (black : variance --> out of range (variance = 2132.772 / upper = 0.000 / lower = 0.000))
[20191107_075855 / lib_ip.py:2274] inspecting ===> img.20191107_075854.2019-11-06_10-53-28_000.jpg.2.png
[20191107_075856 / lib_ip.py:4505] 
img.20191107_075854.2019-11-06_10-53-28_000.jpg.2.png 1 ---------------------
[20191107_075856 / lib_ip.py:3753] file = img.20191107_075854.2019-11-06_10-53-28_000.jpg.2.png / val_Average = 90.0727	val_Variance = 0.0706	sd = 0.2658	max = 91	min = 89
[20191107_075856 / lib_ip.py:3836] len(Hs) = 8100, len(Ss) = 8100, len(Vs) = 8100
[20191107_075856 / lib_ip.py:2274] inspecting ===> img.20191107_075854.2019-11-06_10-53-28_000.jpg.3.png
[20191107_075856 / lib_ip.py:4505] 
img.20191107_075854.2019-11-06_10-53-28_000.jpg.3.png 2 ---------------------
[20191107_075856 / lib_ip.py:3753] file = img.20191107_075854.2019-11-06_10-53-28_000.jpg.3.png / val_Average = 114.0105	val_Variance = 110.8901	sd = 10.5304	max = 176	min = 0
[20191107_075857 / lib_ip.py:3836] len(Hs) = 8100, len(Ss) = 8100, len(Vs) = 8100
[20191107_075857 / lib_ip.py:3869] yellow : variance --> out of range (variance = 110.890 / upper = 0.650 / lower = 0.000)
[20191107_075857 / lib_ip.py:3753] file = img.20191107_075854.2019-11-06_10-53-28_000.jpg.3.png / val_Average = 114.0105	val_Variance = 110.8901	sd = 10.5304	max = 176	min = 0
[20191107_075857 / lib_ip.py:3936] len(Hs) = 8100, len(Ss) = 8100, len(Vs) = 8100
[20191107_075857 / lib_ip.py:3982] red : variance --> out of range (variance = 110.890 / upper = 0.430 / lower = 0.000)
[20191107_075857 / lib_ip.py:3753] file = img.20191107_075854.2019-11-06_10-53-28_000.jpg.3.png / val_Average = 114.0105	val_Variance = 110.8901	sd = 10.5304	max = 176	min = 0
[20191107_075857 / lib_ip.py:4052] len(Hs) = 8100, len(Ss) = 8100, len(Vs) = 8100
[20191107_075857 / lib_ip.py:4099] green : variance --> out of range (variance = 110.890 / upper = 0.760 / lower = 0.000)
[20191107_075857 / lib_ip.py:3753] file = img.20191107_075854.2019-11-06_10-53-28_000.jpg.3.png / val_Average = 114.0105	val_Variance = 110.8901	sd = 10.5304	max = 176	min = 0
[20191107_075857 / lib_ip.py:4169] len(Hs) = 8100, len(Ss) = 8100, len(Vs) = 8100
[20191107_075857 / lib_ip.py:4208] blue : variance --> out of range (variance = 110.890 / upper = 0.930 / lower = 0.010)
[20191107_075857 / lib_ip.py:3753] file = img.20191107_075854.2019-11-06_10-53-28_000.jpg.3.png / val_Average = 114.0105	val_Variance = 110.8901	sd = 10.5304	max = 176	min = 0
[20191107_075857 / lib_ip.py:4275] len(Hs) = 8100, len(Ss) = 8100, len(Vs) = 8100
[20191107_075857 / lib_ip.py:4314] pink : variance --> out of range (variance = 110.890 / upper = 0.750 / lower = 0.030)
[20191107_075857 / lib_ip.py:3753] file = img.20191107_075854.2019-11-06_10-53-28_000.jpg.3.png / val_Average = 114.0105	val_Variance = 110.8901	sd = 10.5304	max = 176	min = 0
[20191107_075857 / lib_ip.py:4378] len(Hs) = 8100, len(Ss) = 8100, len(Vs) = 8100
[20191107_075857 / lib_ip.py:4422] black : variance --> out of range (variance = 110.890 / upper = 0.000 / lower = 0.000)
[20191107_075857 / lib_ip.py:4593] file : img.20191107_075854.2019-11-06_10-53-28_000.jpg.3.png 2 (black : variance --> out of range (variance = 110.890 / upper = 0.000 / lower = 0.000))
[20191107_075857 / lib_ip.py:2274] inspecting ===> img.20191107_075854.2019-11-06_10-53-28_000.jpg.4.png
[20191107_075858 / lib_ip.py:4505] 
img.20191107_075854.2019-11-06_10-53-28_000.jpg.4.png 3 ---------------------
[20191107_075858 / lib_ip.py:3753] file = img.20191107_075854.2019-11-06_10-53-28_000.jpg.4.png / val_Average = 107.6667	val_Variance = 0.5156	sd = 0.7180	max = 109	min = 106
[20191107_075858 / lib_ip.py:3836] len(Hs) = 8100, len(Ss) = 8100, len(Vs) = 8100
[20191107_075858 / lib_ip.py:3891] yellow : average --> out of range (average = 107.667 / upper = 99.200 / lower = 85.500)
[20191107_075858 / lib_ip.py:3753] file = img.20191107_075854.2019-11-06_10-53-28_000.jpg.4.png / val_Average = 107.6667	val_Variance = 0.5156	sd = 0.7180	max = 109	min = 106
[20191107_075858 / lib_ip.py:3936] len(Hs) = 8100, len(Ss) = 8100, len(Vs) = 8100
[20191107_075858 / lib_ip.py:3982] red : variance --> out of range (variance = 0.516 / upper = 0.430 / lower = 0.000)
[20191107_075858 / lib_ip.py:3753] file = img.20191107_075854.2019-11-06_10-53-28_000.jpg.4.png / val_Average = 107.6667	val_Variance = 0.5156	sd = 0.7180	max = 109	min = 106
[20191107_075858 / lib_ip.py:4052] len(Hs) = 8100, len(Ss) = 8100, len(Vs) = 8100
[20191107_075858 / lib_ip.py:4124] green : average --> out of range (average = 107.667 / upper = 85.000 / lower = 58.000)
[20191107_075858 / lib_ip.py:3753] file = img.20191107_075854.2019-11-06_10-53-28_000.jpg.4.png / val_Average = 107.6667	val_Variance = 0.5156	sd = 0.7180	max = 109	min = 106
[20191107_075858 / lib_ip.py:4169] len(Hs) = 8100, len(Ss) = 8100, len(Vs) = 8100
[20191107_075858 / lib_ip.py:4230] blue : average --> out of range (average = 107.667 / upper = 17.000 / lower = 8.850)
[20191107_075858 / lib_ip.py:3753] file = img.20191107_075854.2019-11-06_10-53-28_000.jpg.4.png / val_Average = 107.6667	val_Variance = 0.5156	sd = 0.7180	max = 109	min = 106
[20191107_075858 / lib_ip.py:4275] len(Hs) = 8100, len(Ss) = 8100, len(Vs) = 8100
[20191107_075859 / lib_ip.py:4336] pink : average --> out of range (average = 107.667 / upper = 141.000 / lower = 127.900)
[20191107_075859 / lib_ip.py:3753] file = img.20191107_075854.2019-11-06_10-53-28_000.jpg.4.png / val_Average = 107.6667	val_Variance = 0.5156	sd = 0.7180	max = 109	min = 106
[20191107_075859 / lib_ip.py:4378] len(Hs) = 8100, len(Ss) = 8100, len(Vs) = 8100
[20191107_075859 / lib_ip.py:4422] black : variance --> out of range (variance = 0.516 / upper = 0.000 / lower = 0.000)
[20191107_075859 / lib_ip.py:4593] file : img.20191107_075854.2019-11-06_10-53-28_000.jpg.4.png 3 (black : variance --> out of range (variance = 0.516 / upper = 0.000 / lower = 0.000))
[20191107_075857 / lib_ip.py:2274] inspecting ===> img.20191107_075854.2019-11-06_10-53-28_000.jpg.4.png
img.20191107_075854.2019-11-06_10-53-28_000.jpg.1.png => other
img.20191107_075854.2019-11-06_10-53-28_000.jpg.2.png => other
img.20191107_075854.2019-11-06_10-53-28_000.jpg.3.png => other
img.20191107_075854.2019-11-06_10-53-28_000.jpg.4.png => other
[20191107_075859 lib_ip.py:3301] =============== Get 4 corners
dpath_Images = C:\WORKS_2\WS\WS_Others.Art\JVEMV6\46_art\VIRTUAL\Admin_Projects\ip\images
fname_Image = img.20191107_075854.2019-11-06_10-53-28_000.jpg.4.png

[20191107_075900 / lib_ip.py:2274] inspecting ===> img.20191107_075859.2019-11-06_14-08-33_000.jpg.1.png
[20191107_075900 / lib_ip.py:4505] 
img.20191107_075859.2019-11-06_14-08-33_000.jpg.1.png 0 ---------------------
[20191107_075900 / lib_ip.py:3753] file = img.20191107_075859.2019-11-06_14-08-33_000.jpg.1.png / val_Average = 29.1690	val_Variance = 1533.8762	sd = 39.1647	max = 135	min = 0
[20191107_075900 / lib_ip.py:3836] len(Hs) = 8100, len(Ss) = 8100, len(Vs) = 8100
[20191107_075900 / lib_ip.py:3869] yellow : variance --> out of range (variance = 1533.876 / upper = 0.650 / lower = 0.000)
[20191107_075900 / lib_ip.py:3753] file = img.20191107_075859.2019-11-06_14-08-33_000.jpg.1.png / val_Average = 29.1690	val_Variance = 1533.8762	sd = 39.1647	max = 135	min = 0
[20191107_075900 / lib_ip.py:3936] len(Hs) = 8100, len(Ss) = 8100, len(Vs) = 8100
[20191107_075900 / lib_ip.py:3982] red : variance --> out of range (variance = 1533.876 / upper = 0.430 / lower = 0.000)
[20191107_075900 / lib_ip.py:3753] file = img.20191107_075859.2019-11-06_14-08-33_000.jpg.1.png / val_Average = 29.1690	val_Variance = 1533.8762	sd = 39.1647	max = 135	min = 0
[20191107_075900 / lib_ip.py:4052] len(Hs) = 8100, len(Ss) = 8100, len(Vs) = 8100
[20191107_075900 / lib_ip.py:4099] green : variance --> out of range (variance = 1533.876 / upper = 0.760 / lower = 0.000)
[20191107_075900 / lib_ip.py:3753] file = img.20191107_075859.2019-11-06_14-08-33_000.jpg.1.png / val_Average = 29.1690	val_Variance = 1533.8762	sd = 39.1647	max = 135	min = 0
[20191107_075900 / lib_ip.py:4169] len(Hs) = 8100, len(Ss) = 8100, len(Vs) = 8100
[20191107_075900 / lib_ip.py:4208] blue : variance --> out of range (variance = 1533.876 / upper = 0.930 / lower = 0.010)
[20191107_075901 / lib_ip.py:3753] file = img.20191107_075859.2019-11-06_14-08-33_000.jpg.1.png / val_Average = 29.1690	val_Variance = 1533.8762	sd = 39.1647	max = 135	min = 0
[20191107_075901 / lib_ip.py:4275] len(Hs) = 8100, len(Ss) = 8100, len(Vs) = 8100
[20191107_075901 / lib_ip.py:4314] pink : variance --> out of range (variance = 1533.876 / upper = 0.750 / lower = 0.030)
[20191107_075901 / lib_ip.py:3753] file = img.20191107_075859.2019-11-06_14-08-33_000.jpg.1.png / val_Average = 29.1690	val_Variance = 1533.8762	sd = 39.1647	max = 135	min = 0
[20191107_075901 / lib_ip.py:4378] len(Hs) = 8100, len(Ss) = 8100, len(Vs) = 8100
[20191107_075901 / lib_ip.py:4422] black : variance --> out of range (variance = 1533.876 / upper = 0.000 / lower = 0.000)
[20191107_075901 / lib_ip.py:4593] file : img.20191107_075859.2019-11-06_14-08-33_000.jpg.1.png 0 (black : variance --> out of range (variance = 1533.876 / upper = 0.000 / lower = 0.000))
[20191107_075901 / lib_ip.py:2274] inspecting ===> img.20191107_075859.2019-11-06_14-08-33_000.jpg.2.png
[20191107_075901 / lib_ip.py:4505] 
img.20191107_075859.2019-11-06_14-08-33_000.jpg.2.png 1 ---------------------
[20191107_075901 / lib_ip.py:3753] file = img.20191107_075859.2019-11-06_14-08-33_000.jpg.2.png / val_Average = 96.8917	val_Variance = 0.2417	sd = 0.4917	max = 98	min = 96
[20191107_075901 / lib_ip.py:3836] len(Hs) = 8100, len(Ss) = 8100, len(Vs) = 8100
[20191107_075901 / lib_ip.py:2274] inspecting ===> img.20191107_075859.2019-11-06_14-08-33_000.jpg.3.png
[20191107_075902 / lib_ip.py:4505] 
img.20191107_075859.2019-11-06_14-08-33_000.jpg.3.png 2 ---------------------
[20191107_075902 / lib_ip.py:3753] file = img.20191107_075859.2019-11-06_14-08-33_000.jpg.3.png / val_Average = 99.7694	val_Variance = 15.1804	sd = 3.8962	max = 120	min = 85
[20191107_075902 / lib_ip.py:3836] len(Hs) = 8100, len(Ss) = 8100, len(Vs) = 8100
[20191107_075902 / lib_ip.py:3869] yellow : variance --> out of range (variance = 15.180 / upper = 0.650 / lower = 0.000)
[20191107_075902 / lib_ip.py:3753] file = img.20191107_075859.2019-11-06_14-08-33_000.jpg.3.png / val_Average = 99.7694	val_Variance = 15.1804	sd = 3.8962	max = 120	min = 85
[20191107_075902 / lib_ip.py:3936] len(Hs) = 8100, len(Ss) = 8100, len(Vs) = 8100
[20191107_075902 / lib_ip.py:3982] red : variance --> out of range (variance = 15.180 / upper = 0.430 / lower = 0.000)
[20191107_075902 / lib_ip.py:3753] file = img.20191107_075859.2019-11-06_14-08-33_000.jpg.3.png / val_Average = 99.7694	val_Variance = 15.1804	sd = 3.8962	max = 120	min = 85
[20191107_075902 / lib_ip.py:4052] len(Hs) = 8100, len(Ss) = 8100, len(Vs) = 8100
[20191107_075902 / lib_ip.py:4099] green : variance --> out of range (variance = 15.180 / upper = 0.760 / lower = 0.000)
[20191107_075902 / lib_ip.py:3753] file = img.20191107_075859.2019-11-06_14-08-33_000.jpg.3.png / val_Average = 99.7694	val_Variance = 15.1804	sd = 3.8962	max = 120	min = 85
[20191107_075902 / lib_ip.py:4169] len(Hs) = 8100, len(Ss) = 8100, len(Vs) = 8100
[20191107_075902 / lib_ip.py:4208] blue : variance --> out of range (variance = 15.180 / upper = 0.930 / lower = 0.010)
[20191107_075902 / lib_ip.py:3753] file = img.20191107_075859.2019-11-06_14-08-33_000.jpg.3.png / val_Average = 99.7694	val_Variance = 15.1804	sd = 3.8962	max = 120	min = 85
[20191107_075902 / lib_ip.py:4275] len(Hs) = 8100, len(Ss) = 8100, len(Vs) = 8100
[20191107_075902 / lib_ip.py:4314] pink : variance --> out of range (variance = 15.180 / upper = 0.750 / lower = 0.030)
[20191107_075902 / lib_ip.py:3753] file = img.20191107_075859.2019-11-06_14-08-33_000.jpg.3.png / val_Average = 99.7694	val_Variance = 15.1804	sd = 3.8962	max = 120	min = 85
[20191107_075902 / lib_ip.py:4378] len(Hs) = 8100, len(Ss) = 8100, len(Vs) = 8100
[20191107_075903 / lib_ip.py:4422] black : variance --> out of range (variance = 15.180 / upper = 0.000 / lower = 0.000)
[20191107_075903 / lib_ip.py:4593] file : img.20191107_075859.2019-11-06_14-08-33_000.jpg.3.png 2 (black : variance --> out of range (variance = 15.180 / upper = 0.000 / lower = 0.000))
[20191107_075903 / lib_ip.py:2274] inspecting ===> img.20191107_075859.2019-11-06_14-08-33_000.jpg.4.png
[20191107_075903 / lib_ip.py:4505] 
img.20191107_075859.2019-11-06_14-08-33_000.jpg.4.png 3 ---------------------
[20191107_075903 / lib_ip.py:3753] file = img.20191107_075859.2019-11-06_14-08-33_000.jpg.4.png / val_Average = 97.8301	val_Variance = 0.8623	sd = 0.9286	max = 104	min = 93
[20191107_075903 / lib_ip.py:3836] len(Hs) = 8100, len(Ss) = 8100, len(Vs) = 8100
[20191107_075903 / lib_ip.py:3869] yellow : variance --> out of range (variance = 0.862 / upper = 0.650 / lower = 0.000)
[20191107_075903 / lib_ip.py:3753] file = img.20191107_075859.2019-11-06_14-08-33_000.jpg.4.png / val_Average = 97.8301	val_Variance = 0.8623	sd = 0.9286	max = 104	min = 93
[20191107_075903 / lib_ip.py:3936] len(Hs) = 8100, len(Ss) = 8100, len(Vs) = 8100
[20191107_075903 / lib_ip.py:3982] red : variance --> out of range (variance = 0.862 / upper = 0.430 / lower = 0.000)
[20191107_075903 / lib_ip.py:3753] file = img.20191107_075859.2019-11-06_14-08-33_000.jpg.4.png / val_Average = 97.8301	val_Variance = 0.8623	sd = 0.9286	max = 104	min = 93
[20191107_075904 / lib_ip.py:4052] len(Hs) = 8100, len(Ss) = 8100, len(Vs) = 8100
[20191107_075904 / lib_ip.py:4099] green : variance --> out of range (variance = 0.862 / upper = 0.760 / lower = 0.000)
[20191107_075904 / lib_ip.py:3753] file = img.20191107_075859.2019-11-06_14-08-33_000.jpg.4.png / val_Average = 97.8301	val_Variance = 0.8623	sd = 0.9286	max = 104	min = 93
[20191107_075904 / lib_ip.py:4169] len(Hs) = 8100, len(Ss) = 8100, len(Vs) = 8100
[20191107_075904 / lib_ip.py:4230] blue : average --> out of range (average = 97.830 / upper = 17.000 / lower = 8.850)
[20191107_075904 / lib_ip.py:3753] file = img.20191107_075859.2019-11-06_14-08-33_000.jpg.4.png / val_Average = 97.8301	val_Variance = 0.8623	sd = 0.9286	max = 104	min = 93
[20191107_075904 / lib_ip.py:4275] len(Hs) = 8100, len(Ss) = 8100, len(Vs) = 8100
[20191107_075904 / lib_ip.py:4314] pink : variance --> out of range (variance = 0.862 / upper = 0.750 / lower = 0.030)
[20191107_075904 / lib_ip.py:3753] file = img.20191107_075859.2019-11-06_14-08-33_000.jpg.4.png / val_Average = 97.8301	val_Variance = 0.8623	sd = 0.9286	max = 104	min = 93
[20191107_075904 / lib_ip.py:4378] len(Hs) = 8100, len(Ss) = 8100, len(Vs) = 8100
[20191107_075904 / lib_ip.py:4422] black : variance --> out of range (variance = 0.862 / upper = 0.000 / lower = 0.000)
[20191107_075904 / lib_ip.py:4593] file : img.20191107_075859.2019-11-06_14-08-33_000.jpg.4.png 3 (black : variance --> out of range (variance = 0.862 / upper = 0.000 / lower = 0.000))
[20191107_075903 / lib_ip.py:2274] inspecting ===> img.20191107_075859.2019-11-06_14-08-33_000.jpg.4.png
img.20191107_075859.2019-11-06_14-08-33_000.jpg.1.png => other
img.20191107_075859.2019-11-06_14-08-33_000.jpg.2.png => other
img.20191107_075859.2019-11-06_14-08-33_000.jpg.3.png => other
img.20191107_075859.2019-11-06_14-08-33_000.jpg.4.png => other
[20191107_075904 lib_ip.py:3301] =============== Get 4 corners
dpath_Images = C:\WORKS_2\WS\WS_Others.Art\JVEMV6\46_art\VIRTUAL\Admin_Projects\ip\images
fname_Image = img.20191107_075859.2019-11-06_14-08-33_000.jpg.4.png

[20191107_075905 / lib_ip.py:2274] inspecting ===> img.20191107_075905.2019-11-06_14-08-54_000.jpg.1.png
[20191107_075905 / lib_ip.py:4505] 
img.20191107_075905.2019-11-06_14-08-54_000.jpg.1.png 0 ---------------------
[20191107_075905 / lib_ip.py:3753] file = img.20191107_075905.2019-11-06_14-08-54_000.jpg.1.png / val_Average = 58.7516	val_Variance = 1725.5667	sd = 41.5399	max = 135	min = 0
[20191107_075905 / lib_ip.py:3836] len(Hs) = 8100, len(Ss) = 8100, len(Vs) = 8100
[20191107_075905 / lib_ip.py:3869] yellow : variance --> out of range (variance = 1725.567 / upper = 0.650 / lower = 0.000)
[20191107_075905 / lib_ip.py:3753] file = img.20191107_075905.2019-11-06_14-08-54_000.jpg.1.png / val_Average = 58.7516	val_Variance = 1725.5667	sd = 41.5399	max = 135	min = 0
[20191107_075905 / lib_ip.py:3936] len(Hs) = 8100, len(Ss) = 8100, len(Vs) = 8100
[20191107_075905 / lib_ip.py:3982] red : variance --> out of range (variance = 1725.567 / upper = 0.430 / lower = 0.000)
[20191107_075905 / lib_ip.py:3753] file = img.20191107_075905.2019-11-06_14-08-54_000.jpg.1.png / val_Average = 58.7516	val_Variance = 1725.5667	sd = 41.5399	max = 135	min = 0
[20191107_075905 / lib_ip.py:4052] len(Hs) = 8100, len(Ss) = 8100, len(Vs) = 8100
[20191107_075905 / lib_ip.py:4099] green : variance --> out of range (variance = 1725.567 / upper = 0.760 / lower = 0.000)
[20191107_075906 / lib_ip.py:3753] file = img.20191107_075905.2019-11-06_14-08-54_000.jpg.1.png / val_Average = 58.7516	val_Variance = 1725.5667	sd = 41.5399	max = 135	min = 0
[20191107_075906 / lib_ip.py:4169] len(Hs) = 8100, len(Ss) = 8100, len(Vs) = 8100
[20191107_075906 / lib_ip.py:4208] blue : variance --> out of range (variance = 1725.567 / upper = 0.930 / lower = 0.010)
[20191107_075906 / lib_ip.py:3753] file = img.20191107_075905.2019-11-06_14-08-54_000.jpg.1.png / val_Average = 58.7516	val_Variance = 1725.5667	sd = 41.5399	max = 135	min = 0
[20191107_075906 / lib_ip.py:4275] len(Hs) = 8100, len(Ss) = 8100, len(Vs) = 8100
[20191107_075906 / lib_ip.py:4314] pink : variance --> out of range (variance = 1725.567 / upper = 0.750 / lower = 0.030)
[20191107_075906 / lib_ip.py:3753] file = img.20191107_075905.2019-11-06_14-08-54_000.jpg.1.png / val_Average = 58.7516	val_Variance = 1725.5667	sd = 41.5399	max = 135	min = 0
[20191107_075906 / lib_ip.py:4378] len(Hs) = 8100, len(Ss) = 8100, len(Vs) = 8100
[20191107_075906 / lib_ip.py:4422] black : variance --> out of range (variance = 1725.567 / upper = 0.000 / lower = 0.000)
[20191107_075906 / lib_ip.py:4593] file : img.20191107_075905.2019-11-06_14-08-54_000.jpg.1.png 0 (black : variance --> out of range (variance = 1725.567 / upper = 0.000 / lower = 0.000))
[20191107_075906 / lib_ip.py:2274] inspecting ===> img.20191107_075905.2019-11-06_14-08-54_000.jpg.2.png
[20191107_075906 / lib_ip.py:4505] 
img.20191107_075905.2019-11-06_14-08-54_000.jpg.2.png 1 ---------------------
[20191107_075907 / lib_ip.py:3753] file = img.20191107_075905.2019-11-06_14-08-54_000.jpg.2.png / val_Average = 35.2883	val_Variance = 1056.8150	sd = 32.5087	max = 135	min = 0
[20191107_075907 / lib_ip.py:3836] len(Hs) = 8100, len(Ss) = 8100, len(Vs) = 8100
[20191107_075907 / lib_ip.py:3869] yellow : variance --> out of range (variance = 1056.815 / upper = 0.650 / lower = 0.000)
[20191107_075907 / lib_ip.py:3753] file = img.20191107_075905.2019-11-06_14-08-54_000.jpg.2.png / val_Average = 35.2883	val_Variance = 1056.8150	sd = 32.5087	max = 135	min = 0
[20191107_075907 / lib_ip.py:3936] len(Hs) = 8100, len(Ss) = 8100, len(Vs) = 8100
[20191107_075907 / lib_ip.py:3982] red : variance --> out of range (variance = 1056.815 / upper = 0.430 / lower = 0.000)
[20191107_075907 / lib_ip.py:3753] file = img.20191107_075905.2019-11-06_14-08-54_000.jpg.2.png / val_Average = 35.2883	val_Variance = 1056.8150	sd = 32.5087	max = 135	min = 0
[20191107_075907 / lib_ip.py:4052] len(Hs) = 8100, len(Ss) = 8100, len(Vs) = 8100
[20191107_075907 / lib_ip.py:4099] green : variance --> out of range (variance = 1056.815 / upper = 0.760 / lower = 0.000)
[20191107_075907 / lib_ip.py:3753] file = img.20191107_075905.2019-11-06_14-08-54_000.jpg.2.png / val_Average = 35.2883	val_Variance = 1056.8150	sd = 32.5087	max = 135	min = 0
[20191107_075907 / lib_ip.py:4169] len(Hs) = 8100, len(Ss) = 8100, len(Vs) = 8100
[20191107_075907 / lib_ip.py:4208] blue : variance --> out of range (variance = 1056.815 / upper = 0.930 / lower = 0.010)
[20191107_075907 / lib_ip.py:3753] file = img.20191107_075905.2019-11-06_14-08-54_000.jpg.2.png / val_Average = 35.2883	val_Variance = 1056.8150	sd = 32.5087	max = 135	min = 0
[20191107_075907 / lib_ip.py:4275] len(Hs) = 8100, len(Ss) = 8100, len(Vs) = 8100
[20191107_075907 / lib_ip.py:4314] pink : variance --> out of range (variance = 1056.815 / upper = 0.750 / lower = 0.030)
[20191107_075907 / lib_ip.py:3753] file = img.20191107_075905.2019-11-06_14-08-54_000.jpg.2.png / val_Average = 35.2883	val_Variance = 1056.8150	sd = 32.5087	max = 135	min = 0
[20191107_075907 / lib_ip.py:4378] len(Hs) = 8100, len(Ss) = 8100, len(Vs) = 8100
[20191107_075907 / lib_ip.py:4422] black : variance --> out of range (variance = 1056.815 / upper = 0.000 / lower = 0.000)
[20191107_075907 / lib_ip.py:4593] file : img.20191107_075905.2019-11-06_14-08-54_000.jpg.2.png 1 (black : variance --> out of range (variance = 1056.815 / upper = 0.000 / lower = 0.000))
[20191107_075907 / lib_ip.py:2274] inspecting ===> img.20191107_075905.2019-11-06_14-08-54_000.jpg.3.png
[20191107_075908 / lib_ip.py:4505] 
img.20191107_075905.2019-11-06_14-08-54_000.jpg.3.png 2 ---------------------
[20191107_075908 / lib_ip.py:3753] file = img.20191107_075905.2019-11-06_14-08-54_000.jpg.3.png / val_Average = 74.5569	val_Variance = 965.9122	sd = 31.0791	max = 135	min = 0
[20191107_075908 / lib_ip.py:3836] len(Hs) = 8100, len(Ss) = 8100, len(Vs) = 8100
[20191107_075908 / lib_ip.py:3869] yellow : variance --> out of range (variance = 965.912 / upper = 0.650 / lower = 0.000)
[20191107_075908 / lib_ip.py:3753] file = img.20191107_075905.2019-11-06_14-08-54_000.jpg.3.png / val_Average = 74.5569	val_Variance = 965.9122	sd = 31.0791	max = 135	min = 0
[20191107_075908 / lib_ip.py:3936] len(Hs) = 8100, len(Ss) = 8100, len(Vs) = 8100
[20191107_075908 / lib_ip.py:3982] red : variance --> out of range (variance = 965.912 / upper = 0.430 / lower = 0.000)
[20191107_075908 / lib_ip.py:3753] file = img.20191107_075905.2019-11-06_14-08-54_000.jpg.3.png / val_Average = 74.5569	val_Variance = 965.9122	sd = 31.0791	max = 135	min = 0
[20191107_075908 / lib_ip.py:4052] len(Hs) = 8100, len(Ss) = 8100, len(Vs) = 8100
[20191107_075908 / lib_ip.py:4099] green : variance --> out of range (variance = 965.912 / upper = 0.760 / lower = 0.000)
[20191107_075908 / lib_ip.py:3753] file = img.20191107_075905.2019-11-06_14-08-54_000.jpg.3.png / val_Average = 74.5569	val_Variance = 965.9122	sd = 31.0791	max = 135	min = 0
[20191107_075908 / lib_ip.py:4169] len(Hs) = 8100, len(Ss) = 8100, len(Vs) = 8100
[20191107_075908 / lib_ip.py:4208] blue : variance --> out of range (variance = 965.912 / upper = 0.930 / lower = 0.010)
[20191107_075909 / lib_ip.py:3753] file = img.20191107_075905.2019-11-06_14-08-54_000.jpg.3.png / val_Average = 74.5569	val_Variance = 965.9122	sd = 31.0791	max = 135	min = 0
[20191107_075909 / lib_ip.py:4275] len(Hs) = 8100, len(Ss) = 8100, len(Vs) = 8100
[20191107_075909 / lib_ip.py:4314] pink : variance --> out of range (variance = 965.912 / upper = 0.750 / lower = 0.030)
[20191107_075909 / lib_ip.py:3753] file = img.20191107_075905.2019-11-06_14-08-54_000.jpg.3.png / val_Average = 74.5569	val_Variance = 965.9122	sd = 31.0791	max = 135	min = 0
[20191107_075909 / lib_ip.py:4378] len(Hs) = 8100, len(Ss) = 8100, len(Vs) = 8100
[20191107_075909 / lib_ip.py:4422] black : variance --> out of range (variance = 965.912 / upper = 0.000 / lower = 0.000)
[20191107_075909 / lib_ip.py:4593] file : img.20191107_075905.2019-11-06_14-08-54_000.jpg.3.png 2 (black : variance --> out of range (variance = 965.912 / upper = 0.000 / lower = 0.000))
[20191107_075909 / lib_ip.py:2274] inspecting ===> img.20191107_075905.2019-11-06_14-08-54_000.jpg.4.png
[20191107_075909 / lib_ip.py:4505] 
img.20191107_075905.2019-11-06_14-08-54_000.jpg.4.png 3 ---------------------
[20191107_075909 / lib_ip.py:3753] file = img.20191107_075905.2019-11-06_14-08-54_000.jpg.4.png / val_Average = 96.4385	val_Variance = 3.9438	sd = 1.9859	max = 101	min = 88
[20191107_075909 / lib_ip.py:3836] len(Hs) = 8100, len(Ss) = 8100, len(Vs) = 8100
[20191107_075909 / lib_ip.py:3869] yellow : variance --> out of range (variance = 3.944 / upper = 0.650 / lower = 0.000)
[20191107_075909 / lib_ip.py:3753] file = img.20191107_075905.2019-11-06_14-08-54_000.jpg.4.png / val_Average = 96.4385	val_Variance = 3.9438	sd = 1.9859	max = 101	min = 88
[20191107_075910 / lib_ip.py:3936] len(Hs) = 8100, len(Ss) = 8100, len(Vs) = 8100
[20191107_075910 / lib_ip.py:3982] red : variance --> out of range (variance = 3.944 / upper = 0.430 / lower = 0.000)
[20191107_075910 / lib_ip.py:3753] file = img.20191107_075905.2019-11-06_14-08-54_000.jpg.4.png / val_Average = 96.4385	val_Variance = 3.9438	sd = 1.9859	max = 101	min = 88
[20191107_075910 / lib_ip.py:4052] len(Hs) = 8100, len(Ss) = 8100, len(Vs) = 8100
[20191107_075910 / lib_ip.py:4099] green : variance --> out of range (variance = 3.944 / upper = 0.760 / lower = 0.000)
[20191107_075910 / lib_ip.py:3753] file = img.20191107_075905.2019-11-06_14-08-54_000.jpg.4.png / val_Average = 96.4385	val_Variance = 3.9438	sd = 1.9859	max = 101	min = 88
[20191107_075910 / lib_ip.py:4169] len(Hs) = 8100, len(Ss) = 8100, len(Vs) = 8100
[20191107_075910 / lib_ip.py:4208] blue : variance --> out of range (variance = 3.944 / upper = 0.930 / lower = 0.010)
[20191107_075910 / lib_ip.py:3753] file = img.20191107_075905.2019-11-06_14-08-54_000.jpg.4.png / val_Average = 96.4385	val_Variance = 3.9438	sd = 1.9859	max = 101	min = 88
[20191107_075910 / lib_ip.py:4275] len(Hs) = 8100, len(Ss) = 8100, len(Vs) = 8100
[20191107_075910 / lib_ip.py:4314] pink : variance --> out of range (variance = 3.944 / upper = 0.750 / lower = 0.030)
[20191107_075910 / lib_ip.py:3753] file = img.20191107_075905.2019-11-06_14-08-54_000.jpg.4.png / val_Average = 96.4385	val_Variance = 3.9438	sd = 1.9859	max = 101	min = 88
[20191107_075910 / lib_ip.py:4378] len(Hs) = 8100, len(Ss) = 8100, len(Vs) = 8100
[20191107_075910 / lib_ip.py:4422] black : variance --> out of range (variance = 3.944 / upper = 0.000 / lower = 0.000)
[20191107_075910 / lib_ip.py:4593] file : img.20191107_075905.2019-11-06_14-08-54_000.jpg.4.png 3 (black : variance --> out of range (variance = 3.944 / upper = 0.000 / lower = 0.000))
[20191107_075909 / lib_ip.py:2274] inspecting ===> img.20191107_075905.2019-11-06_14-08-54_000.jpg.4.png
img.20191107_075905.2019-11-06_14-08-54_000.jpg.1.png => other
img.20191107_075905.2019-11-06_14-08-54_000.jpg.2.png => other
img.20191107_075905.2019-11-06_14-08-54_000.jpg.3.png => other
img.20191107_075905.2019-11-06_14-08-54_000.jpg.4.png => other
[20191107_075910 lib_ip.py:3301] =============== Get 4 corners
dpath_Images = C:\WORKS_2\WS\WS_Others.Art\JVEMV6\46_art\VIRTUAL\Admin_Projects\ip\images
fname_Image = img.20191107_075905.2019-11-06_14-08-54_000.jpg.4.png

[20191107_075911 / lib_ip.py:2274] inspecting ===> img.20191107_075911.2019-11-06_14-09-10_000.jpg.1.png
[20191107_075911 / lib_ip.py:4505] 
img.20191107_075911.2019-11-06_14-09-10_000.jpg.1.png 0 ---------------------
[20191107_075911 / lib_ip.py:3753] file = img.20191107_075911.2019-11-06_14-09-10_000.jpg.1.png / val_Average = 100.4031	val_Variance = 32.7633	sd = 5.7239	max = 135	min = 84
[20191107_075911 / lib_ip.py:3836] len(Hs) = 8100, len(Ss) = 8100, len(Vs) = 8100
[20191107_075911 / lib_ip.py:3869] yellow : variance --> out of range (variance = 32.763 / upper = 0.650 / lower = 0.000)
[20191107_075912 / lib_ip.py:3753] file = img.20191107_075911.2019-11-06_14-09-10_000.jpg.1.png / val_Average = 100.4031	val_Variance = 32.7633	sd = 5.7239	max = 135	min = 84
[20191107_075912 / lib_ip.py:3936] len(Hs) = 8100, len(Ss) = 8100, len(Vs) = 8100
[20191107_075912 / lib_ip.py:3982] red : variance --> out of range (variance = 32.763 / upper = 0.430 / lower = 0.000)
[20191107_075912 / lib_ip.py:3753] file = img.20191107_075911.2019-11-06_14-09-10_000.jpg.1.png / val_Average = 100.4031	val_Variance = 32.7633	sd = 5.7239	max = 135	min = 84
[20191107_075912 / lib_ip.py:4052] len(Hs) = 8100, len(Ss) = 8100, len(Vs) = 8100
[20191107_075912 / lib_ip.py:4099] green : variance --> out of range (variance = 32.763 / upper = 0.760 / lower = 0.000)
[20191107_075912 / lib_ip.py:3753] file = img.20191107_075911.2019-11-06_14-09-10_000.jpg.1.png / val_Average = 100.4031	val_Variance = 32.7633	sd = 5.7239	max = 135	min = 84
[20191107_075912 / lib_ip.py:4169] len(Hs) = 8100, len(Ss) = 8100, len(Vs) = 8100
[20191107_075912 / lib_ip.py:4208] blue : variance --> out of range (variance = 32.763 / upper = 0.930 / lower = 0.010)
[20191107_075912 / lib_ip.py:3753] file = img.20191107_075911.2019-11-06_14-09-10_000.jpg.1.png / val_Average = 100.4031	val_Variance = 32.7633	sd = 5.7239	max = 135	min = 84
[20191107_075912 / lib_ip.py:4275] len(Hs) = 8100, len(Ss) = 8100, len(Vs) = 8100
[20191107_075912 / lib_ip.py:4314] pink : variance --> out of range (variance = 32.763 / upper = 0.750 / lower = 0.030)
[20191107_075912 / lib_ip.py:3753] file = img.20191107_075911.2019-11-06_14-09-10_000.jpg.1.png / val_Average = 100.4031	val_Variance = 32.7633	sd = 5.7239	max = 135	min = 84
[20191107_075912 / lib_ip.py:4378] len(Hs) = 8100, len(Ss) = 8100, len(Vs) = 8100
[20191107_075912 / lib_ip.py:4422] black : variance --> out of range (variance = 32.763 / upper = 0.000 / lower = 0.000)
[20191107_075912 / lib_ip.py:4593] file : img.20191107_075911.2019-11-06_14-09-10_000.jpg.1.png 0 (black : variance --> out of range (variance = 32.763 / upper = 0.000 / lower = 0.000))
[20191107_075912 / lib_ip.py:2274] inspecting ===> img.20191107_075911.2019-11-06_14-09-10_000.jpg.2.png
[20191107_075912 / lib_ip.py:4505] 
img.20191107_075911.2019-11-06_14-09-10_000.jpg.2.png 1 ---------------------
[20191107_075913 / lib_ip.py:3753] file = img.20191107_075911.2019-11-06_14-09-10_000.jpg.2.png / val_Average = 99.0454	val_Variance = 35.9303	sd = 5.9942	max = 114	min = 83
[20191107_075913 / lib_ip.py:3836] len(Hs) = 8100, len(Ss) = 8100, len(Vs) = 8100
[20191107_075913 / lib_ip.py:3869] yellow : variance --> out of range (variance = 35.930 / upper = 0.650 / lower = 0.000)
[20191107_075913 / lib_ip.py:3753] file = img.20191107_075911.2019-11-06_14-09-10_000.jpg.2.png / val_Average = 99.0454	val_Variance = 35.9303	sd = 5.9942	max = 114	min = 83
[20191107_075913 / lib_ip.py:3936] len(Hs) = 8100, len(Ss) = 8100, len(Vs) = 8100
[20191107_075913 / lib_ip.py:3982] red : variance --> out of range (variance = 35.930 / upper = 0.430 / lower = 0.000)
[20191107_075913 / lib_ip.py:3753] file = img.20191107_075911.2019-11-06_14-09-10_000.jpg.2.png / val_Average = 99.0454	val_Variance = 35.9303	sd = 5.9942	max = 114	min = 83
[20191107_075913 / lib_ip.py:4052] len(Hs) = 8100, len(Ss) = 8100, len(Vs) = 8100
[20191107_075913 / lib_ip.py:4099] green : variance --> out of range (variance = 35.930 / upper = 0.760 / lower = 0.000)
[20191107_075913 / lib_ip.py:3753] file = img.20191107_075911.2019-11-06_14-09-10_000.jpg.2.png / val_Average = 99.0454	val_Variance = 35.9303	sd = 5.9942	max = 114	min = 83
[20191107_075913 / lib_ip.py:4169] len(Hs) = 8100, len(Ss) = 8100, len(Vs) = 8100
[20191107_075913 / lib_ip.py:4208] blue : variance --> out of range (variance = 35.930 / upper = 0.930 / lower = 0.010)
[20191107_075913 / lib_ip.py:3753] file = img.20191107_075911.2019-11-06_14-09-10_000.jpg.2.png / val_Average = 99.0454	val_Variance = 35.9303	sd = 5.9942	max = 114	min = 83
[20191107_075913 / lib_ip.py:4275] len(Hs) = 8100, len(Ss) = 8100, len(Vs) = 8100
[20191107_075913 / lib_ip.py:4314] pink : variance --> out of range (variance = 35.930 / upper = 0.750 / lower = 0.030)
[20191107_075913 / lib_ip.py:3753] file = img.20191107_075911.2019-11-06_14-09-10_000.jpg.2.png / val_Average = 99.0454	val_Variance = 35.9303	sd = 5.9942	max = 114	min = 83
[20191107_075913 / lib_ip.py:4378] len(Hs) = 8100, len(Ss) = 8100, len(Vs) = 8100
[20191107_075914 / lib_ip.py:4422] black : variance --> out of range (variance = 35.930 / upper = 0.000 / lower = 0.000)
[20191107_075914 / lib_ip.py:4593] file : img.20191107_075911.2019-11-06_14-09-10_000.jpg.2.png 1 (black : variance --> out of range (variance = 35.930 / upper = 0.000 / lower = 0.000))
[20191107_075914 / lib_ip.py:2274] inspecting ===> img.20191107_075911.2019-11-06_14-09-10_000.jpg.3.png
[20191107_075914 / lib_ip.py:4505] 
img.20191107_075911.2019-11-06_14-09-10_000.jpg.3.png 2 ---------------------
[20191107_075914 / lib_ip.py:3753] file = img.20191107_075911.2019-11-06_14-09-10_000.jpg.3.png / val_Average = 98.9435	val_Variance = 10.9294	sd = 3.3060	max = 107	min = 85
[20191107_075914 / lib_ip.py:3836] len(Hs) = 8100, len(Ss) = 8100, len(Vs) = 8100
[20191107_075914 / lib_ip.py:3869] yellow : variance --> out of range (variance = 10.929 / upper = 0.650 / lower = 0.000)
[20191107_075914 / lib_ip.py:3753] file = img.20191107_075911.2019-11-06_14-09-10_000.jpg.3.png / val_Average = 98.9435	val_Variance = 10.9294	sd = 3.3060	max = 107	min = 85
[20191107_075914 / lib_ip.py:3936] len(Hs) = 8100, len(Ss) = 8100, len(Vs) = 8100
[20191107_075914 / lib_ip.py:3982] red : variance --> out of range (variance = 10.929 / upper = 0.430 / lower = 0.000)
[20191107_075914 / lib_ip.py:3753] file = img.20191107_075911.2019-11-06_14-09-10_000.jpg.3.png / val_Average = 98.9435	val_Variance = 10.9294	sd = 3.3060	max = 107	min = 85
[20191107_075914 / lib_ip.py:4052] len(Hs) = 8100, len(Ss) = 8100, len(Vs) = 8100
[20191107_075914 / lib_ip.py:4099] green : variance --> out of range (variance = 10.929 / upper = 0.760 / lower = 0.000)
[20191107_075914 / lib_ip.py:3753] file = img.20191107_075911.2019-11-06_14-09-10_000.jpg.3.png / val_Average = 98.9435	val_Variance = 10.9294	sd = 3.3060	max = 107	min = 85
[20191107_075914 / lib_ip.py:4169] len(Hs) = 8100, len(Ss) = 8100, len(Vs) = 8100
[20191107_075915 / lib_ip.py:4208] blue : variance --> out of range (variance = 10.929 / upper = 0.930 / lower = 0.010)
[20191107_075915 / lib_ip.py:3753] file = img.20191107_075911.2019-11-06_14-09-10_000.jpg.3.png / val_Average = 98.9435	val_Variance = 10.9294	sd = 3.3060	max = 107	min = 85
[20191107_075915 / lib_ip.py:4275] len(Hs) = 8100, len(Ss) = 8100, len(Vs) = 8100
[20191107_075915 / lib_ip.py:4314] pink : variance --> out of range (variance = 10.929 / upper = 0.750 / lower = 0.030)
[20191107_075915 / lib_ip.py:3753] file = img.20191107_075911.2019-11-06_14-09-10_000.jpg.3.png / val_Average = 98.9435	val_Variance = 10.9294	sd = 3.3060	max = 107	min = 85
[20191107_075915 / lib_ip.py:4378] len(Hs) = 8100, len(Ss) = 8100, len(Vs) = 8100
[20191107_075915 / lib_ip.py:4422] black : variance --> out of range (variance = 10.929 / upper = 0.000 / lower = 0.000)
[20191107_075915 / lib_ip.py:4593] file : img.20191107_075911.2019-11-06_14-09-10_000.jpg.3.png 2 (black : variance --> out of range (variance = 10.929 / upper = 0.000 / lower = 0.000))
[20191107_075915 / lib_ip.py:2274] inspecting ===> img.20191107_075911.2019-11-06_14-09-10_000.jpg.4.png
[20191107_075915 / lib_ip.py:4505] 
img.20191107_075911.2019-11-06_14-09-10_000.jpg.4.png 3 ---------------------
[20191107_075915 / lib_ip.py:3753] file = img.20191107_075911.2019-11-06_14-09-10_000.jpg.4.png / val_Average = 100.0238	val_Variance = 1.3396	sd = 1.1574	max = 104	min = 96
[20191107_075915 / lib_ip.py:3836] len(Hs) = 8100, len(Ss) = 8100, len(Vs) = 8100
[20191107_075915 / lib_ip.py:3869] yellow : variance --> out of range (variance = 1.340 / upper = 0.650 / lower = 0.000)
[20191107_075915 / lib_ip.py:3753] file = img.20191107_075911.2019-11-06_14-09-10_000.jpg.4.png / val_Average = 100.0238	val_Variance = 1.3396	sd = 1.1574	max = 104	min = 96
[20191107_075916 / lib_ip.py:3936] len(Hs) = 8100, len(Ss) = 8100, len(Vs) = 8100
[20191107_075916 / lib_ip.py:3982] red : variance --> out of range (variance = 1.340 / upper = 0.430 / lower = 0.000)
[20191107_075916 / lib_ip.py:3753] file = img.20191107_075911.2019-11-06_14-09-10_000.jpg.4.png / val_Average = 100.0238	val_Variance = 1.3396	sd = 1.1574	max = 104	min = 96
[20191107_075916 / lib_ip.py:4052] len(Hs) = 8100, len(Ss) = 8100, len(Vs) = 8100
[20191107_075916 / lib_ip.py:4099] green : variance --> out of range (variance = 1.340 / upper = 0.760 / lower = 0.000)
[20191107_075916 / lib_ip.py:3753] file = img.20191107_075911.2019-11-06_14-09-10_000.jpg.4.png / val_Average = 100.0238	val_Variance = 1.3396	sd = 1.1574	max = 104	min = 96
[20191107_075916 / lib_ip.py:4169] len(Hs) = 8100, len(Ss) = 8100, len(Vs) = 8100
[20191107_075916 / lib_ip.py:4208] blue : variance --> out of range (variance = 1.340 / upper = 0.930 / lower = 0.010)
[20191107_075916 / lib_ip.py:3753] file = img.20191107_075911.2019-11-06_14-09-10_000.jpg.4.png / val_Average = 100.0238	val_Variance = 1.3396	sd = 1.1574	max = 104	min = 96
[20191107_075916 / lib_ip.py:4275] len(Hs) = 8100, len(Ss) = 8100, len(Vs) = 8100
[20191107_075916 / lib_ip.py:4314] pink : variance --> out of range (variance = 1.340 / upper = 0.750 / lower = 0.030)
[20191107_075916 / lib_ip.py:3753] file = img.20191107_075911.2019-11-06_14-09-10_000.jpg.4.png / val_Average = 100.0238	val_Variance = 1.3396	sd = 1.1574	max = 104	min = 96
[20191107_075916 / lib_ip.py:4378] len(Hs) = 8100, len(Ss) = 8100, len(Vs) = 8100
[20191107_075916 / lib_ip.py:4422] black : variance --> out of range (variance = 1.340 / upper = 0.000 / lower = 0.000)
[20191107_075916 / lib_ip.py:4593] file : img.20191107_075911.2019-11-06_14-09-10_000.jpg.4.png 3 (black : variance --> out of range (variance = 1.340 / upper = 0.000 / lower = 0.000))
[20191107_075915 / lib_ip.py:2274] inspecting ===> img.20191107_075911.2019-11-06_14-09-10_000.jpg.4.png
img.20191107_075911.2019-11-06_14-09-10_000.jpg.1.png => other
img.20191107_075911.2019-11-06_14-09-10_000.jpg.2.png => other
img.20191107_075911.2019-11-06_14-09-10_000.jpg.3.png => other
img.20191107_075911.2019-11-06_14-09-10_000.jpg.4.png => other
[20191107_075916 lib_ip.py:3301] =============== Get 4 corners
dpath_Images = C:\WORKS_2\WS\WS_Others.Art\JVEMV6\46_art\VIRTUAL\Admin_Projects\ip\images
fname_Image = img.20191107_075911.2019-11-06_14-09-10_000.jpg.4.png

[20191107_075917 / lib_ip.py:2274] inspecting ===> img.20191107_075917.2019-11-06_15-54-21_000.jpg.1.png
[20191107_075917 / lib_ip.py:4505] 
img.20191107_075917.2019-11-06_15-54-21_000.jpg.1.png 0 ---------------------
[20191107_075917 / lib_ip.py:3753] file = img.20191107_075917.2019-11-06_15-54-21_000.jpg.1.png / val_Average = 101.6027	val_Variance = 2.2014	sd = 1.4837	max = 107	min = 98
[20191107_075917 / lib_ip.py:3836] len(Hs) = 8100, len(Ss) = 8100, len(Vs) = 8100
[20191107_075917 / lib_ip.py:3869] yellow : variance --> out of range (variance = 2.201 / upper = 0.650 / lower = 0.000)
[20191107_075917 / lib_ip.py:3753] file = img.20191107_075917.2019-11-06_15-54-21_000.jpg.1.png / val_Average = 101.6027	val_Variance = 2.2014	sd = 1.4837	max = 107	min = 98
[20191107_075918 / lib_ip.py:3936] len(Hs) = 8100, len(Ss) = 8100, len(Vs) = 8100
[20191107_075918 / lib_ip.py:3982] red : variance --> out of range (variance = 2.201 / upper = 0.430 / lower = 0.000)
[20191107_075918 / lib_ip.py:3753] file = img.20191107_075917.2019-11-06_15-54-21_000.jpg.1.png / val_Average = 101.6027	val_Variance = 2.2014	sd = 1.4837	max = 107	min = 98
[20191107_075918 / lib_ip.py:4052] len(Hs) = 8100, len(Ss) = 8100, len(Vs) = 8100
[20191107_075918 / lib_ip.py:4099] green : variance --> out of range (variance = 2.201 / upper = 0.760 / lower = 0.000)
[20191107_075918 / lib_ip.py:3753] file = img.20191107_075917.2019-11-06_15-54-21_000.jpg.1.png / val_Average = 101.6027	val_Variance = 2.2014	sd = 1.4837	max = 107	min = 98
[20191107_075918 / lib_ip.py:4169] len(Hs) = 8100, len(Ss) = 8100, len(Vs) = 8100
[20191107_075918 / lib_ip.py:4208] blue : variance --> out of range (variance = 2.201 / upper = 0.930 / lower = 0.010)
[20191107_075918 / lib_ip.py:3753] file = img.20191107_075917.2019-11-06_15-54-21_000.jpg.1.png / val_Average = 101.6027	val_Variance = 2.2014	sd = 1.4837	max = 107	min = 98
[20191107_075918 / lib_ip.py:4275] len(Hs) = 8100, len(Ss) = 8100, len(Vs) = 8100
[20191107_075918 / lib_ip.py:4314] pink : variance --> out of range (variance = 2.201 / upper = 0.750 / lower = 0.030)
[20191107_075918 / lib_ip.py:3753] file = img.20191107_075917.2019-11-06_15-54-21_000.jpg.1.png / val_Average = 101.6027	val_Variance = 2.2014	sd = 1.4837	max = 107	min = 98
[20191107_075918 / lib_ip.py:4378] len(Hs) = 8100, len(Ss) = 8100, len(Vs) = 8100
[20191107_075918 / lib_ip.py:4422] black : variance --> out of range (variance = 2.201 / upper = 0.000 / lower = 0.000)
[20191107_075918 / lib_ip.py:4593] file : img.20191107_075917.2019-11-06_15-54-21_000.jpg.1.png 0 (black : variance --> out of range (variance = 2.201 / upper = 0.000 / lower = 0.000))
[20191107_075918 / lib_ip.py:2274] inspecting ===> img.20191107_075917.2019-11-06_15-54-21_000.jpg.2.png
[20191107_075919 / lib_ip.py:4505] 
img.20191107_075917.2019-11-06_15-54-21_000.jpg.2.png 1 ---------------------
[20191107_075919 / lib_ip.py:3753] file = img.20191107_075917.2019-11-06_15-54-21_000.jpg.2.png / val_Average = 105.2931	val_Variance = 3.2121	sd = 1.7922	max = 111	min = 100
[20191107_075919 / lib_ip.py:3836] len(Hs) = 8100, len(Ss) = 8100, len(Vs) = 8100
[20191107_075919 / lib_ip.py:3869] yellow : variance --> out of range (variance = 3.212 / upper = 0.650 / lower = 0.000)
[20191107_075919 / lib_ip.py:3753] file = img.20191107_075917.2019-11-06_15-54-21_000.jpg.2.png / val_Average = 105.2931	val_Variance = 3.2121	sd = 1.7922	max = 111	min = 100
[20191107_075919 / lib_ip.py:3936] len(Hs) = 8100, len(Ss) = 8100, len(Vs) = 8100
[20191107_075919 / lib_ip.py:3982] red : variance --> out of range (variance = 3.212 / upper = 0.430 / lower = 0.000)
[20191107_075919 / lib_ip.py:3753] file = img.20191107_075917.2019-11-06_15-54-21_000.jpg.2.png / val_Average = 105.2931	val_Variance = 3.2121	sd = 1.7922	max = 111	min = 100
[20191107_075919 / lib_ip.py:4052] len(Hs) = 8100, len(Ss) = 8100, len(Vs) = 8100
[20191107_075919 / lib_ip.py:4099] green : variance --> out of range (variance = 3.212 / upper = 0.760 / lower = 0.000)
[20191107_075919 / lib_ip.py:3753] file = img.20191107_075917.2019-11-06_15-54-21_000.jpg.2.png / val_Average = 105.2931	val_Variance = 3.2121	sd = 1.7922	max = 111	min = 100
[20191107_075919 / lib_ip.py:4169] len(Hs) = 8100, len(Ss) = 8100, len(Vs) = 8100
[20191107_075919 / lib_ip.py:4208] blue : variance --> out of range (variance = 3.212 / upper = 0.930 / lower = 0.010)
[20191107_075919 / lib_ip.py:3753] file = img.20191107_075917.2019-11-06_15-54-21_000.jpg.2.png / val_Average = 105.2931	val_Variance = 3.2121	sd = 1.7922	max = 111	min = 100
[20191107_075919 / lib_ip.py:4275] len(Hs) = 8100, len(Ss) = 8100, len(Vs) = 8100
[20191107_075919 / lib_ip.py:4314] pink : variance --> out of range (variance = 3.212 / upper = 0.750 / lower = 0.030)
[20191107_075920 / lib_ip.py:3753] file = img.20191107_075917.2019-11-06_15-54-21_000.jpg.2.png / val_Average = 105.2931	val_Variance = 3.2121	sd = 1.7922	max = 111	min = 100
[20191107_075920 / lib_ip.py:4378] len(Hs) = 8100, len(Ss) = 8100, len(Vs) = 8100
[20191107_075920 / lib_ip.py:4422] black : variance --> out of range (variance = 3.212 / upper = 0.000 / lower = 0.000)
[20191107_075920 / lib_ip.py:4593] file : img.20191107_075917.2019-11-06_15-54-21_000.jpg.2.png 1 (black : variance --> out of range (variance = 3.212 / upper = 0.000 / lower = 0.000))
[20191107_075920 / lib_ip.py:2274] inspecting ===> img.20191107_075917.2019-11-06_15-54-21_000.jpg.3.png
[20191107_075920 / lib_ip.py:4505] 
img.20191107_075917.2019-11-06_15-54-21_000.jpg.3.png 2 ---------------------
[20191107_075920 / lib_ip.py:3753] file = img.20191107_075917.2019-11-06_15-54-21_000.jpg.3.png / val_Average = 78.7151	val_Variance = 0.2623	sd = 0.5121	max = 80	min = 78
[20191107_075920 / lib_ip.py:3836] len(Hs) = 8100, len(Ss) = 8100, len(Vs) = 8100
[20191107_075920 / lib_ip.py:3891] yellow : average --> out of range (average = 78.715 / upper = 99.200 / lower = 85.500)
[20191107_075920 / lib_ip.py:3753] file = img.20191107_075917.2019-11-06_15-54-21_000.jpg.3.png / val_Average = 78.7151	val_Variance = 0.2623	sd = 0.5121	max = 80	min = 78
[20191107_075920 / lib_ip.py:3936] len(Hs) = 8100, len(Ss) = 8100, len(Vs) = 8100
[20191107_075920 / lib_ip.py:4007] red : average --> out of range (average = 78.715 / upper = 124.600 / lower = 115.000)
[20191107_075920 / lib_ip.py:3753] file = img.20191107_075917.2019-11-06_15-54-21_000.jpg.3.png / val_Average = 78.7151	val_Variance = 0.2623	sd = 0.5121	max = 80	min = 78
[20191107_075920 / lib_ip.py:4052] len(Hs) = 8100, len(Ss) = 8100, len(Vs) = 8100
[20191107_075921 / lib_ip.py:2274] inspecting ===> img.20191107_075917.2019-11-06_15-54-21_000.jpg.4.png
[20191107_075921 / lib_ip.py:4505] 
img.20191107_075917.2019-11-06_15-54-21_000.jpg.4.png 3 ---------------------
[20191107_075921 / lib_ip.py:3753] file = img.20191107_075917.2019-11-06_15-54-21_000.jpg.4.png / val_Average = 122.0267	val_Variance = 0.1032	sd = 0.3213	max = 123	min = 121
[20191107_075921 / lib_ip.py:3836] len(Hs) = 8100, len(Ss) = 8100, len(Vs) = 8100
[20191107_075921 / lib_ip.py:3891] yellow : average --> out of range (average = 122.027 / upper = 99.200 / lower = 85.500)
[20191107_075921 / lib_ip.py:3753] file = img.20191107_075917.2019-11-06_15-54-21_000.jpg.4.png / val_Average = 122.0267	val_Variance = 0.1032	sd = 0.3213	max = 123	min = 121
[20191107_075921 / lib_ip.py:3936] len(Hs) = 8100, len(Ss) = 8100, len(Vs) = 8100
[20191107_075921 / lib_ip.py:2274] inspecting ===> img.20191107_075917.2019-11-06_15-54-21_000.jpg.4.png
img.20191107_075917.2019-11-06_15-54-21_000.jpg.1.png => other
img.20191107_075917.2019-11-06_15-54-21_000.jpg.2.png => other
img.20191107_075917.2019-11-06_15-54-21_000.jpg.3.png => other
img.20191107_075917.2019-11-06_15-54-21_000.jpg.4.png => other
[20191107_075921 lib_ip.py:3301] =============== Get 4 corners
dpath_Images = C:\WORKS_2\WS\WS_Others.Art\JVEMV6\46_art\VIRTUAL\Admin_Projects\ip\images
fname_Image = img.20191107_075917.2019-11-06_15-54-21_000.jpg.4.png

[20191107_075922 / lib_ip.py:2274] inspecting ===> img.20191107_075922.2019-11-06_15-54-40_000.jpg.1.png
[20191107_075922 / lib_ip.py:4505] 
img.20191107_075922.2019-11-06_15-54-40_000.jpg.1.png 0 ---------------------
[20191107_075922 / lib_ip.py:3753] file = img.20191107_075922.2019-11-06_15-54-40_000.jpg.1.png / val_Average = 103.3520	val_Variance = 2.8192	sd = 1.6790	max = 111	min = 100
[20191107_075922 / lib_ip.py:3836] len(Hs) = 8100, len(Ss) = 8100, len(Vs) = 8100
[20191107_075922 / lib_ip.py:3869] yellow : variance --> out of range (variance = 2.819 / upper = 0.650 / lower = 0.000)
[20191107_075922 / lib_ip.py:3753] file = img.20191107_075922.2019-11-06_15-54-40_000.jpg.1.png / val_Average = 103.3520	val_Variance = 2.8192	sd = 1.6790	max = 111	min = 100
[20191107_075922 / lib_ip.py:3936] len(Hs) = 8100, len(Ss) = 8100, len(Vs) = 8100
[20191107_075922 / lib_ip.py:3982] red : variance --> out of range (variance = 2.819 / upper = 0.430 / lower = 0.000)
[20191107_075923 / lib_ip.py:3753] file = img.20191107_075922.2019-11-06_15-54-40_000.jpg.1.png / val_Average = 103.3520	val_Variance = 2.8192	sd = 1.6790	max = 111	min = 100
[20191107_075923 / lib_ip.py:4052] len(Hs) = 8100, len(Ss) = 8100, len(Vs) = 8100
[20191107_075923 / lib_ip.py:4099] green : variance --> out of range (variance = 2.819 / upper = 0.760 / lower = 0.000)
[20191107_075923 / lib_ip.py:3753] file = img.20191107_075922.2019-11-06_15-54-40_000.jpg.1.png / val_Average = 103.3520	val_Variance = 2.8192	sd = 1.6790	max = 111	min = 100
[20191107_075923 / lib_ip.py:4169] len(Hs) = 8100, len(Ss) = 8100, len(Vs) = 8100
[20191107_075923 / lib_ip.py:4208] blue : variance --> out of range (variance = 2.819 / upper = 0.930 / lower = 0.010)
[20191107_075923 / lib_ip.py:3753] file = img.20191107_075922.2019-11-06_15-54-40_000.jpg.1.png / val_Average = 103.3520	val_Variance = 2.8192	sd = 1.6790	max = 111	min = 100
[20191107_075923 / lib_ip.py:4275] len(Hs) = 8100, len(Ss) = 8100, len(Vs) = 8100
[20191107_075923 / lib_ip.py:4314] pink : variance --> out of range (variance = 2.819 / upper = 0.750 / lower = 0.030)
[20191107_075923 / lib_ip.py:3753] file = img.20191107_075922.2019-11-06_15-54-40_000.jpg.1.png / val_Average = 103.3520	val_Variance = 2.8192	sd = 1.6790	max = 111	min = 100
[20191107_075923 / lib_ip.py:4378] len(Hs) = 8100, len(Ss) = 8100, len(Vs) = 8100
[20191107_075923 / lib_ip.py:4422] black : variance --> out of range (variance = 2.819 / upper = 0.000 / lower = 0.000)
[20191107_075923 / lib_ip.py:4593] file : img.20191107_075922.2019-11-06_15-54-40_000.jpg.1.png 0 (black : variance --> out of range (variance = 2.819 / upper = 0.000 / lower = 0.000))
[20191107_075923 / lib_ip.py:2274] inspecting ===> img.20191107_075922.2019-11-06_15-54-40_000.jpg.2.png
[20191107_075924 / lib_ip.py:4505] 
img.20191107_075922.2019-11-06_15-54-40_000.jpg.2.png 1 ---------------------
[20191107_075924 / lib_ip.py:3753] file = img.20191107_075922.2019-11-06_15-54-40_000.jpg.2.png / val_Average = 107.6926	val_Variance = 2.8882	sd = 1.6995	max = 115	min = 102
[20191107_075924 / lib_ip.py:3836] len(Hs) = 8100, len(Ss) = 8100, len(Vs) = 8100
[20191107_075924 / lib_ip.py:3869] yellow : variance --> out of range (variance = 2.888 / upper = 0.650 / lower = 0.000)
[20191107_075924 / lib_ip.py:3753] file = img.20191107_075922.2019-11-06_15-54-40_000.jpg.2.png / val_Average = 107.6926	val_Variance = 2.8882	sd = 1.6995	max = 115	min = 102
[20191107_075924 / lib_ip.py:3936] len(Hs) = 8100, len(Ss) = 8100, len(Vs) = 8100
[20191107_075924 / lib_ip.py:3982] red : variance --> out of range (variance = 2.888 / upper = 0.430 / lower = 0.000)
[20191107_075924 / lib_ip.py:3753] file = img.20191107_075922.2019-11-06_15-54-40_000.jpg.2.png / val_Average = 107.6926	val_Variance = 2.8882	sd = 1.6995	max = 115	min = 102
[20191107_075924 / lib_ip.py:4052] len(Hs) = 8100, len(Ss) = 8100, len(Vs) = 8100
[20191107_075924 / lib_ip.py:4099] green : variance --> out of range (variance = 2.888 / upper = 0.760 / lower = 0.000)
[20191107_075924 / lib_ip.py:3753] file = img.20191107_075922.2019-11-06_15-54-40_000.jpg.2.png / val_Average = 107.6926	val_Variance = 2.8882	sd = 1.6995	max = 115	min = 102
[20191107_075924 / lib_ip.py:4169] len(Hs) = 8100, len(Ss) = 8100, len(Vs) = 8100
[20191107_075924 / lib_ip.py:4208] blue : variance --> out of range (variance = 2.888 / upper = 0.930 / lower = 0.010)
[20191107_075924 / lib_ip.py:3753] file = img.20191107_075922.2019-11-06_15-54-40_000.jpg.2.png / val_Average = 107.6926	val_Variance = 2.8882	sd = 1.6995	max = 115	min = 102
[20191107_075924 / lib_ip.py:4275] len(Hs) = 8100, len(Ss) = 8100, len(Vs) = 8100
[20191107_075924 / lib_ip.py:4314] pink : variance --> out of range (variance = 2.888 / upper = 0.750 / lower = 0.030)
[20191107_075924 / lib_ip.py:3753] file = img.20191107_075922.2019-11-06_15-54-40_000.jpg.2.png / val_Average = 107.6926	val_Variance = 2.8882	sd = 1.6995	max = 115	min = 102
[20191107_075924 / lib_ip.py:4378] len(Hs) = 8100, len(Ss) = 8100, len(Vs) = 8100
[20191107_075924 / lib_ip.py:4422] black : variance --> out of range (variance = 2.888 / upper = 0.000 / lower = 0.000)
[20191107_075925 / lib_ip.py:4593] file : img.20191107_075922.2019-11-06_15-54-40_000.jpg.2.png 1 (black : variance --> out of range (variance = 2.888 / upper = 0.000 / lower = 0.000))
[20191107_075925 / lib_ip.py:2274] inspecting ===> img.20191107_075922.2019-11-06_15-54-40_000.jpg.3.png
[20191107_075925 / lib_ip.py:4505] 
img.20191107_075922.2019-11-06_15-54-40_000.jpg.3.png 2 ---------------------
[20191107_075925 / lib_ip.py:3753] file = img.20191107_075922.2019-11-06_15-54-40_000.jpg.3.png / val_Average = 78.8007	val_Variance = 0.3682	sd = 0.6068	max = 80	min = 78
[20191107_075925 / lib_ip.py:3836] len(Hs) = 8100, len(Ss) = 8100, len(Vs) = 8100
[20191107_075925 / lib_ip.py:3891] yellow : average --> out of range (average = 78.801 / upper = 99.200 / lower = 85.500)
[20191107_075925 / lib_ip.py:3753] file = img.20191107_075922.2019-11-06_15-54-40_000.jpg.3.png / val_Average = 78.8007	val_Variance = 0.3682	sd = 0.6068	max = 80	min = 78
[20191107_075925 / lib_ip.py:3936] len(Hs) = 8100, len(Ss) = 8100, len(Vs) = 8100
[20191107_075925 / lib_ip.py:4007] red : average --> out of range (average = 78.801 / upper = 124.600 / lower = 115.000)
[20191107_075925 / lib_ip.py:3753] file = img.20191107_075922.2019-11-06_15-54-40_000.jpg.3.png / val_Average = 78.8007	val_Variance = 0.3682	sd = 0.6068	max = 80	min = 78
[20191107_075925 / lib_ip.py:4052] len(Hs) = 8100, len(Ss) = 8100, len(Vs) = 8100
[20191107_075925 / lib_ip.py:2274] inspecting ===> img.20191107_075922.2019-11-06_15-54-40_000.jpg.4.png
[20191107_075926 / lib_ip.py:4505] 
img.20191107_075922.2019-11-06_15-54-40_000.jpg.4.png 3 ---------------------
[20191107_075926 / lib_ip.py:3753] file = img.20191107_075922.2019-11-06_15-54-40_000.jpg.4.png / val_Average = 121.4185	val_Variance = 0.2881	sd = 0.5367	max = 123	min = 120
[20191107_075926 / lib_ip.py:3836] len(Hs) = 8100, len(Ss) = 8100, len(Vs) = 8100
[20191107_075926 / lib_ip.py:3891] yellow : average --> out of range (average = 121.419 / upper = 99.200 / lower = 85.500)
[20191107_075926 / lib_ip.py:3753] file = img.20191107_075922.2019-11-06_15-54-40_000.jpg.4.png / val_Average = 121.4185	val_Variance = 0.2881	sd = 0.5367	max = 123	min = 120
[20191107_075926 / lib_ip.py:3936] len(Hs) = 8100, len(Ss) = 8100, len(Vs) = 8100
[20191107_075925 / lib_ip.py:2274] inspecting ===> img.20191107_075922.2019-11-06_15-54-40_000.jpg.4.png
img.20191107_075922.2019-11-06_15-54-40_000.jpg.1.png => other
img.20191107_075922.2019-11-06_15-54-40_000.jpg.2.png => other
img.20191107_075922.2019-11-06_15-54-40_000.jpg.3.png => other
img.20191107_075922.2019-11-06_15-54-40_000.jpg.4.png => other
[20191107_075926 lib_ip.py:3301] =============== Get 4 corners
dpath_Images = C:\WORKS_2\WS\WS_Others.Art\JVEMV6\46_art\VIRTUAL\Admin_Projects\ip\images
fname_Image = img.20191107_075922.2019-11-06_15-54-40_000.jpg.4.png

[20191107_075927 / lib_ip.py:2274] inspecting ===> img.20191107_075926.2019-11-06_18-25-04_000.jpg.1.png
[20191107_075927 / lib_ip.py:4505] 
img.20191107_075926.2019-11-06_18-25-04_000.jpg.1.png 0 ---------------------
[20191107_075927 / lib_ip.py:3753] file = img.20191107_075926.2019-11-06_18-25-04_000.jpg.1.png / val_Average = 100.8911	val_Variance = 1037.9222	sd = 32.2168	max = 178	min = 0
[20191107_075927 / lib_ip.py:3836] len(Hs) = 8100, len(Ss) = 8100, len(Vs) = 8100
[20191107_075927 / lib_ip.py:3869] yellow : variance --> out of range (variance = 1037.922 / upper = 0.650 / lower = 0.000)
[20191107_075927 / lib_ip.py:3753] file = img.20191107_075926.2019-11-06_18-25-04_000.jpg.1.png / val_Average = 100.8911	val_Variance = 1037.9222	sd = 32.2168	max = 178	min = 0
[20191107_075927 / lib_ip.py:3936] len(Hs) = 8100, len(Ss) = 8100, len(Vs) = 8100
[20191107_075927 / lib_ip.py:3982] red : variance --> out of range (variance = 1037.922 / upper = 0.430 / lower = 0.000)
[20191107_075927 / lib_ip.py:3753] file = img.20191107_075926.2019-11-06_18-25-04_000.jpg.1.png / val_Average = 100.8911	val_Variance = 1037.9222	sd = 32.2168	max = 178	min = 0
[20191107_075927 / lib_ip.py:4052] len(Hs) = 8100, len(Ss) = 8100, len(Vs) = 8100
[20191107_075927 / lib_ip.py:4099] green : variance --> out of range (variance = 1037.922 / upper = 0.760 / lower = 0.000)
[20191107_075927 / lib_ip.py:3753] file = img.20191107_075926.2019-11-06_18-25-04_000.jpg.1.png / val_Average = 100.8911	val_Variance = 1037.9222	sd = 32.2168	max = 178	min = 0
[20191107_075927 / lib_ip.py:4169] len(Hs) = 8100, len(Ss) = 8100, len(Vs) = 8100
[20191107_075928 / lib_ip.py:4208] blue : variance --> out of range (variance = 1037.922 / upper = 0.930 / lower = 0.010)
[20191107_075928 / lib_ip.py:3753] file = img.20191107_075926.2019-11-06_18-25-04_000.jpg.1.png / val_Average = 100.8911	val_Variance = 1037.9222	sd = 32.2168	max = 178	min = 0
[20191107_075928 / lib_ip.py:4275] len(Hs) = 8100, len(Ss) = 8100, len(Vs) = 8100
[20191107_075928 / lib_ip.py:4314] pink : variance --> out of range (variance = 1037.922 / upper = 0.750 / lower = 0.030)
[20191107_075928 / lib_ip.py:3753] file = img.20191107_075926.2019-11-06_18-25-04_000.jpg.1.png / val_Average = 100.8911	val_Variance = 1037.9222	sd = 32.2168	max = 178	min = 0
[20191107_075928 / lib_ip.py:4378] len(Hs) = 8100, len(Ss) = 8100, len(Vs) = 8100
[20191107_075928 / lib_ip.py:4422] black : variance --> out of range (variance = 1037.922 / upper = 0.000 / lower = 0.000)
[20191107_075928 / lib_ip.py:4593] file : img.20191107_075926.2019-11-06_18-25-04_000.jpg.1.png 0 (black : variance --> out of range (variance = 1037.922 / upper = 0.000 / lower = 0.000))
[20191107_075928 / lib_ip.py:2274] inspecting ===> img.20191107_075926.2019-11-06_18-25-04_000.jpg.2.png
[20191107_075928 / lib_ip.py:4505] 
img.20191107_075926.2019-11-06_18-25-04_000.jpg.2.png 1 ---------------------
[20191107_075928 / lib_ip.py:3753] file = img.20191107_075926.2019-11-06_18-25-04_000.jpg.2.png / val_Average = 106.3390	val_Variance = 112.3522	sd = 10.5996	max = 174	min = 0
[20191107_075928 / lib_ip.py:3836] len(Hs) = 8100, len(Ss) = 8100, len(Vs) = 8100
[20191107_075929 / lib_ip.py:3869] yellow : variance --> out of range (variance = 112.352 / upper = 0.650 / lower = 0.000)
[20191107_075929 / lib_ip.py:3753] file = img.20191107_075926.2019-11-06_18-25-04_000.jpg.2.png / val_Average = 106.3390	val_Variance = 112.3522	sd = 10.5996	max = 174	min = 0
[20191107_075929 / lib_ip.py:3936] len(Hs) = 8100, len(Ss) = 8100, len(Vs) = 8100
[20191107_075929 / lib_ip.py:3982] red : variance --> out of range (variance = 112.352 / upper = 0.430 / lower = 0.000)
[20191107_075929 / lib_ip.py:3753] file = img.20191107_075926.2019-11-06_18-25-04_000.jpg.2.png / val_Average = 106.3390	val_Variance = 112.3522	sd = 10.5996	max = 174	min = 0
[20191107_075929 / lib_ip.py:4052] len(Hs) = 8100, len(Ss) = 8100, len(Vs) = 8100
[20191107_075929 / lib_ip.py:4099] green : variance --> out of range (variance = 112.352 / upper = 0.760 / lower = 0.000)
[20191107_075929 / lib_ip.py:3753] file = img.20191107_075926.2019-11-06_18-25-04_000.jpg.2.png / val_Average = 106.3390	val_Variance = 112.3522	sd = 10.5996	max = 174	min = 0
[20191107_075929 / lib_ip.py:4169] len(Hs) = 8100, len(Ss) = 8100, len(Vs) = 8100
[20191107_075929 / lib_ip.py:4208] blue : variance --> out of range (variance = 112.352 / upper = 0.930 / lower = 0.010)
[20191107_075929 / lib_ip.py:3753] file = img.20191107_075926.2019-11-06_18-25-04_000.jpg.2.png / val_Average = 106.3390	val_Variance = 112.3522	sd = 10.5996	max = 174	min = 0
[20191107_075929 / lib_ip.py:4275] len(Hs) = 8100, len(Ss) = 8100, len(Vs) = 8100
[20191107_075929 / lib_ip.py:4314] pink : variance --> out of range (variance = 112.352 / upper = 0.750 / lower = 0.030)
[20191107_075929 / lib_ip.py:3753] file = img.20191107_075926.2019-11-06_18-25-04_000.jpg.2.png / val_Average = 106.3390	val_Variance = 112.3522	sd = 10.5996	max = 174	min = 0
[20191107_075929 / lib_ip.py:4378] len(Hs) = 8100, len(Ss) = 8100, len(Vs) = 8100
[20191107_075929 / lib_ip.py:4422] black : variance --> out of range (variance = 112.352 / upper = 0.000 / lower = 0.000)
[20191107_075929 / lib_ip.py:4593] file : img.20191107_075926.2019-11-06_18-25-04_000.jpg.2.png 1 (black : variance --> out of range (variance = 112.352 / upper = 0.000 / lower = 0.000))
[20191107_075929 / lib_ip.py:2274] inspecting ===> img.20191107_075926.2019-11-06_18-25-04_000.jpg.3.png
[20191107_075930 / lib_ip.py:4505] 
img.20191107_075926.2019-11-06_18-25-04_000.jpg.3.png 2 ---------------------
[20191107_075930 / lib_ip.py:3753] file = img.20191107_075926.2019-11-06_18-25-04_000.jpg.3.png / val_Average = 109.6851	val_Variance = 5.7624	sd = 2.4005	max = 136	min = 104
[20191107_075930 / lib_ip.py:3836] len(Hs) = 8100, len(Ss) = 8100, len(Vs) = 8100
[20191107_075930 / lib_ip.py:3869] yellow : variance --> out of range (variance = 5.762 / upper = 0.650 / lower = 0.000)
[20191107_075930 / lib_ip.py:3753] file = img.20191107_075926.2019-11-06_18-25-04_000.jpg.3.png / val_Average = 109.6851	val_Variance = 5.7624	sd = 2.4005	max = 136	min = 104
[20191107_075930 / lib_ip.py:3936] len(Hs) = 8100, len(Ss) = 8100, len(Vs) = 8100
[20191107_075930 / lib_ip.py:3982] red : variance --> out of range (variance = 5.762 / upper = 0.430 / lower = 0.000)
[20191107_075930 / lib_ip.py:3753] file = img.20191107_075926.2019-11-06_18-25-04_000.jpg.3.png / val_Average = 109.6851	val_Variance = 5.7624	sd = 2.4005	max = 136	min = 104
[20191107_075930 / lib_ip.py:4052] len(Hs) = 8100, len(Ss) = 8100, len(Vs) = 8100
[20191107_075930 / lib_ip.py:4099] green : variance --> out of range (variance = 5.762 / upper = 0.760 / lower = 0.000)
[20191107_075930 / lib_ip.py:3753] file = img.20191107_075926.2019-11-06_18-25-04_000.jpg.3.png / val_Average = 109.6851	val_Variance = 5.7624	sd = 2.4005	max = 136	min = 104
[20191107_075930 / lib_ip.py:4169] len(Hs) = 8100, len(Ss) = 8100, len(Vs) = 8100
[20191107_075930 / lib_ip.py:4208] blue : variance --> out of range (variance = 5.762 / upper = 0.930 / lower = 0.010)
[20191107_075930 / lib_ip.py:3753] file = img.20191107_075926.2019-11-06_18-25-04_000.jpg.3.png / val_Average = 109.6851	val_Variance = 5.7624	sd = 2.4005	max = 136	min = 104
[20191107_075931 / lib_ip.py:4275] len(Hs) = 8100, len(Ss) = 8100, len(Vs) = 8100
[20191107_075931 / lib_ip.py:4314] pink : variance --> out of range (variance = 5.762 / upper = 0.750 / lower = 0.030)
[20191107_075931 / lib_ip.py:3753] file = img.20191107_075926.2019-11-06_18-25-04_000.jpg.3.png / val_Average = 109.6851	val_Variance = 5.7624	sd = 2.4005	max = 136	min = 104
[20191107_075931 / lib_ip.py:4378] len(Hs) = 8100, len(Ss) = 8100, len(Vs) = 8100
[20191107_075931 / lib_ip.py:4422] black : variance --> out of range (variance = 5.762 / upper = 0.000 / lower = 0.000)
[20191107_075931 / lib_ip.py:4593] file : img.20191107_075926.2019-11-06_18-25-04_000.jpg.3.png 2 (black : variance --> out of range (variance = 5.762 / upper = 0.000 / lower = 0.000))
[20191107_075931 / lib_ip.py:2274] inspecting ===> img.20191107_075926.2019-11-06_18-25-04_000.jpg.4.png
[20191107_075931 / lib_ip.py:4505] 
img.20191107_075926.2019-11-06_18-25-04_000.jpg.4.png 3 ---------------------
[20191107_075931 / lib_ip.py:3753] file = img.20191107_075926.2019-11-06_18-25-04_000.jpg.4.png / val_Average = 120.8754	val_Variance = 0.1115	sd = 0.3339	max = 122	min = 120
[20191107_075931 / lib_ip.py:3836] len(Hs) = 8100, len(Ss) = 8100, len(Vs) = 8100
[20191107_075931 / lib_ip.py:3891] yellow : average --> out of range (average = 120.875 / upper = 99.200 / lower = 85.500)
[20191107_075931 / lib_ip.py:3753] file = img.20191107_075926.2019-11-06_18-25-04_000.jpg.4.png / val_Average = 120.8754	val_Variance = 0.1115	sd = 0.3339	max = 122	min = 120
[20191107_075931 / lib_ip.py:3936] len(Hs) = 8100, len(Ss) = 8100, len(Vs) = 8100
[20191107_075931 / lib_ip.py:2274] inspecting ===> img.20191107_075926.2019-11-06_18-25-04_000.jpg.4.png
img.20191107_075926.2019-11-06_18-25-04_000.jpg.1.png => other
img.20191107_075926.2019-11-06_18-25-04_000.jpg.2.png => other
img.20191107_075926.2019-11-06_18-25-04_000.jpg.3.png => other
img.20191107_075926.2019-11-06_18-25-04_000.jpg.4.png => other
[20191107_075931 lib_ip.py:3301] =============== Get 4 corners
dpath_Images = C:\WORKS_2\WS\WS_Others.Art\JVEMV6\46_art\VIRTUAL\Admin_Projects\ip\images
fname_Image = img.20191107_075926.2019-11-06_18-25-04_000.jpg.4.png

[20191107_075932 / lib_ip.py:2274] inspecting ===> img.20191107_075932.2019-11-06_20-53-54_000.jpg.1.png
[20191107_075932 / lib_ip.py:4505] 
img.20191107_075932.2019-11-06_20-53-54_000.jpg.1.png 0 ---------------------
[20191107_075932 / lib_ip.py:3753] file = img.20191107_075932.2019-11-06_20-53-54_000.jpg.1.png / val_Average = 56.2767	val_Variance = 2709.5851	sd = 52.0537	max = 160	min = 0
[20191107_075932 / lib_ip.py:3836] len(Hs) = 8100, len(Ss) = 8100, len(Vs) = 8100
[20191107_075932 / lib_ip.py:3869] yellow : variance --> out of range (variance = 2709.585 / upper = 0.650 / lower = 0.000)
[20191107_075933 / lib_ip.py:3753] file = img.20191107_075932.2019-11-06_20-53-54_000.jpg.1.png / val_Average = 56.2767	val_Variance = 2709.5851	sd = 52.0537	max = 160	min = 0
[20191107_075933 / lib_ip.py:3936] len(Hs) = 8100, len(Ss) = 8100, len(Vs) = 8100
[20191107_075933 / lib_ip.py:3982] red : variance --> out of range (variance = 2709.585 / upper = 0.430 / lower = 0.000)
[20191107_075933 / lib_ip.py:3753] file = img.20191107_075932.2019-11-06_20-53-54_000.jpg.1.png / val_Average = 56.2767	val_Variance = 2709.5851	sd = 52.0537	max = 160	min = 0
[20191107_075933 / lib_ip.py:4052] len(Hs) = 8100, len(Ss) = 8100, len(Vs) = 8100
[20191107_075933 / lib_ip.py:4099] green : variance --> out of range (variance = 2709.585 / upper = 0.760 / lower = 0.000)
[20191107_075933 / lib_ip.py:3753] file = img.20191107_075932.2019-11-06_20-53-54_000.jpg.1.png / val_Average = 56.2767	val_Variance = 2709.5851	sd = 52.0537	max = 160	min = 0
[20191107_075933 / lib_ip.py:4169] len(Hs) = 8100, len(Ss) = 8100, len(Vs) = 8100
[20191107_075933 / lib_ip.py:4208] blue : variance --> out of range (variance = 2709.585 / upper = 0.930 / lower = 0.010)
[20191107_075933 / lib_ip.py:3753] file = img.20191107_075932.2019-11-06_20-53-54_000.jpg.1.png / val_Average = 56.2767	val_Variance = 2709.5851	sd = 52.0537	max = 160	min = 0
[20191107_075933 / lib_ip.py:4275] len(Hs) = 8100, len(Ss) = 8100, len(Vs) = 8100
[20191107_075933 / lib_ip.py:4314] pink : variance --> out of range (variance = 2709.585 / upper = 0.750 / lower = 0.030)
[20191107_075933 / lib_ip.py:3753] file = img.20191107_075932.2019-11-06_20-53-54_000.jpg.1.png / val_Average = 56.2767	val_Variance = 2709.5851	sd = 52.0537	max = 160	min = 0
[20191107_075933 / lib_ip.py:4378] len(Hs) = 8100, len(Ss) = 8100, len(Vs) = 8100
[20191107_075933 / lib_ip.py:4422] black : variance --> out of range (variance = 2709.585 / upper = 0.000 / lower = 0.000)
[20191107_075933 / lib_ip.py:4593] file : img.20191107_075932.2019-11-06_20-53-54_000.jpg.1.png 0 (black : variance --> out of range (variance = 2709.585 / upper = 0.000 / lower = 0.000))
[20191107_075933 / lib_ip.py:2274] inspecting ===> img.20191107_075932.2019-11-06_20-53-54_000.jpg.2.png
[20191107_075934 / lib_ip.py:4505] 
img.20191107_075932.2019-11-06_20-53-54_000.jpg.2.png 1 ---------------------
[20191107_075934 / lib_ip.py:3753] file = img.20191107_075932.2019-11-06_20-53-54_000.jpg.2.png / val_Average = 52.8784	val_Variance = 2082.6024	sd = 45.6355	max = 135	min = 0
[20191107_075934 / lib_ip.py:3836] len(Hs) = 8100, len(Ss) = 8100, len(Vs) = 8100
[20191107_075934 / lib_ip.py:3869] yellow : variance --> out of range (variance = 2082.602 / upper = 0.650 / lower = 0.000)
[20191107_075934 / lib_ip.py:3753] file = img.20191107_075932.2019-11-06_20-53-54_000.jpg.2.png / val_Average = 52.8784	val_Variance = 2082.6024	sd = 45.6355	max = 135	min = 0
[20191107_075934 / lib_ip.py:3936] len(Hs) = 8100, len(Ss) = 8100, len(Vs) = 8100
[20191107_075934 / lib_ip.py:3982] red : variance --> out of range (variance = 2082.602 / upper = 0.430 / lower = 0.000)
[20191107_075934 / lib_ip.py:3753] file = img.20191107_075932.2019-11-06_20-53-54_000.jpg.2.png / val_Average = 52.8784	val_Variance = 2082.6024	sd = 45.6355	max = 135	min = 0
[20191107_075934 / lib_ip.py:4052] len(Hs) = 8100, len(Ss) = 8100, len(Vs) = 8100
[20191107_075934 / lib_ip.py:4099] green : variance --> out of range (variance = 2082.602 / upper = 0.760 / lower = 0.000)
[20191107_075934 / lib_ip.py:3753] file = img.20191107_075932.2019-11-06_20-53-54_000.jpg.2.png / val_Average = 52.8784	val_Variance = 2082.6024	sd = 45.6355	max = 135	min = 0
[20191107_075934 / lib_ip.py:4169] len(Hs) = 8100, len(Ss) = 8100, len(Vs) = 8100
[20191107_075934 / lib_ip.py:4208] blue : variance --> out of range (variance = 2082.602 / upper = 0.930 / lower = 0.010)
[20191107_075934 / lib_ip.py:3753] file = img.20191107_075932.2019-11-06_20-53-54_000.jpg.2.png / val_Average = 52.8784	val_Variance = 2082.6024	sd = 45.6355	max = 135	min = 0
[20191107_075934 / lib_ip.py:4275] len(Hs) = 8100, len(Ss) = 8100, len(Vs) = 8100
[20191107_075934 / lib_ip.py:4314] pink : variance --> out of range (variance = 2082.602 / upper = 0.750 / lower = 0.030)
[20191107_075934 / lib_ip.py:3753] file = img.20191107_075932.2019-11-06_20-53-54_000.jpg.2.png / val_Average = 52.8784	val_Variance = 2082.6024	sd = 45.6355	max = 135	min = 0
[20191107_075934 / lib_ip.py:4378] len(Hs) = 8100, len(Ss) = 8100, len(Vs) = 8100
[20191107_075934 / lib_ip.py:4422] black : variance --> out of range (variance = 2082.602 / upper = 0.000 / lower = 0.000)
[20191107_075934 / lib_ip.py:4593] file : img.20191107_075932.2019-11-06_20-53-54_000.jpg.2.png 1 (black : variance --> out of range (variance = 2082.602 / upper = 0.000 / lower = 0.000))
[20191107_075935 / lib_ip.py:2274] inspecting ===> img.20191107_075932.2019-11-06_20-53-54_000.jpg.3.png
[20191107_075935 / lib_ip.py:4505] 
img.20191107_075932.2019-11-06_20-53-54_000.jpg.3.png 2 ---------------------
[20191107_075935 / lib_ip.py:3753] file = img.20191107_075932.2019-11-06_20-53-54_000.jpg.3.png / val_Average = 46.3562	val_Variance = 1686.5012	sd = 41.0670	max = 135	min = 0
[20191107_075935 / lib_ip.py:3836] len(Hs) = 8100, len(Ss) = 8100, len(Vs) = 8100
[20191107_075935 / lib_ip.py:3869] yellow : variance --> out of range (variance = 1686.501 / upper = 0.650 / lower = 0.000)
[20191107_075935 / lib_ip.py:3753] file = img.20191107_075932.2019-11-06_20-53-54_000.jpg.3.png / val_Average = 46.3562	val_Variance = 1686.5012	sd = 41.0670	max = 135	min = 0
[20191107_075935 / lib_ip.py:3936] len(Hs) = 8100, len(Ss) = 8100, len(Vs) = 8100
[20191107_075935 / lib_ip.py:3982] red : variance --> out of range (variance = 1686.501 / upper = 0.430 / lower = 0.000)
[20191107_075935 / lib_ip.py:3753] file = img.20191107_075932.2019-11-06_20-53-54_000.jpg.3.png / val_Average = 46.3562	val_Variance = 1686.5012	sd = 41.0670	max = 135	min = 0
[20191107_075935 / lib_ip.py:4052] len(Hs) = 8100, len(Ss) = 8100, len(Vs) = 8100
[20191107_075935 / lib_ip.py:4099] green : variance --> out of range (variance = 1686.501 / upper = 0.760 / lower = 0.000)
[20191107_075935 / lib_ip.py:3753] file = img.20191107_075932.2019-11-06_20-53-54_000.jpg.3.png / val_Average = 46.3562	val_Variance = 1686.5012	sd = 41.0670	max = 135	min = 0
[20191107_075936 / lib_ip.py:4169] len(Hs) = 8100, len(Ss) = 8100, len(Vs) = 8100
[20191107_075936 / lib_ip.py:4208] blue : variance --> out of range (variance = 1686.501 / upper = 0.930 / lower = 0.010)
[20191107_075936 / lib_ip.py:3753] file = img.20191107_075932.2019-11-06_20-53-54_000.jpg.3.png / val_Average = 46.3562	val_Variance = 1686.5012	sd = 41.0670	max = 135	min = 0
[20191107_075936 / lib_ip.py:4275] len(Hs) = 8100, len(Ss) = 8100, len(Vs) = 8100
[20191107_075936 / lib_ip.py:4314] pink : variance --> out of range (variance = 1686.501 / upper = 0.750 / lower = 0.030)
[20191107_075936 / lib_ip.py:3753] file = img.20191107_075932.2019-11-06_20-53-54_000.jpg.3.png / val_Average = 46.3562	val_Variance = 1686.5012	sd = 41.0670	max = 135	min = 0
[20191107_075936 / lib_ip.py:4378] len(Hs) = 8100, len(Ss) = 8100, len(Vs) = 8100
[20191107_075936 / lib_ip.py:4422] black : variance --> out of range (variance = 1686.501 / upper = 0.000 / lower = 0.000)
[20191107_075936 / lib_ip.py:4593] file : img.20191107_075932.2019-11-06_20-53-54_000.jpg.3.png 2 (black : variance --> out of range (variance = 1686.501 / upper = 0.000 / lower = 0.000))
[20191107_075936 / lib_ip.py:2274] inspecting ===> img.20191107_075932.2019-11-06_20-53-54_000.jpg.4.png
[20191107_075936 / lib_ip.py:4505] 
img.20191107_075932.2019-11-06_20-53-54_000.jpg.4.png 3 ---------------------
[20191107_075936 / lib_ip.py:3753] file = img.20191107_075932.2019-11-06_20-53-54_000.jpg.4.png / val_Average = 92.7464	val_Variance = 0.1893	sd = 0.4351	max = 93	min = 92
[20191107_075936 / lib_ip.py:3836] len(Hs) = 8100, len(Ss) = 8100, len(Vs) = 8100
[20191107_075936 / lib_ip.py:2274] inspecting ===> img.20191107_075932.2019-11-06_20-53-54_000.jpg.4.png
img.20191107_075932.2019-11-06_20-53-54_000.jpg.1.png => other
img.20191107_075932.2019-11-06_20-53-54_000.jpg.2.png => other
img.20191107_075932.2019-11-06_20-53-54_000.jpg.3.png => other
img.20191107_075932.2019-11-06_20-53-54_000.jpg.4.png => other
[20191107_075936 lib_ip.py:3301] =============== Get 4 corners
dpath_Images = C:\WORKS_2\WS\WS_Others.Art\JVEMV6\46_art\VIRTUAL\Admin_Projects\ip\images
fname_Image = img.20191107_075932.2019-11-06_20-53-54_000.jpg.4.png

[20191107_075937 / lib_ip.py:2274] inspecting ===> img.20191107_075937.2019-11-07_00-27-34_000.jpg.1.png
[20191107_075937 / lib_ip.py:4505] 
img.20191107_075937.2019-11-07_00-27-34_000.jpg.1.png 0 ---------------------
[20191107_075937 / lib_ip.py:3753] file = img.20191107_075937.2019-11-07_00-27-34_000.jpg.1.png / val_Average = 114.6453	val_Variance = 18.8973	sd = 4.3471	max = 120	min = 60
[20191107_075937 / lib_ip.py:3836] len(Hs) = 8100, len(Ss) = 8100, len(Vs) = 8100
[20191107_075937 / lib_ip.py:3869] yellow : variance --> out of range (variance = 18.897 / upper = 0.650 / lower = 0.000)
[20191107_075938 / lib_ip.py:3753] file = img.20191107_075937.2019-11-07_00-27-34_000.jpg.1.png / val_Average = 114.6453	val_Variance = 18.8973	sd = 4.3471	max = 120	min = 60
[20191107_075938 / lib_ip.py:3936] len(Hs) = 8100, len(Ss) = 8100, len(Vs) = 8100
[20191107_075938 / lib_ip.py:3982] red : variance --> out of range (variance = 18.897 / upper = 0.430 / lower = 0.000)
[20191107_075938 / lib_ip.py:3753] file = img.20191107_075937.2019-11-07_00-27-34_000.jpg.1.png / val_Average = 114.6453	val_Variance = 18.8973	sd = 4.3471	max = 120	min = 60
[20191107_075938 / lib_ip.py:4052] len(Hs) = 8100, len(Ss) = 8100, len(Vs) = 8100
[20191107_075938 / lib_ip.py:4099] green : variance --> out of range (variance = 18.897 / upper = 0.760 / lower = 0.000)
[20191107_075938 / lib_ip.py:3753] file = img.20191107_075937.2019-11-07_00-27-34_000.jpg.1.png / val_Average = 114.6453	val_Variance = 18.8973	sd = 4.3471	max = 120	min = 60
[20191107_075938 / lib_ip.py:4169] len(Hs) = 8100, len(Ss) = 8100, len(Vs) = 8100
[20191107_075938 / lib_ip.py:4208] blue : variance --> out of range (variance = 18.897 / upper = 0.930 / lower = 0.010)
[20191107_075938 / lib_ip.py:3753] file = img.20191107_075937.2019-11-07_00-27-34_000.jpg.1.png / val_Average = 114.6453	val_Variance = 18.8973	sd = 4.3471	max = 120	min = 60
[20191107_075938 / lib_ip.py:4275] len(Hs) = 8100, len(Ss) = 8100, len(Vs) = 8100
[20191107_075938 / lib_ip.py:4314] pink : variance --> out of range (variance = 18.897 / upper = 0.750 / lower = 0.030)
[20191107_075938 / lib_ip.py:3753] file = img.20191107_075937.2019-11-07_00-27-34_000.jpg.1.png / val_Average = 114.6453	val_Variance = 18.8973	sd = 4.3471	max = 120	min = 60
[20191107_075938 / lib_ip.py:4378] len(Hs) = 8100, len(Ss) = 8100, len(Vs) = 8100
[20191107_075938 / lib_ip.py:4422] black : variance --> out of range (variance = 18.897 / upper = 0.000 / lower = 0.000)
[20191107_075938 / lib_ip.py:4593] file : img.20191107_075937.2019-11-07_00-27-34_000.jpg.1.png 0 (black : variance --> out of range (variance = 18.897 / upper = 0.000 / lower = 0.000))
[20191107_075938 / lib_ip.py:2274] inspecting ===> img.20191107_075937.2019-11-07_00-27-34_000.jpg.2.png
[20191107_075939 / lib_ip.py:4505] 
img.20191107_075937.2019-11-07_00-27-34_000.jpg.2.png 1 ---------------------
[20191107_075939 / lib_ip.py:3753] file = img.20191107_075937.2019-11-07_00-27-34_000.jpg.2.png / val_Average = 98.4744	val_Variance = 61.9908	sd = 7.8734	max = 135	min = 0
[20191107_075939 / lib_ip.py:3836] len(Hs) = 8100, len(Ss) = 8100, len(Vs) = 8100
[20191107_075939 / lib_ip.py:3869] yellow : variance --> out of range (variance = 61.991 / upper = 0.650 / lower = 0.000)
[20191107_075939 / lib_ip.py:3753] file = img.20191107_075937.2019-11-07_00-27-34_000.jpg.2.png / val_Average = 98.4744	val_Variance = 61.9908	sd = 7.8734	max = 135	min = 0
[20191107_075939 / lib_ip.py:3936] len(Hs) = 8100, len(Ss) = 8100, len(Vs) = 8100
[20191107_075939 / lib_ip.py:3982] red : variance --> out of range (variance = 61.991 / upper = 0.430 / lower = 0.000)
[20191107_075939 / lib_ip.py:3753] file = img.20191107_075937.2019-11-07_00-27-34_000.jpg.2.png / val_Average = 98.4744	val_Variance = 61.9908	sd = 7.8734	max = 135	min = 0
[20191107_075939 / lib_ip.py:4052] len(Hs) = 8100, len(Ss) = 8100, len(Vs) = 8100
[20191107_075939 / lib_ip.py:4099] green : variance --> out of range (variance = 61.991 / upper = 0.760 / lower = 0.000)
[20191107_075939 / lib_ip.py:3753] file = img.20191107_075937.2019-11-07_00-27-34_000.jpg.2.png / val_Average = 98.4744	val_Variance = 61.9908	sd = 7.8734	max = 135	min = 0
[20191107_075939 / lib_ip.py:4169] len(Hs) = 8100, len(Ss) = 8100, len(Vs) = 8100
[20191107_075939 / lib_ip.py:4208] blue : variance --> out of range (variance = 61.991 / upper = 0.930 / lower = 0.010)
[20191107_075939 / lib_ip.py:3753] file = img.20191107_075937.2019-11-07_00-27-34_000.jpg.2.png / val_Average = 98.4744	val_Variance = 61.9908	sd = 7.8734	max = 135	min = 0
[20191107_075939 / lib_ip.py:4275] len(Hs) = 8100, len(Ss) = 8100, len(Vs) = 8100
[20191107_075939 / lib_ip.py:4314] pink : variance --> out of range (variance = 61.991 / upper = 0.750 / lower = 0.030)
[20191107_075939 / lib_ip.py:3753] file = img.20191107_075937.2019-11-07_00-27-34_000.jpg.2.png / val_Average = 98.4744	val_Variance = 61.9908	sd = 7.8734	max = 135	min = 0
[20191107_075939 / lib_ip.py:4378] len(Hs) = 8100, len(Ss) = 8100, len(Vs) = 8100
[20191107_075939 / lib_ip.py:4422] black : variance --> out of range (variance = 61.991 / upper = 0.000 / lower = 0.000)
[20191107_075940 / lib_ip.py:4593] file : img.20191107_075937.2019-11-07_00-27-34_000.jpg.2.png 1 (black : variance --> out of range (variance = 61.991 / upper = 0.000 / lower = 0.000))
[20191107_075940 / lib_ip.py:2274] inspecting ===> img.20191107_075937.2019-11-07_00-27-34_000.jpg.3.png
[20191107_075940 / lib_ip.py:4505] 
img.20191107_075937.2019-11-07_00-27-34_000.jpg.3.png 2 ---------------------
[20191107_075940 / lib_ip.py:3753] file = img.20191107_075937.2019-11-07_00-27-34_000.jpg.3.png / val_Average = 77.4738	val_Variance = 1822.8535	sd = 42.6949	max = 160	min = 0
[20191107_075940 / lib_ip.py:3836] len(Hs) = 8100, len(Ss) = 8100, len(Vs) = 8100
[20191107_075940 / lib_ip.py:3869] yellow : variance --> out of range (variance = 1822.854 / upper = 0.650 / lower = 0.000)
[20191107_075940 / lib_ip.py:3753] file = img.20191107_075937.2019-11-07_00-27-34_000.jpg.3.png / val_Average = 77.4738	val_Variance = 1822.8535	sd = 42.6949	max = 160	min = 0
[20191107_075940 / lib_ip.py:3936] len(Hs) = 8100, len(Ss) = 8100, len(Vs) = 8100
[20191107_075940 / lib_ip.py:3982] red : variance --> out of range (variance = 1822.854 / upper = 0.430 / lower = 0.000)
[20191107_075940 / lib_ip.py:3753] file = img.20191107_075937.2019-11-07_00-27-34_000.jpg.3.png / val_Average = 77.4738	val_Variance = 1822.8535	sd = 42.6949	max = 160	min = 0
[20191107_075940 / lib_ip.py:4052] len(Hs) = 8100, len(Ss) = 8100, len(Vs) = 8100
[20191107_075940 / lib_ip.py:4099] green : variance --> out of range (variance = 1822.854 / upper = 0.760 / lower = 0.000)
[20191107_075941 / lib_ip.py:3753] file = img.20191107_075937.2019-11-07_00-27-34_000.jpg.3.png / val_Average = 77.4738	val_Variance = 1822.8535	sd = 42.6949	max = 160	min = 0
[20191107_075941 / lib_ip.py:4169] len(Hs) = 8100, len(Ss) = 8100, len(Vs) = 8100
[20191107_075941 / lib_ip.py:4208] blue : variance --> out of range (variance = 1822.854 / upper = 0.930 / lower = 0.010)
[20191107_075941 / lib_ip.py:3753] file = img.20191107_075937.2019-11-07_00-27-34_000.jpg.3.png / val_Average = 77.4738	val_Variance = 1822.8535	sd = 42.6949	max = 160	min = 0
[20191107_075941 / lib_ip.py:4275] len(Hs) = 8100, len(Ss) = 8100, len(Vs) = 8100
[20191107_075941 / lib_ip.py:4314] pink : variance --> out of range (variance = 1822.854 / upper = 0.750 / lower = 0.030)
[20191107_075941 / lib_ip.py:3753] file = img.20191107_075937.2019-11-07_00-27-34_000.jpg.3.png / val_Average = 77.4738	val_Variance = 1822.8535	sd = 42.6949	max = 160	min = 0
[20191107_075941 / lib_ip.py:4378] len(Hs) = 8100, len(Ss) = 8100, len(Vs) = 8100
[20191107_075941 / lib_ip.py:4422] black : variance --> out of range (variance = 1822.854 / upper = 0.000 / lower = 0.000)
[20191107_075941 / lib_ip.py:4593] file : img.20191107_075937.2019-11-07_00-27-34_000.jpg.3.png 2 (black : variance --> out of range (variance = 1822.854 / upper = 0.000 / lower = 0.000))
[20191107_075941 / lib_ip.py:2274] inspecting ===> img.20191107_075937.2019-11-07_00-27-34_000.jpg.4.png
[20191107_075941 / lib_ip.py:4505] 
img.20191107_075937.2019-11-07_00-27-34_000.jpg.4.png 3 ---------------------
[20191107_075941 / lib_ip.py:3753] file = img.20191107_075937.2019-11-07_00-27-34_000.jpg.4.png / val_Average = 101.5063	val_Variance = 0.7695	sd = 0.8772	max = 104	min = 100
[20191107_075941 / lib_ip.py:3836] len(Hs) = 8100, len(Ss) = 8100, len(Vs) = 8100
[20191107_075941 / lib_ip.py:3869] yellow : variance --> out of range (variance = 0.769 / upper = 0.650 / lower = 0.000)
[20191107_075941 / lib_ip.py:3753] file = img.20191107_075937.2019-11-07_00-27-34_000.jpg.4.png / val_Average = 101.5063	val_Variance = 0.7695	sd = 0.8772	max = 104	min = 100
[20191107_075941 / lib_ip.py:3936] len(Hs) = 8100, len(Ss) = 8100, len(Vs) = 8100
[20191107_075941 / lib_ip.py:3982] red : variance --> out of range (variance = 0.769 / upper = 0.430 / lower = 0.000)
[20191107_075942 / lib_ip.py:3753] file = img.20191107_075937.2019-11-07_00-27-34_000.jpg.4.png / val_Average = 101.5063	val_Variance = 0.7695	sd = 0.8772	max = 104	min = 100
[20191107_075942 / lib_ip.py:4052] len(Hs) = 8100, len(Ss) = 8100, len(Vs) = 8100
[20191107_075942 / lib_ip.py:4099] green : variance --> out of range (variance = 0.769 / upper = 0.760 / lower = 0.000)
[20191107_075942 / lib_ip.py:3753] file = img.20191107_075937.2019-11-07_00-27-34_000.jpg.4.png / val_Average = 101.5063	val_Variance = 0.7695	sd = 0.8772	max = 104	min = 100
[20191107_075942 / lib_ip.py:4169] len(Hs) = 8100, len(Ss) = 8100, len(Vs) = 8100
[20191107_075942 / lib_ip.py:4230] blue : average --> out of range (average = 101.506 / upper = 17.000 / lower = 8.850)
[20191107_075942 / lib_ip.py:3753] file = img.20191107_075937.2019-11-07_00-27-34_000.jpg.4.png / val_Average = 101.5063	val_Variance = 0.7695	sd = 0.8772	max = 104	min = 100
[20191107_075942 / lib_ip.py:4275] len(Hs) = 8100, len(Ss) = 8100, len(Vs) = 8100
[20191107_075942 / lib_ip.py:4314] pink : variance --> out of range (variance = 0.769 / upper = 0.750 / lower = 0.030)
[20191107_075942 / lib_ip.py:3753] file = img.20191107_075937.2019-11-07_00-27-34_000.jpg.4.png / val_Average = 101.5063	val_Variance = 0.7695	sd = 0.8772	max = 104	min = 100
[20191107_075942 / lib_ip.py:4378] len(Hs) = 8100, len(Ss) = 8100, len(Vs) = 8100
[20191107_075942 / lib_ip.py:4422] black : variance --> out of range (variance = 0.769 / upper = 0.000 / lower = 0.000)
[20191107_075942 / lib_ip.py:4593] file : img.20191107_075937.2019-11-07_00-27-34_000.jpg.4.png 3 (black : variance --> out of range (variance = 0.769 / upper = 0.000 / lower = 0.000))
[20191107_075941 / lib_ip.py:2274] inspecting ===> img.20191107_075937.2019-11-07_00-27-34_000.jpg.4.png
img.20191107_075937.2019-11-07_00-27-34_000.jpg.1.png => other
img.20191107_075937.2019-11-07_00-27-34_000.jpg.2.png => other
img.20191107_075937.2019-11-07_00-27-34_000.jpg.3.png => other
img.20191107_075937.2019-11-07_00-27-34_000.jpg.4.png => other
[20191107_075942 lib_ip.py:3301] =============== Get 4 corners
dpath_Images = C:\WORKS_2\WS\WS_Others.Art\JVEMV6\46_art\VIRTUAL\Admin_Projects\ip\images
fname_Image = img.20191107_075937.2019-11-07_00-27-34_000.jpg.4.png

[20191107_075942 / views.py:1411] gen csv => complete (20191107_075942)(elapsed = 54.749 sec / 10 files / 5.475 sec per file)
1)	2019-11-06_07-51-56_000.jpg => 	green other green other 
2)	2019-11-06_10-53-28_000.jpg => 	other yellow other other 
3)	2019-11-06_14-08-33_000.jpg => 	other yellow other other 
4)	2019-11-06_14-08-54_000.jpg => 	other other other other 
5)	2019-11-06_14-09-10_000.jpg => 	other other other other 
6)	2019-11-06_15-54-21_000.jpg => 	other other green red 
7)	2019-11-06_15-54-40_000.jpg => 	other other green red 
8)	2019-11-06_18-25-04_000.jpg => 	other other other red 
9)	2019-11-06_20-53-54_000.jpg => 	other other other yellow 
10)	2019-11-07_00-27-34_000.jpg => 	other other other other 
[20191107_075942 / views.py:1753] lo_ColorName_Set__Modified_2 =>
1)	2019-11-06_07-51-56_000.jpg => 	g g o o 
2)	2019-11-06_10-53-28_000.jpg => 	o o o y 
3)	2019-11-06_14-08-33_000.jpg => 	o o o y 
4)	2019-11-06_14-08-54_000.jpg => 	o o o o 
5)	2019-11-06_14-09-10_000.jpg => 	o o o o 
6)	2019-11-06_15-54-21_000.jpg => 	g o o r 
7)	2019-11-06_15-54-40_000.jpg => 	g o o r 
8)	2019-11-06_18-25-04_000.jpg => 	o o o r 
9)	2019-11-06_20-53-54_000.jpg => 	o o o y 
10)	2019-11-07_00-27-34_000.jpg => 	o o o o 
[20191107_075943 / views.py:1839] gen_Cake_CSV(request) ==> ending... =======================//

