[20190701_111639 / views.py:1822] gen_Cake_CSV(request) ==> starting... =======================
[20190701_111640 / lib_ip.py:2274] inspecting ===> img.20190701_111640.2019-06-30_14-03-14_000.jpg.1.png
[20190701_111640 / lib_ip.py:4505] 
img.20190701_111640.2019-06-30_14-03-14_000.jpg.1.png 0 ---------------------
[20190701_111641 / lib_ip.py:3753] file = img.20190701_111640.2019-06-30_14-03-14_000.jpg.1.png / val_Average = 121.3383	val_Variance = 14.3236	sd = 3.7847	max = 131	min = 112
[20190701_111641 / lib_ip.py:3836] len(Hs) = 8100, len(Ss) = 8100, len(Vs) = 8100
[20190701_111641 / lib_ip.py:3869] yellow : variance --> out of range (variance = 14.324 / upper = 0.650 / lower = 0.000)
[20190701_111641 / lib_ip.py:3753] file = img.20190701_111640.2019-06-30_14-03-14_000.jpg.1.png / val_Average = 121.3383	val_Variance = 14.3236	sd = 3.7847	max = 131	min = 112
[20190701_111641 / lib_ip.py:3936] len(Hs) = 8100, len(Ss) = 8100, len(Vs) = 8100
[20190701_111641 / lib_ip.py:3982] red : variance --> out of range (variance = 14.324 / upper = 0.430 / lower = 0.000)
[20190701_111641 / lib_ip.py:3753] file = img.20190701_111640.2019-06-30_14-03-14_000.jpg.1.png / val_Average = 121.3383	val_Variance = 14.3236	sd = 3.7847	max = 131	min = 112
[20190701_111641 / lib_ip.py:4052] len(Hs) = 8100, len(Ss) = 8100, len(Vs) = 8100
[20190701_111641 / lib_ip.py:4099] green : variance --> out of range (variance = 14.324 / upper = 0.760 / lower = 0.000)
[20190701_111641 / lib_ip.py:3753] file = img.20190701_111640.2019-06-30_14-03-14_000.jpg.1.png / val_Average = 121.3383	val_Variance = 14.3236	sd = 3.7847	max = 131	min = 112
[20190701_111641 / lib_ip.py:4169] len(Hs) = 8100, len(Ss) = 8100, len(Vs) = 8100
[20190701_111641 / lib_ip.py:4208] blue : variance --> out of range (variance = 14.324 / upper = 0.930 / lower = 0.010)
[20190701_111641 / lib_ip.py:3753] file = img.20190701_111640.2019-06-30_14-03-14_000.jpg.1.png / val_Average = 121.3383	val_Variance = 14.3236	sd = 3.7847	max = 131	min = 112
[20190701_111641 / lib_ip.py:4275] len(Hs) = 8100, len(Ss) = 8100, len(Vs) = 8100
[20190701_111641 / lib_ip.py:4314] pink : variance --> out of range (variance = 14.324 / upper = 0.750 / lower = 0.030)
[20190701_111641 / lib_ip.py:3753] file = img.20190701_111640.2019-06-30_14-03-14_000.jpg.1.png / val_Average = 121.3383	val_Variance = 14.3236	sd = 3.7847	max = 131	min = 112
[20190701_111641 / lib_ip.py:4378] len(Hs) = 8100, len(Ss) = 8100, len(Vs) = 8100
[20190701_111641 / lib_ip.py:4422] black : variance --> out of range (variance = 14.324 / upper = 0.000 / lower = 0.000)
[20190701_111641 / lib_ip.py:4593] file : img.20190701_111640.2019-06-30_14-03-14_000.jpg.1.png 0 (black : variance --> out of range (variance = 14.324 / upper = 0.000 / lower = 0.000))
[20190701_111641 / lib_ip.py:2274] inspecting ===> img.20190701_111640.2019-06-30_14-03-14_000.jpg.2.png
[20190701_111642 / lib_ip.py:4505] 
img.20190701_111640.2019-06-30_14-03-14_000.jpg.2.png 1 ---------------------
[20190701_111642 / lib_ip.py:3753] file = img.20190701_111640.2019-06-30_14-03-14_000.jpg.2.png / val_Average = 85.8010	val_Variance = 329.6752	sd = 18.1570	max = 135	min = 0
[20190701_111642 / lib_ip.py:3836] len(Hs) = 8100, len(Ss) = 8100, len(Vs) = 8100
[20190701_111642 / lib_ip.py:3869] yellow : variance --> out of range (variance = 329.675 / upper = 0.650 / lower = 0.000)
[20190701_111642 / lib_ip.py:3753] file = img.20190701_111640.2019-06-30_14-03-14_000.jpg.2.png / val_Average = 85.8010	val_Variance = 329.6752	sd = 18.1570	max = 135	min = 0
[20190701_111642 / lib_ip.py:3936] len(Hs) = 8100, len(Ss) = 8100, len(Vs) = 8100
[20190701_111642 / lib_ip.py:3982] red : variance --> out of range (variance = 329.675 / upper = 0.430 / lower = 0.000)
[20190701_111642 / lib_ip.py:3753] file = img.20190701_111640.2019-06-30_14-03-14_000.jpg.2.png / val_Average = 85.8010	val_Variance = 329.6752	sd = 18.1570	max = 135	min = 0
[20190701_111642 / lib_ip.py:4052] len(Hs) = 8100, len(Ss) = 8100, len(Vs) = 8100
[20190701_111642 / lib_ip.py:4099] green : variance --> out of range (variance = 329.675 / upper = 0.760 / lower = 0.000)
[20190701_111642 / lib_ip.py:3753] file = img.20190701_111640.2019-06-30_14-03-14_000.jpg.2.png / val_Average = 85.8010	val_Variance = 329.6752	sd = 18.1570	max = 135	min = 0
[20190701_111642 / lib_ip.py:4169] len(Hs) = 8100, len(Ss) = 8100, len(Vs) = 8100
[20190701_111642 / lib_ip.py:4208] blue : variance --> out of range (variance = 329.675 / upper = 0.930 / lower = 0.010)
[20190701_111642 / lib_ip.py:3753] file = img.20190701_111640.2019-06-30_14-03-14_000.jpg.2.png / val_Average = 85.8010	val_Variance = 329.6752	sd = 18.1570	max = 135	min = 0
[20190701_111642 / lib_ip.py:4275] len(Hs) = 8100, len(Ss) = 8100, len(Vs) = 8100
[20190701_111643 / lib_ip.py:4314] pink : variance --> out of range (variance = 329.675 / upper = 0.750 / lower = 0.030)
[20190701_111643 / lib_ip.py:3753] file = img.20190701_111640.2019-06-30_14-03-14_000.jpg.2.png / val_Average = 85.8010	val_Variance = 329.6752	sd = 18.1570	max = 135	min = 0
[20190701_111643 / lib_ip.py:4378] len(Hs) = 8100, len(Ss) = 8100, len(Vs) = 8100
[20190701_111643 / lib_ip.py:4422] black : variance --> out of range (variance = 329.675 / upper = 0.000 / lower = 0.000)
[20190701_111643 / lib_ip.py:4593] file : img.20190701_111640.2019-06-30_14-03-14_000.jpg.2.png 1 (black : variance --> out of range (variance = 329.675 / upper = 0.000 / lower = 0.000))
[20190701_111643 / lib_ip.py:2274] inspecting ===> img.20190701_111640.2019-06-30_14-03-14_000.jpg.3.png
[20190701_111643 / lib_ip.py:4505] 
img.20190701_111640.2019-06-30_14-03-14_000.jpg.3.png 2 ---------------------
[20190701_111643 / lib_ip.py:3753] file = img.20190701_111640.2019-06-30_14-03-14_000.jpg.3.png / val_Average = 0.0000	val_Variance = 0.0000	sd = 0.0000	max = 0	min = 0
[20190701_111643 / lib_ip.py:3836] len(Hs) = 8100, len(Ss) = 8100, len(Vs) = 8100
[20190701_111643 / lib_ip.py:3891] yellow : average --> out of range (average = 0.000 / upper = 99.200 / lower = 85.500)
[20190701_111643 / lib_ip.py:3753] file = img.20190701_111640.2019-06-30_14-03-14_000.jpg.3.png / val_Average = 0.0000	val_Variance = 0.0000	sd = 0.0000	max = 0	min = 0
[20190701_111643 / lib_ip.py:3936] len(Hs) = 8100, len(Ss) = 8100, len(Vs) = 8100
[20190701_111643 / lib_ip.py:4007] red : average --> out of range (average = 0.000 / upper = 124.600 / lower = 115.000)
[20190701_111643 / lib_ip.py:3753] file = img.20190701_111640.2019-06-30_14-03-14_000.jpg.3.png / val_Average = 0.0000	val_Variance = 0.0000	sd = 0.0000	max = 0	min = 0
[20190701_111643 / lib_ip.py:4052] len(Hs) = 8100, len(Ss) = 8100, len(Vs) = 8100
[20190701_111643 / lib_ip.py:4124] green : average --> out of range (average = 0.000 / upper = 85.000 / lower = 58.000)
[20190701_111643 / lib_ip.py:3753] file = img.20190701_111640.2019-06-30_14-03-14_000.jpg.3.png / val_Average = 0.0000	val_Variance = 0.0000	sd = 0.0000	max = 0	min = 0
[20190701_111644 / lib_ip.py:4169] len(Hs) = 8100, len(Ss) = 8100, len(Vs) = 8100
[20190701_111644 / lib_ip.py:4208] blue : variance --> out of range (variance = 0.000 / upper = 0.930 / lower = 0.010)
[20190701_111644 / lib_ip.py:3753] file = img.20190701_111640.2019-06-30_14-03-14_000.jpg.3.png / val_Average = 0.0000	val_Variance = 0.0000	sd = 0.0000	max = 0	min = 0
[20190701_111644 / lib_ip.py:4275] len(Hs) = 8100, len(Ss) = 8100, len(Vs) = 8100
[20190701_111644 / lib_ip.py:4314] pink : variance --> out of range (variance = 0.000 / upper = 0.750 / lower = 0.030)
[20190701_111644 / lib_ip.py:3753] file = img.20190701_111640.2019-06-30_14-03-14_000.jpg.3.png / val_Average = 0.0000	val_Variance = 0.0000	sd = 0.0000	max = 0	min = 0
[20190701_111644 / lib_ip.py:4378] len(Hs) = 8100, len(Ss) = 8100, len(Vs) = 8100
[20190701_111644 / lib_ip.py:2274] inspecting ===> img.20190701_111640.2019-06-30_14-03-14_000.jpg.4.png
[20190701_111644 / lib_ip.py:4505] 
img.20190701_111640.2019-06-30_14-03-14_000.jpg.4.png 3 ---------------------
[20190701_111644 / lib_ip.py:3753] file = img.20190701_111640.2019-06-30_14-03-14_000.jpg.4.png / val_Average = 13.4546	val_Variance = 1115.3551	sd = 33.3969	max = 175	min = 0
[20190701_111644 / lib_ip.py:3836] len(Hs) = 8100, len(Ss) = 8100, len(Vs) = 8100
[20190701_111644 / lib_ip.py:3869] yellow : variance --> out of range (variance = 1115.355 / upper = 0.650 / lower = 0.000)
[20190701_111644 / lib_ip.py:3753] file = img.20190701_111640.2019-06-30_14-03-14_000.jpg.4.png / val_Average = 13.4546	val_Variance = 1115.3551	sd = 33.3969	max = 175	min = 0
[20190701_111645 / lib_ip.py:3936] len(Hs) = 8100, len(Ss) = 8100, len(Vs) = 8100
[20190701_111645 / lib_ip.py:3982] red : variance --> out of range (variance = 1115.355 / upper = 0.430 / lower = 0.000)
[20190701_111645 / lib_ip.py:3753] file = img.20190701_111640.2019-06-30_14-03-14_000.jpg.4.png / val_Average = 13.4546	val_Variance = 1115.3551	sd = 33.3969	max = 175	min = 0
[20190701_111645 / lib_ip.py:4052] len(Hs) = 8100, len(Ss) = 8100, len(Vs) = 8100
[20190701_111645 / lib_ip.py:4099] green : variance --> out of range (variance = 1115.355 / upper = 0.760 / lower = 0.000)
[20190701_111645 / lib_ip.py:3753] file = img.20190701_111640.2019-06-30_14-03-14_000.jpg.4.png / val_Average = 13.4546	val_Variance = 1115.3551	sd = 33.3969	max = 175	min = 0
[20190701_111645 / lib_ip.py:4169] len(Hs) = 8100, len(Ss) = 8100, len(Vs) = 8100
[20190701_111645 / lib_ip.py:4208] blue : variance --> out of range (variance = 1115.355 / upper = 0.930 / lower = 0.010)
[20190701_111645 / lib_ip.py:3753] file = img.20190701_111640.2019-06-30_14-03-14_000.jpg.4.png / val_Average = 13.4546	val_Variance = 1115.3551	sd = 33.3969	max = 175	min = 0
[20190701_111645 / lib_ip.py:4275] len(Hs) = 8100, len(Ss) = 8100, len(Vs) = 8100
[20190701_111645 / lib_ip.py:4314] pink : variance --> out of range (variance = 1115.355 / upper = 0.750 / lower = 0.030)
[20190701_111645 / lib_ip.py:3753] file = img.20190701_111640.2019-06-30_14-03-14_000.jpg.4.png / val_Average = 13.4546	val_Variance = 1115.3551	sd = 33.3969	max = 175	min = 0
[20190701_111645 / lib_ip.py:4378] len(Hs) = 8100, len(Ss) = 8100, len(Vs) = 8100
[20190701_111645 / lib_ip.py:4422] black : variance --> out of range (variance = 1115.355 / upper = 0.000 / lower = 0.000)
[20190701_111645 / lib_ip.py:4593] file : img.20190701_111640.2019-06-30_14-03-14_000.jpg.4.png 3 (black : variance --> out of range (variance = 1115.355 / upper = 0.000 / lower = 0.000))
[20190701_111644 / lib_ip.py:2274] inspecting ===> img.20190701_111640.2019-06-30_14-03-14_000.jpg.4.png
img.20190701_111640.2019-06-30_14-03-14_000.jpg.1.png => other
img.20190701_111640.2019-06-30_14-03-14_000.jpg.2.png => other
img.20190701_111640.2019-06-30_14-03-14_000.jpg.3.png => other
img.20190701_111640.2019-06-30_14-03-14_000.jpg.4.png => other
[20190701_111646 lib_ip.py:3301] =============== Get 4 corners
dpath_Images = C:\WORKS_2\WS\WS_Others.Art\JVEMV6\46_art\VIRTUAL\Admin_Projects\ip\images
fname_Image = img.20190701_111640.2019-06-30_14-03-14_000.jpg.4.png

[20190701_111646 / lib_ip.py:2274] inspecting ===> img.20190701_111646.2019-06-30_20-47-13_000.jpg.1.png
[20190701_111646 / lib_ip.py:4505] 
img.20190701_111646.2019-06-30_20-47-13_000.jpg.1.png 0 ---------------------
[20190701_111646 / lib_ip.py:3753] file = img.20190701_111646.2019-06-30_20-47-13_000.jpg.1.png / val_Average = 93.1614	val_Variance = 0.1474	sd = 0.3840	max = 94	min = 92
[20190701_111646 / lib_ip.py:3836] len(Hs) = 8100, len(Ss) = 8100, len(Vs) = 8100
[20190701_111646 / lib_ip.py:2274] inspecting ===> img.20190701_111646.2019-06-30_20-47-13_000.jpg.2.png
[20190701_111646 / lib_ip.py:4505] 
img.20190701_111646.2019-06-30_20-47-13_000.jpg.2.png 1 ---------------------
[20190701_111647 / lib_ip.py:3753] file = img.20190701_111646.2019-06-30_20-47-13_000.jpg.2.png / val_Average = 57.9363	val_Variance = 1993.3468	sd = 44.6469	max = 160	min = 0
[20190701_111647 / lib_ip.py:3836] len(Hs) = 8100, len(Ss) = 8100, len(Vs) = 8100
[20190701_111647 / lib_ip.py:3869] yellow : variance --> out of range (variance = 1993.347 / upper = 0.650 / lower = 0.000)
[20190701_111647 / lib_ip.py:3753] file = img.20190701_111646.2019-06-30_20-47-13_000.jpg.2.png / val_Average = 57.9363	val_Variance = 1993.3468	sd = 44.6469	max = 160	min = 0
[20190701_111647 / lib_ip.py:3936] len(Hs) = 8100, len(Ss) = 8100, len(Vs) = 8100
[20190701_111647 / lib_ip.py:3982] red : variance --> out of range (variance = 1993.347 / upper = 0.430 / lower = 0.000)
[20190701_111647 / lib_ip.py:3753] file = img.20190701_111646.2019-06-30_20-47-13_000.jpg.2.png / val_Average = 57.9363	val_Variance = 1993.3468	sd = 44.6469	max = 160	min = 0
[20190701_111647 / lib_ip.py:4052] len(Hs) = 8100, len(Ss) = 8100, len(Vs) = 8100
[20190701_111647 / lib_ip.py:4099] green : variance --> out of range (variance = 1993.347 / upper = 0.760 / lower = 0.000)
[20190701_111647 / lib_ip.py:3753] file = img.20190701_111646.2019-06-30_20-47-13_000.jpg.2.png / val_Average = 57.9363	val_Variance = 1993.3468	sd = 44.6469	max = 160	min = 0
[20190701_111647 / lib_ip.py:4169] len(Hs) = 8100, len(Ss) = 8100, len(Vs) = 8100
[20190701_111647 / lib_ip.py:4208] blue : variance --> out of range (variance = 1993.347 / upper = 0.930 / lower = 0.010)
[20190701_111647 / lib_ip.py:3753] file = img.20190701_111646.2019-06-30_20-47-13_000.jpg.2.png / val_Average = 57.9363	val_Variance = 1993.3468	sd = 44.6469	max = 160	min = 0
[20190701_111647 / lib_ip.py:4275] len(Hs) = 8100, len(Ss) = 8100, len(Vs) = 8100
[20190701_111647 / lib_ip.py:4314] pink : variance --> out of range (variance = 1993.347 / upper = 0.750 / lower = 0.030)
[20190701_111647 / lib_ip.py:3753] file = img.20190701_111646.2019-06-30_20-47-13_000.jpg.2.png / val_Average = 57.9363	val_Variance = 1993.3468	sd = 44.6469	max = 160	min = 0
[20190701_111648 / lib_ip.py:4378] len(Hs) = 8100, len(Ss) = 8100, len(Vs) = 8100
[20190701_111648 / lib_ip.py:4422] black : variance --> out of range (variance = 1993.347 / upper = 0.000 / lower = 0.000)
[20190701_111648 / lib_ip.py:4593] file : img.20190701_111646.2019-06-30_20-47-13_000.jpg.2.png 1 (black : variance --> out of range (variance = 1993.347 / upper = 0.000 / lower = 0.000))
[20190701_111648 / lib_ip.py:2274] inspecting ===> img.20190701_111646.2019-06-30_20-47-13_000.jpg.3.png
[20190701_111648 / lib_ip.py:4505] 
img.20190701_111646.2019-06-30_20-47-13_000.jpg.3.png 2 ---------------------
[20190701_111648 / lib_ip.py:3753] file = img.20190701_111646.2019-06-30_20-47-13_000.jpg.3.png / val_Average = 64.3162	val_Variance = 1771.9920	sd = 42.0950	max = 160	min = 0
[20190701_111648 / lib_ip.py:3836] len(Hs) = 8100, len(Ss) = 8100, len(Vs) = 8100
[20190701_111648 / lib_ip.py:3869] yellow : variance --> out of range (variance = 1771.992 / upper = 0.650 / lower = 0.000)
[20190701_111648 / lib_ip.py:3753] file = img.20190701_111646.2019-06-30_20-47-13_000.jpg.3.png / val_Average = 64.3162	val_Variance = 1771.9920	sd = 42.0950	max = 160	min = 0
[20190701_111648 / lib_ip.py:3936] len(Hs) = 8100, len(Ss) = 8100, len(Vs) = 8100
[20190701_111648 / lib_ip.py:3982] red : variance --> out of range (variance = 1771.992 / upper = 0.430 / lower = 0.000)
[20190701_111648 / lib_ip.py:3753] file = img.20190701_111646.2019-06-30_20-47-13_000.jpg.3.png / val_Average = 64.3162	val_Variance = 1771.9920	sd = 42.0950	max = 160	min = 0
[20190701_111648 / lib_ip.py:4052] len(Hs) = 8100, len(Ss) = 8100, len(Vs) = 8100
[20190701_111648 / lib_ip.py:4099] green : variance --> out of range (variance = 1771.992 / upper = 0.760 / lower = 0.000)
[20190701_111649 / lib_ip.py:3753] file = img.20190701_111646.2019-06-30_20-47-13_000.jpg.3.png / val_Average = 64.3162	val_Variance = 1771.9920	sd = 42.0950	max = 160	min = 0
[20190701_111649 / lib_ip.py:4169] len(Hs) = 8100, len(Ss) = 8100, len(Vs) = 8100
[20190701_111649 / lib_ip.py:4208] blue : variance --> out of range (variance = 1771.992 / upper = 0.930 / lower = 0.010)
[20190701_111649 / lib_ip.py:3753] file = img.20190701_111646.2019-06-30_20-47-13_000.jpg.3.png / val_Average = 64.3162	val_Variance = 1771.9920	sd = 42.0950	max = 160	min = 0
[20190701_111649 / lib_ip.py:4275] len(Hs) = 8100, len(Ss) = 8100, len(Vs) = 8100
[20190701_111649 / lib_ip.py:4314] pink : variance --> out of range (variance = 1771.992 / upper = 0.750 / lower = 0.030)
[20190701_111649 / lib_ip.py:3753] file = img.20190701_111646.2019-06-30_20-47-13_000.jpg.3.png / val_Average = 64.3162	val_Variance = 1771.9920	sd = 42.0950	max = 160	min = 0
[20190701_111649 / lib_ip.py:4378] len(Hs) = 8100, len(Ss) = 8100, len(Vs) = 8100
[20190701_111649 / lib_ip.py:4422] black : variance --> out of range (variance = 1771.992 / upper = 0.000 / lower = 0.000)
[20190701_111649 / lib_ip.py:4593] file : img.20190701_111646.2019-06-30_20-47-13_000.jpg.3.png 2 (black : variance --> out of range (variance = 1771.992 / upper = 0.000 / lower = 0.000))
[20190701_111649 / lib_ip.py:2274] inspecting ===> img.20190701_111646.2019-06-30_20-47-13_000.jpg.4.png
[20190701_111649 / lib_ip.py:4505] 
img.20190701_111646.2019-06-30_20-47-13_000.jpg.4.png 3 ---------------------
[20190701_111649 / lib_ip.py:3753] file = img.20190701_111646.2019-06-30_20-47-13_000.jpg.4.png / val_Average = 48.6970	val_Variance = 1924.6334	sd = 43.8706	max = 135	min = 0
[20190701_111649 / lib_ip.py:3836] len(Hs) = 8100, len(Ss) = 8100, len(Vs) = 8100
[20190701_111649 / lib_ip.py:3869] yellow : variance --> out of range (variance = 1924.633 / upper = 0.650 / lower = 0.000)
[20190701_111650 / lib_ip.py:3753] file = img.20190701_111646.2019-06-30_20-47-13_000.jpg.4.png / val_Average = 48.6970	val_Variance = 1924.6334	sd = 43.8706	max = 135	min = 0
[20190701_111650 / lib_ip.py:3936] len(Hs) = 8100, len(Ss) = 8100, len(Vs) = 8100
[20190701_111650 / lib_ip.py:3982] red : variance --> out of range (variance = 1924.633 / upper = 0.430 / lower = 0.000)
[20190701_111650 / lib_ip.py:3753] file = img.20190701_111646.2019-06-30_20-47-13_000.jpg.4.png / val_Average = 48.6970	val_Variance = 1924.6334	sd = 43.8706	max = 135	min = 0
[20190701_111650 / lib_ip.py:4052] len(Hs) = 8100, len(Ss) = 8100, len(Vs) = 8100
[20190701_111650 / lib_ip.py:4099] green : variance --> out of range (variance = 1924.633 / upper = 0.760 / lower = 0.000)
[20190701_111650 / lib_ip.py:3753] file = img.20190701_111646.2019-06-30_20-47-13_000.jpg.4.png / val_Average = 48.6970	val_Variance = 1924.6334	sd = 43.8706	max = 135	min = 0
[20190701_111650 / lib_ip.py:4169] len(Hs) = 8100, len(Ss) = 8100, len(Vs) = 8100
[20190701_111650 / lib_ip.py:4208] blue : variance --> out of range (variance = 1924.633 / upper = 0.930 / lower = 0.010)
[20190701_111650 / lib_ip.py:3753] file = img.20190701_111646.2019-06-30_20-47-13_000.jpg.4.png / val_Average = 48.6970	val_Variance = 1924.6334	sd = 43.8706	max = 135	min = 0
[20190701_111650 / lib_ip.py:4275] len(Hs) = 8100, len(Ss) = 8100, len(Vs) = 8100
[20190701_111650 / lib_ip.py:4314] pink : variance --> out of range (variance = 1924.633 / upper = 0.750 / lower = 0.030)
[20190701_111650 / lib_ip.py:3753] file = img.20190701_111646.2019-06-30_20-47-13_000.jpg.4.png / val_Average = 48.6970	val_Variance = 1924.6334	sd = 43.8706	max = 135	min = 0
[20190701_111650 / lib_ip.py:4378] len(Hs) = 8100, len(Ss) = 8100, len(Vs) = 8100
[20190701_111650 / lib_ip.py:4422] black : variance --> out of range (variance = 1924.633 / upper = 0.000 / lower = 0.000)
[20190701_111650 / lib_ip.py:4593] file : img.20190701_111646.2019-06-30_20-47-13_000.jpg.4.png 3 (black : variance --> out of range (variance = 1924.633 / upper = 0.000 / lower = 0.000))
[20190701_111649 / lib_ip.py:2274] inspecting ===> img.20190701_111646.2019-06-30_20-47-13_000.jpg.4.png
img.20190701_111646.2019-06-30_20-47-13_000.jpg.1.png => yellow
img.20190701_111646.2019-06-30_20-47-13_000.jpg.2.png => other
img.20190701_111646.2019-06-30_20-47-13_000.jpg.3.png => other
img.20190701_111646.2019-06-30_20-47-13_000.jpg.4.png => other
[20190701_111650 lib_ip.py:3301] =============== Get 4 corners
dpath_Images = C:\WORKS_2\WS\WS_Others.Art\JVEMV6\46_art\VIRTUAL\Admin_Projects\ip\images
fname_Image = img.20190701_111646.2019-06-30_20-47-13_000.jpg.4.png

[20190701_111651 / lib_ip.py:2274] inspecting ===> img.20190701_111651.2019-07-01_02-20-14_000.png.1.png
[20190701_111651 / lib_ip.py:4505] 
img.20190701_111651.2019-07-01_02-20-14_000.png.1.png 0 ---------------------
[20190701_111651 / lib_ip.py:3753] file = img.20190701_111651.2019-07-01_02-20-14_000.png.1.png / val_Average = 80.1814	val_Variance = 1429.0702	sd = 37.8030	max = 150	min = 0
[20190701_111651 / lib_ip.py:3836] len(Hs) = 8100, len(Ss) = 8100, len(Vs) = 8100
[20190701_111652 / lib_ip.py:3869] yellow : variance --> out of range (variance = 1429.070 / upper = 0.650 / lower = 0.000)
[20190701_111652 / lib_ip.py:3753] file = img.20190701_111651.2019-07-01_02-20-14_000.png.1.png / val_Average = 80.1814	val_Variance = 1429.0702	sd = 37.8030	max = 150	min = 0
[20190701_111652 / lib_ip.py:3936] len(Hs) = 8100, len(Ss) = 8100, len(Vs) = 8100
[20190701_111652 / lib_ip.py:3982] red : variance --> out of range (variance = 1429.070 / upper = 0.430 / lower = 0.000)
[20190701_111652 / lib_ip.py:3753] file = img.20190701_111651.2019-07-01_02-20-14_000.png.1.png / val_Average = 80.1814	val_Variance = 1429.0702	sd = 37.8030	max = 150	min = 0
[20190701_111652 / lib_ip.py:4052] len(Hs) = 8100, len(Ss) = 8100, len(Vs) = 8100
[20190701_111652 / lib_ip.py:4099] green : variance --> out of range (variance = 1429.070 / upper = 0.760 / lower = 0.000)
[20190701_111652 / lib_ip.py:3753] file = img.20190701_111651.2019-07-01_02-20-14_000.png.1.png / val_Average = 80.1814	val_Variance = 1429.0702	sd = 37.8030	max = 150	min = 0
[20190701_111652 / lib_ip.py:4169] len(Hs) = 8100, len(Ss) = 8100, len(Vs) = 8100
[20190701_111652 / lib_ip.py:4208] blue : variance --> out of range (variance = 1429.070 / upper = 0.930 / lower = 0.010)
[20190701_111652 / lib_ip.py:3753] file = img.20190701_111651.2019-07-01_02-20-14_000.png.1.png / val_Average = 80.1814	val_Variance = 1429.0702	sd = 37.8030	max = 150	min = 0
[20190701_111652 / lib_ip.py:4275] len(Hs) = 8100, len(Ss) = 8100, len(Vs) = 8100
[20190701_111652 / lib_ip.py:4314] pink : variance --> out of range (variance = 1429.070 / upper = 0.750 / lower = 0.030)
[20190701_111652 / lib_ip.py:3753] file = img.20190701_111651.2019-07-01_02-20-14_000.png.1.png / val_Average = 80.1814	val_Variance = 1429.0702	sd = 37.8030	max = 150	min = 0
[20190701_111652 / lib_ip.py:4378] len(Hs) = 8100, len(Ss) = 8100, len(Vs) = 8100
[20190701_111653 / lib_ip.py:4422] black : variance --> out of range (variance = 1429.070 / upper = 0.000 / lower = 0.000)
[20190701_111653 / lib_ip.py:4593] file : img.20190701_111651.2019-07-01_02-20-14_000.png.1.png 0 (black : variance --> out of range (variance = 1429.070 / upper = 0.000 / lower = 0.000))
[20190701_111653 / lib_ip.py:2274] inspecting ===> img.20190701_111651.2019-07-01_02-20-14_000.png.2.png
[20190701_111653 / lib_ip.py:4505] 
img.20190701_111651.2019-07-01_02-20-14_000.png.2.png 1 ---------------------
[20190701_111653 / lib_ip.py:3753] file = img.20190701_111651.2019-07-01_02-20-14_000.png.2.png / val_Average = 40.7807	val_Variance = 5509.8095	sd = 74.2281	max = 179	min = 0
[20190701_111653 / lib_ip.py:3836] len(Hs) = 8100, len(Ss) = 8100, len(Vs) = 8100
[20190701_111653 / lib_ip.py:3869] yellow : variance --> out of range (variance = 5509.809 / upper = 0.650 / lower = 0.000)
[20190701_111653 / lib_ip.py:3753] file = img.20190701_111651.2019-07-01_02-20-14_000.png.2.png / val_Average = 40.7807	val_Variance = 5509.8095	sd = 74.2281	max = 179	min = 0
[20190701_111653 / lib_ip.py:3936] len(Hs) = 8100, len(Ss) = 8100, len(Vs) = 8100
[20190701_111653 / lib_ip.py:3982] red : variance --> out of range (variance = 5509.809 / upper = 0.430 / lower = 0.000)
[20190701_111653 / lib_ip.py:3753] file = img.20190701_111651.2019-07-01_02-20-14_000.png.2.png / val_Average = 40.7807	val_Variance = 5509.8095	sd = 74.2281	max = 179	min = 0
[20190701_111654 / lib_ip.py:4052] len(Hs) = 8100, len(Ss) = 8100, len(Vs) = 8100
[20190701_111654 / lib_ip.py:4099] green : variance --> out of range (variance = 5509.809 / upper = 0.760 / lower = 0.000)
[20190701_111654 / lib_ip.py:3753] file = img.20190701_111651.2019-07-01_02-20-14_000.png.2.png / val_Average = 40.7807	val_Variance = 5509.8095	sd = 74.2281	max = 179	min = 0
[20190701_111654 / lib_ip.py:4169] len(Hs) = 8100, len(Ss) = 8100, len(Vs) = 8100
[20190701_111654 / lib_ip.py:4208] blue : variance --> out of range (variance = 5509.809 / upper = 0.930 / lower = 0.010)
[20190701_111654 / lib_ip.py:3753] file = img.20190701_111651.2019-07-01_02-20-14_000.png.2.png / val_Average = 40.7807	val_Variance = 5509.8095	sd = 74.2281	max = 179	min = 0
[20190701_111654 / lib_ip.py:4275] len(Hs) = 8100, len(Ss) = 8100, len(Vs) = 8100
[20190701_111654 / lib_ip.py:4314] pink : variance --> out of range (variance = 5509.809 / upper = 0.750 / lower = 0.030)
[20190701_111654 / lib_ip.py:3753] file = img.20190701_111651.2019-07-01_02-20-14_000.png.2.png / val_Average = 40.7807	val_Variance = 5509.8095	sd = 74.2281	max = 179	min = 0
[20190701_111654 / lib_ip.py:4378] len(Hs) = 8100, len(Ss) = 8100, len(Vs) = 8100
[20190701_111654 / lib_ip.py:4422] black : variance --> out of range (variance = 5509.809 / upper = 0.000 / lower = 0.000)
[20190701_111654 / lib_ip.py:4593] file : img.20190701_111651.2019-07-01_02-20-14_000.png.2.png 1 (black : variance --> out of range (variance = 5509.809 / upper = 0.000 / lower = 0.000))
[20190701_111654 / lib_ip.py:2274] inspecting ===> img.20190701_111651.2019-07-01_02-20-14_000.png.3.png
[20190701_111654 / lib_ip.py:4505] 
img.20190701_111651.2019-07-01_02-20-14_000.png.3.png 2 ---------------------
[20190701_111655 / lib_ip.py:3753] file = img.20190701_111651.2019-07-01_02-20-14_000.png.3.png / val_Average = 101.1428	val_Variance = 539.0953	sd = 23.2184	max = 178	min = 87
[20190701_111655 / lib_ip.py:3836] len(Hs) = 8100, len(Ss) = 8100, len(Vs) = 8100
[20190701_111655 / lib_ip.py:3869] yellow : variance --> out of range (variance = 539.095 / upper = 0.650 / lower = 0.000)
[20190701_111655 / lib_ip.py:3753] file = img.20190701_111651.2019-07-01_02-20-14_000.png.3.png / val_Average = 101.1428	val_Variance = 539.0953	sd = 23.2184	max = 178	min = 87
[20190701_111655 / lib_ip.py:3936] len(Hs) = 8100, len(Ss) = 8100, len(Vs) = 8100
[20190701_111655 / lib_ip.py:3982] red : variance --> out of range (variance = 539.095 / upper = 0.430 / lower = 0.000)
[20190701_111655 / lib_ip.py:3753] file = img.20190701_111651.2019-07-01_02-20-14_000.png.3.png / val_Average = 101.1428	val_Variance = 539.0953	sd = 23.2184	max = 178	min = 87
[20190701_111655 / lib_ip.py:4052] len(Hs) = 8100, len(Ss) = 8100, len(Vs) = 8100
[20190701_111655 / lib_ip.py:4099] green : variance --> out of range (variance = 539.095 / upper = 0.760 / lower = 0.000)
[20190701_111655 / lib_ip.py:3753] file = img.20190701_111651.2019-07-01_02-20-14_000.png.3.png / val_Average = 101.1428	val_Variance = 539.0953	sd = 23.2184	max = 178	min = 87
[20190701_111655 / lib_ip.py:4169] len(Hs) = 8100, len(Ss) = 8100, len(Vs) = 8100
[20190701_111655 / lib_ip.py:4208] blue : variance --> out of range (variance = 539.095 / upper = 0.930 / lower = 0.010)
[20190701_111655 / lib_ip.py:3753] file = img.20190701_111651.2019-07-01_02-20-14_000.png.3.png / val_Average = 101.1428	val_Variance = 539.0953	sd = 23.2184	max = 178	min = 87
[20190701_111656 / lib_ip.py:4275] len(Hs) = 8100, len(Ss) = 8100, len(Vs) = 8100
[20190701_111656 / lib_ip.py:4314] pink : variance --> out of range (variance = 539.095 / upper = 0.750 / lower = 0.030)
[20190701_111656 / lib_ip.py:3753] file = img.20190701_111651.2019-07-01_02-20-14_000.png.3.png / val_Average = 101.1428	val_Variance = 539.0953	sd = 23.2184	max = 178	min = 87
[20190701_111656 / lib_ip.py:4378] len(Hs) = 8100, len(Ss) = 8100, len(Vs) = 8100
[20190701_111656 / lib_ip.py:4422] black : variance --> out of range (variance = 539.095 / upper = 0.000 / lower = 0.000)
[20190701_111656 / lib_ip.py:4593] file : img.20190701_111651.2019-07-01_02-20-14_000.png.3.png 2 (black : variance --> out of range (variance = 539.095 / upper = 0.000 / lower = 0.000))
[20190701_111656 / lib_ip.py:2274] inspecting ===> img.20190701_111651.2019-07-01_02-20-14_000.png.4.png
[20190701_111656 / lib_ip.py:4505] 
img.20190701_111651.2019-07-01_02-20-14_000.png.4.png 3 ---------------------
[20190701_111656 / lib_ip.py:3753] file = img.20190701_111651.2019-07-01_02-20-14_000.png.4.png / val_Average = 79.8348	val_Variance = 7443.7046	sd = 86.2769	max = 178	min = 0
[20190701_111656 / lib_ip.py:3836] len(Hs) = 8100, len(Ss) = 8100, len(Vs) = 8100
[20190701_111656 / lib_ip.py:3869] yellow : variance --> out of range (variance = 7443.705 / upper = 0.650 / lower = 0.000)
[20190701_111656 / lib_ip.py:3753] file = img.20190701_111651.2019-07-01_02-20-14_000.png.4.png / val_Average = 79.8348	val_Variance = 7443.7046	sd = 86.2769	max = 178	min = 0
[20190701_111656 / lib_ip.py:3936] len(Hs) = 8100, len(Ss) = 8100, len(Vs) = 8100
[20190701_111656 / lib_ip.py:3982] red : variance --> out of range (variance = 7443.705 / upper = 0.430 / lower = 0.000)
[20190701_111656 / lib_ip.py:3753] file = img.20190701_111651.2019-07-01_02-20-14_000.png.4.png / val_Average = 79.8348	val_Variance = 7443.7046	sd = 86.2769	max = 178	min = 0
[20190701_111656 / lib_ip.py:4052] len(Hs) = 8100, len(Ss) = 8100, len(Vs) = 8100
[20190701_111657 / lib_ip.py:4099] green : variance --> out of range (variance = 7443.705 / upper = 0.760 / lower = 0.000)
[20190701_111657 / lib_ip.py:3753] file = img.20190701_111651.2019-07-01_02-20-14_000.png.4.png / val_Average = 79.8348	val_Variance = 7443.7046	sd = 86.2769	max = 178	min = 0
[20190701_111657 / lib_ip.py:4169] len(Hs) = 8100, len(Ss) = 8100, len(Vs) = 8100
[20190701_111657 / lib_ip.py:4208] blue : variance --> out of range (variance = 7443.705 / upper = 0.930 / lower = 0.010)
[20190701_111657 / lib_ip.py:3753] file = img.20190701_111651.2019-07-01_02-20-14_000.png.4.png / val_Average = 79.8348	val_Variance = 7443.7046	sd = 86.2769	max = 178	min = 0
[20190701_111657 / lib_ip.py:4275] len(Hs) = 8100, len(Ss) = 8100, len(Vs) = 8100
[20190701_111657 / lib_ip.py:4314] pink : variance --> out of range (variance = 7443.705 / upper = 0.750 / lower = 0.030)
[20190701_111657 / lib_ip.py:3753] file = img.20190701_111651.2019-07-01_02-20-14_000.png.4.png / val_Average = 79.8348	val_Variance = 7443.7046	sd = 86.2769	max = 178	min = 0
[20190701_111657 / lib_ip.py:4378] len(Hs) = 8100, len(Ss) = 8100, len(Vs) = 8100
[20190701_111657 / lib_ip.py:4422] black : variance --> out of range (variance = 7443.705 / upper = 0.000 / lower = 0.000)
[20190701_111657 / lib_ip.py:4593] file : img.20190701_111651.2019-07-01_02-20-14_000.png.4.png 3 (black : variance --> out of range (variance = 7443.705 / upper = 0.000 / lower = 0.000))
[20190701_111656 / lib_ip.py:2274] inspecting ===> img.20190701_111651.2019-07-01_02-20-14_000.png.4.png
img.20190701_111651.2019-07-01_02-20-14_000.png.1.png => other
img.20190701_111651.2019-07-01_02-20-14_000.png.2.png => other
img.20190701_111651.2019-07-01_02-20-14_000.png.3.png => other
img.20190701_111651.2019-07-01_02-20-14_000.png.4.png => other
[20190701_111657 lib_ip.py:3301] =============== Get 4 corners
dpath_Images = C:\WORKS_2\WS\WS_Others.Art\JVEMV6\46_art\VIRTUAL\Admin_Projects\ip\images
fname_Image = img.20190701_111651.2019-07-01_02-20-14_000.png.4.png

[20190701_111658 / lib_ip.py:2274] inspecting ===> img.20190701_111658.2019-07-01_09-58-00_000.jpg.1.png
[20190701_111658 / lib_ip.py:4505] 
img.20190701_111658.2019-07-01_09-58-00_000.jpg.1.png 0 ---------------------
[20190701_111658 / lib_ip.py:3753] file = img.20190701_111658.2019-07-01_09-58-00_000.jpg.1.png / val_Average = 100.2874	val_Variance = 42.8655	sd = 6.5472	max = 150	min = 75
[20190701_111658 / lib_ip.py:3836] len(Hs) = 8100, len(Ss) = 8100, len(Vs) = 8100
[20190701_111658 / lib_ip.py:3869] yellow : variance --> out of range (variance = 42.866 / upper = 0.650 / lower = 0.000)
[20190701_111659 / lib_ip.py:3753] file = img.20190701_111658.2019-07-01_09-58-00_000.jpg.1.png / val_Average = 100.2874	val_Variance = 42.8655	sd = 6.5472	max = 150	min = 75
[20190701_111659 / lib_ip.py:3936] len(Hs) = 8100, len(Ss) = 8100, len(Vs) = 8100
[20190701_111659 / lib_ip.py:3982] red : variance --> out of range (variance = 42.866 / upper = 0.430 / lower = 0.000)
[20190701_111659 / lib_ip.py:3753] file = img.20190701_111658.2019-07-01_09-58-00_000.jpg.1.png / val_Average = 100.2874	val_Variance = 42.8655	sd = 6.5472	max = 150	min = 75
[20190701_111659 / lib_ip.py:4052] len(Hs) = 8100, len(Ss) = 8100, len(Vs) = 8100
[20190701_111659 / lib_ip.py:4099] green : variance --> out of range (variance = 42.866 / upper = 0.760 / lower = 0.000)
[20190701_111659 / lib_ip.py:3753] file = img.20190701_111658.2019-07-01_09-58-00_000.jpg.1.png / val_Average = 100.2874	val_Variance = 42.8655	sd = 6.5472	max = 150	min = 75
[20190701_111659 / lib_ip.py:4169] len(Hs) = 8100, len(Ss) = 8100, len(Vs) = 8100
[20190701_111659 / lib_ip.py:4208] blue : variance --> out of range (variance = 42.866 / upper = 0.930 / lower = 0.010)
[20190701_111659 / lib_ip.py:3753] file = img.20190701_111658.2019-07-01_09-58-00_000.jpg.1.png / val_Average = 100.2874	val_Variance = 42.8655	sd = 6.5472	max = 150	min = 75
[20190701_111659 / lib_ip.py:4275] len(Hs) = 8100, len(Ss) = 8100, len(Vs) = 8100
[20190701_111700 / lib_ip.py:4314] pink : variance --> out of range (variance = 42.866 / upper = 0.750 / lower = 0.030)
[20190701_111700 / lib_ip.py:3753] file = img.20190701_111658.2019-07-01_09-58-00_000.jpg.1.png / val_Average = 100.2874	val_Variance = 42.8655	sd = 6.5472	max = 150	min = 75
[20190701_111700 / lib_ip.py:4378] len(Hs) = 8100, len(Ss) = 8100, len(Vs) = 8100
[20190701_111700 / lib_ip.py:4422] black : variance --> out of range (variance = 42.866 / upper = 0.000 / lower = 0.000)
[20190701_111700 / lib_ip.py:4593] file : img.20190701_111658.2019-07-01_09-58-00_000.jpg.1.png 0 (black : variance --> out of range (variance = 42.866 / upper = 0.000 / lower = 0.000))
[20190701_111700 / lib_ip.py:2274] inspecting ===> img.20190701_111658.2019-07-01_09-58-00_000.jpg.2.png
[20190701_111700 / lib_ip.py:4505] 
img.20190701_111658.2019-07-01_09-58-00_000.jpg.2.png 1 ---------------------
[20190701_111700 / lib_ip.py:3753] file = img.20190701_111658.2019-07-01_09-58-00_000.jpg.2.png / val_Average = 63.7288	val_Variance = 2013.3495	sd = 44.8704	max = 120	min = 0
[20190701_111700 / lib_ip.py:3836] len(Hs) = 8100, len(Ss) = 8100, len(Vs) = 8100
[20190701_111700 / lib_ip.py:3869] yellow : variance --> out of range (variance = 2013.350 / upper = 0.650 / lower = 0.000)
[20190701_111700 / lib_ip.py:3753] file = img.20190701_111658.2019-07-01_09-58-00_000.jpg.2.png / val_Average = 63.7288	val_Variance = 2013.3495	sd = 44.8704	max = 120	min = 0
[20190701_111700 / lib_ip.py:3936] len(Hs) = 8100, len(Ss) = 8100, len(Vs) = 8100
[20190701_111700 / lib_ip.py:3982] red : variance --> out of range (variance = 2013.350 / upper = 0.430 / lower = 0.000)
[20190701_111701 / lib_ip.py:3753] file = img.20190701_111658.2019-07-01_09-58-00_000.jpg.2.png / val_Average = 63.7288	val_Variance = 2013.3495	sd = 44.8704	max = 120	min = 0
[20190701_111701 / lib_ip.py:4052] len(Hs) = 8100, len(Ss) = 8100, len(Vs) = 8100
[20190701_111701 / lib_ip.py:4099] green : variance --> out of range (variance = 2013.350 / upper = 0.760 / lower = 0.000)
[20190701_111701 / lib_ip.py:3753] file = img.20190701_111658.2019-07-01_09-58-00_000.jpg.2.png / val_Average = 63.7288	val_Variance = 2013.3495	sd = 44.8704	max = 120	min = 0
[20190701_111701 / lib_ip.py:4169] len(Hs) = 8100, len(Ss) = 8100, len(Vs) = 8100
[20190701_111701 / lib_ip.py:4208] blue : variance --> out of range (variance = 2013.350 / upper = 0.930 / lower = 0.010)
[20190701_111701 / lib_ip.py:3753] file = img.20190701_111658.2019-07-01_09-58-00_000.jpg.2.png / val_Average = 63.7288	val_Variance = 2013.3495	sd = 44.8704	max = 120	min = 0
[20190701_111701 / lib_ip.py:4275] len(Hs) = 8100, len(Ss) = 8100, len(Vs) = 8100
[20190701_111701 / lib_ip.py:4314] pink : variance --> out of range (variance = 2013.350 / upper = 0.750 / lower = 0.030)
[20190701_111701 / lib_ip.py:3753] file = img.20190701_111658.2019-07-01_09-58-00_000.jpg.2.png / val_Average = 63.7288	val_Variance = 2013.3495	sd = 44.8704	max = 120	min = 0
[20190701_111701 / lib_ip.py:4378] len(Hs) = 8100, len(Ss) = 8100, len(Vs) = 8100
[20190701_111701 / lib_ip.py:4422] black : variance --> out of range (variance = 2013.350 / upper = 0.000 / lower = 0.000)
[20190701_111701 / lib_ip.py:4593] file : img.20190701_111658.2019-07-01_09-58-00_000.jpg.2.png 1 (black : variance --> out of range (variance = 2013.350 / upper = 0.000 / lower = 0.000))
[20190701_111701 / lib_ip.py:2274] inspecting ===> img.20190701_111658.2019-07-01_09-58-00_000.jpg.3.png
[20190701_111701 / lib_ip.py:4505] 
img.20190701_111658.2019-07-01_09-58-00_000.jpg.3.png 2 ---------------------
[20190701_111701 / lib_ip.py:3753] file = img.20190701_111658.2019-07-01_09-58-00_000.jpg.3.png / val_Average = 102.7647	val_Variance = 0.4473	sd = 0.6688	max = 105	min = 101
[20190701_111702 / lib_ip.py:3836] len(Hs) = 8100, len(Ss) = 8100, len(Vs) = 8100
[20190701_111702 / lib_ip.py:3891] yellow : average --> out of range (average = 102.765 / upper = 99.200 / lower = 85.500)
[20190701_111702 / lib_ip.py:3753] file = img.20190701_111658.2019-07-01_09-58-00_000.jpg.3.png / val_Average = 102.7647	val_Variance = 0.4473	sd = 0.6688	max = 105	min = 101
[20190701_111702 / lib_ip.py:3936] len(Hs) = 8100, len(Ss) = 8100, len(Vs) = 8100
[20190701_111702 / lib_ip.py:3982] red : variance --> out of range (variance = 0.447 / upper = 0.430 / lower = 0.000)
[20190701_111702 / lib_ip.py:3753] file = img.20190701_111658.2019-07-01_09-58-00_000.jpg.3.png / val_Average = 102.7647	val_Variance = 0.4473	sd = 0.6688	max = 105	min = 101
[20190701_111702 / lib_ip.py:4052] len(Hs) = 8100, len(Ss) = 8100, len(Vs) = 8100
[20190701_111702 / lib_ip.py:4124] green : average --> out of range (average = 102.765 / upper = 85.000 / lower = 58.000)
[20190701_111702 / lib_ip.py:3753] file = img.20190701_111658.2019-07-01_09-58-00_000.jpg.3.png / val_Average = 102.7647	val_Variance = 0.4473	sd = 0.6688	max = 105	min = 101
[20190701_111702 / lib_ip.py:4169] len(Hs) = 8100, len(Ss) = 8100, len(Vs) = 8100
[20190701_111702 / lib_ip.py:4230] blue : average --> out of range (average = 102.765 / upper = 17.000 / lower = 8.850)
[20190701_111702 / lib_ip.py:3753] file = img.20190701_111658.2019-07-01_09-58-00_000.jpg.3.png / val_Average = 102.7647	val_Variance = 0.4473	sd = 0.6688	max = 105	min = 101
[20190701_111702 / lib_ip.py:4275] len(Hs) = 8100, len(Ss) = 8100, len(Vs) = 8100
[20190701_111702 / lib_ip.py:4336] pink : average --> out of range (average = 102.765 / upper = 141.000 / lower = 127.900)
[20190701_111703 / lib_ip.py:3753] file = img.20190701_111658.2019-07-01_09-58-00_000.jpg.3.png / val_Average = 102.7647	val_Variance = 0.4473	sd = 0.6688	max = 105	min = 101
[20190701_111703 / lib_ip.py:4378] len(Hs) = 8100, len(Ss) = 8100, len(Vs) = 8100
[20190701_111703 / lib_ip.py:4422] black : variance --> out of range (variance = 0.447 / upper = 0.000 / lower = 0.000)
[20190701_111703 / lib_ip.py:4593] file : img.20190701_111658.2019-07-01_09-58-00_000.jpg.3.png 2 (black : variance --> out of range (variance = 0.447 / upper = 0.000 / lower = 0.000))
[20190701_111703 / lib_ip.py:2274] inspecting ===> img.20190701_111658.2019-07-01_09-58-00_000.jpg.4.png
[20190701_111703 / lib_ip.py:4505] 
img.20190701_111658.2019-07-01_09-58-00_000.jpg.4.png 3 ---------------------
[20190701_111703 / lib_ip.py:3753] file = img.20190701_111658.2019-07-01_09-58-00_000.jpg.4.png / val_Average = 103.9188	val_Variance = 0.2850	sd = 0.5339	max = 106	min = 101
[20190701_111703 / lib_ip.py:3836] len(Hs) = 8100, len(Ss) = 8100, len(Vs) = 8100
[20190701_111703 / lib_ip.py:3891] yellow : average --> out of range (average = 103.919 / upper = 99.200 / lower = 85.500)
[20190701_111703 / lib_ip.py:3753] file = img.20190701_111658.2019-07-01_09-58-00_000.jpg.4.png / val_Average = 103.9188	val_Variance = 0.2850	sd = 0.5339	max = 106	min = 101
[20190701_111703 / lib_ip.py:3936] len(Hs) = 8100, len(Ss) = 8100, len(Vs) = 8100
[20190701_111703 / lib_ip.py:4007] red : average --> out of range (average = 103.919 / upper = 124.600 / lower = 115.000)
[20190701_111703 / lib_ip.py:3753] file = img.20190701_111658.2019-07-01_09-58-00_000.jpg.4.png / val_Average = 103.9188	val_Variance = 0.2850	sd = 0.5339	max = 106	min = 101
[20190701_111703 / lib_ip.py:4052] len(Hs) = 8100, len(Ss) = 8100, len(Vs) = 8100
[20190701_111703 / lib_ip.py:4124] green : average --> out of range (average = 103.919 / upper = 85.000 / lower = 58.000)
[20190701_111704 / lib_ip.py:3753] file = img.20190701_111658.2019-07-01_09-58-00_000.jpg.4.png / val_Average = 103.9188	val_Variance = 0.2850	sd = 0.5339	max = 106	min = 101
[20190701_111704 / lib_ip.py:4169] len(Hs) = 8100, len(Ss) = 8100, len(Vs) = 8100
[20190701_111704 / lib_ip.py:4230] blue : average --> out of range (average = 103.919 / upper = 17.000 / lower = 8.850)
[20190701_111704 / lib_ip.py:3753] file = img.20190701_111658.2019-07-01_09-58-00_000.jpg.4.png / val_Average = 103.9188	val_Variance = 0.2850	sd = 0.5339	max = 106	min = 101
[20190701_111704 / lib_ip.py:4275] len(Hs) = 8100, len(Ss) = 8100, len(Vs) = 8100
[20190701_111704 / lib_ip.py:4336] pink : average --> out of range (average = 103.919 / upper = 141.000 / lower = 127.900)
[20190701_111704 / lib_ip.py:3753] file = img.20190701_111658.2019-07-01_09-58-00_000.jpg.4.png / val_Average = 103.9188	val_Variance = 0.2850	sd = 0.5339	max = 106	min = 101
[20190701_111704 / lib_ip.py:4378] len(Hs) = 8100, len(Ss) = 8100, len(Vs) = 8100
[20190701_111704 / lib_ip.py:4422] black : variance --> out of range (variance = 0.285 / upper = 0.000 / lower = 0.000)
[20190701_111704 / lib_ip.py:4593] file : img.20190701_111658.2019-07-01_09-58-00_000.jpg.4.png 3 (black : variance --> out of range (variance = 0.285 / upper = 0.000 / lower = 0.000))
[20190701_111703 / lib_ip.py:2274] inspecting ===> img.20190701_111658.2019-07-01_09-58-00_000.jpg.4.png
img.20190701_111658.2019-07-01_09-58-00_000.jpg.1.png => other
img.20190701_111658.2019-07-01_09-58-00_000.jpg.2.png => other
img.20190701_111658.2019-07-01_09-58-00_000.jpg.3.png => other
img.20190701_111658.2019-07-01_09-58-00_000.jpg.4.png => other
[20190701_111704 lib_ip.py:3301] =============== Get 4 corners
dpath_Images = C:\WORKS_2\WS\WS_Others.Art\JVEMV6\46_art\VIRTUAL\Admin_Projects\ip\images
fname_Image = img.20190701_111658.2019-07-01_09-58-00_000.jpg.4.png

[20190701_111705 / lib_ip.py:2274] inspecting ===> img.20190701_111705.2019-07-01_10-48-11_000.jpg.1.png
[20190701_111705 / lib_ip.py:4505] 
img.20190701_111705.2019-07-01_10-48-11_000.jpg.1.png 0 ---------------------
[20190701_111705 / lib_ip.py:3753] file = img.20190701_111705.2019-07-01_10-48-11_000.jpg.1.png / val_Average = 106.5384	val_Variance = 2.2596	sd = 1.5032	max = 114	min = 99
[20190701_111706 / lib_ip.py:3836] len(Hs) = 8100, len(Ss) = 8100, len(Vs) = 8100
[20190701_111706 / lib_ip.py:3869] yellow : variance --> out of range (variance = 2.260 / upper = 0.650 / lower = 0.000)
[20190701_111706 / lib_ip.py:3753] file = img.20190701_111705.2019-07-01_10-48-11_000.jpg.1.png / val_Average = 106.5384	val_Variance = 2.2596	sd = 1.5032	max = 114	min = 99
[20190701_111706 / lib_ip.py:3936] len(Hs) = 8100, len(Ss) = 8100, len(Vs) = 8100
[20190701_111706 / lib_ip.py:3982] red : variance --> out of range (variance = 2.260 / upper = 0.430 / lower = 0.000)
[20190701_111706 / lib_ip.py:3753] file = img.20190701_111705.2019-07-01_10-48-11_000.jpg.1.png / val_Average = 106.5384	val_Variance = 2.2596	sd = 1.5032	max = 114	min = 99
[20190701_111706 / lib_ip.py:4052] len(Hs) = 8100, len(Ss) = 8100, len(Vs) = 8100
[20190701_111706 / lib_ip.py:4099] green : variance --> out of range (variance = 2.260 / upper = 0.760 / lower = 0.000)
[20190701_111706 / lib_ip.py:3753] file = img.20190701_111705.2019-07-01_10-48-11_000.jpg.1.png / val_Average = 106.5384	val_Variance = 2.2596	sd = 1.5032	max = 114	min = 99
[20190701_111706 / lib_ip.py:4169] len(Hs) = 8100, len(Ss) = 8100, len(Vs) = 8100
[20190701_111706 / lib_ip.py:4208] blue : variance --> out of range (variance = 2.260 / upper = 0.930 / lower = 0.010)
[20190701_111706 / lib_ip.py:3753] file = img.20190701_111705.2019-07-01_10-48-11_000.jpg.1.png / val_Average = 106.5384	val_Variance = 2.2596	sd = 1.5032	max = 114	min = 99
[20190701_111706 / lib_ip.py:4275] len(Hs) = 8100, len(Ss) = 8100, len(Vs) = 8100
[20190701_111706 / lib_ip.py:4314] pink : variance --> out of range (variance = 2.260 / upper = 0.750 / lower = 0.030)
[20190701_111706 / lib_ip.py:3753] file = img.20190701_111705.2019-07-01_10-48-11_000.jpg.1.png / val_Average = 106.5384	val_Variance = 2.2596	sd = 1.5032	max = 114	min = 99
[20190701_111706 / lib_ip.py:4378] len(Hs) = 8100, len(Ss) = 8100, len(Vs) = 8100
[20190701_111706 / lib_ip.py:4422] black : variance --> out of range (variance = 2.260 / upper = 0.000 / lower = 0.000)
[20190701_111706 / lib_ip.py:4593] file : img.20190701_111705.2019-07-01_10-48-11_000.jpg.1.png 0 (black : variance --> out of range (variance = 2.260 / upper = 0.000 / lower = 0.000))
[20190701_111706 / lib_ip.py:2274] inspecting ===> img.20190701_111705.2019-07-01_10-48-11_000.jpg.2.png
[20190701_111706 / lib_ip.py:4505] 
img.20190701_111705.2019-07-01_10-48-11_000.jpg.2.png 1 ---------------------
[20190701_111707 / lib_ip.py:3753] file = img.20190701_111705.2019-07-01_10-48-11_000.jpg.2.png / val_Average = 76.2328	val_Variance = 0.2070	sd = 0.4550	max = 77	min = 75
[20190701_111707 / lib_ip.py:3836] len(Hs) = 8100, len(Ss) = 8100, len(Vs) = 8100
[20190701_111707 / lib_ip.py:3891] yellow : average --> out of range (average = 76.233 / upper = 99.200 / lower = 85.500)
[20190701_111707 / lib_ip.py:3753] file = img.20190701_111705.2019-07-01_10-48-11_000.jpg.2.png / val_Average = 76.2328	val_Variance = 0.2070	sd = 0.4550	max = 77	min = 75
[20190701_111707 / lib_ip.py:3936] len(Hs) = 8100, len(Ss) = 8100, len(Vs) = 8100
[20190701_111707 / lib_ip.py:4007] red : average --> out of range (average = 76.233 / upper = 124.600 / lower = 115.000)
[20190701_111707 / lib_ip.py:3753] file = img.20190701_111705.2019-07-01_10-48-11_000.jpg.2.png / val_Average = 76.2328	val_Variance = 0.2070	sd = 0.4550	max = 77	min = 75
[20190701_111707 / lib_ip.py:4052] len(Hs) = 8100, len(Ss) = 8100, len(Vs) = 8100
[20190701_111707 / lib_ip.py:2274] inspecting ===> img.20190701_111705.2019-07-01_10-48-11_000.jpg.3.png
[20190701_111707 / lib_ip.py:4505] 
img.20190701_111705.2019-07-01_10-48-11_000.jpg.3.png 2 ---------------------
[20190701_111707 / lib_ip.py:3753] file = img.20190701_111705.2019-07-01_10-48-11_000.jpg.3.png / val_Average = 110.2500	val_Variance = 1.3421	sd = 1.1585	max = 115	min = 107
[20190701_111707 / lib_ip.py:3836] len(Hs) = 8100, len(Ss) = 8100, len(Vs) = 8100
[20190701_111708 / lib_ip.py:3869] yellow : variance --> out of range (variance = 1.342 / upper = 0.650 / lower = 0.000)
[20190701_111708 / lib_ip.py:3753] file = img.20190701_111705.2019-07-01_10-48-11_000.jpg.3.png / val_Average = 110.2500	val_Variance = 1.3421	sd = 1.1585	max = 115	min = 107
[20190701_111708 / lib_ip.py:3936] len(Hs) = 8100, len(Ss) = 8100, len(Vs) = 8100
[20190701_111708 / lib_ip.py:3982] red : variance --> out of range (variance = 1.342 / upper = 0.430 / lower = 0.000)
[20190701_111708 / lib_ip.py:3753] file = img.20190701_111705.2019-07-01_10-48-11_000.jpg.3.png / val_Average = 110.2500	val_Variance = 1.3421	sd = 1.1585	max = 115	min = 107
[20190701_111708 / lib_ip.py:4052] len(Hs) = 8100, len(Ss) = 8100, len(Vs) = 8100
[20190701_111708 / lib_ip.py:4099] green : variance --> out of range (variance = 1.342 / upper = 0.760 / lower = 0.000)
[20190701_111708 / lib_ip.py:3753] file = img.20190701_111705.2019-07-01_10-48-11_000.jpg.3.png / val_Average = 110.2500	val_Variance = 1.3421	sd = 1.1585	max = 115	min = 107
[20190701_111708 / lib_ip.py:4169] len(Hs) = 8100, len(Ss) = 8100, len(Vs) = 8100
[20190701_111708 / lib_ip.py:4208] blue : variance --> out of range (variance = 1.342 / upper = 0.930 / lower = 0.010)
[20190701_111708 / lib_ip.py:3753] file = img.20190701_111705.2019-07-01_10-48-11_000.jpg.3.png / val_Average = 110.2500	val_Variance = 1.3421	sd = 1.1585	max = 115	min = 107
[20190701_111708 / lib_ip.py:4275] len(Hs) = 8100, len(Ss) = 8100, len(Vs) = 8100
[20190701_111708 / lib_ip.py:4314] pink : variance --> out of range (variance = 1.342 / upper = 0.750 / lower = 0.030)
[20190701_111708 / lib_ip.py:3753] file = img.20190701_111705.2019-07-01_10-48-11_000.jpg.3.png / val_Average = 110.2500	val_Variance = 1.3421	sd = 1.1585	max = 115	min = 107
[20190701_111708 / lib_ip.py:4378] len(Hs) = 8100, len(Ss) = 8100, len(Vs) = 8100
[20190701_111708 / lib_ip.py:4422] black : variance --> out of range (variance = 1.342 / upper = 0.000 / lower = 0.000)
[20190701_111708 / lib_ip.py:4593] file : img.20190701_111705.2019-07-01_10-48-11_000.jpg.3.png 2 (black : variance --> out of range (variance = 1.342 / upper = 0.000 / lower = 0.000))
[20190701_111708 / lib_ip.py:2274] inspecting ===> img.20190701_111705.2019-07-01_10-48-11_000.jpg.4.png
[20190701_111709 / lib_ip.py:4505] 
img.20190701_111705.2019-07-01_10-48-11_000.jpg.4.png 3 ---------------------
[20190701_111709 / lib_ip.py:3753] file = img.20190701_111705.2019-07-01_10-48-11_000.jpg.4.png / val_Average = 120.2585	val_Variance = 0.1984	sd = 0.4454	max = 121	min = 119
[20190701_111709 / lib_ip.py:3836] len(Hs) = 8100, len(Ss) = 8100, len(Vs) = 8100
[20190701_111709 / lib_ip.py:3891] yellow : average --> out of range (average = 120.259 / upper = 99.200 / lower = 85.500)
[20190701_111709 / lib_ip.py:3753] file = img.20190701_111705.2019-07-01_10-48-11_000.jpg.4.png / val_Average = 120.2585	val_Variance = 0.1984	sd = 0.4454	max = 121	min = 119
[20190701_111709 / lib_ip.py:3936] len(Hs) = 8100, len(Ss) = 8100, len(Vs) = 8100
[20190701_111708 / lib_ip.py:2274] inspecting ===> img.20190701_111705.2019-07-01_10-48-11_000.jpg.4.png
img.20190701_111705.2019-07-01_10-48-11_000.jpg.1.png => other
img.20190701_111705.2019-07-01_10-48-11_000.jpg.2.png => other
img.20190701_111705.2019-07-01_10-48-11_000.jpg.3.png => other
img.20190701_111705.2019-07-01_10-48-11_000.jpg.4.png => other
[20190701_111709 lib_ip.py:3301] =============== Get 4 corners
dpath_Images = C:\WORKS_2\WS\WS_Others.Art\JVEMV6\46_art\VIRTUAL\Admin_Projects\ip\images
fname_Image = img.20190701_111705.2019-07-01_10-48-11_000.jpg.4.png

[20190701_111709 / views.py:1411] gen csv => complete (20190701_111709)(elapsed = 30.003 sec / 5 files / 6.001 sec per file)
1)	2019-06-30_14-03-14_000.jpg => 	other other black other 
2)	2019-06-30_20-47-13_000.jpg => 	yellow other other other 
3)	2019-07-01_02-20-14_000.png => 	other other other other 
4)	2019-07-01_09-58-00_000.jpg => 	other other other other 
5)	2019-07-01_10-48-11_000.jpg => 	other green other red 
[20190701_111709 / views.py:1753] lo_ColorName_Set__Modified_2 =>
1)	2019-06-30_14-03-14_000.jpg => 	a o o o 
2)	2019-06-30_20-47-13_000.jpg => 	o o o y 
3)	2019-07-01_02-20-14_000.png => 	o o o o 
4)	2019-07-01_09-58-00_000.jpg => 	o o o o 
5)	2019-07-01_10-48-11_000.jpg => 	g o o r 
[20190701_111709 / lib_ip.py:4789] no key 'GPSInfo' for file : C:\WORKS_2\WS\WS_Others.Art\JVEMV6\46_art\VIRTUAL\Admin_Projects\ip\images\2019-07-01_02-20-14_000.png
[20190701_111710 / views.py:1839] gen_Cake_CSV(request) ==> ending... =======================//

