[20191010_093938 / views.py:1822] gen_Cake_CSV(request) ==> starting... =======================
[20191010_093940 / lib_ip.py:2274] inspecting ===> img.20191010_093939.2019-10-09_10-53-13_000.jpg.1.png
[20191010_093940 / lib_ip.py:4505] 
img.20191010_093939.2019-10-09_10-53-13_000.jpg.1.png 0 ---------------------
[20191010_093940 / lib_ip.py:3753] file = img.20191010_093939.2019-10-09_10-53-13_000.jpg.1.png / val_Average = 84.6817	val_Variance = 1470.0748	sd = 38.3416	max = 160	min = 0
[20191010_093940 / lib_ip.py:3836] len(Hs) = 8100, len(Ss) = 8100, len(Vs) = 8100
[20191010_093940 / lib_ip.py:3869] yellow : variance --> out of range (variance = 1470.075 / upper = 0.650 / lower = 0.000)
[20191010_093940 / lib_ip.py:3753] file = img.20191010_093939.2019-10-09_10-53-13_000.jpg.1.png / val_Average = 84.6817	val_Variance = 1470.0748	sd = 38.3416	max = 160	min = 0
[20191010_093940 / lib_ip.py:3936] len(Hs) = 8100, len(Ss) = 8100, len(Vs) = 8100
[20191010_093940 / lib_ip.py:3982] red : variance --> out of range (variance = 1470.075 / upper = 0.430 / lower = 0.000)
[20191010_093941 / lib_ip.py:3753] file = img.20191010_093939.2019-10-09_10-53-13_000.jpg.1.png / val_Average = 84.6817	val_Variance = 1470.0748	sd = 38.3416	max = 160	min = 0
[20191010_093941 / lib_ip.py:4052] len(Hs) = 8100, len(Ss) = 8100, len(Vs) = 8100
[20191010_093941 / lib_ip.py:4099] green : variance --> out of range (variance = 1470.075 / upper = 0.760 / lower = 0.000)
[20191010_093941 / lib_ip.py:3753] file = img.20191010_093939.2019-10-09_10-53-13_000.jpg.1.png / val_Average = 84.6817	val_Variance = 1470.0748	sd = 38.3416	max = 160	min = 0
[20191010_093941 / lib_ip.py:4169] len(Hs) = 8100, len(Ss) = 8100, len(Vs) = 8100
[20191010_093941 / lib_ip.py:4208] blue : variance --> out of range (variance = 1470.075 / upper = 0.930 / lower = 0.010)
[20191010_093941 / lib_ip.py:3753] file = img.20191010_093939.2019-10-09_10-53-13_000.jpg.1.png / val_Average = 84.6817	val_Variance = 1470.0748	sd = 38.3416	max = 160	min = 0
[20191010_093941 / lib_ip.py:4275] len(Hs) = 8100, len(Ss) = 8100, len(Vs) = 8100
[20191010_093941 / lib_ip.py:4314] pink : variance --> out of range (variance = 1470.075 / upper = 0.750 / lower = 0.030)
[20191010_093941 / lib_ip.py:3753] file = img.20191010_093939.2019-10-09_10-53-13_000.jpg.1.png / val_Average = 84.6817	val_Variance = 1470.0748	sd = 38.3416	max = 160	min = 0
[20191010_093941 / lib_ip.py:4378] len(Hs) = 8100, len(Ss) = 8100, len(Vs) = 8100
[20191010_093941 / lib_ip.py:4422] black : variance --> out of range (variance = 1470.075 / upper = 0.000 / lower = 0.000)
[20191010_093942 / lib_ip.py:4593] file : img.20191010_093939.2019-10-09_10-53-13_000.jpg.1.png 0 (black : variance --> out of range (variance = 1470.075 / upper = 0.000 / lower = 0.000))
[20191010_093942 / lib_ip.py:2274] inspecting ===> img.20191010_093939.2019-10-09_10-53-13_000.jpg.2.png
[20191010_093942 / lib_ip.py:4505] 
img.20191010_093939.2019-10-09_10-53-13_000.jpg.2.png 1 ---------------------
[20191010_093942 / lib_ip.py:3753] file = img.20191010_093939.2019-10-09_10-53-13_000.jpg.2.png / val_Average = 91.8177	val_Variance = 0.1590	sd = 0.3987	max = 93	min = 91
[20191010_093942 / lib_ip.py:3836] len(Hs) = 8100, len(Ss) = 8100, len(Vs) = 8100
[20191010_093943 / lib_ip.py:2274] inspecting ===> img.20191010_093939.2019-10-09_10-53-13_000.jpg.3.png
[20191010_093943 / lib_ip.py:4505] 
img.20191010_093939.2019-10-09_10-53-13_000.jpg.3.png 2 ---------------------
[20191010_093943 / lib_ip.py:3753] file = img.20191010_093939.2019-10-09_10-53-13_000.jpg.3.png / val_Average = 92.5696	val_Variance = 2849.6318	sd = 53.3819	max = 167	min = 0
[20191010_093943 / lib_ip.py:3836] len(Hs) = 8100, len(Ss) = 8100, len(Vs) = 8100
[20191010_093943 / lib_ip.py:3869] yellow : variance --> out of range (variance = 2849.632 / upper = 0.650 / lower = 0.000)
[20191010_093943 / lib_ip.py:3753] file = img.20191010_093939.2019-10-09_10-53-13_000.jpg.3.png / val_Average = 92.5696	val_Variance = 2849.6318	sd = 53.3819	max = 167	min = 0
[20191010_093943 / lib_ip.py:3936] len(Hs) = 8100, len(Ss) = 8100, len(Vs) = 8100
[20191010_093943 / lib_ip.py:3982] red : variance --> out of range (variance = 2849.632 / upper = 0.430 / lower = 0.000)
[20191010_093944 / lib_ip.py:3753] file = img.20191010_093939.2019-10-09_10-53-13_000.jpg.3.png / val_Average = 92.5696	val_Variance = 2849.6318	sd = 53.3819	max = 167	min = 0
[20191010_093944 / lib_ip.py:4052] len(Hs) = 8100, len(Ss) = 8100, len(Vs) = 8100
[20191010_093944 / lib_ip.py:4099] green : variance --> out of range (variance = 2849.632 / upper = 0.760 / lower = 0.000)
[20191010_093944 / lib_ip.py:3753] file = img.20191010_093939.2019-10-09_10-53-13_000.jpg.3.png / val_Average = 92.5696	val_Variance = 2849.6318	sd = 53.3819	max = 167	min = 0
[20191010_093944 / lib_ip.py:4169] len(Hs) = 8100, len(Ss) = 8100, len(Vs) = 8100
[20191010_093944 / lib_ip.py:4208] blue : variance --> out of range (variance = 2849.632 / upper = 0.930 / lower = 0.010)
[20191010_093944 / lib_ip.py:3753] file = img.20191010_093939.2019-10-09_10-53-13_000.jpg.3.png / val_Average = 92.5696	val_Variance = 2849.6318	sd = 53.3819	max = 167	min = 0
[20191010_093944 / lib_ip.py:4275] len(Hs) = 8100, len(Ss) = 8100, len(Vs) = 8100
[20191010_093944 / lib_ip.py:4314] pink : variance --> out of range (variance = 2849.632 / upper = 0.750 / lower = 0.030)
[20191010_093945 / lib_ip.py:3753] file = img.20191010_093939.2019-10-09_10-53-13_000.jpg.3.png / val_Average = 92.5696	val_Variance = 2849.6318	sd = 53.3819	max = 167	min = 0
[20191010_093945 / lib_ip.py:4378] len(Hs) = 8100, len(Ss) = 8100, len(Vs) = 8100
[20191010_093945 / lib_ip.py:4422] black : variance --> out of range (variance = 2849.632 / upper = 0.000 / lower = 0.000)
[20191010_093945 / lib_ip.py:4593] file : img.20191010_093939.2019-10-09_10-53-13_000.jpg.3.png 2 (black : variance --> out of range (variance = 2849.632 / upper = 0.000 / lower = 0.000))
[20191010_093945 / lib_ip.py:2274] inspecting ===> img.20191010_093939.2019-10-09_10-53-13_000.jpg.4.png
[20191010_093945 / lib_ip.py:4505] 
img.20191010_093939.2019-10-09_10-53-13_000.jpg.4.png 3 ---------------------
[20191010_093946 / lib_ip.py:3753] file = img.20191010_093939.2019-10-09_10-53-13_000.jpg.4.png / val_Average = 128.2552	val_Variance = 16.9088	sd = 4.1120	max = 144	min = 109
[20191010_093946 / lib_ip.py:3836] len(Hs) = 8100, len(Ss) = 8100, len(Vs) = 8100
[20191010_093946 / lib_ip.py:3869] yellow : variance --> out of range (variance = 16.909 / upper = 0.650 / lower = 0.000)
[20191010_093946 / lib_ip.py:3753] file = img.20191010_093939.2019-10-09_10-53-13_000.jpg.4.png / val_Average = 128.2552	val_Variance = 16.9088	sd = 4.1120	max = 144	min = 109
[20191010_093946 / lib_ip.py:3936] len(Hs) = 8100, len(Ss) = 8100, len(Vs) = 8100
[20191010_093946 / lib_ip.py:3982] red : variance --> out of range (variance = 16.909 / upper = 0.430 / lower = 0.000)
[20191010_093946 / lib_ip.py:3753] file = img.20191010_093939.2019-10-09_10-53-13_000.jpg.4.png / val_Average = 128.2552	val_Variance = 16.9088	sd = 4.1120	max = 144	min = 109
[20191010_093946 / lib_ip.py:4052] len(Hs) = 8100, len(Ss) = 8100, len(Vs) = 8100
[20191010_093946 / lib_ip.py:4099] green : variance --> out of range (variance = 16.909 / upper = 0.760 / lower = 0.000)
[20191010_093946 / lib_ip.py:3753] file = img.20191010_093939.2019-10-09_10-53-13_000.jpg.4.png / val_Average = 128.2552	val_Variance = 16.9088	sd = 4.1120	max = 144	min = 109
[20191010_093946 / lib_ip.py:4169] len(Hs) = 8100, len(Ss) = 8100, len(Vs) = 8100
[20191010_093946 / lib_ip.py:4208] blue : variance --> out of range (variance = 16.909 / upper = 0.930 / lower = 0.010)
[20191010_093947 / lib_ip.py:3753] file = img.20191010_093939.2019-10-09_10-53-13_000.jpg.4.png / val_Average = 128.2552	val_Variance = 16.9088	sd = 4.1120	max = 144	min = 109
[20191010_093947 / lib_ip.py:4275] len(Hs) = 8100, len(Ss) = 8100, len(Vs) = 8100
[20191010_093947 / lib_ip.py:4314] pink : variance --> out of range (variance = 16.909 / upper = 0.750 / lower = 0.030)
[20191010_093947 / lib_ip.py:3753] file = img.20191010_093939.2019-10-09_10-53-13_000.jpg.4.png / val_Average = 128.2552	val_Variance = 16.9088	sd = 4.1120	max = 144	min = 109
[20191010_093947 / lib_ip.py:4378] len(Hs) = 8100, len(Ss) = 8100, len(Vs) = 8100
[20191010_093947 / lib_ip.py:4422] black : variance --> out of range (variance = 16.909 / upper = 0.000 / lower = 0.000)
[20191010_093947 / lib_ip.py:4593] file : img.20191010_093939.2019-10-09_10-53-13_000.jpg.4.png 3 (black : variance --> out of range (variance = 16.909 / upper = 0.000 / lower = 0.000))
[20191010_093945 / lib_ip.py:2274] inspecting ===> img.20191010_093939.2019-10-09_10-53-13_000.jpg.4.png
img.20191010_093939.2019-10-09_10-53-13_000.jpg.1.png => other
img.20191010_093939.2019-10-09_10-53-13_000.jpg.2.png => other
img.20191010_093939.2019-10-09_10-53-13_000.jpg.3.png => other
img.20191010_093939.2019-10-09_10-53-13_000.jpg.4.png => other
[20191010_093947 lib_ip.py:3301] =============== Get 4 corners
dpath_Images = C:\WORKS_2\WS\WS_Others.Art\JVEMV6\46_art\VIRTUAL\Admin_Projects\ip\images
fname_Image = img.20191010_093939.2019-10-09_10-53-13_000.jpg.4.png

[20191010_093948 / lib_ip.py:2274] inspecting ===> img.20191010_093948.2019-10-09_13-22-45_000.jpg.1.png
[20191010_093949 / lib_ip.py:4505] 
img.20191010_093948.2019-10-09_13-22-45_000.jpg.1.png 0 ---------------------
[20191010_093949 / lib_ip.py:3753] file = img.20191010_093948.2019-10-09_13-22-45_000.jpg.1.png / val_Average = 103.7020	val_Variance = 6.6939	sd = 2.5873	max = 109	min = 69
[20191010_093949 / lib_ip.py:3836] len(Hs) = 8100, len(Ss) = 8100, len(Vs) = 8100
[20191010_093949 / lib_ip.py:3869] yellow : variance --> out of range (variance = 6.694 / upper = 0.650 / lower = 0.000)
[20191010_093949 / lib_ip.py:3753] file = img.20191010_093948.2019-10-09_13-22-45_000.jpg.1.png / val_Average = 103.7020	val_Variance = 6.6939	sd = 2.5873	max = 109	min = 69
[20191010_093949 / lib_ip.py:3936] len(Hs) = 8100, len(Ss) = 8100, len(Vs) = 8100
[20191010_093949 / lib_ip.py:3982] red : variance --> out of range (variance = 6.694 / upper = 0.430 / lower = 0.000)
[20191010_093949 / lib_ip.py:3753] file = img.20191010_093948.2019-10-09_13-22-45_000.jpg.1.png / val_Average = 103.7020	val_Variance = 6.6939	sd = 2.5873	max = 109	min = 69
[20191010_093949 / lib_ip.py:4052] len(Hs) = 8100, len(Ss) = 8100, len(Vs) = 8100
[20191010_093949 / lib_ip.py:4099] green : variance --> out of range (variance = 6.694 / upper = 0.760 / lower = 0.000)
[20191010_093950 / lib_ip.py:3753] file = img.20191010_093948.2019-10-09_13-22-45_000.jpg.1.png / val_Average = 103.7020	val_Variance = 6.6939	sd = 2.5873	max = 109	min = 69
[20191010_093950 / lib_ip.py:4169] len(Hs) = 8100, len(Ss) = 8100, len(Vs) = 8100
[20191010_093950 / lib_ip.py:4208] blue : variance --> out of range (variance = 6.694 / upper = 0.930 / lower = 0.010)
[20191010_093950 / lib_ip.py:3753] file = img.20191010_093948.2019-10-09_13-22-45_000.jpg.1.png / val_Average = 103.7020	val_Variance = 6.6939	sd = 2.5873	max = 109	min = 69
[20191010_093950 / lib_ip.py:4275] len(Hs) = 8100, len(Ss) = 8100, len(Vs) = 8100
[20191010_093950 / lib_ip.py:4314] pink : variance --> out of range (variance = 6.694 / upper = 0.750 / lower = 0.030)
[20191010_093950 / lib_ip.py:3753] file = img.20191010_093948.2019-10-09_13-22-45_000.jpg.1.png / val_Average = 103.7020	val_Variance = 6.6939	sd = 2.5873	max = 109	min = 69
[20191010_093950 / lib_ip.py:4378] len(Hs) = 8100, len(Ss) = 8100, len(Vs) = 8100
[20191010_093950 / lib_ip.py:4422] black : variance --> out of range (variance = 6.694 / upper = 0.000 / lower = 0.000)
[20191010_093950 / lib_ip.py:4593] file : img.20191010_093948.2019-10-09_13-22-45_000.jpg.1.png 0 (black : variance --> out of range (variance = 6.694 / upper = 0.000 / lower = 0.000))
[20191010_093950 / lib_ip.py:2274] inspecting ===> img.20191010_093948.2019-10-09_13-22-45_000.jpg.2.png
[20191010_093951 / lib_ip.py:4505] 
img.20191010_093948.2019-10-09_13-22-45_000.jpg.2.png 1 ---------------------
[20191010_093951 / lib_ip.py:3753] file = img.20191010_093948.2019-10-09_13-22-45_000.jpg.2.png / val_Average = 14.5780	val_Variance = 0.2711	sd = 0.5206	max = 16	min = 13
[20191010_093951 / lib_ip.py:3836] len(Hs) = 8100, len(Ss) = 8100, len(Vs) = 8100
[20191010_093952 / lib_ip.py:3891] yellow : average --> out of range (average = 14.578 / upper = 99.200 / lower = 85.500)
[20191010_093952 / lib_ip.py:3753] file = img.20191010_093948.2019-10-09_13-22-45_000.jpg.2.png / val_Average = 14.5780	val_Variance = 0.2711	sd = 0.5206	max = 16	min = 13
[20191010_093952 / lib_ip.py:3936] len(Hs) = 8100, len(Ss) = 8100, len(Vs) = 8100
[20191010_093952 / lib_ip.py:4007] red : average --> out of range (average = 14.578 / upper = 124.600 / lower = 115.000)
[20191010_093952 / lib_ip.py:3753] file = img.20191010_093948.2019-10-09_13-22-45_000.jpg.2.png / val_Average = 14.5780	val_Variance = 0.2711	sd = 0.5206	max = 16	min = 13
[20191010_093952 / lib_ip.py:4052] len(Hs) = 8100, len(Ss) = 8100, len(Vs) = 8100
[20191010_093952 / lib_ip.py:4124] green : average --> out of range (average = 14.578 / upper = 85.000 / lower = 58.000)
[20191010_093952 / lib_ip.py:3753] file = img.20191010_093948.2019-10-09_13-22-45_000.jpg.2.png / val_Average = 14.5780	val_Variance = 0.2711	sd = 0.5206	max = 16	min = 13
[20191010_093952 / lib_ip.py:4169] len(Hs) = 8100, len(Ss) = 8100, len(Vs) = 8100
[20191010_093952 / lib_ip.py:2274] inspecting ===> img.20191010_093948.2019-10-09_13-22-45_000.jpg.3.png
[20191010_093953 / lib_ip.py:4505] 
img.20191010_093948.2019-10-09_13-22-45_000.jpg.3.png 2 ---------------------
[20191010_093953 / lib_ip.py:3753] file = img.20191010_093948.2019-10-09_13-22-45_000.jpg.3.png / val_Average = 95.3388	val_Variance = 9.5008	sd = 3.0823	max = 104	min = 85
[20191010_093953 / lib_ip.py:3836] len(Hs) = 8100, len(Ss) = 8100, len(Vs) = 8100
[20191010_093953 / lib_ip.py:3869] yellow : variance --> out of range (variance = 9.501 / upper = 0.650 / lower = 0.000)
[20191010_093953 / lib_ip.py:3753] file = img.20191010_093948.2019-10-09_13-22-45_000.jpg.3.png / val_Average = 95.3388	val_Variance = 9.5008	sd = 3.0823	max = 104	min = 85
[20191010_093953 / lib_ip.py:3936] len(Hs) = 8100, len(Ss) = 8100, len(Vs) = 8100
[20191010_093953 / lib_ip.py:3982] red : variance --> out of range (variance = 9.501 / upper = 0.430 / lower = 0.000)
[20191010_093953 / lib_ip.py:3753] file = img.20191010_093948.2019-10-09_13-22-45_000.jpg.3.png / val_Average = 95.3388	val_Variance = 9.5008	sd = 3.0823	max = 104	min = 85
[20191010_093953 / lib_ip.py:4052] len(Hs) = 8100, len(Ss) = 8100, len(Vs) = 8100
[20191010_093953 / lib_ip.py:4099] green : variance --> out of range (variance = 9.501 / upper = 0.760 / lower = 0.000)
[20191010_093954 / lib_ip.py:3753] file = img.20191010_093948.2019-10-09_13-22-45_000.jpg.3.png / val_Average = 95.3388	val_Variance = 9.5008	sd = 3.0823	max = 104	min = 85
[20191010_093954 / lib_ip.py:4169] len(Hs) = 8100, len(Ss) = 8100, len(Vs) = 8100
[20191010_093954 / lib_ip.py:4208] blue : variance --> out of range (variance = 9.501 / upper = 0.930 / lower = 0.010)
[20191010_093954 / lib_ip.py:3753] file = img.20191010_093948.2019-10-09_13-22-45_000.jpg.3.png / val_Average = 95.3388	val_Variance = 9.5008	sd = 3.0823	max = 104	min = 85
[20191010_093954 / lib_ip.py:4275] len(Hs) = 8100, len(Ss) = 8100, len(Vs) = 8100
[20191010_093954 / lib_ip.py:4314] pink : variance --> out of range (variance = 9.501 / upper = 0.750 / lower = 0.030)
[20191010_093954 / lib_ip.py:3753] file = img.20191010_093948.2019-10-09_13-22-45_000.jpg.3.png / val_Average = 95.3388	val_Variance = 9.5008	sd = 3.0823	max = 104	min = 85
[20191010_093954 / lib_ip.py:4378] len(Hs) = 8100, len(Ss) = 8100, len(Vs) = 8100
[20191010_093954 / lib_ip.py:4422] black : variance --> out of range (variance = 9.501 / upper = 0.000 / lower = 0.000)
[20191010_093954 / lib_ip.py:4593] file : img.20191010_093948.2019-10-09_13-22-45_000.jpg.3.png 2 (black : variance --> out of range (variance = 9.501 / upper = 0.000 / lower = 0.000))
[20191010_093955 / lib_ip.py:2274] inspecting ===> img.20191010_093948.2019-10-09_13-22-45_000.jpg.4.png
[20191010_093955 / lib_ip.py:4505] 
img.20191010_093948.2019-10-09_13-22-45_000.jpg.4.png 3 ---------------------
[20191010_093955 / lib_ip.py:3753] file = img.20191010_093948.2019-10-09_13-22-45_000.jpg.4.png / val_Average = 78.5304	val_Variance = 0.2644	sd = 0.5142	max = 80	min = 77
[20191010_093955 / lib_ip.py:3836] len(Hs) = 8100, len(Ss) = 8100, len(Vs) = 8100
[20191010_093955 / lib_ip.py:3891] yellow : average --> out of range (average = 78.530 / upper = 99.200 / lower = 85.500)
[20191010_093955 / lib_ip.py:3753] file = img.20191010_093948.2019-10-09_13-22-45_000.jpg.4.png / val_Average = 78.5304	val_Variance = 0.2644	sd = 0.5142	max = 80	min = 77
[20191010_093955 / lib_ip.py:3936] len(Hs) = 8100, len(Ss) = 8100, len(Vs) = 8100
[20191010_093956 / lib_ip.py:4007] red : average --> out of range (average = 78.530 / upper = 124.600 / lower = 115.000)
[20191010_093956 / lib_ip.py:3753] file = img.20191010_093948.2019-10-09_13-22-45_000.jpg.4.png / val_Average = 78.5304	val_Variance = 0.2644	sd = 0.5142	max = 80	min = 77
[20191010_093956 / lib_ip.py:4052] len(Hs) = 8100, len(Ss) = 8100, len(Vs) = 8100
[20191010_093955 / lib_ip.py:2274] inspecting ===> img.20191010_093948.2019-10-09_13-22-45_000.jpg.4.png
img.20191010_093948.2019-10-09_13-22-45_000.jpg.1.png => other
img.20191010_093948.2019-10-09_13-22-45_000.jpg.2.png => other
img.20191010_093948.2019-10-09_13-22-45_000.jpg.3.png => other
img.20191010_093948.2019-10-09_13-22-45_000.jpg.4.png => other
[20191010_093956 lib_ip.py:3301] =============== Get 4 corners
dpath_Images = C:\WORKS_2\WS\WS_Others.Art\JVEMV6\46_art\VIRTUAL\Admin_Projects\ip\images
fname_Image = img.20191010_093948.2019-10-09_13-22-45_000.jpg.4.png

[20191010_093957 / lib_ip.py:2274] inspecting ===> img.20191010_093957.2019-10-09_15-01-13_000.jpg.1.png
[20191010_093957 / lib_ip.py:4505] 
img.20191010_093957.2019-10-09_15-01-13_000.jpg.1.png 0 ---------------------
[20191010_093958 / lib_ip.py:3753] file = img.20191010_093957.2019-10-09_15-01-13_000.jpg.1.png / val_Average = 79.7315	val_Variance = 0.4335	sd = 0.6584	max = 82	min = 78
[20191010_093958 / lib_ip.py:3836] len(Hs) = 8100, len(Ss) = 8100, len(Vs) = 8100
[20191010_093958 / lib_ip.py:3891] yellow : average --> out of range (average = 79.731 / upper = 99.200 / lower = 85.500)
[20191010_093958 / lib_ip.py:3753] file = img.20191010_093957.2019-10-09_15-01-13_000.jpg.1.png / val_Average = 79.7315	val_Variance = 0.4335	sd = 0.6584	max = 82	min = 78
[20191010_093958 / lib_ip.py:3936] len(Hs) = 8100, len(Ss) = 8100, len(Vs) = 8100
[20191010_093958 / lib_ip.py:3982] red : variance --> out of range (variance = 0.433 / upper = 0.430 / lower = 0.000)
[20191010_093958 / lib_ip.py:3753] file = img.20191010_093957.2019-10-09_15-01-13_000.jpg.1.png / val_Average = 79.7315	val_Variance = 0.4335	sd = 0.6584	max = 82	min = 78
[20191010_093958 / lib_ip.py:4052] len(Hs) = 8100, len(Ss) = 8100, len(Vs) = 8100
[20191010_093958 / lib_ip.py:2274] inspecting ===> img.20191010_093957.2019-10-09_15-01-13_000.jpg.2.png
[20191010_093958 / lib_ip.py:4505] 
img.20191010_093957.2019-10-09_15-01-13_000.jpg.2.png 1 ---------------------
[20191010_093958 / lib_ip.py:3753] file = img.20191010_093957.2019-10-09_15-01-13_000.jpg.2.png / val_Average = 120.5140	val_Variance = 0.2762	sd = 0.5256	max = 122	min = 119
[20191010_093959 / lib_ip.py:3836] len(Hs) = 8100, len(Ss) = 8100, len(Vs) = 8100
[20191010_093959 / lib_ip.py:3891] yellow : average --> out of range (average = 120.514 / upper = 99.200 / lower = 85.500)
[20191010_093959 / lib_ip.py:3753] file = img.20191010_093957.2019-10-09_15-01-13_000.jpg.2.png / val_Average = 120.5140	val_Variance = 0.2762	sd = 0.5256	max = 122	min = 119
[20191010_093959 / lib_ip.py:3936] len(Hs) = 8100, len(Ss) = 8100, len(Vs) = 8100
[20191010_093959 / lib_ip.py:2274] inspecting ===> img.20191010_093957.2019-10-09_15-01-13_000.jpg.3.png
[20191010_094000 / lib_ip.py:4505] 
img.20191010_093957.2019-10-09_15-01-13_000.jpg.3.png 2 ---------------------
[20191010_094000 / lib_ip.py:3753] file = img.20191010_093957.2019-10-09_15-01-13_000.jpg.3.png / val_Average = 103.4896	val_Variance = 4.4287	sd = 2.1044	max = 113	min = 94
[20191010_094000 / lib_ip.py:3836] len(Hs) = 8100, len(Ss) = 8100, len(Vs) = 8100
[20191010_094000 / lib_ip.py:3869] yellow : variance --> out of range (variance = 4.429 / upper = 0.650 / lower = 0.000)
[20191010_094000 / lib_ip.py:3753] file = img.20191010_093957.2019-10-09_15-01-13_000.jpg.3.png / val_Average = 103.4896	val_Variance = 4.4287	sd = 2.1044	max = 113	min = 94
[20191010_094000 / lib_ip.py:3936] len(Hs) = 8100, len(Ss) = 8100, len(Vs) = 8100
[20191010_094001 / lib_ip.py:3982] red : variance --> out of range (variance = 4.429 / upper = 0.430 / lower = 0.000)
[20191010_094001 / lib_ip.py:3753] file = img.20191010_093957.2019-10-09_15-01-13_000.jpg.3.png / val_Average = 103.4896	val_Variance = 4.4287	sd = 2.1044	max = 113	min = 94
[20191010_094001 / lib_ip.py:4052] len(Hs) = 8100, len(Ss) = 8100, len(Vs) = 8100
[20191010_094001 / lib_ip.py:4099] green : variance --> out of range (variance = 4.429 / upper = 0.760 / lower = 0.000)
[20191010_094001 / lib_ip.py:3753] file = img.20191010_093957.2019-10-09_15-01-13_000.jpg.3.png / val_Average = 103.4896	val_Variance = 4.4287	sd = 2.1044	max = 113	min = 94
[20191010_094001 / lib_ip.py:4169] len(Hs) = 8100, len(Ss) = 8100, len(Vs) = 8100
[20191010_094001 / lib_ip.py:4208] blue : variance --> out of range (variance = 4.429 / upper = 0.930 / lower = 0.010)
[20191010_094001 / lib_ip.py:3753] file = img.20191010_093957.2019-10-09_15-01-13_000.jpg.3.png / val_Average = 103.4896	val_Variance = 4.4287	sd = 2.1044	max = 113	min = 94
[20191010_094001 / lib_ip.py:4275] len(Hs) = 8100, len(Ss) = 8100, len(Vs) = 8100
[20191010_094001 / lib_ip.py:4314] pink : variance --> out of range (variance = 4.429 / upper = 0.750 / lower = 0.030)
[20191010_094001 / lib_ip.py:3753] file = img.20191010_093957.2019-10-09_15-01-13_000.jpg.3.png / val_Average = 103.4896	val_Variance = 4.4287	sd = 2.1044	max = 113	min = 94
[20191010_094002 / lib_ip.py:4378] len(Hs) = 8100, len(Ss) = 8100, len(Vs) = 8100
[20191010_094002 / lib_ip.py:4422] black : variance --> out of range (variance = 4.429 / upper = 0.000 / lower = 0.000)
[20191010_094002 / lib_ip.py:4593] file : img.20191010_093957.2019-10-09_15-01-13_000.jpg.3.png 2 (black : variance --> out of range (variance = 4.429 / upper = 0.000 / lower = 0.000))
[20191010_094002 / lib_ip.py:2274] inspecting ===> img.20191010_093957.2019-10-09_15-01-13_000.jpg.4.png
[20191010_094002 / lib_ip.py:4505] 
img.20191010_093957.2019-10-09_15-01-13_000.jpg.4.png 3 ---------------------
[20191010_094002 / lib_ip.py:3753] file = img.20191010_093957.2019-10-09_15-01-13_000.jpg.4.png / val_Average = 108.2486	val_Variance = 4.7606	sd = 2.1819	max = 115	min = 98
[20191010_094002 / lib_ip.py:3836] len(Hs) = 8100, len(Ss) = 8100, len(Vs) = 8100
[20191010_094002 / lib_ip.py:3869] yellow : variance --> out of range (variance = 4.761 / upper = 0.650 / lower = 0.000)
[20191010_094002 / lib_ip.py:3753] file = img.20191010_093957.2019-10-09_15-01-13_000.jpg.4.png / val_Average = 108.2486	val_Variance = 4.7606	sd = 2.1819	max = 115	min = 98
[20191010_094002 / lib_ip.py:3936] len(Hs) = 8100, len(Ss) = 8100, len(Vs) = 8100
[20191010_094003 / lib_ip.py:3982] red : variance --> out of range (variance = 4.761 / upper = 0.430 / lower = 0.000)
[20191010_094003 / lib_ip.py:3753] file = img.20191010_093957.2019-10-09_15-01-13_000.jpg.4.png / val_Average = 108.2486	val_Variance = 4.7606	sd = 2.1819	max = 115	min = 98
[20191010_094003 / lib_ip.py:4052] len(Hs) = 8100, len(Ss) = 8100, len(Vs) = 8100
[20191010_094003 / lib_ip.py:4099] green : variance --> out of range (variance = 4.761 / upper = 0.760 / lower = 0.000)
[20191010_094003 / lib_ip.py:3753] file = img.20191010_093957.2019-10-09_15-01-13_000.jpg.4.png / val_Average = 108.2486	val_Variance = 4.7606	sd = 2.1819	max = 115	min = 98
[20191010_094003 / lib_ip.py:4169] len(Hs) = 8100, len(Ss) = 8100, len(Vs) = 8100
[20191010_094003 / lib_ip.py:4208] blue : variance --> out of range (variance = 4.761 / upper = 0.930 / lower = 0.010)
[20191010_094003 / lib_ip.py:3753] file = img.20191010_093957.2019-10-09_15-01-13_000.jpg.4.png / val_Average = 108.2486	val_Variance = 4.7606	sd = 2.1819	max = 115	min = 98
[20191010_094003 / lib_ip.py:4275] len(Hs) = 8100, len(Ss) = 8100, len(Vs) = 8100
[20191010_094004 / lib_ip.py:4314] pink : variance --> out of range (variance = 4.761 / upper = 0.750 / lower = 0.030)
[20191010_094004 / lib_ip.py:3753] file = img.20191010_093957.2019-10-09_15-01-13_000.jpg.4.png / val_Average = 108.2486	val_Variance = 4.7606	sd = 2.1819	max = 115	min = 98
[20191010_094004 / lib_ip.py:4378] len(Hs) = 8100, len(Ss) = 8100, len(Vs) = 8100
[20191010_094004 / lib_ip.py:4422] black : variance --> out of range (variance = 4.761 / upper = 0.000 / lower = 0.000)
[20191010_094004 / lib_ip.py:4593] file : img.20191010_093957.2019-10-09_15-01-13_000.jpg.4.png 3 (black : variance --> out of range (variance = 4.761 / upper = 0.000 / lower = 0.000))
[20191010_094002 / lib_ip.py:2274] inspecting ===> img.20191010_093957.2019-10-09_15-01-13_000.jpg.4.png
img.20191010_093957.2019-10-09_15-01-13_000.jpg.1.png => other
img.20191010_093957.2019-10-09_15-01-13_000.jpg.2.png => other
img.20191010_093957.2019-10-09_15-01-13_000.jpg.3.png => other
img.20191010_093957.2019-10-09_15-01-13_000.jpg.4.png => other
[20191010_094004 lib_ip.py:3301] =============== Get 4 corners
dpath_Images = C:\WORKS_2\WS\WS_Others.Art\JVEMV6\46_art\VIRTUAL\Admin_Projects\ip\images
fname_Image = img.20191010_093957.2019-10-09_15-01-13_000.jpg.4.png

[20191010_094005 / lib_ip.py:2274] inspecting ===> img.20191010_094005.2019-10-09_18-38-17_000.jpg.1.png
[20191010_094005 / lib_ip.py:4505] 
img.20191010_094005.2019-10-09_18-38-17_000.jpg.1.png 0 ---------------------
[20191010_094006 / lib_ip.py:3753] file = img.20191010_094005.2019-10-09_18-38-17_000.jpg.1.png / val_Average = 107.4480	val_Variance = 3.6011	sd = 1.8977	max = 120	min = 88
[20191010_094006 / lib_ip.py:3836] len(Hs) = 8100, len(Ss) = 8100, len(Vs) = 8100
[20191010_094006 / lib_ip.py:3869] yellow : variance --> out of range (variance = 3.601 / upper = 0.650 / lower = 0.000)
[20191010_094006 / lib_ip.py:3753] file = img.20191010_094005.2019-10-09_18-38-17_000.jpg.1.png / val_Average = 107.4480	val_Variance = 3.6011	sd = 1.8977	max = 120	min = 88
[20191010_094006 / lib_ip.py:3936] len(Hs) = 8100, len(Ss) = 8100, len(Vs) = 8100
[20191010_094006 / lib_ip.py:3982] red : variance --> out of range (variance = 3.601 / upper = 0.430 / lower = 0.000)
[20191010_094007 / lib_ip.py:3753] file = img.20191010_094005.2019-10-09_18-38-17_000.jpg.1.png / val_Average = 107.4480	val_Variance = 3.6011	sd = 1.8977	max = 120	min = 88
[20191010_094007 / lib_ip.py:4052] len(Hs) = 8100, len(Ss) = 8100, len(Vs) = 8100
[20191010_094007 / lib_ip.py:4099] green : variance --> out of range (variance = 3.601 / upper = 0.760 / lower = 0.000)
[20191010_094007 / lib_ip.py:3753] file = img.20191010_094005.2019-10-09_18-38-17_000.jpg.1.png / val_Average = 107.4480	val_Variance = 3.6011	sd = 1.8977	max = 120	min = 88
[20191010_094007 / lib_ip.py:4169] len(Hs) = 8100, len(Ss) = 8100, len(Vs) = 8100
[20191010_094007 / lib_ip.py:4208] blue : variance --> out of range (variance = 3.601 / upper = 0.930 / lower = 0.010)
[20191010_094007 / lib_ip.py:3753] file = img.20191010_094005.2019-10-09_18-38-17_000.jpg.1.png / val_Average = 107.4480	val_Variance = 3.6011	sd = 1.8977	max = 120	min = 88
[20191010_094007 / lib_ip.py:4275] len(Hs) = 8100, len(Ss) = 8100, len(Vs) = 8100
[20191010_094008 / lib_ip.py:4314] pink : variance --> out of range (variance = 3.601 / upper = 0.750 / lower = 0.030)
[20191010_094008 / lib_ip.py:3753] file = img.20191010_094005.2019-10-09_18-38-17_000.jpg.1.png / val_Average = 107.4480	val_Variance = 3.6011	sd = 1.8977	max = 120	min = 88
[20191010_094008 / lib_ip.py:4378] len(Hs) = 8100, len(Ss) = 8100, len(Vs) = 8100
[20191010_094008 / lib_ip.py:4422] black : variance --> out of range (variance = 3.601 / upper = 0.000 / lower = 0.000)
[20191010_094008 / lib_ip.py:4593] file : img.20191010_094005.2019-10-09_18-38-17_000.jpg.1.png 0 (black : variance --> out of range (variance = 3.601 / upper = 0.000 / lower = 0.000))
[20191010_094008 / lib_ip.py:2274] inspecting ===> img.20191010_094005.2019-10-09_18-38-17_000.jpg.2.png
[20191010_094008 / lib_ip.py:4505] 
img.20191010_094005.2019-10-09_18-38-17_000.jpg.2.png 1 ---------------------
[20191010_094009 / lib_ip.py:3753] file = img.20191010_094005.2019-10-09_18-38-17_000.jpg.2.png / val_Average = 70.6473	val_Variance = 1497.6397	sd = 38.6993	max = 165	min = 0
[20191010_094009 / lib_ip.py:3836] len(Hs) = 8100, len(Ss) = 8100, len(Vs) = 8100
[20191010_094009 / lib_ip.py:3869] yellow : variance --> out of range (variance = 1497.640 / upper = 0.650 / lower = 0.000)
[20191010_094009 / lib_ip.py:3753] file = img.20191010_094005.2019-10-09_18-38-17_000.jpg.2.png / val_Average = 70.6473	val_Variance = 1497.6397	sd = 38.6993	max = 165	min = 0
[20191010_094009 / lib_ip.py:3936] len(Hs) = 8100, len(Ss) = 8100, len(Vs) = 8100
[20191010_094009 / lib_ip.py:3982] red : variance --> out of range (variance = 1497.640 / upper = 0.430 / lower = 0.000)
[20191010_094009 / lib_ip.py:3753] file = img.20191010_094005.2019-10-09_18-38-17_000.jpg.2.png / val_Average = 70.6473	val_Variance = 1497.6397	sd = 38.6993	max = 165	min = 0
[20191010_094010 / lib_ip.py:4052] len(Hs) = 8100, len(Ss) = 8100, len(Vs) = 8100
[20191010_094010 / lib_ip.py:4099] green : variance --> out of range (variance = 1497.640 / upper = 0.760 / lower = 0.000)
[20191010_094010 / lib_ip.py:3753] file = img.20191010_094005.2019-10-09_18-38-17_000.jpg.2.png / val_Average = 70.6473	val_Variance = 1497.6397	sd = 38.6993	max = 165	min = 0
[20191010_094010 / lib_ip.py:4169] len(Hs) = 8100, len(Ss) = 8100, len(Vs) = 8100
[20191010_094010 / lib_ip.py:4208] blue : variance --> out of range (variance = 1497.640 / upper = 0.930 / lower = 0.010)
[20191010_094010 / lib_ip.py:3753] file = img.20191010_094005.2019-10-09_18-38-17_000.jpg.2.png / val_Average = 70.6473	val_Variance = 1497.6397	sd = 38.6993	max = 165	min = 0
[20191010_094010 / lib_ip.py:4275] len(Hs) = 8100, len(Ss) = 8100, len(Vs) = 8100
[20191010_094011 / lib_ip.py:4314] pink : variance --> out of range (variance = 1497.640 / upper = 0.750 / lower = 0.030)
[20191010_094011 / lib_ip.py:3753] file = img.20191010_094005.2019-10-09_18-38-17_000.jpg.2.png / val_Average = 70.6473	val_Variance = 1497.6397	sd = 38.6993	max = 165	min = 0
[20191010_094011 / lib_ip.py:4378] len(Hs) = 8100, len(Ss) = 8100, len(Vs) = 8100
[20191010_094011 / lib_ip.py:4422] black : variance --> out of range (variance = 1497.640 / upper = 0.000 / lower = 0.000)
[20191010_094011 / lib_ip.py:4593] file : img.20191010_094005.2019-10-09_18-38-17_000.jpg.2.png 1 (black : variance --> out of range (variance = 1497.640 / upper = 0.000 / lower = 0.000))
[20191010_094011 / lib_ip.py:2274] inspecting ===> img.20191010_094005.2019-10-09_18-38-17_000.jpg.3.png
[20191010_094011 / lib_ip.py:4505] 
img.20191010_094005.2019-10-09_18-38-17_000.jpg.3.png 2 ---------------------
[20191010_094011 / lib_ip.py:3753] file = img.20191010_094005.2019-10-09_18-38-17_000.jpg.3.png / val_Average = 107.0216	val_Variance = 1.3036	sd = 1.1418	max = 112	min = 104
[20191010_094011 / lib_ip.py:3836] len(Hs) = 8100, len(Ss) = 8100, len(Vs) = 8100
[20191010_094012 / lib_ip.py:3869] yellow : variance --> out of range (variance = 1.304 / upper = 0.650 / lower = 0.000)
[20191010_094012 / lib_ip.py:3753] file = img.20191010_094005.2019-10-09_18-38-17_000.jpg.3.png / val_Average = 107.0216	val_Variance = 1.3036	sd = 1.1418	max = 112	min = 104
[20191010_094012 / lib_ip.py:3936] len(Hs) = 8100, len(Ss) = 8100, len(Vs) = 8100
[20191010_094012 / lib_ip.py:3982] red : variance --> out of range (variance = 1.304 / upper = 0.430 / lower = 0.000)
[20191010_094012 / lib_ip.py:3753] file = img.20191010_094005.2019-10-09_18-38-17_000.jpg.3.png / val_Average = 107.0216	val_Variance = 1.3036	sd = 1.1418	max = 112	min = 104
[20191010_094012 / lib_ip.py:4052] len(Hs) = 8100, len(Ss) = 8100, len(Vs) = 8100
[20191010_094012 / lib_ip.py:4099] green : variance --> out of range (variance = 1.304 / upper = 0.760 / lower = 0.000)
[20191010_094012 / lib_ip.py:3753] file = img.20191010_094005.2019-10-09_18-38-17_000.jpg.3.png / val_Average = 107.0216	val_Variance = 1.3036	sd = 1.1418	max = 112	min = 104
[20191010_094012 / lib_ip.py:4169] len(Hs) = 8100, len(Ss) = 8100, len(Vs) = 8100
[20191010_094012 / lib_ip.py:4208] blue : variance --> out of range (variance = 1.304 / upper = 0.930 / lower = 0.010)
[20191010_094012 / lib_ip.py:3753] file = img.20191010_094005.2019-10-09_18-38-17_000.jpg.3.png / val_Average = 107.0216	val_Variance = 1.3036	sd = 1.1418	max = 112	min = 104
[20191010_094012 / lib_ip.py:4275] len(Hs) = 8100, len(Ss) = 8100, len(Vs) = 8100
[20191010_094012 / lib_ip.py:4314] pink : variance --> out of range (variance = 1.304 / upper = 0.750 / lower = 0.030)
[20191010_094012 / lib_ip.py:3753] file = img.20191010_094005.2019-10-09_18-38-17_000.jpg.3.png / val_Average = 107.0216	val_Variance = 1.3036	sd = 1.1418	max = 112	min = 104
[20191010_094013 / lib_ip.py:4378] len(Hs) = 8100, len(Ss) = 8100, len(Vs) = 8100
[20191010_094013 / lib_ip.py:4422] black : variance --> out of range (variance = 1.304 / upper = 0.000 / lower = 0.000)
[20191010_094013 / lib_ip.py:4593] file : img.20191010_094005.2019-10-09_18-38-17_000.jpg.3.png 2 (black : variance --> out of range (variance = 1.304 / upper = 0.000 / lower = 0.000))
[20191010_094013 / lib_ip.py:2274] inspecting ===> img.20191010_094005.2019-10-09_18-38-17_000.jpg.4.png
[20191010_094013 / lib_ip.py:4505] 
img.20191010_094005.2019-10-09_18-38-17_000.jpg.4.png 3 ---------------------
[20191010_094014 / lib_ip.py:3753] file = img.20191010_094005.2019-10-09_18-38-17_000.jpg.4.png / val_Average = 120.9698	val_Variance = 0.0683	sd = 0.2614	max = 122	min = 120
[20191010_094014 / lib_ip.py:3836] len(Hs) = 8100, len(Ss) = 8100, len(Vs) = 8100
[20191010_094014 / lib_ip.py:3891] yellow : average --> out of range (average = 120.970 / upper = 99.200 / lower = 85.500)
[20191010_094014 / lib_ip.py:3753] file = img.20191010_094005.2019-10-09_18-38-17_000.jpg.4.png / val_Average = 120.9698	val_Variance = 0.0683	sd = 0.2614	max = 122	min = 120
[20191010_094014 / lib_ip.py:3936] len(Hs) = 8100, len(Ss) = 8100, len(Vs) = 8100
[20191010_094013 / lib_ip.py:2274] inspecting ===> img.20191010_094005.2019-10-09_18-38-17_000.jpg.4.png
img.20191010_094005.2019-10-09_18-38-17_000.jpg.1.png => other
img.20191010_094005.2019-10-09_18-38-17_000.jpg.2.png => other
img.20191010_094005.2019-10-09_18-38-17_000.jpg.3.png => other
img.20191010_094005.2019-10-09_18-38-17_000.jpg.4.png => other
[20191010_094014 lib_ip.py:3301] =============== Get 4 corners
dpath_Images = C:\WORKS_2\WS\WS_Others.Art\JVEMV6\46_art\VIRTUAL\Admin_Projects\ip\images
fname_Image = img.20191010_094005.2019-10-09_18-38-17_000.jpg.4.png

[20191010_094015 / lib_ip.py:2274] inspecting ===> img.20191010_094015.2019-10-09_18-39-24_000.jpg.1.png
[20191010_094016 / lib_ip.py:4505] 
img.20191010_094015.2019-10-09_18-39-24_000.jpg.1.png 0 ---------------------
[20191010_094016 / lib_ip.py:3753] file = img.20191010_094015.2019-10-09_18-39-24_000.jpg.1.png / val_Average = 110.2278	val_Variance = 9.6549	sd = 3.1072	max = 130	min = 99
[20191010_094016 / lib_ip.py:3836] len(Hs) = 8100, len(Ss) = 8100, len(Vs) = 8100
[20191010_094016 / lib_ip.py:3869] yellow : variance --> out of range (variance = 9.655 / upper = 0.650 / lower = 0.000)
[20191010_094016 / lib_ip.py:3753] file = img.20191010_094015.2019-10-09_18-39-24_000.jpg.1.png / val_Average = 110.2278	val_Variance = 9.6549	sd = 3.1072	max = 130	min = 99
[20191010_094016 / lib_ip.py:3936] len(Hs) = 8100, len(Ss) = 8100, len(Vs) = 8100
[20191010_094016 / lib_ip.py:3982] red : variance --> out of range (variance = 9.655 / upper = 0.430 / lower = 0.000)
[20191010_094016 / lib_ip.py:3753] file = img.20191010_094015.2019-10-09_18-39-24_000.jpg.1.png / val_Average = 110.2278	val_Variance = 9.6549	sd = 3.1072	max = 130	min = 99
[20191010_094016 / lib_ip.py:4052] len(Hs) = 8100, len(Ss) = 8100, len(Vs) = 8100
[20191010_094016 / lib_ip.py:4099] green : variance --> out of range (variance = 9.655 / upper = 0.760 / lower = 0.000)
[20191010_094017 / lib_ip.py:3753] file = img.20191010_094015.2019-10-09_18-39-24_000.jpg.1.png / val_Average = 110.2278	val_Variance = 9.6549	sd = 3.1072	max = 130	min = 99
[20191010_094017 / lib_ip.py:4169] len(Hs) = 8100, len(Ss) = 8100, len(Vs) = 8100
[20191010_094017 / lib_ip.py:4208] blue : variance --> out of range (variance = 9.655 / upper = 0.930 / lower = 0.010)
[20191010_094017 / lib_ip.py:3753] file = img.20191010_094015.2019-10-09_18-39-24_000.jpg.1.png / val_Average = 110.2278	val_Variance = 9.6549	sd = 3.1072	max = 130	min = 99
[20191010_094017 / lib_ip.py:4275] len(Hs) = 8100, len(Ss) = 8100, len(Vs) = 8100
[20191010_094017 / lib_ip.py:4314] pink : variance --> out of range (variance = 9.655 / upper = 0.750 / lower = 0.030)
[20191010_094017 / lib_ip.py:3753] file = img.20191010_094015.2019-10-09_18-39-24_000.jpg.1.png / val_Average = 110.2278	val_Variance = 9.6549	sd = 3.1072	max = 130	min = 99
[20191010_094017 / lib_ip.py:4378] len(Hs) = 8100, len(Ss) = 8100, len(Vs) = 8100
[20191010_094017 / lib_ip.py:4422] black : variance --> out of range (variance = 9.655 / upper = 0.000 / lower = 0.000)
[20191010_094017 / lib_ip.py:4593] file : img.20191010_094015.2019-10-09_18-39-24_000.jpg.1.png 0 (black : variance --> out of range (variance = 9.655 / upper = 0.000 / lower = 0.000))
[20191010_094017 / lib_ip.py:2274] inspecting ===> img.20191010_094015.2019-10-09_18-39-24_000.jpg.2.png
[20191010_094018 / lib_ip.py:4505] 
img.20191010_094015.2019-10-09_18-39-24_000.jpg.2.png 1 ---------------------
[20191010_094018 / lib_ip.py:3753] file = img.20191010_094015.2019-10-09_18-39-24_000.jpg.2.png / val_Average = 23.9164	val_Variance = 2690.9566	sd = 51.8744	max = 175	min = 0
[20191010_094018 / lib_ip.py:3836] len(Hs) = 8100, len(Ss) = 8100, len(Vs) = 8100
[20191010_094018 / lib_ip.py:3869] yellow : variance --> out of range (variance = 2690.957 / upper = 0.650 / lower = 0.000)
[20191010_094018 / lib_ip.py:3753] file = img.20191010_094015.2019-10-09_18-39-24_000.jpg.2.png / val_Average = 23.9164	val_Variance = 2690.9566	sd = 51.8744	max = 175	min = 0
[20191010_094018 / lib_ip.py:3936] len(Hs) = 8100, len(Ss) = 8100, len(Vs) = 8100
[20191010_094018 / lib_ip.py:3982] red : variance --> out of range (variance = 2690.957 / upper = 0.430 / lower = 0.000)
[20191010_094019 / lib_ip.py:3753] file = img.20191010_094015.2019-10-09_18-39-24_000.jpg.2.png / val_Average = 23.9164	val_Variance = 2690.9566	sd = 51.8744	max = 175	min = 0
[20191010_094019 / lib_ip.py:4052] len(Hs) = 8100, len(Ss) = 8100, len(Vs) = 8100
[20191010_094019 / lib_ip.py:4099] green : variance --> out of range (variance = 2690.957 / upper = 0.760 / lower = 0.000)
[20191010_094019 / lib_ip.py:3753] file = img.20191010_094015.2019-10-09_18-39-24_000.jpg.2.png / val_Average = 23.9164	val_Variance = 2690.9566	sd = 51.8744	max = 175	min = 0
[20191010_094019 / lib_ip.py:4169] len(Hs) = 8100, len(Ss) = 8100, len(Vs) = 8100
[20191010_094019 / lib_ip.py:4208] blue : variance --> out of range (variance = 2690.957 / upper = 0.930 / lower = 0.010)
[20191010_094019 / lib_ip.py:3753] file = img.20191010_094015.2019-10-09_18-39-24_000.jpg.2.png / val_Average = 23.9164	val_Variance = 2690.9566	sd = 51.8744	max = 175	min = 0
[20191010_094019 / lib_ip.py:4275] len(Hs) = 8100, len(Ss) = 8100, len(Vs) = 8100
[20191010_094019 / lib_ip.py:4314] pink : variance --> out of range (variance = 2690.957 / upper = 0.750 / lower = 0.030)
[20191010_094019 / lib_ip.py:3753] file = img.20191010_094015.2019-10-09_18-39-24_000.jpg.2.png / val_Average = 23.9164	val_Variance = 2690.9566	sd = 51.8744	max = 175	min = 0
[20191010_094019 / lib_ip.py:4378] len(Hs) = 8100, len(Ss) = 8100, len(Vs) = 8100
[20191010_094020 / lib_ip.py:4422] black : variance --> out of range (variance = 2690.957 / upper = 0.000 / lower = 0.000)
[20191010_094020 / lib_ip.py:4593] file : img.20191010_094015.2019-10-09_18-39-24_000.jpg.2.png 1 (black : variance --> out of range (variance = 2690.957 / upper = 0.000 / lower = 0.000))
[20191010_094020 / lib_ip.py:2274] inspecting ===> img.20191010_094015.2019-10-09_18-39-24_000.jpg.3.png
[20191010_094020 / lib_ip.py:4505] 
img.20191010_094015.2019-10-09_18-39-24_000.jpg.3.png 2 ---------------------
[20191010_094021 / lib_ip.py:3753] file = img.20191010_094015.2019-10-09_18-39-24_000.jpg.3.png / val_Average = 88.4027	val_Variance = 1967.3267	sd = 44.3546	max = 174	min = 0
[20191010_094021 / lib_ip.py:3836] len(Hs) = 8100, len(Ss) = 8100, len(Vs) = 8100
[20191010_094021 / lib_ip.py:3869] yellow : variance --> out of range (variance = 1967.327 / upper = 0.650 / lower = 0.000)
[20191010_094021 / lib_ip.py:3753] file = img.20191010_094015.2019-10-09_18-39-24_000.jpg.3.png / val_Average = 88.4027	val_Variance = 1967.3267	sd = 44.3546	max = 174	min = 0
[20191010_094021 / lib_ip.py:3936] len(Hs) = 8100, len(Ss) = 8100, len(Vs) = 8100
[20191010_094021 / lib_ip.py:3982] red : variance --> out of range (variance = 1967.327 / upper = 0.430 / lower = 0.000)
[20191010_094021 / lib_ip.py:3753] file = img.20191010_094015.2019-10-09_18-39-24_000.jpg.3.png / val_Average = 88.4027	val_Variance = 1967.3267	sd = 44.3546	max = 174	min = 0
[20191010_094021 / lib_ip.py:4052] len(Hs) = 8100, len(Ss) = 8100, len(Vs) = 8100
[20191010_094021 / lib_ip.py:4099] green : variance --> out of range (variance = 1967.327 / upper = 0.760 / lower = 0.000)
[20191010_094022 / lib_ip.py:3753] file = img.20191010_094015.2019-10-09_18-39-24_000.jpg.3.png / val_Average = 88.4027	val_Variance = 1967.3267	sd = 44.3546	max = 174	min = 0
[20191010_094022 / lib_ip.py:4169] len(Hs) = 8100, len(Ss) = 8100, len(Vs) = 8100
[20191010_094022 / lib_ip.py:4208] blue : variance --> out of range (variance = 1967.327 / upper = 0.930 / lower = 0.010)
[20191010_094022 / lib_ip.py:3753] file = img.20191010_094015.2019-10-09_18-39-24_000.jpg.3.png / val_Average = 88.4027	val_Variance = 1967.3267	sd = 44.3546	max = 174	min = 0
[20191010_094022 / lib_ip.py:4275] len(Hs) = 8100, len(Ss) = 8100, len(Vs) = 8100
[20191010_094022 / lib_ip.py:4314] pink : variance --> out of range (variance = 1967.327 / upper = 0.750 / lower = 0.030)
[20191010_094022 / lib_ip.py:3753] file = img.20191010_094015.2019-10-09_18-39-24_000.jpg.3.png / val_Average = 88.4027	val_Variance = 1967.3267	sd = 44.3546	max = 174	min = 0
[20191010_094022 / lib_ip.py:4378] len(Hs) = 8100, len(Ss) = 8100, len(Vs) = 8100
[20191010_094022 / lib_ip.py:4422] black : variance --> out of range (variance = 1967.327 / upper = 0.000 / lower = 0.000)
[20191010_094022 / lib_ip.py:4593] file : img.20191010_094015.2019-10-09_18-39-24_000.jpg.3.png 2 (black : variance --> out of range (variance = 1967.327 / upper = 0.000 / lower = 0.000))
[20191010_094022 / lib_ip.py:2274] inspecting ===> img.20191010_094015.2019-10-09_18-39-24_000.jpg.4.png
[20191010_094023 / lib_ip.py:4505] 
img.20191010_094015.2019-10-09_18-39-24_000.jpg.4.png 3 ---------------------
[20191010_094023 / lib_ip.py:3753] file = img.20191010_094015.2019-10-09_18-39-24_000.jpg.4.png / val_Average = 120.8901	val_Variance = 0.1156	sd = 0.3400	max = 122	min = 120
[20191010_094023 / lib_ip.py:3836] len(Hs) = 8100, len(Ss) = 8100, len(Vs) = 8100
[20191010_094023 / lib_ip.py:3891] yellow : average --> out of range (average = 120.890 / upper = 99.200 / lower = 85.500)
[20191010_094024 / lib_ip.py:3753] file = img.20191010_094015.2019-10-09_18-39-24_000.jpg.4.png / val_Average = 120.8901	val_Variance = 0.1156	sd = 0.3400	max = 122	min = 120
[20191010_094024 / lib_ip.py:3936] len(Hs) = 8100, len(Ss) = 8100, len(Vs) = 8100
[20191010_094022 / lib_ip.py:2274] inspecting ===> img.20191010_094015.2019-10-09_18-39-24_000.jpg.4.png
img.20191010_094015.2019-10-09_18-39-24_000.jpg.1.png => other
img.20191010_094015.2019-10-09_18-39-24_000.jpg.2.png => other
img.20191010_094015.2019-10-09_18-39-24_000.jpg.3.png => other
img.20191010_094015.2019-10-09_18-39-24_000.jpg.4.png => other
[20191010_094024 lib_ip.py:3301] =============== Get 4 corners
dpath_Images = C:\WORKS_2\WS\WS_Others.Art\JVEMV6\46_art\VIRTUAL\Admin_Projects\ip\images
fname_Image = img.20191010_094015.2019-10-09_18-39-24_000.jpg.4.png

[20191010_094025 / lib_ip.py:2274] inspecting ===> img.20191010_094025.2019-10-09_18-40-57_000.jpg.1.png
[20191010_094025 / lib_ip.py:4505] 
img.20191010_094025.2019-10-09_18-40-57_000.jpg.1.png 0 ---------------------
[20191010_094025 / lib_ip.py:3753] file = img.20191010_094025.2019-10-09_18-40-57_000.jpg.1.png / val_Average = 104.8063	val_Variance = 7.1258	sd = 2.6694	max = 115	min = 98
[20191010_094025 / lib_ip.py:3836] len(Hs) = 8100, len(Ss) = 8100, len(Vs) = 8100
[20191010_094026 / lib_ip.py:3869] yellow : variance --> out of range (variance = 7.126 / upper = 0.650 / lower = 0.000)
[20191010_094026 / lib_ip.py:3753] file = img.20191010_094025.2019-10-09_18-40-57_000.jpg.1.png / val_Average = 104.8063	val_Variance = 7.1258	sd = 2.6694	max = 115	min = 98
[20191010_094026 / lib_ip.py:3936] len(Hs) = 8100, len(Ss) = 8100, len(Vs) = 8100
[20191010_094026 / lib_ip.py:3982] red : variance --> out of range (variance = 7.126 / upper = 0.430 / lower = 0.000)
[20191010_094026 / lib_ip.py:3753] file = img.20191010_094025.2019-10-09_18-40-57_000.jpg.1.png / val_Average = 104.8063	val_Variance = 7.1258	sd = 2.6694	max = 115	min = 98
[20191010_094026 / lib_ip.py:4052] len(Hs) = 8100, len(Ss) = 8100, len(Vs) = 8100
[20191010_094027 / lib_ip.py:4099] green : variance --> out of range (variance = 7.126 / upper = 0.760 / lower = 0.000)
[20191010_094027 / lib_ip.py:3753] file = img.20191010_094025.2019-10-09_18-40-57_000.jpg.1.png / val_Average = 104.8063	val_Variance = 7.1258	sd = 2.6694	max = 115	min = 98
[20191010_094027 / lib_ip.py:4169] len(Hs) = 8100, len(Ss) = 8100, len(Vs) = 8100
[20191010_094027 / lib_ip.py:4208] blue : variance --> out of range (variance = 7.126 / upper = 0.930 / lower = 0.010)
[20191010_094027 / lib_ip.py:3753] file = img.20191010_094025.2019-10-09_18-40-57_000.jpg.1.png / val_Average = 104.8063	val_Variance = 7.1258	sd = 2.6694	max = 115	min = 98
[20191010_094027 / lib_ip.py:4275] len(Hs) = 8100, len(Ss) = 8100, len(Vs) = 8100
[20191010_094027 / lib_ip.py:4314] pink : variance --> out of range (variance = 7.126 / upper = 0.750 / lower = 0.030)
[20191010_094027 / lib_ip.py:3753] file = img.20191010_094025.2019-10-09_18-40-57_000.jpg.1.png / val_Average = 104.8063	val_Variance = 7.1258	sd = 2.6694	max = 115	min = 98
[20191010_094027 / lib_ip.py:4378] len(Hs) = 8100, len(Ss) = 8100, len(Vs) = 8100
[20191010_094028 / lib_ip.py:4422] black : variance --> out of range (variance = 7.126 / upper = 0.000 / lower = 0.000)
[20191010_094028 / lib_ip.py:4593] file : img.20191010_094025.2019-10-09_18-40-57_000.jpg.1.png 0 (black : variance --> out of range (variance = 7.126 / upper = 0.000 / lower = 0.000))
[20191010_094028 / lib_ip.py:2274] inspecting ===> img.20191010_094025.2019-10-09_18-40-57_000.jpg.2.png
[20191010_094028 / lib_ip.py:4505] 
img.20191010_094025.2019-10-09_18-40-57_000.jpg.2.png 1 ---------------------
[20191010_094029 / lib_ip.py:3753] file = img.20191010_094025.2019-10-09_18-40-57_000.jpg.2.png / val_Average = 120.7365	val_Variance = 0.1978	sd = 0.4447	max = 122	min = 119
[20191010_094029 / lib_ip.py:3836] len(Hs) = 8100, len(Ss) = 8100, len(Vs) = 8100
[20191010_094029 / lib_ip.py:3891] yellow : average --> out of range (average = 120.737 / upper = 99.200 / lower = 85.500)
[20191010_094029 / lib_ip.py:3753] file = img.20191010_094025.2019-10-09_18-40-57_000.jpg.2.png / val_Average = 120.7365	val_Variance = 0.1978	sd = 0.4447	max = 122	min = 119
[20191010_094029 / lib_ip.py:3936] len(Hs) = 8100, len(Ss) = 8100, len(Vs) = 8100
[20191010_094029 / lib_ip.py:2274] inspecting ===> img.20191010_094025.2019-10-09_18-40-57_000.jpg.3.png
[20191010_094030 / lib_ip.py:4505] 
img.20191010_094025.2019-10-09_18-40-57_000.jpg.3.png 2 ---------------------
[20191010_094030 / lib_ip.py:3753] file = img.20191010_094025.2019-10-09_18-40-57_000.jpg.3.png / val_Average = 112.7436	val_Variance = 11.7265	sd = 3.4244	max = 120	min = 86
[20191010_094030 / lib_ip.py:3836] len(Hs) = 8100, len(Ss) = 8100, len(Vs) = 8100
[20191010_094030 / lib_ip.py:3869] yellow : variance --> out of range (variance = 11.726 / upper = 0.650 / lower = 0.000)
[20191010_094030 / lib_ip.py:3753] file = img.20191010_094025.2019-10-09_18-40-57_000.jpg.3.png / val_Average = 112.7436	val_Variance = 11.7265	sd = 3.4244	max = 120	min = 86
[20191010_094030 / lib_ip.py:3936] len(Hs) = 8100, len(Ss) = 8100, len(Vs) = 8100
[20191010_094030 / lib_ip.py:3982] red : variance --> out of range (variance = 11.726 / upper = 0.430 / lower = 0.000)
[20191010_094030 / lib_ip.py:3753] file = img.20191010_094025.2019-10-09_18-40-57_000.jpg.3.png / val_Average = 112.7436	val_Variance = 11.7265	sd = 3.4244	max = 120	min = 86
[20191010_094031 / lib_ip.py:4052] len(Hs) = 8100, len(Ss) = 8100, len(Vs) = 8100
[20191010_094031 / lib_ip.py:4099] green : variance --> out of range (variance = 11.726 / upper = 0.760 / lower = 0.000)
[20191010_094031 / lib_ip.py:3753] file = img.20191010_094025.2019-10-09_18-40-57_000.jpg.3.png / val_Average = 112.7436	val_Variance = 11.7265	sd = 3.4244	max = 120	min = 86
[20191010_094031 / lib_ip.py:4169] len(Hs) = 8100, len(Ss) = 8100, len(Vs) = 8100
[20191010_094031 / lib_ip.py:4208] blue : variance --> out of range (variance = 11.726 / upper = 0.930 / lower = 0.010)
[20191010_094031 / lib_ip.py:3753] file = img.20191010_094025.2019-10-09_18-40-57_000.jpg.3.png / val_Average = 112.7436	val_Variance = 11.7265	sd = 3.4244	max = 120	min = 86
[20191010_094031 / lib_ip.py:4275] len(Hs) = 8100, len(Ss) = 8100, len(Vs) = 8100
[20191010_094031 / lib_ip.py:4314] pink : variance --> out of range (variance = 11.726 / upper = 0.750 / lower = 0.030)
[20191010_094031 / lib_ip.py:3753] file = img.20191010_094025.2019-10-09_18-40-57_000.jpg.3.png / val_Average = 112.7436	val_Variance = 11.7265	sd = 3.4244	max = 120	min = 86
[20191010_094031 / lib_ip.py:4378] len(Hs) = 8100, len(Ss) = 8100, len(Vs) = 8100
[20191010_094032 / lib_ip.py:4422] black : variance --> out of range (variance = 11.726 / upper = 0.000 / lower = 0.000)
[20191010_094032 / lib_ip.py:4593] file : img.20191010_094025.2019-10-09_18-40-57_000.jpg.3.png 2 (black : variance --> out of range (variance = 11.726 / upper = 0.000 / lower = 0.000))
[20191010_094032 / lib_ip.py:2274] inspecting ===> img.20191010_094025.2019-10-09_18-40-57_000.jpg.4.png
[20191010_094032 / lib_ip.py:4505] 
img.20191010_094025.2019-10-09_18-40-57_000.jpg.4.png 3 ---------------------
[20191010_094032 / lib_ip.py:3753] file = img.20191010_094025.2019-10-09_18-40-57_000.jpg.4.png / val_Average = 78.7380	val_Variance = 0.2580	sd = 0.5080	max = 80	min = 77
[20191010_094032 / lib_ip.py:3836] len(Hs) = 8100, len(Ss) = 8100, len(Vs) = 8100
[20191010_094032 / lib_ip.py:3891] yellow : average --> out of range (average = 78.738 / upper = 99.200 / lower = 85.500)
[20191010_094032 / lib_ip.py:3753] file = img.20191010_094025.2019-10-09_18-40-57_000.jpg.4.png / val_Average = 78.7380	val_Variance = 0.2580	sd = 0.5080	max = 80	min = 77
[20191010_094032 / lib_ip.py:3936] len(Hs) = 8100, len(Ss) = 8100, len(Vs) = 8100
[20191010_094032 / lib_ip.py:4007] red : average --> out of range (average = 78.738 / upper = 124.600 / lower = 115.000)
[20191010_094033 / lib_ip.py:3753] file = img.20191010_094025.2019-10-09_18-40-57_000.jpg.4.png / val_Average = 78.7380	val_Variance = 0.2580	sd = 0.5080	max = 80	min = 77
[20191010_094033 / lib_ip.py:4052] len(Hs) = 8100, len(Ss) = 8100, len(Vs) = 8100
[20191010_094032 / lib_ip.py:2274] inspecting ===> img.20191010_094025.2019-10-09_18-40-57_000.jpg.4.png
img.20191010_094025.2019-10-09_18-40-57_000.jpg.1.png => other
img.20191010_094025.2019-10-09_18-40-57_000.jpg.2.png => other
img.20191010_094025.2019-10-09_18-40-57_000.jpg.3.png => other
img.20191010_094025.2019-10-09_18-40-57_000.jpg.4.png => other
[20191010_094033 lib_ip.py:3301] =============== Get 4 corners
dpath_Images = C:\WORKS_2\WS\WS_Others.Art\JVEMV6\46_art\VIRTUAL\Admin_Projects\ip\images
fname_Image = img.20191010_094025.2019-10-09_18-40-57_000.jpg.4.png

[20191010_094034 / lib_ip.py:2274] inspecting ===> img.20191010_094034.2019-10-09_21-04-04_000.jpg.1.png
[20191010_094035 / lib_ip.py:4505] 
img.20191010_094034.2019-10-09_21-04-04_000.jpg.1.png 0 ---------------------
[20191010_094035 / lib_ip.py:3753] file = img.20191010_094034.2019-10-09_21-04-04_000.jpg.1.png / val_Average = 93.9301	val_Variance = 0.0650	sd = 0.2549	max = 94	min = 93
[20191010_094035 / lib_ip.py:3836] len(Hs) = 8100, len(Ss) = 8100, len(Vs) = 8100
[20191010_094035 / lib_ip.py:2274] inspecting ===> img.20191010_094034.2019-10-09_21-04-04_000.jpg.2.png
[20191010_094036 / lib_ip.py:4505] 
img.20191010_094034.2019-10-09_21-04-04_000.jpg.2.png 1 ---------------------
[20191010_094036 / lib_ip.py:3753] file = img.20191010_094034.2019-10-09_21-04-04_000.jpg.2.png / val_Average = 65.8748	val_Variance = 1478.2132	sd = 38.4475	max = 135	min = 0
[20191010_094036 / lib_ip.py:3836] len(Hs) = 8100, len(Ss) = 8100, len(Vs) = 8100
[20191010_094036 / lib_ip.py:3869] yellow : variance --> out of range (variance = 1478.213 / upper = 0.650 / lower = 0.000)
[20191010_094036 / lib_ip.py:3753] file = img.20191010_094034.2019-10-09_21-04-04_000.jpg.2.png / val_Average = 65.8748	val_Variance = 1478.2132	sd = 38.4475	max = 135	min = 0
[20191010_094036 / lib_ip.py:3936] len(Hs) = 8100, len(Ss) = 8100, len(Vs) = 8100
[20191010_094036 / lib_ip.py:3982] red : variance --> out of range (variance = 1478.213 / upper = 0.430 / lower = 0.000)
[20191010_094036 / lib_ip.py:3753] file = img.20191010_094034.2019-10-09_21-04-04_000.jpg.2.png / val_Average = 65.8748	val_Variance = 1478.2132	sd = 38.4475	max = 135	min = 0
[20191010_094036 / lib_ip.py:4052] len(Hs) = 8100, len(Ss) = 8100, len(Vs) = 8100
[20191010_094036 / lib_ip.py:4099] green : variance --> out of range (variance = 1478.213 / upper = 0.760 / lower = 0.000)
[20191010_094037 / lib_ip.py:3753] file = img.20191010_094034.2019-10-09_21-04-04_000.jpg.2.png / val_Average = 65.8748	val_Variance = 1478.2132	sd = 38.4475	max = 135	min = 0
[20191010_094037 / lib_ip.py:4169] len(Hs) = 8100, len(Ss) = 8100, len(Vs) = 8100
[20191010_094037 / lib_ip.py:4208] blue : variance --> out of range (variance = 1478.213 / upper = 0.930 / lower = 0.010)
[20191010_094037 / lib_ip.py:3753] file = img.20191010_094034.2019-10-09_21-04-04_000.jpg.2.png / val_Average = 65.8748	val_Variance = 1478.2132	sd = 38.4475	max = 135	min = 0
[20191010_094037 / lib_ip.py:4275] len(Hs) = 8100, len(Ss) = 8100, len(Vs) = 8100
[20191010_094037 / lib_ip.py:4314] pink : variance --> out of range (variance = 1478.213 / upper = 0.750 / lower = 0.030)
[20191010_094037 / lib_ip.py:3753] file = img.20191010_094034.2019-10-09_21-04-04_000.jpg.2.png / val_Average = 65.8748	val_Variance = 1478.2132	sd = 38.4475	max = 135	min = 0
[20191010_094037 / lib_ip.py:4378] len(Hs) = 8100, len(Ss) = 8100, len(Vs) = 8100
[20191010_094037 / lib_ip.py:4422] black : variance --> out of range (variance = 1478.213 / upper = 0.000 / lower = 0.000)
[20191010_094037 / lib_ip.py:4593] file : img.20191010_094034.2019-10-09_21-04-04_000.jpg.2.png 1 (black : variance --> out of range (variance = 1478.213 / upper = 0.000 / lower = 0.000))
[20191010_094038 / lib_ip.py:2274] inspecting ===> img.20191010_094034.2019-10-09_21-04-04_000.jpg.3.png
[20191010_094038 / lib_ip.py:4505] 
img.20191010_094034.2019-10-09_21-04-04_000.jpg.3.png 2 ---------------------
[20191010_094039 / lib_ip.py:3753] file = img.20191010_094034.2019-10-09_21-04-04_000.jpg.3.png / val_Average = 48.2825	val_Variance = 1973.2523	sd = 44.4213	max = 160	min = 0
[20191010_094039 / lib_ip.py:3836] len(Hs) = 8100, len(Ss) = 8100, len(Vs) = 8100
[20191010_094039 / lib_ip.py:3869] yellow : variance --> out of range (variance = 1973.252 / upper = 0.650 / lower = 0.000)
[20191010_094039 / lib_ip.py:3753] file = img.20191010_094034.2019-10-09_21-04-04_000.jpg.3.png / val_Average = 48.2825	val_Variance = 1973.2523	sd = 44.4213	max = 160	min = 0
[20191010_094039 / lib_ip.py:3936] len(Hs) = 8100, len(Ss) = 8100, len(Vs) = 8100
[20191010_094039 / lib_ip.py:3982] red : variance --> out of range (variance = 1973.252 / upper = 0.430 / lower = 0.000)
[20191010_094039 / lib_ip.py:3753] file = img.20191010_094034.2019-10-09_21-04-04_000.jpg.3.png / val_Average = 48.2825	val_Variance = 1973.2523	sd = 44.4213	max = 160	min = 0
[20191010_094039 / lib_ip.py:4052] len(Hs) = 8100, len(Ss) = 8100, len(Vs) = 8100
[20191010_094039 / lib_ip.py:4099] green : variance --> out of range (variance = 1973.252 / upper = 0.760 / lower = 0.000)
[20191010_094039 / lib_ip.py:3753] file = img.20191010_094034.2019-10-09_21-04-04_000.jpg.3.png / val_Average = 48.2825	val_Variance = 1973.2523	sd = 44.4213	max = 160	min = 0
[20191010_094039 / lib_ip.py:4169] len(Hs) = 8100, len(Ss) = 8100, len(Vs) = 8100
[20191010_094039 / lib_ip.py:4208] blue : variance --> out of range (variance = 1973.252 / upper = 0.930 / lower = 0.010)
[20191010_094039 / lib_ip.py:3753] file = img.20191010_094034.2019-10-09_21-04-04_000.jpg.3.png / val_Average = 48.2825	val_Variance = 1973.2523	sd = 44.4213	max = 160	min = 0
[20191010_094039 / lib_ip.py:4275] len(Hs) = 8100, len(Ss) = 8100, len(Vs) = 8100
[20191010_094039 / lib_ip.py:4314] pink : variance --> out of range (variance = 1973.252 / upper = 0.750 / lower = 0.030)
[20191010_094040 / lib_ip.py:3753] file = img.20191010_094034.2019-10-09_21-04-04_000.jpg.3.png / val_Average = 48.2825	val_Variance = 1973.2523	sd = 44.4213	max = 160	min = 0
[20191010_094040 / lib_ip.py:4378] len(Hs) = 8100, len(Ss) = 8100, len(Vs) = 8100
[20191010_094040 / lib_ip.py:4422] black : variance --> out of range (variance = 1973.252 / upper = 0.000 / lower = 0.000)
[20191010_094040 / lib_ip.py:4593] file : img.20191010_094034.2019-10-09_21-04-04_000.jpg.3.png 2 (black : variance --> out of range (variance = 1973.252 / upper = 0.000 / lower = 0.000))
[20191010_094040 / lib_ip.py:2274] inspecting ===> img.20191010_094034.2019-10-09_21-04-04_000.jpg.4.png
[20191010_094041 / lib_ip.py:4505] 
img.20191010_094034.2019-10-09_21-04-04_000.jpg.4.png 3 ---------------------
[20191010_094041 / lib_ip.py:3753] file = img.20191010_094034.2019-10-09_21-04-04_000.jpg.4.png / val_Average = 50.7685	val_Variance = 2173.2707	sd = 46.6184	max = 160	min = 0
[20191010_094041 / lib_ip.py:3836] len(Hs) = 8100, len(Ss) = 8100, len(Vs) = 8100
[20191010_094041 / lib_ip.py:3869] yellow : variance --> out of range (variance = 2173.271 / upper = 0.650 / lower = 0.000)
[20191010_094041 / lib_ip.py:3753] file = img.20191010_094034.2019-10-09_21-04-04_000.jpg.4.png / val_Average = 50.7685	val_Variance = 2173.2707	sd = 46.6184	max = 160	min = 0
[20191010_094041 / lib_ip.py:3936] len(Hs) = 8100, len(Ss) = 8100, len(Vs) = 8100
[20191010_094041 / lib_ip.py:3982] red : variance --> out of range (variance = 2173.271 / upper = 0.430 / lower = 0.000)
[20191010_094041 / lib_ip.py:3753] file = img.20191010_094034.2019-10-09_21-04-04_000.jpg.4.png / val_Average = 50.7685	val_Variance = 2173.2707	sd = 46.6184	max = 160	min = 0
[20191010_094041 / lib_ip.py:4052] len(Hs) = 8100, len(Ss) = 8100, len(Vs) = 8100
[20191010_094042 / lib_ip.py:4099] green : variance --> out of range (variance = 2173.271 / upper = 0.760 / lower = 0.000)
[20191010_094042 / lib_ip.py:3753] file = img.20191010_094034.2019-10-09_21-04-04_000.jpg.4.png / val_Average = 50.7685	val_Variance = 2173.2707	sd = 46.6184	max = 160	min = 0
[20191010_094042 / lib_ip.py:4169] len(Hs) = 8100, len(Ss) = 8100, len(Vs) = 8100
[20191010_094042 / lib_ip.py:4208] blue : variance --> out of range (variance = 2173.271 / upper = 0.930 / lower = 0.010)
[20191010_094042 / lib_ip.py:3753] file = img.20191010_094034.2019-10-09_21-04-04_000.jpg.4.png / val_Average = 50.7685	val_Variance = 2173.2707	sd = 46.6184	max = 160	min = 0
[20191010_094042 / lib_ip.py:4275] len(Hs) = 8100, len(Ss) = 8100, len(Vs) = 8100
[20191010_094042 / lib_ip.py:4314] pink : variance --> out of range (variance = 2173.271 / upper = 0.750 / lower = 0.030)
[20191010_094042 / lib_ip.py:3753] file = img.20191010_094034.2019-10-09_21-04-04_000.jpg.4.png / val_Average = 50.7685	val_Variance = 2173.2707	sd = 46.6184	max = 160	min = 0
[20191010_094042 / lib_ip.py:4378] len(Hs) = 8100, len(Ss) = 8100, len(Vs) = 8100
[20191010_094042 / lib_ip.py:4422] black : variance --> out of range (variance = 2173.271 / upper = 0.000 / lower = 0.000)
[20191010_094042 / lib_ip.py:4593] file : img.20191010_094034.2019-10-09_21-04-04_000.jpg.4.png 3 (black : variance --> out of range (variance = 2173.271 / upper = 0.000 / lower = 0.000))
[20191010_094040 / lib_ip.py:2274] inspecting ===> img.20191010_094034.2019-10-09_21-04-04_000.jpg.4.png
img.20191010_094034.2019-10-09_21-04-04_000.jpg.1.png => other
img.20191010_094034.2019-10-09_21-04-04_000.jpg.2.png => other
img.20191010_094034.2019-10-09_21-04-04_000.jpg.3.png => other
img.20191010_094034.2019-10-09_21-04-04_000.jpg.4.png => other
[20191010_094042 lib_ip.py:3301] =============== Get 4 corners
dpath_Images = C:\WORKS_2\WS\WS_Others.Art\JVEMV6\46_art\VIRTUAL\Admin_Projects\ip\images
fname_Image = img.20191010_094034.2019-10-09_21-04-04_000.jpg.4.png

[20191010_094043 / lib_ip.py:2274] inspecting ===> img.20191010_094043.2019-10-10_00-04-27_000.png.1.png
[20191010_094043 / lib_ip.py:4505] 
img.20191010_094043.2019-10-10_00-04-27_000.png.1.png 0 ---------------------
[20191010_094044 / lib_ip.py:3753] file = img.20191010_094043.2019-10-10_00-04-27_000.png.1.png / val_Average = 80.1814	val_Variance = 1429.0702	sd = 37.8030	max = 150	min = 0
[20191010_094044 / lib_ip.py:3836] len(Hs) = 8100, len(Ss) = 8100, len(Vs) = 8100
[20191010_094044 / lib_ip.py:3869] yellow : variance --> out of range (variance = 1429.070 / upper = 0.650 / lower = 0.000)
[20191010_094044 / lib_ip.py:3753] file = img.20191010_094043.2019-10-10_00-04-27_000.png.1.png / val_Average = 80.1814	val_Variance = 1429.0702	sd = 37.8030	max = 150	min = 0
[20191010_094044 / lib_ip.py:3936] len(Hs) = 8100, len(Ss) = 8100, len(Vs) = 8100
[20191010_094044 / lib_ip.py:3982] red : variance --> out of range (variance = 1429.070 / upper = 0.430 / lower = 0.000)
[20191010_094044 / lib_ip.py:3753] file = img.20191010_094043.2019-10-10_00-04-27_000.png.1.png / val_Average = 80.1814	val_Variance = 1429.0702	sd = 37.8030	max = 150	min = 0
[20191010_094044 / lib_ip.py:4052] len(Hs) = 8100, len(Ss) = 8100, len(Vs) = 8100
[20191010_094044 / lib_ip.py:4099] green : variance --> out of range (variance = 1429.070 / upper = 0.760 / lower = 0.000)
[20191010_094044 / lib_ip.py:3753] file = img.20191010_094043.2019-10-10_00-04-27_000.png.1.png / val_Average = 80.1814	val_Variance = 1429.0702	sd = 37.8030	max = 150	min = 0
[20191010_094044 / lib_ip.py:4169] len(Hs) = 8100, len(Ss) = 8100, len(Vs) = 8100
[20191010_094045 / lib_ip.py:4208] blue : variance --> out of range (variance = 1429.070 / upper = 0.930 / lower = 0.010)
[20191010_094045 / lib_ip.py:3753] file = img.20191010_094043.2019-10-10_00-04-27_000.png.1.png / val_Average = 80.1814	val_Variance = 1429.0702	sd = 37.8030	max = 150	min = 0
[20191010_094045 / lib_ip.py:4275] len(Hs) = 8100, len(Ss) = 8100, len(Vs) = 8100
[20191010_094045 / lib_ip.py:4314] pink : variance --> out of range (variance = 1429.070 / upper = 0.750 / lower = 0.030)
[20191010_094045 / lib_ip.py:3753] file = img.20191010_094043.2019-10-10_00-04-27_000.png.1.png / val_Average = 80.1814	val_Variance = 1429.0702	sd = 37.8030	max = 150	min = 0
[20191010_094045 / lib_ip.py:4378] len(Hs) = 8100, len(Ss) = 8100, len(Vs) = 8100
[20191010_094045 / lib_ip.py:4422] black : variance --> out of range (variance = 1429.070 / upper = 0.000 / lower = 0.000)
[20191010_094045 / lib_ip.py:4593] file : img.20191010_094043.2019-10-10_00-04-27_000.png.1.png 0 (black : variance --> out of range (variance = 1429.070 / upper = 0.000 / lower = 0.000))
[20191010_094045 / lib_ip.py:2274] inspecting ===> img.20191010_094043.2019-10-10_00-04-27_000.png.2.png
[20191010_094046 / lib_ip.py:4505] 
img.20191010_094043.2019-10-10_00-04-27_000.png.2.png 1 ---------------------
[20191010_094046 / lib_ip.py:3753] file = img.20191010_094043.2019-10-10_00-04-27_000.png.2.png / val_Average = 40.7807	val_Variance = 5509.8095	sd = 74.2281	max = 179	min = 0
[20191010_094046 / lib_ip.py:3836] len(Hs) = 8100, len(Ss) = 8100, len(Vs) = 8100
[20191010_094046 / lib_ip.py:3869] yellow : variance --> out of range (variance = 5509.809 / upper = 0.650 / lower = 0.000)
[20191010_094046 / lib_ip.py:3753] file = img.20191010_094043.2019-10-10_00-04-27_000.png.2.png / val_Average = 40.7807	val_Variance = 5509.8095	sd = 74.2281	max = 179	min = 0
[20191010_094046 / lib_ip.py:3936] len(Hs) = 8100, len(Ss) = 8100, len(Vs) = 8100
[20191010_094046 / lib_ip.py:3982] red : variance --> out of range (variance = 5509.809 / upper = 0.430 / lower = 0.000)
[20191010_094046 / lib_ip.py:3753] file = img.20191010_094043.2019-10-10_00-04-27_000.png.2.png / val_Average = 40.7807	val_Variance = 5509.8095	sd = 74.2281	max = 179	min = 0
[20191010_094046 / lib_ip.py:4052] len(Hs) = 8100, len(Ss) = 8100, len(Vs) = 8100
[20191010_094047 / lib_ip.py:4099] green : variance --> out of range (variance = 5509.809 / upper = 0.760 / lower = 0.000)
[20191010_094047 / lib_ip.py:3753] file = img.20191010_094043.2019-10-10_00-04-27_000.png.2.png / val_Average = 40.7807	val_Variance = 5509.8095	sd = 74.2281	max = 179	min = 0
[20191010_094047 / lib_ip.py:4169] len(Hs) = 8100, len(Ss) = 8100, len(Vs) = 8100
[20191010_094047 / lib_ip.py:4208] blue : variance --> out of range (variance = 5509.809 / upper = 0.930 / lower = 0.010)
[20191010_094047 / lib_ip.py:3753] file = img.20191010_094043.2019-10-10_00-04-27_000.png.2.png / val_Average = 40.7807	val_Variance = 5509.8095	sd = 74.2281	max = 179	min = 0
[20191010_094047 / lib_ip.py:4275] len(Hs) = 8100, len(Ss) = 8100, len(Vs) = 8100
[20191010_094047 / lib_ip.py:4314] pink : variance --> out of range (variance = 5509.809 / upper = 0.750 / lower = 0.030)
[20191010_094047 / lib_ip.py:3753] file = img.20191010_094043.2019-10-10_00-04-27_000.png.2.png / val_Average = 40.7807	val_Variance = 5509.8095	sd = 74.2281	max = 179	min = 0
[20191010_094047 / lib_ip.py:4378] len(Hs) = 8100, len(Ss) = 8100, len(Vs) = 8100
[20191010_094048 / lib_ip.py:4422] black : variance --> out of range (variance = 5509.809 / upper = 0.000 / lower = 0.000)
[20191010_094048 / lib_ip.py:4593] file : img.20191010_094043.2019-10-10_00-04-27_000.png.2.png 1 (black : variance --> out of range (variance = 5509.809 / upper = 0.000 / lower = 0.000))
[20191010_094048 / lib_ip.py:2274] inspecting ===> img.20191010_094043.2019-10-10_00-04-27_000.png.3.png
[20191010_094048 / lib_ip.py:4505] 
img.20191010_094043.2019-10-10_00-04-27_000.png.3.png 2 ---------------------
[20191010_094049 / lib_ip.py:3753] file = img.20191010_094043.2019-10-10_00-04-27_000.png.3.png / val_Average = 101.1428	val_Variance = 539.0953	sd = 23.2184	max = 178	min = 87
[20191010_094049 / lib_ip.py:3836] len(Hs) = 8100, len(Ss) = 8100, len(Vs) = 8100
[20191010_094049 / lib_ip.py:3869] yellow : variance --> out of range (variance = 539.095 / upper = 0.650 / lower = 0.000)
[20191010_094049 / lib_ip.py:3753] file = img.20191010_094043.2019-10-10_00-04-27_000.png.3.png / val_Average = 101.1428	val_Variance = 539.0953	sd = 23.2184	max = 178	min = 87
[20191010_094049 / lib_ip.py:3936] len(Hs) = 8100, len(Ss) = 8100, len(Vs) = 8100
[20191010_094049 / lib_ip.py:3982] red : variance --> out of range (variance = 539.095 / upper = 0.430 / lower = 0.000)
[20191010_094049 / lib_ip.py:3753] file = img.20191010_094043.2019-10-10_00-04-27_000.png.3.png / val_Average = 101.1428	val_Variance = 539.0953	sd = 23.2184	max = 178	min = 87
[20191010_094049 / lib_ip.py:4052] len(Hs) = 8100, len(Ss) = 8100, len(Vs) = 8100
[20191010_094049 / lib_ip.py:4099] green : variance --> out of range (variance = 539.095 / upper = 0.760 / lower = 0.000)
[20191010_094049 / lib_ip.py:3753] file = img.20191010_094043.2019-10-10_00-04-27_000.png.3.png / val_Average = 101.1428	val_Variance = 539.0953	sd = 23.2184	max = 178	min = 87
[20191010_094049 / lib_ip.py:4169] len(Hs) = 8100, len(Ss) = 8100, len(Vs) = 8100
[20191010_094049 / lib_ip.py:4208] blue : variance --> out of range (variance = 539.095 / upper = 0.930 / lower = 0.010)
[20191010_094049 / lib_ip.py:3753] file = img.20191010_094043.2019-10-10_00-04-27_000.png.3.png / val_Average = 101.1428	val_Variance = 539.0953	sd = 23.2184	max = 178	min = 87
[20191010_094049 / lib_ip.py:4275] len(Hs) = 8100, len(Ss) = 8100, len(Vs) = 8100
[20191010_094050 / lib_ip.py:4314] pink : variance --> out of range (variance = 539.095 / upper = 0.750 / lower = 0.030)
[20191010_094050 / lib_ip.py:3753] file = img.20191010_094043.2019-10-10_00-04-27_000.png.3.png / val_Average = 101.1428	val_Variance = 539.0953	sd = 23.2184	max = 178	min = 87
[20191010_094050 / lib_ip.py:4378] len(Hs) = 8100, len(Ss) = 8100, len(Vs) = 8100
[20191010_094050 / lib_ip.py:4422] black : variance --> out of range (variance = 539.095 / upper = 0.000 / lower = 0.000)
[20191010_094050 / lib_ip.py:4593] file : img.20191010_094043.2019-10-10_00-04-27_000.png.3.png 2 (black : variance --> out of range (variance = 539.095 / upper = 0.000 / lower = 0.000))
[20191010_094050 / lib_ip.py:2274] inspecting ===> img.20191010_094043.2019-10-10_00-04-27_000.png.4.png
[20191010_094051 / lib_ip.py:4505] 
img.20191010_094043.2019-10-10_00-04-27_000.png.4.png 3 ---------------------
[20191010_094051 / lib_ip.py:3753] file = img.20191010_094043.2019-10-10_00-04-27_000.png.4.png / val_Average = 66.2064	val_Variance = 6320.4174	sd = 79.5011	max = 178	min = 0
[20191010_094051 / lib_ip.py:3836] len(Hs) = 8100, len(Ss) = 8100, len(Vs) = 8100
[20191010_094051 / lib_ip.py:3869] yellow : variance --> out of range (variance = 6320.417 / upper = 0.650 / lower = 0.000)
[20191010_094051 / lib_ip.py:3753] file = img.20191010_094043.2019-10-10_00-04-27_000.png.4.png / val_Average = 66.2064	val_Variance = 6320.4174	sd = 79.5011	max = 178	min = 0
[20191010_094052 / lib_ip.py:3936] len(Hs) = 8100, len(Ss) = 8100, len(Vs) = 8100
[20191010_094052 / lib_ip.py:3982] red : variance --> out of range (variance = 6320.417 / upper = 0.430 / lower = 0.000)
[20191010_094052 / lib_ip.py:3753] file = img.20191010_094043.2019-10-10_00-04-27_000.png.4.png / val_Average = 66.2064	val_Variance = 6320.4174	sd = 79.5011	max = 178	min = 0
[20191010_094052 / lib_ip.py:4052] len(Hs) = 8100, len(Ss) = 8100, len(Vs) = 8100
[20191010_094052 / lib_ip.py:4099] green : variance --> out of range (variance = 6320.417 / upper = 0.760 / lower = 0.000)
[20191010_094052 / lib_ip.py:3753] file = img.20191010_094043.2019-10-10_00-04-27_000.png.4.png / val_Average = 66.2064	val_Variance = 6320.4174	sd = 79.5011	max = 178	min = 0
[20191010_094052 / lib_ip.py:4169] len(Hs) = 8100, len(Ss) = 8100, len(Vs) = 8100
[20191010_094052 / lib_ip.py:4208] blue : variance --> out of range (variance = 6320.417 / upper = 0.930 / lower = 0.010)
[20191010_094052 / lib_ip.py:3753] file = img.20191010_094043.2019-10-10_00-04-27_000.png.4.png / val_Average = 66.2064	val_Variance = 6320.4174	sd = 79.5011	max = 178	min = 0
[20191010_094053 / lib_ip.py:4275] len(Hs) = 8100, len(Ss) = 8100, len(Vs) = 8100
[20191010_094053 / lib_ip.py:4314] pink : variance --> out of range (variance = 6320.417 / upper = 0.750 / lower = 0.030)
[20191010_094053 / lib_ip.py:3753] file = img.20191010_094043.2019-10-10_00-04-27_000.png.4.png / val_Average = 66.2064	val_Variance = 6320.4174	sd = 79.5011	max = 178	min = 0
[20191010_094053 / lib_ip.py:4378] len(Hs) = 8100, len(Ss) = 8100, len(Vs) = 8100
[20191010_094053 / lib_ip.py:4422] black : variance --> out of range (variance = 6320.417 / upper = 0.000 / lower = 0.000)
[20191010_094053 / lib_ip.py:4593] file : img.20191010_094043.2019-10-10_00-04-27_000.png.4.png 3 (black : variance --> out of range (variance = 6320.417 / upper = 0.000 / lower = 0.000))
[20191010_094050 / lib_ip.py:2274] inspecting ===> img.20191010_094043.2019-10-10_00-04-27_000.png.4.png
img.20191010_094043.2019-10-10_00-04-27_000.png.1.png => other
img.20191010_094043.2019-10-10_00-04-27_000.png.2.png => other
img.20191010_094043.2019-10-10_00-04-27_000.png.3.png => other
img.20191010_094043.2019-10-10_00-04-27_000.png.4.png => other
[20191010_094053 lib_ip.py:3301] =============== Get 4 corners
dpath_Images = C:\WORKS_2\WS\WS_Others.Art\JVEMV6\46_art\VIRTUAL\Admin_Projects\ip\images
fname_Image = img.20191010_094043.2019-10-10_00-04-27_000.png.4.png

[20191010_094054 / lib_ip.py:2274] inspecting ===> img.20191010_094054.2019-10-10_08-38-30_000.jpg.1.png
[20191010_094054 / lib_ip.py:4505] 
img.20191010_094054.2019-10-10_08-38-30_000.jpg.1.png 0 ---------------------
[20191010_094055 / lib_ip.py:3753] file = img.20191010_094054.2019-10-10_08-38-30_000.jpg.1.png / val_Average = 62.5409	val_Variance = 1948.3718	sd = 44.1404	max = 178	min = 0
[20191010_094055 / lib_ip.py:3836] len(Hs) = 8100, len(Ss) = 8100, len(Vs) = 8100
[20191010_094055 / lib_ip.py:3869] yellow : variance --> out of range (variance = 1948.372 / upper = 0.650 / lower = 0.000)
[20191010_094055 / lib_ip.py:3753] file = img.20191010_094054.2019-10-10_08-38-30_000.jpg.1.png / val_Average = 62.5409	val_Variance = 1948.3718	sd = 44.1404	max = 178	min = 0
[20191010_094056 / lib_ip.py:3936] len(Hs) = 8100, len(Ss) = 8100, len(Vs) = 8100
[20191010_094056 / lib_ip.py:3982] red : variance --> out of range (variance = 1948.372 / upper = 0.430 / lower = 0.000)
[20191010_094056 / lib_ip.py:3753] file = img.20191010_094054.2019-10-10_08-38-30_000.jpg.1.png / val_Average = 62.5409	val_Variance = 1948.3718	sd = 44.1404	max = 178	min = 0
[20191010_094056 / lib_ip.py:4052] len(Hs) = 8100, len(Ss) = 8100, len(Vs) = 8100
[20191010_094056 / lib_ip.py:4099] green : variance --> out of range (variance = 1948.372 / upper = 0.760 / lower = 0.000)
[20191010_094056 / lib_ip.py:3753] file = img.20191010_094054.2019-10-10_08-38-30_000.jpg.1.png / val_Average = 62.5409	val_Variance = 1948.3718	sd = 44.1404	max = 178	min = 0
[20191010_094056 / lib_ip.py:4169] len(Hs) = 8100, len(Ss) = 8100, len(Vs) = 8100
[20191010_094056 / lib_ip.py:4208] blue : variance --> out of range (variance = 1948.372 / upper = 0.930 / lower = 0.010)
[20191010_094056 / lib_ip.py:3753] file = img.20191010_094054.2019-10-10_08-38-30_000.jpg.1.png / val_Average = 62.5409	val_Variance = 1948.3718	sd = 44.1404	max = 178	min = 0
[20191010_094056 / lib_ip.py:4275] len(Hs) = 8100, len(Ss) = 8100, len(Vs) = 8100
[20191010_094056 / lib_ip.py:4314] pink : variance --> out of range (variance = 1948.372 / upper = 0.750 / lower = 0.030)
[20191010_094056 / lib_ip.py:3753] file = img.20191010_094054.2019-10-10_08-38-30_000.jpg.1.png / val_Average = 62.5409	val_Variance = 1948.3718	sd = 44.1404	max = 178	min = 0
[20191010_094057 / lib_ip.py:4378] len(Hs) = 8100, len(Ss) = 8100, len(Vs) = 8100
[20191010_094057 / lib_ip.py:4422] black : variance --> out of range (variance = 1948.372 / upper = 0.000 / lower = 0.000)
[20191010_094057 / lib_ip.py:4593] file : img.20191010_094054.2019-10-10_08-38-30_000.jpg.1.png 0 (black : variance --> out of range (variance = 1948.372 / upper = 0.000 / lower = 0.000))
[20191010_094057 / lib_ip.py:2274] inspecting ===> img.20191010_094054.2019-10-10_08-38-30_000.jpg.2.png
[20191010_094057 / lib_ip.py:4505] 
img.20191010_094054.2019-10-10_08-38-30_000.jpg.2.png 1 ---------------------
[20191010_094057 / lib_ip.py:3753] file = img.20191010_094054.2019-10-10_08-38-30_000.jpg.2.png / val_Average = 68.8400	val_Variance = 2288.5542	sd = 47.8388	max = 168	min = 0
[20191010_094057 / lib_ip.py:3836] len(Hs) = 8100, len(Ss) = 8100, len(Vs) = 8100
[20191010_094057 / lib_ip.py:3869] yellow : variance --> out of range (variance = 2288.554 / upper = 0.650 / lower = 0.000)
[20191010_094058 / lib_ip.py:3753] file = img.20191010_094054.2019-10-10_08-38-30_000.jpg.2.png / val_Average = 68.8400	val_Variance = 2288.5542	sd = 47.8388	max = 168	min = 0
[20191010_094058 / lib_ip.py:3936] len(Hs) = 8100, len(Ss) = 8100, len(Vs) = 8100
[20191010_094058 / lib_ip.py:3982] red : variance --> out of range (variance = 2288.554 / upper = 0.430 / lower = 0.000)
[20191010_094058 / lib_ip.py:3753] file = img.20191010_094054.2019-10-10_08-38-30_000.jpg.2.png / val_Average = 68.8400	val_Variance = 2288.5542	sd = 47.8388	max = 168	min = 0
[20191010_094058 / lib_ip.py:4052] len(Hs) = 8100, len(Ss) = 8100, len(Vs) = 8100
[20191010_094058 / lib_ip.py:4099] green : variance --> out of range (variance = 2288.554 / upper = 0.760 / lower = 0.000)
[20191010_094058 / lib_ip.py:3753] file = img.20191010_094054.2019-10-10_08-38-30_000.jpg.2.png / val_Average = 68.8400	val_Variance = 2288.5542	sd = 47.8388	max = 168	min = 0
[20191010_094058 / lib_ip.py:4169] len(Hs) = 8100, len(Ss) = 8100, len(Vs) = 8100
[20191010_094058 / lib_ip.py:4208] blue : variance --> out of range (variance = 2288.554 / upper = 0.930 / lower = 0.010)
[20191010_094058 / lib_ip.py:3753] file = img.20191010_094054.2019-10-10_08-38-30_000.jpg.2.png / val_Average = 68.8400	val_Variance = 2288.5542	sd = 47.8388	max = 168	min = 0
[20191010_094059 / lib_ip.py:4275] len(Hs) = 8100, len(Ss) = 8100, len(Vs) = 8100
[20191010_094059 / lib_ip.py:4314] pink : variance --> out of range (variance = 2288.554 / upper = 0.750 / lower = 0.030)
[20191010_094059 / lib_ip.py:3753] file = img.20191010_094054.2019-10-10_08-38-30_000.jpg.2.png / val_Average = 68.8400	val_Variance = 2288.5542	sd = 47.8388	max = 168	min = 0
[20191010_094059 / lib_ip.py:4378] len(Hs) = 8100, len(Ss) = 8100, len(Vs) = 8100
[20191010_094059 / lib_ip.py:4422] black : variance --> out of range (variance = 2288.554 / upper = 0.000 / lower = 0.000)
[20191010_094059 / lib_ip.py:4593] file : img.20191010_094054.2019-10-10_08-38-30_000.jpg.2.png 1 (black : variance --> out of range (variance = 2288.554 / upper = 0.000 / lower = 0.000))
[20191010_094059 / lib_ip.py:2274] inspecting ===> img.20191010_094054.2019-10-10_08-38-30_000.jpg.3.png
[20191010_094100 / lib_ip.py:4505] 
img.20191010_094054.2019-10-10_08-38-30_000.jpg.3.png 2 ---------------------
[20191010_094100 / lib_ip.py:3753] file = img.20191010_094054.2019-10-10_08-38-30_000.jpg.3.png / val_Average = 100.4999	val_Variance = 0.5157	sd = 0.7181	max = 103	min = 98
[20191010_094100 / lib_ip.py:3836] len(Hs) = 8100, len(Ss) = 8100, len(Vs) = 8100
[20191010_094100 / lib_ip.py:3891] yellow : average --> out of range (average = 100.500 / upper = 99.200 / lower = 85.500)
[20191010_094100 / lib_ip.py:3753] file = img.20191010_094054.2019-10-10_08-38-30_000.jpg.3.png / val_Average = 100.4999	val_Variance = 0.5157	sd = 0.7181	max = 103	min = 98
[20191010_094100 / lib_ip.py:3936] len(Hs) = 8100, len(Ss) = 8100, len(Vs) = 8100
[20191010_094100 / lib_ip.py:3982] red : variance --> out of range (variance = 0.516 / upper = 0.430 / lower = 0.000)
[20191010_094100 / lib_ip.py:3753] file = img.20191010_094054.2019-10-10_08-38-30_000.jpg.3.png / val_Average = 100.4999	val_Variance = 0.5157	sd = 0.7181	max = 103	min = 98
[20191010_094100 / lib_ip.py:4052] len(Hs) = 8100, len(Ss) = 8100, len(Vs) = 8100
[20191010_094100 / lib_ip.py:4124] green : average --> out of range (average = 100.500 / upper = 85.000 / lower = 58.000)
[20191010_094100 / lib_ip.py:3753] file = img.20191010_094054.2019-10-10_08-38-30_000.jpg.3.png / val_Average = 100.4999	val_Variance = 0.5157	sd = 0.7181	max = 103	min = 98
[20191010_094100 / lib_ip.py:4169] len(Hs) = 8100, len(Ss) = 8100, len(Vs) = 8100
[20191010_094100 / lib_ip.py:4230] blue : average --> out of range (average = 100.500 / upper = 17.000 / lower = 8.850)
[20191010_094101 / lib_ip.py:3753] file = img.20191010_094054.2019-10-10_08-38-30_000.jpg.3.png / val_Average = 100.4999	val_Variance = 0.5157	sd = 0.7181	max = 103	min = 98
[20191010_094101 / lib_ip.py:4275] len(Hs) = 8100, len(Ss) = 8100, len(Vs) = 8100
[20191010_094101 / lib_ip.py:4336] pink : average --> out of range (average = 100.500 / upper = 141.000 / lower = 127.900)
[20191010_094101 / lib_ip.py:3753] file = img.20191010_094054.2019-10-10_08-38-30_000.jpg.3.png / val_Average = 100.4999	val_Variance = 0.5157	sd = 0.7181	max = 103	min = 98
[20191010_094101 / lib_ip.py:4378] len(Hs) = 8100, len(Ss) = 8100, len(Vs) = 8100
[20191010_094101 / lib_ip.py:4422] black : variance --> out of range (variance = 0.516 / upper = 0.000 / lower = 0.000)
[20191010_094101 / lib_ip.py:4593] file : img.20191010_094054.2019-10-10_08-38-30_000.jpg.3.png 2 (black : variance --> out of range (variance = 0.516 / upper = 0.000 / lower = 0.000))
[20191010_094101 / lib_ip.py:2274] inspecting ===> img.20191010_094054.2019-10-10_08-38-30_000.jpg.4.png
[20191010_094102 / lib_ip.py:4505] 
img.20191010_094054.2019-10-10_08-38-30_000.jpg.4.png 3 ---------------------
[20191010_094102 / lib_ip.py:3753] file = img.20191010_094054.2019-10-10_08-38-30_000.jpg.4.png / val_Average = 101.3428	val_Variance = 0.4633	sd = 0.6807	max = 104	min = 99
[20191010_094102 / lib_ip.py:3836] len(Hs) = 8100, len(Ss) = 8100, len(Vs) = 8100
[20191010_094102 / lib_ip.py:3891] yellow : average --> out of range (average = 101.343 / upper = 99.200 / lower = 85.500)
[20191010_094102 / lib_ip.py:3753] file = img.20191010_094054.2019-10-10_08-38-30_000.jpg.4.png / val_Average = 101.3428	val_Variance = 0.4633	sd = 0.6807	max = 104	min = 99
[20191010_094102 / lib_ip.py:3936] len(Hs) = 8100, len(Ss) = 8100, len(Vs) = 8100
[20191010_094102 / lib_ip.py:3982] red : variance --> out of range (variance = 0.463 / upper = 0.430 / lower = 0.000)
[20191010_094103 / lib_ip.py:3753] file = img.20191010_094054.2019-10-10_08-38-30_000.jpg.4.png / val_Average = 101.3428	val_Variance = 0.4633	sd = 0.6807	max = 104	min = 99
[20191010_094103 / lib_ip.py:4052] len(Hs) = 8100, len(Ss) = 8100, len(Vs) = 8100
[20191010_094103 / lib_ip.py:4124] green : average --> out of range (average = 101.343 / upper = 85.000 / lower = 58.000)
[20191010_094103 / lib_ip.py:3753] file = img.20191010_094054.2019-10-10_08-38-30_000.jpg.4.png / val_Average = 101.3428	val_Variance = 0.4633	sd = 0.6807	max = 104	min = 99
[20191010_094103 / lib_ip.py:4169] len(Hs) = 8100, len(Ss) = 8100, len(Vs) = 8100
[20191010_094103 / lib_ip.py:4230] blue : average --> out of range (average = 101.343 / upper = 17.000 / lower = 8.850)
[20191010_094103 / lib_ip.py:3753] file = img.20191010_094054.2019-10-10_08-38-30_000.jpg.4.png / val_Average = 101.3428	val_Variance = 0.4633	sd = 0.6807	max = 104	min = 99
[20191010_094103 / lib_ip.py:4275] len(Hs) = 8100, len(Ss) = 8100, len(Vs) = 8100
[20191010_094103 / lib_ip.py:4336] pink : average --> out of range (average = 101.343 / upper = 141.000 / lower = 127.900)
[20191010_094103 / lib_ip.py:3753] file = img.20191010_094054.2019-10-10_08-38-30_000.jpg.4.png / val_Average = 101.3428	val_Variance = 0.4633	sd = 0.6807	max = 104	min = 99
[20191010_094103 / lib_ip.py:4378] len(Hs) = 8100, len(Ss) = 8100, len(Vs) = 8100
[20191010_094104 / lib_ip.py:4422] black : variance --> out of range (variance = 0.463 / upper = 0.000 / lower = 0.000)
[20191010_094104 / lib_ip.py:4593] file : img.20191010_094054.2019-10-10_08-38-30_000.jpg.4.png 3 (black : variance --> out of range (variance = 0.463 / upper = 0.000 / lower = 0.000))
[20191010_094101 / lib_ip.py:2274] inspecting ===> img.20191010_094054.2019-10-10_08-38-30_000.jpg.4.png
img.20191010_094054.2019-10-10_08-38-30_000.jpg.1.png => other
img.20191010_094054.2019-10-10_08-38-30_000.jpg.2.png => other
img.20191010_094054.2019-10-10_08-38-30_000.jpg.3.png => other
img.20191010_094054.2019-10-10_08-38-30_000.jpg.4.png => other
[20191010_094104 lib_ip.py:3301] =============== Get 4 corners
dpath_Images = C:\WORKS_2\WS\WS_Others.Art\JVEMV6\46_art\VIRTUAL\Admin_Projects\ip\images
fname_Image = img.20191010_094054.2019-10-10_08-38-30_000.jpg.4.png

[20191010_094104 / views.py:1411] gen csv => complete (20191010_094104)(elapsed = 85.558 sec / 9 files / 9.506 sec per file)
1)	2019-10-09_10-53-13_000.jpg => 	other yellow other other 
2)	2019-10-09_13-22-45_000.jpg => 	other blue other green 
3)	2019-10-09_15-01-13_000.jpg => 	green red other other 
4)	2019-10-09_18-38-17_000.jpg => 	other other other red 
5)	2019-10-09_18-39-24_000.jpg => 	other other other red 
6)	2019-10-09_18-40-57_000.jpg => 	other red other green 
7)	2019-10-09_21-04-04_000.jpg => 	yellow other other other 
8)	2019-10-10_00-04-27_000.png => 	other other other other 
9)	2019-10-10_08-38-30_000.jpg => 	other other other other 
[20191010_094104 / views.py:1753] lo_ColorName_Set__Modified_2 =>
1)	2019-10-09_10-53-13_000.jpg => 	o o o y 
2)	2019-10-09_13-22-45_000.jpg => 	b g o o 
3)	2019-10-09_15-01-13_000.jpg => 	g o o r 
4)	2019-10-09_18-38-17_000.jpg => 	o o o r 
5)	2019-10-09_18-39-24_000.jpg => 	o o o r 
6)	2019-10-09_18-40-57_000.jpg => 	g o o r 
7)	2019-10-09_21-04-04_000.jpg => 	o o o y 
8)	2019-10-10_00-04-27_000.png => 	o o o o 
9)	2019-10-10_08-38-30_000.jpg => 	o o o o 
[20191010_094106 / lib_ip.py:4789] no key 'GPSInfo' for file : C:\WORKS_2\WS\WS_Others.Art\JVEMV6\46_art\VIRTUAL\Admin_Projects\ip\images\2019-10-10_00-04-27_000.png
[20191010_094106 / views.py:1839] gen_Cake_CSV(request) ==> ending... =======================//

