[20191121_105819 / views.py:1822] gen_Cake_CSV(request) ==> starting... =======================
[20191121_105820 / lib_ip.py:2274] inspecting ===> img.20191121_105820.2019-11-20_09-56-05_000.jpg.1.png
[20191121_105820 / lib_ip.py:4505] 
img.20191121_105820.2019-11-20_09-56-05_000.jpg.1.png 0 ---------------------
[20191121_105821 / lib_ip.py:3753] file = img.20191121_105820.2019-11-20_09-56-05_000.jpg.1.png / val_Average = 72.0931	val_Variance = 0.1745	sd = 0.4178	max = 74	min = 71
[20191121_105821 / lib_ip.py:3836] len(Hs) = 8100, len(Ss) = 8100, len(Vs) = 8100
[20191121_105821 / lib_ip.py:3891] yellow : average --> out of range (average = 72.093 / upper = 99.200 / lower = 85.500)
[20191121_105821 / lib_ip.py:3753] file = img.20191121_105820.2019-11-20_09-56-05_000.jpg.1.png / val_Average = 72.0931	val_Variance = 0.1745	sd = 0.4178	max = 74	min = 71
[20191121_105821 / lib_ip.py:3936] len(Hs) = 8100, len(Ss) = 8100, len(Vs) = 8100
[20191121_105821 / lib_ip.py:4007] red : average --> out of range (average = 72.093 / upper = 124.600 / lower = 115.000)
[20191121_105821 / lib_ip.py:3753] file = img.20191121_105820.2019-11-20_09-56-05_000.jpg.1.png / val_Average = 72.0931	val_Variance = 0.1745	sd = 0.4178	max = 74	min = 71
[20191121_105821 / lib_ip.py:4052] len(Hs) = 8100, len(Ss) = 8100, len(Vs) = 8100
[20191121_105821 / lib_ip.py:2274] inspecting ===> img.20191121_105820.2019-11-20_09-56-05_000.jpg.2.png
[20191121_105821 / lib_ip.py:4505] 
img.20191121_105820.2019-11-20_09-56-05_000.jpg.2.png 1 ---------------------
[20191121_105821 / lib_ip.py:3753] file = img.20191121_105820.2019-11-20_09-56-05_000.jpg.2.png / val_Average = 117.9651	val_Variance = 47.8641	sd = 6.9184	max = 142	min = 103
[20191121_105821 / lib_ip.py:3836] len(Hs) = 8100, len(Ss) = 8100, len(Vs) = 8100
[20191121_105821 / lib_ip.py:3869] yellow : variance --> out of range (variance = 47.864 / upper = 0.650 / lower = 0.000)
[20191121_105821 / lib_ip.py:3753] file = img.20191121_105820.2019-11-20_09-56-05_000.jpg.2.png / val_Average = 117.9651	val_Variance = 47.8641	sd = 6.9184	max = 142	min = 103
[20191121_105821 / lib_ip.py:3936] len(Hs) = 8100, len(Ss) = 8100, len(Vs) = 8100
[20191121_105822 / lib_ip.py:3982] red : variance --> out of range (variance = 47.864 / upper = 0.430 / lower = 0.000)
[20191121_105822 / lib_ip.py:3753] file = img.20191121_105820.2019-11-20_09-56-05_000.jpg.2.png / val_Average = 117.9651	val_Variance = 47.8641	sd = 6.9184	max = 142	min = 103
[20191121_105822 / lib_ip.py:4052] len(Hs) = 8100, len(Ss) = 8100, len(Vs) = 8100
[20191121_105822 / lib_ip.py:4099] green : variance --> out of range (variance = 47.864 / upper = 0.760 / lower = 0.000)
[20191121_105822 / lib_ip.py:3753] file = img.20191121_105820.2019-11-20_09-56-05_000.jpg.2.png / val_Average = 117.9651	val_Variance = 47.8641	sd = 6.9184	max = 142	min = 103
[20191121_105822 / lib_ip.py:4169] len(Hs) = 8100, len(Ss) = 8100, len(Vs) = 8100
[20191121_105822 / lib_ip.py:4208] blue : variance --> out of range (variance = 47.864 / upper = 0.930 / lower = 0.010)
[20191121_105822 / lib_ip.py:3753] file = img.20191121_105820.2019-11-20_09-56-05_000.jpg.2.png / val_Average = 117.9651	val_Variance = 47.8641	sd = 6.9184	max = 142	min = 103
[20191121_105822 / lib_ip.py:4275] len(Hs) = 8100, len(Ss) = 8100, len(Vs) = 8100
[20191121_105822 / lib_ip.py:4314] pink : variance --> out of range (variance = 47.864 / upper = 0.750 / lower = 0.030)
[20191121_105822 / lib_ip.py:3753] file = img.20191121_105820.2019-11-20_09-56-05_000.jpg.2.png / val_Average = 117.9651	val_Variance = 47.8641	sd = 6.9184	max = 142	min = 103
[20191121_105822 / lib_ip.py:4378] len(Hs) = 8100, len(Ss) = 8100, len(Vs) = 8100
[20191121_105822 / lib_ip.py:4422] black : variance --> out of range (variance = 47.864 / upper = 0.000 / lower = 0.000)
[20191121_105822 / lib_ip.py:4593] file : img.20191121_105820.2019-11-20_09-56-05_000.jpg.2.png 1 (black : variance --> out of range (variance = 47.864 / upper = 0.000 / lower = 0.000))
[20191121_105822 / lib_ip.py:2274] inspecting ===> img.20191121_105820.2019-11-20_09-56-05_000.jpg.3.png
[20191121_105822 / lib_ip.py:4505] 
img.20191121_105820.2019-11-20_09-56-05_000.jpg.3.png 2 ---------------------
[20191121_105823 / lib_ip.py:3753] file = img.20191121_105820.2019-11-20_09-56-05_000.jpg.3.png / val_Average = 71.8927	val_Variance = 0.2098	sd = 0.4581	max = 73	min = 70
[20191121_105823 / lib_ip.py:3836] len(Hs) = 8100, len(Ss) = 8100, len(Vs) = 8100
[20191121_105823 / lib_ip.py:3891] yellow : average --> out of range (average = 71.893 / upper = 99.200 / lower = 85.500)
[20191121_105823 / lib_ip.py:3753] file = img.20191121_105820.2019-11-20_09-56-05_000.jpg.3.png / val_Average = 71.8927	val_Variance = 0.2098	sd = 0.4581	max = 73	min = 70
[20191121_105823 / lib_ip.py:3936] len(Hs) = 8100, len(Ss) = 8100, len(Vs) = 8100
[20191121_105823 / lib_ip.py:4007] red : average --> out of range (average = 71.893 / upper = 124.600 / lower = 115.000)
[20191121_105823 / lib_ip.py:3753] file = img.20191121_105820.2019-11-20_09-56-05_000.jpg.3.png / val_Average = 71.8927	val_Variance = 0.2098	sd = 0.4581	max = 73	min = 70
[20191121_105823 / lib_ip.py:4052] len(Hs) = 8100, len(Ss) = 8100, len(Vs) = 8100
[20191121_105823 / lib_ip.py:2274] inspecting ===> img.20191121_105820.2019-11-20_09-56-05_000.jpg.4.png
[20191121_105823 / lib_ip.py:4505] 
img.20191121_105820.2019-11-20_09-56-05_000.jpg.4.png 3 ---------------------
[20191121_105823 / lib_ip.py:3753] file = img.20191121_105820.2019-11-20_09-56-05_000.jpg.4.png / val_Average = 16.9948	val_Variance = 674.3545	sd = 25.9683	max = 176	min = 0
[20191121_105823 / lib_ip.py:3836] len(Hs) = 8100, len(Ss) = 8100, len(Vs) = 8100
[20191121_105823 / lib_ip.py:3869] yellow : variance --> out of range (variance = 674.355 / upper = 0.650 / lower = 0.000)
[20191121_105824 / lib_ip.py:3753] file = img.20191121_105820.2019-11-20_09-56-05_000.jpg.4.png / val_Average = 16.9948	val_Variance = 674.3545	sd = 25.9683	max = 176	min = 0
[20191121_105824 / lib_ip.py:3936] len(Hs) = 8100, len(Ss) = 8100, len(Vs) = 8100
[20191121_105824 / lib_ip.py:3982] red : variance --> out of range (variance = 674.355 / upper = 0.430 / lower = 0.000)
[20191121_105824 / lib_ip.py:3753] file = img.20191121_105820.2019-11-20_09-56-05_000.jpg.4.png / val_Average = 16.9948	val_Variance = 674.3545	sd = 25.9683	max = 176	min = 0
[20191121_105824 / lib_ip.py:4052] len(Hs) = 8100, len(Ss) = 8100, len(Vs) = 8100
[20191121_105824 / lib_ip.py:4099] green : variance --> out of range (variance = 674.355 / upper = 0.760 / lower = 0.000)
[20191121_105824 / lib_ip.py:3753] file = img.20191121_105820.2019-11-20_09-56-05_000.jpg.4.png / val_Average = 16.9948	val_Variance = 674.3545	sd = 25.9683	max = 176	min = 0
[20191121_105824 / lib_ip.py:4169] len(Hs) = 8100, len(Ss) = 8100, len(Vs) = 8100
[20191121_105824 / lib_ip.py:4208] blue : variance --> out of range (variance = 674.355 / upper = 0.930 / lower = 0.010)
[20191121_105824 / lib_ip.py:3753] file = img.20191121_105820.2019-11-20_09-56-05_000.jpg.4.png / val_Average = 16.9948	val_Variance = 674.3545	sd = 25.9683	max = 176	min = 0
[20191121_105824 / lib_ip.py:4275] len(Hs) = 8100, len(Ss) = 8100, len(Vs) = 8100
[20191121_105824 / lib_ip.py:4314] pink : variance --> out of range (variance = 674.355 / upper = 0.750 / lower = 0.030)
[20191121_105824 / lib_ip.py:3753] file = img.20191121_105820.2019-11-20_09-56-05_000.jpg.4.png / val_Average = 16.9948	val_Variance = 674.3545	sd = 25.9683	max = 176	min = 0
[20191121_105824 / lib_ip.py:4378] len(Hs) = 8100, len(Ss) = 8100, len(Vs) = 8100
[20191121_105824 / lib_ip.py:4422] black : variance --> out of range (variance = 674.355 / upper = 0.000 / lower = 0.000)
[20191121_105824 / lib_ip.py:4593] file : img.20191121_105820.2019-11-20_09-56-05_000.jpg.4.png 3 (black : variance --> out of range (variance = 674.355 / upper = 0.000 / lower = 0.000))
[20191121_105823 / lib_ip.py:2274] inspecting ===> img.20191121_105820.2019-11-20_09-56-05_000.jpg.4.png
img.20191121_105820.2019-11-20_09-56-05_000.jpg.1.png => other
img.20191121_105820.2019-11-20_09-56-05_000.jpg.2.png => other
img.20191121_105820.2019-11-20_09-56-05_000.jpg.3.png => other
img.20191121_105820.2019-11-20_09-56-05_000.jpg.4.png => other
[20191121_105824 lib_ip.py:3301] =============== Get 4 corners
dpath_Images = C:\WORKS_2\WS\WS_Others.Art\JVEMV6\46_art\VIRTUAL\Admin_Projects\ip\images
fname_Image = img.20191121_105820.2019-11-20_09-56-05_000.jpg.4.png

[20191121_105825 / lib_ip.py:2274] inspecting ===> img.20191121_105825.2019-11-20_10-40-12_000.jpg.1.png
[20191121_105825 / lib_ip.py:4505] 
img.20191121_105825.2019-11-20_10-40-12_000.jpg.1.png 0 ---------------------
[20191121_105825 / lib_ip.py:3753] file = img.20191121_105825.2019-11-20_10-40-12_000.jpg.1.png / val_Average = 88.2505	val_Variance = 0.2038	sd = 0.4514	max = 89	min = 87
[20191121_105825 / lib_ip.py:3836] len(Hs) = 8100, len(Ss) = 8100, len(Vs) = 8100
[20191121_105825 / lib_ip.py:2274] inspecting ===> img.20191121_105825.2019-11-20_10-40-12_000.jpg.2.png
[20191121_105826 / lib_ip.py:4505] 
img.20191121_105825.2019-11-20_10-40-12_000.jpg.2.png 1 ---------------------
[20191121_105826 / lib_ip.py:3753] file = img.20191121_105825.2019-11-20_10-40-12_000.jpg.2.png / val_Average = 110.2652	val_Variance = 2.4396	sd = 1.5619	max = 115	min = 105
[20191121_105826 / lib_ip.py:3836] len(Hs) = 8100, len(Ss) = 8100, len(Vs) = 8100
[20191121_105826 / lib_ip.py:3869] yellow : variance --> out of range (variance = 2.440 / upper = 0.650 / lower = 0.000)
[20191121_105826 / lib_ip.py:3753] file = img.20191121_105825.2019-11-20_10-40-12_000.jpg.2.png / val_Average = 110.2652	val_Variance = 2.4396	sd = 1.5619	max = 115	min = 105
[20191121_105826 / lib_ip.py:3936] len(Hs) = 8100, len(Ss) = 8100, len(Vs) = 8100
[20191121_105826 / lib_ip.py:3982] red : variance --> out of range (variance = 2.440 / upper = 0.430 / lower = 0.000)
[20191121_105826 / lib_ip.py:3753] file = img.20191121_105825.2019-11-20_10-40-12_000.jpg.2.png / val_Average = 110.2652	val_Variance = 2.4396	sd = 1.5619	max = 115	min = 105
[20191121_105826 / lib_ip.py:4052] len(Hs) = 8100, len(Ss) = 8100, len(Vs) = 8100
[20191121_105826 / lib_ip.py:4099] green : variance --> out of range (variance = 2.440 / upper = 0.760 / lower = 0.000)
[20191121_105826 / lib_ip.py:3753] file = img.20191121_105825.2019-11-20_10-40-12_000.jpg.2.png / val_Average = 110.2652	val_Variance = 2.4396	sd = 1.5619	max = 115	min = 105
[20191121_105826 / lib_ip.py:4169] len(Hs) = 8100, len(Ss) = 8100, len(Vs) = 8100
[20191121_105826 / lib_ip.py:4208] blue : variance --> out of range (variance = 2.440 / upper = 0.930 / lower = 0.010)
[20191121_105826 / lib_ip.py:3753] file = img.20191121_105825.2019-11-20_10-40-12_000.jpg.2.png / val_Average = 110.2652	val_Variance = 2.4396	sd = 1.5619	max = 115	min = 105
[20191121_105826 / lib_ip.py:4275] len(Hs) = 8100, len(Ss) = 8100, len(Vs) = 8100
[20191121_105826 / lib_ip.py:4314] pink : variance --> out of range (variance = 2.440 / upper = 0.750 / lower = 0.030)
[20191121_105826 / lib_ip.py:3753] file = img.20191121_105825.2019-11-20_10-40-12_000.jpg.2.png / val_Average = 110.2652	val_Variance = 2.4396	sd = 1.5619	max = 115	min = 105
[20191121_105826 / lib_ip.py:4378] len(Hs) = 8100, len(Ss) = 8100, len(Vs) = 8100
[20191121_105826 / lib_ip.py:4422] black : variance --> out of range (variance = 2.440 / upper = 0.000 / lower = 0.000)
[20191121_105826 / lib_ip.py:4593] file : img.20191121_105825.2019-11-20_10-40-12_000.jpg.2.png 1 (black : variance --> out of range (variance = 2.440 / upper = 0.000 / lower = 0.000))
[20191121_105827 / lib_ip.py:2274] inspecting ===> img.20191121_105825.2019-11-20_10-40-12_000.jpg.3.png
[20191121_105827 / lib_ip.py:4505] 
img.20191121_105825.2019-11-20_10-40-12_000.jpg.3.png 2 ---------------------
[20191121_105827 / lib_ip.py:3753] file = img.20191121_105825.2019-11-20_10-40-12_000.jpg.3.png / val_Average = 24.5533	val_Variance = 480.4632	sd = 21.9195	max = 174	min = 0
[20191121_105827 / lib_ip.py:3836] len(Hs) = 8100, len(Ss) = 8100, len(Vs) = 8100
[20191121_105827 / lib_ip.py:3869] yellow : variance --> out of range (variance = 480.463 / upper = 0.650 / lower = 0.000)
[20191121_105827 / lib_ip.py:3753] file = img.20191121_105825.2019-11-20_10-40-12_000.jpg.3.png / val_Average = 24.5533	val_Variance = 480.4632	sd = 21.9195	max = 174	min = 0
[20191121_105827 / lib_ip.py:3936] len(Hs) = 8100, len(Ss) = 8100, len(Vs) = 8100
[20191121_105827 / lib_ip.py:3982] red : variance --> out of range (variance = 480.463 / upper = 0.430 / lower = 0.000)
[20191121_105827 / lib_ip.py:3753] file = img.20191121_105825.2019-11-20_10-40-12_000.jpg.3.png / val_Average = 24.5533	val_Variance = 480.4632	sd = 21.9195	max = 174	min = 0
[20191121_105827 / lib_ip.py:4052] len(Hs) = 8100, len(Ss) = 8100, len(Vs) = 8100
[20191121_105827 / lib_ip.py:4099] green : variance --> out of range (variance = 480.463 / upper = 0.760 / lower = 0.000)
[20191121_105827 / lib_ip.py:3753] file = img.20191121_105825.2019-11-20_10-40-12_000.jpg.3.png / val_Average = 24.5533	val_Variance = 480.4632	sd = 21.9195	max = 174	min = 0
[20191121_105827 / lib_ip.py:4169] len(Hs) = 8100, len(Ss) = 8100, len(Vs) = 8100
[20191121_105828 / lib_ip.py:4208] blue : variance --> out of range (variance = 480.463 / upper = 0.930 / lower = 0.010)
[20191121_105828 / lib_ip.py:3753] file = img.20191121_105825.2019-11-20_10-40-12_000.jpg.3.png / val_Average = 24.5533	val_Variance = 480.4632	sd = 21.9195	max = 174	min = 0
[20191121_105828 / lib_ip.py:4275] len(Hs) = 8100, len(Ss) = 8100, len(Vs) = 8100
[20191121_105828 / lib_ip.py:4314] pink : variance --> out of range (variance = 480.463 / upper = 0.750 / lower = 0.030)
[20191121_105828 / lib_ip.py:3753] file = img.20191121_105825.2019-11-20_10-40-12_000.jpg.3.png / val_Average = 24.5533	val_Variance = 480.4632	sd = 21.9195	max = 174	min = 0
[20191121_105828 / lib_ip.py:4378] len(Hs) = 8100, len(Ss) = 8100, len(Vs) = 8100
[20191121_105828 / lib_ip.py:4422] black : variance --> out of range (variance = 480.463 / upper = 0.000 / lower = 0.000)
[20191121_105828 / lib_ip.py:4593] file : img.20191121_105825.2019-11-20_10-40-12_000.jpg.3.png 2 (black : variance --> out of range (variance = 480.463 / upper = 0.000 / lower = 0.000))
[20191121_105828 / lib_ip.py:2274] inspecting ===> img.20191121_105825.2019-11-20_10-40-12_000.jpg.4.png
[20191121_105828 / lib_ip.py:4505] 
img.20191121_105825.2019-11-20_10-40-12_000.jpg.4.png 3 ---------------------
[20191121_105828 / lib_ip.py:3753] file = img.20191121_105825.2019-11-20_10-40-12_000.jpg.4.png / val_Average = 110.5498	val_Variance = 2386.0705	sd = 48.8474	max = 178	min = 0
[20191121_105828 / lib_ip.py:3836] len(Hs) = 8100, len(Ss) = 8100, len(Vs) = 8100
[20191121_105828 / lib_ip.py:3869] yellow : variance --> out of range (variance = 2386.070 / upper = 0.650 / lower = 0.000)
[20191121_105828 / lib_ip.py:3753] file = img.20191121_105825.2019-11-20_10-40-12_000.jpg.4.png / val_Average = 110.5498	val_Variance = 2386.0705	sd = 48.8474	max = 178	min = 0
[20191121_105828 / lib_ip.py:3936] len(Hs) = 8100, len(Ss) = 8100, len(Vs) = 8100
[20191121_105828 / lib_ip.py:3982] red : variance --> out of range (variance = 2386.070 / upper = 0.430 / lower = 0.000)
[20191121_105828 / lib_ip.py:3753] file = img.20191121_105825.2019-11-20_10-40-12_000.jpg.4.png / val_Average = 110.5498	val_Variance = 2386.0705	sd = 48.8474	max = 178	min = 0
[20191121_105829 / lib_ip.py:4052] len(Hs) = 8100, len(Ss) = 8100, len(Vs) = 8100
[20191121_105829 / lib_ip.py:4099] green : variance --> out of range (variance = 2386.070 / upper = 0.760 / lower = 0.000)
[20191121_105829 / lib_ip.py:3753] file = img.20191121_105825.2019-11-20_10-40-12_000.jpg.4.png / val_Average = 110.5498	val_Variance = 2386.0705	sd = 48.8474	max = 178	min = 0
[20191121_105829 / lib_ip.py:4169] len(Hs) = 8100, len(Ss) = 8100, len(Vs) = 8100
[20191121_105829 / lib_ip.py:4208] blue : variance --> out of range (variance = 2386.070 / upper = 0.930 / lower = 0.010)
[20191121_105829 / lib_ip.py:3753] file = img.20191121_105825.2019-11-20_10-40-12_000.jpg.4.png / val_Average = 110.5498	val_Variance = 2386.0705	sd = 48.8474	max = 178	min = 0
[20191121_105829 / lib_ip.py:4275] len(Hs) = 8100, len(Ss) = 8100, len(Vs) = 8100
[20191121_105829 / lib_ip.py:4314] pink : variance --> out of range (variance = 2386.070 / upper = 0.750 / lower = 0.030)
[20191121_105829 / lib_ip.py:3753] file = img.20191121_105825.2019-11-20_10-40-12_000.jpg.4.png / val_Average = 110.5498	val_Variance = 2386.0705	sd = 48.8474	max = 178	min = 0
[20191121_105829 / lib_ip.py:4378] len(Hs) = 8100, len(Ss) = 8100, len(Vs) = 8100
[20191121_105829 / lib_ip.py:4422] black : variance --> out of range (variance = 2386.070 / upper = 0.000 / lower = 0.000)
[20191121_105829 / lib_ip.py:4593] file : img.20191121_105825.2019-11-20_10-40-12_000.jpg.4.png 3 (black : variance --> out of range (variance = 2386.070 / upper = 0.000 / lower = 0.000))
[20191121_105828 / lib_ip.py:2274] inspecting ===> img.20191121_105825.2019-11-20_10-40-12_000.jpg.4.png
img.20191121_105825.2019-11-20_10-40-12_000.jpg.1.png => other
img.20191121_105825.2019-11-20_10-40-12_000.jpg.2.png => other
img.20191121_105825.2019-11-20_10-40-12_000.jpg.3.png => other
img.20191121_105825.2019-11-20_10-40-12_000.jpg.4.png => other
[20191121_105829 lib_ip.py:3301] =============== Get 4 corners
dpath_Images = C:\WORKS_2\WS\WS_Others.Art\JVEMV6\46_art\VIRTUAL\Admin_Projects\ip\images
fname_Image = img.20191121_105825.2019-11-20_10-40-12_000.jpg.4.png

[20191121_105830 / lib_ip.py:2274] inspecting ===> img.20191121_105830.2019-11-20_14-40-43_000.jpg.1.png
[20191121_105830 / lib_ip.py:4505] 
img.20191121_105830.2019-11-20_14-40-43_000.jpg.1.png 0 ---------------------
[20191121_105830 / lib_ip.py:3753] file = img.20191121_105830.2019-11-20_14-40-43_000.jpg.1.png / val_Average = 109.5674	val_Variance = 71.7627	sd = 8.4713	max = 144	min = 0
[20191121_105830 / lib_ip.py:3836] len(Hs) = 8100, len(Ss) = 8100, len(Vs) = 8100
[20191121_105830 / lib_ip.py:3869] yellow : variance --> out of range (variance = 71.763 / upper = 0.650 / lower = 0.000)
[20191121_105830 / lib_ip.py:3753] file = img.20191121_105830.2019-11-20_14-40-43_000.jpg.1.png / val_Average = 109.5674	val_Variance = 71.7627	sd = 8.4713	max = 144	min = 0
[20191121_105830 / lib_ip.py:3936] len(Hs) = 8100, len(Ss) = 8100, len(Vs) = 8100
[20191121_105830 / lib_ip.py:3982] red : variance --> out of range (variance = 71.763 / upper = 0.430 / lower = 0.000)
[20191121_105830 / lib_ip.py:3753] file = img.20191121_105830.2019-11-20_14-40-43_000.jpg.1.png / val_Average = 109.5674	val_Variance = 71.7627	sd = 8.4713	max = 144	min = 0
[20191121_105830 / lib_ip.py:4052] len(Hs) = 8100, len(Ss) = 8100, len(Vs) = 8100
[20191121_105831 / lib_ip.py:4099] green : variance --> out of range (variance = 71.763 / upper = 0.760 / lower = 0.000)
[20191121_105831 / lib_ip.py:3753] file = img.20191121_105830.2019-11-20_14-40-43_000.jpg.1.png / val_Average = 109.5674	val_Variance = 71.7627	sd = 8.4713	max = 144	min = 0
[20191121_105831 / lib_ip.py:4169] len(Hs) = 8100, len(Ss) = 8100, len(Vs) = 8100
[20191121_105831 / lib_ip.py:4208] blue : variance --> out of range (variance = 71.763 / upper = 0.930 / lower = 0.010)
[20191121_105831 / lib_ip.py:3753] file = img.20191121_105830.2019-11-20_14-40-43_000.jpg.1.png / val_Average = 109.5674	val_Variance = 71.7627	sd = 8.4713	max = 144	min = 0
[20191121_105831 / lib_ip.py:4275] len(Hs) = 8100, len(Ss) = 8100, len(Vs) = 8100
[20191121_105831 / lib_ip.py:4314] pink : variance --> out of range (variance = 71.763 / upper = 0.750 / lower = 0.030)
[20191121_105831 / lib_ip.py:3753] file = img.20191121_105830.2019-11-20_14-40-43_000.jpg.1.png / val_Average = 109.5674	val_Variance = 71.7627	sd = 8.4713	max = 144	min = 0
[20191121_105831 / lib_ip.py:4378] len(Hs) = 8100, len(Ss) = 8100, len(Vs) = 8100
[20191121_105831 / lib_ip.py:4422] black : variance --> out of range (variance = 71.763 / upper = 0.000 / lower = 0.000)
[20191121_105831 / lib_ip.py:4593] file : img.20191121_105830.2019-11-20_14-40-43_000.jpg.1.png 0 (black : variance --> out of range (variance = 71.763 / upper = 0.000 / lower = 0.000))
[20191121_105831 / lib_ip.py:2274] inspecting ===> img.20191121_105830.2019-11-20_14-40-43_000.jpg.2.png
[20191121_105831 / lib_ip.py:4505] 
img.20191121_105830.2019-11-20_14-40-43_000.jpg.2.png 1 ---------------------
[20191121_105831 / lib_ip.py:3753] file = img.20191121_105830.2019-11-20_14-40-43_000.jpg.2.png / val_Average = 12.4214	val_Variance = 0.2974	sd = 0.5453	max = 14	min = 11
[20191121_105831 / lib_ip.py:3836] len(Hs) = 8100, len(Ss) = 8100, len(Vs) = 8100
[20191121_105831 / lib_ip.py:3891] yellow : average --> out of range (average = 12.421 / upper = 99.200 / lower = 85.500)
[20191121_105831 / lib_ip.py:3753] file = img.20191121_105830.2019-11-20_14-40-43_000.jpg.2.png / val_Average = 12.4214	val_Variance = 0.2974	sd = 0.5453	max = 14	min = 11
[20191121_105831 / lib_ip.py:3936] len(Hs) = 8100, len(Ss) = 8100, len(Vs) = 8100
[20191121_105832 / lib_ip.py:4007] red : average --> out of range (average = 12.421 / upper = 124.600 / lower = 115.000)
[20191121_105832 / lib_ip.py:3753] file = img.20191121_105830.2019-11-20_14-40-43_000.jpg.2.png / val_Average = 12.4214	val_Variance = 0.2974	sd = 0.5453	max = 14	min = 11
[20191121_105832 / lib_ip.py:4052] len(Hs) = 8100, len(Ss) = 8100, len(Vs) = 8100
[20191121_105832 / lib_ip.py:4124] green : average --> out of range (average = 12.421 / upper = 85.000 / lower = 58.000)
[20191121_105832 / lib_ip.py:3753] file = img.20191121_105830.2019-11-20_14-40-43_000.jpg.2.png / val_Average = 12.4214	val_Variance = 0.2974	sd = 0.5453	max = 14	min = 11
[20191121_105832 / lib_ip.py:4169] len(Hs) = 8100, len(Ss) = 8100, len(Vs) = 8100
[20191121_105832 / lib_ip.py:2274] inspecting ===> img.20191121_105830.2019-11-20_14-40-43_000.jpg.3.png
[20191121_105832 / lib_ip.py:4505] 
img.20191121_105830.2019-11-20_14-40-43_000.jpg.3.png 2 ---------------------
[20191121_105832 / lib_ip.py:3753] file = img.20191121_105830.2019-11-20_14-40-43_000.jpg.3.png / val_Average = 111.2867	val_Variance = 10.0344	sd = 3.1677	max = 126	min = 101
[20191121_105832 / lib_ip.py:3836] len(Hs) = 8100, len(Ss) = 8100, len(Vs) = 8100
[20191121_105832 / lib_ip.py:3869] yellow : variance --> out of range (variance = 10.034 / upper = 0.650 / lower = 0.000)
[20191121_105832 / lib_ip.py:3753] file = img.20191121_105830.2019-11-20_14-40-43_000.jpg.3.png / val_Average = 111.2867	val_Variance = 10.0344	sd = 3.1677	max = 126	min = 101
[20191121_105833 / lib_ip.py:3936] len(Hs) = 8100, len(Ss) = 8100, len(Vs) = 8100
[20191121_105833 / lib_ip.py:3982] red : variance --> out of range (variance = 10.034 / upper = 0.430 / lower = 0.000)
[20191121_105833 / lib_ip.py:3753] file = img.20191121_105830.2019-11-20_14-40-43_000.jpg.3.png / val_Average = 111.2867	val_Variance = 10.0344	sd = 3.1677	max = 126	min = 101
[20191121_105833 / lib_ip.py:4052] len(Hs) = 8100, len(Ss) = 8100, len(Vs) = 8100
[20191121_105833 / lib_ip.py:4099] green : variance --> out of range (variance = 10.034 / upper = 0.760 / lower = 0.000)
[20191121_105833 / lib_ip.py:3753] file = img.20191121_105830.2019-11-20_14-40-43_000.jpg.3.png / val_Average = 111.2867	val_Variance = 10.0344	sd = 3.1677	max = 126	min = 101
[20191121_105833 / lib_ip.py:4169] len(Hs) = 8100, len(Ss) = 8100, len(Vs) = 8100
[20191121_105833 / lib_ip.py:4208] blue : variance --> out of range (variance = 10.034 / upper = 0.930 / lower = 0.010)
[20191121_105833 / lib_ip.py:3753] file = img.20191121_105830.2019-11-20_14-40-43_000.jpg.3.png / val_Average = 111.2867	val_Variance = 10.0344	sd = 3.1677	max = 126	min = 101
[20191121_105833 / lib_ip.py:4275] len(Hs) = 8100, len(Ss) = 8100, len(Vs) = 8100
[20191121_105833 / lib_ip.py:4314] pink : variance --> out of range (variance = 10.034 / upper = 0.750 / lower = 0.030)
[20191121_105833 / lib_ip.py:3753] file = img.20191121_105830.2019-11-20_14-40-43_000.jpg.3.png / val_Average = 111.2867	val_Variance = 10.0344	sd = 3.1677	max = 126	min = 101
[20191121_105833 / lib_ip.py:4378] len(Hs) = 8100, len(Ss) = 8100, len(Vs) = 8100
[20191121_105833 / lib_ip.py:4422] black : variance --> out of range (variance = 10.034 / upper = 0.000 / lower = 0.000)
[20191121_105833 / lib_ip.py:4593] file : img.20191121_105830.2019-11-20_14-40-43_000.jpg.3.png 2 (black : variance --> out of range (variance = 10.034 / upper = 0.000 / lower = 0.000))
[20191121_105833 / lib_ip.py:2274] inspecting ===> img.20191121_105830.2019-11-20_14-40-43_000.jpg.4.png
[20191121_105833 / lib_ip.py:4505] 
img.20191121_105830.2019-11-20_14-40-43_000.jpg.4.png 3 ---------------------
[20191121_105833 / lib_ip.py:3753] file = img.20191121_105830.2019-11-20_14-40-43_000.jpg.4.png / val_Average = 107.5830	val_Variance = 1.9063	sd = 1.3807	max = 113	min = 103
[20191121_105833 / lib_ip.py:3836] len(Hs) = 8100, len(Ss) = 8100, len(Vs) = 8100
[20191121_105834 / lib_ip.py:3869] yellow : variance --> out of range (variance = 1.906 / upper = 0.650 / lower = 0.000)
[20191121_105834 / lib_ip.py:3753] file = img.20191121_105830.2019-11-20_14-40-43_000.jpg.4.png / val_Average = 107.5830	val_Variance = 1.9063	sd = 1.3807	max = 113	min = 103
[20191121_105834 / lib_ip.py:3936] len(Hs) = 8100, len(Ss) = 8100, len(Vs) = 8100
[20191121_105834 / lib_ip.py:3982] red : variance --> out of range (variance = 1.906 / upper = 0.430 / lower = 0.000)
[20191121_105834 / lib_ip.py:3753] file = img.20191121_105830.2019-11-20_14-40-43_000.jpg.4.png / val_Average = 107.5830	val_Variance = 1.9063	sd = 1.3807	max = 113	min = 103
[20191121_105834 / lib_ip.py:4052] len(Hs) = 8100, len(Ss) = 8100, len(Vs) = 8100
[20191121_105834 / lib_ip.py:4099] green : variance --> out of range (variance = 1.906 / upper = 0.760 / lower = 0.000)
[20191121_105834 / lib_ip.py:3753] file = img.20191121_105830.2019-11-20_14-40-43_000.jpg.4.png / val_Average = 107.5830	val_Variance = 1.9063	sd = 1.3807	max = 113	min = 103
[20191121_105834 / lib_ip.py:4169] len(Hs) = 8100, len(Ss) = 8100, len(Vs) = 8100
[20191121_105834 / lib_ip.py:4208] blue : variance --> out of range (variance = 1.906 / upper = 0.930 / lower = 0.010)
[20191121_105834 / lib_ip.py:3753] file = img.20191121_105830.2019-11-20_14-40-43_000.jpg.4.png / val_Average = 107.5830	val_Variance = 1.9063	sd = 1.3807	max = 113	min = 103
[20191121_105834 / lib_ip.py:4275] len(Hs) = 8100, len(Ss) = 8100, len(Vs) = 8100
[20191121_105834 / lib_ip.py:4314] pink : variance --> out of range (variance = 1.906 / upper = 0.750 / lower = 0.030)
[20191121_105834 / lib_ip.py:3753] file = img.20191121_105830.2019-11-20_14-40-43_000.jpg.4.png / val_Average = 107.5830	val_Variance = 1.9063	sd = 1.3807	max = 113	min = 103
[20191121_105834 / lib_ip.py:4378] len(Hs) = 8100, len(Ss) = 8100, len(Vs) = 8100
[20191121_105834 / lib_ip.py:4422] black : variance --> out of range (variance = 1.906 / upper = 0.000 / lower = 0.000)
[20191121_105834 / lib_ip.py:4593] file : img.20191121_105830.2019-11-20_14-40-43_000.jpg.4.png 3 (black : variance --> out of range (variance = 1.906 / upper = 0.000 / lower = 0.000))
[20191121_105833 / lib_ip.py:2274] inspecting ===> img.20191121_105830.2019-11-20_14-40-43_000.jpg.4.png
img.20191121_105830.2019-11-20_14-40-43_000.jpg.1.png => other
img.20191121_105830.2019-11-20_14-40-43_000.jpg.2.png => other
img.20191121_105830.2019-11-20_14-40-43_000.jpg.3.png => other
img.20191121_105830.2019-11-20_14-40-43_000.jpg.4.png => other
[20191121_105834 lib_ip.py:3301] =============== Get 4 corners
dpath_Images = C:\WORKS_2\WS\WS_Others.Art\JVEMV6\46_art\VIRTUAL\Admin_Projects\ip\images
fname_Image = img.20191121_105830.2019-11-20_14-40-43_000.jpg.4.png

[20191121_105835 / lib_ip.py:2274] inspecting ===> img.20191121_105835.2019-11-20_14-41-00_000.jpg.1.png
[20191121_105835 / lib_ip.py:4505] 
img.20191121_105835.2019-11-20_14-41-00_000.jpg.1.png 0 ---------------------
[20191121_105835 / lib_ip.py:3753] file = img.20191121_105835.2019-11-20_14-41-00_000.jpg.1.png / val_Average = 110.7428	val_Variance = 14.4419	sd = 3.8002	max = 123	min = 99
[20191121_105835 / lib_ip.py:3836] len(Hs) = 8100, len(Ss) = 8100, len(Vs) = 8100
[20191121_105835 / lib_ip.py:3869] yellow : variance --> out of range (variance = 14.442 / upper = 0.650 / lower = 0.000)
[20191121_105836 / lib_ip.py:3753] file = img.20191121_105835.2019-11-20_14-41-00_000.jpg.1.png / val_Average = 110.7428	val_Variance = 14.4419	sd = 3.8002	max = 123	min = 99
[20191121_105836 / lib_ip.py:3936] len(Hs) = 8100, len(Ss) = 8100, len(Vs) = 8100
[20191121_105836 / lib_ip.py:3982] red : variance --> out of range (variance = 14.442 / upper = 0.430 / lower = 0.000)
[20191121_105836 / lib_ip.py:3753] file = img.20191121_105835.2019-11-20_14-41-00_000.jpg.1.png / val_Average = 110.7428	val_Variance = 14.4419	sd = 3.8002	max = 123	min = 99
[20191121_105836 / lib_ip.py:4052] len(Hs) = 8100, len(Ss) = 8100, len(Vs) = 8100
[20191121_105836 / lib_ip.py:4099] green : variance --> out of range (variance = 14.442 / upper = 0.760 / lower = 0.000)
[20191121_105836 / lib_ip.py:3753] file = img.20191121_105835.2019-11-20_14-41-00_000.jpg.1.png / val_Average = 110.7428	val_Variance = 14.4419	sd = 3.8002	max = 123	min = 99
[20191121_105836 / lib_ip.py:4169] len(Hs) = 8100, len(Ss) = 8100, len(Vs) = 8100
[20191121_105836 / lib_ip.py:4208] blue : variance --> out of range (variance = 14.442 / upper = 0.930 / lower = 0.010)
[20191121_105836 / lib_ip.py:3753] file = img.20191121_105835.2019-11-20_14-41-00_000.jpg.1.png / val_Average = 110.7428	val_Variance = 14.4419	sd = 3.8002	max = 123	min = 99
[20191121_105836 / lib_ip.py:4275] len(Hs) = 8100, len(Ss) = 8100, len(Vs) = 8100
[20191121_105836 / lib_ip.py:4314] pink : variance --> out of range (variance = 14.442 / upper = 0.750 / lower = 0.030)
[20191121_105836 / lib_ip.py:3753] file = img.20191121_105835.2019-11-20_14-41-00_000.jpg.1.png / val_Average = 110.7428	val_Variance = 14.4419	sd = 3.8002	max = 123	min = 99
[20191121_105836 / lib_ip.py:4378] len(Hs) = 8100, len(Ss) = 8100, len(Vs) = 8100
[20191121_105836 / lib_ip.py:4422] black : variance --> out of range (variance = 14.442 / upper = 0.000 / lower = 0.000)
[20191121_105836 / lib_ip.py:4593] file : img.20191121_105835.2019-11-20_14-41-00_000.jpg.1.png 0 (black : variance --> out of range (variance = 14.442 / upper = 0.000 / lower = 0.000))
[20191121_105836 / lib_ip.py:2274] inspecting ===> img.20191121_105835.2019-11-20_14-41-00_000.jpg.2.png
[20191121_105837 / lib_ip.py:4505] 
img.20191121_105835.2019-11-20_14-41-00_000.jpg.2.png 1 ---------------------
[20191121_105837 / lib_ip.py:3753] file = img.20191121_105835.2019-11-20_14-41-00_000.jpg.2.png / val_Average = 111.5648	val_Variance = 4.9873	sd = 2.2332	max = 120	min = 106
[20191121_105837 / lib_ip.py:3836] len(Hs) = 8100, len(Ss) = 8100, len(Vs) = 8100
[20191121_105837 / lib_ip.py:3869] yellow : variance --> out of range (variance = 4.987 / upper = 0.650 / lower = 0.000)
[20191121_105837 / lib_ip.py:3753] file = img.20191121_105835.2019-11-20_14-41-00_000.jpg.2.png / val_Average = 111.5648	val_Variance = 4.9873	sd = 2.2332	max = 120	min = 106
[20191121_105837 / lib_ip.py:3936] len(Hs) = 8100, len(Ss) = 8100, len(Vs) = 8100
[20191121_105837 / lib_ip.py:3982] red : variance --> out of range (variance = 4.987 / upper = 0.430 / lower = 0.000)
[20191121_105837 / lib_ip.py:3753] file = img.20191121_105835.2019-11-20_14-41-00_000.jpg.2.png / val_Average = 111.5648	val_Variance = 4.9873	sd = 2.2332	max = 120	min = 106
[20191121_105837 / lib_ip.py:4052] len(Hs) = 8100, len(Ss) = 8100, len(Vs) = 8100
[20191121_105837 / lib_ip.py:4099] green : variance --> out of range (variance = 4.987 / upper = 0.760 / lower = 0.000)
[20191121_105837 / lib_ip.py:3753] file = img.20191121_105835.2019-11-20_14-41-00_000.jpg.2.png / val_Average = 111.5648	val_Variance = 4.9873	sd = 2.2332	max = 120	min = 106
[20191121_105837 / lib_ip.py:4169] len(Hs) = 8100, len(Ss) = 8100, len(Vs) = 8100
[20191121_105837 / lib_ip.py:4208] blue : variance --> out of range (variance = 4.987 / upper = 0.930 / lower = 0.010)
[20191121_105837 / lib_ip.py:3753] file = img.20191121_105835.2019-11-20_14-41-00_000.jpg.2.png / val_Average = 111.5648	val_Variance = 4.9873	sd = 2.2332	max = 120	min = 106
[20191121_105837 / lib_ip.py:4275] len(Hs) = 8100, len(Ss) = 8100, len(Vs) = 8100
[20191121_105837 / lib_ip.py:4314] pink : variance --> out of range (variance = 4.987 / upper = 0.750 / lower = 0.030)
[20191121_105837 / lib_ip.py:3753] file = img.20191121_105835.2019-11-20_14-41-00_000.jpg.2.png / val_Average = 111.5648	val_Variance = 4.9873	sd = 2.2332	max = 120	min = 106
[20191121_105837 / lib_ip.py:4378] len(Hs) = 8100, len(Ss) = 8100, len(Vs) = 8100
[20191121_105838 / lib_ip.py:4422] black : variance --> out of range (variance = 4.987 / upper = 0.000 / lower = 0.000)
[20191121_105838 / lib_ip.py:4593] file : img.20191121_105835.2019-11-20_14-41-00_000.jpg.2.png 1 (black : variance --> out of range (variance = 4.987 / upper = 0.000 / lower = 0.000))
[20191121_105838 / lib_ip.py:2274] inspecting ===> img.20191121_105835.2019-11-20_14-41-00_000.jpg.3.png
[20191121_105838 / lib_ip.py:4505] 
img.20191121_105835.2019-11-20_14-41-00_000.jpg.3.png 2 ---------------------
[20191121_105838 / lib_ip.py:3753] file = img.20191121_105835.2019-11-20_14-41-00_000.jpg.3.png / val_Average = 109.1826	val_Variance = 16.9473	sd = 4.1167	max = 123	min = 95
[20191121_105838 / lib_ip.py:3836] len(Hs) = 8100, len(Ss) = 8100, len(Vs) = 8100
[20191121_105838 / lib_ip.py:3869] yellow : variance --> out of range (variance = 16.947 / upper = 0.650 / lower = 0.000)
[20191121_105838 / lib_ip.py:3753] file = img.20191121_105835.2019-11-20_14-41-00_000.jpg.3.png / val_Average = 109.1826	val_Variance = 16.9473	sd = 4.1167	max = 123	min = 95
[20191121_105838 / lib_ip.py:3936] len(Hs) = 8100, len(Ss) = 8100, len(Vs) = 8100
[20191121_105838 / lib_ip.py:3982] red : variance --> out of range (variance = 16.947 / upper = 0.430 / lower = 0.000)
[20191121_105838 / lib_ip.py:3753] file = img.20191121_105835.2019-11-20_14-41-00_000.jpg.3.png / val_Average = 109.1826	val_Variance = 16.9473	sd = 4.1167	max = 123	min = 95
[20191121_105838 / lib_ip.py:4052] len(Hs) = 8100, len(Ss) = 8100, len(Vs) = 8100
[20191121_105838 / lib_ip.py:4099] green : variance --> out of range (variance = 16.947 / upper = 0.760 / lower = 0.000)
[20191121_105838 / lib_ip.py:3753] file = img.20191121_105835.2019-11-20_14-41-00_000.jpg.3.png / val_Average = 109.1826	val_Variance = 16.9473	sd = 4.1167	max = 123	min = 95
[20191121_105838 / lib_ip.py:4169] len(Hs) = 8100, len(Ss) = 8100, len(Vs) = 8100
[20191121_105838 / lib_ip.py:4208] blue : variance --> out of range (variance = 16.947 / upper = 0.930 / lower = 0.010)
[20191121_105838 / lib_ip.py:3753] file = img.20191121_105835.2019-11-20_14-41-00_000.jpg.3.png / val_Average = 109.1826	val_Variance = 16.9473	sd = 4.1167	max = 123	min = 95
[20191121_105839 / lib_ip.py:4275] len(Hs) = 8100, len(Ss) = 8100, len(Vs) = 8100
[20191121_105839 / lib_ip.py:4314] pink : variance --> out of range (variance = 16.947 / upper = 0.750 / lower = 0.030)
[20191121_105839 / lib_ip.py:3753] file = img.20191121_105835.2019-11-20_14-41-00_000.jpg.3.png / val_Average = 109.1826	val_Variance = 16.9473	sd = 4.1167	max = 123	min = 95
[20191121_105839 / lib_ip.py:4378] len(Hs) = 8100, len(Ss) = 8100, len(Vs) = 8100
[20191121_105839 / lib_ip.py:4422] black : variance --> out of range (variance = 16.947 / upper = 0.000 / lower = 0.000)
[20191121_105839 / lib_ip.py:4593] file : img.20191121_105835.2019-11-20_14-41-00_000.jpg.3.png 2 (black : variance --> out of range (variance = 16.947 / upper = 0.000 / lower = 0.000))
[20191121_105839 / lib_ip.py:2274] inspecting ===> img.20191121_105835.2019-11-20_14-41-00_000.jpg.4.png
[20191121_105839 / lib_ip.py:4505] 
img.20191121_105835.2019-11-20_14-41-00_000.jpg.4.png 3 ---------------------
[20191121_105839 / lib_ip.py:3753] file = img.20191121_105835.2019-11-20_14-41-00_000.jpg.4.png / val_Average = 12.1940	val_Variance = 0.2358	sd = 0.4856	max = 14	min = 11
[20191121_105839 / lib_ip.py:3836] len(Hs) = 8100, len(Ss) = 8100, len(Vs) = 8100
[20191121_105839 / lib_ip.py:3891] yellow : average --> out of range (average = 12.194 / upper = 99.200 / lower = 85.500)
[20191121_105839 / lib_ip.py:3753] file = img.20191121_105835.2019-11-20_14-41-00_000.jpg.4.png / val_Average = 12.1940	val_Variance = 0.2358	sd = 0.4856	max = 14	min = 11
[20191121_105839 / lib_ip.py:3936] len(Hs) = 8100, len(Ss) = 8100, len(Vs) = 8100
[20191121_105839 / lib_ip.py:4007] red : average --> out of range (average = 12.194 / upper = 124.600 / lower = 115.000)
[20191121_105840 / lib_ip.py:3753] file = img.20191121_105835.2019-11-20_14-41-00_000.jpg.4.png / val_Average = 12.1940	val_Variance = 0.2358	sd = 0.4856	max = 14	min = 11
[20191121_105840 / lib_ip.py:4052] len(Hs) = 8100, len(Ss) = 8100, len(Vs) = 8100
[20191121_105840 / lib_ip.py:4124] green : average --> out of range (average = 12.194 / upper = 85.000 / lower = 58.000)
[20191121_105840 / lib_ip.py:3753] file = img.20191121_105835.2019-11-20_14-41-00_000.jpg.4.png / val_Average = 12.1940	val_Variance = 0.2358	sd = 0.4856	max = 14	min = 11
[20191121_105840 / lib_ip.py:4169] len(Hs) = 8100, len(Ss) = 8100, len(Vs) = 8100
[20191121_105839 / lib_ip.py:2274] inspecting ===> img.20191121_105835.2019-11-20_14-41-00_000.jpg.4.png
img.20191121_105835.2019-11-20_14-41-00_000.jpg.1.png => other
img.20191121_105835.2019-11-20_14-41-00_000.jpg.2.png => other
img.20191121_105835.2019-11-20_14-41-00_000.jpg.3.png => other
img.20191121_105835.2019-11-20_14-41-00_000.jpg.4.png => other
[20191121_105840 lib_ip.py:3301] =============== Get 4 corners
dpath_Images = C:\WORKS_2\WS\WS_Others.Art\JVEMV6\46_art\VIRTUAL\Admin_Projects\ip\images
fname_Image = img.20191121_105835.2019-11-20_14-41-00_000.jpg.4.png

[20191121_105840 / lib_ip.py:2274] inspecting ===> img.20191121_105840.2019-11-20_18-38-38_000.jpg.1.png
[20191121_105840 / lib_ip.py:4505] 
img.20191121_105840.2019-11-20_18-38-38_000.jpg.1.png 0 ---------------------
[20191121_105841 / lib_ip.py:3753] file = img.20191121_105840.2019-11-20_18-38-38_000.jpg.1.png / val_Average = 116.1095	val_Variance = 6.7758	sd = 2.6030	max = 131	min = 106
[20191121_105841 / lib_ip.py:3836] len(Hs) = 8100, len(Ss) = 8100, len(Vs) = 8100
[20191121_105841 / lib_ip.py:3869] yellow : variance --> out of range (variance = 6.776 / upper = 0.650 / lower = 0.000)
[20191121_105841 / lib_ip.py:3753] file = img.20191121_105840.2019-11-20_18-38-38_000.jpg.1.png / val_Average = 116.1095	val_Variance = 6.7758	sd = 2.6030	max = 131	min = 106
[20191121_105841 / lib_ip.py:3936] len(Hs) = 8100, len(Ss) = 8100, len(Vs) = 8100
[20191121_105841 / lib_ip.py:3982] red : variance --> out of range (variance = 6.776 / upper = 0.430 / lower = 0.000)
[20191121_105841 / lib_ip.py:3753] file = img.20191121_105840.2019-11-20_18-38-38_000.jpg.1.png / val_Average = 116.1095	val_Variance = 6.7758	sd = 2.6030	max = 131	min = 106
[20191121_105841 / lib_ip.py:4052] len(Hs) = 8100, len(Ss) = 8100, len(Vs) = 8100
[20191121_105841 / lib_ip.py:4099] green : variance --> out of range (variance = 6.776 / upper = 0.760 / lower = 0.000)
[20191121_105841 / lib_ip.py:3753] file = img.20191121_105840.2019-11-20_18-38-38_000.jpg.1.png / val_Average = 116.1095	val_Variance = 6.7758	sd = 2.6030	max = 131	min = 106
[20191121_105841 / lib_ip.py:4169] len(Hs) = 8100, len(Ss) = 8100, len(Vs) = 8100
[20191121_105841 / lib_ip.py:4208] blue : variance --> out of range (variance = 6.776 / upper = 0.930 / lower = 0.010)
[20191121_105841 / lib_ip.py:3753] file = img.20191121_105840.2019-11-20_18-38-38_000.jpg.1.png / val_Average = 116.1095	val_Variance = 6.7758	sd = 2.6030	max = 131	min = 106
[20191121_105841 / lib_ip.py:4275] len(Hs) = 8100, len(Ss) = 8100, len(Vs) = 8100
[20191121_105841 / lib_ip.py:4314] pink : variance --> out of range (variance = 6.776 / upper = 0.750 / lower = 0.030)
[20191121_105841 / lib_ip.py:3753] file = img.20191121_105840.2019-11-20_18-38-38_000.jpg.1.png / val_Average = 116.1095	val_Variance = 6.7758	sd = 2.6030	max = 131	min = 106
[20191121_105841 / lib_ip.py:4378] len(Hs) = 8100, len(Ss) = 8100, len(Vs) = 8100
[20191121_105842 / lib_ip.py:4422] black : variance --> out of range (variance = 6.776 / upper = 0.000 / lower = 0.000)
[20191121_105842 / lib_ip.py:4593] file : img.20191121_105840.2019-11-20_18-38-38_000.jpg.1.png 0 (black : variance --> out of range (variance = 6.776 / upper = 0.000 / lower = 0.000))
[20191121_105842 / lib_ip.py:2274] inspecting ===> img.20191121_105840.2019-11-20_18-38-38_000.jpg.2.png
[20191121_105842 / lib_ip.py:4505] 
img.20191121_105840.2019-11-20_18-38-38_000.jpg.2.png 1 ---------------------
[20191121_105842 / lib_ip.py:3753] file = img.20191121_105840.2019-11-20_18-38-38_000.jpg.2.png / val_Average = 109.5912	val_Variance = 4.5827	sd = 2.1407	max = 117	min = 104
[20191121_105842 / lib_ip.py:3836] len(Hs) = 8100, len(Ss) = 8100, len(Vs) = 8100
[20191121_105842 / lib_ip.py:3869] yellow : variance --> out of range (variance = 4.583 / upper = 0.650 / lower = 0.000)
[20191121_105842 / lib_ip.py:3753] file = img.20191121_105840.2019-11-20_18-38-38_000.jpg.2.png / val_Average = 109.5912	val_Variance = 4.5827	sd = 2.1407	max = 117	min = 104
[20191121_105842 / lib_ip.py:3936] len(Hs) = 8100, len(Ss) = 8100, len(Vs) = 8100
[20191121_105842 / lib_ip.py:3982] red : variance --> out of range (variance = 4.583 / upper = 0.430 / lower = 0.000)
[20191121_105842 / lib_ip.py:3753] file = img.20191121_105840.2019-11-20_18-38-38_000.jpg.2.png / val_Average = 109.5912	val_Variance = 4.5827	sd = 2.1407	max = 117	min = 104
[20191121_105842 / lib_ip.py:4052] len(Hs) = 8100, len(Ss) = 8100, len(Vs) = 8100
[20191121_105842 / lib_ip.py:4099] green : variance --> out of range (variance = 4.583 / upper = 0.760 / lower = 0.000)
[20191121_105842 / lib_ip.py:3753] file = img.20191121_105840.2019-11-20_18-38-38_000.jpg.2.png / val_Average = 109.5912	val_Variance = 4.5827	sd = 2.1407	max = 117	min = 104
[20191121_105842 / lib_ip.py:4169] len(Hs) = 8100, len(Ss) = 8100, len(Vs) = 8100
[20191121_105842 / lib_ip.py:4208] blue : variance --> out of range (variance = 4.583 / upper = 0.930 / lower = 0.010)
[20191121_105843 / lib_ip.py:3753] file = img.20191121_105840.2019-11-20_18-38-38_000.jpg.2.png / val_Average = 109.5912	val_Variance = 4.5827	sd = 2.1407	max = 117	min = 104
[20191121_105843 / lib_ip.py:4275] len(Hs) = 8100, len(Ss) = 8100, len(Vs) = 8100
[20191121_105843 / lib_ip.py:4314] pink : variance --> out of range (variance = 4.583 / upper = 0.750 / lower = 0.030)
[20191121_105843 / lib_ip.py:3753] file = img.20191121_105840.2019-11-20_18-38-38_000.jpg.2.png / val_Average = 109.5912	val_Variance = 4.5827	sd = 2.1407	max = 117	min = 104
[20191121_105843 / lib_ip.py:4378] len(Hs) = 8100, len(Ss) = 8100, len(Vs) = 8100
[20191121_105843 / lib_ip.py:4422] black : variance --> out of range (variance = 4.583 / upper = 0.000 / lower = 0.000)
[20191121_105843 / lib_ip.py:4593] file : img.20191121_105840.2019-11-20_18-38-38_000.jpg.2.png 1 (black : variance --> out of range (variance = 4.583 / upper = 0.000 / lower = 0.000))
[20191121_105843 / lib_ip.py:2274] inspecting ===> img.20191121_105840.2019-11-20_18-38-38_000.jpg.3.png
[20191121_105843 / lib_ip.py:4505] 
img.20191121_105840.2019-11-20_18-38-38_000.jpg.3.png 2 ---------------------
[20191121_105843 / lib_ip.py:3753] file = img.20191121_105840.2019-11-20_18-38-38_000.jpg.3.png / val_Average = 81.6056	val_Variance = 5201.4421	sd = 72.1210	max = 174	min = 0
[20191121_105843 / lib_ip.py:3836] len(Hs) = 8100, len(Ss) = 8100, len(Vs) = 8100
[20191121_105843 / lib_ip.py:3869] yellow : variance --> out of range (variance = 5201.442 / upper = 0.650 / lower = 0.000)
[20191121_105843 / lib_ip.py:3753] file = img.20191121_105840.2019-11-20_18-38-38_000.jpg.3.png / val_Average = 81.6056	val_Variance = 5201.4421	sd = 72.1210	max = 174	min = 0
[20191121_105843 / lib_ip.py:3936] len(Hs) = 8100, len(Ss) = 8100, len(Vs) = 8100
[20191121_105843 / lib_ip.py:3982] red : variance --> out of range (variance = 5201.442 / upper = 0.430 / lower = 0.000)
[20191121_105843 / lib_ip.py:3753] file = img.20191121_105840.2019-11-20_18-38-38_000.jpg.3.png / val_Average = 81.6056	val_Variance = 5201.4421	sd = 72.1210	max = 174	min = 0
[20191121_105843 / lib_ip.py:4052] len(Hs) = 8100, len(Ss) = 8100, len(Vs) = 8100
[20191121_105844 / lib_ip.py:4099] green : variance --> out of range (variance = 5201.442 / upper = 0.760 / lower = 0.000)
[20191121_105844 / lib_ip.py:3753] file = img.20191121_105840.2019-11-20_18-38-38_000.jpg.3.png / val_Average = 81.6056	val_Variance = 5201.4421	sd = 72.1210	max = 174	min = 0
[20191121_105844 / lib_ip.py:4169] len(Hs) = 8100, len(Ss) = 8100, len(Vs) = 8100
[20191121_105844 / lib_ip.py:4208] blue : variance --> out of range (variance = 5201.442 / upper = 0.930 / lower = 0.010)
[20191121_105844 / lib_ip.py:3753] file = img.20191121_105840.2019-11-20_18-38-38_000.jpg.3.png / val_Average = 81.6056	val_Variance = 5201.4421	sd = 72.1210	max = 174	min = 0
[20191121_105844 / lib_ip.py:4275] len(Hs) = 8100, len(Ss) = 8100, len(Vs) = 8100
[20191121_105844 / lib_ip.py:4314] pink : variance --> out of range (variance = 5201.442 / upper = 0.750 / lower = 0.030)
[20191121_105844 / lib_ip.py:3753] file = img.20191121_105840.2019-11-20_18-38-38_000.jpg.3.png / val_Average = 81.6056	val_Variance = 5201.4421	sd = 72.1210	max = 174	min = 0
[20191121_105844 / lib_ip.py:4378] len(Hs) = 8100, len(Ss) = 8100, len(Vs) = 8100
[20191121_105844 / lib_ip.py:4422] black : variance --> out of range (variance = 5201.442 / upper = 0.000 / lower = 0.000)
[20191121_105844 / lib_ip.py:4593] file : img.20191121_105840.2019-11-20_18-38-38_000.jpg.3.png 2 (black : variance --> out of range (variance = 5201.442 / upper = 0.000 / lower = 0.000))
[20191121_105844 / lib_ip.py:2274] inspecting ===> img.20191121_105840.2019-11-20_18-38-38_000.jpg.4.png
[20191121_105844 / lib_ip.py:4505] 
img.20191121_105840.2019-11-20_18-38-38_000.jpg.4.png 3 ---------------------
[20191121_105844 / lib_ip.py:3753] file = img.20191121_105840.2019-11-20_18-38-38_000.jpg.4.png / val_Average = 120.7754	val_Variance = 0.1850	sd = 0.4301	max = 122	min = 120
[20191121_105844 / lib_ip.py:3836] len(Hs) = 8100, len(Ss) = 8100, len(Vs) = 8100
[20191121_105844 / lib_ip.py:3891] yellow : average --> out of range (average = 120.775 / upper = 99.200 / lower = 85.500)
[20191121_105844 / lib_ip.py:3753] file = img.20191121_105840.2019-11-20_18-38-38_000.jpg.4.png / val_Average = 120.7754	val_Variance = 0.1850	sd = 0.4301	max = 122	min = 120
[20191121_105844 / lib_ip.py:3936] len(Hs) = 8100, len(Ss) = 8100, len(Vs) = 8100
[20191121_105844 / lib_ip.py:2274] inspecting ===> img.20191121_105840.2019-11-20_18-38-38_000.jpg.4.png
img.20191121_105840.2019-11-20_18-38-38_000.jpg.1.png => other
img.20191121_105840.2019-11-20_18-38-38_000.jpg.2.png => other
img.20191121_105840.2019-11-20_18-38-38_000.jpg.3.png => other
img.20191121_105840.2019-11-20_18-38-38_000.jpg.4.png => other
[20191121_105845 lib_ip.py:3301] =============== Get 4 corners
dpath_Images = C:\WORKS_2\WS\WS_Others.Art\JVEMV6\46_art\VIRTUAL\Admin_Projects\ip\images
fname_Image = img.20191121_105840.2019-11-20_18-38-38_000.jpg.4.png

[20191121_105845 / lib_ip.py:2274] inspecting ===> img.20191121_105845.2019-11-20_20-32-05_000.jpg.1.png
[20191121_105845 / lib_ip.py:4505] 
img.20191121_105845.2019-11-20_20-32-05_000.jpg.1.png 0 ---------------------
[20191121_105845 / lib_ip.py:3753] file = img.20191121_105845.2019-11-20_20-32-05_000.jpg.1.png / val_Average = 91.9115	val_Variance = 0.0864	sd = 0.2939	max = 93	min = 91
[20191121_105845 / lib_ip.py:3836] len(Hs) = 8100, len(Ss) = 8100, len(Vs) = 8100
[20191121_105846 / lib_ip.py:2274] inspecting ===> img.20191121_105845.2019-11-20_20-32-05_000.jpg.2.png
[20191121_105846 / lib_ip.py:4505] 
img.20191121_105845.2019-11-20_20-32-05_000.jpg.2.png 1 ---------------------
[20191121_105846 / lib_ip.py:3753] file = img.20191121_105845.2019-11-20_20-32-05_000.jpg.2.png / val_Average = 48.5162	val_Variance = 1566.3413	sd = 39.5770	max = 135	min = 0
[20191121_105846 / lib_ip.py:3836] len(Hs) = 8100, len(Ss) = 8100, len(Vs) = 8100
[20191121_105846 / lib_ip.py:3869] yellow : variance --> out of range (variance = 1566.341 / upper = 0.650 / lower = 0.000)
[20191121_105846 / lib_ip.py:3753] file = img.20191121_105845.2019-11-20_20-32-05_000.jpg.2.png / val_Average = 48.5162	val_Variance = 1566.3413	sd = 39.5770	max = 135	min = 0
[20191121_105846 / lib_ip.py:3936] len(Hs) = 8100, len(Ss) = 8100, len(Vs) = 8100
[20191121_105846 / lib_ip.py:3982] red : variance --> out of range (variance = 1566.341 / upper = 0.430 / lower = 0.000)
[20191121_105846 / lib_ip.py:3753] file = img.20191121_105845.2019-11-20_20-32-05_000.jpg.2.png / val_Average = 48.5162	val_Variance = 1566.3413	sd = 39.5770	max = 135	min = 0
[20191121_105846 / lib_ip.py:4052] len(Hs) = 8100, len(Ss) = 8100, len(Vs) = 8100
[20191121_105846 / lib_ip.py:4099] green : variance --> out of range (variance = 1566.341 / upper = 0.760 / lower = 0.000)
[20191121_105847 / lib_ip.py:3753] file = img.20191121_105845.2019-11-20_20-32-05_000.jpg.2.png / val_Average = 48.5162	val_Variance = 1566.3413	sd = 39.5770	max = 135	min = 0
[20191121_105847 / lib_ip.py:4169] len(Hs) = 8100, len(Ss) = 8100, len(Vs) = 8100
[20191121_105847 / lib_ip.py:4208] blue : variance --> out of range (variance = 1566.341 / upper = 0.930 / lower = 0.010)
[20191121_105847 / lib_ip.py:3753] file = img.20191121_105845.2019-11-20_20-32-05_000.jpg.2.png / val_Average = 48.5162	val_Variance = 1566.3413	sd = 39.5770	max = 135	min = 0
[20191121_105847 / lib_ip.py:4275] len(Hs) = 8100, len(Ss) = 8100, len(Vs) = 8100
[20191121_105847 / lib_ip.py:4314] pink : variance --> out of range (variance = 1566.341 / upper = 0.750 / lower = 0.030)
[20191121_105847 / lib_ip.py:3753] file = img.20191121_105845.2019-11-20_20-32-05_000.jpg.2.png / val_Average = 48.5162	val_Variance = 1566.3413	sd = 39.5770	max = 135	min = 0
[20191121_105847 / lib_ip.py:4378] len(Hs) = 8100, len(Ss) = 8100, len(Vs) = 8100
[20191121_105847 / lib_ip.py:4422] black : variance --> out of range (variance = 1566.341 / upper = 0.000 / lower = 0.000)
[20191121_105847 / lib_ip.py:4593] file : img.20191121_105845.2019-11-20_20-32-05_000.jpg.2.png 1 (black : variance --> out of range (variance = 1566.341 / upper = 0.000 / lower = 0.000))
[20191121_105847 / lib_ip.py:2274] inspecting ===> img.20191121_105845.2019-11-20_20-32-05_000.jpg.3.png
[20191121_105847 / lib_ip.py:4505] 
img.20191121_105845.2019-11-20_20-32-05_000.jpg.3.png 2 ---------------------
[20191121_105847 / lib_ip.py:3753] file = img.20191121_105845.2019-11-20_20-32-05_000.jpg.3.png / val_Average = 109.3969	val_Variance = 27.9278	sd = 5.2847	max = 135	min = 90
[20191121_105847 / lib_ip.py:3836] len(Hs) = 8100, len(Ss) = 8100, len(Vs) = 8100
[20191121_105847 / lib_ip.py:3869] yellow : variance --> out of range (variance = 27.928 / upper = 0.650 / lower = 0.000)
[20191121_105847 / lib_ip.py:3753] file = img.20191121_105845.2019-11-20_20-32-05_000.jpg.3.png / val_Average = 109.3969	val_Variance = 27.9278	sd = 5.2847	max = 135	min = 90
[20191121_105847 / lib_ip.py:3936] len(Hs) = 8100, len(Ss) = 8100, len(Vs) = 8100
[20191121_105847 / lib_ip.py:3982] red : variance --> out of range (variance = 27.928 / upper = 0.430 / lower = 0.000)
[20191121_105847 / lib_ip.py:3753] file = img.20191121_105845.2019-11-20_20-32-05_000.jpg.3.png / val_Average = 109.3969	val_Variance = 27.9278	sd = 5.2847	max = 135	min = 90
[20191121_105847 / lib_ip.py:4052] len(Hs) = 8100, len(Ss) = 8100, len(Vs) = 8100
[20191121_105847 / lib_ip.py:4099] green : variance --> out of range (variance = 27.928 / upper = 0.760 / lower = 0.000)
[20191121_105848 / lib_ip.py:3753] file = img.20191121_105845.2019-11-20_20-32-05_000.jpg.3.png / val_Average = 109.3969	val_Variance = 27.9278	sd = 5.2847	max = 135	min = 90
[20191121_105848 / lib_ip.py:4169] len(Hs) = 8100, len(Ss) = 8100, len(Vs) = 8100
[20191121_105848 / lib_ip.py:4208] blue : variance --> out of range (variance = 27.928 / upper = 0.930 / lower = 0.010)
[20191121_105848 / lib_ip.py:3753] file = img.20191121_105845.2019-11-20_20-32-05_000.jpg.3.png / val_Average = 109.3969	val_Variance = 27.9278	sd = 5.2847	max = 135	min = 90
[20191121_105848 / lib_ip.py:4275] len(Hs) = 8100, len(Ss) = 8100, len(Vs) = 8100
[20191121_105848 / lib_ip.py:4314] pink : variance --> out of range (variance = 27.928 / upper = 0.750 / lower = 0.030)
[20191121_105848 / lib_ip.py:3753] file = img.20191121_105845.2019-11-20_20-32-05_000.jpg.3.png / val_Average = 109.3969	val_Variance = 27.9278	sd = 5.2847	max = 135	min = 90
[20191121_105848 / lib_ip.py:4378] len(Hs) = 8100, len(Ss) = 8100, len(Vs) = 8100
[20191121_105848 / lib_ip.py:4422] black : variance --> out of range (variance = 27.928 / upper = 0.000 / lower = 0.000)
[20191121_105848 / lib_ip.py:4593] file : img.20191121_105845.2019-11-20_20-32-05_000.jpg.3.png 2 (black : variance --> out of range (variance = 27.928 / upper = 0.000 / lower = 0.000))
[20191121_105848 / lib_ip.py:2274] inspecting ===> img.20191121_105845.2019-11-20_20-32-05_000.jpg.4.png
[20191121_105848 / lib_ip.py:4505] 
img.20191121_105845.2019-11-20_20-32-05_000.jpg.4.png 3 ---------------------
[20191121_105848 / lib_ip.py:3753] file = img.20191121_105845.2019-11-20_20-32-05_000.jpg.4.png / val_Average = 73.9299	val_Variance = 2442.2699	sd = 49.4193	max = 160	min = 0
[20191121_105848 / lib_ip.py:3836] len(Hs) = 8100, len(Ss) = 8100, len(Vs) = 8100
[20191121_105849 / lib_ip.py:3869] yellow : variance --> out of range (variance = 2442.270 / upper = 0.650 / lower = 0.000)
[20191121_105849 / lib_ip.py:3753] file = img.20191121_105845.2019-11-20_20-32-05_000.jpg.4.png / val_Average = 73.9299	val_Variance = 2442.2699	sd = 49.4193	max = 160	min = 0
[20191121_105849 / lib_ip.py:3936] len(Hs) = 8100, len(Ss) = 8100, len(Vs) = 8100
[20191121_105849 / lib_ip.py:3982] red : variance --> out of range (variance = 2442.270 / upper = 0.430 / lower = 0.000)
[20191121_105849 / lib_ip.py:3753] file = img.20191121_105845.2019-11-20_20-32-05_000.jpg.4.png / val_Average = 73.9299	val_Variance = 2442.2699	sd = 49.4193	max = 160	min = 0
[20191121_105849 / lib_ip.py:4052] len(Hs) = 8100, len(Ss) = 8100, len(Vs) = 8100
[20191121_105849 / lib_ip.py:4099] green : variance --> out of range (variance = 2442.270 / upper = 0.760 / lower = 0.000)
[20191121_105849 / lib_ip.py:3753] file = img.20191121_105845.2019-11-20_20-32-05_000.jpg.4.png / val_Average = 73.9299	val_Variance = 2442.2699	sd = 49.4193	max = 160	min = 0
[20191121_105849 / lib_ip.py:4169] len(Hs) = 8100, len(Ss) = 8100, len(Vs) = 8100
[20191121_105849 / lib_ip.py:4208] blue : variance --> out of range (variance = 2442.270 / upper = 0.930 / lower = 0.010)
[20191121_105849 / lib_ip.py:3753] file = img.20191121_105845.2019-11-20_20-32-05_000.jpg.4.png / val_Average = 73.9299	val_Variance = 2442.2699	sd = 49.4193	max = 160	min = 0
[20191121_105849 / lib_ip.py:4275] len(Hs) = 8100, len(Ss) = 8100, len(Vs) = 8100
[20191121_105849 / lib_ip.py:4314] pink : variance --> out of range (variance = 2442.270 / upper = 0.750 / lower = 0.030)
[20191121_105849 / lib_ip.py:3753] file = img.20191121_105845.2019-11-20_20-32-05_000.jpg.4.png / val_Average = 73.9299	val_Variance = 2442.2699	sd = 49.4193	max = 160	min = 0
[20191121_105849 / lib_ip.py:4378] len(Hs) = 8100, len(Ss) = 8100, len(Vs) = 8100
[20191121_105849 / lib_ip.py:4422] black : variance --> out of range (variance = 2442.270 / upper = 0.000 / lower = 0.000)
[20191121_105849 / lib_ip.py:4593] file : img.20191121_105845.2019-11-20_20-32-05_000.jpg.4.png 3 (black : variance --> out of range (variance = 2442.270 / upper = 0.000 / lower = 0.000))
[20191121_105848 / lib_ip.py:2274] inspecting ===> img.20191121_105845.2019-11-20_20-32-05_000.jpg.4.png
img.20191121_105845.2019-11-20_20-32-05_000.jpg.1.png => other
img.20191121_105845.2019-11-20_20-32-05_000.jpg.2.png => other
img.20191121_105845.2019-11-20_20-32-05_000.jpg.3.png => other
img.20191121_105845.2019-11-20_20-32-05_000.jpg.4.png => other
[20191121_105849 lib_ip.py:3301] =============== Get 4 corners
dpath_Images = C:\WORKS_2\WS\WS_Others.Art\JVEMV6\46_art\VIRTUAL\Admin_Projects\ip\images
fname_Image = img.20191121_105845.2019-11-20_20-32-05_000.jpg.4.png

[20191121_105850 / lib_ip.py:2274] inspecting ===> img.20191121_105850.2019-11-21_03-03-23_000.png.1.png
[20191121_105850 / lib_ip.py:4505] 
img.20191121_105850.2019-11-21_03-03-23_000.png.1.png 0 ---------------------
[20191121_105850 / lib_ip.py:3753] file = img.20191121_105850.2019-11-21_03-03-23_000.png.1.png / val_Average = 0.0000	val_Variance = 0.0000	sd = 0.0000	max = 0	min = 0
[20191121_105850 / lib_ip.py:3836] len(Hs) = 8100, len(Ss) = 8100, len(Vs) = 8100
[20191121_105850 / lib_ip.py:3891] yellow : average --> out of range (average = 0.000 / upper = 99.200 / lower = 85.500)
[20191121_105850 / lib_ip.py:3753] file = img.20191121_105850.2019-11-21_03-03-23_000.png.1.png / val_Average = 0.0000	val_Variance = 0.0000	sd = 0.0000	max = 0	min = 0
[20191121_105850 / lib_ip.py:3936] len(Hs) = 8100, len(Ss) = 8100, len(Vs) = 8100
[20191121_105850 / lib_ip.py:4007] red : average --> out of range (average = 0.000 / upper = 124.600 / lower = 115.000)
[20191121_105850 / lib_ip.py:3753] file = img.20191121_105850.2019-11-21_03-03-23_000.png.1.png / val_Average = 0.0000	val_Variance = 0.0000	sd = 0.0000	max = 0	min = 0
[20191121_105850 / lib_ip.py:4052] len(Hs) = 8100, len(Ss) = 8100, len(Vs) = 8100
[20191121_105850 / lib_ip.py:4124] green : average --> out of range (average = 0.000 / upper = 85.000 / lower = 58.000)
[20191121_105850 / lib_ip.py:3753] file = img.20191121_105850.2019-11-21_03-03-23_000.png.1.png / val_Average = 0.0000	val_Variance = 0.0000	sd = 0.0000	max = 0	min = 0
[20191121_105850 / lib_ip.py:4169] len(Hs) = 8100, len(Ss) = 8100, len(Vs) = 8100
[20191121_105851 / lib_ip.py:4208] blue : variance --> out of range (variance = 0.000 / upper = 0.930 / lower = 0.010)
[20191121_105851 / lib_ip.py:3753] file = img.20191121_105850.2019-11-21_03-03-23_000.png.1.png / val_Average = 0.0000	val_Variance = 0.0000	sd = 0.0000	max = 0	min = 0
[20191121_105851 / lib_ip.py:4275] len(Hs) = 8100, len(Ss) = 8100, len(Vs) = 8100
[20191121_105851 / lib_ip.py:4314] pink : variance --> out of range (variance = 0.000 / upper = 0.750 / lower = 0.030)
[20191121_105851 / lib_ip.py:3753] file = img.20191121_105850.2019-11-21_03-03-23_000.png.1.png / val_Average = 0.0000	val_Variance = 0.0000	sd = 0.0000	max = 0	min = 0
[20191121_105851 / lib_ip.py:4378] len(Hs) = 8100, len(Ss) = 8100, len(Vs) = 8100
[20191121_105851 / lib_ip.py:2274] inspecting ===> img.20191121_105850.2019-11-21_03-03-23_000.png.2.png
[20191121_105851 / lib_ip.py:4505] 
img.20191121_105850.2019-11-21_03-03-23_000.png.2.png 1 ---------------------
[20191121_105851 / lib_ip.py:3753] file = img.20191121_105850.2019-11-21_03-03-23_000.png.2.png / val_Average = 0.0000	val_Variance = 0.0000	sd = 0.0000	max = 0	min = 0
[20191121_105851 / lib_ip.py:3836] len(Hs) = 8100, len(Ss) = 8100, len(Vs) = 8100
[20191121_105851 / lib_ip.py:3891] yellow : average --> out of range (average = 0.000 / upper = 99.200 / lower = 85.500)
[20191121_105851 / lib_ip.py:3753] file = img.20191121_105850.2019-11-21_03-03-23_000.png.2.png / val_Average = 0.0000	val_Variance = 0.0000	sd = 0.0000	max = 0	min = 0
[20191121_105851 / lib_ip.py:3936] len(Hs) = 8100, len(Ss) = 8100, len(Vs) = 8100
[20191121_105851 / lib_ip.py:4007] red : average --> out of range (average = 0.000 / upper = 124.600 / lower = 115.000)
[20191121_105852 / lib_ip.py:3753] file = img.20191121_105850.2019-11-21_03-03-23_000.png.2.png / val_Average = 0.0000	val_Variance = 0.0000	sd = 0.0000	max = 0	min = 0
[20191121_105852 / lib_ip.py:4052] len(Hs) = 8100, len(Ss) = 8100, len(Vs) = 8100
[20191121_105852 / lib_ip.py:4124] green : average --> out of range (average = 0.000 / upper = 85.000 / lower = 58.000)
[20191121_105852 / lib_ip.py:3753] file = img.20191121_105850.2019-11-21_03-03-23_000.png.2.png / val_Average = 0.0000	val_Variance = 0.0000	sd = 0.0000	max = 0	min = 0
[20191121_105852 / lib_ip.py:4169] len(Hs) = 8100, len(Ss) = 8100, len(Vs) = 8100
[20191121_105852 / lib_ip.py:4208] blue : variance --> out of range (variance = 0.000 / upper = 0.930 / lower = 0.010)
[20191121_105852 / lib_ip.py:3753] file = img.20191121_105850.2019-11-21_03-03-23_000.png.2.png / val_Average = 0.0000	val_Variance = 0.0000	sd = 0.0000	max = 0	min = 0
[20191121_105852 / lib_ip.py:4275] len(Hs) = 8100, len(Ss) = 8100, len(Vs) = 8100
[20191121_105852 / lib_ip.py:4314] pink : variance --> out of range (variance = 0.000 / upper = 0.750 / lower = 0.030)
[20191121_105852 / lib_ip.py:3753] file = img.20191121_105850.2019-11-21_03-03-23_000.png.2.png / val_Average = 0.0000	val_Variance = 0.0000	sd = 0.0000	max = 0	min = 0
[20191121_105852 / lib_ip.py:4378] len(Hs) = 8100, len(Ss) = 8100, len(Vs) = 8100
[20191121_105852 / lib_ip.py:2274] inspecting ===> img.20191121_105850.2019-11-21_03-03-23_000.png.3.png
[20191121_105852 / lib_ip.py:4505] 
img.20191121_105850.2019-11-21_03-03-23_000.png.3.png 2 ---------------------
[20191121_105852 / lib_ip.py:3753] file = img.20191121_105850.2019-11-21_03-03-23_000.png.3.png / val_Average = 0.0000	val_Variance = 0.0000	sd = 0.0000	max = 0	min = 0
[20191121_105852 / lib_ip.py:3836] len(Hs) = 8100, len(Ss) = 8100, len(Vs) = 8100
[20191121_105852 / lib_ip.py:3891] yellow : average --> out of range (average = 0.000 / upper = 99.200 / lower = 85.500)
[20191121_105852 / lib_ip.py:3753] file = img.20191121_105850.2019-11-21_03-03-23_000.png.3.png / val_Average = 0.0000	val_Variance = 0.0000	sd = 0.0000	max = 0	min = 0
[20191121_105852 / lib_ip.py:3936] len(Hs) = 8100, len(Ss) = 8100, len(Vs) = 8100
[20191121_105853 / lib_ip.py:4007] red : average --> out of range (average = 0.000 / upper = 124.600 / lower = 115.000)
[20191121_105853 / lib_ip.py:3753] file = img.20191121_105850.2019-11-21_03-03-23_000.png.3.png / val_Average = 0.0000	val_Variance = 0.0000	sd = 0.0000	max = 0	min = 0
[20191121_105853 / lib_ip.py:4052] len(Hs) = 8100, len(Ss) = 8100, len(Vs) = 8100
[20191121_105853 / lib_ip.py:4124] green : average --> out of range (average = 0.000 / upper = 85.000 / lower = 58.000)
[20191121_105853 / lib_ip.py:3753] file = img.20191121_105850.2019-11-21_03-03-23_000.png.3.png / val_Average = 0.0000	val_Variance = 0.0000	sd = 0.0000	max = 0	min = 0
[20191121_105853 / lib_ip.py:4169] len(Hs) = 8100, len(Ss) = 8100, len(Vs) = 8100
[20191121_105853 / lib_ip.py:4208] blue : variance --> out of range (variance = 0.000 / upper = 0.930 / lower = 0.010)
[20191121_105853 / lib_ip.py:3753] file = img.20191121_105850.2019-11-21_03-03-23_000.png.3.png / val_Average = 0.0000	val_Variance = 0.0000	sd = 0.0000	max = 0	min = 0
[20191121_105853 / lib_ip.py:4275] len(Hs) = 8100, len(Ss) = 8100, len(Vs) = 8100
[20191121_105853 / lib_ip.py:4314] pink : variance --> out of range (variance = 0.000 / upper = 0.750 / lower = 0.030)
[20191121_105853 / lib_ip.py:3753] file = img.20191121_105850.2019-11-21_03-03-23_000.png.3.png / val_Average = 0.0000	val_Variance = 0.0000	sd = 0.0000	max = 0	min = 0
[20191121_105853 / lib_ip.py:4378] len(Hs) = 8100, len(Ss) = 8100, len(Vs) = 8100
[20191121_105853 / lib_ip.py:2274] inspecting ===> img.20191121_105850.2019-11-21_03-03-23_000.png.4.png
[20191121_105854 / lib_ip.py:4505] 
img.20191121_105850.2019-11-21_03-03-23_000.png.4.png 3 ---------------------
[20191121_105854 / lib_ip.py:3753] file = img.20191121_105850.2019-11-21_03-03-23_000.png.4.png / val_Average = 4.0741	val_Variance = 207.4760	sd = 14.4040	max = 55	min = 0
[20191121_105854 / lib_ip.py:3836] len(Hs) = 8100, len(Ss) = 8100, len(Vs) = 8100
[20191121_105854 / lib_ip.py:3869] yellow : variance --> out of range (variance = 207.476 / upper = 0.650 / lower = 0.000)
[20191121_105854 / lib_ip.py:3753] file = img.20191121_105850.2019-11-21_03-03-23_000.png.4.png / val_Average = 4.0741	val_Variance = 207.4760	sd = 14.4040	max = 55	min = 0
[20191121_105854 / lib_ip.py:3936] len(Hs) = 8100, len(Ss) = 8100, len(Vs) = 8100
[20191121_105854 / lib_ip.py:3982] red : variance --> out of range (variance = 207.476 / upper = 0.430 / lower = 0.000)
[20191121_105854 / lib_ip.py:3753] file = img.20191121_105850.2019-11-21_03-03-23_000.png.4.png / val_Average = 4.0741	val_Variance = 207.4760	sd = 14.4040	max = 55	min = 0
[20191121_105854 / lib_ip.py:4052] len(Hs) = 8100, len(Ss) = 8100, len(Vs) = 8100
[20191121_105854 / lib_ip.py:4099] green : variance --> out of range (variance = 207.476 / upper = 0.760 / lower = 0.000)
[20191121_105854 / lib_ip.py:3753] file = img.20191121_105850.2019-11-21_03-03-23_000.png.4.png / val_Average = 4.0741	val_Variance = 207.4760	sd = 14.4040	max = 55	min = 0
[20191121_105854 / lib_ip.py:4169] len(Hs) = 8100, len(Ss) = 8100, len(Vs) = 8100
[20191121_105854 / lib_ip.py:4208] blue : variance --> out of range (variance = 207.476 / upper = 0.930 / lower = 0.010)
[20191121_105854 / lib_ip.py:3753] file = img.20191121_105850.2019-11-21_03-03-23_000.png.4.png / val_Average = 4.0741	val_Variance = 207.4760	sd = 14.4040	max = 55	min = 0
[20191121_105854 / lib_ip.py:4275] len(Hs) = 8100, len(Ss) = 8100, len(Vs) = 8100
[20191121_105854 / lib_ip.py:4314] pink : variance --> out of range (variance = 207.476 / upper = 0.750 / lower = 0.030)
[20191121_105854 / lib_ip.py:3753] file = img.20191121_105850.2019-11-21_03-03-23_000.png.4.png / val_Average = 4.0741	val_Variance = 207.4760	sd = 14.4040	max = 55	min = 0
[20191121_105854 / lib_ip.py:4378] len(Hs) = 8100, len(Ss) = 8100, len(Vs) = 8100
[20191121_105854 / lib_ip.py:4422] black : variance --> out of range (variance = 207.476 / upper = 0.000 / lower = 0.000)
[20191121_105854 / lib_ip.py:4593] file : img.20191121_105850.2019-11-21_03-03-23_000.png.4.png 3 (black : variance --> out of range (variance = 207.476 / upper = 0.000 / lower = 0.000))
[20191121_105853 / lib_ip.py:2274] inspecting ===> img.20191121_105850.2019-11-21_03-03-23_000.png.4.png
img.20191121_105850.2019-11-21_03-03-23_000.png.1.png => other
img.20191121_105850.2019-11-21_03-03-23_000.png.2.png => other
img.20191121_105850.2019-11-21_03-03-23_000.png.3.png => other
img.20191121_105850.2019-11-21_03-03-23_000.png.4.png => other
[20191121_105855 lib_ip.py:3301] =============== Get 4 corners
dpath_Images = C:\WORKS_2\WS\WS_Others.Art\JVEMV6\46_art\VIRTUAL\Admin_Projects\ip\images
fname_Image = img.20191121_105850.2019-11-21_03-03-23_000.png.4.png

[20191121_105855 / lib_ip.py:2274] inspecting ===> img.20191121_105855.2019-11-21_09-46-59_000.jpg.1.png
[20191121_105855 / lib_ip.py:4505] 
img.20191121_105855.2019-11-21_09-46-59_000.jpg.1.png 0 ---------------------
[20191121_105855 / lib_ip.py:3753] file = img.20191121_105855.2019-11-21_09-46-59_000.jpg.1.png / val_Average = 102.6702	val_Variance = 6.1260	sd = 2.4751	max = 110	min = 90
[20191121_105855 / lib_ip.py:3836] len(Hs) = 8100, len(Ss) = 8100, len(Vs) = 8100
[20191121_105856 / lib_ip.py:3869] yellow : variance --> out of range (variance = 6.126 / upper = 0.650 / lower = 0.000)
[20191121_105856 / lib_ip.py:3753] file = img.20191121_105855.2019-11-21_09-46-59_000.jpg.1.png / val_Average = 102.6702	val_Variance = 6.1260	sd = 2.4751	max = 110	min = 90
[20191121_105856 / lib_ip.py:3936] len(Hs) = 8100, len(Ss) = 8100, len(Vs) = 8100
[20191121_105856 / lib_ip.py:3982] red : variance --> out of range (variance = 6.126 / upper = 0.430 / lower = 0.000)
[20191121_105856 / lib_ip.py:3753] file = img.20191121_105855.2019-11-21_09-46-59_000.jpg.1.png / val_Average = 102.6702	val_Variance = 6.1260	sd = 2.4751	max = 110	min = 90
[20191121_105856 / lib_ip.py:4052] len(Hs) = 8100, len(Ss) = 8100, len(Vs) = 8100
[20191121_105856 / lib_ip.py:4099] green : variance --> out of range (variance = 6.126 / upper = 0.760 / lower = 0.000)
[20191121_105856 / lib_ip.py:3753] file = img.20191121_105855.2019-11-21_09-46-59_000.jpg.1.png / val_Average = 102.6702	val_Variance = 6.1260	sd = 2.4751	max = 110	min = 90
[20191121_105856 / lib_ip.py:4169] len(Hs) = 8100, len(Ss) = 8100, len(Vs) = 8100
[20191121_105856 / lib_ip.py:4208] blue : variance --> out of range (variance = 6.126 / upper = 0.930 / lower = 0.010)
[20191121_105856 / lib_ip.py:3753] file = img.20191121_105855.2019-11-21_09-46-59_000.jpg.1.png / val_Average = 102.6702	val_Variance = 6.1260	sd = 2.4751	max = 110	min = 90
[20191121_105856 / lib_ip.py:4275] len(Hs) = 8100, len(Ss) = 8100, len(Vs) = 8100
[20191121_105856 / lib_ip.py:4314] pink : variance --> out of range (variance = 6.126 / upper = 0.750 / lower = 0.030)
[20191121_105856 / lib_ip.py:3753] file = img.20191121_105855.2019-11-21_09-46-59_000.jpg.1.png / val_Average = 102.6702	val_Variance = 6.1260	sd = 2.4751	max = 110	min = 90
[20191121_105856 / lib_ip.py:4378] len(Hs) = 8100, len(Ss) = 8100, len(Vs) = 8100
[20191121_105856 / lib_ip.py:4422] black : variance --> out of range (variance = 6.126 / upper = 0.000 / lower = 0.000)
[20191121_105856 / lib_ip.py:4593] file : img.20191121_105855.2019-11-21_09-46-59_000.jpg.1.png 0 (black : variance --> out of range (variance = 6.126 / upper = 0.000 / lower = 0.000))
[20191121_105856 / lib_ip.py:2274] inspecting ===> img.20191121_105855.2019-11-21_09-46-59_000.jpg.2.png
[20191121_105857 / lib_ip.py:4505] 
img.20191121_105855.2019-11-21_09-46-59_000.jpg.2.png 1 ---------------------
[20191121_105857 / lib_ip.py:3753] file = img.20191121_105855.2019-11-21_09-46-59_000.jpg.2.png / val_Average = 18.7619	val_Variance = 61.2600	sd = 7.8269	max = 75	min = 0
[20191121_105857 / lib_ip.py:3836] len(Hs) = 8100, len(Ss) = 8100, len(Vs) = 8100
[20191121_105857 / lib_ip.py:3869] yellow : variance --> out of range (variance = 61.260 / upper = 0.650 / lower = 0.000)
[20191121_105857 / lib_ip.py:3753] file = img.20191121_105855.2019-11-21_09-46-59_000.jpg.2.png / val_Average = 18.7619	val_Variance = 61.2600	sd = 7.8269	max = 75	min = 0
[20191121_105857 / lib_ip.py:3936] len(Hs) = 8100, len(Ss) = 8100, len(Vs) = 8100
[20191121_105857 / lib_ip.py:3982] red : variance --> out of range (variance = 61.260 / upper = 0.430 / lower = 0.000)
[20191121_105857 / lib_ip.py:3753] file = img.20191121_105855.2019-11-21_09-46-59_000.jpg.2.png / val_Average = 18.7619	val_Variance = 61.2600	sd = 7.8269	max = 75	min = 0
[20191121_105857 / lib_ip.py:4052] len(Hs) = 8100, len(Ss) = 8100, len(Vs) = 8100
[20191121_105857 / lib_ip.py:4099] green : variance --> out of range (variance = 61.260 / upper = 0.760 / lower = 0.000)
[20191121_105857 / lib_ip.py:3753] file = img.20191121_105855.2019-11-21_09-46-59_000.jpg.2.png / val_Average = 18.7619	val_Variance = 61.2600	sd = 7.8269	max = 75	min = 0
[20191121_105857 / lib_ip.py:4169] len(Hs) = 8100, len(Ss) = 8100, len(Vs) = 8100
[20191121_105857 / lib_ip.py:4208] blue : variance --> out of range (variance = 61.260 / upper = 0.930 / lower = 0.010)
[20191121_105857 / lib_ip.py:3753] file = img.20191121_105855.2019-11-21_09-46-59_000.jpg.2.png / val_Average = 18.7619	val_Variance = 61.2600	sd = 7.8269	max = 75	min = 0
[20191121_105857 / lib_ip.py:4275] len(Hs) = 8100, len(Ss) = 8100, len(Vs) = 8100
[20191121_105857 / lib_ip.py:4314] pink : variance --> out of range (variance = 61.260 / upper = 0.750 / lower = 0.030)
[20191121_105857 / lib_ip.py:3753] file = img.20191121_105855.2019-11-21_09-46-59_000.jpg.2.png / val_Average = 18.7619	val_Variance = 61.2600	sd = 7.8269	max = 75	min = 0
[20191121_105857 / lib_ip.py:4378] len(Hs) = 8100, len(Ss) = 8100, len(Vs) = 8100
[20191121_105857 / lib_ip.py:4422] black : variance --> out of range (variance = 61.260 / upper = 0.000 / lower = 0.000)
[20191121_105857 / lib_ip.py:4593] file : img.20191121_105855.2019-11-21_09-46-59_000.jpg.2.png 1 (black : variance --> out of range (variance = 61.260 / upper = 0.000 / lower = 0.000))
[20191121_105858 / lib_ip.py:2274] inspecting ===> img.20191121_105855.2019-11-21_09-46-59_000.jpg.3.png
[20191121_105858 / lib_ip.py:4505] 
img.20191121_105855.2019-11-21_09-46-59_000.jpg.3.png 2 ---------------------
[20191121_105858 / lib_ip.py:3753] file = img.20191121_105855.2019-11-21_09-46-59_000.jpg.3.png / val_Average = 100.1351	val_Variance = 1.3795	sd = 1.1745	max = 104	min = 98
[20191121_105858 / lib_ip.py:3836] len(Hs) = 8100, len(Ss) = 8100, len(Vs) = 8100
[20191121_105858 / lib_ip.py:3869] yellow : variance --> out of range (variance = 1.380 / upper = 0.650 / lower = 0.000)
[20191121_105858 / lib_ip.py:3753] file = img.20191121_105855.2019-11-21_09-46-59_000.jpg.3.png / val_Average = 100.1351	val_Variance = 1.3795	sd = 1.1745	max = 104	min = 98
[20191121_105858 / lib_ip.py:3936] len(Hs) = 8100, len(Ss) = 8100, len(Vs) = 8100
[20191121_105858 / lib_ip.py:3982] red : variance --> out of range (variance = 1.380 / upper = 0.430 / lower = 0.000)
[20191121_105858 / lib_ip.py:3753] file = img.20191121_105855.2019-11-21_09-46-59_000.jpg.3.png / val_Average = 100.1351	val_Variance = 1.3795	sd = 1.1745	max = 104	min = 98
[20191121_105858 / lib_ip.py:4052] len(Hs) = 8100, len(Ss) = 8100, len(Vs) = 8100
[20191121_105858 / lib_ip.py:4099] green : variance --> out of range (variance = 1.380 / upper = 0.760 / lower = 0.000)
[20191121_105858 / lib_ip.py:3753] file = img.20191121_105855.2019-11-21_09-46-59_000.jpg.3.png / val_Average = 100.1351	val_Variance = 1.3795	sd = 1.1745	max = 104	min = 98
[20191121_105858 / lib_ip.py:4169] len(Hs) = 8100, len(Ss) = 8100, len(Vs) = 8100
[20191121_105859 / lib_ip.py:4208] blue : variance --> out of range (variance = 1.380 / upper = 0.930 / lower = 0.010)
[20191121_105859 / lib_ip.py:3753] file = img.20191121_105855.2019-11-21_09-46-59_000.jpg.3.png / val_Average = 100.1351	val_Variance = 1.3795	sd = 1.1745	max = 104	min = 98
[20191121_105859 / lib_ip.py:4275] len(Hs) = 8100, len(Ss) = 8100, len(Vs) = 8100
[20191121_105859 / lib_ip.py:4314] pink : variance --> out of range (variance = 1.380 / upper = 0.750 / lower = 0.030)
[20191121_105859 / lib_ip.py:3753] file = img.20191121_105855.2019-11-21_09-46-59_000.jpg.3.png / val_Average = 100.1351	val_Variance = 1.3795	sd = 1.1745	max = 104	min = 98
[20191121_105859 / lib_ip.py:4378] len(Hs) = 8100, len(Ss) = 8100, len(Vs) = 8100
[20191121_105859 / lib_ip.py:4422] black : variance --> out of range (variance = 1.380 / upper = 0.000 / lower = 0.000)
[20191121_105859 / lib_ip.py:4593] file : img.20191121_105855.2019-11-21_09-46-59_000.jpg.3.png 2 (black : variance --> out of range (variance = 1.380 / upper = 0.000 / lower = 0.000))
[20191121_105859 / lib_ip.py:2274] inspecting ===> img.20191121_105855.2019-11-21_09-46-59_000.jpg.4.png
[20191121_105859 / lib_ip.py:4505] 
img.20191121_105855.2019-11-21_09-46-59_000.jpg.4.png 3 ---------------------
[20191121_105859 / lib_ip.py:3753] file = img.20191121_105855.2019-11-21_09-46-59_000.jpg.4.png / val_Average = 100.0765	val_Variance = 0.8981	sd = 0.9477	max = 102	min = 98
[20191121_105859 / lib_ip.py:3836] len(Hs) = 8100, len(Ss) = 8100, len(Vs) = 8100
[20191121_105859 / lib_ip.py:3869] yellow : variance --> out of range (variance = 0.898 / upper = 0.650 / lower = 0.000)
[20191121_105859 / lib_ip.py:3753] file = img.20191121_105855.2019-11-21_09-46-59_000.jpg.4.png / val_Average = 100.0765	val_Variance = 0.8981	sd = 0.9477	max = 102	min = 98
[20191121_105859 / lib_ip.py:3936] len(Hs) = 8100, len(Ss) = 8100, len(Vs) = 8100
[20191121_105859 / lib_ip.py:3982] red : variance --> out of range (variance = 0.898 / upper = 0.430 / lower = 0.000)
[20191121_105859 / lib_ip.py:3753] file = img.20191121_105855.2019-11-21_09-46-59_000.jpg.4.png / val_Average = 100.0765	val_Variance = 0.8981	sd = 0.9477	max = 102	min = 98
[20191121_105859 / lib_ip.py:4052] len(Hs) = 8100, len(Ss) = 8100, len(Vs) = 8100
[20191121_105900 / lib_ip.py:4099] green : variance --> out of range (variance = 0.898 / upper = 0.760 / lower = 0.000)
[20191121_105900 / lib_ip.py:3753] file = img.20191121_105855.2019-11-21_09-46-59_000.jpg.4.png / val_Average = 100.0765	val_Variance = 0.8981	sd = 0.9477	max = 102	min = 98
[20191121_105900 / lib_ip.py:4169] len(Hs) = 8100, len(Ss) = 8100, len(Vs) = 8100
[20191121_105900 / lib_ip.py:4230] blue : average --> out of range (average = 100.077 / upper = 17.000 / lower = 8.850)
[20191121_105900 / lib_ip.py:3753] file = img.20191121_105855.2019-11-21_09-46-59_000.jpg.4.png / val_Average = 100.0765	val_Variance = 0.8981	sd = 0.9477	max = 102	min = 98
[20191121_105900 / lib_ip.py:4275] len(Hs) = 8100, len(Ss) = 8100, len(Vs) = 8100
[20191121_105900 / lib_ip.py:4314] pink : variance --> out of range (variance = 0.898 / upper = 0.750 / lower = 0.030)
[20191121_105900 / lib_ip.py:3753] file = img.20191121_105855.2019-11-21_09-46-59_000.jpg.4.png / val_Average = 100.0765	val_Variance = 0.8981	sd = 0.9477	max = 102	min = 98
[20191121_105900 / lib_ip.py:4378] len(Hs) = 8100, len(Ss) = 8100, len(Vs) = 8100
[20191121_105900 / lib_ip.py:4422] black : variance --> out of range (variance = 0.898 / upper = 0.000 / lower = 0.000)
[20191121_105900 / lib_ip.py:4593] file : img.20191121_105855.2019-11-21_09-46-59_000.jpg.4.png 3 (black : variance --> out of range (variance = 0.898 / upper = 0.000 / lower = 0.000))
[20191121_105859 / lib_ip.py:2274] inspecting ===> img.20191121_105855.2019-11-21_09-46-59_000.jpg.4.png
img.20191121_105855.2019-11-21_09-46-59_000.jpg.1.png => other
img.20191121_105855.2019-11-21_09-46-59_000.jpg.2.png => other
img.20191121_105855.2019-11-21_09-46-59_000.jpg.3.png => other
img.20191121_105855.2019-11-21_09-46-59_000.jpg.4.png => other
[20191121_105900 lib_ip.py:3301] =============== Get 4 corners
dpath_Images = C:\WORKS_2\WS\WS_Others.Art\JVEMV6\46_art\VIRTUAL\Admin_Projects\ip\images
fname_Image = img.20191121_105855.2019-11-21_09-46-59_000.jpg.4.png

[20191121_105901 / lib_ip.py:2274] inspecting ===> img.20191121_105901.2019-11-21_10-43-29_000.jpg.1.png
[20191121_105901 / lib_ip.py:4505] 
img.20191121_105901.2019-11-21_10-43-29_000.jpg.1.png 0 ---------------------
[20191121_105901 / lib_ip.py:3753] file = img.20191121_105901.2019-11-21_10-43-29_000.jpg.1.png / val_Average = 107.7437	val_Variance = 29.2467	sd = 5.4080	max = 135	min = 70
[20191121_105901 / lib_ip.py:3836] len(Hs) = 8100, len(Ss) = 8100, len(Vs) = 8100
[20191121_105901 / lib_ip.py:3869] yellow : variance --> out of range (variance = 29.247 / upper = 0.650 / lower = 0.000)
[20191121_105901 / lib_ip.py:3753] file = img.20191121_105901.2019-11-21_10-43-29_000.jpg.1.png / val_Average = 107.7437	val_Variance = 29.2467	sd = 5.4080	max = 135	min = 70
[20191121_105901 / lib_ip.py:3936] len(Hs) = 8100, len(Ss) = 8100, len(Vs) = 8100
[20191121_105901 / lib_ip.py:3982] red : variance --> out of range (variance = 29.247 / upper = 0.430 / lower = 0.000)
[20191121_105901 / lib_ip.py:3753] file = img.20191121_105901.2019-11-21_10-43-29_000.jpg.1.png / val_Average = 107.7437	val_Variance = 29.2467	sd = 5.4080	max = 135	min = 70
[20191121_105901 / lib_ip.py:4052] len(Hs) = 8100, len(Ss) = 8100, len(Vs) = 8100
[20191121_105901 / lib_ip.py:4099] green : variance --> out of range (variance = 29.247 / upper = 0.760 / lower = 0.000)
[20191121_105901 / lib_ip.py:3753] file = img.20191121_105901.2019-11-21_10-43-29_000.jpg.1.png / val_Average = 107.7437	val_Variance = 29.2467	sd = 5.4080	max = 135	min = 70
[20191121_105901 / lib_ip.py:4169] len(Hs) = 8100, len(Ss) = 8100, len(Vs) = 8100
[20191121_105902 / lib_ip.py:4208] blue : variance --> out of range (variance = 29.247 / upper = 0.930 / lower = 0.010)
[20191121_105902 / lib_ip.py:3753] file = img.20191121_105901.2019-11-21_10-43-29_000.jpg.1.png / val_Average = 107.7437	val_Variance = 29.2467	sd = 5.4080	max = 135	min = 70
[20191121_105902 / lib_ip.py:4275] len(Hs) = 8100, len(Ss) = 8100, len(Vs) = 8100
[20191121_105902 / lib_ip.py:4314] pink : variance --> out of range (variance = 29.247 / upper = 0.750 / lower = 0.030)
[20191121_105902 / lib_ip.py:3753] file = img.20191121_105901.2019-11-21_10-43-29_000.jpg.1.png / val_Average = 107.7437	val_Variance = 29.2467	sd = 5.4080	max = 135	min = 70
[20191121_105902 / lib_ip.py:4378] len(Hs) = 8100, len(Ss) = 8100, len(Vs) = 8100
[20191121_105902 / lib_ip.py:4422] black : variance --> out of range (variance = 29.247 / upper = 0.000 / lower = 0.000)
[20191121_105902 / lib_ip.py:4593] file : img.20191121_105901.2019-11-21_10-43-29_000.jpg.1.png 0 (black : variance --> out of range (variance = 29.247 / upper = 0.000 / lower = 0.000))
[20191121_105902 / lib_ip.py:2274] inspecting ===> img.20191121_105901.2019-11-21_10-43-29_000.jpg.2.png
[20191121_105902 / lib_ip.py:4505] 
img.20191121_105901.2019-11-21_10-43-29_000.jpg.2.png 1 ---------------------
[20191121_105902 / lib_ip.py:3753] file = img.20191121_105901.2019-11-21_10-43-29_000.jpg.2.png / val_Average = 7.7488	val_Variance = 2.6281	sd = 1.6211	max = 14	min = 0
[20191121_105902 / lib_ip.py:3836] len(Hs) = 8100, len(Ss) = 8100, len(Vs) = 8100
[20191121_105902 / lib_ip.py:3869] yellow : variance --> out of range (variance = 2.628 / upper = 0.650 / lower = 0.000)
[20191121_105902 / lib_ip.py:3753] file = img.20191121_105901.2019-11-21_10-43-29_000.jpg.2.png / val_Average = 7.7488	val_Variance = 2.6281	sd = 1.6211	max = 14	min = 0
[20191121_105902 / lib_ip.py:3936] len(Hs) = 8100, len(Ss) = 8100, len(Vs) = 8100
[20191121_105902 / lib_ip.py:3982] red : variance --> out of range (variance = 2.628 / upper = 0.430 / lower = 0.000)
[20191121_105903 / lib_ip.py:3753] file = img.20191121_105901.2019-11-21_10-43-29_000.jpg.2.png / val_Average = 7.7488	val_Variance = 2.6281	sd = 1.6211	max = 14	min = 0
[20191121_105903 / lib_ip.py:4052] len(Hs) = 8100, len(Ss) = 8100, len(Vs) = 8100
[20191121_105903 / lib_ip.py:4099] green : variance --> out of range (variance = 2.628 / upper = 0.760 / lower = 0.000)
[20191121_105903 / lib_ip.py:3753] file = img.20191121_105901.2019-11-21_10-43-29_000.jpg.2.png / val_Average = 7.7488	val_Variance = 2.6281	sd = 1.6211	max = 14	min = 0
[20191121_105903 / lib_ip.py:4169] len(Hs) = 8100, len(Ss) = 8100, len(Vs) = 8100
[20191121_105903 / lib_ip.py:4208] blue : variance --> out of range (variance = 2.628 / upper = 0.930 / lower = 0.010)
[20191121_105903 / lib_ip.py:3753] file = img.20191121_105901.2019-11-21_10-43-29_000.jpg.2.png / val_Average = 7.7488	val_Variance = 2.6281	sd = 1.6211	max = 14	min = 0
[20191121_105903 / lib_ip.py:4275] len(Hs) = 8100, len(Ss) = 8100, len(Vs) = 8100
[20191121_105903 / lib_ip.py:4314] pink : variance --> out of range (variance = 2.628 / upper = 0.750 / lower = 0.030)
[20191121_105903 / lib_ip.py:3753] file = img.20191121_105901.2019-11-21_10-43-29_000.jpg.2.png / val_Average = 7.7488	val_Variance = 2.6281	sd = 1.6211	max = 14	min = 0
[20191121_105903 / lib_ip.py:4378] len(Hs) = 8100, len(Ss) = 8100, len(Vs) = 8100
[20191121_105903 / lib_ip.py:4422] black : variance --> out of range (variance = 2.628 / upper = 0.000 / lower = 0.000)
[20191121_105903 / lib_ip.py:4593] file : img.20191121_105901.2019-11-21_10-43-29_000.jpg.2.png 1 (black : variance --> out of range (variance = 2.628 / upper = 0.000 / lower = 0.000))
[20191121_105903 / lib_ip.py:2274] inspecting ===> img.20191121_105901.2019-11-21_10-43-29_000.jpg.3.png
[20191121_105903 / lib_ip.py:4505] 
img.20191121_105901.2019-11-21_10-43-29_000.jpg.3.png 2 ---------------------
[20191121_105903 / lib_ip.py:3753] file = img.20191121_105901.2019-11-21_10-43-29_000.jpg.3.png / val_Average = 75.0664	val_Variance = 0.0726	sd = 0.2695	max = 76	min = 74
[20191121_105903 / lib_ip.py:3836] len(Hs) = 8100, len(Ss) = 8100, len(Vs) = 8100
[20191121_105904 / lib_ip.py:3891] yellow : average --> out of range (average = 75.066 / upper = 99.200 / lower = 85.500)
[20191121_105904 / lib_ip.py:3753] file = img.20191121_105901.2019-11-21_10-43-29_000.jpg.3.png / val_Average = 75.0664	val_Variance = 0.0726	sd = 0.2695	max = 76	min = 74
[20191121_105904 / lib_ip.py:3936] len(Hs) = 8100, len(Ss) = 8100, len(Vs) = 8100
[20191121_105904 / lib_ip.py:4007] red : average --> out of range (average = 75.066 / upper = 124.600 / lower = 115.000)
[20191121_105904 / lib_ip.py:3753] file = img.20191121_105901.2019-11-21_10-43-29_000.jpg.3.png / val_Average = 75.0664	val_Variance = 0.0726	sd = 0.2695	max = 76	min = 74
[20191121_105904 / lib_ip.py:4052] len(Hs) = 8100, len(Ss) = 8100, len(Vs) = 8100
[20191121_105904 / lib_ip.py:2274] inspecting ===> img.20191121_105901.2019-11-21_10-43-29_000.jpg.4.png
[20191121_105904 / lib_ip.py:4505] 
img.20191121_105901.2019-11-21_10-43-29_000.jpg.4.png 3 ---------------------
[20191121_105904 / lib_ip.py:3753] file = img.20191121_105901.2019-11-21_10-43-29_000.jpg.4.png / val_Average = 75.1862	val_Variance = 0.1695	sd = 0.4117	max = 76	min = 74
[20191121_105904 / lib_ip.py:3836] len(Hs) = 8100, len(Ss) = 8100, len(Vs) = 8100
[20191121_105904 / lib_ip.py:3891] yellow : average --> out of range (average = 75.186 / upper = 99.200 / lower = 85.500)
[20191121_105904 / lib_ip.py:3753] file = img.20191121_105901.2019-11-21_10-43-29_000.jpg.4.png / val_Average = 75.1862	val_Variance = 0.1695	sd = 0.4117	max = 76	min = 74
[20191121_105904 / lib_ip.py:3936] len(Hs) = 8100, len(Ss) = 8100, len(Vs) = 8100
[20191121_105904 / lib_ip.py:4007] red : average --> out of range (average = 75.186 / upper = 124.600 / lower = 115.000)
[20191121_105904 / lib_ip.py:3753] file = img.20191121_105901.2019-11-21_10-43-29_000.jpg.4.png / val_Average = 75.1862	val_Variance = 0.1695	sd = 0.4117	max = 76	min = 74
[20191121_105904 / lib_ip.py:4052] len(Hs) = 8100, len(Ss) = 8100, len(Vs) = 8100
[20191121_105904 / lib_ip.py:2274] inspecting ===> img.20191121_105901.2019-11-21_10-43-29_000.jpg.4.png
img.20191121_105901.2019-11-21_10-43-29_000.jpg.1.png => other
img.20191121_105901.2019-11-21_10-43-29_000.jpg.2.png => other
img.20191121_105901.2019-11-21_10-43-29_000.jpg.3.png => other
img.20191121_105901.2019-11-21_10-43-29_000.jpg.4.png => other
[20191121_105905 lib_ip.py:3301] =============== Get 4 corners
dpath_Images = C:\WORKS_2\WS\WS_Others.Art\JVEMV6\46_art\VIRTUAL\Admin_Projects\ip\images
fname_Image = img.20191121_105901.2019-11-21_10-43-29_000.jpg.4.png

[20191121_105905 / views.py:1411] gen csv => complete (20191121_105905)(elapsed = 45.377 sec / 9 files / 5.042 sec per file)
1)	2019-11-20_09-56-05_000.jpg => 	green other green other 
2)	2019-11-20_10-40-12_000.jpg => 	yellow other other other 
3)	2019-11-20_14-40-43_000.jpg => 	other blue other other 
4)	2019-11-20_14-41-00_000.jpg => 	other other other blue 
5)	2019-11-20_18-38-38_000.jpg => 	other other other red 
6)	2019-11-20_20-32-05_000.jpg => 	yellow other other other 
7)	2019-11-21_03-03-23_000.png => 	black black black other 
8)	2019-11-21_09-46-59_000.jpg => 	other other other other 
9)	2019-11-21_10-43-29_000.jpg => 	other other green green 
[20191121_105905 / views.py:1753] lo_ColorName_Set__Modified_2 =>
1)	2019-11-20_09-56-05_000.jpg => 	g g o o 
2)	2019-11-20_10-40-12_000.jpg => 	o o o y 
3)	2019-11-20_14-40-43_000.jpg => 	b o o o 
4)	2019-11-20_14-41-00_000.jpg => 	b o o o 
5)	2019-11-20_18-38-38_000.jpg => 	o o o r 
6)	2019-11-20_20-32-05_000.jpg => 	o o o y 
7)	2019-11-21_03-03-23_000.png => 	a a a o 
8)	2019-11-21_09-46-59_000.jpg => 	o o o o 
9)	2019-11-21_10-43-29_000.jpg => 	g g o o 
[20191121_105905 / lib_ip.py:4789] no key 'GPSInfo' for file : C:\WORKS_2\WS\WS_Others.Art\JVEMV6\46_art\VIRTUAL\Admin_Projects\ip\images\2019-11-21_03-03-23_000.png
[20191121_105905 / views.py:1839] gen_Cake_CSV(request) ==> ending... =======================//

