[20191117_092526 / views.py:1822] gen_Cake_CSV(request) ==> starting... =======================
[20191117_092529 / lib_ip.py:2274] inspecting ===> img.20191117_092528.2019-11-16_13-25-28_000.jpg.1.png
[20191117_092529 / lib_ip.py:4505] 
img.20191117_092528.2019-11-16_13-25-28_000.jpg.1.png 0 ---------------------
[20191117_092529 / lib_ip.py:3753] file = img.20191117_092528.2019-11-16_13-25-28_000.jpg.1.png / val_Average = 73.1768	val_Variance = 0.1495	sd = 0.3866	max = 74	min = 72
[20191117_092529 / lib_ip.py:3836] len(Hs) = 8100, len(Ss) = 8100, len(Vs) = 8100
[20191117_092529 / lib_ip.py:3891] yellow : average --> out of range (average = 73.177 / upper = 99.200 / lower = 85.500)
[20191117_092529 / lib_ip.py:3753] file = img.20191117_092528.2019-11-16_13-25-28_000.jpg.1.png / val_Average = 73.1768	val_Variance = 0.1495	sd = 0.3866	max = 74	min = 72
[20191117_092530 / lib_ip.py:3936] len(Hs) = 8100, len(Ss) = 8100, len(Vs) = 8100
[20191117_092530 / lib_ip.py:4007] red : average --> out of range (average = 73.177 / upper = 124.600 / lower = 115.000)
[20191117_092530 / lib_ip.py:3753] file = img.20191117_092528.2019-11-16_13-25-28_000.jpg.1.png / val_Average = 73.1768	val_Variance = 0.1495	sd = 0.3866	max = 74	min = 72
[20191117_092530 / lib_ip.py:4052] len(Hs) = 8100, len(Ss) = 8100, len(Vs) = 8100
[20191117_092530 / lib_ip.py:2274] inspecting ===> img.20191117_092528.2019-11-16_13-25-28_000.jpg.2.png
[20191117_092530 / lib_ip.py:4505] 
img.20191117_092528.2019-11-16_13-25-28_000.jpg.2.png 1 ---------------------
[20191117_092531 / lib_ip.py:3753] file = img.20191117_092528.2019-11-16_13-25-28_000.jpg.2.png / val_Average = 72.9874	val_Variance = 0.0164	sd = 0.1280	max = 74	min = 72
[20191117_092531 / lib_ip.py:3836] len(Hs) = 8100, len(Ss) = 8100, len(Vs) = 8100
[20191117_092531 / lib_ip.py:3891] yellow : average --> out of range (average = 72.987 / upper = 99.200 / lower = 85.500)
[20191117_092531 / lib_ip.py:3753] file = img.20191117_092528.2019-11-16_13-25-28_000.jpg.2.png / val_Average = 72.9874	val_Variance = 0.0164	sd = 0.1280	max = 74	min = 72
[20191117_092531 / lib_ip.py:3936] len(Hs) = 8100, len(Ss) = 8100, len(Vs) = 8100
[20191117_092531 / lib_ip.py:4007] red : average --> out of range (average = 72.987 / upper = 124.600 / lower = 115.000)
[20191117_092531 / lib_ip.py:3753] file = img.20191117_092528.2019-11-16_13-25-28_000.jpg.2.png / val_Average = 72.9874	val_Variance = 0.0164	sd = 0.1280	max = 74	min = 72
[20191117_092531 / lib_ip.py:4052] len(Hs) = 8100, len(Ss) = 8100, len(Vs) = 8100
[20191117_092531 / lib_ip.py:2274] inspecting ===> img.20191117_092528.2019-11-16_13-25-28_000.jpg.3.png
[20191117_092532 / lib_ip.py:4505] 
img.20191117_092528.2019-11-16_13-25-28_000.jpg.3.png 2 ---------------------
[20191117_092532 / lib_ip.py:3753] file = img.20191117_092528.2019-11-16_13-25-28_000.jpg.3.png / val_Average = 31.7212	val_Variance = 697.0053	sd = 26.4009	max = 175	min = 0
[20191117_092532 / lib_ip.py:3836] len(Hs) = 8100, len(Ss) = 8100, len(Vs) = 8100
[20191117_092532 / lib_ip.py:3869] yellow : variance --> out of range (variance = 697.005 / upper = 0.650 / lower = 0.000)
[20191117_092532 / lib_ip.py:3753] file = img.20191117_092528.2019-11-16_13-25-28_000.jpg.3.png / val_Average = 31.7212	val_Variance = 697.0053	sd = 26.4009	max = 175	min = 0
[20191117_092532 / lib_ip.py:3936] len(Hs) = 8100, len(Ss) = 8100, len(Vs) = 8100
[20191117_092532 / lib_ip.py:3982] red : variance --> out of range (variance = 697.005 / upper = 0.430 / lower = 0.000)
[20191117_092532 / lib_ip.py:3753] file = img.20191117_092528.2019-11-16_13-25-28_000.jpg.3.png / val_Average = 31.7212	val_Variance = 697.0053	sd = 26.4009	max = 175	min = 0
[20191117_092532 / lib_ip.py:4052] len(Hs) = 8100, len(Ss) = 8100, len(Vs) = 8100
[20191117_092532 / lib_ip.py:4099] green : variance --> out of range (variance = 697.005 / upper = 0.760 / lower = 0.000)
[20191117_092532 / lib_ip.py:3753] file = img.20191117_092528.2019-11-16_13-25-28_000.jpg.3.png / val_Average = 31.7212	val_Variance = 697.0053	sd = 26.4009	max = 175	min = 0
[20191117_092532 / lib_ip.py:4169] len(Hs) = 8100, len(Ss) = 8100, len(Vs) = 8100
[20191117_092532 / lib_ip.py:4208] blue : variance --> out of range (variance = 697.005 / upper = 0.930 / lower = 0.010)
[20191117_092532 / lib_ip.py:3753] file = img.20191117_092528.2019-11-16_13-25-28_000.jpg.3.png / val_Average = 31.7212	val_Variance = 697.0053	sd = 26.4009	max = 175	min = 0
[20191117_092533 / lib_ip.py:4275] len(Hs) = 8100, len(Ss) = 8100, len(Vs) = 8100
[20191117_092533 / lib_ip.py:4314] pink : variance --> out of range (variance = 697.005 / upper = 0.750 / lower = 0.030)
[20191117_092533 / lib_ip.py:3753] file = img.20191117_092528.2019-11-16_13-25-28_000.jpg.3.png / val_Average = 31.7212	val_Variance = 697.0053	sd = 26.4009	max = 175	min = 0
[20191117_092533 / lib_ip.py:4378] len(Hs) = 8100, len(Ss) = 8100, len(Vs) = 8100
[20191117_092533 / lib_ip.py:4422] black : variance --> out of range (variance = 697.005 / upper = 0.000 / lower = 0.000)
[20191117_092533 / lib_ip.py:4593] file : img.20191117_092528.2019-11-16_13-25-28_000.jpg.3.png 2 (black : variance --> out of range (variance = 697.005 / upper = 0.000 / lower = 0.000))
[20191117_092533 / lib_ip.py:2274] inspecting ===> img.20191117_092528.2019-11-16_13-25-28_000.jpg.4.png
[20191117_092534 / lib_ip.py:4505] 
img.20191117_092528.2019-11-16_13-25-28_000.jpg.4.png 3 ---------------------
[20191117_092534 / lib_ip.py:3753] file = img.20191117_092528.2019-11-16_13-25-28_000.jpg.4.png / val_Average = 116.2346	val_Variance = 8.7119	sd = 2.9516	max = 126	min = 107
[20191117_092534 / lib_ip.py:3836] len(Hs) = 8100, len(Ss) = 8100, len(Vs) = 8100
[20191117_092534 / lib_ip.py:3869] yellow : variance --> out of range (variance = 8.712 / upper = 0.650 / lower = 0.000)
[20191117_092534 / lib_ip.py:3753] file = img.20191117_092528.2019-11-16_13-25-28_000.jpg.4.png / val_Average = 116.2346	val_Variance = 8.7119	sd = 2.9516	max = 126	min = 107
[20191117_092534 / lib_ip.py:3936] len(Hs) = 8100, len(Ss) = 8100, len(Vs) = 8100
[20191117_092534 / lib_ip.py:3982] red : variance --> out of range (variance = 8.712 / upper = 0.430 / lower = 0.000)
[20191117_092534 / lib_ip.py:3753] file = img.20191117_092528.2019-11-16_13-25-28_000.jpg.4.png / val_Average = 116.2346	val_Variance = 8.7119	sd = 2.9516	max = 126	min = 107
[20191117_092534 / lib_ip.py:4052] len(Hs) = 8100, len(Ss) = 8100, len(Vs) = 8100
[20191117_092534 / lib_ip.py:4099] green : variance --> out of range (variance = 8.712 / upper = 0.760 / lower = 0.000)
[20191117_092535 / lib_ip.py:3753] file = img.20191117_092528.2019-11-16_13-25-28_000.jpg.4.png / val_Average = 116.2346	val_Variance = 8.7119	sd = 2.9516	max = 126	min = 107
[20191117_092535 / lib_ip.py:4169] len(Hs) = 8100, len(Ss) = 8100, len(Vs) = 8100
[20191117_092535 / lib_ip.py:4208] blue : variance --> out of range (variance = 8.712 / upper = 0.930 / lower = 0.010)
[20191117_092535 / lib_ip.py:3753] file = img.20191117_092528.2019-11-16_13-25-28_000.jpg.4.png / val_Average = 116.2346	val_Variance = 8.7119	sd = 2.9516	max = 126	min = 107
[20191117_092535 / lib_ip.py:4275] len(Hs) = 8100, len(Ss) = 8100, len(Vs) = 8100
[20191117_092535 / lib_ip.py:4314] pink : variance --> out of range (variance = 8.712 / upper = 0.750 / lower = 0.030)
[20191117_092535 / lib_ip.py:3753] file = img.20191117_092528.2019-11-16_13-25-28_000.jpg.4.png / val_Average = 116.2346	val_Variance = 8.7119	sd = 2.9516	max = 126	min = 107
[20191117_092535 / lib_ip.py:4378] len(Hs) = 8100, len(Ss) = 8100, len(Vs) = 8100
[20191117_092535 / lib_ip.py:4422] black : variance --> out of range (variance = 8.712 / upper = 0.000 / lower = 0.000)
[20191117_092535 / lib_ip.py:4593] file : img.20191117_092528.2019-11-16_13-25-28_000.jpg.4.png 3 (black : variance --> out of range (variance = 8.712 / upper = 0.000 / lower = 0.000))
[20191117_092533 / lib_ip.py:2274] inspecting ===> img.20191117_092528.2019-11-16_13-25-28_000.jpg.4.png
img.20191117_092528.2019-11-16_13-25-28_000.jpg.1.png => other
img.20191117_092528.2019-11-16_13-25-28_000.jpg.2.png => other
img.20191117_092528.2019-11-16_13-25-28_000.jpg.3.png => other
img.20191117_092528.2019-11-16_13-25-28_000.jpg.4.png => other
[20191117_092535 lib_ip.py:3301] =============== Get 4 corners
dpath_Images = C:\WORKS_2\WS\WS_Others.Art\JVEMV6\46_art\VIRTUAL\Admin_Projects\ip\images
fname_Image = img.20191117_092528.2019-11-16_13-25-28_000.jpg.4.png

[20191117_092536 / lib_ip.py:2274] inspecting ===> img.20191117_092536.2019-11-16_15-17-15_000.jpg.1.png
[20191117_092537 / lib_ip.py:4505] 
img.20191117_092536.2019-11-16_15-17-15_000.jpg.1.png 0 ---------------------
[20191117_092537 / lib_ip.py:3753] file = img.20191117_092536.2019-11-16_15-17-15_000.jpg.1.png / val_Average = 108.3698	val_Variance = 2.4948	sd = 1.5795	max = 115	min = 104
[20191117_092537 / lib_ip.py:3836] len(Hs) = 8100, len(Ss) = 8100, len(Vs) = 8100
[20191117_092537 / lib_ip.py:3869] yellow : variance --> out of range (variance = 2.495 / upper = 0.650 / lower = 0.000)
[20191117_092537 / lib_ip.py:3753] file = img.20191117_092536.2019-11-16_15-17-15_000.jpg.1.png / val_Average = 108.3698	val_Variance = 2.4948	sd = 1.5795	max = 115	min = 104
[20191117_092537 / lib_ip.py:3936] len(Hs) = 8100, len(Ss) = 8100, len(Vs) = 8100
[20191117_092537 / lib_ip.py:3982] red : variance --> out of range (variance = 2.495 / upper = 0.430 / lower = 0.000)
[20191117_092537 / lib_ip.py:3753] file = img.20191117_092536.2019-11-16_15-17-15_000.jpg.1.png / val_Average = 108.3698	val_Variance = 2.4948	sd = 1.5795	max = 115	min = 104
[20191117_092537 / lib_ip.py:4052] len(Hs) = 8100, len(Ss) = 8100, len(Vs) = 8100
[20191117_092538 / lib_ip.py:4099] green : variance --> out of range (variance = 2.495 / upper = 0.760 / lower = 0.000)
[20191117_092538 / lib_ip.py:3753] file = img.20191117_092536.2019-11-16_15-17-15_000.jpg.1.png / val_Average = 108.3698	val_Variance = 2.4948	sd = 1.5795	max = 115	min = 104
[20191117_092538 / lib_ip.py:4169] len(Hs) = 8100, len(Ss) = 8100, len(Vs) = 8100
[20191117_092538 / lib_ip.py:4208] blue : variance --> out of range (variance = 2.495 / upper = 0.930 / lower = 0.010)
[20191117_092538 / lib_ip.py:3753] file = img.20191117_092536.2019-11-16_15-17-15_000.jpg.1.png / val_Average = 108.3698	val_Variance = 2.4948	sd = 1.5795	max = 115	min = 104
[20191117_092538 / lib_ip.py:4275] len(Hs) = 8100, len(Ss) = 8100, len(Vs) = 8100
[20191117_092538 / lib_ip.py:4314] pink : variance --> out of range (variance = 2.495 / upper = 0.750 / lower = 0.030)
[20191117_092538 / lib_ip.py:3753] file = img.20191117_092536.2019-11-16_15-17-15_000.jpg.1.png / val_Average = 108.3698	val_Variance = 2.4948	sd = 1.5795	max = 115	min = 104
[20191117_092538 / lib_ip.py:4378] len(Hs) = 8100, len(Ss) = 8100, len(Vs) = 8100
[20191117_092538 / lib_ip.py:4422] black : variance --> out of range (variance = 2.495 / upper = 0.000 / lower = 0.000)
[20191117_092538 / lib_ip.py:4593] file : img.20191117_092536.2019-11-16_15-17-15_000.jpg.1.png 0 (black : variance --> out of range (variance = 2.495 / upper = 0.000 / lower = 0.000))
[20191117_092538 / lib_ip.py:2274] inspecting ===> img.20191117_092536.2019-11-16_15-17-15_000.jpg.2.png
[20191117_092539 / lib_ip.py:4505] 
img.20191117_092536.2019-11-16_15-17-15_000.jpg.2.png 1 ---------------------
[20191117_092539 / lib_ip.py:3753] file = img.20191117_092536.2019-11-16_15-17-15_000.jpg.2.png / val_Average = 101.3674	val_Variance = 16.2117	sd = 4.0264	max = 120	min = 84
[20191117_092539 / lib_ip.py:3836] len(Hs) = 8100, len(Ss) = 8100, len(Vs) = 8100
[20191117_092539 / lib_ip.py:3869] yellow : variance --> out of range (variance = 16.212 / upper = 0.650 / lower = 0.000)
[20191117_092539 / lib_ip.py:3753] file = img.20191117_092536.2019-11-16_15-17-15_000.jpg.2.png / val_Average = 101.3674	val_Variance = 16.2117	sd = 4.0264	max = 120	min = 84
[20191117_092539 / lib_ip.py:3936] len(Hs) = 8100, len(Ss) = 8100, len(Vs) = 8100
[20191117_092539 / lib_ip.py:3982] red : variance --> out of range (variance = 16.212 / upper = 0.430 / lower = 0.000)
[20191117_092539 / lib_ip.py:3753] file = img.20191117_092536.2019-11-16_15-17-15_000.jpg.2.png / val_Average = 101.3674	val_Variance = 16.2117	sd = 4.0264	max = 120	min = 84
[20191117_092540 / lib_ip.py:4052] len(Hs) = 8100, len(Ss) = 8100, len(Vs) = 8100
[20191117_092540 / lib_ip.py:4099] green : variance --> out of range (variance = 16.212 / upper = 0.760 / lower = 0.000)
[20191117_092540 / lib_ip.py:3753] file = img.20191117_092536.2019-11-16_15-17-15_000.jpg.2.png / val_Average = 101.3674	val_Variance = 16.2117	sd = 4.0264	max = 120	min = 84
[20191117_092540 / lib_ip.py:4169] len(Hs) = 8100, len(Ss) = 8100, len(Vs) = 8100
[20191117_092540 / lib_ip.py:4208] blue : variance --> out of range (variance = 16.212 / upper = 0.930 / lower = 0.010)
[20191117_092540 / lib_ip.py:3753] file = img.20191117_092536.2019-11-16_15-17-15_000.jpg.2.png / val_Average = 101.3674	val_Variance = 16.2117	sd = 4.0264	max = 120	min = 84
[20191117_092540 / lib_ip.py:4275] len(Hs) = 8100, len(Ss) = 8100, len(Vs) = 8100
[20191117_092540 / lib_ip.py:4314] pink : variance --> out of range (variance = 16.212 / upper = 0.750 / lower = 0.030)
[20191117_092540 / lib_ip.py:3753] file = img.20191117_092536.2019-11-16_15-17-15_000.jpg.2.png / val_Average = 101.3674	val_Variance = 16.2117	sd = 4.0264	max = 120	min = 84
[20191117_092540 / lib_ip.py:4378] len(Hs) = 8100, len(Ss) = 8100, len(Vs) = 8100
[20191117_092540 / lib_ip.py:4422] black : variance --> out of range (variance = 16.212 / upper = 0.000 / lower = 0.000)
[20191117_092540 / lib_ip.py:4593] file : img.20191117_092536.2019-11-16_15-17-15_000.jpg.2.png 1 (black : variance --> out of range (variance = 16.212 / upper = 0.000 / lower = 0.000))
[20191117_092540 / lib_ip.py:2274] inspecting ===> img.20191117_092536.2019-11-16_15-17-15_000.jpg.3.png
[20191117_092541 / lib_ip.py:4505] 
img.20191117_092536.2019-11-16_15-17-15_000.jpg.3.png 2 ---------------------
[20191117_092541 / lib_ip.py:3753] file = img.20191117_092536.2019-11-16_15-17-15_000.jpg.3.png / val_Average = 105.9891	val_Variance = 3.0307	sd = 1.7409	max = 113	min = 99
[20191117_092541 / lib_ip.py:3836] len(Hs) = 8100, len(Ss) = 8100, len(Vs) = 8100
[20191117_092541 / lib_ip.py:3869] yellow : variance --> out of range (variance = 3.031 / upper = 0.650 / lower = 0.000)
[20191117_092541 / lib_ip.py:3753] file = img.20191117_092536.2019-11-16_15-17-15_000.jpg.3.png / val_Average = 105.9891	val_Variance = 3.0307	sd = 1.7409	max = 113	min = 99
[20191117_092541 / lib_ip.py:3936] len(Hs) = 8100, len(Ss) = 8100, len(Vs) = 8100
[20191117_092541 / lib_ip.py:3982] red : variance --> out of range (variance = 3.031 / upper = 0.430 / lower = 0.000)
[20191117_092541 / lib_ip.py:3753] file = img.20191117_092536.2019-11-16_15-17-15_000.jpg.3.png / val_Average = 105.9891	val_Variance = 3.0307	sd = 1.7409	max = 113	min = 99
[20191117_092541 / lib_ip.py:4052] len(Hs) = 8100, len(Ss) = 8100, len(Vs) = 8100
[20191117_092541 / lib_ip.py:4099] green : variance --> out of range (variance = 3.031 / upper = 0.760 / lower = 0.000)
[20191117_092541 / lib_ip.py:3753] file = img.20191117_092536.2019-11-16_15-17-15_000.jpg.3.png / val_Average = 105.9891	val_Variance = 3.0307	sd = 1.7409	max = 113	min = 99
[20191117_092542 / lib_ip.py:4169] len(Hs) = 8100, len(Ss) = 8100, len(Vs) = 8100
[20191117_092542 / lib_ip.py:4208] blue : variance --> out of range (variance = 3.031 / upper = 0.930 / lower = 0.010)
[20191117_092542 / lib_ip.py:3753] file = img.20191117_092536.2019-11-16_15-17-15_000.jpg.3.png / val_Average = 105.9891	val_Variance = 3.0307	sd = 1.7409	max = 113	min = 99
[20191117_092542 / lib_ip.py:4275] len(Hs) = 8100, len(Ss) = 8100, len(Vs) = 8100
[20191117_092542 / lib_ip.py:4314] pink : variance --> out of range (variance = 3.031 / upper = 0.750 / lower = 0.030)
[20191117_092542 / lib_ip.py:3753] file = img.20191117_092536.2019-11-16_15-17-15_000.jpg.3.png / val_Average = 105.9891	val_Variance = 3.0307	sd = 1.7409	max = 113	min = 99
[20191117_092542 / lib_ip.py:4378] len(Hs) = 8100, len(Ss) = 8100, len(Vs) = 8100
[20191117_092542 / lib_ip.py:4422] black : variance --> out of range (variance = 3.031 / upper = 0.000 / lower = 0.000)
[20191117_092542 / lib_ip.py:4593] file : img.20191117_092536.2019-11-16_15-17-15_000.jpg.3.png 2 (black : variance --> out of range (variance = 3.031 / upper = 0.000 / lower = 0.000))
[20191117_092542 / lib_ip.py:2274] inspecting ===> img.20191117_092536.2019-11-16_15-17-15_000.jpg.4.png
[20191117_092543 / lib_ip.py:4505] 
img.20191117_092536.2019-11-16_15-17-15_000.jpg.4.png 3 ---------------------
[20191117_092543 / lib_ip.py:3753] file = img.20191117_092536.2019-11-16_15-17-15_000.jpg.4.png / val_Average = 94.0156	val_Variance = 0.0203	sd = 0.1423	max = 95	min = 93
[20191117_092543 / lib_ip.py:3836] len(Hs) = 8100, len(Ss) = 8100, len(Vs) = 8100
[20191117_092542 / lib_ip.py:2274] inspecting ===> img.20191117_092536.2019-11-16_15-17-15_000.jpg.4.png
img.20191117_092536.2019-11-16_15-17-15_000.jpg.1.png => other
img.20191117_092536.2019-11-16_15-17-15_000.jpg.2.png => other
img.20191117_092536.2019-11-16_15-17-15_000.jpg.3.png => other
img.20191117_092536.2019-11-16_15-17-15_000.jpg.4.png => yellow
[20191117_092543 lib_ip.py:3301] =============== Get 4 corners
dpath_Images = C:\WORKS_2\WS\WS_Others.Art\JVEMV6\46_art\VIRTUAL\Admin_Projects\ip\images
fname_Image = img.20191117_092536.2019-11-16_15-17-15_000.jpg.4.png

[20191117_092544 / lib_ip.py:2274] inspecting ===> img.20191117_092543.2019-11-16_18-38-01_000.jpg.1.png
[20191117_092544 / lib_ip.py:4505] 
img.20191117_092543.2019-11-16_18-38-01_000.jpg.1.png 0 ---------------------
[20191117_092544 / lib_ip.py:3753] file = img.20191117_092543.2019-11-16_18-38-01_000.jpg.1.png / val_Average = 120.5516	val_Variance = 0.3024	sd = 0.5499	max = 122	min = 120
[20191117_092544 / lib_ip.py:3836] len(Hs) = 8100, len(Ss) = 8100, len(Vs) = 8100
[20191117_092544 / lib_ip.py:3891] yellow : average --> out of range (average = 120.552 / upper = 99.200 / lower = 85.500)
[20191117_092544 / lib_ip.py:3753] file = img.20191117_092543.2019-11-16_18-38-01_000.jpg.1.png / val_Average = 120.5516	val_Variance = 0.3024	sd = 0.5499	max = 122	min = 120
[20191117_092544 / lib_ip.py:3936] len(Hs) = 8100, len(Ss) = 8100, len(Vs) = 8100
[20191117_092544 / lib_ip.py:2274] inspecting ===> img.20191117_092543.2019-11-16_18-38-01_000.jpg.2.png
[20191117_092545 / lib_ip.py:4505] 
img.20191117_092543.2019-11-16_18-38-01_000.jpg.2.png 1 ---------------------
[20191117_092545 / lib_ip.py:3753] file = img.20191117_092543.2019-11-16_18-38-01_000.jpg.2.png / val_Average = 103.2523	val_Variance = 14.7415	sd = 3.8395	max = 115	min = 84
[20191117_092545 / lib_ip.py:3836] len(Hs) = 8100, len(Ss) = 8100, len(Vs) = 8100
[20191117_092545 / lib_ip.py:3869] yellow : variance --> out of range (variance = 14.742 / upper = 0.650 / lower = 0.000)
[20191117_092545 / lib_ip.py:3753] file = img.20191117_092543.2019-11-16_18-38-01_000.jpg.2.png / val_Average = 103.2523	val_Variance = 14.7415	sd = 3.8395	max = 115	min = 84
[20191117_092545 / lib_ip.py:3936] len(Hs) = 8100, len(Ss) = 8100, len(Vs) = 8100
[20191117_092546 / lib_ip.py:3982] red : variance --> out of range (variance = 14.742 / upper = 0.430 / lower = 0.000)
[20191117_092546 / lib_ip.py:3753] file = img.20191117_092543.2019-11-16_18-38-01_000.jpg.2.png / val_Average = 103.2523	val_Variance = 14.7415	sd = 3.8395	max = 115	min = 84
[20191117_092546 / lib_ip.py:4052] len(Hs) = 8100, len(Ss) = 8100, len(Vs) = 8100
[20191117_092546 / lib_ip.py:4099] green : variance --> out of range (variance = 14.742 / upper = 0.760 / lower = 0.000)
[20191117_092546 / lib_ip.py:3753] file = img.20191117_092543.2019-11-16_18-38-01_000.jpg.2.png / val_Average = 103.2523	val_Variance = 14.7415	sd = 3.8395	max = 115	min = 84
[20191117_092546 / lib_ip.py:4169] len(Hs) = 8100, len(Ss) = 8100, len(Vs) = 8100
[20191117_092546 / lib_ip.py:4208] blue : variance --> out of range (variance = 14.742 / upper = 0.930 / lower = 0.010)
[20191117_092546 / lib_ip.py:3753] file = img.20191117_092543.2019-11-16_18-38-01_000.jpg.2.png / val_Average = 103.2523	val_Variance = 14.7415	sd = 3.8395	max = 115	min = 84
[20191117_092546 / lib_ip.py:4275] len(Hs) = 8100, len(Ss) = 8100, len(Vs) = 8100
[20191117_092546 / lib_ip.py:4314] pink : variance --> out of range (variance = 14.742 / upper = 0.750 / lower = 0.030)
[20191117_092546 / lib_ip.py:3753] file = img.20191117_092543.2019-11-16_18-38-01_000.jpg.2.png / val_Average = 103.2523	val_Variance = 14.7415	sd = 3.8395	max = 115	min = 84
[20191117_092546 / lib_ip.py:4378] len(Hs) = 8100, len(Ss) = 8100, len(Vs) = 8100
[20191117_092547 / lib_ip.py:4422] black : variance --> out of range (variance = 14.742 / upper = 0.000 / lower = 0.000)
[20191117_092547 / lib_ip.py:4593] file : img.20191117_092543.2019-11-16_18-38-01_000.jpg.2.png 1 (black : variance --> out of range (variance = 14.742 / upper = 0.000 / lower = 0.000))
[20191117_092547 / lib_ip.py:2274] inspecting ===> img.20191117_092543.2019-11-16_18-38-01_000.jpg.3.png
[20191117_092547 / lib_ip.py:4505] 
img.20191117_092543.2019-11-16_18-38-01_000.jpg.3.png 2 ---------------------
[20191117_092547 / lib_ip.py:3753] file = img.20191117_092543.2019-11-16_18-38-01_000.jpg.3.png / val_Average = 108.5793	val_Variance = 3.4763	sd = 1.8645	max = 119	min = 103
[20191117_092547 / lib_ip.py:3836] len(Hs) = 8100, len(Ss) = 8100, len(Vs) = 8100
[20191117_092547 / lib_ip.py:3869] yellow : variance --> out of range (variance = 3.476 / upper = 0.650 / lower = 0.000)
[20191117_092547 / lib_ip.py:3753] file = img.20191117_092543.2019-11-16_18-38-01_000.jpg.3.png / val_Average = 108.5793	val_Variance = 3.4763	sd = 1.8645	max = 119	min = 103
[20191117_092547 / lib_ip.py:3936] len(Hs) = 8100, len(Ss) = 8100, len(Vs) = 8100
[20191117_092547 / lib_ip.py:3982] red : variance --> out of range (variance = 3.476 / upper = 0.430 / lower = 0.000)
[20191117_092547 / lib_ip.py:3753] file = img.20191117_092543.2019-11-16_18-38-01_000.jpg.3.png / val_Average = 108.5793	val_Variance = 3.4763	sd = 1.8645	max = 119	min = 103
[20191117_092547 / lib_ip.py:4052] len(Hs) = 8100, len(Ss) = 8100, len(Vs) = 8100
[20191117_092548 / lib_ip.py:4099] green : variance --> out of range (variance = 3.476 / upper = 0.760 / lower = 0.000)
[20191117_092548 / lib_ip.py:3753] file = img.20191117_092543.2019-11-16_18-38-01_000.jpg.3.png / val_Average = 108.5793	val_Variance = 3.4763	sd = 1.8645	max = 119	min = 103
[20191117_092548 / lib_ip.py:4169] len(Hs) = 8100, len(Ss) = 8100, len(Vs) = 8100
[20191117_092548 / lib_ip.py:4208] blue : variance --> out of range (variance = 3.476 / upper = 0.930 / lower = 0.010)
[20191117_092548 / lib_ip.py:3753] file = img.20191117_092543.2019-11-16_18-38-01_000.jpg.3.png / val_Average = 108.5793	val_Variance = 3.4763	sd = 1.8645	max = 119	min = 103
[20191117_092548 / lib_ip.py:4275] len(Hs) = 8100, len(Ss) = 8100, len(Vs) = 8100
[20191117_092548 / lib_ip.py:4314] pink : variance --> out of range (variance = 3.476 / upper = 0.750 / lower = 0.030)
[20191117_092548 / lib_ip.py:3753] file = img.20191117_092543.2019-11-16_18-38-01_000.jpg.3.png / val_Average = 108.5793	val_Variance = 3.4763	sd = 1.8645	max = 119	min = 103
[20191117_092548 / lib_ip.py:4378] len(Hs) = 8100, len(Ss) = 8100, len(Vs) = 8100
[20191117_092548 / lib_ip.py:4422] black : variance --> out of range (variance = 3.476 / upper = 0.000 / lower = 0.000)
[20191117_092548 / lib_ip.py:4593] file : img.20191117_092543.2019-11-16_18-38-01_000.jpg.3.png 2 (black : variance --> out of range (variance = 3.476 / upper = 0.000 / lower = 0.000))
[20191117_092548 / lib_ip.py:2274] inspecting ===> img.20191117_092543.2019-11-16_18-38-01_000.jpg.4.png
[20191117_092549 / lib_ip.py:4505] 
img.20191117_092543.2019-11-16_18-38-01_000.jpg.4.png 3 ---------------------
[20191117_092549 / lib_ip.py:3753] file = img.20191117_092543.2019-11-16_18-38-01_000.jpg.4.png / val_Average = 109.9502	val_Variance = 2.4695	sd = 1.5715	max = 116	min = 104
[20191117_092549 / lib_ip.py:3836] len(Hs) = 8100, len(Ss) = 8100, len(Vs) = 8100
[20191117_092549 / lib_ip.py:3869] yellow : variance --> out of range (variance = 2.469 / upper = 0.650 / lower = 0.000)
[20191117_092549 / lib_ip.py:3753] file = img.20191117_092543.2019-11-16_18-38-01_000.jpg.4.png / val_Average = 109.9502	val_Variance = 2.4695	sd = 1.5715	max = 116	min = 104
[20191117_092549 / lib_ip.py:3936] len(Hs) = 8100, len(Ss) = 8100, len(Vs) = 8100
[20191117_092549 / lib_ip.py:3982] red : variance --> out of range (variance = 2.469 / upper = 0.430 / lower = 0.000)
[20191117_092549 / lib_ip.py:3753] file = img.20191117_092543.2019-11-16_18-38-01_000.jpg.4.png / val_Average = 109.9502	val_Variance = 2.4695	sd = 1.5715	max = 116	min = 104
[20191117_092550 / lib_ip.py:4052] len(Hs) = 8100, len(Ss) = 8100, len(Vs) = 8100
[20191117_092550 / lib_ip.py:4099] green : variance --> out of range (variance = 2.469 / upper = 0.760 / lower = 0.000)
[20191117_092550 / lib_ip.py:3753] file = img.20191117_092543.2019-11-16_18-38-01_000.jpg.4.png / val_Average = 109.9502	val_Variance = 2.4695	sd = 1.5715	max = 116	min = 104
[20191117_092550 / lib_ip.py:4169] len(Hs) = 8100, len(Ss) = 8100, len(Vs) = 8100
[20191117_092550 / lib_ip.py:4208] blue : variance --> out of range (variance = 2.469 / upper = 0.930 / lower = 0.010)
[20191117_092550 / lib_ip.py:3753] file = img.20191117_092543.2019-11-16_18-38-01_000.jpg.4.png / val_Average = 109.9502	val_Variance = 2.4695	sd = 1.5715	max = 116	min = 104
[20191117_092550 / lib_ip.py:4275] len(Hs) = 8100, len(Ss) = 8100, len(Vs) = 8100
[20191117_092550 / lib_ip.py:4314] pink : variance --> out of range (variance = 2.469 / upper = 0.750 / lower = 0.030)
[20191117_092550 / lib_ip.py:3753] file = img.20191117_092543.2019-11-16_18-38-01_000.jpg.4.png / val_Average = 109.9502	val_Variance = 2.4695	sd = 1.5715	max = 116	min = 104
[20191117_092550 / lib_ip.py:4378] len(Hs) = 8100, len(Ss) = 8100, len(Vs) = 8100
[20191117_092550 / lib_ip.py:4422] black : variance --> out of range (variance = 2.469 / upper = 0.000 / lower = 0.000)
[20191117_092550 / lib_ip.py:4593] file : img.20191117_092543.2019-11-16_18-38-01_000.jpg.4.png 3 (black : variance --> out of range (variance = 2.469 / upper = 0.000 / lower = 0.000))
[20191117_092548 / lib_ip.py:2274] inspecting ===> img.20191117_092543.2019-11-16_18-38-01_000.jpg.4.png
img.20191117_092543.2019-11-16_18-38-01_000.jpg.1.png => other
img.20191117_092543.2019-11-16_18-38-01_000.jpg.2.png => other
img.20191117_092543.2019-11-16_18-38-01_000.jpg.3.png => other
img.20191117_092543.2019-11-16_18-38-01_000.jpg.4.png => other
[20191117_092550 lib_ip.py:3301] =============== Get 4 corners
dpath_Images = C:\WORKS_2\WS\WS_Others.Art\JVEMV6\46_art\VIRTUAL\Admin_Projects\ip\images
fname_Image = img.20191117_092543.2019-11-16_18-38-01_000.jpg.4.png

[20191117_092551 / lib_ip.py:2274] inspecting ===> img.20191117_092551.2019-11-16_20-46-21_000.jpg.1.png
[20191117_092552 / lib_ip.py:4505] 
img.20191117_092551.2019-11-16_20-46-21_000.jpg.1.png 0 ---------------------
[20191117_092552 / lib_ip.py:3753] file = img.20191117_092551.2019-11-16_20-46-21_000.jpg.1.png / val_Average = 50.1838	val_Variance = 1712.9535	sd = 41.3878	max = 135	min = 0
[20191117_092552 / lib_ip.py:3836] len(Hs) = 8100, len(Ss) = 8100, len(Vs) = 8100
[20191117_092552 / lib_ip.py:3869] yellow : variance --> out of range (variance = 1712.953 / upper = 0.650 / lower = 0.000)
[20191117_092552 / lib_ip.py:3753] file = img.20191117_092551.2019-11-16_20-46-21_000.jpg.1.png / val_Average = 50.1838	val_Variance = 1712.9535	sd = 41.3878	max = 135	min = 0
[20191117_092552 / lib_ip.py:3936] len(Hs) = 8100, len(Ss) = 8100, len(Vs) = 8100
[20191117_092552 / lib_ip.py:3982] red : variance --> out of range (variance = 1712.953 / upper = 0.430 / lower = 0.000)
[20191117_092552 / lib_ip.py:3753] file = img.20191117_092551.2019-11-16_20-46-21_000.jpg.1.png / val_Average = 50.1838	val_Variance = 1712.9535	sd = 41.3878	max = 135	min = 0
[20191117_092552 / lib_ip.py:4052] len(Hs) = 8100, len(Ss) = 8100, len(Vs) = 8100
[20191117_092552 / lib_ip.py:4099] green : variance --> out of range (variance = 1712.953 / upper = 0.760 / lower = 0.000)
[20191117_092552 / lib_ip.py:3753] file = img.20191117_092551.2019-11-16_20-46-21_000.jpg.1.png / val_Average = 50.1838	val_Variance = 1712.9535	sd = 41.3878	max = 135	min = 0
[20191117_092552 / lib_ip.py:4169] len(Hs) = 8100, len(Ss) = 8100, len(Vs) = 8100
[20191117_092553 / lib_ip.py:4208] blue : variance --> out of range (variance = 1712.953 / upper = 0.930 / lower = 0.010)
[20191117_092553 / lib_ip.py:3753] file = img.20191117_092551.2019-11-16_20-46-21_000.jpg.1.png / val_Average = 50.1838	val_Variance = 1712.9535	sd = 41.3878	max = 135	min = 0
[20191117_092553 / lib_ip.py:4275] len(Hs) = 8100, len(Ss) = 8100, len(Vs) = 8100
[20191117_092553 / lib_ip.py:4314] pink : variance --> out of range (variance = 1712.953 / upper = 0.750 / lower = 0.030)
[20191117_092553 / lib_ip.py:3753] file = img.20191117_092551.2019-11-16_20-46-21_000.jpg.1.png / val_Average = 50.1838	val_Variance = 1712.9535	sd = 41.3878	max = 135	min = 0
[20191117_092553 / lib_ip.py:4378] len(Hs) = 8100, len(Ss) = 8100, len(Vs) = 8100
[20191117_092553 / lib_ip.py:4422] black : variance --> out of range (variance = 1712.953 / upper = 0.000 / lower = 0.000)
[20191117_092553 / lib_ip.py:4593] file : img.20191117_092551.2019-11-16_20-46-21_000.jpg.1.png 0 (black : variance --> out of range (variance = 1712.953 / upper = 0.000 / lower = 0.000))
[20191117_092553 / lib_ip.py:2274] inspecting ===> img.20191117_092551.2019-11-16_20-46-21_000.jpg.2.png
[20191117_092554 / lib_ip.py:4505] 
img.20191117_092551.2019-11-16_20-46-21_000.jpg.2.png 1 ---------------------
[20191117_092554 / lib_ip.py:3753] file = img.20191117_092551.2019-11-16_20-46-21_000.jpg.2.png / val_Average = 61.6078	val_Variance = 1318.0934	sd = 36.3056	max = 135	min = 0
[20191117_092554 / lib_ip.py:3836] len(Hs) = 8100, len(Ss) = 8100, len(Vs) = 8100
[20191117_092554 / lib_ip.py:3869] yellow : variance --> out of range (variance = 1318.093 / upper = 0.650 / lower = 0.000)
[20191117_092554 / lib_ip.py:3753] file = img.20191117_092551.2019-11-16_20-46-21_000.jpg.2.png / val_Average = 61.6078	val_Variance = 1318.0934	sd = 36.3056	max = 135	min = 0
[20191117_092554 / lib_ip.py:3936] len(Hs) = 8100, len(Ss) = 8100, len(Vs) = 8100
[20191117_092554 / lib_ip.py:3982] red : variance --> out of range (variance = 1318.093 / upper = 0.430 / lower = 0.000)
[20191117_092554 / lib_ip.py:3753] file = img.20191117_092551.2019-11-16_20-46-21_000.jpg.2.png / val_Average = 61.6078	val_Variance = 1318.0934	sd = 36.3056	max = 135	min = 0
[20191117_092554 / lib_ip.py:4052] len(Hs) = 8100, len(Ss) = 8100, len(Vs) = 8100
[20191117_092554 / lib_ip.py:4099] green : variance --> out of range (variance = 1318.093 / upper = 0.760 / lower = 0.000)
[20191117_092555 / lib_ip.py:3753] file = img.20191117_092551.2019-11-16_20-46-21_000.jpg.2.png / val_Average = 61.6078	val_Variance = 1318.0934	sd = 36.3056	max = 135	min = 0
[20191117_092555 / lib_ip.py:4169] len(Hs) = 8100, len(Ss) = 8100, len(Vs) = 8100
[20191117_092555 / lib_ip.py:4208] blue : variance --> out of range (variance = 1318.093 / upper = 0.930 / lower = 0.010)
[20191117_092555 / lib_ip.py:3753] file = img.20191117_092551.2019-11-16_20-46-21_000.jpg.2.png / val_Average = 61.6078	val_Variance = 1318.0934	sd = 36.3056	max = 135	min = 0
[20191117_092555 / lib_ip.py:4275] len(Hs) = 8100, len(Ss) = 8100, len(Vs) = 8100
[20191117_092555 / lib_ip.py:4314] pink : variance --> out of range (variance = 1318.093 / upper = 0.750 / lower = 0.030)
[20191117_092555 / lib_ip.py:3753] file = img.20191117_092551.2019-11-16_20-46-21_000.jpg.2.png / val_Average = 61.6078	val_Variance = 1318.0934	sd = 36.3056	max = 135	min = 0
[20191117_092555 / lib_ip.py:4378] len(Hs) = 8100, len(Ss) = 8100, len(Vs) = 8100
[20191117_092555 / lib_ip.py:4422] black : variance --> out of range (variance = 1318.093 / upper = 0.000 / lower = 0.000)
[20191117_092555 / lib_ip.py:4593] file : img.20191117_092551.2019-11-16_20-46-21_000.jpg.2.png 1 (black : variance --> out of range (variance = 1318.093 / upper = 0.000 / lower = 0.000))
[20191117_092555 / lib_ip.py:2274] inspecting ===> img.20191117_092551.2019-11-16_20-46-21_000.jpg.3.png
[20191117_092556 / lib_ip.py:4505] 
img.20191117_092551.2019-11-16_20-46-21_000.jpg.3.png 2 ---------------------
[20191117_092556 / lib_ip.py:3753] file = img.20191117_092551.2019-11-16_20-46-21_000.jpg.3.png / val_Average = 62.8279	val_Variance = 1702.9329	sd = 41.2666	max = 160	min = 0
[20191117_092556 / lib_ip.py:3836] len(Hs) = 8100, len(Ss) = 8100, len(Vs) = 8100
[20191117_092556 / lib_ip.py:3869] yellow : variance --> out of range (variance = 1702.933 / upper = 0.650 / lower = 0.000)
[20191117_092556 / lib_ip.py:3753] file = img.20191117_092551.2019-11-16_20-46-21_000.jpg.3.png / val_Average = 62.8279	val_Variance = 1702.9329	sd = 41.2666	max = 160	min = 0
[20191117_092556 / lib_ip.py:3936] len(Hs) = 8100, len(Ss) = 8100, len(Vs) = 8100
[20191117_092556 / lib_ip.py:3982] red : variance --> out of range (variance = 1702.933 / upper = 0.430 / lower = 0.000)
[20191117_092556 / lib_ip.py:3753] file = img.20191117_092551.2019-11-16_20-46-21_000.jpg.3.png / val_Average = 62.8279	val_Variance = 1702.9329	sd = 41.2666	max = 160	min = 0
[20191117_092556 / lib_ip.py:4052] len(Hs) = 8100, len(Ss) = 8100, len(Vs) = 8100
[20191117_092556 / lib_ip.py:4099] green : variance --> out of range (variance = 1702.933 / upper = 0.760 / lower = 0.000)
[20191117_092557 / lib_ip.py:3753] file = img.20191117_092551.2019-11-16_20-46-21_000.jpg.3.png / val_Average = 62.8279	val_Variance = 1702.9329	sd = 41.2666	max = 160	min = 0
[20191117_092557 / lib_ip.py:4169] len(Hs) = 8100, len(Ss) = 8100, len(Vs) = 8100
[20191117_092557 / lib_ip.py:4208] blue : variance --> out of range (variance = 1702.933 / upper = 0.930 / lower = 0.010)
[20191117_092557 / lib_ip.py:3753] file = img.20191117_092551.2019-11-16_20-46-21_000.jpg.3.png / val_Average = 62.8279	val_Variance = 1702.9329	sd = 41.2666	max = 160	min = 0
[20191117_092557 / lib_ip.py:4275] len(Hs) = 8100, len(Ss) = 8100, len(Vs) = 8100
[20191117_092557 / lib_ip.py:4314] pink : variance --> out of range (variance = 1702.933 / upper = 0.750 / lower = 0.030)
[20191117_092557 / lib_ip.py:3753] file = img.20191117_092551.2019-11-16_20-46-21_000.jpg.3.png / val_Average = 62.8279	val_Variance = 1702.9329	sd = 41.2666	max = 160	min = 0
[20191117_092557 / lib_ip.py:4378] len(Hs) = 8100, len(Ss) = 8100, len(Vs) = 8100
[20191117_092557 / lib_ip.py:4422] black : variance --> out of range (variance = 1702.933 / upper = 0.000 / lower = 0.000)
[20191117_092557 / lib_ip.py:4593] file : img.20191117_092551.2019-11-16_20-46-21_000.jpg.3.png 2 (black : variance --> out of range (variance = 1702.933 / upper = 0.000 / lower = 0.000))
[20191117_092557 / lib_ip.py:2274] inspecting ===> img.20191117_092551.2019-11-16_20-46-21_000.jpg.4.png
[20191117_092558 / lib_ip.py:4505] 
img.20191117_092551.2019-11-16_20-46-21_000.jpg.4.png 3 ---------------------
[20191117_092558 / lib_ip.py:3753] file = img.20191117_092551.2019-11-16_20-46-21_000.jpg.4.png / val_Average = 92.0940	val_Variance = 0.0901	sd = 0.3001	max = 93	min = 91
[20191117_092558 / lib_ip.py:3836] len(Hs) = 8100, len(Ss) = 8100, len(Vs) = 8100
[20191117_092557 / lib_ip.py:2274] inspecting ===> img.20191117_092551.2019-11-16_20-46-21_000.jpg.4.png
img.20191117_092551.2019-11-16_20-46-21_000.jpg.1.png => other
img.20191117_092551.2019-11-16_20-46-21_000.jpg.2.png => other
img.20191117_092551.2019-11-16_20-46-21_000.jpg.3.png => other
img.20191117_092551.2019-11-16_20-46-21_000.jpg.4.png => other
[20191117_092558 lib_ip.py:3301] =============== Get 4 corners
dpath_Images = C:\WORKS_2\WS\WS_Others.Art\JVEMV6\46_art\VIRTUAL\Admin_Projects\ip\images
fname_Image = img.20191117_092551.2019-11-16_20-46-21_000.jpg.4.png

[20191117_092559 / lib_ip.py:2274] inspecting ===> img.20191117_092559.2019-11-17_02-14-47_000.jpg.1.png
[20191117_092559 / lib_ip.py:4505] 
img.20191117_092559.2019-11-17_02-14-47_000.jpg.1.png 0 ---------------------
[20191117_092600 / lib_ip.py:3753] file = img.20191117_092559.2019-11-17_02-14-47_000.jpg.1.png / val_Average = 104.0917	val_Variance = 5.2850	sd = 2.2989	max = 115	min = 95
[20191117_092600 / lib_ip.py:3836] len(Hs) = 8100, len(Ss) = 8100, len(Vs) = 8100
[20191117_092600 / lib_ip.py:3869] yellow : variance --> out of range (variance = 5.285 / upper = 0.650 / lower = 0.000)
[20191117_092600 / lib_ip.py:3753] file = img.20191117_092559.2019-11-17_02-14-47_000.jpg.1.png / val_Average = 104.0917	val_Variance = 5.2850	sd = 2.2989	max = 115	min = 95
[20191117_092600 / lib_ip.py:3936] len(Hs) = 8100, len(Ss) = 8100, len(Vs) = 8100
[20191117_092600 / lib_ip.py:3982] red : variance --> out of range (variance = 5.285 / upper = 0.430 / lower = 0.000)
[20191117_092600 / lib_ip.py:3753] file = img.20191117_092559.2019-11-17_02-14-47_000.jpg.1.png / val_Average = 104.0917	val_Variance = 5.2850	sd = 2.2989	max = 115	min = 95
[20191117_092600 / lib_ip.py:4052] len(Hs) = 8100, len(Ss) = 8100, len(Vs) = 8100
[20191117_092600 / lib_ip.py:4099] green : variance --> out of range (variance = 5.285 / upper = 0.760 / lower = 0.000)
[20191117_092600 / lib_ip.py:3753] file = img.20191117_092559.2019-11-17_02-14-47_000.jpg.1.png / val_Average = 104.0917	val_Variance = 5.2850	sd = 2.2989	max = 115	min = 95
[20191117_092601 / lib_ip.py:4169] len(Hs) = 8100, len(Ss) = 8100, len(Vs) = 8100
[20191117_092601 / lib_ip.py:4208] blue : variance --> out of range (variance = 5.285 / upper = 0.930 / lower = 0.010)
[20191117_092601 / lib_ip.py:3753] file = img.20191117_092559.2019-11-17_02-14-47_000.jpg.1.png / val_Average = 104.0917	val_Variance = 5.2850	sd = 2.2989	max = 115	min = 95
[20191117_092601 / lib_ip.py:4275] len(Hs) = 8100, len(Ss) = 8100, len(Vs) = 8100
[20191117_092601 / lib_ip.py:4314] pink : variance --> out of range (variance = 5.285 / upper = 0.750 / lower = 0.030)
[20191117_092601 / lib_ip.py:3753] file = img.20191117_092559.2019-11-17_02-14-47_000.jpg.1.png / val_Average = 104.0917	val_Variance = 5.2850	sd = 2.2989	max = 115	min = 95
[20191117_092601 / lib_ip.py:4378] len(Hs) = 8100, len(Ss) = 8100, len(Vs) = 8100
[20191117_092601 / lib_ip.py:4422] black : variance --> out of range (variance = 5.285 / upper = 0.000 / lower = 0.000)
[20191117_092601 / lib_ip.py:4593] file : img.20191117_092559.2019-11-17_02-14-47_000.jpg.1.png 0 (black : variance --> out of range (variance = 5.285 / upper = 0.000 / lower = 0.000))
[20191117_092601 / lib_ip.py:2274] inspecting ===> img.20191117_092559.2019-11-17_02-14-47_000.jpg.2.png
[20191117_092601 / lib_ip.py:4505] 
img.20191117_092559.2019-11-17_02-14-47_000.jpg.2.png 1 ---------------------
[20191117_092602 / lib_ip.py:3753] file = img.20191117_092559.2019-11-17_02-14-47_000.jpg.2.png / val_Average = 106.5379	val_Variance = 11.2155	sd = 3.3490	max = 116	min = 95
[20191117_092602 / lib_ip.py:3836] len(Hs) = 8100, len(Ss) = 8100, len(Vs) = 8100
[20191117_092602 / lib_ip.py:3869] yellow : variance --> out of range (variance = 11.215 / upper = 0.650 / lower = 0.000)
[20191117_092602 / lib_ip.py:3753] file = img.20191117_092559.2019-11-17_02-14-47_000.jpg.2.png / val_Average = 106.5379	val_Variance = 11.2155	sd = 3.3490	max = 116	min = 95
[20191117_092602 / lib_ip.py:3936] len(Hs) = 8100, len(Ss) = 8100, len(Vs) = 8100
[20191117_092602 / lib_ip.py:3982] red : variance --> out of range (variance = 11.215 / upper = 0.430 / lower = 0.000)
[20191117_092602 / lib_ip.py:3753] file = img.20191117_092559.2019-11-17_02-14-47_000.jpg.2.png / val_Average = 106.5379	val_Variance = 11.2155	sd = 3.3490	max = 116	min = 95
[20191117_092602 / lib_ip.py:4052] len(Hs) = 8100, len(Ss) = 8100, len(Vs) = 8100
[20191117_092602 / lib_ip.py:4099] green : variance --> out of range (variance = 11.215 / upper = 0.760 / lower = 0.000)
[20191117_092602 / lib_ip.py:3753] file = img.20191117_092559.2019-11-17_02-14-47_000.jpg.2.png / val_Average = 106.5379	val_Variance = 11.2155	sd = 3.3490	max = 116	min = 95
[20191117_092602 / lib_ip.py:4169] len(Hs) = 8100, len(Ss) = 8100, len(Vs) = 8100
[20191117_092603 / lib_ip.py:4208] blue : variance --> out of range (variance = 11.215 / upper = 0.930 / lower = 0.010)
[20191117_092603 / lib_ip.py:3753] file = img.20191117_092559.2019-11-17_02-14-47_000.jpg.2.png / val_Average = 106.5379	val_Variance = 11.2155	sd = 3.3490	max = 116	min = 95
[20191117_092603 / lib_ip.py:4275] len(Hs) = 8100, len(Ss) = 8100, len(Vs) = 8100
[20191117_092603 / lib_ip.py:4314] pink : variance --> out of range (variance = 11.215 / upper = 0.750 / lower = 0.030)
[20191117_092603 / lib_ip.py:3753] file = img.20191117_092559.2019-11-17_02-14-47_000.jpg.2.png / val_Average = 106.5379	val_Variance = 11.2155	sd = 3.3490	max = 116	min = 95
[20191117_092603 / lib_ip.py:4378] len(Hs) = 8100, len(Ss) = 8100, len(Vs) = 8100
[20191117_092603 / lib_ip.py:4422] black : variance --> out of range (variance = 11.215 / upper = 0.000 / lower = 0.000)
[20191117_092603 / lib_ip.py:4593] file : img.20191117_092559.2019-11-17_02-14-47_000.jpg.2.png 1 (black : variance --> out of range (variance = 11.215 / upper = 0.000 / lower = 0.000))
[20191117_092603 / lib_ip.py:2274] inspecting ===> img.20191117_092559.2019-11-17_02-14-47_000.jpg.3.png
[20191117_092604 / lib_ip.py:4505] 
img.20191117_092559.2019-11-17_02-14-47_000.jpg.3.png 2 ---------------------
[20191117_092604 / lib_ip.py:3753] file = img.20191117_092559.2019-11-17_02-14-47_000.jpg.3.png / val_Average = 102.5799	val_Variance = 25.5649	sd = 5.0562	max = 120	min = 84
[20191117_092604 / lib_ip.py:3836] len(Hs) = 8100, len(Ss) = 8100, len(Vs) = 8100
[20191117_092604 / lib_ip.py:3869] yellow : variance --> out of range (variance = 25.565 / upper = 0.650 / lower = 0.000)
[20191117_092604 / lib_ip.py:3753] file = img.20191117_092559.2019-11-17_02-14-47_000.jpg.3.png / val_Average = 102.5799	val_Variance = 25.5649	sd = 5.0562	max = 120	min = 84
[20191117_092604 / lib_ip.py:3936] len(Hs) = 8100, len(Ss) = 8100, len(Vs) = 8100
[20191117_092605 / lib_ip.py:3982] red : variance --> out of range (variance = 25.565 / upper = 0.430 / lower = 0.000)
[20191117_092605 / lib_ip.py:3753] file = img.20191117_092559.2019-11-17_02-14-47_000.jpg.3.png / val_Average = 102.5799	val_Variance = 25.5649	sd = 5.0562	max = 120	min = 84
[20191117_092605 / lib_ip.py:4052] len(Hs) = 8100, len(Ss) = 8100, len(Vs) = 8100
[20191117_092605 / lib_ip.py:4099] green : variance --> out of range (variance = 25.565 / upper = 0.760 / lower = 0.000)
[20191117_092605 / lib_ip.py:3753] file = img.20191117_092559.2019-11-17_02-14-47_000.jpg.3.png / val_Average = 102.5799	val_Variance = 25.5649	sd = 5.0562	max = 120	min = 84
[20191117_092605 / lib_ip.py:4169] len(Hs) = 8100, len(Ss) = 8100, len(Vs) = 8100
[20191117_092605 / lib_ip.py:4208] blue : variance --> out of range (variance = 25.565 / upper = 0.930 / lower = 0.010)
[20191117_092605 / lib_ip.py:3753] file = img.20191117_092559.2019-11-17_02-14-47_000.jpg.3.png / val_Average = 102.5799	val_Variance = 25.5649	sd = 5.0562	max = 120	min = 84
[20191117_092605 / lib_ip.py:4275] len(Hs) = 8100, len(Ss) = 8100, len(Vs) = 8100
[20191117_092605 / lib_ip.py:4314] pink : variance --> out of range (variance = 25.565 / upper = 0.750 / lower = 0.030)
[20191117_092606 / lib_ip.py:3753] file = img.20191117_092559.2019-11-17_02-14-47_000.jpg.3.png / val_Average = 102.5799	val_Variance = 25.5649	sd = 5.0562	max = 120	min = 84
[20191117_092606 / lib_ip.py:4378] len(Hs) = 8100, len(Ss) = 8100, len(Vs) = 8100
[20191117_092606 / lib_ip.py:4422] black : variance --> out of range (variance = 25.565 / upper = 0.000 / lower = 0.000)
[20191117_092606 / lib_ip.py:4593] file : img.20191117_092559.2019-11-17_02-14-47_000.jpg.3.png 2 (black : variance --> out of range (variance = 25.565 / upper = 0.000 / lower = 0.000))
[20191117_092606 / lib_ip.py:2274] inspecting ===> img.20191117_092559.2019-11-17_02-14-47_000.jpg.4.png
[20191117_092606 / lib_ip.py:4505] 
img.20191117_092559.2019-11-17_02-14-47_000.jpg.4.png 3 ---------------------
[20191117_092607 / lib_ip.py:3753] file = img.20191117_092559.2019-11-17_02-14-47_000.jpg.4.png / val_Average = 101.1733	val_Variance = 6.5500	sd = 2.5593	max = 109	min = 95
[20191117_092607 / lib_ip.py:3836] len(Hs) = 8100, len(Ss) = 8100, len(Vs) = 8100
[20191117_092607 / lib_ip.py:3869] yellow : variance --> out of range (variance = 6.550 / upper = 0.650 / lower = 0.000)
[20191117_092607 / lib_ip.py:3753] file = img.20191117_092559.2019-11-17_02-14-47_000.jpg.4.png / val_Average = 101.1733	val_Variance = 6.5500	sd = 2.5593	max = 109	min = 95
[20191117_092607 / lib_ip.py:3936] len(Hs) = 8100, len(Ss) = 8100, len(Vs) = 8100
[20191117_092607 / lib_ip.py:3982] red : variance --> out of range (variance = 6.550 / upper = 0.430 / lower = 0.000)
[20191117_092607 / lib_ip.py:3753] file = img.20191117_092559.2019-11-17_02-14-47_000.jpg.4.png / val_Average = 101.1733	val_Variance = 6.5500	sd = 2.5593	max = 109	min = 95
[20191117_092607 / lib_ip.py:4052] len(Hs) = 8100, len(Ss) = 8100, len(Vs) = 8100
[20191117_092607 / lib_ip.py:4099] green : variance --> out of range (variance = 6.550 / upper = 0.760 / lower = 0.000)
[20191117_092608 / lib_ip.py:3753] file = img.20191117_092559.2019-11-17_02-14-47_000.jpg.4.png / val_Average = 101.1733	val_Variance = 6.5500	sd = 2.5593	max = 109	min = 95
[20191117_092608 / lib_ip.py:4169] len(Hs) = 8100, len(Ss) = 8100, len(Vs) = 8100
[20191117_092608 / lib_ip.py:4208] blue : variance --> out of range (variance = 6.550 / upper = 0.930 / lower = 0.010)
[20191117_092608 / lib_ip.py:3753] file = img.20191117_092559.2019-11-17_02-14-47_000.jpg.4.png / val_Average = 101.1733	val_Variance = 6.5500	sd = 2.5593	max = 109	min = 95
[20191117_092608 / lib_ip.py:4275] len(Hs) = 8100, len(Ss) = 8100, len(Vs) = 8100
[20191117_092608 / lib_ip.py:4314] pink : variance --> out of range (variance = 6.550 / upper = 0.750 / lower = 0.030)
[20191117_092609 / lib_ip.py:3753] file = img.20191117_092559.2019-11-17_02-14-47_000.jpg.4.png / val_Average = 101.1733	val_Variance = 6.5500	sd = 2.5593	max = 109	min = 95
[20191117_092609 / lib_ip.py:4378] len(Hs) = 8100, len(Ss) = 8100, len(Vs) = 8100
[20191117_092609 / lib_ip.py:4422] black : variance --> out of range (variance = 6.550 / upper = 0.000 / lower = 0.000)
[20191117_092609 / lib_ip.py:4593] file : img.20191117_092559.2019-11-17_02-14-47_000.jpg.4.png 3 (black : variance --> out of range (variance = 6.550 / upper = 0.000 / lower = 0.000))
[20191117_092606 / lib_ip.py:2274] inspecting ===> img.20191117_092559.2019-11-17_02-14-47_000.jpg.4.png
img.20191117_092559.2019-11-17_02-14-47_000.jpg.1.png => other
img.20191117_092559.2019-11-17_02-14-47_000.jpg.2.png => other
img.20191117_092559.2019-11-17_02-14-47_000.jpg.3.png => other
img.20191117_092559.2019-11-17_02-14-47_000.jpg.4.png => other
[20191117_092609 lib_ip.py:3301] =============== Get 4 corners
dpath_Images = C:\WORKS_2\WS\WS_Others.Art\JVEMV6\46_art\VIRTUAL\Admin_Projects\ip\images
fname_Image = img.20191117_092559.2019-11-17_02-14-47_000.jpg.4.png

[20191117_092611 / lib_ip.py:2274] inspecting ===> img.20191117_092611.2019-11-17_07-14-04_000.jpg.1.png
[20191117_092611 / lib_ip.py:4505] 
img.20191117_092611.2019-11-17_07-14-04_000.jpg.1.png 0 ---------------------
[20191117_092611 / lib_ip.py:3753] file = img.20191117_092611.2019-11-17_07-14-04_000.jpg.1.png / val_Average = 96.5412	val_Variance = 21.9360	sd = 4.6836	max = 105	min = 81
[20191117_092611 / lib_ip.py:3836] len(Hs) = 8100, len(Ss) = 8100, len(Vs) = 8100
[20191117_092612 / lib_ip.py:3869] yellow : variance --> out of range (variance = 21.936 / upper = 0.650 / lower = 0.000)
[20191117_092612 / lib_ip.py:3753] file = img.20191117_092611.2019-11-17_07-14-04_000.jpg.1.png / val_Average = 96.5412	val_Variance = 21.9360	sd = 4.6836	max = 105	min = 81
[20191117_092612 / lib_ip.py:3936] len(Hs) = 8100, len(Ss) = 8100, len(Vs) = 8100
[20191117_092612 / lib_ip.py:3982] red : variance --> out of range (variance = 21.936 / upper = 0.430 / lower = 0.000)
[20191117_092612 / lib_ip.py:3753] file = img.20191117_092611.2019-11-17_07-14-04_000.jpg.1.png / val_Average = 96.5412	val_Variance = 21.9360	sd = 4.6836	max = 105	min = 81
[20191117_092612 / lib_ip.py:4052] len(Hs) = 8100, len(Ss) = 8100, len(Vs) = 8100
[20191117_092612 / lib_ip.py:4099] green : variance --> out of range (variance = 21.936 / upper = 0.760 / lower = 0.000)
[20191117_092612 / lib_ip.py:3753] file = img.20191117_092611.2019-11-17_07-14-04_000.jpg.1.png / val_Average = 96.5412	val_Variance = 21.9360	sd = 4.6836	max = 105	min = 81
[20191117_092612 / lib_ip.py:4169] len(Hs) = 8100, len(Ss) = 8100, len(Vs) = 8100
[20191117_092612 / lib_ip.py:4208] blue : variance --> out of range (variance = 21.936 / upper = 0.930 / lower = 0.010)
[20191117_092612 / lib_ip.py:3753] file = img.20191117_092611.2019-11-17_07-14-04_000.jpg.1.png / val_Average = 96.5412	val_Variance = 21.9360	sd = 4.6836	max = 105	min = 81
[20191117_092612 / lib_ip.py:4275] len(Hs) = 8100, len(Ss) = 8100, len(Vs) = 8100
[20191117_092612 / lib_ip.py:4314] pink : variance --> out of range (variance = 21.936 / upper = 0.750 / lower = 0.030)
[20191117_092613 / lib_ip.py:3753] file = img.20191117_092611.2019-11-17_07-14-04_000.jpg.1.png / val_Average = 96.5412	val_Variance = 21.9360	sd = 4.6836	max = 105	min = 81
[20191117_092613 / lib_ip.py:4378] len(Hs) = 8100, len(Ss) = 8100, len(Vs) = 8100
[20191117_092613 / lib_ip.py:4422] black : variance --> out of range (variance = 21.936 / upper = 0.000 / lower = 0.000)
[20191117_092613 / lib_ip.py:4593] file : img.20191117_092611.2019-11-17_07-14-04_000.jpg.1.png 0 (black : variance --> out of range (variance = 21.936 / upper = 0.000 / lower = 0.000))
[20191117_092613 / lib_ip.py:2274] inspecting ===> img.20191117_092611.2019-11-17_07-14-04_000.jpg.2.png
[20191117_092613 / lib_ip.py:4505] 
img.20191117_092611.2019-11-17_07-14-04_000.jpg.2.png 1 ---------------------
[20191117_092614 / lib_ip.py:3753] file = img.20191117_092611.2019-11-17_07-14-04_000.jpg.2.png / val_Average = 104.1044	val_Variance = 4.9323	sd = 2.2209	max = 109	min = 98
[20191117_092614 / lib_ip.py:3836] len(Hs) = 8100, len(Ss) = 8100, len(Vs) = 8100
[20191117_092614 / lib_ip.py:3869] yellow : variance --> out of range (variance = 4.932 / upper = 0.650 / lower = 0.000)
[20191117_092614 / lib_ip.py:3753] file = img.20191117_092611.2019-11-17_07-14-04_000.jpg.2.png / val_Average = 104.1044	val_Variance = 4.9323	sd = 2.2209	max = 109	min = 98
[20191117_092614 / lib_ip.py:3936] len(Hs) = 8100, len(Ss) = 8100, len(Vs) = 8100
[20191117_092614 / lib_ip.py:3982] red : variance --> out of range (variance = 4.932 / upper = 0.430 / lower = 0.000)
[20191117_092614 / lib_ip.py:3753] file = img.20191117_092611.2019-11-17_07-14-04_000.jpg.2.png / val_Average = 104.1044	val_Variance = 4.9323	sd = 2.2209	max = 109	min = 98
[20191117_092614 / lib_ip.py:4052] len(Hs) = 8100, len(Ss) = 8100, len(Vs) = 8100
[20191117_092614 / lib_ip.py:4099] green : variance --> out of range (variance = 4.932 / upper = 0.760 / lower = 0.000)
[20191117_092615 / lib_ip.py:3753] file = img.20191117_092611.2019-11-17_07-14-04_000.jpg.2.png / val_Average = 104.1044	val_Variance = 4.9323	sd = 2.2209	max = 109	min = 98
[20191117_092615 / lib_ip.py:4169] len(Hs) = 8100, len(Ss) = 8100, len(Vs) = 8100
[20191117_092615 / lib_ip.py:4208] blue : variance --> out of range (variance = 4.932 / upper = 0.930 / lower = 0.010)
[20191117_092615 / lib_ip.py:3753] file = img.20191117_092611.2019-11-17_07-14-04_000.jpg.2.png / val_Average = 104.1044	val_Variance = 4.9323	sd = 2.2209	max = 109	min = 98
[20191117_092615 / lib_ip.py:4275] len(Hs) = 8100, len(Ss) = 8100, len(Vs) = 8100
[20191117_092615 / lib_ip.py:4314] pink : variance --> out of range (variance = 4.932 / upper = 0.750 / lower = 0.030)
[20191117_092615 / lib_ip.py:3753] file = img.20191117_092611.2019-11-17_07-14-04_000.jpg.2.png / val_Average = 104.1044	val_Variance = 4.9323	sd = 2.2209	max = 109	min = 98
[20191117_092615 / lib_ip.py:4378] len(Hs) = 8100, len(Ss) = 8100, len(Vs) = 8100
[20191117_092615 / lib_ip.py:4422] black : variance --> out of range (variance = 4.932 / upper = 0.000 / lower = 0.000)
[20191117_092616 / lib_ip.py:4593] file : img.20191117_092611.2019-11-17_07-14-04_000.jpg.2.png 1 (black : variance --> out of range (variance = 4.932 / upper = 0.000 / lower = 0.000))
[20191117_092616 / lib_ip.py:2274] inspecting ===> img.20191117_092611.2019-11-17_07-14-04_000.jpg.3.png
[20191117_092616 / lib_ip.py:4505] 
img.20191117_092611.2019-11-17_07-14-04_000.jpg.3.png 2 ---------------------
[20191117_092617 / lib_ip.py:3753] file = img.20191117_092611.2019-11-17_07-14-04_000.jpg.3.png / val_Average = 100.9699	val_Variance = 0.4705	sd = 0.6859	max = 104	min = 100
[20191117_092617 / lib_ip.py:3836] len(Hs) = 8100, len(Ss) = 8100, len(Vs) = 8100
[20191117_092617 / lib_ip.py:3891] yellow : average --> out of range (average = 100.970 / upper = 99.200 / lower = 85.500)
[20191117_092617 / lib_ip.py:3753] file = img.20191117_092611.2019-11-17_07-14-04_000.jpg.3.png / val_Average = 100.9699	val_Variance = 0.4705	sd = 0.6859	max = 104	min = 100
[20191117_092617 / lib_ip.py:3936] len(Hs) = 8100, len(Ss) = 8100, len(Vs) = 8100
[20191117_092617 / lib_ip.py:3982] red : variance --> out of range (variance = 0.470 / upper = 0.430 / lower = 0.000)
[20191117_092617 / lib_ip.py:3753] file = img.20191117_092611.2019-11-17_07-14-04_000.jpg.3.png / val_Average = 100.9699	val_Variance = 0.4705	sd = 0.6859	max = 104	min = 100
[20191117_092617 / lib_ip.py:4052] len(Hs) = 8100, len(Ss) = 8100, len(Vs) = 8100
[20191117_092617 / lib_ip.py:4124] green : average --> out of range (average = 100.970 / upper = 85.000 / lower = 58.000)
[20191117_092618 / lib_ip.py:3753] file = img.20191117_092611.2019-11-17_07-14-04_000.jpg.3.png / val_Average = 100.9699	val_Variance = 0.4705	sd = 0.6859	max = 104	min = 100
[20191117_092618 / lib_ip.py:4169] len(Hs) = 8100, len(Ss) = 8100, len(Vs) = 8100
[20191117_092618 / lib_ip.py:4230] blue : average --> out of range (average = 100.970 / upper = 17.000 / lower = 8.850)
[20191117_092618 / lib_ip.py:3753] file = img.20191117_092611.2019-11-17_07-14-04_000.jpg.3.png / val_Average = 100.9699	val_Variance = 0.4705	sd = 0.6859	max = 104	min = 100
[20191117_092618 / lib_ip.py:4275] len(Hs) = 8100, len(Ss) = 8100, len(Vs) = 8100
[20191117_092618 / lib_ip.py:4336] pink : average --> out of range (average = 100.970 / upper = 141.000 / lower = 127.900)
[20191117_092618 / lib_ip.py:3753] file = img.20191117_092611.2019-11-17_07-14-04_000.jpg.3.png / val_Average = 100.9699	val_Variance = 0.4705	sd = 0.6859	max = 104	min = 100
[20191117_092618 / lib_ip.py:4378] len(Hs) = 8100, len(Ss) = 8100, len(Vs) = 8100
[20191117_092618 / lib_ip.py:4422] black : variance --> out of range (variance = 0.470 / upper = 0.000 / lower = 0.000)
[20191117_092618 / lib_ip.py:4593] file : img.20191117_092611.2019-11-17_07-14-04_000.jpg.3.png 2 (black : variance --> out of range (variance = 0.470 / upper = 0.000 / lower = 0.000))
[20191117_092618 / lib_ip.py:2274] inspecting ===> img.20191117_092611.2019-11-17_07-14-04_000.jpg.4.png
[20191117_092618 / lib_ip.py:4505] 
img.20191117_092611.2019-11-17_07-14-04_000.jpg.4.png 3 ---------------------
[20191117_092619 / lib_ip.py:3753] file = img.20191117_092611.2019-11-17_07-14-04_000.jpg.4.png / val_Average = 101.1204	val_Variance = 0.4163	sd = 0.6452	max = 103	min = 98
[20191117_092619 / lib_ip.py:3836] len(Hs) = 8100, len(Ss) = 8100, len(Vs) = 8100
[20191117_092619 / lib_ip.py:3891] yellow : average --> out of range (average = 101.120 / upper = 99.200 / lower = 85.500)
[20191117_092619 / lib_ip.py:3753] file = img.20191117_092611.2019-11-17_07-14-04_000.jpg.4.png / val_Average = 101.1204	val_Variance = 0.4163	sd = 0.6452	max = 103	min = 98
[20191117_092619 / lib_ip.py:3936] len(Hs) = 8100, len(Ss) = 8100, len(Vs) = 8100
[20191117_092619 / lib_ip.py:4007] red : average --> out of range (average = 101.120 / upper = 124.600 / lower = 115.000)
[20191117_092619 / lib_ip.py:3753] file = img.20191117_092611.2019-11-17_07-14-04_000.jpg.4.png / val_Average = 101.1204	val_Variance = 0.4163	sd = 0.6452	max = 103	min = 98
[20191117_092619 / lib_ip.py:4052] len(Hs) = 8100, len(Ss) = 8100, len(Vs) = 8100
[20191117_092619 / lib_ip.py:4124] green : average --> out of range (average = 101.120 / upper = 85.000 / lower = 58.000)
[20191117_092619 / lib_ip.py:3753] file = img.20191117_092611.2019-11-17_07-14-04_000.jpg.4.png / val_Average = 101.1204	val_Variance = 0.4163	sd = 0.6452	max = 103	min = 98
[20191117_092620 / lib_ip.py:4169] len(Hs) = 8100, len(Ss) = 8100, len(Vs) = 8100
[20191117_092620 / lib_ip.py:4230] blue : average --> out of range (average = 101.120 / upper = 17.000 / lower = 8.850)
[20191117_092620 / lib_ip.py:3753] file = img.20191117_092611.2019-11-17_07-14-04_000.jpg.4.png / val_Average = 101.1204	val_Variance = 0.4163	sd = 0.6452	max = 103	min = 98
[20191117_092620 / lib_ip.py:4275] len(Hs) = 8100, len(Ss) = 8100, len(Vs) = 8100
[20191117_092620 / lib_ip.py:4336] pink : average --> out of range (average = 101.120 / upper = 141.000 / lower = 127.900)
[20191117_092620 / lib_ip.py:3753] file = img.20191117_092611.2019-11-17_07-14-04_000.jpg.4.png / val_Average = 101.1204	val_Variance = 0.4163	sd = 0.6452	max = 103	min = 98
[20191117_092620 / lib_ip.py:4378] len(Hs) = 8100, len(Ss) = 8100, len(Vs) = 8100
[20191117_092620 / lib_ip.py:4422] black : variance --> out of range (variance = 0.416 / upper = 0.000 / lower = 0.000)
[20191117_092620 / lib_ip.py:4593] file : img.20191117_092611.2019-11-17_07-14-04_000.jpg.4.png 3 (black : variance --> out of range (variance = 0.416 / upper = 0.000 / lower = 0.000))
[20191117_092618 / lib_ip.py:2274] inspecting ===> img.20191117_092611.2019-11-17_07-14-04_000.jpg.4.png
img.20191117_092611.2019-11-17_07-14-04_000.jpg.1.png => other
img.20191117_092611.2019-11-17_07-14-04_000.jpg.2.png => other
img.20191117_092611.2019-11-17_07-14-04_000.jpg.3.png => other
img.20191117_092611.2019-11-17_07-14-04_000.jpg.4.png => other
[20191117_092620 lib_ip.py:3301] =============== Get 4 corners
dpath_Images = C:\WORKS_2\WS\WS_Others.Art\JVEMV6\46_art\VIRTUAL\Admin_Projects\ip\images
fname_Image = img.20191117_092611.2019-11-17_07-14-04_000.jpg.4.png

[20191117_092620 / views.py:1411] gen csv => complete (20191117_092620)(elapsed = 53.745 sec / 6 files / 8.958 sec per file)
1)	2019-11-16_13-25-28_000.jpg => 	green green other other 
2)	2019-11-16_15-17-15_000.jpg => 	other other other yellow 
3)	2019-11-16_18-38-01_000.jpg => 	red other other other 
4)	2019-11-16_20-46-21_000.jpg => 	other other other yellow 
5)	2019-11-17_02-14-47_000.jpg => 	other other other other 
6)	2019-11-17_07-14-04_000.jpg => 	other other other other 
[20191117_092620 / views.py:1753] lo_ColorName_Set__Modified_2 =>
1)	2019-11-16_13-25-28_000.jpg => 	g g o o 
2)	2019-11-16_15-17-15_000.jpg => 	o o o y 
3)	2019-11-16_18-38-01_000.jpg => 	o o o r 
4)	2019-11-16_20-46-21_000.jpg => 	o o o y 
5)	2019-11-17_02-14-47_000.jpg => 	o o o o 
6)	2019-11-17_07-14-04_000.jpg => 	o o o o 
[20191117_092621 / views.py:1839] gen_Cake_CSV(request) ==> ending... =======================//

