[20191022_075930 / views.py:1886] exec_get_4_corners(request) ================================
[20191022_075933 / lib_ip.py:1961] lo_Color_Names =>
img.20191022_075931.2019-10-21_18-13-48_000.jpg.1.png => other
img.20191022_075931.2019-10-21_18-13-48_000.jpg.2.png => other
img.20191022_075931.2019-10-21_18-13-48_000.jpg.3.png => other
img.20191022_075931.2019-10-21_18-13-48_000.jpg.4.png => other
[20191022_075934 / lib_ip.py:4505] 
2019-10-21_18-13-48_000.jpg 0 ---------------------
[20191022_075934 / lib_ip.py:3753] file = 2019-10-21_18-13-48_000.jpg / val_Average = 108.7789	val_Variance = 2.9260	sd = 1.7106	max = 118	min = 103
[20191022_075934 / lib_ip.py:3836] len(Hs) = 8100, len(Ss) = 8100, len(Vs) = 8100
[20191022_075934 / lib_ip.py:3869] yellow : variance --> out of range (variance = 2.926 / upper = 0.650 / lower = 0.000)
[20191022_075934 / lib_ip.py:3753] file = 2019-10-21_18-13-48_000.jpg / val_Average = 108.7789	val_Variance = 2.9260	sd = 1.7106	max = 118	min = 103
[20191022_075934 / lib_ip.py:3936] len(Hs) = 8100, len(Ss) = 8100, len(Vs) = 8100
[20191022_075934 / lib_ip.py:3982] red : variance --> out of range (variance = 2.926 / upper = 0.430 / lower = 0.000)
[20191022_075934 / lib_ip.py:3753] file = 2019-10-21_18-13-48_000.jpg / val_Average = 108.7789	val_Variance = 2.9260	sd = 1.7106	max = 118	min = 103
[20191022_075934 / lib_ip.py:4052] len(Hs) = 8100, len(Ss) = 8100, len(Vs) = 8100
[20191022_075934 / lib_ip.py:4099] green : variance --> out of range (variance = 2.926 / upper = 0.760 / lower = 0.000)
[20191022_075934 / lib_ip.py:3753] file = 2019-10-21_18-13-48_000.jpg / val_Average = 108.7789	val_Variance = 2.9260	sd = 1.7106	max = 118	min = 103
[20191022_075934 / lib_ip.py:4169] len(Hs) = 8100, len(Ss) = 8100, len(Vs) = 8100
[20191022_075934 / lib_ip.py:4208] blue : variance --> out of range (variance = 2.926 / upper = 0.930 / lower = 0.010)
[20191022_075934 / lib_ip.py:3753] file = 2019-10-21_18-13-48_000.jpg / val_Average = 108.7789	val_Variance = 2.9260	sd = 1.7106	max = 118	min = 103
[20191022_075934 / lib_ip.py:4275] len(Hs) = 8100, len(Ss) = 8100, len(Vs) = 8100
[20191022_075934 / lib_ip.py:4314] pink : variance --> out of range (variance = 2.926 / upper = 0.750 / lower = 0.030)
[20191022_075935 / lib_ip.py:3753] file = 2019-10-21_18-13-48_000.jpg / val_Average = 108.7789	val_Variance = 2.9260	sd = 1.7106	max = 118	min = 103
[20191022_075935 / lib_ip.py:4378] len(Hs) = 8100, len(Ss) = 8100, len(Vs) = 8100
[20191022_075935 / lib_ip.py:4422] black : variance --> out of range (variance = 2.926 / upper = 0.000 / lower = 0.000)
[20191022_075935 / lib_ip.py:4593] file : 2019-10-21_18-13-48_000.jpg 0 (black : variance --> out of range (variance = 2.926 / upper = 0.000 / lower = 0.000))
[20191022_075935 / lib_ip.py:4505] 
2019-10-21_18-13-48_000.jpg 1 ---------------------
[20191022_075935 / lib_ip.py:3753] file = 2019-10-21_18-13-48_000.jpg / val_Average = 92.7540	val_Variance = 480.4793	sd = 21.9198	max = 160	min = 0
[20191022_075935 / lib_ip.py:3836] len(Hs) = 8100, len(Ss) = 8100, len(Vs) = 8100
[20191022_075935 / lib_ip.py:3869] yellow : variance --> out of range (variance = 480.479 / upper = 0.650 / lower = 0.000)
[20191022_075935 / lib_ip.py:3753] file = 2019-10-21_18-13-48_000.jpg / val_Average = 92.7540	val_Variance = 480.4793	sd = 21.9198	max = 160	min = 0
[20191022_075935 / lib_ip.py:3936] len(Hs) = 8100, len(Ss) = 8100, len(Vs) = 8100
[20191022_075935 / lib_ip.py:3982] red : variance --> out of range (variance = 480.479 / upper = 0.430 / lower = 0.000)
[20191022_075935 / lib_ip.py:3753] file = 2019-10-21_18-13-48_000.jpg / val_Average = 92.7540	val_Variance = 480.4793	sd = 21.9198	max = 160	min = 0
[20191022_075935 / lib_ip.py:4052] len(Hs) = 8100, len(Ss) = 8100, len(Vs) = 8100
[20191022_075935 / lib_ip.py:4099] green : variance --> out of range (variance = 480.479 / upper = 0.760 / lower = 0.000)
[20191022_075935 / lib_ip.py:3753] file = 2019-10-21_18-13-48_000.jpg / val_Average = 92.7540	val_Variance = 480.4793	sd = 21.9198	max = 160	min = 0
[20191022_075935 / lib_ip.py:4169] len(Hs) = 8100, len(Ss) = 8100, len(Vs) = 8100
[20191022_075935 / lib_ip.py:4208] blue : variance --> out of range (variance = 480.479 / upper = 0.930 / lower = 0.010)
[20191022_075935 / lib_ip.py:3753] file = 2019-10-21_18-13-48_000.jpg / val_Average = 92.7540	val_Variance = 480.4793	sd = 21.9198	max = 160	min = 0
[20191022_075935 / lib_ip.py:4275] len(Hs) = 8100, len(Ss) = 8100, len(Vs) = 8100
[20191022_075936 / lib_ip.py:4314] pink : variance --> out of range (variance = 480.479 / upper = 0.750 / lower = 0.030)
[20191022_075936 / lib_ip.py:3753] file = 2019-10-21_18-13-48_000.jpg / val_Average = 92.7540	val_Variance = 480.4793	sd = 21.9198	max = 160	min = 0
[20191022_075936 / lib_ip.py:4378] len(Hs) = 8100, len(Ss) = 8100, len(Vs) = 8100
[20191022_075936 / lib_ip.py:4422] black : variance --> out of range (variance = 480.479 / upper = 0.000 / lower = 0.000)
[20191022_075936 / lib_ip.py:4593] file : 2019-10-21_18-13-48_000.jpg 1 (black : variance --> out of range (variance = 480.479 / upper = 0.000 / lower = 0.000))
[20191022_075936 / lib_ip.py:4505] 
2019-10-21_18-13-48_000.jpg 2 ---------------------
[20191022_075936 / lib_ip.py:3753] file = 2019-10-21_18-13-48_000.jpg / val_Average = 103.5622	val_Variance = 4190.8367	sd = 64.7367	max = 175	min = 0
[20191022_075936 / lib_ip.py:3836] len(Hs) = 8100, len(Ss) = 8100, len(Vs) = 8100
[20191022_075936 / lib_ip.py:3869] yellow : variance --> out of range (variance = 4190.837 / upper = 0.650 / lower = 0.000)
[20191022_075936 / lib_ip.py:3753] file = 2019-10-21_18-13-48_000.jpg / val_Average = 103.5622	val_Variance = 4190.8367	sd = 64.7367	max = 175	min = 0
[20191022_075936 / lib_ip.py:3936] len(Hs) = 8100, len(Ss) = 8100, len(Vs) = 8100
[20191022_075936 / lib_ip.py:3982] red : variance --> out of range (variance = 4190.837 / upper = 0.430 / lower = 0.000)
[20191022_075936 / lib_ip.py:3753] file = 2019-10-21_18-13-48_000.jpg / val_Average = 103.5622	val_Variance = 4190.8367	sd = 64.7367	max = 175	min = 0
[20191022_075936 / lib_ip.py:4052] len(Hs) = 8100, len(Ss) = 8100, len(Vs) = 8100
[20191022_075936 / lib_ip.py:4099] green : variance --> out of range (variance = 4190.837 / upper = 0.760 / lower = 0.000)
[20191022_075936 / lib_ip.py:3753] file = 2019-10-21_18-13-48_000.jpg / val_Average = 103.5622	val_Variance = 4190.8367	sd = 64.7367	max = 175	min = 0
[20191022_075937 / lib_ip.py:4169] len(Hs) = 8100, len(Ss) = 8100, len(Vs) = 8100
[20191022_075937 / lib_ip.py:4208] blue : variance --> out of range (variance = 4190.837 / upper = 0.930 / lower = 0.010)
[20191022_075937 / lib_ip.py:3753] file = 2019-10-21_18-13-48_000.jpg / val_Average = 103.5622	val_Variance = 4190.8367	sd = 64.7367	max = 175	min = 0
[20191022_075937 / lib_ip.py:4275] len(Hs) = 8100, len(Ss) = 8100, len(Vs) = 8100
[20191022_075937 / lib_ip.py:4314] pink : variance --> out of range (variance = 4190.837 / upper = 0.750 / lower = 0.030)
[20191022_075937 / lib_ip.py:3753] file = 2019-10-21_18-13-48_000.jpg / val_Average = 103.5622	val_Variance = 4190.8367	sd = 64.7367	max = 175	min = 0
[20191022_075937 / lib_ip.py:4378] len(Hs) = 8100, len(Ss) = 8100, len(Vs) = 8100
[20191022_075937 / lib_ip.py:4422] black : variance --> out of range (variance = 4190.837 / upper = 0.000 / lower = 0.000)
[20191022_075937 / lib_ip.py:4593] file : 2019-10-21_18-13-48_000.jpg 2 (black : variance --> out of range (variance = 4190.837 / upper = 0.000 / lower = 0.000))
[20191022_075937 / lib_ip.py:4505] 
2019-10-21_18-13-48_000.jpg 3 ---------------------
[20191022_075937 / lib_ip.py:3753] file = 2019-10-21_18-13-48_000.jpg / val_Average = 121.1453	val_Variance = 0.5953	sd = 0.7716	max = 126	min = 112
[20191022_075937 / lib_ip.py:3836] len(Hs) = 8100, len(Ss) = 8100, len(Vs) = 8100
[20191022_075937 / lib_ip.py:3891] yellow : average --> out of range (average = 121.145 / upper = 99.200 / lower = 85.500)
[20191022_075937 / lib_ip.py:3753] file = 2019-10-21_18-13-48_000.jpg / val_Average = 121.1453	val_Variance = 0.5953	sd = 0.7716	max = 126	min = 112
[20191022_075937 / lib_ip.py:3936] len(Hs) = 8100, len(Ss) = 8100, len(Vs) = 8100
[20191022_075937 / lib_ip.py:3982] red : variance --> out of range (variance = 0.595 / upper = 0.430 / lower = 0.000)
[20191022_075938 / lib_ip.py:3753] file = 2019-10-21_18-13-48_000.jpg / val_Average = 121.1453	val_Variance = 0.5953	sd = 0.7716	max = 126	min = 112
[20191022_075938 / lib_ip.py:4052] len(Hs) = 8100, len(Ss) = 8100, len(Vs) = 8100
[20191022_075938 / lib_ip.py:4124] green : average --> out of range (average = 121.145 / upper = 85.000 / lower = 58.000)
[20191022_075938 / lib_ip.py:3753] file = 2019-10-21_18-13-48_000.jpg / val_Average = 121.1453	val_Variance = 0.5953	sd = 0.7716	max = 126	min = 112
[20191022_075938 / lib_ip.py:4169] len(Hs) = 8100, len(Ss) = 8100, len(Vs) = 8100
[20191022_075938 / lib_ip.py:4230] blue : average --> out of range (average = 121.145 / upper = 17.000 / lower = 8.850)
[20191022_075938 / lib_ip.py:3753] file = 2019-10-21_18-13-48_000.jpg / val_Average = 121.1453	val_Variance = 0.5953	sd = 0.7716	max = 126	min = 112
[20191022_075938 / lib_ip.py:4275] len(Hs) = 8100, len(Ss) = 8100, len(Vs) = 8100
[20191022_075938 / lib_ip.py:4336] pink : average --> out of range (average = 121.145 / upper = 141.000 / lower = 127.900)
[20191022_075938 / lib_ip.py:3753] file = 2019-10-21_18-13-48_000.jpg / val_Average = 121.1453	val_Variance = 0.5953	sd = 0.7716	max = 126	min = 112
[20191022_075938 / lib_ip.py:4378] len(Hs) = 8100, len(Ss) = 8100, len(Vs) = 8100
[20191022_075938 / lib_ip.py:4422] black : variance --> out of range (variance = 0.595 / upper = 0.000 / lower = 0.000)
[20191022_075938 / lib_ip.py:4593] file : 2019-10-21_18-13-48_000.jpg 3 (black : variance --> out of range (variance = 0.595 / upper = 0.000 / lower = 0.000))
[20191022_075938 / lib_ip.py:2021] lo_Color_Names_2 =>
file = img.20191022_075931.2019-10-21_18-13-48_000.jpg.1.png / color name = other
file = img.20191022_075931.2019-10-21_18-13-48_000.jpg.2.png / color name = other
file = img.20191022_075931.2019-10-21_18-13-48_000.jpg.3.png / color name = other
file = img.20191022_075931.2019-10-21_18-13-48_000.jpg.4.png / color name = other
