[20190628_090905 / views.py:1822] gen_Cake_CSV(request) ==> starting... =======================
[20190628_090906 / lib_ip.py:2274] inspecting ===> img.20190628_090906.2019-06-27_11-22-10_000.jpg.1.png
[20190628_090907 / lib_ip.py:4505] 
img.20190628_090906.2019-06-27_11-22-10_000.jpg.1.png 0 ---------------------
[20190628_090907 / lib_ip.py:3753] file = img.20190628_090906.2019-06-27_11-22-10_000.jpg.1.png / val_Average = 118.7507	val_Variance = 112.1881	sd = 10.5919	max = 144	min = 90
[20190628_090907 / lib_ip.py:3836] len(Hs) = 8100, len(Ss) = 8100, len(Vs) = 8100
[20190628_090907 / lib_ip.py:3869] yellow : variance --> out of range (variance = 112.188 / upper = 0.650 / lower = 0.000)
[20190628_090907 / lib_ip.py:3753] file = img.20190628_090906.2019-06-27_11-22-10_000.jpg.1.png / val_Average = 118.7507	val_Variance = 112.1881	sd = 10.5919	max = 144	min = 90
[20190628_090907 / lib_ip.py:3936] len(Hs) = 8100, len(Ss) = 8100, len(Vs) = 8100
[20190628_090907 / lib_ip.py:3982] red : variance --> out of range (variance = 112.188 / upper = 0.430 / lower = 0.000)
[20190628_090907 / lib_ip.py:3753] file = img.20190628_090906.2019-06-27_11-22-10_000.jpg.1.png / val_Average = 118.7507	val_Variance = 112.1881	sd = 10.5919	max = 144	min = 90
[20190628_090907 / lib_ip.py:4052] len(Hs) = 8100, len(Ss) = 8100, len(Vs) = 8100
[20190628_090907 / lib_ip.py:4099] green : variance --> out of range (variance = 112.188 / upper = 0.760 / lower = 0.000)
[20190628_090907 / lib_ip.py:3753] file = img.20190628_090906.2019-06-27_11-22-10_000.jpg.1.png / val_Average = 118.7507	val_Variance = 112.1881	sd = 10.5919	max = 144	min = 90
[20190628_090907 / lib_ip.py:4169] len(Hs) = 8100, len(Ss) = 8100, len(Vs) = 8100
[20190628_090907 / lib_ip.py:4208] blue : variance --> out of range (variance = 112.188 / upper = 0.930 / lower = 0.010)
[20190628_090908 / lib_ip.py:3753] file = img.20190628_090906.2019-06-27_11-22-10_000.jpg.1.png / val_Average = 118.7507	val_Variance = 112.1881	sd = 10.5919	max = 144	min = 90
[20190628_090908 / lib_ip.py:4275] len(Hs) = 8100, len(Ss) = 8100, len(Vs) = 8100
[20190628_090908 / lib_ip.py:4314] pink : variance --> out of range (variance = 112.188 / upper = 0.750 / lower = 0.030)
[20190628_090908 / lib_ip.py:3753] file = img.20190628_090906.2019-06-27_11-22-10_000.jpg.1.png / val_Average = 118.7507	val_Variance = 112.1881	sd = 10.5919	max = 144	min = 90
[20190628_090908 / lib_ip.py:4378] len(Hs) = 8100, len(Ss) = 8100, len(Vs) = 8100
[20190628_090908 / lib_ip.py:4422] black : variance --> out of range (variance = 112.188 / upper = 0.000 / lower = 0.000)
[20190628_090908 / lib_ip.py:4593] file : img.20190628_090906.2019-06-27_11-22-10_000.jpg.1.png 0 (black : variance --> out of range (variance = 112.188 / upper = 0.000 / lower = 0.000))
[20190628_090908 / lib_ip.py:2274] inspecting ===> img.20190628_090906.2019-06-27_11-22-10_000.jpg.2.png
[20190628_090908 / lib_ip.py:4505] 
img.20190628_090906.2019-06-27_11-22-10_000.jpg.2.png 1 ---------------------
[20190628_090908 / lib_ip.py:3753] file = img.20190628_090906.2019-06-27_11-22-10_000.jpg.2.png / val_Average = 57.6715	val_Variance = 655.2379	sd = 25.5976	max = 135	min = 0
[20190628_090908 / lib_ip.py:3836] len(Hs) = 8100, len(Ss) = 8100, len(Vs) = 8100
[20190628_090908 / lib_ip.py:3869] yellow : variance --> out of range (variance = 655.238 / upper = 0.650 / lower = 0.000)
[20190628_090908 / lib_ip.py:3753] file = img.20190628_090906.2019-06-27_11-22-10_000.jpg.2.png / val_Average = 57.6715	val_Variance = 655.2379	sd = 25.5976	max = 135	min = 0
[20190628_090908 / lib_ip.py:3936] len(Hs) = 8100, len(Ss) = 8100, len(Vs) = 8100
[20190628_090908 / lib_ip.py:3982] red : variance --> out of range (variance = 655.238 / upper = 0.430 / lower = 0.000)
[20190628_090908 / lib_ip.py:3753] file = img.20190628_090906.2019-06-27_11-22-10_000.jpg.2.png / val_Average = 57.6715	val_Variance = 655.2379	sd = 25.5976	max = 135	min = 0
[20190628_090908 / lib_ip.py:4052] len(Hs) = 8100, len(Ss) = 8100, len(Vs) = 8100
[20190628_090908 / lib_ip.py:4099] green : variance --> out of range (variance = 655.238 / upper = 0.760 / lower = 0.000)
[20190628_090908 / lib_ip.py:3753] file = img.20190628_090906.2019-06-27_11-22-10_000.jpg.2.png / val_Average = 57.6715	val_Variance = 655.2379	sd = 25.5976	max = 135	min = 0
[20190628_090909 / lib_ip.py:4169] len(Hs) = 8100, len(Ss) = 8100, len(Vs) = 8100
[20190628_090909 / lib_ip.py:4208] blue : variance --> out of range (variance = 655.238 / upper = 0.930 / lower = 0.010)
[20190628_090909 / lib_ip.py:3753] file = img.20190628_090906.2019-06-27_11-22-10_000.jpg.2.png / val_Average = 57.6715	val_Variance = 655.2379	sd = 25.5976	max = 135	min = 0
[20190628_090909 / lib_ip.py:4275] len(Hs) = 8100, len(Ss) = 8100, len(Vs) = 8100
[20190628_090909 / lib_ip.py:4314] pink : variance --> out of range (variance = 655.238 / upper = 0.750 / lower = 0.030)
[20190628_090909 / lib_ip.py:3753] file = img.20190628_090906.2019-06-27_11-22-10_000.jpg.2.png / val_Average = 57.6715	val_Variance = 655.2379	sd = 25.5976	max = 135	min = 0
[20190628_090909 / lib_ip.py:4378] len(Hs) = 8100, len(Ss) = 8100, len(Vs) = 8100
[20190628_090909 / lib_ip.py:4422] black : variance --> out of range (variance = 655.238 / upper = 0.000 / lower = 0.000)
[20190628_090909 / lib_ip.py:4593] file : img.20190628_090906.2019-06-27_11-22-10_000.jpg.2.png 1 (black : variance --> out of range (variance = 655.238 / upper = 0.000 / lower = 0.000))
[20190628_090909 / lib_ip.py:2274] inspecting ===> img.20190628_090906.2019-06-27_11-22-10_000.jpg.3.png
[20190628_090909 / lib_ip.py:4505] 
img.20190628_090906.2019-06-27_11-22-10_000.jpg.3.png 2 ---------------------
[20190628_090909 / lib_ip.py:3753] file = img.20190628_090906.2019-06-27_11-22-10_000.jpg.3.png / val_Average = 74.9959	val_Variance = 0.0046	sd = 0.0675	max = 76	min = 74
[20190628_090909 / lib_ip.py:3836] len(Hs) = 8100, len(Ss) = 8100, len(Vs) = 8100
[20190628_090909 / lib_ip.py:3891] yellow : average --> out of range (average = 74.996 / upper = 99.200 / lower = 85.500)
[20190628_090909 / lib_ip.py:3753] file = img.20190628_090906.2019-06-27_11-22-10_000.jpg.3.png / val_Average = 74.9959	val_Variance = 0.0046	sd = 0.0675	max = 76	min = 74
[20190628_090910 / lib_ip.py:3936] len(Hs) = 8100, len(Ss) = 8100, len(Vs) = 8100
[20190628_090910 / lib_ip.py:4007] red : average --> out of range (average = 74.996 / upper = 124.600 / lower = 115.000)
[20190628_090910 / lib_ip.py:3753] file = img.20190628_090906.2019-06-27_11-22-10_000.jpg.3.png / val_Average = 74.9959	val_Variance = 0.0046	sd = 0.0675	max = 76	min = 74
[20190628_090910 / lib_ip.py:4052] len(Hs) = 8100, len(Ss) = 8100, len(Vs) = 8100
[20190628_090910 / lib_ip.py:2274] inspecting ===> img.20190628_090906.2019-06-27_11-22-10_000.jpg.4.png
[20190628_090910 / lib_ip.py:4505] 
img.20190628_090906.2019-06-27_11-22-10_000.jpg.4.png 3 ---------------------
[20190628_090910 / lib_ip.py:3753] file = img.20190628_090906.2019-06-27_11-22-10_000.jpg.4.png / val_Average = 75.0131	val_Variance = 0.0986	sd = 0.3140	max = 76	min = 74
[20190628_090910 / lib_ip.py:3836] len(Hs) = 8100, len(Ss) = 8100, len(Vs) = 8100
[20190628_090910 / lib_ip.py:3891] yellow : average --> out of range (average = 75.013 / upper = 99.200 / lower = 85.500)
[20190628_090910 / lib_ip.py:3753] file = img.20190628_090906.2019-06-27_11-22-10_000.jpg.4.png / val_Average = 75.0131	val_Variance = 0.0986	sd = 0.3140	max = 76	min = 74
[20190628_090910 / lib_ip.py:3936] len(Hs) = 8100, len(Ss) = 8100, len(Vs) = 8100
[20190628_090910 / lib_ip.py:4007] red : average --> out of range (average = 75.013 / upper = 124.600 / lower = 115.000)
[20190628_090910 / lib_ip.py:3753] file = img.20190628_090906.2019-06-27_11-22-10_000.jpg.4.png / val_Average = 75.0131	val_Variance = 0.0986	sd = 0.3140	max = 76	min = 74
[20190628_090910 / lib_ip.py:4052] len(Hs) = 8100, len(Ss) = 8100, len(Vs) = 8100
[20190628_090910 / lib_ip.py:2274] inspecting ===> img.20190628_090906.2019-06-27_11-22-10_000.jpg.4.png
img.20190628_090906.2019-06-27_11-22-10_000.jpg.1.png => other
img.20190628_090906.2019-06-27_11-22-10_000.jpg.2.png => other
img.20190628_090906.2019-06-27_11-22-10_000.jpg.3.png => other
img.20190628_090906.2019-06-27_11-22-10_000.jpg.4.png => other
[20190628_090910 lib_ip.py:3301] =============== Get 4 corners
dpath_Images = C:\WORKS_2\WS\WS_Others.Art\JVEMV6\46_art\VIRTUAL\Admin_Projects\ip\images
fname_Image = img.20190628_090906.2019-06-27_11-22-10_000.jpg.4.png

[20190628_090911 / lib_ip.py:2274] inspecting ===> img.20190628_090911.2019-06-27_17-06-05_000.jpg.1.png
[20190628_090911 / lib_ip.py:4505] 
img.20190628_090911.2019-06-27_17-06-05_000.jpg.1.png 0 ---------------------
[20190628_090911 / lib_ip.py:3753] file = img.20190628_090911.2019-06-27_17-06-05_000.jpg.1.png / val_Average = 122.2721	val_Variance = 105.8445	sd = 10.2881	max = 160	min = 0
[20190628_090911 / lib_ip.py:3836] len(Hs) = 8100, len(Ss) = 8100, len(Vs) = 8100
[20190628_090911 / lib_ip.py:3869] yellow : variance --> out of range (variance = 105.844 / upper = 0.650 / lower = 0.000)
[20190628_090911 / lib_ip.py:3753] file = img.20190628_090911.2019-06-27_17-06-05_000.jpg.1.png / val_Average = 122.2721	val_Variance = 105.8445	sd = 10.2881	max = 160	min = 0
[20190628_090911 / lib_ip.py:3936] len(Hs) = 8100, len(Ss) = 8100, len(Vs) = 8100
[20190628_090911 / lib_ip.py:3982] red : variance --> out of range (variance = 105.844 / upper = 0.430 / lower = 0.000)
[20190628_090912 / lib_ip.py:3753] file = img.20190628_090911.2019-06-27_17-06-05_000.jpg.1.png / val_Average = 122.2721	val_Variance = 105.8445	sd = 10.2881	max = 160	min = 0
[20190628_090912 / lib_ip.py:4052] len(Hs) = 8100, len(Ss) = 8100, len(Vs) = 8100
[20190628_090912 / lib_ip.py:4099] green : variance --> out of range (variance = 105.844 / upper = 0.760 / lower = 0.000)
[20190628_090912 / lib_ip.py:3753] file = img.20190628_090911.2019-06-27_17-06-05_000.jpg.1.png / val_Average = 122.2721	val_Variance = 105.8445	sd = 10.2881	max = 160	min = 0
[20190628_090912 / lib_ip.py:4169] len(Hs) = 8100, len(Ss) = 8100, len(Vs) = 8100
[20190628_090912 / lib_ip.py:4208] blue : variance --> out of range (variance = 105.844 / upper = 0.930 / lower = 0.010)
[20190628_090912 / lib_ip.py:3753] file = img.20190628_090911.2019-06-27_17-06-05_000.jpg.1.png / val_Average = 122.2721	val_Variance = 105.8445	sd = 10.2881	max = 160	min = 0
[20190628_090912 / lib_ip.py:4275] len(Hs) = 8100, len(Ss) = 8100, len(Vs) = 8100
[20190628_090912 / lib_ip.py:4314] pink : variance --> out of range (variance = 105.844 / upper = 0.750 / lower = 0.030)
[20190628_090912 / lib_ip.py:3753] file = img.20190628_090911.2019-06-27_17-06-05_000.jpg.1.png / val_Average = 122.2721	val_Variance = 105.8445	sd = 10.2881	max = 160	min = 0
[20190628_090912 / lib_ip.py:4378] len(Hs) = 8100, len(Ss) = 8100, len(Vs) = 8100
[20190628_090912 / lib_ip.py:4422] black : variance --> out of range (variance = 105.844 / upper = 0.000 / lower = 0.000)
[20190628_090912 / lib_ip.py:4593] file : img.20190628_090911.2019-06-27_17-06-05_000.jpg.1.png 0 (black : variance --> out of range (variance = 105.844 / upper = 0.000 / lower = 0.000))
[20190628_090912 / lib_ip.py:2274] inspecting ===> img.20190628_090911.2019-06-27_17-06-05_000.jpg.2.png
[20190628_090912 / lib_ip.py:4505] 
img.20190628_090911.2019-06-27_17-06-05_000.jpg.2.png 1 ---------------------
[20190628_090912 / lib_ip.py:3753] file = img.20190628_090911.2019-06-27_17-06-05_000.jpg.2.png / val_Average = 92.6688	val_Variance = 367.9274	sd = 19.1814	max = 135	min = 0
[20190628_090912 / lib_ip.py:3836] len(Hs) = 8100, len(Ss) = 8100, len(Vs) = 8100
[20190628_090912 / lib_ip.py:3869] yellow : variance --> out of range (variance = 367.927 / upper = 0.650 / lower = 0.000)
[20190628_090912 / lib_ip.py:3753] file = img.20190628_090911.2019-06-27_17-06-05_000.jpg.2.png / val_Average = 92.6688	val_Variance = 367.9274	sd = 19.1814	max = 135	min = 0
[20190628_090912 / lib_ip.py:3936] len(Hs) = 8100, len(Ss) = 8100, len(Vs) = 8100
[20190628_090912 / lib_ip.py:3982] red : variance --> out of range (variance = 367.927 / upper = 0.430 / lower = 0.000)
[20190628_090913 / lib_ip.py:3753] file = img.20190628_090911.2019-06-27_17-06-05_000.jpg.2.png / val_Average = 92.6688	val_Variance = 367.9274	sd = 19.1814	max = 135	min = 0
[20190628_090913 / lib_ip.py:4052] len(Hs) = 8100, len(Ss) = 8100, len(Vs) = 8100
[20190628_090913 / lib_ip.py:4099] green : variance --> out of range (variance = 367.927 / upper = 0.760 / lower = 0.000)
[20190628_090913 / lib_ip.py:3753] file = img.20190628_090911.2019-06-27_17-06-05_000.jpg.2.png / val_Average = 92.6688	val_Variance = 367.9274	sd = 19.1814	max = 135	min = 0
[20190628_090913 / lib_ip.py:4169] len(Hs) = 8100, len(Ss) = 8100, len(Vs) = 8100
[20190628_090913 / lib_ip.py:4208] blue : variance --> out of range (variance = 367.927 / upper = 0.930 / lower = 0.010)
[20190628_090913 / lib_ip.py:3753] file = img.20190628_090911.2019-06-27_17-06-05_000.jpg.2.png / val_Average = 92.6688	val_Variance = 367.9274	sd = 19.1814	max = 135	min = 0
[20190628_090913 / lib_ip.py:4275] len(Hs) = 8100, len(Ss) = 8100, len(Vs) = 8100
[20190628_090913 / lib_ip.py:4314] pink : variance --> out of range (variance = 367.927 / upper = 0.750 / lower = 0.030)
[20190628_090913 / lib_ip.py:3753] file = img.20190628_090911.2019-06-27_17-06-05_000.jpg.2.png / val_Average = 92.6688	val_Variance = 367.9274	sd = 19.1814	max = 135	min = 0
[20190628_090913 / lib_ip.py:4378] len(Hs) = 8100, len(Ss) = 8100, len(Vs) = 8100
[20190628_090913 / lib_ip.py:4422] black : variance --> out of range (variance = 367.927 / upper = 0.000 / lower = 0.000)
[20190628_090913 / lib_ip.py:4593] file : img.20190628_090911.2019-06-27_17-06-05_000.jpg.2.png 1 (black : variance --> out of range (variance = 367.927 / upper = 0.000 / lower = 0.000))
[20190628_090913 / lib_ip.py:2274] inspecting ===> img.20190628_090911.2019-06-27_17-06-05_000.jpg.3.png
[20190628_090913 / lib_ip.py:4505] 
img.20190628_090911.2019-06-27_17-06-05_000.jpg.3.png 2 ---------------------
[20190628_090914 / lib_ip.py:3753] file = img.20190628_090911.2019-06-27_17-06-05_000.jpg.3.png / val_Average = 108.9498	val_Variance = 3.6495	sd = 1.9104	max = 115	min = 103
[20190628_090914 / lib_ip.py:3836] len(Hs) = 8100, len(Ss) = 8100, len(Vs) = 8100
[20190628_090914 / lib_ip.py:3869] yellow : variance --> out of range (variance = 3.649 / upper = 0.650 / lower = 0.000)
[20190628_090914 / lib_ip.py:3753] file = img.20190628_090911.2019-06-27_17-06-05_000.jpg.3.png / val_Average = 108.9498	val_Variance = 3.6495	sd = 1.9104	max = 115	min = 103
[20190628_090914 / lib_ip.py:3936] len(Hs) = 8100, len(Ss) = 8100, len(Vs) = 8100
[20190628_090914 / lib_ip.py:3982] red : variance --> out of range (variance = 3.649 / upper = 0.430 / lower = 0.000)
[20190628_090914 / lib_ip.py:3753] file = img.20190628_090911.2019-06-27_17-06-05_000.jpg.3.png / val_Average = 108.9498	val_Variance = 3.6495	sd = 1.9104	max = 115	min = 103
[20190628_090914 / lib_ip.py:4052] len(Hs) = 8100, len(Ss) = 8100, len(Vs) = 8100
[20190628_090914 / lib_ip.py:4099] green : variance --> out of range (variance = 3.649 / upper = 0.760 / lower = 0.000)
[20190628_090914 / lib_ip.py:3753] file = img.20190628_090911.2019-06-27_17-06-05_000.jpg.3.png / val_Average = 108.9498	val_Variance = 3.6495	sd = 1.9104	max = 115	min = 103
[20190628_090914 / lib_ip.py:4169] len(Hs) = 8100, len(Ss) = 8100, len(Vs) = 8100
[20190628_090914 / lib_ip.py:4208] blue : variance --> out of range (variance = 3.649 / upper = 0.930 / lower = 0.010)
[20190628_090914 / lib_ip.py:3753] file = img.20190628_090911.2019-06-27_17-06-05_000.jpg.3.png / val_Average = 108.9498	val_Variance = 3.6495	sd = 1.9104	max = 115	min = 103
[20190628_090914 / lib_ip.py:4275] len(Hs) = 8100, len(Ss) = 8100, len(Vs) = 8100
[20190628_090914 / lib_ip.py:4314] pink : variance --> out of range (variance = 3.649 / upper = 0.750 / lower = 0.030)
[20190628_090914 / lib_ip.py:3753] file = img.20190628_090911.2019-06-27_17-06-05_000.jpg.3.png / val_Average = 108.9498	val_Variance = 3.6495	sd = 1.9104	max = 115	min = 103
[20190628_090914 / lib_ip.py:4378] len(Hs) = 8100, len(Ss) = 8100, len(Vs) = 8100
[20190628_090914 / lib_ip.py:4422] black : variance --> out of range (variance = 3.649 / upper = 0.000 / lower = 0.000)
[20190628_090914 / lib_ip.py:4593] file : img.20190628_090911.2019-06-27_17-06-05_000.jpg.3.png 2 (black : variance --> out of range (variance = 3.649 / upper = 0.000 / lower = 0.000))
[20190628_090914 / lib_ip.py:2274] inspecting ===> img.20190628_090911.2019-06-27_17-06-05_000.jpg.4.png
[20190628_090915 / lib_ip.py:4505] 
img.20190628_090911.2019-06-27_17-06-05_000.jpg.4.png 3 ---------------------
[20190628_090915 / lib_ip.py:3753] file = img.20190628_090911.2019-06-27_17-06-05_000.jpg.4.png / val_Average = 120.7559	val_Variance = 0.1966	sd = 0.4434	max = 122	min = 120
[20190628_090915 / lib_ip.py:3836] len(Hs) = 8100, len(Ss) = 8100, len(Vs) = 8100
[20190628_090915 / lib_ip.py:3891] yellow : average --> out of range (average = 120.756 / upper = 99.200 / lower = 85.500)
[20190628_090915 / lib_ip.py:3753] file = img.20190628_090911.2019-06-27_17-06-05_000.jpg.4.png / val_Average = 120.7559	val_Variance = 0.1966	sd = 0.4434	max = 122	min = 120
[20190628_090915 / lib_ip.py:3936] len(Hs) = 8100, len(Ss) = 8100, len(Vs) = 8100
[20190628_090914 / lib_ip.py:2274] inspecting ===> img.20190628_090911.2019-06-27_17-06-05_000.jpg.4.png
img.20190628_090911.2019-06-27_17-06-05_000.jpg.1.png => other
img.20190628_090911.2019-06-27_17-06-05_000.jpg.2.png => other
img.20190628_090911.2019-06-27_17-06-05_000.jpg.3.png => other
img.20190628_090911.2019-06-27_17-06-05_000.jpg.4.png => other
[20190628_090915 lib_ip.py:3301] =============== Get 4 corners
dpath_Images = C:\WORKS_2\WS\WS_Others.Art\JVEMV6\46_art\VIRTUAL\Admin_Projects\ip\images
fname_Image = img.20190628_090911.2019-06-27_17-06-05_000.jpg.4.png

[20190628_090916 / lib_ip.py:2274] inspecting ===> img.20190628_090915.2019-06-27_17-06-20_000.jpg.1.png
[20190628_090916 / lib_ip.py:4505] 
img.20190628_090915.2019-06-27_17-06-20_000.jpg.1.png 0 ---------------------
[20190628_090916 / lib_ip.py:3753] file = img.20190628_090915.2019-06-27_17-06-20_000.jpg.1.png / val_Average = 118.3753	val_Variance = 26.6984	sd = 5.1670	max = 131	min = 101
[20190628_090916 / lib_ip.py:3836] len(Hs) = 8100, len(Ss) = 8100, len(Vs) = 8100
[20190628_090916 / lib_ip.py:3869] yellow : variance --> out of range (variance = 26.698 / upper = 0.650 / lower = 0.000)
[20190628_090916 / lib_ip.py:3753] file = img.20190628_090915.2019-06-27_17-06-20_000.jpg.1.png / val_Average = 118.3753	val_Variance = 26.6984	sd = 5.1670	max = 131	min = 101
[20190628_090916 / lib_ip.py:3936] len(Hs) = 8100, len(Ss) = 8100, len(Vs) = 8100
[20190628_090916 / lib_ip.py:3982] red : variance --> out of range (variance = 26.698 / upper = 0.430 / lower = 0.000)
[20190628_090916 / lib_ip.py:3753] file = img.20190628_090915.2019-06-27_17-06-20_000.jpg.1.png / val_Average = 118.3753	val_Variance = 26.6984	sd = 5.1670	max = 131	min = 101
[20190628_090916 / lib_ip.py:4052] len(Hs) = 8100, len(Ss) = 8100, len(Vs) = 8100
[20190628_090916 / lib_ip.py:4099] green : variance --> out of range (variance = 26.698 / upper = 0.760 / lower = 0.000)
[20190628_090916 / lib_ip.py:3753] file = img.20190628_090915.2019-06-27_17-06-20_000.jpg.1.png / val_Average = 118.3753	val_Variance = 26.6984	sd = 5.1670	max = 131	min = 101
[20190628_090916 / lib_ip.py:4169] len(Hs) = 8100, len(Ss) = 8100, len(Vs) = 8100
[20190628_090916 / lib_ip.py:4208] blue : variance --> out of range (variance = 26.698 / upper = 0.930 / lower = 0.010)
[20190628_090916 / lib_ip.py:3753] file = img.20190628_090915.2019-06-27_17-06-20_000.jpg.1.png / val_Average = 118.3753	val_Variance = 26.6984	sd = 5.1670	max = 131	min = 101
[20190628_090916 / lib_ip.py:4275] len(Hs) = 8100, len(Ss) = 8100, len(Vs) = 8100
[20190628_090916 / lib_ip.py:4314] pink : variance --> out of range (variance = 26.698 / upper = 0.750 / lower = 0.030)
[20190628_090917 / lib_ip.py:3753] file = img.20190628_090915.2019-06-27_17-06-20_000.jpg.1.png / val_Average = 118.3753	val_Variance = 26.6984	sd = 5.1670	max = 131	min = 101
[20190628_090917 / lib_ip.py:4378] len(Hs) = 8100, len(Ss) = 8100, len(Vs) = 8100
[20190628_090917 / lib_ip.py:4422] black : variance --> out of range (variance = 26.698 / upper = 0.000 / lower = 0.000)
[20190628_090917 / lib_ip.py:4593] file : img.20190628_090915.2019-06-27_17-06-20_000.jpg.1.png 0 (black : variance --> out of range (variance = 26.698 / upper = 0.000 / lower = 0.000))
[20190628_090917 / lib_ip.py:2274] inspecting ===> img.20190628_090915.2019-06-27_17-06-20_000.jpg.2.png
[20190628_090917 / lib_ip.py:4505] 
img.20190628_090915.2019-06-27_17-06-20_000.jpg.2.png 1 ---------------------
[20190628_090917 / lib_ip.py:3753] file = img.20190628_090915.2019-06-27_17-06-20_000.jpg.2.png / val_Average = 121.2706	val_Variance = 0.1974	sd = 0.4443	max = 122	min = 121
[20190628_090917 / lib_ip.py:3836] len(Hs) = 8100, len(Ss) = 8100, len(Vs) = 8100
[20190628_090917 / lib_ip.py:3891] yellow : average --> out of range (average = 121.271 / upper = 99.200 / lower = 85.500)
[20190628_090917 / lib_ip.py:3753] file = img.20190628_090915.2019-06-27_17-06-20_000.jpg.2.png / val_Average = 121.2706	val_Variance = 0.1974	sd = 0.4443	max = 122	min = 121
[20190628_090917 / lib_ip.py:3936] len(Hs) = 8100, len(Ss) = 8100, len(Vs) = 8100
[20190628_090917 / lib_ip.py:2274] inspecting ===> img.20190628_090915.2019-06-27_17-06-20_000.jpg.3.png
[20190628_090918 / lib_ip.py:4505] 
img.20190628_090915.2019-06-27_17-06-20_000.jpg.3.png 2 ---------------------
[20190628_090918 / lib_ip.py:3753] file = img.20190628_090915.2019-06-27_17-06-20_000.jpg.3.png / val_Average = 113.7044	val_Variance = 1476.9349	sd = 38.4309	max = 174	min = 0
[20190628_090918 / lib_ip.py:3836] len(Hs) = 8100, len(Ss) = 8100, len(Vs) = 8100
[20190628_090918 / lib_ip.py:3869] yellow : variance --> out of range (variance = 1476.935 / upper = 0.650 / lower = 0.000)
[20190628_090918 / lib_ip.py:3753] file = img.20190628_090915.2019-06-27_17-06-20_000.jpg.3.png / val_Average = 113.7044	val_Variance = 1476.9349	sd = 38.4309	max = 174	min = 0
[20190628_090918 / lib_ip.py:3936] len(Hs) = 8100, len(Ss) = 8100, len(Vs) = 8100
[20190628_090918 / lib_ip.py:3982] red : variance --> out of range (variance = 1476.935 / upper = 0.430 / lower = 0.000)
[20190628_090918 / lib_ip.py:3753] file = img.20190628_090915.2019-06-27_17-06-20_000.jpg.3.png / val_Average = 113.7044	val_Variance = 1476.9349	sd = 38.4309	max = 174	min = 0
[20190628_090918 / lib_ip.py:4052] len(Hs) = 8100, len(Ss) = 8100, len(Vs) = 8100
[20190628_090918 / lib_ip.py:4099] green : variance --> out of range (variance = 1476.935 / upper = 0.760 / lower = 0.000)
[20190628_090918 / lib_ip.py:3753] file = img.20190628_090915.2019-06-27_17-06-20_000.jpg.3.png / val_Average = 113.7044	val_Variance = 1476.9349	sd = 38.4309	max = 174	min = 0
[20190628_090918 / lib_ip.py:4169] len(Hs) = 8100, len(Ss) = 8100, len(Vs) = 8100
[20190628_090918 / lib_ip.py:4208] blue : variance --> out of range (variance = 1476.935 / upper = 0.930 / lower = 0.010)
[20190628_090918 / lib_ip.py:3753] file = img.20190628_090915.2019-06-27_17-06-20_000.jpg.3.png / val_Average = 113.7044	val_Variance = 1476.9349	sd = 38.4309	max = 174	min = 0
[20190628_090918 / lib_ip.py:4275] len(Hs) = 8100, len(Ss) = 8100, len(Vs) = 8100
[20190628_090918 / lib_ip.py:4314] pink : variance --> out of range (variance = 1476.935 / upper = 0.750 / lower = 0.030)
[20190628_090918 / lib_ip.py:3753] file = img.20190628_090915.2019-06-27_17-06-20_000.jpg.3.png / val_Average = 113.7044	val_Variance = 1476.9349	sd = 38.4309	max = 174	min = 0
[20190628_090918 / lib_ip.py:4378] len(Hs) = 8100, len(Ss) = 8100, len(Vs) = 8100
[20190628_090918 / lib_ip.py:4422] black : variance --> out of range (variance = 1476.935 / upper = 0.000 / lower = 0.000)
[20190628_090918 / lib_ip.py:4593] file : img.20190628_090915.2019-06-27_17-06-20_000.jpg.3.png 2 (black : variance --> out of range (variance = 1476.935 / upper = 0.000 / lower = 0.000))
[20190628_090918 / lib_ip.py:2274] inspecting ===> img.20190628_090915.2019-06-27_17-06-20_000.jpg.4.png
[20190628_090919 / lib_ip.py:4505] 
img.20190628_090915.2019-06-27_17-06-20_000.jpg.4.png 3 ---------------------
[20190628_090919 / lib_ip.py:3753] file = img.20190628_090915.2019-06-27_17-06-20_000.jpg.4.png / val_Average = 112.2247	val_Variance = 9.6436	sd = 3.1054	max = 123	min = 104
[20190628_090919 / lib_ip.py:3836] len(Hs) = 8100, len(Ss) = 8100, len(Vs) = 8100
[20190628_090919 / lib_ip.py:3869] yellow : variance --> out of range (variance = 9.644 / upper = 0.650 / lower = 0.000)
[20190628_090919 / lib_ip.py:3753] file = img.20190628_090915.2019-06-27_17-06-20_000.jpg.4.png / val_Average = 112.2247	val_Variance = 9.6436	sd = 3.1054	max = 123	min = 104
[20190628_090919 / lib_ip.py:3936] len(Hs) = 8100, len(Ss) = 8100, len(Vs) = 8100
[20190628_090919 / lib_ip.py:3982] red : variance --> out of range (variance = 9.644 / upper = 0.430 / lower = 0.000)
[20190628_090919 / lib_ip.py:3753] file = img.20190628_090915.2019-06-27_17-06-20_000.jpg.4.png / val_Average = 112.2247	val_Variance = 9.6436	sd = 3.1054	max = 123	min = 104
[20190628_090919 / lib_ip.py:4052] len(Hs) = 8100, len(Ss) = 8100, len(Vs) = 8100
[20190628_090919 / lib_ip.py:4099] green : variance --> out of range (variance = 9.644 / upper = 0.760 / lower = 0.000)
[20190628_090919 / lib_ip.py:3753] file = img.20190628_090915.2019-06-27_17-06-20_000.jpg.4.png / val_Average = 112.2247	val_Variance = 9.6436	sd = 3.1054	max = 123	min = 104
[20190628_090919 / lib_ip.py:4169] len(Hs) = 8100, len(Ss) = 8100, len(Vs) = 8100
[20190628_090919 / lib_ip.py:4208] blue : variance --> out of range (variance = 9.644 / upper = 0.930 / lower = 0.010)
[20190628_090919 / lib_ip.py:3753] file = img.20190628_090915.2019-06-27_17-06-20_000.jpg.4.png / val_Average = 112.2247	val_Variance = 9.6436	sd = 3.1054	max = 123	min = 104
[20190628_090919 / lib_ip.py:4275] len(Hs) = 8100, len(Ss) = 8100, len(Vs) = 8100
[20190628_090919 / lib_ip.py:4314] pink : variance --> out of range (variance = 9.644 / upper = 0.750 / lower = 0.030)
[20190628_090919 / lib_ip.py:3753] file = img.20190628_090915.2019-06-27_17-06-20_000.jpg.4.png / val_Average = 112.2247	val_Variance = 9.6436	sd = 3.1054	max = 123	min = 104
[20190628_090919 / lib_ip.py:4378] len(Hs) = 8100, len(Ss) = 8100, len(Vs) = 8100
[20190628_090920 / lib_ip.py:4422] black : variance --> out of range (variance = 9.644 / upper = 0.000 / lower = 0.000)
[20190628_090920 / lib_ip.py:4593] file : img.20190628_090915.2019-06-27_17-06-20_000.jpg.4.png 3 (black : variance --> out of range (variance = 9.644 / upper = 0.000 / lower = 0.000))
[20190628_090918 / lib_ip.py:2274] inspecting ===> img.20190628_090915.2019-06-27_17-06-20_000.jpg.4.png
img.20190628_090915.2019-06-27_17-06-20_000.jpg.1.png => other
img.20190628_090915.2019-06-27_17-06-20_000.jpg.2.png => other
img.20190628_090915.2019-06-27_17-06-20_000.jpg.3.png => other
img.20190628_090915.2019-06-27_17-06-20_000.jpg.4.png => other
[20190628_090920 lib_ip.py:3301] =============== Get 4 corners
dpath_Images = C:\WORKS_2\WS\WS_Others.Art\JVEMV6\46_art\VIRTUAL\Admin_Projects\ip\images
fname_Image = img.20190628_090915.2019-06-27_17-06-20_000.jpg.4.png

[20190628_090920 / lib_ip.py:2274] inspecting ===> img.20190628_090920.2019-06-27_20-48-16_000.jpg.1.png
[20190628_090920 / lib_ip.py:4505] 
img.20190628_090920.2019-06-27_20-48-16_000.jpg.1.png 0 ---------------------
[20190628_090921 / lib_ip.py:3753] file = img.20190628_090920.2019-06-27_20-48-16_000.jpg.1.png / val_Average = 101.7270	val_Variance = 583.6306	sd = 24.1584	max = 135	min = 0
[20190628_090921 / lib_ip.py:3836] len(Hs) = 8100, len(Ss) = 8100, len(Vs) = 8100
[20190628_090921 / lib_ip.py:3869] yellow : variance --> out of range (variance = 583.631 / upper = 0.650 / lower = 0.000)
[20190628_090921 / lib_ip.py:3753] file = img.20190628_090920.2019-06-27_20-48-16_000.jpg.1.png / val_Average = 101.7270	val_Variance = 583.6306	sd = 24.1584	max = 135	min = 0
[20190628_090921 / lib_ip.py:3936] len(Hs) = 8100, len(Ss) = 8100, len(Vs) = 8100
[20190628_090921 / lib_ip.py:3982] red : variance --> out of range (variance = 583.631 / upper = 0.430 / lower = 0.000)
[20190628_090921 / lib_ip.py:3753] file = img.20190628_090920.2019-06-27_20-48-16_000.jpg.1.png / val_Average = 101.7270	val_Variance = 583.6306	sd = 24.1584	max = 135	min = 0
[20190628_090921 / lib_ip.py:4052] len(Hs) = 8100, len(Ss) = 8100, len(Vs) = 8100
[20190628_090921 / lib_ip.py:4099] green : variance --> out of range (variance = 583.631 / upper = 0.760 / lower = 0.000)
[20190628_090921 / lib_ip.py:3753] file = img.20190628_090920.2019-06-27_20-48-16_000.jpg.1.png / val_Average = 101.7270	val_Variance = 583.6306	sd = 24.1584	max = 135	min = 0
[20190628_090921 / lib_ip.py:4169] len(Hs) = 8100, len(Ss) = 8100, len(Vs) = 8100
[20190628_090921 / lib_ip.py:4208] blue : variance --> out of range (variance = 583.631 / upper = 0.930 / lower = 0.010)
[20190628_090921 / lib_ip.py:3753] file = img.20190628_090920.2019-06-27_20-48-16_000.jpg.1.png / val_Average = 101.7270	val_Variance = 583.6306	sd = 24.1584	max = 135	min = 0
[20190628_090921 / lib_ip.py:4275] len(Hs) = 8100, len(Ss) = 8100, len(Vs) = 8100
[20190628_090921 / lib_ip.py:4314] pink : variance --> out of range (variance = 583.631 / upper = 0.750 / lower = 0.030)
[20190628_090921 / lib_ip.py:3753] file = img.20190628_090920.2019-06-27_20-48-16_000.jpg.1.png / val_Average = 101.7270	val_Variance = 583.6306	sd = 24.1584	max = 135	min = 0
[20190628_090921 / lib_ip.py:4378] len(Hs) = 8100, len(Ss) = 8100, len(Vs) = 8100
[20190628_090921 / lib_ip.py:4422] black : variance --> out of range (variance = 583.631 / upper = 0.000 / lower = 0.000)
[20190628_090921 / lib_ip.py:4593] file : img.20190628_090920.2019-06-27_20-48-16_000.jpg.1.png 0 (black : variance --> out of range (variance = 583.631 / upper = 0.000 / lower = 0.000))
[20190628_090921 / lib_ip.py:2274] inspecting ===> img.20190628_090920.2019-06-27_20-48-16_000.jpg.2.png
[20190628_090921 / lib_ip.py:4505] 
img.20190628_090920.2019-06-27_20-48-16_000.jpg.2.png 1 ---------------------
[20190628_090922 / lib_ip.py:3753] file = img.20190628_090920.2019-06-27_20-48-16_000.jpg.2.png / val_Average = 93.8878	val_Variance = 0.0996	sd = 0.3156	max = 94	min = 93
[20190628_090922 / lib_ip.py:3836] len(Hs) = 8100, len(Ss) = 8100, len(Vs) = 8100
[20190628_090922 / lib_ip.py:2274] inspecting ===> img.20190628_090920.2019-06-27_20-48-16_000.jpg.3.png
[20190628_090922 / lib_ip.py:4505] 
img.20190628_090920.2019-06-27_20-48-16_000.jpg.3.png 2 ---------------------
[20190628_090922 / lib_ip.py:3753] file = img.20190628_090920.2019-06-27_20-48-16_000.jpg.3.png / val_Average = 55.6705	val_Variance = 1829.9404	sd = 42.7778	max = 160	min = 0
[20190628_090922 / lib_ip.py:3836] len(Hs) = 8100, len(Ss) = 8100, len(Vs) = 8100
[20190628_090922 / lib_ip.py:3869] yellow : variance --> out of range (variance = 1829.940 / upper = 0.650 / lower = 0.000)
[20190628_090922 / lib_ip.py:3753] file = img.20190628_090920.2019-06-27_20-48-16_000.jpg.3.png / val_Average = 55.6705	val_Variance = 1829.9404	sd = 42.7778	max = 160	min = 0
[20190628_090922 / lib_ip.py:3936] len(Hs) = 8100, len(Ss) = 8100, len(Vs) = 8100
[20190628_090922 / lib_ip.py:3982] red : variance --> out of range (variance = 1829.940 / upper = 0.430 / lower = 0.000)
[20190628_090922 / lib_ip.py:3753] file = img.20190628_090920.2019-06-27_20-48-16_000.jpg.3.png / val_Average = 55.6705	val_Variance = 1829.9404	sd = 42.7778	max = 160	min = 0
[20190628_090922 / lib_ip.py:4052] len(Hs) = 8100, len(Ss) = 8100, len(Vs) = 8100
[20190628_090922 / lib_ip.py:4099] green : variance --> out of range (variance = 1829.940 / upper = 0.760 / lower = 0.000)
[20190628_090922 / lib_ip.py:3753] file = img.20190628_090920.2019-06-27_20-48-16_000.jpg.3.png / val_Average = 55.6705	val_Variance = 1829.9404	sd = 42.7778	max = 160	min = 0
[20190628_090922 / lib_ip.py:4169] len(Hs) = 8100, len(Ss) = 8100, len(Vs) = 8100
[20190628_090923 / lib_ip.py:4208] blue : variance --> out of range (variance = 1829.940 / upper = 0.930 / lower = 0.010)
[20190628_090923 / lib_ip.py:3753] file = img.20190628_090920.2019-06-27_20-48-16_000.jpg.3.png / val_Average = 55.6705	val_Variance = 1829.9404	sd = 42.7778	max = 160	min = 0
[20190628_090923 / lib_ip.py:4275] len(Hs) = 8100, len(Ss) = 8100, len(Vs) = 8100
[20190628_090923 / lib_ip.py:4314] pink : variance --> out of range (variance = 1829.940 / upper = 0.750 / lower = 0.030)
[20190628_090923 / lib_ip.py:3753] file = img.20190628_090920.2019-06-27_20-48-16_000.jpg.3.png / val_Average = 55.6705	val_Variance = 1829.9404	sd = 42.7778	max = 160	min = 0
[20190628_090923 / lib_ip.py:4378] len(Hs) = 8100, len(Ss) = 8100, len(Vs) = 8100
[20190628_090923 / lib_ip.py:4422] black : variance --> out of range (variance = 1829.940 / upper = 0.000 / lower = 0.000)
[20190628_090923 / lib_ip.py:4593] file : img.20190628_090920.2019-06-27_20-48-16_000.jpg.3.png 2 (black : variance --> out of range (variance = 1829.940 / upper = 0.000 / lower = 0.000))
[20190628_090923 / lib_ip.py:2274] inspecting ===> img.20190628_090920.2019-06-27_20-48-16_000.jpg.4.png
[20190628_090923 / lib_ip.py:4505] 
img.20190628_090920.2019-06-27_20-48-16_000.jpg.4.png 3 ---------------------
[20190628_090923 / lib_ip.py:3753] file = img.20190628_090920.2019-06-27_20-48-16_000.jpg.4.png / val_Average = 87.9828	val_Variance = 1282.6156	sd = 35.8136	max = 160	min = 0
[20190628_090923 / lib_ip.py:3836] len(Hs) = 8100, len(Ss) = 8100, len(Vs) = 8100
[20190628_090923 / lib_ip.py:3869] yellow : variance --> out of range (variance = 1282.616 / upper = 0.650 / lower = 0.000)
[20190628_090923 / lib_ip.py:3753] file = img.20190628_090920.2019-06-27_20-48-16_000.jpg.4.png / val_Average = 87.9828	val_Variance = 1282.6156	sd = 35.8136	max = 160	min = 0
[20190628_090923 / lib_ip.py:3936] len(Hs) = 8100, len(Ss) = 8100, len(Vs) = 8100
[20190628_090923 / lib_ip.py:3982] red : variance --> out of range (variance = 1282.616 / upper = 0.430 / lower = 0.000)
[20190628_090923 / lib_ip.py:3753] file = img.20190628_090920.2019-06-27_20-48-16_000.jpg.4.png / val_Average = 87.9828	val_Variance = 1282.6156	sd = 35.8136	max = 160	min = 0
[20190628_090923 / lib_ip.py:4052] len(Hs) = 8100, len(Ss) = 8100, len(Vs) = 8100
[20190628_090924 / lib_ip.py:4099] green : variance --> out of range (variance = 1282.616 / upper = 0.760 / lower = 0.000)
[20190628_090924 / lib_ip.py:3753] file = img.20190628_090920.2019-06-27_20-48-16_000.jpg.4.png / val_Average = 87.9828	val_Variance = 1282.6156	sd = 35.8136	max = 160	min = 0
[20190628_090924 / lib_ip.py:4169] len(Hs) = 8100, len(Ss) = 8100, len(Vs) = 8100
[20190628_090924 / lib_ip.py:4208] blue : variance --> out of range (variance = 1282.616 / upper = 0.930 / lower = 0.010)
[20190628_090924 / lib_ip.py:3753] file = img.20190628_090920.2019-06-27_20-48-16_000.jpg.4.png / val_Average = 87.9828	val_Variance = 1282.6156	sd = 35.8136	max = 160	min = 0
[20190628_090924 / lib_ip.py:4275] len(Hs) = 8100, len(Ss) = 8100, len(Vs) = 8100
[20190628_090924 / lib_ip.py:4314] pink : variance --> out of range (variance = 1282.616 / upper = 0.750 / lower = 0.030)
[20190628_090924 / lib_ip.py:3753] file = img.20190628_090920.2019-06-27_20-48-16_000.jpg.4.png / val_Average = 87.9828	val_Variance = 1282.6156	sd = 35.8136	max = 160	min = 0
[20190628_090924 / lib_ip.py:4378] len(Hs) = 8100, len(Ss) = 8100, len(Vs) = 8100
[20190628_090924 / lib_ip.py:4422] black : variance --> out of range (variance = 1282.616 / upper = 0.000 / lower = 0.000)
[20190628_090924 / lib_ip.py:4593] file : img.20190628_090920.2019-06-27_20-48-16_000.jpg.4.png 3 (black : variance --> out of range (variance = 1282.616 / upper = 0.000 / lower = 0.000))
[20190628_090923 / lib_ip.py:2274] inspecting ===> img.20190628_090920.2019-06-27_20-48-16_000.jpg.4.png
img.20190628_090920.2019-06-27_20-48-16_000.jpg.1.png => other
img.20190628_090920.2019-06-27_20-48-16_000.jpg.2.png => yellow
img.20190628_090920.2019-06-27_20-48-16_000.jpg.3.png => other
img.20190628_090920.2019-06-27_20-48-16_000.jpg.4.png => other
[20190628_090924 lib_ip.py:3301] =============== Get 4 corners
dpath_Images = C:\WORKS_2\WS\WS_Others.Art\JVEMV6\46_art\VIRTUAL\Admin_Projects\ip\images
fname_Image = img.20190628_090920.2019-06-27_20-48-16_000.jpg.4.png

[20190628_090924 / lib_ip.py:2274] inspecting ===> img.20190628_090924.2019-06-28_01-55-22_000.png.1.png
[20190628_090925 / lib_ip.py:4505] 
img.20190628_090924.2019-06-28_01-55-22_000.png.1.png 0 ---------------------
[20190628_090925 / lib_ip.py:3753] file = img.20190628_090924.2019-06-28_01-55-22_000.png.1.png / val_Average = 64.6040	val_Variance = 1930.9315	sd = 43.9424	max = 170	min = 0
[20190628_090925 / lib_ip.py:3836] len(Hs) = 8100, len(Ss) = 8100, len(Vs) = 8100
[20190628_090925 / lib_ip.py:3869] yellow : variance --> out of range (variance = 1930.932 / upper = 0.650 / lower = 0.000)
[20190628_090925 / lib_ip.py:3753] file = img.20190628_090924.2019-06-28_01-55-22_000.png.1.png / val_Average = 64.6040	val_Variance = 1930.9315	sd = 43.9424	max = 170	min = 0
[20190628_090925 / lib_ip.py:3936] len(Hs) = 8100, len(Ss) = 8100, len(Vs) = 8100
[20190628_090925 / lib_ip.py:3982] red : variance --> out of range (variance = 1930.932 / upper = 0.430 / lower = 0.000)
[20190628_090925 / lib_ip.py:3753] file = img.20190628_090924.2019-06-28_01-55-22_000.png.1.png / val_Average = 64.6040	val_Variance = 1930.9315	sd = 43.9424	max = 170	min = 0
[20190628_090925 / lib_ip.py:4052] len(Hs) = 8100, len(Ss) = 8100, len(Vs) = 8100
[20190628_090925 / lib_ip.py:4099] green : variance --> out of range (variance = 1930.932 / upper = 0.760 / lower = 0.000)
[20190628_090925 / lib_ip.py:3753] file = img.20190628_090924.2019-06-28_01-55-22_000.png.1.png / val_Average = 64.6040	val_Variance = 1930.9315	sd = 43.9424	max = 170	min = 0
[20190628_090925 / lib_ip.py:4169] len(Hs) = 8100, len(Ss) = 8100, len(Vs) = 8100
[20190628_090925 / lib_ip.py:4208] blue : variance --> out of range (variance = 1930.932 / upper = 0.930 / lower = 0.010)
[20190628_090925 / lib_ip.py:3753] file = img.20190628_090924.2019-06-28_01-55-22_000.png.1.png / val_Average = 64.6040	val_Variance = 1930.9315	sd = 43.9424	max = 170	min = 0
[20190628_090925 / lib_ip.py:4275] len(Hs) = 8100, len(Ss) = 8100, len(Vs) = 8100
[20190628_090925 / lib_ip.py:4314] pink : variance --> out of range (variance = 1930.932 / upper = 0.750 / lower = 0.030)
[20190628_090925 / lib_ip.py:3753] file = img.20190628_090924.2019-06-28_01-55-22_000.png.1.png / val_Average = 64.6040	val_Variance = 1930.9315	sd = 43.9424	max = 170	min = 0
[20190628_090925 / lib_ip.py:4378] len(Hs) = 8100, len(Ss) = 8100, len(Vs) = 8100
[20190628_090925 / lib_ip.py:4422] black : variance --> out of range (variance = 1930.932 / upper = 0.000 / lower = 0.000)
[20190628_090926 / lib_ip.py:4593] file : img.20190628_090924.2019-06-28_01-55-22_000.png.1.png 0 (black : variance --> out of range (variance = 1930.932 / upper = 0.000 / lower = 0.000))
[20190628_090926 / lib_ip.py:2274] inspecting ===> img.20190628_090924.2019-06-28_01-55-22_000.png.2.png
[20190628_090926 / lib_ip.py:4505] 
img.20190628_090924.2019-06-28_01-55-22_000.png.2.png 1 ---------------------
[20190628_090926 / lib_ip.py:3753] file = img.20190628_090924.2019-06-28_01-55-22_000.png.2.png / val_Average = 25.4551	val_Variance = 3809.4475	sd = 61.7207	max = 179	min = 0
[20190628_090926 / lib_ip.py:3836] len(Hs) = 8100, len(Ss) = 8100, len(Vs) = 8100
[20190628_090926 / lib_ip.py:3869] yellow : variance --> out of range (variance = 3809.447 / upper = 0.650 / lower = 0.000)
[20190628_090926 / lib_ip.py:3753] file = img.20190628_090924.2019-06-28_01-55-22_000.png.2.png / val_Average = 25.4551	val_Variance = 3809.4475	sd = 61.7207	max = 179	min = 0
[20190628_090926 / lib_ip.py:3936] len(Hs) = 8100, len(Ss) = 8100, len(Vs) = 8100
[20190628_090926 / lib_ip.py:3982] red : variance --> out of range (variance = 3809.447 / upper = 0.430 / lower = 0.000)
[20190628_090926 / lib_ip.py:3753] file = img.20190628_090924.2019-06-28_01-55-22_000.png.2.png / val_Average = 25.4551	val_Variance = 3809.4475	sd = 61.7207	max = 179	min = 0
[20190628_090926 / lib_ip.py:4052] len(Hs) = 8100, len(Ss) = 8100, len(Vs) = 8100
[20190628_090926 / lib_ip.py:4099] green : variance --> out of range (variance = 3809.447 / upper = 0.760 / lower = 0.000)
[20190628_090926 / lib_ip.py:3753] file = img.20190628_090924.2019-06-28_01-55-22_000.png.2.png / val_Average = 25.4551	val_Variance = 3809.4475	sd = 61.7207	max = 179	min = 0
[20190628_090926 / lib_ip.py:4169] len(Hs) = 8100, len(Ss) = 8100, len(Vs) = 8100
[20190628_090926 / lib_ip.py:4208] blue : variance --> out of range (variance = 3809.447 / upper = 0.930 / lower = 0.010)
[20190628_090927 / lib_ip.py:3753] file = img.20190628_090924.2019-06-28_01-55-22_000.png.2.png / val_Average = 25.4551	val_Variance = 3809.4475	sd = 61.7207	max = 179	min = 0
[20190628_090927 / lib_ip.py:4275] len(Hs) = 8100, len(Ss) = 8100, len(Vs) = 8100
[20190628_090927 / lib_ip.py:4314] pink : variance --> out of range (variance = 3809.447 / upper = 0.750 / lower = 0.030)
[20190628_090927 / lib_ip.py:3753] file = img.20190628_090924.2019-06-28_01-55-22_000.png.2.png / val_Average = 25.4551	val_Variance = 3809.4475	sd = 61.7207	max = 179	min = 0
[20190628_090927 / lib_ip.py:4378] len(Hs) = 8100, len(Ss) = 8100, len(Vs) = 8100
[20190628_090927 / lib_ip.py:4422] black : variance --> out of range (variance = 3809.447 / upper = 0.000 / lower = 0.000)
[20190628_090927 / lib_ip.py:4593] file : img.20190628_090924.2019-06-28_01-55-22_000.png.2.png 1 (black : variance --> out of range (variance = 3809.447 / upper = 0.000 / lower = 0.000))
[20190628_090927 / lib_ip.py:2274] inspecting ===> img.20190628_090924.2019-06-28_01-55-22_000.png.3.png
[20190628_090927 / lib_ip.py:4505] 
img.20190628_090924.2019-06-28_01-55-22_000.png.3.png 2 ---------------------
[20190628_090927 / lib_ip.py:3753] file = img.20190628_090924.2019-06-28_01-55-22_000.png.3.png / val_Average = 101.1428	val_Variance = 539.0953	sd = 23.2184	max = 178	min = 87
[20190628_090927 / lib_ip.py:3836] len(Hs) = 8100, len(Ss) = 8100, len(Vs) = 8100
[20190628_090927 / lib_ip.py:3869] yellow : variance --> out of range (variance = 539.095 / upper = 0.650 / lower = 0.000)
[20190628_090927 / lib_ip.py:3753] file = img.20190628_090924.2019-06-28_01-55-22_000.png.3.png / val_Average = 101.1428	val_Variance = 539.0953	sd = 23.2184	max = 178	min = 87
[20190628_090927 / lib_ip.py:3936] len(Hs) = 8100, len(Ss) = 8100, len(Vs) = 8100
[20190628_090927 / lib_ip.py:3982] red : variance --> out of range (variance = 539.095 / upper = 0.430 / lower = 0.000)
[20190628_090927 / lib_ip.py:3753] file = img.20190628_090924.2019-06-28_01-55-22_000.png.3.png / val_Average = 101.1428	val_Variance = 539.0953	sd = 23.2184	max = 178	min = 87
[20190628_090927 / lib_ip.py:4052] len(Hs) = 8100, len(Ss) = 8100, len(Vs) = 8100
[20190628_090927 / lib_ip.py:4099] green : variance --> out of range (variance = 539.095 / upper = 0.760 / lower = 0.000)
[20190628_090927 / lib_ip.py:3753] file = img.20190628_090924.2019-06-28_01-55-22_000.png.3.png / val_Average = 101.1428	val_Variance = 539.0953	sd = 23.2184	max = 178	min = 87
[20190628_090927 / lib_ip.py:4169] len(Hs) = 8100, len(Ss) = 8100, len(Vs) = 8100
[20190628_090928 / lib_ip.py:4208] blue : variance --> out of range (variance = 539.095 / upper = 0.930 / lower = 0.010)
[20190628_090928 / lib_ip.py:3753] file = img.20190628_090924.2019-06-28_01-55-22_000.png.3.png / val_Average = 101.1428	val_Variance = 539.0953	sd = 23.2184	max = 178	min = 87
[20190628_090928 / lib_ip.py:4275] len(Hs) = 8100, len(Ss) = 8100, len(Vs) = 8100
[20190628_090928 / lib_ip.py:4314] pink : variance --> out of range (variance = 539.095 / upper = 0.750 / lower = 0.030)
[20190628_090928 / lib_ip.py:3753] file = img.20190628_090924.2019-06-28_01-55-22_000.png.3.png / val_Average = 101.1428	val_Variance = 539.0953	sd = 23.2184	max = 178	min = 87
[20190628_090928 / lib_ip.py:4378] len(Hs) = 8100, len(Ss) = 8100, len(Vs) = 8100
[20190628_090928 / lib_ip.py:4422] black : variance --> out of range (variance = 539.095 / upper = 0.000 / lower = 0.000)
[20190628_090928 / lib_ip.py:4593] file : img.20190628_090924.2019-06-28_01-55-22_000.png.3.png 2 (black : variance --> out of range (variance = 539.095 / upper = 0.000 / lower = 0.000))
[20190628_090928 / lib_ip.py:2274] inspecting ===> img.20190628_090924.2019-06-28_01-55-22_000.png.4.png
[20190628_090928 / lib_ip.py:4505] 
img.20190628_090924.2019-06-28_01-55-22_000.png.4.png 3 ---------------------
[20190628_090928 / lib_ip.py:3753] file = img.20190628_090924.2019-06-28_01-55-22_000.png.4.png / val_Average = 79.8570	val_Variance = 7447.9336	sd = 86.3014	max = 178	min = 0
[20190628_090928 / lib_ip.py:3836] len(Hs) = 8100, len(Ss) = 8100, len(Vs) = 8100
[20190628_090928 / lib_ip.py:3869] yellow : variance --> out of range (variance = 7447.934 / upper = 0.650 / lower = 0.000)
[20190628_090928 / lib_ip.py:3753] file = img.20190628_090924.2019-06-28_01-55-22_000.png.4.png / val_Average = 79.8570	val_Variance = 7447.9336	sd = 86.3014	max = 178	min = 0
[20190628_090928 / lib_ip.py:3936] len(Hs) = 8100, len(Ss) = 8100, len(Vs) = 8100
[20190628_090929 / lib_ip.py:3982] red : variance --> out of range (variance = 7447.934 / upper = 0.430 / lower = 0.000)
[20190628_090929 / lib_ip.py:3753] file = img.20190628_090924.2019-06-28_01-55-22_000.png.4.png / val_Average = 79.8570	val_Variance = 7447.9336	sd = 86.3014	max = 178	min = 0
[20190628_090929 / lib_ip.py:4052] len(Hs) = 8100, len(Ss) = 8100, len(Vs) = 8100
[20190628_090929 / lib_ip.py:4099] green : variance --> out of range (variance = 7447.934 / upper = 0.760 / lower = 0.000)
[20190628_090929 / lib_ip.py:3753] file = img.20190628_090924.2019-06-28_01-55-22_000.png.4.png / val_Average = 79.8570	val_Variance = 7447.9336	sd = 86.3014	max = 178	min = 0
[20190628_090929 / lib_ip.py:4169] len(Hs) = 8100, len(Ss) = 8100, len(Vs) = 8100
[20190628_090929 / lib_ip.py:4208] blue : variance --> out of range (variance = 7447.934 / upper = 0.930 / lower = 0.010)
[20190628_090929 / lib_ip.py:3753] file = img.20190628_090924.2019-06-28_01-55-22_000.png.4.png / val_Average = 79.8570	val_Variance = 7447.9336	sd = 86.3014	max = 178	min = 0
[20190628_090929 / lib_ip.py:4275] len(Hs) = 8100, len(Ss) = 8100, len(Vs) = 8100
[20190628_090929 / lib_ip.py:4314] pink : variance --> out of range (variance = 7447.934 / upper = 0.750 / lower = 0.030)
[20190628_090929 / lib_ip.py:3753] file = img.20190628_090924.2019-06-28_01-55-22_000.png.4.png / val_Average = 79.8570	val_Variance = 7447.9336	sd = 86.3014	max = 178	min = 0
[20190628_090929 / lib_ip.py:4378] len(Hs) = 8100, len(Ss) = 8100, len(Vs) = 8100
[20190628_090929 / lib_ip.py:4422] black : variance --> out of range (variance = 7447.934 / upper = 0.000 / lower = 0.000)
[20190628_090929 / lib_ip.py:4593] file : img.20190628_090924.2019-06-28_01-55-22_000.png.4.png 3 (black : variance --> out of range (variance = 7447.934 / upper = 0.000 / lower = 0.000))
[20190628_090928 / lib_ip.py:2274] inspecting ===> img.20190628_090924.2019-06-28_01-55-22_000.png.4.png
img.20190628_090924.2019-06-28_01-55-22_000.png.1.png => other
img.20190628_090924.2019-06-28_01-55-22_000.png.2.png => other
img.20190628_090924.2019-06-28_01-55-22_000.png.3.png => other
img.20190628_090924.2019-06-28_01-55-22_000.png.4.png => other
[20190628_090929 lib_ip.py:3301] =============== Get 4 corners
dpath_Images = C:\WORKS_2\WS\WS_Others.Art\JVEMV6\46_art\VIRTUAL\Admin_Projects\ip\images
fname_Image = img.20190628_090924.2019-06-28_01-55-22_000.png.4.png

[20190628_090930 / lib_ip.py:2274] inspecting ===> img.20190628_090929.2019-06-28_07-37-19_000.jpg.1.png
[20190628_090930 / lib_ip.py:4505] 
img.20190628_090929.2019-06-28_07-37-19_000.jpg.1.png 0 ---------------------
[20190628_090930 / lib_ip.py:3753] file = img.20190628_090929.2019-06-28_07-37-19_000.jpg.1.png / val_Average = 73.6168	val_Variance = 1037.9450	sd = 32.2172	max = 114	min = 0
[20190628_090930 / lib_ip.py:3836] len(Hs) = 8100, len(Ss) = 8100, len(Vs) = 8100
[20190628_090930 / lib_ip.py:3869] yellow : variance --> out of range (variance = 1037.945 / upper = 0.650 / lower = 0.000)
[20190628_090930 / lib_ip.py:3753] file = img.20190628_090929.2019-06-28_07-37-19_000.jpg.1.png / val_Average = 73.6168	val_Variance = 1037.9450	sd = 32.2172	max = 114	min = 0
[20190628_090930 / lib_ip.py:3936] len(Hs) = 8100, len(Ss) = 8100, len(Vs) = 8100
[20190628_090930 / lib_ip.py:3982] red : variance --> out of range (variance = 1037.945 / upper = 0.430 / lower = 0.000)
[20190628_090930 / lib_ip.py:3753] file = img.20190628_090929.2019-06-28_07-37-19_000.jpg.1.png / val_Average = 73.6168	val_Variance = 1037.9450	sd = 32.2172	max = 114	min = 0
[20190628_090930 / lib_ip.py:4052] len(Hs) = 8100, len(Ss) = 8100, len(Vs) = 8100
[20190628_090930 / lib_ip.py:4099] green : variance --> out of range (variance = 1037.945 / upper = 0.760 / lower = 0.000)
[20190628_090930 / lib_ip.py:3753] file = img.20190628_090929.2019-06-28_07-37-19_000.jpg.1.png / val_Average = 73.6168	val_Variance = 1037.9450	sd = 32.2172	max = 114	min = 0
[20190628_090930 / lib_ip.py:4169] len(Hs) = 8100, len(Ss) = 8100, len(Vs) = 8100
[20190628_090931 / lib_ip.py:4208] blue : variance --> out of range (variance = 1037.945 / upper = 0.930 / lower = 0.010)
[20190628_090931 / lib_ip.py:3753] file = img.20190628_090929.2019-06-28_07-37-19_000.jpg.1.png / val_Average = 73.6168	val_Variance = 1037.9450	sd = 32.2172	max = 114	min = 0
[20190628_090931 / lib_ip.py:4275] len(Hs) = 8100, len(Ss) = 8100, len(Vs) = 8100
[20190628_090931 / lib_ip.py:4314] pink : variance --> out of range (variance = 1037.945 / upper = 0.750 / lower = 0.030)
[20190628_090931 / lib_ip.py:3753] file = img.20190628_090929.2019-06-28_07-37-19_000.jpg.1.png / val_Average = 73.6168	val_Variance = 1037.9450	sd = 32.2172	max = 114	min = 0
[20190628_090931 / lib_ip.py:4378] len(Hs) = 8100, len(Ss) = 8100, len(Vs) = 8100
[20190628_090931 / lib_ip.py:4422] black : variance --> out of range (variance = 1037.945 / upper = 0.000 / lower = 0.000)
[20190628_090931 / lib_ip.py:4593] file : img.20190628_090929.2019-06-28_07-37-19_000.jpg.1.png 0 (black : variance --> out of range (variance = 1037.945 / upper = 0.000 / lower = 0.000))
[20190628_090931 / lib_ip.py:2274] inspecting ===> img.20190628_090929.2019-06-28_07-37-19_000.jpg.2.png
[20190628_090931 / lib_ip.py:4505] 
img.20190628_090929.2019-06-28_07-37-19_000.jpg.2.png 1 ---------------------
[20190628_090931 / lib_ip.py:3753] file = img.20190628_090929.2019-06-28_07-37-19_000.jpg.2.png / val_Average = 105.0827	val_Variance = 1.4364	sd = 1.1985	max = 109	min = 102
[20190628_090931 / lib_ip.py:3836] len(Hs) = 8100, len(Ss) = 8100, len(Vs) = 8100
[20190628_090931 / lib_ip.py:3869] yellow : variance --> out of range (variance = 1.436 / upper = 0.650 / lower = 0.000)
[20190628_090931 / lib_ip.py:3753] file = img.20190628_090929.2019-06-28_07-37-19_000.jpg.2.png / val_Average = 105.0827	val_Variance = 1.4364	sd = 1.1985	max = 109	min = 102
[20190628_090931 / lib_ip.py:3936] len(Hs) = 8100, len(Ss) = 8100, len(Vs) = 8100
[20190628_090931 / lib_ip.py:3982] red : variance --> out of range (variance = 1.436 / upper = 0.430 / lower = 0.000)
[20190628_090931 / lib_ip.py:3753] file = img.20190628_090929.2019-06-28_07-37-19_000.jpg.2.png / val_Average = 105.0827	val_Variance = 1.4364	sd = 1.1985	max = 109	min = 102
[20190628_090931 / lib_ip.py:4052] len(Hs) = 8100, len(Ss) = 8100, len(Vs) = 8100
[20190628_090931 / lib_ip.py:4099] green : variance --> out of range (variance = 1.436 / upper = 0.760 / lower = 0.000)
[20190628_090932 / lib_ip.py:3753] file = img.20190628_090929.2019-06-28_07-37-19_000.jpg.2.png / val_Average = 105.0827	val_Variance = 1.4364	sd = 1.1985	max = 109	min = 102
[20190628_090932 / lib_ip.py:4169] len(Hs) = 8100, len(Ss) = 8100, len(Vs) = 8100
[20190628_090932 / lib_ip.py:4208] blue : variance --> out of range (variance = 1.436 / upper = 0.930 / lower = 0.010)
[20190628_090932 / lib_ip.py:3753] file = img.20190628_090929.2019-06-28_07-37-19_000.jpg.2.png / val_Average = 105.0827	val_Variance = 1.4364	sd = 1.1985	max = 109	min = 102
[20190628_090932 / lib_ip.py:4275] len(Hs) = 8100, len(Ss) = 8100, len(Vs) = 8100
[20190628_090932 / lib_ip.py:4314] pink : variance --> out of range (variance = 1.436 / upper = 0.750 / lower = 0.030)
[20190628_090932 / lib_ip.py:3753] file = img.20190628_090929.2019-06-28_07-37-19_000.jpg.2.png / val_Average = 105.0827	val_Variance = 1.4364	sd = 1.1985	max = 109	min = 102
[20190628_090932 / lib_ip.py:4378] len(Hs) = 8100, len(Ss) = 8100, len(Vs) = 8100
[20190628_090932 / lib_ip.py:4422] black : variance --> out of range (variance = 1.436 / upper = 0.000 / lower = 0.000)
[20190628_090932 / lib_ip.py:4593] file : img.20190628_090929.2019-06-28_07-37-19_000.jpg.2.png 1 (black : variance --> out of range (variance = 1.436 / upper = 0.000 / lower = 0.000))
[20190628_090932 / lib_ip.py:2274] inspecting ===> img.20190628_090929.2019-06-28_07-37-19_000.jpg.3.png
[20190628_090932 / lib_ip.py:4505] 
img.20190628_090929.2019-06-28_07-37-19_000.jpg.3.png 2 ---------------------
[20190628_090932 / lib_ip.py:3753] file = img.20190628_090929.2019-06-28_07-37-19_000.jpg.3.png / val_Average = 103.0777	val_Variance = 0.5847	sd = 0.7647	max = 105	min = 101
[20190628_090932 / lib_ip.py:3836] len(Hs) = 8100, len(Ss) = 8100, len(Vs) = 8100
[20190628_090932 / lib_ip.py:3891] yellow : average --> out of range (average = 103.078 / upper = 99.200 / lower = 85.500)
[20190628_090932 / lib_ip.py:3753] file = img.20190628_090929.2019-06-28_07-37-19_000.jpg.3.png / val_Average = 103.0777	val_Variance = 0.5847	sd = 0.7647	max = 105	min = 101
[20190628_090933 / lib_ip.py:3936] len(Hs) = 8100, len(Ss) = 8100, len(Vs) = 8100
[20190628_090933 / lib_ip.py:3982] red : variance --> out of range (variance = 0.585 / upper = 0.430 / lower = 0.000)
[20190628_090933 / lib_ip.py:3753] file = img.20190628_090929.2019-06-28_07-37-19_000.jpg.3.png / val_Average = 103.0777	val_Variance = 0.5847	sd = 0.7647	max = 105	min = 101
[20190628_090933 / lib_ip.py:4052] len(Hs) = 8100, len(Ss) = 8100, len(Vs) = 8100
[20190628_090933 / lib_ip.py:4124] green : average --> out of range (average = 103.078 / upper = 85.000 / lower = 58.000)
[20190628_090933 / lib_ip.py:3753] file = img.20190628_090929.2019-06-28_07-37-19_000.jpg.3.png / val_Average = 103.0777	val_Variance = 0.5847	sd = 0.7647	max = 105	min = 101
[20190628_090933 / lib_ip.py:4169] len(Hs) = 8100, len(Ss) = 8100, len(Vs) = 8100
[20190628_090933 / lib_ip.py:4230] blue : average --> out of range (average = 103.078 / upper = 17.000 / lower = 8.850)
[20190628_090933 / lib_ip.py:3753] file = img.20190628_090929.2019-06-28_07-37-19_000.jpg.3.png / val_Average = 103.0777	val_Variance = 0.5847	sd = 0.7647	max = 105	min = 101
[20190628_090933 / lib_ip.py:4275] len(Hs) = 8100, len(Ss) = 8100, len(Vs) = 8100
[20190628_090933 / lib_ip.py:4336] pink : average --> out of range (average = 103.078 / upper = 141.000 / lower = 127.900)
[20190628_090933 / lib_ip.py:3753] file = img.20190628_090929.2019-06-28_07-37-19_000.jpg.3.png / val_Average = 103.0777	val_Variance = 0.5847	sd = 0.7647	max = 105	min = 101
[20190628_090933 / lib_ip.py:4378] len(Hs) = 8100, len(Ss) = 8100, len(Vs) = 8100
[20190628_090933 / lib_ip.py:4422] black : variance --> out of range (variance = 0.585 / upper = 0.000 / lower = 0.000)
[20190628_090933 / lib_ip.py:4593] file : img.20190628_090929.2019-06-28_07-37-19_000.jpg.3.png 2 (black : variance --> out of range (variance = 0.585 / upper = 0.000 / lower = 0.000))
[20190628_090933 / lib_ip.py:2274] inspecting ===> img.20190628_090929.2019-06-28_07-37-19_000.jpg.4.png
[20190628_090933 / lib_ip.py:4505] 
img.20190628_090929.2019-06-28_07-37-19_000.jpg.4.png 3 ---------------------
[20190628_090933 / lib_ip.py:3753] file = img.20190628_090929.2019-06-28_07-37-19_000.jpg.4.png / val_Average = 101.6021	val_Variance = 0.7544	sd = 0.8686	max = 103	min = 100
[20190628_090933 / lib_ip.py:3836] len(Hs) = 8100, len(Ss) = 8100, len(Vs) = 8100
[20190628_090934 / lib_ip.py:3869] yellow : variance --> out of range (variance = 0.754 / upper = 0.650 / lower = 0.000)
[20190628_090934 / lib_ip.py:3753] file = img.20190628_090929.2019-06-28_07-37-19_000.jpg.4.png / val_Average = 101.6021	val_Variance = 0.7544	sd = 0.8686	max = 103	min = 100
[20190628_090934 / lib_ip.py:3936] len(Hs) = 8100, len(Ss) = 8100, len(Vs) = 8100
[20190628_090934 / lib_ip.py:3982] red : variance --> out of range (variance = 0.754 / upper = 0.430 / lower = 0.000)
[20190628_090934 / lib_ip.py:3753] file = img.20190628_090929.2019-06-28_07-37-19_000.jpg.4.png / val_Average = 101.6021	val_Variance = 0.7544	sd = 0.8686	max = 103	min = 100
[20190628_090934 / lib_ip.py:4052] len(Hs) = 8100, len(Ss) = 8100, len(Vs) = 8100
[20190628_090934 / lib_ip.py:4124] green : average --> out of range (average = 101.602 / upper = 85.000 / lower = 58.000)
[20190628_090934 / lib_ip.py:3753] file = img.20190628_090929.2019-06-28_07-37-19_000.jpg.4.png / val_Average = 101.6021	val_Variance = 0.7544	sd = 0.8686	max = 103	min = 100
[20190628_090934 / lib_ip.py:4169] len(Hs) = 8100, len(Ss) = 8100, len(Vs) = 8100
[20190628_090934 / lib_ip.py:4230] blue : average --> out of range (average = 101.602 / upper = 17.000 / lower = 8.850)
[20190628_090934 / lib_ip.py:3753] file = img.20190628_090929.2019-06-28_07-37-19_000.jpg.4.png / val_Average = 101.6021	val_Variance = 0.7544	sd = 0.8686	max = 103	min = 100
[20190628_090934 / lib_ip.py:4275] len(Hs) = 8100, len(Ss) = 8100, len(Vs) = 8100
[20190628_090934 / lib_ip.py:4314] pink : variance --> out of range (variance = 0.754 / upper = 0.750 / lower = 0.030)
[20190628_090934 / lib_ip.py:3753] file = img.20190628_090929.2019-06-28_07-37-19_000.jpg.4.png / val_Average = 101.6021	val_Variance = 0.7544	sd = 0.8686	max = 103	min = 100
[20190628_090934 / lib_ip.py:4378] len(Hs) = 8100, len(Ss) = 8100, len(Vs) = 8100
[20190628_090934 / lib_ip.py:4422] black : variance --> out of range (variance = 0.754 / upper = 0.000 / lower = 0.000)
[20190628_090934 / lib_ip.py:4593] file : img.20190628_090929.2019-06-28_07-37-19_000.jpg.4.png 3 (black : variance --> out of range (variance = 0.754 / upper = 0.000 / lower = 0.000))
[20190628_090933 / lib_ip.py:2274] inspecting ===> img.20190628_090929.2019-06-28_07-37-19_000.jpg.4.png
img.20190628_090929.2019-06-28_07-37-19_000.jpg.1.png => other
img.20190628_090929.2019-06-28_07-37-19_000.jpg.2.png => other
img.20190628_090929.2019-06-28_07-37-19_000.jpg.3.png => other
img.20190628_090929.2019-06-28_07-37-19_000.jpg.4.png => other
[20190628_090934 lib_ip.py:3301] =============== Get 4 corners
dpath_Images = C:\WORKS_2\WS\WS_Others.Art\JVEMV6\46_art\VIRTUAL\Admin_Projects\ip\images
fname_Image = img.20190628_090929.2019-06-28_07-37-19_000.jpg.4.png

[20190628_090935 / lib_ip.py:2274] inspecting ===> img.20190628_090935.2019-06-28_08-16-04_000.jpg.1.png
[20190628_090935 / lib_ip.py:4505] 
img.20190628_090935.2019-06-28_08-16-04_000.jpg.1.png 0 ---------------------
[20190628_090935 / lib_ip.py:3753] file = img.20190628_090935.2019-06-28_08-16-04_000.jpg.1.png / val_Average = 107.2032	val_Variance = 1.0802	sd = 1.0393	max = 110	min = 103
[20190628_090935 / lib_ip.py:3836] len(Hs) = 8100, len(Ss) = 8100, len(Vs) = 8100
[20190628_090935 / lib_ip.py:3869] yellow : variance --> out of range (variance = 1.080 / upper = 0.650 / lower = 0.000)
[20190628_090935 / lib_ip.py:3753] file = img.20190628_090935.2019-06-28_08-16-04_000.jpg.1.png / val_Average = 107.2032	val_Variance = 1.0802	sd = 1.0393	max = 110	min = 103
[20190628_090935 / lib_ip.py:3936] len(Hs) = 8100, len(Ss) = 8100, len(Vs) = 8100
[20190628_090935 / lib_ip.py:3982] red : variance --> out of range (variance = 1.080 / upper = 0.430 / lower = 0.000)
[20190628_090935 / lib_ip.py:3753] file = img.20190628_090935.2019-06-28_08-16-04_000.jpg.1.png / val_Average = 107.2032	val_Variance = 1.0802	sd = 1.0393	max = 110	min = 103
[20190628_090936 / lib_ip.py:4052] len(Hs) = 8100, len(Ss) = 8100, len(Vs) = 8100
[20190628_090936 / lib_ip.py:4099] green : variance --> out of range (variance = 1.080 / upper = 0.760 / lower = 0.000)
[20190628_090936 / lib_ip.py:3753] file = img.20190628_090935.2019-06-28_08-16-04_000.jpg.1.png / val_Average = 107.2032	val_Variance = 1.0802	sd = 1.0393	max = 110	min = 103
[20190628_090936 / lib_ip.py:4169] len(Hs) = 8100, len(Ss) = 8100, len(Vs) = 8100
[20190628_090936 / lib_ip.py:4208] blue : variance --> out of range (variance = 1.080 / upper = 0.930 / lower = 0.010)
[20190628_090936 / lib_ip.py:3753] file = img.20190628_090935.2019-06-28_08-16-04_000.jpg.1.png / val_Average = 107.2032	val_Variance = 1.0802	sd = 1.0393	max = 110	min = 103
[20190628_090936 / lib_ip.py:4275] len(Hs) = 8100, len(Ss) = 8100, len(Vs) = 8100
[20190628_090936 / lib_ip.py:4314] pink : variance --> out of range (variance = 1.080 / upper = 0.750 / lower = 0.030)
[20190628_090936 / lib_ip.py:3753] file = img.20190628_090935.2019-06-28_08-16-04_000.jpg.1.png / val_Average = 107.2032	val_Variance = 1.0802	sd = 1.0393	max = 110	min = 103
[20190628_090936 / lib_ip.py:4378] len(Hs) = 8100, len(Ss) = 8100, len(Vs) = 8100
[20190628_090936 / lib_ip.py:4422] black : variance --> out of range (variance = 1.080 / upper = 0.000 / lower = 0.000)
[20190628_090936 / lib_ip.py:4593] file : img.20190628_090935.2019-06-28_08-16-04_000.jpg.1.png 0 (black : variance --> out of range (variance = 1.080 / upper = 0.000 / lower = 0.000))
[20190628_090936 / lib_ip.py:2274] inspecting ===> img.20190628_090935.2019-06-28_08-16-04_000.jpg.2.png
[20190628_090936 / lib_ip.py:4505] 
img.20190628_090935.2019-06-28_08-16-04_000.jpg.2.png 1 ---------------------
[20190628_090936 / lib_ip.py:3753] file = img.20190628_090935.2019-06-28_08-16-04_000.jpg.2.png / val_Average = 75.2605	val_Variance = 0.2028	sd = 0.4503	max = 76	min = 74
[20190628_090936 / lib_ip.py:3836] len(Hs) = 8100, len(Ss) = 8100, len(Vs) = 8100
[20190628_090936 / lib_ip.py:3891] yellow : average --> out of range (average = 75.260 / upper = 99.200 / lower = 85.500)
[20190628_090937 / lib_ip.py:3753] file = img.20190628_090935.2019-06-28_08-16-04_000.jpg.2.png / val_Average = 75.2605	val_Variance = 0.2028	sd = 0.4503	max = 76	min = 74
[20190628_090937 / lib_ip.py:3936] len(Hs) = 8100, len(Ss) = 8100, len(Vs) = 8100
[20190628_090937 / lib_ip.py:4007] red : average --> out of range (average = 75.260 / upper = 124.600 / lower = 115.000)
[20190628_090937 / lib_ip.py:3753] file = img.20190628_090935.2019-06-28_08-16-04_000.jpg.2.png / val_Average = 75.2605	val_Variance = 0.2028	sd = 0.4503	max = 76	min = 74
[20190628_090937 / lib_ip.py:4052] len(Hs) = 8100, len(Ss) = 8100, len(Vs) = 8100
[20190628_090937 / lib_ip.py:2274] inspecting ===> img.20190628_090935.2019-06-28_08-16-04_000.jpg.3.png
[20190628_090937 / lib_ip.py:4505] 
img.20190628_090935.2019-06-28_08-16-04_000.jpg.3.png 2 ---------------------
[20190628_090937 / lib_ip.py:3753] file = img.20190628_090935.2019-06-28_08-16-04_000.jpg.3.png / val_Average = 102.7635	val_Variance = 4.2248	sd = 2.0554	max = 109	min = 94
[20190628_090937 / lib_ip.py:3836] len(Hs) = 8100, len(Ss) = 8100, len(Vs) = 8100
[20190628_090937 / lib_ip.py:3869] yellow : variance --> out of range (variance = 4.225 / upper = 0.650 / lower = 0.000)
[20190628_090937 / lib_ip.py:3753] file = img.20190628_090935.2019-06-28_08-16-04_000.jpg.3.png / val_Average = 102.7635	val_Variance = 4.2248	sd = 2.0554	max = 109	min = 94
[20190628_090937 / lib_ip.py:3936] len(Hs) = 8100, len(Ss) = 8100, len(Vs) = 8100
[20190628_090937 / lib_ip.py:3982] red : variance --> out of range (variance = 4.225 / upper = 0.430 / lower = 0.000)
[20190628_090937 / lib_ip.py:3753] file = img.20190628_090935.2019-06-28_08-16-04_000.jpg.3.png / val_Average = 102.7635	val_Variance = 4.2248	sd = 2.0554	max = 109	min = 94
[20190628_090937 / lib_ip.py:4052] len(Hs) = 8100, len(Ss) = 8100, len(Vs) = 8100
[20190628_090937 / lib_ip.py:4099] green : variance --> out of range (variance = 4.225 / upper = 0.760 / lower = 0.000)
[20190628_090938 / lib_ip.py:3753] file = img.20190628_090935.2019-06-28_08-16-04_000.jpg.3.png / val_Average = 102.7635	val_Variance = 4.2248	sd = 2.0554	max = 109	min = 94
[20190628_090938 / lib_ip.py:4169] len(Hs) = 8100, len(Ss) = 8100, len(Vs) = 8100
[20190628_090938 / lib_ip.py:4208] blue : variance --> out of range (variance = 4.225 / upper = 0.930 / lower = 0.010)
[20190628_090938 / lib_ip.py:3753] file = img.20190628_090935.2019-06-28_08-16-04_000.jpg.3.png / val_Average = 102.7635	val_Variance = 4.2248	sd = 2.0554	max = 109	min = 94
[20190628_090938 / lib_ip.py:4275] len(Hs) = 8100, len(Ss) = 8100, len(Vs) = 8100
[20190628_090938 / lib_ip.py:4314] pink : variance --> out of range (variance = 4.225 / upper = 0.750 / lower = 0.030)
[20190628_090938 / lib_ip.py:3753] file = img.20190628_090935.2019-06-28_08-16-04_000.jpg.3.png / val_Average = 102.7635	val_Variance = 4.2248	sd = 2.0554	max = 109	min = 94
[20190628_090938 / lib_ip.py:4378] len(Hs) = 8100, len(Ss) = 8100, len(Vs) = 8100
[20190628_090938 / lib_ip.py:4422] black : variance --> out of range (variance = 4.225 / upper = 0.000 / lower = 0.000)
[20190628_090938 / lib_ip.py:4593] file : img.20190628_090935.2019-06-28_08-16-04_000.jpg.3.png 2 (black : variance --> out of range (variance = 4.225 / upper = 0.000 / lower = 0.000))
[20190628_090938 / lib_ip.py:2274] inspecting ===> img.20190628_090935.2019-06-28_08-16-04_000.jpg.4.png
[20190628_090938 / lib_ip.py:4505] 
img.20190628_090935.2019-06-28_08-16-04_000.jpg.4.png 3 ---------------------
[20190628_090938 / lib_ip.py:3753] file = img.20190628_090935.2019-06-28_08-16-04_000.jpg.4.png / val_Average = 119.9728	val_Variance = 0.0269	sd = 0.1641	max = 121	min = 119
[20190628_090938 / lib_ip.py:3836] len(Hs) = 8100, len(Ss) = 8100, len(Vs) = 8100
[20190628_090938 / lib_ip.py:3891] yellow : average --> out of range (average = 119.973 / upper = 99.200 / lower = 85.500)
[20190628_090938 / lib_ip.py:3753] file = img.20190628_090935.2019-06-28_08-16-04_000.jpg.4.png / val_Average = 119.9728	val_Variance = 0.0269	sd = 0.1641	max = 121	min = 119
[20190628_090938 / lib_ip.py:3936] len(Hs) = 8100, len(Ss) = 8100, len(Vs) = 8100
[20190628_090938 / lib_ip.py:2274] inspecting ===> img.20190628_090935.2019-06-28_08-16-04_000.jpg.4.png
img.20190628_090935.2019-06-28_08-16-04_000.jpg.1.png => other
img.20190628_090935.2019-06-28_08-16-04_000.jpg.2.png => other
img.20190628_090935.2019-06-28_08-16-04_000.jpg.3.png => other
img.20190628_090935.2019-06-28_08-16-04_000.jpg.4.png => other
[20190628_090938 lib_ip.py:3301] =============== Get 4 corners
dpath_Images = C:\WORKS_2\WS\WS_Others.Art\JVEMV6\46_art\VIRTUAL\Admin_Projects\ip\images
fname_Image = img.20190628_090935.2019-06-28_08-16-04_000.jpg.4.png

[20190628_090939 / lib_ip.py:2274] inspecting ===> img.20190628_090939.2019-06-28_08-16-15_000.jpg.1.png
[20190628_090939 / lib_ip.py:4505] 
img.20190628_090939.2019-06-28_08-16-15_000.jpg.1.png 0 ---------------------
[20190628_090939 / lib_ip.py:3753] file = img.20190628_090939.2019-06-28_08-16-15_000.jpg.1.png / val_Average = 75.1412	val_Variance = 0.1618	sd = 0.4022	max = 76	min = 74
[20190628_090939 / lib_ip.py:3836] len(Hs) = 8100, len(Ss) = 8100, len(Vs) = 8100
[20190628_090939 / lib_ip.py:3891] yellow : average --> out of range (average = 75.141 / upper = 99.200 / lower = 85.500)
[20190628_090940 / lib_ip.py:3753] file = img.20190628_090939.2019-06-28_08-16-15_000.jpg.1.png / val_Average = 75.1412	val_Variance = 0.1618	sd = 0.4022	max = 76	min = 74
[20190628_090940 / lib_ip.py:3936] len(Hs) = 8100, len(Ss) = 8100, len(Vs) = 8100
[20190628_090940 / lib_ip.py:4007] red : average --> out of range (average = 75.141 / upper = 124.600 / lower = 115.000)
[20190628_090940 / lib_ip.py:3753] file = img.20190628_090939.2019-06-28_08-16-15_000.jpg.1.png / val_Average = 75.1412	val_Variance = 0.1618	sd = 0.4022	max = 76	min = 74
[20190628_090940 / lib_ip.py:4052] len(Hs) = 8100, len(Ss) = 8100, len(Vs) = 8100
[20190628_090940 / lib_ip.py:2274] inspecting ===> img.20190628_090939.2019-06-28_08-16-15_000.jpg.2.png
[20190628_090940 / lib_ip.py:4505] 
img.20190628_090939.2019-06-28_08-16-15_000.jpg.2.png 1 ---------------------
[20190628_090940 / lib_ip.py:3753] file = img.20190628_090939.2019-06-28_08-16-15_000.jpg.2.png / val_Average = 119.9294	val_Variance = 0.1170	sd = 0.3420	max = 121	min = 119
[20190628_090940 / lib_ip.py:3836] len(Hs) = 8100, len(Ss) = 8100, len(Vs) = 8100
[20190628_090940 / lib_ip.py:3891] yellow : average --> out of range (average = 119.929 / upper = 99.200 / lower = 85.500)
[20190628_090940 / lib_ip.py:3753] file = img.20190628_090939.2019-06-28_08-16-15_000.jpg.2.png / val_Average = 119.9294	val_Variance = 0.1170	sd = 0.3420	max = 121	min = 119
[20190628_090940 / lib_ip.py:3936] len(Hs) = 8100, len(Ss) = 8100, len(Vs) = 8100
[20190628_090940 / lib_ip.py:2274] inspecting ===> img.20190628_090939.2019-06-28_08-16-15_000.jpg.3.png
[20190628_090940 / lib_ip.py:4505] 
img.20190628_090939.2019-06-28_08-16-15_000.jpg.3.png 2 ---------------------
[20190628_090941 / lib_ip.py:3753] file = img.20190628_090939.2019-06-28_08-16-15_000.jpg.3.png / val_Average = 116.9415	val_Variance = 141.3104	sd = 11.8874	max = 160	min = 0
[20190628_090941 / lib_ip.py:3836] len(Hs) = 8100, len(Ss) = 8100, len(Vs) = 8100
[20190628_090941 / lib_ip.py:3869] yellow : variance --> out of range (variance = 141.310 / upper = 0.650 / lower = 0.000)
[20190628_090941 / lib_ip.py:3753] file = img.20190628_090939.2019-06-28_08-16-15_000.jpg.3.png / val_Average = 116.9415	val_Variance = 141.3104	sd = 11.8874	max = 160	min = 0
[20190628_090941 / lib_ip.py:3936] len(Hs) = 8100, len(Ss) = 8100, len(Vs) = 8100
[20190628_090941 / lib_ip.py:3982] red : variance --> out of range (variance = 141.310 / upper = 0.430 / lower = 0.000)
[20190628_090941 / lib_ip.py:3753] file = img.20190628_090939.2019-06-28_08-16-15_000.jpg.3.png / val_Average = 116.9415	val_Variance = 141.3104	sd = 11.8874	max = 160	min = 0
[20190628_090941 / lib_ip.py:4052] len(Hs) = 8100, len(Ss) = 8100, len(Vs) = 8100
[20190628_090941 / lib_ip.py:4099] green : variance --> out of range (variance = 141.310 / upper = 0.760 / lower = 0.000)
[20190628_090941 / lib_ip.py:3753] file = img.20190628_090939.2019-06-28_08-16-15_000.jpg.3.png / val_Average = 116.9415	val_Variance = 141.3104	sd = 11.8874	max = 160	min = 0
[20190628_090941 / lib_ip.py:4169] len(Hs) = 8100, len(Ss) = 8100, len(Vs) = 8100
[20190628_090941 / lib_ip.py:4208] blue : variance --> out of range (variance = 141.310 / upper = 0.930 / lower = 0.010)
[20190628_090941 / lib_ip.py:3753] file = img.20190628_090939.2019-06-28_08-16-15_000.jpg.3.png / val_Average = 116.9415	val_Variance = 141.3104	sd = 11.8874	max = 160	min = 0
[20190628_090941 / lib_ip.py:4275] len(Hs) = 8100, len(Ss) = 8100, len(Vs) = 8100
[20190628_090941 / lib_ip.py:4314] pink : variance --> out of range (variance = 141.310 / upper = 0.750 / lower = 0.030)
[20190628_090941 / lib_ip.py:3753] file = img.20190628_090939.2019-06-28_08-16-15_000.jpg.3.png / val_Average = 116.9415	val_Variance = 141.3104	sd = 11.8874	max = 160	min = 0
[20190628_090941 / lib_ip.py:4378] len(Hs) = 8100, len(Ss) = 8100, len(Vs) = 8100
[20190628_090941 / lib_ip.py:4422] black : variance --> out of range (variance = 141.310 / upper = 0.000 / lower = 0.000)
[20190628_090942 / lib_ip.py:4593] file : img.20190628_090939.2019-06-28_08-16-15_000.jpg.3.png 2 (black : variance --> out of range (variance = 141.310 / upper = 0.000 / lower = 0.000))
[20190628_090942 / lib_ip.py:2274] inspecting ===> img.20190628_090939.2019-06-28_08-16-15_000.jpg.4.png
[20190628_090942 / lib_ip.py:4505] 
img.20190628_090939.2019-06-28_08-16-15_000.jpg.4.png 3 ---------------------
[20190628_090942 / lib_ip.py:3753] file = img.20190628_090939.2019-06-28_08-16-15_000.jpg.4.png / val_Average = 107.3426	val_Variance = 7.0386	sd = 2.6530	max = 117	min = 99
[20190628_090942 / lib_ip.py:3836] len(Hs) = 8100, len(Ss) = 8100, len(Vs) = 8100
[20190628_090942 / lib_ip.py:3869] yellow : variance --> out of range (variance = 7.039 / upper = 0.650 / lower = 0.000)
[20190628_090942 / lib_ip.py:3753] file = img.20190628_090939.2019-06-28_08-16-15_000.jpg.4.png / val_Average = 107.3426	val_Variance = 7.0386	sd = 2.6530	max = 117	min = 99
[20190628_090942 / lib_ip.py:3936] len(Hs) = 8100, len(Ss) = 8100, len(Vs) = 8100
[20190628_090942 / lib_ip.py:3982] red : variance --> out of range (variance = 7.039 / upper = 0.430 / lower = 0.000)
[20190628_090942 / lib_ip.py:3753] file = img.20190628_090939.2019-06-28_08-16-15_000.jpg.4.png / val_Average = 107.3426	val_Variance = 7.0386	sd = 2.6530	max = 117	min = 99
[20190628_090942 / lib_ip.py:4052] len(Hs) = 8100, len(Ss) = 8100, len(Vs) = 8100
[20190628_090942 / lib_ip.py:4099] green : variance --> out of range (variance = 7.039 / upper = 0.760 / lower = 0.000)
[20190628_090942 / lib_ip.py:3753] file = img.20190628_090939.2019-06-28_08-16-15_000.jpg.4.png / val_Average = 107.3426	val_Variance = 7.0386	sd = 2.6530	max = 117	min = 99
[20190628_090942 / lib_ip.py:4169] len(Hs) = 8100, len(Ss) = 8100, len(Vs) = 8100
[20190628_090942 / lib_ip.py:4208] blue : variance --> out of range (variance = 7.039 / upper = 0.930 / lower = 0.010)
[20190628_090942 / lib_ip.py:3753] file = img.20190628_090939.2019-06-28_08-16-15_000.jpg.4.png / val_Average = 107.3426	val_Variance = 7.0386	sd = 2.6530	max = 117	min = 99
[20190628_090942 / lib_ip.py:4275] len(Hs) = 8100, len(Ss) = 8100, len(Vs) = 8100
[20190628_090942 / lib_ip.py:4314] pink : variance --> out of range (variance = 7.039 / upper = 0.750 / lower = 0.030)
[20190628_090942 / lib_ip.py:3753] file = img.20190628_090939.2019-06-28_08-16-15_000.jpg.4.png / val_Average = 107.3426	val_Variance = 7.0386	sd = 2.6530	max = 117	min = 99
[20190628_090942 / lib_ip.py:4378] len(Hs) = 8100, len(Ss) = 8100, len(Vs) = 8100
[20190628_090943 / lib_ip.py:4422] black : variance --> out of range (variance = 7.039 / upper = 0.000 / lower = 0.000)
[20190628_090943 / lib_ip.py:4593] file : img.20190628_090939.2019-06-28_08-16-15_000.jpg.4.png 3 (black : variance --> out of range (variance = 7.039 / upper = 0.000 / lower = 0.000))
[20190628_090942 / lib_ip.py:2274] inspecting ===> img.20190628_090939.2019-06-28_08-16-15_000.jpg.4.png
img.20190628_090939.2019-06-28_08-16-15_000.jpg.1.png => other
img.20190628_090939.2019-06-28_08-16-15_000.jpg.2.png => other
img.20190628_090939.2019-06-28_08-16-15_000.jpg.3.png => other
img.20190628_090939.2019-06-28_08-16-15_000.jpg.4.png => other
[20190628_090943 lib_ip.py:3301] =============== Get 4 corners
dpath_Images = C:\WORKS_2\WS\WS_Others.Art\JVEMV6\46_art\VIRTUAL\Admin_Projects\ip\images
fname_Image = img.20190628_090939.2019-06-28_08-16-15_000.jpg.4.png

[20190628_090943 / lib_ip.py:2274] inspecting ===> img.20190628_090943.2019-06-28_08-17-56_000.jpg.1.png
[20190628_090943 / lib_ip.py:4505] 
img.20190628_090943.2019-06-28_08-17-56_000.jpg.1.png 0 ---------------------
[20190628_090944 / lib_ip.py:3753] file = img.20190628_090943.2019-06-28_08-17-56_000.jpg.1.png / val_Average = 12.0515	val_Variance = 0.1782	sd = 0.4222	max = 14	min = 10
[20190628_090944 / lib_ip.py:3836] len(Hs) = 8100, len(Ss) = 8100, len(Vs) = 8100
[20190628_090944 / lib_ip.py:3891] yellow : average --> out of range (average = 12.051 / upper = 99.200 / lower = 85.500)
[20190628_090944 / lib_ip.py:3753] file = img.20190628_090943.2019-06-28_08-17-56_000.jpg.1.png / val_Average = 12.0515	val_Variance = 0.1782	sd = 0.4222	max = 14	min = 10
[20190628_090944 / lib_ip.py:3936] len(Hs) = 8100, len(Ss) = 8100, len(Vs) = 8100
[20190628_090944 / lib_ip.py:4007] red : average --> out of range (average = 12.051 / upper = 124.600 / lower = 115.000)
[20190628_090944 / lib_ip.py:3753] file = img.20190628_090943.2019-06-28_08-17-56_000.jpg.1.png / val_Average = 12.0515	val_Variance = 0.1782	sd = 0.4222	max = 14	min = 10
[20190628_090944 / lib_ip.py:4052] len(Hs) = 8100, len(Ss) = 8100, len(Vs) = 8100
[20190628_090944 / lib_ip.py:4124] green : average --> out of range (average = 12.051 / upper = 85.000 / lower = 58.000)
[20190628_090944 / lib_ip.py:3753] file = img.20190628_090943.2019-06-28_08-17-56_000.jpg.1.png / val_Average = 12.0515	val_Variance = 0.1782	sd = 0.4222	max = 14	min = 10
[20190628_090944 / lib_ip.py:4169] len(Hs) = 8100, len(Ss) = 8100, len(Vs) = 8100
[20190628_090944 / lib_ip.py:2274] inspecting ===> img.20190628_090943.2019-06-28_08-17-56_000.jpg.2.png
[20190628_090944 / lib_ip.py:4505] 
img.20190628_090943.2019-06-28_08-17-56_000.jpg.2.png 1 ---------------------
[20190628_090944 / lib_ip.py:3753] file = img.20190628_090943.2019-06-28_08-17-56_000.jpg.2.png / val_Average = 12.1695	val_Variance = 0.2166	sd = 0.4654	max = 14	min = 11
[20190628_090944 / lib_ip.py:3836] len(Hs) = 8100, len(Ss) = 8100, len(Vs) = 8100
[20190628_090944 / lib_ip.py:3891] yellow : average --> out of range (average = 12.170 / upper = 99.200 / lower = 85.500)
[20190628_090944 / lib_ip.py:3753] file = img.20190628_090943.2019-06-28_08-17-56_000.jpg.2.png / val_Average = 12.1695	val_Variance = 0.2166	sd = 0.4654	max = 14	min = 11
[20190628_090944 / lib_ip.py:3936] len(Hs) = 8100, len(Ss) = 8100, len(Vs) = 8100
[20190628_090944 / lib_ip.py:4007] red : average --> out of range (average = 12.170 / upper = 124.600 / lower = 115.000)
[20190628_090945 / lib_ip.py:3753] file = img.20190628_090943.2019-06-28_08-17-56_000.jpg.2.png / val_Average = 12.1695	val_Variance = 0.2166	sd = 0.4654	max = 14	min = 11
[20190628_090945 / lib_ip.py:4052] len(Hs) = 8100, len(Ss) = 8100, len(Vs) = 8100
[20190628_090945 / lib_ip.py:4124] green : average --> out of range (average = 12.170 / upper = 85.000 / lower = 58.000)
[20190628_090945 / lib_ip.py:3753] file = img.20190628_090943.2019-06-28_08-17-56_000.jpg.2.png / val_Average = 12.1695	val_Variance = 0.2166	sd = 0.4654	max = 14	min = 11
[20190628_090945 / lib_ip.py:4169] len(Hs) = 8100, len(Ss) = 8100, len(Vs) = 8100
[20190628_090945 / lib_ip.py:2274] inspecting ===> img.20190628_090943.2019-06-28_08-17-56_000.jpg.3.png
[20190628_090945 / lib_ip.py:4505] 
img.20190628_090943.2019-06-28_08-17-56_000.jpg.3.png 2 ---------------------
[20190628_090945 / lib_ip.py:3753] file = img.20190628_090943.2019-06-28_08-17-56_000.jpg.3.png / val_Average = 107.8559	val_Variance = 6.1646	sd = 2.4829	max = 130	min = 90
[20190628_090945 / lib_ip.py:3836] len(Hs) = 8100, len(Ss) = 8100, len(Vs) = 8100
[20190628_090945 / lib_ip.py:3869] yellow : variance --> out of range (variance = 6.165 / upper = 0.650 / lower = 0.000)
[20190628_090945 / lib_ip.py:3753] file = img.20190628_090943.2019-06-28_08-17-56_000.jpg.3.png / val_Average = 107.8559	val_Variance = 6.1646	sd = 2.4829	max = 130	min = 90
[20190628_090945 / lib_ip.py:3936] len(Hs) = 8100, len(Ss) = 8100, len(Vs) = 8100
[20190628_090945 / lib_ip.py:3982] red : variance --> out of range (variance = 6.165 / upper = 0.430 / lower = 0.000)
[20190628_090946 / lib_ip.py:3753] file = img.20190628_090943.2019-06-28_08-17-56_000.jpg.3.png / val_Average = 107.8559	val_Variance = 6.1646	sd = 2.4829	max = 130	min = 90
[20190628_090946 / lib_ip.py:4052] len(Hs) = 8100, len(Ss) = 8100, len(Vs) = 8100
[20190628_090946 / lib_ip.py:4099] green : variance --> out of range (variance = 6.165 / upper = 0.760 / lower = 0.000)
[20190628_090946 / lib_ip.py:3753] file = img.20190628_090943.2019-06-28_08-17-56_000.jpg.3.png / val_Average = 107.8559	val_Variance = 6.1646	sd = 2.4829	max = 130	min = 90
[20190628_090946 / lib_ip.py:4169] len(Hs) = 8100, len(Ss) = 8100, len(Vs) = 8100
[20190628_090946 / lib_ip.py:4208] blue : variance --> out of range (variance = 6.165 / upper = 0.930 / lower = 0.010)
[20190628_090946 / lib_ip.py:3753] file = img.20190628_090943.2019-06-28_08-17-56_000.jpg.3.png / val_Average = 107.8559	val_Variance = 6.1646	sd = 2.4829	max = 130	min = 90
[20190628_090946 / lib_ip.py:4275] len(Hs) = 8100, len(Ss) = 8100, len(Vs) = 8100
[20190628_090946 / lib_ip.py:4314] pink : variance --> out of range (variance = 6.165 / upper = 0.750 / lower = 0.030)
[20190628_090946 / lib_ip.py:3753] file = img.20190628_090943.2019-06-28_08-17-56_000.jpg.3.png / val_Average = 107.8559	val_Variance = 6.1646	sd = 2.4829	max = 130	min = 90
[20190628_090946 / lib_ip.py:4378] len(Hs) = 8100, len(Ss) = 8100, len(Vs) = 8100
[20190628_090946 / lib_ip.py:4422] black : variance --> out of range (variance = 6.165 / upper = 0.000 / lower = 0.000)
[20190628_090946 / lib_ip.py:4593] file : img.20190628_090943.2019-06-28_08-17-56_000.jpg.3.png 2 (black : variance --> out of range (variance = 6.165 / upper = 0.000 / lower = 0.000))
[20190628_090946 / lib_ip.py:2274] inspecting ===> img.20190628_090943.2019-06-28_08-17-56_000.jpg.4.png
[20190628_090946 / lib_ip.py:4505] 
img.20190628_090943.2019-06-28_08-17-56_000.jpg.4.png 3 ---------------------
[20190628_090946 / lib_ip.py:3753] file = img.20190628_090943.2019-06-28_08-17-56_000.jpg.4.png / val_Average = 108.0972	val_Variance = 2.8776	sd = 1.6963	max = 113	min = 103
[20190628_090946 / lib_ip.py:3836] len(Hs) = 8100, len(Ss) = 8100, len(Vs) = 8100
[20190628_090946 / lib_ip.py:3869] yellow : variance --> out of range (variance = 2.878 / upper = 0.650 / lower = 0.000)
[20190628_090946 / lib_ip.py:3753] file = img.20190628_090943.2019-06-28_08-17-56_000.jpg.4.png / val_Average = 108.0972	val_Variance = 2.8776	sd = 1.6963	max = 113	min = 103
[20190628_090946 / lib_ip.py:3936] len(Hs) = 8100, len(Ss) = 8100, len(Vs) = 8100
[20190628_090946 / lib_ip.py:3982] red : variance --> out of range (variance = 2.878 / upper = 0.430 / lower = 0.000)
[20190628_090947 / lib_ip.py:3753] file = img.20190628_090943.2019-06-28_08-17-56_000.jpg.4.png / val_Average = 108.0972	val_Variance = 2.8776	sd = 1.6963	max = 113	min = 103
[20190628_090947 / lib_ip.py:4052] len(Hs) = 8100, len(Ss) = 8100, len(Vs) = 8100
[20190628_090947 / lib_ip.py:4099] green : variance --> out of range (variance = 2.878 / upper = 0.760 / lower = 0.000)
[20190628_090947 / lib_ip.py:3753] file = img.20190628_090943.2019-06-28_08-17-56_000.jpg.4.png / val_Average = 108.0972	val_Variance = 2.8776	sd = 1.6963	max = 113	min = 103
[20190628_090947 / lib_ip.py:4169] len(Hs) = 8100, len(Ss) = 8100, len(Vs) = 8100
[20190628_090947 / lib_ip.py:4208] blue : variance --> out of range (variance = 2.878 / upper = 0.930 / lower = 0.010)
[20190628_090947 / lib_ip.py:3753] file = img.20190628_090943.2019-06-28_08-17-56_000.jpg.4.png / val_Average = 108.0972	val_Variance = 2.8776	sd = 1.6963	max = 113	min = 103
[20190628_090947 / lib_ip.py:4275] len(Hs) = 8100, len(Ss) = 8100, len(Vs) = 8100
[20190628_090947 / lib_ip.py:4314] pink : variance --> out of range (variance = 2.878 / upper = 0.750 / lower = 0.030)
[20190628_090947 / lib_ip.py:3753] file = img.20190628_090943.2019-06-28_08-17-56_000.jpg.4.png / val_Average = 108.0972	val_Variance = 2.8776	sd = 1.6963	max = 113	min = 103
[20190628_090947 / lib_ip.py:4378] len(Hs) = 8100, len(Ss) = 8100, len(Vs) = 8100
[20190628_090947 / lib_ip.py:4422] black : variance --> out of range (variance = 2.878 / upper = 0.000 / lower = 0.000)
[20190628_090947 / lib_ip.py:4593] file : img.20190628_090943.2019-06-28_08-17-56_000.jpg.4.png 3 (black : variance --> out of range (variance = 2.878 / upper = 0.000 / lower = 0.000))
[20190628_090946 / lib_ip.py:2274] inspecting ===> img.20190628_090943.2019-06-28_08-17-56_000.jpg.4.png
img.20190628_090943.2019-06-28_08-17-56_000.jpg.1.png => other
img.20190628_090943.2019-06-28_08-17-56_000.jpg.2.png => other
img.20190628_090943.2019-06-28_08-17-56_000.jpg.3.png => other
img.20190628_090943.2019-06-28_08-17-56_000.jpg.4.png => other
[20190628_090947 lib_ip.py:3301] =============== Get 4 corners
dpath_Images = C:\WORKS_2\WS\WS_Others.Art\JVEMV6\46_art\VIRTUAL\Admin_Projects\ip\images
fname_Image = img.20190628_090943.2019-06-28_08-17-56_000.jpg.4.png

[20190628_090947 / views.py:1411] gen csv => complete (20190628_090947)(elapsed = 42.034 sec / 9 files / 4.670 sec per file)
1)	2019-06-27_11-22-10_000.jpg => 	other other green green 
2)	2019-06-27_17-06-05_000.jpg => 	other other other red 
3)	2019-06-27_17-06-20_000.jpg => 	other red other other 
4)	2019-06-27_20-48-16_000.jpg => 	other yellow other other 
5)	2019-06-28_01-55-22_000.png => 	other other other other 
6)	2019-06-28_07-37-19_000.jpg => 	other other other other 
7)	2019-06-28_08-16-04_000.jpg => 	other green other red 
8)	2019-06-28_08-16-15_000.jpg => 	green red other other 
9)	2019-06-28_08-17-56_000.jpg => 	blue blue other other 
[20190628_090947 / views.py:1753] lo_ColorName_Set__Modified_2 =>
1)	2019-06-27_11-22-10_000.jpg => 	g g o o 
2)	2019-06-27_17-06-05_000.jpg => 	o o o r 
3)	2019-06-27_17-06-20_000.jpg => 	o o o r 
4)	2019-06-27_20-48-16_000.jpg => 	o o o y 
5)	2019-06-28_01-55-22_000.png => 	o o o o 
6)	2019-06-28_07-37-19_000.jpg => 	o o o o 
7)	2019-06-28_08-16-04_000.jpg => 	g o o r 
8)	2019-06-28_08-16-15_000.jpg => 	g o o r 
9)	2019-06-28_08-17-56_000.jpg => 	b b o o 
[20190628_090948 / lib_ip.py:4789] no key 'GPSInfo' for file : C:\WORKS_2\WS\WS_Others.Art\JVEMV6\46_art\VIRTUAL\Admin_Projects\ip\images\2019-06-28_01-55-22_000.png
[20190628_090948 / views.py:1839] gen_Cake_CSV(request) ==> ending... =======================//

