[20190702_070534 / views.py:1822] gen_Cake_CSV(request) ==> starting... =======================
[20190702_070537 / lib_ip.py:2274] inspecting ===> img.20190702_070537.2019-07-01_12-20-48_000.jpg.1.png
[20190702_070537 / lib_ip.py:4505] 
img.20190702_070537.2019-07-01_12-20-48_000.jpg.1.png 0 ---------------------
[20190702_070538 / lib_ip.py:3753] file = img.20190702_070537.2019-07-01_12-20-48_000.jpg.1.png / val_Average = 79.6388	val_Variance = 782.6048	sd = 27.9751	max = 160	min = 0
[20190702_070538 / lib_ip.py:3836] len(Hs) = 8100, len(Ss) = 8100, len(Vs) = 8100
[20190702_070538 / lib_ip.py:3869] yellow : variance --> out of range (variance = 782.605 / upper = 0.650 / lower = 0.000)
[20190702_070538 / lib_ip.py:3753] file = img.20190702_070537.2019-07-01_12-20-48_000.jpg.1.png / val_Average = 79.6388	val_Variance = 782.6048	sd = 27.9751	max = 160	min = 0
[20190702_070538 / lib_ip.py:3936] len(Hs) = 8100, len(Ss) = 8100, len(Vs) = 8100
[20190702_070538 / lib_ip.py:3982] red : variance --> out of range (variance = 782.605 / upper = 0.430 / lower = 0.000)
[20190702_070538 / lib_ip.py:3753] file = img.20190702_070537.2019-07-01_12-20-48_000.jpg.1.png / val_Average = 79.6388	val_Variance = 782.6048	sd = 27.9751	max = 160	min = 0
[20190702_070538 / lib_ip.py:4052] len(Hs) = 8100, len(Ss) = 8100, len(Vs) = 8100
[20190702_070538 / lib_ip.py:4099] green : variance --> out of range (variance = 782.605 / upper = 0.760 / lower = 0.000)
[20190702_070538 / lib_ip.py:3753] file = img.20190702_070537.2019-07-01_12-20-48_000.jpg.1.png / val_Average = 79.6388	val_Variance = 782.6048	sd = 27.9751	max = 160	min = 0
[20190702_070538 / lib_ip.py:4169] len(Hs) = 8100, len(Ss) = 8100, len(Vs) = 8100
[20190702_070538 / lib_ip.py:4208] blue : variance --> out of range (variance = 782.605 / upper = 0.930 / lower = 0.010)
[20190702_070538 / lib_ip.py:3753] file = img.20190702_070537.2019-07-01_12-20-48_000.jpg.1.png / val_Average = 79.6388	val_Variance = 782.6048	sd = 27.9751	max = 160	min = 0
[20190702_070538 / lib_ip.py:4275] len(Hs) = 8100, len(Ss) = 8100, len(Vs) = 8100
[20190702_070538 / lib_ip.py:4314] pink : variance --> out of range (variance = 782.605 / upper = 0.750 / lower = 0.030)
[20190702_070539 / lib_ip.py:3753] file = img.20190702_070537.2019-07-01_12-20-48_000.jpg.1.png / val_Average = 79.6388	val_Variance = 782.6048	sd = 27.9751	max = 160	min = 0
[20190702_070539 / lib_ip.py:4378] len(Hs) = 8100, len(Ss) = 8100, len(Vs) = 8100
[20190702_070539 / lib_ip.py:4422] black : variance --> out of range (variance = 782.605 / upper = 0.000 / lower = 0.000)
[20190702_070539 / lib_ip.py:4593] file : img.20190702_070537.2019-07-01_12-20-48_000.jpg.1.png 0 (black : variance --> out of range (variance = 782.605 / upper = 0.000 / lower = 0.000))
[20190702_070539 / lib_ip.py:2274] inspecting ===> img.20190702_070537.2019-07-01_12-20-48_000.jpg.2.png
[20190702_070539 / lib_ip.py:4505] 
img.20190702_070537.2019-07-01_12-20-48_000.jpg.2.png 1 ---------------------
[20190702_070539 / lib_ip.py:3753] file = img.20190702_070537.2019-07-01_12-20-48_000.jpg.2.png / val_Average = 92.3015	val_Variance = 0.2106	sd = 0.4589	max = 93	min = 92
[20190702_070539 / lib_ip.py:3836] len(Hs) = 8100, len(Ss) = 8100, len(Vs) = 8100
[20190702_070539 / lib_ip.py:2274] inspecting ===> img.20190702_070537.2019-07-01_12-20-48_000.jpg.3.png
[20190702_070539 / lib_ip.py:4505] 
img.20190702_070537.2019-07-01_12-20-48_000.jpg.3.png 2 ---------------------
[20190702_070539 / lib_ip.py:3753] file = img.20190702_070537.2019-07-01_12-20-48_000.jpg.3.png / val_Average = 117.6249	val_Variance = 43.5778	sd = 6.6014	max = 140	min = 96
[20190702_070539 / lib_ip.py:3836] len(Hs) = 8100, len(Ss) = 8100, len(Vs) = 8100
[20190702_070539 / lib_ip.py:3869] yellow : variance --> out of range (variance = 43.578 / upper = 0.650 / lower = 0.000)
[20190702_070539 / lib_ip.py:3753] file = img.20190702_070537.2019-07-01_12-20-48_000.jpg.3.png / val_Average = 117.6249	val_Variance = 43.5778	sd = 6.6014	max = 140	min = 96
[20190702_070539 / lib_ip.py:3936] len(Hs) = 8100, len(Ss) = 8100, len(Vs) = 8100
[20190702_070540 / lib_ip.py:3982] red : variance --> out of range (variance = 43.578 / upper = 0.430 / lower = 0.000)
[20190702_070540 / lib_ip.py:3753] file = img.20190702_070537.2019-07-01_12-20-48_000.jpg.3.png / val_Average = 117.6249	val_Variance = 43.5778	sd = 6.6014	max = 140	min = 96
[20190702_070540 / lib_ip.py:4052] len(Hs) = 8100, len(Ss) = 8100, len(Vs) = 8100
[20190702_070540 / lib_ip.py:4099] green : variance --> out of range (variance = 43.578 / upper = 0.760 / lower = 0.000)
[20190702_070540 / lib_ip.py:3753] file = img.20190702_070537.2019-07-01_12-20-48_000.jpg.3.png / val_Average = 117.6249	val_Variance = 43.5778	sd = 6.6014	max = 140	min = 96
[20190702_070540 / lib_ip.py:4169] len(Hs) = 8100, len(Ss) = 8100, len(Vs) = 8100
[20190702_070540 / lib_ip.py:4208] blue : variance --> out of range (variance = 43.578 / upper = 0.930 / lower = 0.010)
[20190702_070540 / lib_ip.py:3753] file = img.20190702_070537.2019-07-01_12-20-48_000.jpg.3.png / val_Average = 117.6249	val_Variance = 43.5778	sd = 6.6014	max = 140	min = 96
[20190702_070540 / lib_ip.py:4275] len(Hs) = 8100, len(Ss) = 8100, len(Vs) = 8100
[20190702_070540 / lib_ip.py:4314] pink : variance --> out of range (variance = 43.578 / upper = 0.750 / lower = 0.030)
[20190702_070540 / lib_ip.py:3753] file = img.20190702_070537.2019-07-01_12-20-48_000.jpg.3.png / val_Average = 117.6249	val_Variance = 43.5778	sd = 6.6014	max = 140	min = 96
[20190702_070540 / lib_ip.py:4378] len(Hs) = 8100, len(Ss) = 8100, len(Vs) = 8100
[20190702_070540 / lib_ip.py:4422] black : variance --> out of range (variance = 43.578 / upper = 0.000 / lower = 0.000)
[20190702_070540 / lib_ip.py:4593] file : img.20190702_070537.2019-07-01_12-20-48_000.jpg.3.png 2 (black : variance --> out of range (variance = 43.578 / upper = 0.000 / lower = 0.000))
[20190702_070540 / lib_ip.py:2274] inspecting ===> img.20190702_070537.2019-07-01_12-20-48_000.jpg.4.png
[20190702_070541 / lib_ip.py:4505] 
img.20190702_070537.2019-07-01_12-20-48_000.jpg.4.png 3 ---------------------
[20190702_070541 / lib_ip.py:3753] file = img.20190702_070537.2019-07-01_12-20-48_000.jpg.4.png / val_Average = 82.4927	val_Variance = 1922.0687	sd = 43.8414	max = 174	min = 0
[20190702_070541 / lib_ip.py:3836] len(Hs) = 8100, len(Ss) = 8100, len(Vs) = 8100
[20190702_070541 / lib_ip.py:3869] yellow : variance --> out of range (variance = 1922.069 / upper = 0.650 / lower = 0.000)
[20190702_070541 / lib_ip.py:3753] file = img.20190702_070537.2019-07-01_12-20-48_000.jpg.4.png / val_Average = 82.4927	val_Variance = 1922.0687	sd = 43.8414	max = 174	min = 0
[20190702_070541 / lib_ip.py:3936] len(Hs) = 8100, len(Ss) = 8100, len(Vs) = 8100
[20190702_070541 / lib_ip.py:3982] red : variance --> out of range (variance = 1922.069 / upper = 0.430 / lower = 0.000)
[20190702_070542 / lib_ip.py:3753] file = img.20190702_070537.2019-07-01_12-20-48_000.jpg.4.png / val_Average = 82.4927	val_Variance = 1922.0687	sd = 43.8414	max = 174	min = 0
[20190702_070542 / lib_ip.py:4052] len(Hs) = 8100, len(Ss) = 8100, len(Vs) = 8100
[20190702_070542 / lib_ip.py:4099] green : variance --> out of range (variance = 1922.069 / upper = 0.760 / lower = 0.000)
[20190702_070542 / lib_ip.py:3753] file = img.20190702_070537.2019-07-01_12-20-48_000.jpg.4.png / val_Average = 82.4927	val_Variance = 1922.0687	sd = 43.8414	max = 174	min = 0
[20190702_070542 / lib_ip.py:4169] len(Hs) = 8100, len(Ss) = 8100, len(Vs) = 8100
[20190702_070542 / lib_ip.py:4208] blue : variance --> out of range (variance = 1922.069 / upper = 0.930 / lower = 0.010)
[20190702_070542 / lib_ip.py:3753] file = img.20190702_070537.2019-07-01_12-20-48_000.jpg.4.png / val_Average = 82.4927	val_Variance = 1922.0687	sd = 43.8414	max = 174	min = 0
[20190702_070542 / lib_ip.py:4275] len(Hs) = 8100, len(Ss) = 8100, len(Vs) = 8100
[20190702_070542 / lib_ip.py:4314] pink : variance --> out of range (variance = 1922.069 / upper = 0.750 / lower = 0.030)
[20190702_070542 / lib_ip.py:3753] file = img.20190702_070537.2019-07-01_12-20-48_000.jpg.4.png / val_Average = 82.4927	val_Variance = 1922.0687	sd = 43.8414	max = 174	min = 0
[20190702_070542 / lib_ip.py:4378] len(Hs) = 8100, len(Ss) = 8100, len(Vs) = 8100
[20190702_070542 / lib_ip.py:4422] black : variance --> out of range (variance = 1922.069 / upper = 0.000 / lower = 0.000)
[20190702_070542 / lib_ip.py:4593] file : img.20190702_070537.2019-07-01_12-20-48_000.jpg.4.png 3 (black : variance --> out of range (variance = 1922.069 / upper = 0.000 / lower = 0.000))
[20190702_070540 / lib_ip.py:2274] inspecting ===> img.20190702_070537.2019-07-01_12-20-48_000.jpg.4.png
img.20190702_070537.2019-07-01_12-20-48_000.jpg.1.png => other
img.20190702_070537.2019-07-01_12-20-48_000.jpg.2.png => yellow
img.20190702_070537.2019-07-01_12-20-48_000.jpg.3.png => other
img.20190702_070537.2019-07-01_12-20-48_000.jpg.4.png => other
[20190702_070542 lib_ip.py:3301] =============== Get 4 corners
dpath_Images = C:\WORKS_2\WS\WS_Others.Art\JVEMV6\46_art\VIRTUAL\Admin_Projects\ip\images
fname_Image = img.20190702_070537.2019-07-01_12-20-48_000.jpg.4.png

[20190702_070543 / lib_ip.py:2274] inspecting ===> img.20190702_070543.2019-07-01_14-33-50_000.jpg.1.png
[20190702_070543 / lib_ip.py:4505] 
img.20190702_070543.2019-07-01_14-33-50_000.jpg.1.png 0 ---------------------
[20190702_070544 / lib_ip.py:3753] file = img.20190702_070543.2019-07-01_14-33-50_000.jpg.1.png / val_Average = 117.5870	val_Variance = 29.6079	sd = 5.4413	max = 144	min = 104
[20190702_070544 / lib_ip.py:3836] len(Hs) = 8100, len(Ss) = 8100, len(Vs) = 8100
[20190702_070544 / lib_ip.py:3869] yellow : variance --> out of range (variance = 29.608 / upper = 0.650 / lower = 0.000)
[20190702_070544 / lib_ip.py:3753] file = img.20190702_070543.2019-07-01_14-33-50_000.jpg.1.png / val_Average = 117.5870	val_Variance = 29.6079	sd = 5.4413	max = 144	min = 104
[20190702_070544 / lib_ip.py:3936] len(Hs) = 8100, len(Ss) = 8100, len(Vs) = 8100
[20190702_070544 / lib_ip.py:3982] red : variance --> out of range (variance = 29.608 / upper = 0.430 / lower = 0.000)
[20190702_070544 / lib_ip.py:3753] file = img.20190702_070543.2019-07-01_14-33-50_000.jpg.1.png / val_Average = 117.5870	val_Variance = 29.6079	sd = 5.4413	max = 144	min = 104
[20190702_070544 / lib_ip.py:4052] len(Hs) = 8100, len(Ss) = 8100, len(Vs) = 8100
[20190702_070544 / lib_ip.py:4099] green : variance --> out of range (variance = 29.608 / upper = 0.760 / lower = 0.000)
[20190702_070544 / lib_ip.py:3753] file = img.20190702_070543.2019-07-01_14-33-50_000.jpg.1.png / val_Average = 117.5870	val_Variance = 29.6079	sd = 5.4413	max = 144	min = 104
[20190702_070544 / lib_ip.py:4169] len(Hs) = 8100, len(Ss) = 8100, len(Vs) = 8100
[20190702_070544 / lib_ip.py:4208] blue : variance --> out of range (variance = 29.608 / upper = 0.930 / lower = 0.010)
[20190702_070545 / lib_ip.py:3753] file = img.20190702_070543.2019-07-01_14-33-50_000.jpg.1.png / val_Average = 117.5870	val_Variance = 29.6079	sd = 5.4413	max = 144	min = 104
[20190702_070545 / lib_ip.py:4275] len(Hs) = 8100, len(Ss) = 8100, len(Vs) = 8100
[20190702_070545 / lib_ip.py:4314] pink : variance --> out of range (variance = 29.608 / upper = 0.750 / lower = 0.030)
[20190702_070545 / lib_ip.py:3753] file = img.20190702_070543.2019-07-01_14-33-50_000.jpg.1.png / val_Average = 117.5870	val_Variance = 29.6079	sd = 5.4413	max = 144	min = 104
[20190702_070545 / lib_ip.py:4378] len(Hs) = 8100, len(Ss) = 8100, len(Vs) = 8100
[20190702_070545 / lib_ip.py:4422] black : variance --> out of range (variance = 29.608 / upper = 0.000 / lower = 0.000)
[20190702_070545 / lib_ip.py:4593] file : img.20190702_070543.2019-07-01_14-33-50_000.jpg.1.png 0 (black : variance --> out of range (variance = 29.608 / upper = 0.000 / lower = 0.000))
[20190702_070545 / lib_ip.py:2274] inspecting ===> img.20190702_070543.2019-07-01_14-33-50_000.jpg.2.png
[20190702_070545 / lib_ip.py:4505] 
img.20190702_070543.2019-07-01_14-33-50_000.jpg.2.png 1 ---------------------
[20190702_070545 / lib_ip.py:3753] file = img.20190702_070543.2019-07-01_14-33-50_000.jpg.2.png / val_Average = 110.2475	val_Variance = 7.2981	sd = 2.7015	max = 117	min = 104
[20190702_070545 / lib_ip.py:3836] len(Hs) = 8100, len(Ss) = 8100, len(Vs) = 8100
[20190702_070545 / lib_ip.py:3869] yellow : variance --> out of range (variance = 7.298 / upper = 0.650 / lower = 0.000)
[20190702_070545 / lib_ip.py:3753] file = img.20190702_070543.2019-07-01_14-33-50_000.jpg.2.png / val_Average = 110.2475	val_Variance = 7.2981	sd = 2.7015	max = 117	min = 104
[20190702_070545 / lib_ip.py:3936] len(Hs) = 8100, len(Ss) = 8100, len(Vs) = 8100
[20190702_070545 / lib_ip.py:3982] red : variance --> out of range (variance = 7.298 / upper = 0.430 / lower = 0.000)
[20190702_070546 / lib_ip.py:3753] file = img.20190702_070543.2019-07-01_14-33-50_000.jpg.2.png / val_Average = 110.2475	val_Variance = 7.2981	sd = 2.7015	max = 117	min = 104
[20190702_070546 / lib_ip.py:4052] len(Hs) = 8100, len(Ss) = 8100, len(Vs) = 8100
[20190702_070546 / lib_ip.py:4099] green : variance --> out of range (variance = 7.298 / upper = 0.760 / lower = 0.000)
[20190702_070546 / lib_ip.py:3753] file = img.20190702_070543.2019-07-01_14-33-50_000.jpg.2.png / val_Average = 110.2475	val_Variance = 7.2981	sd = 2.7015	max = 117	min = 104
[20190702_070546 / lib_ip.py:4169] len(Hs) = 8100, len(Ss) = 8100, len(Vs) = 8100
[20190702_070546 / lib_ip.py:4208] blue : variance --> out of range (variance = 7.298 / upper = 0.930 / lower = 0.010)
[20190702_070546 / lib_ip.py:3753] file = img.20190702_070543.2019-07-01_14-33-50_000.jpg.2.png / val_Average = 110.2475	val_Variance = 7.2981	sd = 2.7015	max = 117	min = 104
[20190702_070546 / lib_ip.py:4275] len(Hs) = 8100, len(Ss) = 8100, len(Vs) = 8100
[20190702_070546 / lib_ip.py:4314] pink : variance --> out of range (variance = 7.298 / upper = 0.750 / lower = 0.030)
[20190702_070546 / lib_ip.py:3753] file = img.20190702_070543.2019-07-01_14-33-50_000.jpg.2.png / val_Average = 110.2475	val_Variance = 7.2981	sd = 2.7015	max = 117	min = 104
[20190702_070546 / lib_ip.py:4378] len(Hs) = 8100, len(Ss) = 8100, len(Vs) = 8100
[20190702_070546 / lib_ip.py:4422] black : variance --> out of range (variance = 7.298 / upper = 0.000 / lower = 0.000)
[20190702_070546 / lib_ip.py:4593] file : img.20190702_070543.2019-07-01_14-33-50_000.jpg.2.png 1 (black : variance --> out of range (variance = 7.298 / upper = 0.000 / lower = 0.000))
[20190702_070547 / lib_ip.py:2274] inspecting ===> img.20190702_070543.2019-07-01_14-33-50_000.jpg.3.png
[20190702_070547 / lib_ip.py:4505] 
img.20190702_070543.2019-07-01_14-33-50_000.jpg.3.png 2 ---------------------
[20190702_070547 / lib_ip.py:3753] file = img.20190702_070543.2019-07-01_14-33-50_000.jpg.3.png / val_Average = 113.3685	val_Variance = 4.5557	sd = 2.1344	max = 120	min = 107
[20190702_070547 / lib_ip.py:3836] len(Hs) = 8100, len(Ss) = 8100, len(Vs) = 8100
[20190702_070547 / lib_ip.py:3869] yellow : variance --> out of range (variance = 4.556 / upper = 0.650 / lower = 0.000)
[20190702_070547 / lib_ip.py:3753] file = img.20190702_070543.2019-07-01_14-33-50_000.jpg.3.png / val_Average = 113.3685	val_Variance = 4.5557	sd = 2.1344	max = 120	min = 107
[20190702_070547 / lib_ip.py:3936] len(Hs) = 8100, len(Ss) = 8100, len(Vs) = 8100
[20190702_070547 / lib_ip.py:3982] red : variance --> out of range (variance = 4.556 / upper = 0.430 / lower = 0.000)
[20190702_070547 / lib_ip.py:3753] file = img.20190702_070543.2019-07-01_14-33-50_000.jpg.3.png / val_Average = 113.3685	val_Variance = 4.5557	sd = 2.1344	max = 120	min = 107
[20190702_070547 / lib_ip.py:4052] len(Hs) = 8100, len(Ss) = 8100, len(Vs) = 8100
[20190702_070547 / lib_ip.py:4099] green : variance --> out of range (variance = 4.556 / upper = 0.760 / lower = 0.000)
[20190702_070548 / lib_ip.py:3753] file = img.20190702_070543.2019-07-01_14-33-50_000.jpg.3.png / val_Average = 113.3685	val_Variance = 4.5557	sd = 2.1344	max = 120	min = 107
[20190702_070548 / lib_ip.py:4169] len(Hs) = 8100, len(Ss) = 8100, len(Vs) = 8100
[20190702_070548 / lib_ip.py:4208] blue : variance --> out of range (variance = 4.556 / upper = 0.930 / lower = 0.010)
[20190702_070548 / lib_ip.py:3753] file = img.20190702_070543.2019-07-01_14-33-50_000.jpg.3.png / val_Average = 113.3685	val_Variance = 4.5557	sd = 2.1344	max = 120	min = 107
[20190702_070548 / lib_ip.py:4275] len(Hs) = 8100, len(Ss) = 8100, len(Vs) = 8100
[20190702_070548 / lib_ip.py:4314] pink : variance --> out of range (variance = 4.556 / upper = 0.750 / lower = 0.030)
[20190702_070548 / lib_ip.py:3753] file = img.20190702_070543.2019-07-01_14-33-50_000.jpg.3.png / val_Average = 113.3685	val_Variance = 4.5557	sd = 2.1344	max = 120	min = 107
[20190702_070548 / lib_ip.py:4378] len(Hs) = 8100, len(Ss) = 8100, len(Vs) = 8100
[20190702_070548 / lib_ip.py:4422] black : variance --> out of range (variance = 4.556 / upper = 0.000 / lower = 0.000)
[20190702_070548 / lib_ip.py:4593] file : img.20190702_070543.2019-07-01_14-33-50_000.jpg.3.png 2 (black : variance --> out of range (variance = 4.556 / upper = 0.000 / lower = 0.000))
[20190702_070548 / lib_ip.py:2274] inspecting ===> img.20190702_070543.2019-07-01_14-33-50_000.jpg.4.png
[20190702_070548 / lib_ip.py:4505] 
img.20190702_070543.2019-07-01_14-33-50_000.jpg.4.png 3 ---------------------
[20190702_070548 / lib_ip.py:3753] file = img.20190702_070543.2019-07-01_14-33-50_000.jpg.4.png / val_Average = 116.0794	val_Variance = 6.1160	sd = 2.4731	max = 126	min = 109
[20190702_070548 / lib_ip.py:3836] len(Hs) = 8100, len(Ss) = 8100, len(Vs) = 8100
[20190702_070548 / lib_ip.py:3869] yellow : variance --> out of range (variance = 6.116 / upper = 0.650 / lower = 0.000)
[20190702_070549 / lib_ip.py:3753] file = img.20190702_070543.2019-07-01_14-33-50_000.jpg.4.png / val_Average = 116.0794	val_Variance = 6.1160	sd = 2.4731	max = 126	min = 109
[20190702_070549 / lib_ip.py:3936] len(Hs) = 8100, len(Ss) = 8100, len(Vs) = 8100
[20190702_070549 / lib_ip.py:3982] red : variance --> out of range (variance = 6.116 / upper = 0.430 / lower = 0.000)
[20190702_070549 / lib_ip.py:3753] file = img.20190702_070543.2019-07-01_14-33-50_000.jpg.4.png / val_Average = 116.0794	val_Variance = 6.1160	sd = 2.4731	max = 126	min = 109
[20190702_070549 / lib_ip.py:4052] len(Hs) = 8100, len(Ss) = 8100, len(Vs) = 8100
[20190702_070549 / lib_ip.py:4099] green : variance --> out of range (variance = 6.116 / upper = 0.760 / lower = 0.000)
[20190702_070549 / lib_ip.py:3753] file = img.20190702_070543.2019-07-01_14-33-50_000.jpg.4.png / val_Average = 116.0794	val_Variance = 6.1160	sd = 2.4731	max = 126	min = 109
[20190702_070549 / lib_ip.py:4169] len(Hs) = 8100, len(Ss) = 8100, len(Vs) = 8100
[20190702_070549 / lib_ip.py:4208] blue : variance --> out of range (variance = 6.116 / upper = 0.930 / lower = 0.010)
[20190702_070550 / lib_ip.py:3753] file = img.20190702_070543.2019-07-01_14-33-50_000.jpg.4.png / val_Average = 116.0794	val_Variance = 6.1160	sd = 2.4731	max = 126	min = 109
[20190702_070550 / lib_ip.py:4275] len(Hs) = 8100, len(Ss) = 8100, len(Vs) = 8100
[20190702_070550 / lib_ip.py:4314] pink : variance --> out of range (variance = 6.116 / upper = 0.750 / lower = 0.030)
[20190702_070550 / lib_ip.py:3753] file = img.20190702_070543.2019-07-01_14-33-50_000.jpg.4.png / val_Average = 116.0794	val_Variance = 6.1160	sd = 2.4731	max = 126	min = 109
[20190702_070550 / lib_ip.py:4378] len(Hs) = 8100, len(Ss) = 8100, len(Vs) = 8100
[20190702_070550 / lib_ip.py:4422] black : variance --> out of range (variance = 6.116 / upper = 0.000 / lower = 0.000)
[20190702_070550 / lib_ip.py:4593] file : img.20190702_070543.2019-07-01_14-33-50_000.jpg.4.png 3 (black : variance --> out of range (variance = 6.116 / upper = 0.000 / lower = 0.000))
[20190702_070548 / lib_ip.py:2274] inspecting ===> img.20190702_070543.2019-07-01_14-33-50_000.jpg.4.png
img.20190702_070543.2019-07-01_14-33-50_000.jpg.1.png => other
img.20190702_070543.2019-07-01_14-33-50_000.jpg.2.png => other
img.20190702_070543.2019-07-01_14-33-50_000.jpg.3.png => other
img.20190702_070543.2019-07-01_14-33-50_000.jpg.4.png => other
[20190702_070550 lib_ip.py:3301] =============== Get 4 corners
dpath_Images = C:\WORKS_2\WS\WS_Others.Art\JVEMV6\46_art\VIRTUAL\Admin_Projects\ip\images
fname_Image = img.20190702_070543.2019-07-01_14-33-50_000.jpg.4.png

[20190702_070552 / lib_ip.py:2274] inspecting ===> img.20190702_070551.2019-07-01_15-06-40_000.jpg.1.png
[20190702_070553 / lib_ip.py:4505] 
img.20190702_070551.2019-07-01_15-06-40_000.jpg.1.png 0 ---------------------
[20190702_070553 / lib_ip.py:3753] file = img.20190702_070551.2019-07-01_15-06-40_000.jpg.1.png / val_Average = 159.2104	val_Variance = 755.9513	sd = 27.4946	max = 178	min = 0
[20190702_070553 / lib_ip.py:3836] len(Hs) = 8100, len(Ss) = 8100, len(Vs) = 8100
[20190702_070553 / lib_ip.py:3869] yellow : variance --> out of range (variance = 755.951 / upper = 0.650 / lower = 0.000)
[20190702_070554 / lib_ip.py:3753] file = img.20190702_070551.2019-07-01_15-06-40_000.jpg.1.png / val_Average = 159.2104	val_Variance = 755.9513	sd = 27.4946	max = 178	min = 0
[20190702_070554 / lib_ip.py:3936] len(Hs) = 8100, len(Ss) = 8100, len(Vs) = 8100
[20190702_070554 / lib_ip.py:3982] red : variance --> out of range (variance = 755.951 / upper = 0.430 / lower = 0.000)
[20190702_070554 / lib_ip.py:3753] file = img.20190702_070551.2019-07-01_15-06-40_000.jpg.1.png / val_Average = 159.2104	val_Variance = 755.9513	sd = 27.4946	max = 178	min = 0
[20190702_070554 / lib_ip.py:4052] len(Hs) = 8100, len(Ss) = 8100, len(Vs) = 8100
[20190702_070554 / lib_ip.py:4099] green : variance --> out of range (variance = 755.951 / upper = 0.760 / lower = 0.000)
[20190702_070554 / lib_ip.py:3753] file = img.20190702_070551.2019-07-01_15-06-40_000.jpg.1.png / val_Average = 159.2104	val_Variance = 755.9513	sd = 27.4946	max = 178	min = 0
[20190702_070554 / lib_ip.py:4169] len(Hs) = 8100, len(Ss) = 8100, len(Vs) = 8100
[20190702_070555 / lib_ip.py:4208] blue : variance --> out of range (variance = 755.951 / upper = 0.930 / lower = 0.010)
[20190702_070555 / lib_ip.py:3753] file = img.20190702_070551.2019-07-01_15-06-40_000.jpg.1.png / val_Average = 159.2104	val_Variance = 755.9513	sd = 27.4946	max = 178	min = 0
[20190702_070555 / lib_ip.py:4275] len(Hs) = 8100, len(Ss) = 8100, len(Vs) = 8100
[20190702_070555 / lib_ip.py:4314] pink : variance --> out of range (variance = 755.951 / upper = 0.750 / lower = 0.030)
[20190702_070555 / lib_ip.py:3753] file = img.20190702_070551.2019-07-01_15-06-40_000.jpg.1.png / val_Average = 159.2104	val_Variance = 755.9513	sd = 27.4946	max = 178	min = 0
[20190702_070555 / lib_ip.py:4378] len(Hs) = 8100, len(Ss) = 8100, len(Vs) = 8100
[20190702_070555 / lib_ip.py:4422] black : variance --> out of range (variance = 755.951 / upper = 0.000 / lower = 0.000)
[20190702_070555 / lib_ip.py:4593] file : img.20190702_070551.2019-07-01_15-06-40_000.jpg.1.png 0 (black : variance --> out of range (variance = 755.951 / upper = 0.000 / lower = 0.000))
[20190702_070555 / lib_ip.py:2274] inspecting ===> img.20190702_070551.2019-07-01_15-06-40_000.jpg.2.png
[20190702_070555 / lib_ip.py:4505] 
img.20190702_070551.2019-07-01_15-06-40_000.jpg.2.png 1 ---------------------
[20190702_070555 / lib_ip.py:3753] file = img.20190702_070551.2019-07-01_15-06-40_000.jpg.2.png / val_Average = 122.9937	val_Variance = 1.8991	sd = 1.3781	max = 143	min = 122
[20190702_070555 / lib_ip.py:3836] len(Hs) = 8100, len(Ss) = 8100, len(Vs) = 8100
[20190702_070555 / lib_ip.py:3869] yellow : variance --> out of range (variance = 1.899 / upper = 0.650 / lower = 0.000)
[20190702_070556 / lib_ip.py:3753] file = img.20190702_070551.2019-07-01_15-06-40_000.jpg.2.png / val_Average = 122.9937	val_Variance = 1.8991	sd = 1.3781	max = 143	min = 122
[20190702_070556 / lib_ip.py:3936] len(Hs) = 8100, len(Ss) = 8100, len(Vs) = 8100
[20190702_070556 / lib_ip.py:3982] red : variance --> out of range (variance = 1.899 / upper = 0.430 / lower = 0.000)
[20190702_070556 / lib_ip.py:3753] file = img.20190702_070551.2019-07-01_15-06-40_000.jpg.2.png / val_Average = 122.9937	val_Variance = 1.8991	sd = 1.3781	max = 143	min = 122
[20190702_070556 / lib_ip.py:4052] len(Hs) = 8100, len(Ss) = 8100, len(Vs) = 8100
[20190702_070556 / lib_ip.py:4099] green : variance --> out of range (variance = 1.899 / upper = 0.760 / lower = 0.000)
[20190702_070556 / lib_ip.py:3753] file = img.20190702_070551.2019-07-01_15-06-40_000.jpg.2.png / val_Average = 122.9937	val_Variance = 1.8991	sd = 1.3781	max = 143	min = 122
[20190702_070556 / lib_ip.py:4169] len(Hs) = 8100, len(Ss) = 8100, len(Vs) = 8100
[20190702_070556 / lib_ip.py:4208] blue : variance --> out of range (variance = 1.899 / upper = 0.930 / lower = 0.010)
[20190702_070556 / lib_ip.py:3753] file = img.20190702_070551.2019-07-01_15-06-40_000.jpg.2.png / val_Average = 122.9937	val_Variance = 1.8991	sd = 1.3781	max = 143	min = 122
[20190702_070556 / lib_ip.py:4275] len(Hs) = 8100, len(Ss) = 8100, len(Vs) = 8100
[20190702_070557 / lib_ip.py:4314] pink : variance --> out of range (variance = 1.899 / upper = 0.750 / lower = 0.030)
[20190702_070557 / lib_ip.py:3753] file = img.20190702_070551.2019-07-01_15-06-40_000.jpg.2.png / val_Average = 122.9937	val_Variance = 1.8991	sd = 1.3781	max = 143	min = 122
[20190702_070557 / lib_ip.py:4378] len(Hs) = 8100, len(Ss) = 8100, len(Vs) = 8100
[20190702_070557 / lib_ip.py:4422] black : variance --> out of range (variance = 1.899 / upper = 0.000 / lower = 0.000)
[20190702_070557 / lib_ip.py:4593] file : img.20190702_070551.2019-07-01_15-06-40_000.jpg.2.png 1 (black : variance --> out of range (variance = 1.899 / upper = 0.000 / lower = 0.000))
[20190702_070557 / lib_ip.py:2274] inspecting ===> img.20190702_070551.2019-07-01_15-06-40_000.jpg.3.png
[20190702_070558 / lib_ip.py:4505] 
img.20190702_070551.2019-07-01_15-06-40_000.jpg.3.png 2 ---------------------
[20190702_070558 / lib_ip.py:3753] file = img.20190702_070551.2019-07-01_15-06-40_000.jpg.3.png / val_Average = 115.9869	val_Variance = 1501.0823	sd = 38.7438	max = 160	min = 0
[20190702_070558 / lib_ip.py:3836] len(Hs) = 8100, len(Ss) = 8100, len(Vs) = 8100
[20190702_070558 / lib_ip.py:3869] yellow : variance --> out of range (variance = 1501.082 / upper = 0.650 / lower = 0.000)
[20190702_070558 / lib_ip.py:3753] file = img.20190702_070551.2019-07-01_15-06-40_000.jpg.3.png / val_Average = 115.9869	val_Variance = 1501.0823	sd = 38.7438	max = 160	min = 0
[20190702_070558 / lib_ip.py:3936] len(Hs) = 8100, len(Ss) = 8100, len(Vs) = 8100
[20190702_070558 / lib_ip.py:3982] red : variance --> out of range (variance = 1501.082 / upper = 0.430 / lower = 0.000)
[20190702_070559 / lib_ip.py:3753] file = img.20190702_070551.2019-07-01_15-06-40_000.jpg.3.png / val_Average = 115.9869	val_Variance = 1501.0823	sd = 38.7438	max = 160	min = 0
[20190702_070559 / lib_ip.py:4052] len(Hs) = 8100, len(Ss) = 8100, len(Vs) = 8100
[20190702_070559 / lib_ip.py:4099] green : variance --> out of range (variance = 1501.082 / upper = 0.760 / lower = 0.000)
[20190702_070559 / lib_ip.py:3753] file = img.20190702_070551.2019-07-01_15-06-40_000.jpg.3.png / val_Average = 115.9869	val_Variance = 1501.0823	sd = 38.7438	max = 160	min = 0
[20190702_070559 / lib_ip.py:4169] len(Hs) = 8100, len(Ss) = 8100, len(Vs) = 8100
[20190702_070559 / lib_ip.py:4208] blue : variance --> out of range (variance = 1501.082 / upper = 0.930 / lower = 0.010)
[20190702_070559 / lib_ip.py:3753] file = img.20190702_070551.2019-07-01_15-06-40_000.jpg.3.png / val_Average = 115.9869	val_Variance = 1501.0823	sd = 38.7438	max = 160	min = 0
[20190702_070559 / lib_ip.py:4275] len(Hs) = 8100, len(Ss) = 8100, len(Vs) = 8100
[20190702_070559 / lib_ip.py:4314] pink : variance --> out of range (variance = 1501.082 / upper = 0.750 / lower = 0.030)
[20190702_070559 / lib_ip.py:3753] file = img.20190702_070551.2019-07-01_15-06-40_000.jpg.3.png / val_Average = 115.9869	val_Variance = 1501.0823	sd = 38.7438	max = 160	min = 0
[20190702_070559 / lib_ip.py:4378] len(Hs) = 8100, len(Ss) = 8100, len(Vs) = 8100
[20190702_070559 / lib_ip.py:4422] black : variance --> out of range (variance = 1501.082 / upper = 0.000 / lower = 0.000)
[20190702_070559 / lib_ip.py:4593] file : img.20190702_070551.2019-07-01_15-06-40_000.jpg.3.png 2 (black : variance --> out of range (variance = 1501.082 / upper = 0.000 / lower = 0.000))
[20190702_070600 / lib_ip.py:2274] inspecting ===> img.20190702_070551.2019-07-01_15-06-40_000.jpg.4.png
[20190702_070600 / lib_ip.py:4505] 
img.20190702_070551.2019-07-01_15-06-40_000.jpg.4.png 3 ---------------------
[20190702_070600 / lib_ip.py:3753] file = img.20190702_070551.2019-07-01_15-06-40_000.jpg.4.png / val_Average = 92.7642	val_Variance = 0.2513	sd = 0.5013	max = 94	min = 92
[20190702_070600 / lib_ip.py:3836] len(Hs) = 8100, len(Ss) = 8100, len(Vs) = 8100
[20190702_070600 / lib_ip.py:2274] inspecting ===> img.20190702_070551.2019-07-01_15-06-40_000.jpg.4.png
img.20190702_070551.2019-07-01_15-06-40_000.jpg.1.png => other
img.20190702_070551.2019-07-01_15-06-40_000.jpg.2.png => other
img.20190702_070551.2019-07-01_15-06-40_000.jpg.3.png => other
img.20190702_070551.2019-07-01_15-06-40_000.jpg.4.png => other
[20190702_070600 lib_ip.py:3301] =============== Get 4 corners
dpath_Images = C:\WORKS_2\WS\WS_Others.Art\JVEMV6\46_art\VIRTUAL\Admin_Projects\ip\images
fname_Image = img.20190702_070551.2019-07-01_15-06-40_000.jpg.4.png

[20190702_070601 / lib_ip.py:2274] inspecting ===> img.20190702_070601.2019-07-01_20-30-39_000.jpg.1.png
[20190702_070601 / lib_ip.py:4505] 
img.20190702_070601.2019-07-01_20-30-39_000.jpg.1.png 0 ---------------------
[20190702_070602 / lib_ip.py:3753] file = img.20190702_070601.2019-07-01_20-30-39_000.jpg.1.png / val_Average = 85.7263	val_Variance = 1110.7980	sd = 33.3286	max = 135	min = 0
[20190702_070602 / lib_ip.py:3836] len(Hs) = 8100, len(Ss) = 8100, len(Vs) = 8100
[20190702_070602 / lib_ip.py:3869] yellow : variance --> out of range (variance = 1110.798 / upper = 0.650 / lower = 0.000)
[20190702_070602 / lib_ip.py:3753] file = img.20190702_070601.2019-07-01_20-30-39_000.jpg.1.png / val_Average = 85.7263	val_Variance = 1110.7980	sd = 33.3286	max = 135	min = 0
[20190702_070602 / lib_ip.py:3936] len(Hs) = 8100, len(Ss) = 8100, len(Vs) = 8100
[20190702_070602 / lib_ip.py:3982] red : variance --> out of range (variance = 1110.798 / upper = 0.430 / lower = 0.000)
[20190702_070602 / lib_ip.py:3753] file = img.20190702_070601.2019-07-01_20-30-39_000.jpg.1.png / val_Average = 85.7263	val_Variance = 1110.7980	sd = 33.3286	max = 135	min = 0
[20190702_070602 / lib_ip.py:4052] len(Hs) = 8100, len(Ss) = 8100, len(Vs) = 8100
[20190702_070603 / lib_ip.py:4099] green : variance --> out of range (variance = 1110.798 / upper = 0.760 / lower = 0.000)
[20190702_070603 / lib_ip.py:3753] file = img.20190702_070601.2019-07-01_20-30-39_000.jpg.1.png / val_Average = 85.7263	val_Variance = 1110.7980	sd = 33.3286	max = 135	min = 0
[20190702_070603 / lib_ip.py:4169] len(Hs) = 8100, len(Ss) = 8100, len(Vs) = 8100
[20190702_070603 / lib_ip.py:4208] blue : variance --> out of range (variance = 1110.798 / upper = 0.930 / lower = 0.010)
[20190702_070603 / lib_ip.py:3753] file = img.20190702_070601.2019-07-01_20-30-39_000.jpg.1.png / val_Average = 85.7263	val_Variance = 1110.7980	sd = 33.3286	max = 135	min = 0
[20190702_070603 / lib_ip.py:4275] len(Hs) = 8100, len(Ss) = 8100, len(Vs) = 8100
[20190702_070603 / lib_ip.py:4314] pink : variance --> out of range (variance = 1110.798 / upper = 0.750 / lower = 0.030)
[20190702_070603 / lib_ip.py:3753] file = img.20190702_070601.2019-07-01_20-30-39_000.jpg.1.png / val_Average = 85.7263	val_Variance = 1110.7980	sd = 33.3286	max = 135	min = 0
[20190702_070604 / lib_ip.py:4378] len(Hs) = 8100, len(Ss) = 8100, len(Vs) = 8100
[20190702_070604 / lib_ip.py:4422] black : variance --> out of range (variance = 1110.798 / upper = 0.000 / lower = 0.000)
[20190702_070604 / lib_ip.py:4593] file : img.20190702_070601.2019-07-01_20-30-39_000.jpg.1.png 0 (black : variance --> out of range (variance = 1110.798 / upper = 0.000 / lower = 0.000))
[20190702_070604 / lib_ip.py:2274] inspecting ===> img.20190702_070601.2019-07-01_20-30-39_000.jpg.2.png
[20190702_070604 / lib_ip.py:4505] 
img.20190702_070601.2019-07-01_20-30-39_000.jpg.2.png 1 ---------------------
[20190702_070604 / lib_ip.py:3753] file = img.20190702_070601.2019-07-01_20-30-39_000.jpg.2.png / val_Average = 92.8002	val_Variance = 0.2055	sd = 0.4534	max = 94	min = 92
[20190702_070604 / lib_ip.py:3836] len(Hs) = 8100, len(Ss) = 8100, len(Vs) = 8100
[20190702_070604 / lib_ip.py:2274] inspecting ===> img.20190702_070601.2019-07-01_20-30-39_000.jpg.3.png
[20190702_070605 / lib_ip.py:4505] 
img.20190702_070601.2019-07-01_20-30-39_000.jpg.3.png 2 ---------------------
[20190702_070605 / lib_ip.py:3753] file = img.20190702_070601.2019-07-01_20-30-39_000.jpg.3.png / val_Average = 49.9906	val_Variance = 1709.6444	sd = 41.3478	max = 135	min = 0
[20190702_070605 / lib_ip.py:3836] len(Hs) = 8100, len(Ss) = 8100, len(Vs) = 8100
[20190702_070605 / lib_ip.py:3869] yellow : variance --> out of range (variance = 1709.644 / upper = 0.650 / lower = 0.000)
[20190702_070605 / lib_ip.py:3753] file = img.20190702_070601.2019-07-01_20-30-39_000.jpg.3.png / val_Average = 49.9906	val_Variance = 1709.6444	sd = 41.3478	max = 135	min = 0
[20190702_070605 / lib_ip.py:3936] len(Hs) = 8100, len(Ss) = 8100, len(Vs) = 8100
[20190702_070605 / lib_ip.py:3982] red : variance --> out of range (variance = 1709.644 / upper = 0.430 / lower = 0.000)
[20190702_070605 / lib_ip.py:3753] file = img.20190702_070601.2019-07-01_20-30-39_000.jpg.3.png / val_Average = 49.9906	val_Variance = 1709.6444	sd = 41.3478	max = 135	min = 0
[20190702_070605 / lib_ip.py:4052] len(Hs) = 8100, len(Ss) = 8100, len(Vs) = 8100
[20190702_070606 / lib_ip.py:4099] green : variance --> out of range (variance = 1709.644 / upper = 0.760 / lower = 0.000)
[20190702_070606 / lib_ip.py:3753] file = img.20190702_070601.2019-07-01_20-30-39_000.jpg.3.png / val_Average = 49.9906	val_Variance = 1709.6444	sd = 41.3478	max = 135	min = 0
[20190702_070606 / lib_ip.py:4169] len(Hs) = 8100, len(Ss) = 8100, len(Vs) = 8100
[20190702_070606 / lib_ip.py:4208] blue : variance --> out of range (variance = 1709.644 / upper = 0.930 / lower = 0.010)
[20190702_070606 / lib_ip.py:3753] file = img.20190702_070601.2019-07-01_20-30-39_000.jpg.3.png / val_Average = 49.9906	val_Variance = 1709.6444	sd = 41.3478	max = 135	min = 0
[20190702_070606 / lib_ip.py:4275] len(Hs) = 8100, len(Ss) = 8100, len(Vs) = 8100
[20190702_070606 / lib_ip.py:4314] pink : variance --> out of range (variance = 1709.644 / upper = 0.750 / lower = 0.030)
[20190702_070606 / lib_ip.py:3753] file = img.20190702_070601.2019-07-01_20-30-39_000.jpg.3.png / val_Average = 49.9906	val_Variance = 1709.6444	sd = 41.3478	max = 135	min = 0
[20190702_070606 / lib_ip.py:4378] len(Hs) = 8100, len(Ss) = 8100, len(Vs) = 8100
[20190702_070607 / lib_ip.py:4422] black : variance --> out of range (variance = 1709.644 / upper = 0.000 / lower = 0.000)
[20190702_070607 / lib_ip.py:4593] file : img.20190702_070601.2019-07-01_20-30-39_000.jpg.3.png 2 (black : variance --> out of range (variance = 1709.644 / upper = 0.000 / lower = 0.000))
[20190702_070607 / lib_ip.py:2274] inspecting ===> img.20190702_070601.2019-07-01_20-30-39_000.jpg.4.png
[20190702_070607 / lib_ip.py:4505] 
img.20190702_070601.2019-07-01_20-30-39_000.jpg.4.png 3 ---------------------
[20190702_070607 / lib_ip.py:3753] file = img.20190702_070601.2019-07-01_20-30-39_000.jpg.4.png / val_Average = 56.3281	val_Variance = 1733.1427	sd = 41.6310	max = 160	min = 0
[20190702_070608 / lib_ip.py:3836] len(Hs) = 8100, len(Ss) = 8100, len(Vs) = 8100
[20190702_070608 / lib_ip.py:3869] yellow : variance --> out of range (variance = 1733.143 / upper = 0.650 / lower = 0.000)
[20190702_070608 / lib_ip.py:3753] file = img.20190702_070601.2019-07-01_20-30-39_000.jpg.4.png / val_Average = 56.3281	val_Variance = 1733.1427	sd = 41.6310	max = 160	min = 0
[20190702_070608 / lib_ip.py:3936] len(Hs) = 8100, len(Ss) = 8100, len(Vs) = 8100
[20190702_070608 / lib_ip.py:3982] red : variance --> out of range (variance = 1733.143 / upper = 0.430 / lower = 0.000)
[20190702_070608 / lib_ip.py:3753] file = img.20190702_070601.2019-07-01_20-30-39_000.jpg.4.png / val_Average = 56.3281	val_Variance = 1733.1427	sd = 41.6310	max = 160	min = 0
[20190702_070608 / lib_ip.py:4052] len(Hs) = 8100, len(Ss) = 8100, len(Vs) = 8100
[20190702_070608 / lib_ip.py:4099] green : variance --> out of range (variance = 1733.143 / upper = 0.760 / lower = 0.000)
[20190702_070608 / lib_ip.py:3753] file = img.20190702_070601.2019-07-01_20-30-39_000.jpg.4.png / val_Average = 56.3281	val_Variance = 1733.1427	sd = 41.6310	max = 160	min = 0
[20190702_070608 / lib_ip.py:4169] len(Hs) = 8100, len(Ss) = 8100, len(Vs) = 8100
[20190702_070608 / lib_ip.py:4208] blue : variance --> out of range (variance = 1733.143 / upper = 0.930 / lower = 0.010)
[20190702_070608 / lib_ip.py:3753] file = img.20190702_070601.2019-07-01_20-30-39_000.jpg.4.png / val_Average = 56.3281	val_Variance = 1733.1427	sd = 41.6310	max = 160	min = 0
[20190702_070608 / lib_ip.py:4275] len(Hs) = 8100, len(Ss) = 8100, len(Vs) = 8100
[20190702_070608 / lib_ip.py:4314] pink : variance --> out of range (variance = 1733.143 / upper = 0.750 / lower = 0.030)
[20190702_070608 / lib_ip.py:3753] file = img.20190702_070601.2019-07-01_20-30-39_000.jpg.4.png / val_Average = 56.3281	val_Variance = 1733.1427	sd = 41.6310	max = 160	min = 0
[20190702_070609 / lib_ip.py:4378] len(Hs) = 8100, len(Ss) = 8100, len(Vs) = 8100
[20190702_070609 / lib_ip.py:4422] black : variance --> out of range (variance = 1733.143 / upper = 0.000 / lower = 0.000)
[20190702_070609 / lib_ip.py:4593] file : img.20190702_070601.2019-07-01_20-30-39_000.jpg.4.png 3 (black : variance --> out of range (variance = 1733.143 / upper = 0.000 / lower = 0.000))
[20190702_070607 / lib_ip.py:2274] inspecting ===> img.20190702_070601.2019-07-01_20-30-39_000.jpg.4.png
img.20190702_070601.2019-07-01_20-30-39_000.jpg.1.png => other
img.20190702_070601.2019-07-01_20-30-39_000.jpg.2.png => other
img.20190702_070601.2019-07-01_20-30-39_000.jpg.3.png => other
img.20190702_070601.2019-07-01_20-30-39_000.jpg.4.png => other
[20190702_070609 lib_ip.py:3301] =============== Get 4 corners
dpath_Images = C:\WORKS_2\WS\WS_Others.Art\JVEMV6\46_art\VIRTUAL\Admin_Projects\ip\images
fname_Image = img.20190702_070601.2019-07-01_20-30-39_000.jpg.4.png

[20190702_070610 / lib_ip.py:2274] inspecting ===> img.20190702_070610.2019-07-02_01-24-39_000.jpg.1.png
[20190702_070610 / lib_ip.py:4505] 
img.20190702_070610.2019-07-02_01-24-39_000.jpg.1.png 0 ---------------------
[20190702_070610 / lib_ip.py:3753] file = img.20190702_070610.2019-07-02_01-24-39_000.jpg.1.png / val_Average = 89.5257	val_Variance = 198.2128	sd = 14.0788	max = 107	min = 54
[20190702_070610 / lib_ip.py:3836] len(Hs) = 8100, len(Ss) = 8100, len(Vs) = 8100
[20190702_070610 / lib_ip.py:3869] yellow : variance --> out of range (variance = 198.213 / upper = 0.650 / lower = 0.000)
[20190702_070611 / lib_ip.py:3753] file = img.20190702_070610.2019-07-02_01-24-39_000.jpg.1.png / val_Average = 89.5257	val_Variance = 198.2128	sd = 14.0788	max = 107	min = 54
[20190702_070611 / lib_ip.py:3936] len(Hs) = 8100, len(Ss) = 8100, len(Vs) = 8100
[20190702_070611 / lib_ip.py:3982] red : variance --> out of range (variance = 198.213 / upper = 0.430 / lower = 0.000)
[20190702_070611 / lib_ip.py:3753] file = img.20190702_070610.2019-07-02_01-24-39_000.jpg.1.png / val_Average = 89.5257	val_Variance = 198.2128	sd = 14.0788	max = 107	min = 54
[20190702_070611 / lib_ip.py:4052] len(Hs) = 8100, len(Ss) = 8100, len(Vs) = 8100
[20190702_070611 / lib_ip.py:4099] green : variance --> out of range (variance = 198.213 / upper = 0.760 / lower = 0.000)
[20190702_070611 / lib_ip.py:3753] file = img.20190702_070610.2019-07-02_01-24-39_000.jpg.1.png / val_Average = 89.5257	val_Variance = 198.2128	sd = 14.0788	max = 107	min = 54
[20190702_070611 / lib_ip.py:4169] len(Hs) = 8100, len(Ss) = 8100, len(Vs) = 8100
[20190702_070611 / lib_ip.py:4208] blue : variance --> out of range (variance = 198.213 / upper = 0.930 / lower = 0.010)
[20190702_070611 / lib_ip.py:3753] file = img.20190702_070610.2019-07-02_01-24-39_000.jpg.1.png / val_Average = 89.5257	val_Variance = 198.2128	sd = 14.0788	max = 107	min = 54
[20190702_070611 / lib_ip.py:4275] len(Hs) = 8100, len(Ss) = 8100, len(Vs) = 8100
[20190702_070611 / lib_ip.py:4314] pink : variance --> out of range (variance = 198.213 / upper = 0.750 / lower = 0.030)
[20190702_070611 / lib_ip.py:3753] file = img.20190702_070610.2019-07-02_01-24-39_000.jpg.1.png / val_Average = 89.5257	val_Variance = 198.2128	sd = 14.0788	max = 107	min = 54
[20190702_070611 / lib_ip.py:4378] len(Hs) = 8100, len(Ss) = 8100, len(Vs) = 8100
[20190702_070611 / lib_ip.py:4422] black : variance --> out of range (variance = 198.213 / upper = 0.000 / lower = 0.000)
[20190702_070611 / lib_ip.py:4593] file : img.20190702_070610.2019-07-02_01-24-39_000.jpg.1.png 0 (black : variance --> out of range (variance = 198.213 / upper = 0.000 / lower = 0.000))
[20190702_070612 / lib_ip.py:2274] inspecting ===> img.20190702_070610.2019-07-02_01-24-39_000.jpg.2.png
[20190702_070612 / lib_ip.py:4505] 
img.20190702_070610.2019-07-02_01-24-39_000.jpg.2.png 1 ---------------------
[20190702_070612 / lib_ip.py:3753] file = img.20190702_070610.2019-07-02_01-24-39_000.jpg.2.png / val_Average = 102.1111	val_Variance = 0.9294	sd = 0.9640	max = 105	min = 99
[20190702_070612 / lib_ip.py:3836] len(Hs) = 8100, len(Ss) = 8100, len(Vs) = 8100
[20190702_070612 / lib_ip.py:3869] yellow : variance --> out of range (variance = 0.929 / upper = 0.650 / lower = 0.000)
[20190702_070613 / lib_ip.py:3753] file = img.20190702_070610.2019-07-02_01-24-39_000.jpg.2.png / val_Average = 102.1111	val_Variance = 0.9294	sd = 0.9640	max = 105	min = 99
[20190702_070613 / lib_ip.py:3936] len(Hs) = 8100, len(Ss) = 8100, len(Vs) = 8100
[20190702_070613 / lib_ip.py:3982] red : variance --> out of range (variance = 0.929 / upper = 0.430 / lower = 0.000)
[20190702_070613 / lib_ip.py:3753] file = img.20190702_070610.2019-07-02_01-24-39_000.jpg.2.png / val_Average = 102.1111	val_Variance = 0.9294	sd = 0.9640	max = 105	min = 99
[20190702_070613 / lib_ip.py:4052] len(Hs) = 8100, len(Ss) = 8100, len(Vs) = 8100
[20190702_070613 / lib_ip.py:4099] green : variance --> out of range (variance = 0.929 / upper = 0.760 / lower = 0.000)
[20190702_070613 / lib_ip.py:3753] file = img.20190702_070610.2019-07-02_01-24-39_000.jpg.2.png / val_Average = 102.1111	val_Variance = 0.9294	sd = 0.9640	max = 105	min = 99
[20190702_070613 / lib_ip.py:4169] len(Hs) = 8100, len(Ss) = 8100, len(Vs) = 8100
[20190702_070613 / lib_ip.py:4230] blue : average --> out of range (average = 102.111 / upper = 17.000 / lower = 8.850)
[20190702_070613 / lib_ip.py:3753] file = img.20190702_070610.2019-07-02_01-24-39_000.jpg.2.png / val_Average = 102.1111	val_Variance = 0.9294	sd = 0.9640	max = 105	min = 99
[20190702_070613 / lib_ip.py:4275] len(Hs) = 8100, len(Ss) = 8100, len(Vs) = 8100
[20190702_070613 / lib_ip.py:4314] pink : variance --> out of range (variance = 0.929 / upper = 0.750 / lower = 0.030)
[20190702_070613 / lib_ip.py:3753] file = img.20190702_070610.2019-07-02_01-24-39_000.jpg.2.png / val_Average = 102.1111	val_Variance = 0.9294	sd = 0.9640	max = 105	min = 99
[20190702_070614 / lib_ip.py:4378] len(Hs) = 8100, len(Ss) = 8100, len(Vs) = 8100
[20190702_070614 / lib_ip.py:4422] black : variance --> out of range (variance = 0.929 / upper = 0.000 / lower = 0.000)
[20190702_070614 / lib_ip.py:4593] file : img.20190702_070610.2019-07-02_01-24-39_000.jpg.2.png 1 (black : variance --> out of range (variance = 0.929 / upper = 0.000 / lower = 0.000))
[20190702_070614 / lib_ip.py:2274] inspecting ===> img.20190702_070610.2019-07-02_01-24-39_000.jpg.3.png
[20190702_070614 / lib_ip.py:4505] 
img.20190702_070610.2019-07-02_01-24-39_000.jpg.3.png 2 ---------------------
[20190702_070614 / lib_ip.py:3753] file = img.20190702_070610.2019-07-02_01-24-39_000.jpg.3.png / val_Average = 93.1074	val_Variance = 78.5240	sd = 8.8614	max = 131	min = 70
[20190702_070614 / lib_ip.py:3836] len(Hs) = 8100, len(Ss) = 8100, len(Vs) = 8100
[20190702_070614 / lib_ip.py:3869] yellow : variance --> out of range (variance = 78.524 / upper = 0.650 / lower = 0.000)
[20190702_070614 / lib_ip.py:3753] file = img.20190702_070610.2019-07-02_01-24-39_000.jpg.3.png / val_Average = 93.1074	val_Variance = 78.5240	sd = 8.8614	max = 131	min = 70
[20190702_070614 / lib_ip.py:3936] len(Hs) = 8100, len(Ss) = 8100, len(Vs) = 8100
[20190702_070615 / lib_ip.py:3982] red : variance --> out of range (variance = 78.524 / upper = 0.430 / lower = 0.000)
[20190702_070615 / lib_ip.py:3753] file = img.20190702_070610.2019-07-02_01-24-39_000.jpg.3.png / val_Average = 93.1074	val_Variance = 78.5240	sd = 8.8614	max = 131	min = 70
[20190702_070615 / lib_ip.py:4052] len(Hs) = 8100, len(Ss) = 8100, len(Vs) = 8100
[20190702_070615 / lib_ip.py:4099] green : variance --> out of range (variance = 78.524 / upper = 0.760 / lower = 0.000)
[20190702_070615 / lib_ip.py:3753] file = img.20190702_070610.2019-07-02_01-24-39_000.jpg.3.png / val_Average = 93.1074	val_Variance = 78.5240	sd = 8.8614	max = 131	min = 70
[20190702_070615 / lib_ip.py:4169] len(Hs) = 8100, len(Ss) = 8100, len(Vs) = 8100
[20190702_070615 / lib_ip.py:4208] blue : variance --> out of range (variance = 78.524 / upper = 0.930 / lower = 0.010)
[20190702_070615 / lib_ip.py:3753] file = img.20190702_070610.2019-07-02_01-24-39_000.jpg.3.png / val_Average = 93.1074	val_Variance = 78.5240	sd = 8.8614	max = 131	min = 70
[20190702_070615 / lib_ip.py:4275] len(Hs) = 8100, len(Ss) = 8100, len(Vs) = 8100
[20190702_070615 / lib_ip.py:4314] pink : variance --> out of range (variance = 78.524 / upper = 0.750 / lower = 0.030)
[20190702_070615 / lib_ip.py:3753] file = img.20190702_070610.2019-07-02_01-24-39_000.jpg.3.png / val_Average = 93.1074	val_Variance = 78.5240	sd = 8.8614	max = 131	min = 70
[20190702_070615 / lib_ip.py:4378] len(Hs) = 8100, len(Ss) = 8100, len(Vs) = 8100
[20190702_070616 / lib_ip.py:4422] black : variance --> out of range (variance = 78.524 / upper = 0.000 / lower = 0.000)
[20190702_070616 / lib_ip.py:4593] file : img.20190702_070610.2019-07-02_01-24-39_000.jpg.3.png 2 (black : variance --> out of range (variance = 78.524 / upper = 0.000 / lower = 0.000))
[20190702_070616 / lib_ip.py:2274] inspecting ===> img.20190702_070610.2019-07-02_01-24-39_000.jpg.4.png
[20190702_070616 / lib_ip.py:4505] 
img.20190702_070610.2019-07-02_01-24-39_000.jpg.4.png 3 ---------------------
[20190702_070616 / lib_ip.py:3753] file = img.20190702_070610.2019-07-02_01-24-39_000.jpg.4.png / val_Average = 102.7468	val_Variance = 48.8627	sd = 6.9902	max = 112	min = 85
[20190702_070616 / lib_ip.py:3836] len(Hs) = 8100, len(Ss) = 8100, len(Vs) = 8100
[20190702_070616 / lib_ip.py:3869] yellow : variance --> out of range (variance = 48.863 / upper = 0.650 / lower = 0.000)
[20190702_070616 / lib_ip.py:3753] file = img.20190702_070610.2019-07-02_01-24-39_000.jpg.4.png / val_Average = 102.7468	val_Variance = 48.8627	sd = 6.9902	max = 112	min = 85
[20190702_070616 / lib_ip.py:3936] len(Hs) = 8100, len(Ss) = 8100, len(Vs) = 8100
[20190702_070617 / lib_ip.py:3982] red : variance --> out of range (variance = 48.863 / upper = 0.430 / lower = 0.000)
[20190702_070617 / lib_ip.py:3753] file = img.20190702_070610.2019-07-02_01-24-39_000.jpg.4.png / val_Average = 102.7468	val_Variance = 48.8627	sd = 6.9902	max = 112	min = 85
[20190702_070617 / lib_ip.py:4052] len(Hs) = 8100, len(Ss) = 8100, len(Vs) = 8100
[20190702_070617 / lib_ip.py:4099] green : variance --> out of range (variance = 48.863 / upper = 0.760 / lower = 0.000)
[20190702_070617 / lib_ip.py:3753] file = img.20190702_070610.2019-07-02_01-24-39_000.jpg.4.png / val_Average = 102.7468	val_Variance = 48.8627	sd = 6.9902	max = 112	min = 85
[20190702_070617 / lib_ip.py:4169] len(Hs) = 8100, len(Ss) = 8100, len(Vs) = 8100
[20190702_070617 / lib_ip.py:4208] blue : variance --> out of range (variance = 48.863 / upper = 0.930 / lower = 0.010)
[20190702_070617 / lib_ip.py:3753] file = img.20190702_070610.2019-07-02_01-24-39_000.jpg.4.png / val_Average = 102.7468	val_Variance = 48.8627	sd = 6.9902	max = 112	min = 85
[20190702_070617 / lib_ip.py:4275] len(Hs) = 8100, len(Ss) = 8100, len(Vs) = 8100
[20190702_070617 / lib_ip.py:4314] pink : variance --> out of range (variance = 48.863 / upper = 0.750 / lower = 0.030)
[20190702_070617 / lib_ip.py:3753] file = img.20190702_070610.2019-07-02_01-24-39_000.jpg.4.png / val_Average = 102.7468	val_Variance = 48.8627	sd = 6.9902	max = 112	min = 85
[20190702_070617 / lib_ip.py:4378] len(Hs) = 8100, len(Ss) = 8100, len(Vs) = 8100
[20190702_070618 / lib_ip.py:4422] black : variance --> out of range (variance = 48.863 / upper = 0.000 / lower = 0.000)
[20190702_070618 / lib_ip.py:4593] file : img.20190702_070610.2019-07-02_01-24-39_000.jpg.4.png 3 (black : variance --> out of range (variance = 48.863 / upper = 0.000 / lower = 0.000))
[20190702_070616 / lib_ip.py:2274] inspecting ===> img.20190702_070610.2019-07-02_01-24-39_000.jpg.4.png
img.20190702_070610.2019-07-02_01-24-39_000.jpg.1.png => other
img.20190702_070610.2019-07-02_01-24-39_000.jpg.2.png => other
img.20190702_070610.2019-07-02_01-24-39_000.jpg.3.png => other
img.20190702_070610.2019-07-02_01-24-39_000.jpg.4.png => other
[20190702_070618 lib_ip.py:3301] =============== Get 4 corners
dpath_Images = C:\WORKS_2\WS\WS_Others.Art\JVEMV6\46_art\VIRTUAL\Admin_Projects\ip\images
fname_Image = img.20190702_070610.2019-07-02_01-24-39_000.jpg.4.png

[20190702_070618 / lib_ip.py:2274] inspecting ===> img.20190702_070618.2019-07-02_06-12-02_000.jpg.1.png
[20190702_070619 / lib_ip.py:4505] 
img.20190702_070618.2019-07-02_06-12-02_000.jpg.1.png 0 ---------------------
[20190702_070619 / lib_ip.py:3753] file = img.20190702_070618.2019-07-02_06-12-02_000.jpg.1.png / val_Average = 120.9112	val_Variance = 0.1920	sd = 0.4382	max = 122	min = 120
[20190702_070619 / lib_ip.py:3836] len(Hs) = 8100, len(Ss) = 8100, len(Vs) = 8100
[20190702_070619 / lib_ip.py:3891] yellow : average --> out of range (average = 120.911 / upper = 99.200 / lower = 85.500)
[20190702_070619 / lib_ip.py:3753] file = img.20190702_070618.2019-07-02_06-12-02_000.jpg.1.png / val_Average = 120.9112	val_Variance = 0.1920	sd = 0.4382	max = 122	min = 120
[20190702_070619 / lib_ip.py:3936] len(Hs) = 8100, len(Ss) = 8100, len(Vs) = 8100
[20190702_070619 / lib_ip.py:2274] inspecting ===> img.20190702_070618.2019-07-02_06-12-02_000.jpg.2.png
[20190702_070619 / lib_ip.py:4505] 
img.20190702_070618.2019-07-02_06-12-02_000.jpg.2.png 1 ---------------------
[20190702_070619 / lib_ip.py:3753] file = img.20190702_070618.2019-07-02_06-12-02_000.jpg.2.png / val_Average = 77.6332	val_Variance = 0.2397	sd = 0.4896	max = 79	min = 77
[20190702_070619 / lib_ip.py:3836] len(Hs) = 8100, len(Ss) = 8100, len(Vs) = 8100
[20190702_070620 / lib_ip.py:3891] yellow : average --> out of range (average = 77.633 / upper = 99.200 / lower = 85.500)
[20190702_070620 / lib_ip.py:3753] file = img.20190702_070618.2019-07-02_06-12-02_000.jpg.2.png / val_Average = 77.6332	val_Variance = 0.2397	sd = 0.4896	max = 79	min = 77
[20190702_070620 / lib_ip.py:3936] len(Hs) = 8100, len(Ss) = 8100, len(Vs) = 8100
[20190702_070620 / lib_ip.py:4007] red : average --> out of range (average = 77.633 / upper = 124.600 / lower = 115.000)
[20190702_070620 / lib_ip.py:3753] file = img.20190702_070618.2019-07-02_06-12-02_000.jpg.2.png / val_Average = 77.6332	val_Variance = 0.2397	sd = 0.4896	max = 79	min = 77
[20190702_070620 / lib_ip.py:4052] len(Hs) = 8100, len(Ss) = 8100, len(Vs) = 8100
[20190702_070620 / lib_ip.py:2274] inspecting ===> img.20190702_070618.2019-07-02_06-12-02_000.jpg.3.png
[20190702_070620 / lib_ip.py:4505] 
img.20190702_070618.2019-07-02_06-12-02_000.jpg.3.png 2 ---------------------
[20190702_070620 / lib_ip.py:3753] file = img.20190702_070618.2019-07-02_06-12-02_000.jpg.3.png / val_Average = 112.0358	val_Variance = 7.3474	sd = 2.7106	max = 120	min = 104
[20190702_070620 / lib_ip.py:3836] len(Hs) = 8100, len(Ss) = 8100, len(Vs) = 8100
[20190702_070620 / lib_ip.py:3869] yellow : variance --> out of range (variance = 7.347 / upper = 0.650 / lower = 0.000)
[20190702_070621 / lib_ip.py:3753] file = img.20190702_070618.2019-07-02_06-12-02_000.jpg.3.png / val_Average = 112.0358	val_Variance = 7.3474	sd = 2.7106	max = 120	min = 104
[20190702_070621 / lib_ip.py:3936] len(Hs) = 8100, len(Ss) = 8100, len(Vs) = 8100
[20190702_070621 / lib_ip.py:3982] red : variance --> out of range (variance = 7.347 / upper = 0.430 / lower = 0.000)
[20190702_070621 / lib_ip.py:3753] file = img.20190702_070618.2019-07-02_06-12-02_000.jpg.3.png / val_Average = 112.0358	val_Variance = 7.3474	sd = 2.7106	max = 120	min = 104
[20190702_070621 / lib_ip.py:4052] len(Hs) = 8100, len(Ss) = 8100, len(Vs) = 8100
[20190702_070621 / lib_ip.py:4099] green : variance --> out of range (variance = 7.347 / upper = 0.760 / lower = 0.000)
[20190702_070621 / lib_ip.py:3753] file = img.20190702_070618.2019-07-02_06-12-02_000.jpg.3.png / val_Average = 112.0358	val_Variance = 7.3474	sd = 2.7106	max = 120	min = 104
[20190702_070621 / lib_ip.py:4169] len(Hs) = 8100, len(Ss) = 8100, len(Vs) = 8100
[20190702_070621 / lib_ip.py:4208] blue : variance --> out of range (variance = 7.347 / upper = 0.930 / lower = 0.010)
[20190702_070621 / lib_ip.py:3753] file = img.20190702_070618.2019-07-02_06-12-02_000.jpg.3.png / val_Average = 112.0358	val_Variance = 7.3474	sd = 2.7106	max = 120	min = 104
[20190702_070621 / lib_ip.py:4275] len(Hs) = 8100, len(Ss) = 8100, len(Vs) = 8100
[20190702_070621 / lib_ip.py:4314] pink : variance --> out of range (variance = 7.347 / upper = 0.750 / lower = 0.030)
[20190702_070621 / lib_ip.py:3753] file = img.20190702_070618.2019-07-02_06-12-02_000.jpg.3.png / val_Average = 112.0358	val_Variance = 7.3474	sd = 2.7106	max = 120	min = 104
[20190702_070621 / lib_ip.py:4378] len(Hs) = 8100, len(Ss) = 8100, len(Vs) = 8100
[20190702_070621 / lib_ip.py:4422] black : variance --> out of range (variance = 7.347 / upper = 0.000 / lower = 0.000)
[20190702_070621 / lib_ip.py:4593] file : img.20190702_070618.2019-07-02_06-12-02_000.jpg.3.png 2 (black : variance --> out of range (variance = 7.347 / upper = 0.000 / lower = 0.000))
[20190702_070621 / lib_ip.py:2274] inspecting ===> img.20190702_070618.2019-07-02_06-12-02_000.jpg.4.png
[20190702_070622 / lib_ip.py:4505] 
img.20190702_070618.2019-07-02_06-12-02_000.jpg.4.png 3 ---------------------
[20190702_070622 / lib_ip.py:3753] file = img.20190702_070618.2019-07-02_06-12-02_000.jpg.4.png / val_Average = 108.6398	val_Variance = 109.9255	sd = 10.4845	max = 120	min = 38
[20190702_070622 / lib_ip.py:3836] len(Hs) = 8100, len(Ss) = 8100, len(Vs) = 8100
[20190702_070622 / lib_ip.py:3869] yellow : variance --> out of range (variance = 109.926 / upper = 0.650 / lower = 0.000)
[20190702_070622 / lib_ip.py:3753] file = img.20190702_070618.2019-07-02_06-12-02_000.jpg.4.png / val_Average = 108.6398	val_Variance = 109.9255	sd = 10.4845	max = 120	min = 38
[20190702_070622 / lib_ip.py:3936] len(Hs) = 8100, len(Ss) = 8100, len(Vs) = 8100
[20190702_070622 / lib_ip.py:3982] red : variance --> out of range (variance = 109.926 / upper = 0.430 / lower = 0.000)
[20190702_070622 / lib_ip.py:3753] file = img.20190702_070618.2019-07-02_06-12-02_000.jpg.4.png / val_Average = 108.6398	val_Variance = 109.9255	sd = 10.4845	max = 120	min = 38
[20190702_070622 / lib_ip.py:4052] len(Hs) = 8100, len(Ss) = 8100, len(Vs) = 8100
[20190702_070622 / lib_ip.py:4099] green : variance --> out of range (variance = 109.926 / upper = 0.760 / lower = 0.000)
[20190702_070622 / lib_ip.py:3753] file = img.20190702_070618.2019-07-02_06-12-02_000.jpg.4.png / val_Average = 108.6398	val_Variance = 109.9255	sd = 10.4845	max = 120	min = 38
[20190702_070622 / lib_ip.py:4169] len(Hs) = 8100, len(Ss) = 8100, len(Vs) = 8100
[20190702_070622 / lib_ip.py:4208] blue : variance --> out of range (variance = 109.926 / upper = 0.930 / lower = 0.010)
[20190702_070622 / lib_ip.py:3753] file = img.20190702_070618.2019-07-02_06-12-02_000.jpg.4.png / val_Average = 108.6398	val_Variance = 109.9255	sd = 10.4845	max = 120	min = 38
[20190702_070622 / lib_ip.py:4275] len(Hs) = 8100, len(Ss) = 8100, len(Vs) = 8100
[20190702_070622 / lib_ip.py:4314] pink : variance --> out of range (variance = 109.926 / upper = 0.750 / lower = 0.030)
[20190702_070623 / lib_ip.py:3753] file = img.20190702_070618.2019-07-02_06-12-02_000.jpg.4.png / val_Average = 108.6398	val_Variance = 109.9255	sd = 10.4845	max = 120	min = 38
[20190702_070623 / lib_ip.py:4378] len(Hs) = 8100, len(Ss) = 8100, len(Vs) = 8100
[20190702_070623 / lib_ip.py:4422] black : variance --> out of range (variance = 109.926 / upper = 0.000 / lower = 0.000)
[20190702_070623 / lib_ip.py:4593] file : img.20190702_070618.2019-07-02_06-12-02_000.jpg.4.png 3 (black : variance --> out of range (variance = 109.926 / upper = 0.000 / lower = 0.000))
[20190702_070621 / lib_ip.py:2274] inspecting ===> img.20190702_070618.2019-07-02_06-12-02_000.jpg.4.png
img.20190702_070618.2019-07-02_06-12-02_000.jpg.1.png => other
img.20190702_070618.2019-07-02_06-12-02_000.jpg.2.png => other
img.20190702_070618.2019-07-02_06-12-02_000.jpg.3.png => other
img.20190702_070618.2019-07-02_06-12-02_000.jpg.4.png => other
[20190702_070623 lib_ip.py:3301] =============== Get 4 corners
dpath_Images = C:\WORKS_2\WS\WS_Others.Art\JVEMV6\46_art\VIRTUAL\Admin_Projects\ip\images
fname_Image = img.20190702_070618.2019-07-02_06-12-02_000.jpg.4.png

[20190702_070624 / lib_ip.py:2274] inspecting ===> img.20190702_070623.2019-07-02_06-12-24_000.jpg.1.png
[20190702_070624 / lib_ip.py:4505] 
img.20190702_070623.2019-07-02_06-12-24_000.jpg.1.png 0 ---------------------
[20190702_070624 / lib_ip.py:3753] file = img.20190702_070623.2019-07-02_06-12-24_000.jpg.1.png / val_Average = 120.2377	val_Variance = 0.2083	sd = 0.4564	max = 122	min = 119
[20190702_070624 / lib_ip.py:3836] len(Hs) = 8100, len(Ss) = 8100, len(Vs) = 8100
[20190702_070624 / lib_ip.py:3891] yellow : average --> out of range (average = 120.238 / upper = 99.200 / lower = 85.500)
[20190702_070624 / lib_ip.py:3753] file = img.20190702_070623.2019-07-02_06-12-24_000.jpg.1.png / val_Average = 120.2377	val_Variance = 0.2083	sd = 0.4564	max = 122	min = 119
[20190702_070624 / lib_ip.py:3936] len(Hs) = 8100, len(Ss) = 8100, len(Vs) = 8100
[20190702_070624 / lib_ip.py:2274] inspecting ===> img.20190702_070623.2019-07-02_06-12-24_000.jpg.2.png
[20190702_070624 / lib_ip.py:4505] 
img.20190702_070623.2019-07-02_06-12-24_000.jpg.2.png 1 ---------------------
[20190702_070624 / lib_ip.py:3753] file = img.20190702_070623.2019-07-02_06-12-24_000.jpg.2.png / val_Average = 77.8732	val_Variance = 0.1208	sd = 0.3476	max = 79	min = 77
[20190702_070624 / lib_ip.py:3836] len(Hs) = 8100, len(Ss) = 8100, len(Vs) = 8100
[20190702_070625 / lib_ip.py:3891] yellow : average --> out of range (average = 77.873 / upper = 99.200 / lower = 85.500)
[20190702_070625 / lib_ip.py:3753] file = img.20190702_070623.2019-07-02_06-12-24_000.jpg.2.png / val_Average = 77.8732	val_Variance = 0.1208	sd = 0.3476	max = 79	min = 77
[20190702_070625 / lib_ip.py:3936] len(Hs) = 8100, len(Ss) = 8100, len(Vs) = 8100
[20190702_070625 / lib_ip.py:4007] red : average --> out of range (average = 77.873 / upper = 124.600 / lower = 115.000)
[20190702_070625 / lib_ip.py:3753] file = img.20190702_070623.2019-07-02_06-12-24_000.jpg.2.png / val_Average = 77.8732	val_Variance = 0.1208	sd = 0.3476	max = 79	min = 77
[20190702_070625 / lib_ip.py:4052] len(Hs) = 8100, len(Ss) = 8100, len(Vs) = 8100
[20190702_070625 / lib_ip.py:2274] inspecting ===> img.20190702_070623.2019-07-02_06-12-24_000.jpg.3.png
[20190702_070625 / lib_ip.py:4505] 
img.20190702_070623.2019-07-02_06-12-24_000.jpg.3.png 2 ---------------------
[20190702_070625 / lib_ip.py:3753] file = img.20190702_070623.2019-07-02_06-12-24_000.jpg.3.png / val_Average = 113.6319	val_Variance = 13.8418	sd = 3.7205	max = 135	min = 84
[20190702_070626 / lib_ip.py:3836] len(Hs) = 8100, len(Ss) = 8100, len(Vs) = 8100
[20190702_070626 / lib_ip.py:3869] yellow : variance --> out of range (variance = 13.842 / upper = 0.650 / lower = 0.000)
[20190702_070626 / lib_ip.py:3753] file = img.20190702_070623.2019-07-02_06-12-24_000.jpg.3.png / val_Average = 113.6319	val_Variance = 13.8418	sd = 3.7205	max = 135	min = 84
[20190702_070626 / lib_ip.py:3936] len(Hs) = 8100, len(Ss) = 8100, len(Vs) = 8100
[20190702_070626 / lib_ip.py:3982] red : variance --> out of range (variance = 13.842 / upper = 0.430 / lower = 0.000)
[20190702_070626 / lib_ip.py:3753] file = img.20190702_070623.2019-07-02_06-12-24_000.jpg.3.png / val_Average = 113.6319	val_Variance = 13.8418	sd = 3.7205	max = 135	min = 84
[20190702_070626 / lib_ip.py:4052] len(Hs) = 8100, len(Ss) = 8100, len(Vs) = 8100
[20190702_070626 / lib_ip.py:4099] green : variance --> out of range (variance = 13.842 / upper = 0.760 / lower = 0.000)
[20190702_070627 / lib_ip.py:3753] file = img.20190702_070623.2019-07-02_06-12-24_000.jpg.3.png / val_Average = 113.6319	val_Variance = 13.8418	sd = 3.7205	max = 135	min = 84
[20190702_070627 / lib_ip.py:4169] len(Hs) = 8100, len(Ss) = 8100, len(Vs) = 8100
[20190702_070627 / lib_ip.py:4208] blue : variance --> out of range (variance = 13.842 / upper = 0.930 / lower = 0.010)
[20190702_070627 / lib_ip.py:3753] file = img.20190702_070623.2019-07-02_06-12-24_000.jpg.3.png / val_Average = 113.6319	val_Variance = 13.8418	sd = 3.7205	max = 135	min = 84
[20190702_070627 / lib_ip.py:4275] len(Hs) = 8100, len(Ss) = 8100, len(Vs) = 8100
[20190702_070627 / lib_ip.py:4314] pink : variance --> out of range (variance = 13.842 / upper = 0.750 / lower = 0.030)
[20190702_070627 / lib_ip.py:3753] file = img.20190702_070623.2019-07-02_06-12-24_000.jpg.3.png / val_Average = 113.6319	val_Variance = 13.8418	sd = 3.7205	max = 135	min = 84
[20190702_070627 / lib_ip.py:4378] len(Hs) = 8100, len(Ss) = 8100, len(Vs) = 8100
[20190702_070627 / lib_ip.py:4422] black : variance --> out of range (variance = 13.842 / upper = 0.000 / lower = 0.000)
[20190702_070627 / lib_ip.py:4593] file : img.20190702_070623.2019-07-02_06-12-24_000.jpg.3.png 2 (black : variance --> out of range (variance = 13.842 / upper = 0.000 / lower = 0.000))
[20190702_070627 / lib_ip.py:2274] inspecting ===> img.20190702_070623.2019-07-02_06-12-24_000.jpg.4.png
[20190702_070627 / lib_ip.py:4505] 
img.20190702_070623.2019-07-02_06-12-24_000.jpg.4.png 3 ---------------------
[20190702_070627 / lib_ip.py:3753] file = img.20190702_070623.2019-07-02_06-12-24_000.jpg.4.png / val_Average = 110.1005	val_Variance = 13.5835	sd = 3.6856	max = 120	min = 98
[20190702_070627 / lib_ip.py:3836] len(Hs) = 8100, len(Ss) = 8100, len(Vs) = 8100
[20190702_070628 / lib_ip.py:3869] yellow : variance --> out of range (variance = 13.583 / upper = 0.650 / lower = 0.000)
[20190702_070628 / lib_ip.py:3753] file = img.20190702_070623.2019-07-02_06-12-24_000.jpg.4.png / val_Average = 110.1005	val_Variance = 13.5835	sd = 3.6856	max = 120	min = 98
[20190702_070628 / lib_ip.py:3936] len(Hs) = 8100, len(Ss) = 8100, len(Vs) = 8100
[20190702_070628 / lib_ip.py:3982] red : variance --> out of range (variance = 13.583 / upper = 0.430 / lower = 0.000)
[20190702_070628 / lib_ip.py:3753] file = img.20190702_070623.2019-07-02_06-12-24_000.jpg.4.png / val_Average = 110.1005	val_Variance = 13.5835	sd = 3.6856	max = 120	min = 98
[20190702_070628 / lib_ip.py:4052] len(Hs) = 8100, len(Ss) = 8100, len(Vs) = 8100
[20190702_070628 / lib_ip.py:4099] green : variance --> out of range (variance = 13.583 / upper = 0.760 / lower = 0.000)
[20190702_070628 / lib_ip.py:3753] file = img.20190702_070623.2019-07-02_06-12-24_000.jpg.4.png / val_Average = 110.1005	val_Variance = 13.5835	sd = 3.6856	max = 120	min = 98
[20190702_070628 / lib_ip.py:4169] len(Hs) = 8100, len(Ss) = 8100, len(Vs) = 8100
[20190702_070629 / lib_ip.py:4208] blue : variance --> out of range (variance = 13.583 / upper = 0.930 / lower = 0.010)
[20190702_070629 / lib_ip.py:3753] file = img.20190702_070623.2019-07-02_06-12-24_000.jpg.4.png / val_Average = 110.1005	val_Variance = 13.5835	sd = 3.6856	max = 120	min = 98
[20190702_070629 / lib_ip.py:4275] len(Hs) = 8100, len(Ss) = 8100, len(Vs) = 8100
[20190702_070629 / lib_ip.py:4314] pink : variance --> out of range (variance = 13.583 / upper = 0.750 / lower = 0.030)
[20190702_070629 / lib_ip.py:3753] file = img.20190702_070623.2019-07-02_06-12-24_000.jpg.4.png / val_Average = 110.1005	val_Variance = 13.5835	sd = 3.6856	max = 120	min = 98
[20190702_070629 / lib_ip.py:4378] len(Hs) = 8100, len(Ss) = 8100, len(Vs) = 8100
[20190702_070629 / lib_ip.py:4422] black : variance --> out of range (variance = 13.583 / upper = 0.000 / lower = 0.000)
[20190702_070629 / lib_ip.py:4593] file : img.20190702_070623.2019-07-02_06-12-24_000.jpg.4.png 3 (black : variance --> out of range (variance = 13.583 / upper = 0.000 / lower = 0.000))
[20190702_070627 / lib_ip.py:2274] inspecting ===> img.20190702_070623.2019-07-02_06-12-24_000.jpg.4.png
img.20190702_070623.2019-07-02_06-12-24_000.jpg.1.png => other
img.20190702_070623.2019-07-02_06-12-24_000.jpg.2.png => other
img.20190702_070623.2019-07-02_06-12-24_000.jpg.3.png => other
img.20190702_070623.2019-07-02_06-12-24_000.jpg.4.png => other
[20190702_070629 lib_ip.py:3301] =============== Get 4 corners
dpath_Images = C:\WORKS_2\WS\WS_Others.Art\JVEMV6\46_art\VIRTUAL\Admin_Projects\ip\images
fname_Image = img.20190702_070623.2019-07-02_06-12-24_000.jpg.4.png

[20190702_070629 / views.py:1411] gen csv => complete (20190702_070629)(elapsed = 54.301 sec / 7 files / 7.757 sec per file)
1)	2019-07-01_12-20-48_000.jpg => 	other yellow other other 
2)	2019-07-01_14-33-50_000.jpg => 	other other other other 
3)	2019-07-01_15-06-40_000.jpg => 	other other other yellow 
4)	2019-07-01_20-30-39_000.jpg => 	other yellow other other 
5)	2019-07-02_01-24-39_000.jpg => 	other other other other 
6)	2019-07-02_06-12-02_000.jpg => 	red green other other 
7)	2019-07-02_06-12-24_000.jpg => 	red green other other 
[20190702_070629 / views.py:1753] lo_ColorName_Set__Modified_2 =>
1)	2019-07-01_12-20-48_000.jpg => 	o o o y 
2)	2019-07-01_14-33-50_000.jpg => 	o o o o 
3)	2019-07-01_15-06-40_000.jpg => 	o o o y 
4)	2019-07-01_20-30-39_000.jpg => 	o o o y 
5)	2019-07-02_01-24-39_000.jpg => 	o o o o 
6)	2019-07-02_06-12-02_000.jpg => 	g o o r 
7)	2019-07-02_06-12-24_000.jpg => 	g o o r 
[20190702_070630 / views.py:1839] gen_Cake_CSV(request) ==> ending... =======================//

