[20191012_081654 / views.py:1822] gen_Cake_CSV(request) ==> starting... =======================
[20191012_081656 / lib_ip.py:2274] inspecting ===> img.20191012_081656.2019-10-11_10-53-56_000.jpg.1.png
[20191012_081656 / lib_ip.py:4505] 
img.20191012_081656.2019-10-11_10-53-56_000.jpg.1.png 0 ---------------------
[20191012_081656 / lib_ip.py:3753] file = img.20191012_081656.2019-10-11_10-53-56_000.jpg.1.png / val_Average = 71.1367	val_Variance = 1623.4476	sd = 40.2920	max = 160	min = 0
[20191012_081656 / lib_ip.py:3836] len(Hs) = 8100, len(Ss) = 8100, len(Vs) = 8100
[20191012_081656 / lib_ip.py:3869] yellow : variance --> out of range (variance = 1623.448 / upper = 0.650 / lower = 0.000)
[20191012_081657 / lib_ip.py:3753] file = img.20191012_081656.2019-10-11_10-53-56_000.jpg.1.png / val_Average = 71.1367	val_Variance = 1623.4476	sd = 40.2920	max = 160	min = 0
[20191012_081657 / lib_ip.py:3936] len(Hs) = 8100, len(Ss) = 8100, len(Vs) = 8100
[20191012_081657 / lib_ip.py:3982] red : variance --> out of range (variance = 1623.448 / upper = 0.430 / lower = 0.000)
[20191012_081657 / lib_ip.py:3753] file = img.20191012_081656.2019-10-11_10-53-56_000.jpg.1.png / val_Average = 71.1367	val_Variance = 1623.4476	sd = 40.2920	max = 160	min = 0
[20191012_081657 / lib_ip.py:4052] len(Hs) = 8100, len(Ss) = 8100, len(Vs) = 8100
[20191012_081657 / lib_ip.py:4099] green : variance --> out of range (variance = 1623.448 / upper = 0.760 / lower = 0.000)
[20191012_081657 / lib_ip.py:3753] file = img.20191012_081656.2019-10-11_10-53-56_000.jpg.1.png / val_Average = 71.1367	val_Variance = 1623.4476	sd = 40.2920	max = 160	min = 0
[20191012_081657 / lib_ip.py:4169] len(Hs) = 8100, len(Ss) = 8100, len(Vs) = 8100
[20191012_081657 / lib_ip.py:4208] blue : variance --> out of range (variance = 1623.448 / upper = 0.930 / lower = 0.010)
[20191012_081657 / lib_ip.py:3753] file = img.20191012_081656.2019-10-11_10-53-56_000.jpg.1.png / val_Average = 71.1367	val_Variance = 1623.4476	sd = 40.2920	max = 160	min = 0
[20191012_081657 / lib_ip.py:4275] len(Hs) = 8100, len(Ss) = 8100, len(Vs) = 8100
[20191012_081657 / lib_ip.py:4314] pink : variance --> out of range (variance = 1623.448 / upper = 0.750 / lower = 0.030)
[20191012_081657 / lib_ip.py:3753] file = img.20191012_081656.2019-10-11_10-53-56_000.jpg.1.png / val_Average = 71.1367	val_Variance = 1623.4476	sd = 40.2920	max = 160	min = 0
[20191012_081657 / lib_ip.py:4378] len(Hs) = 8100, len(Ss) = 8100, len(Vs) = 8100
[20191012_081657 / lib_ip.py:4422] black : variance --> out of range (variance = 1623.448 / upper = 0.000 / lower = 0.000)
[20191012_081657 / lib_ip.py:4593] file : img.20191012_081656.2019-10-11_10-53-56_000.jpg.1.png 0 (black : variance --> out of range (variance = 1623.448 / upper = 0.000 / lower = 0.000))
[20191012_081657 / lib_ip.py:2274] inspecting ===> img.20191012_081656.2019-10-11_10-53-56_000.jpg.2.png
[20191012_081658 / lib_ip.py:4505] 
img.20191012_081656.2019-10-11_10-53-56_000.jpg.2.png 1 ---------------------
[20191012_081658 / lib_ip.py:3753] file = img.20191012_081656.2019-10-11_10-53-56_000.jpg.2.png / val_Average = 93.7102	val_Variance = 0.2058	sd = 0.4536	max = 94	min = 93
[20191012_081658 / lib_ip.py:3836] len(Hs) = 8100, len(Ss) = 8100, len(Vs) = 8100
[20191012_081658 / lib_ip.py:2274] inspecting ===> img.20191012_081656.2019-10-11_10-53-56_000.jpg.3.png
[20191012_081658 / lib_ip.py:4505] 
img.20191012_081656.2019-10-11_10-53-56_000.jpg.3.png 2 ---------------------
[20191012_081658 / lib_ip.py:3753] file = img.20191012_081656.2019-10-11_10-53-56_000.jpg.3.png / val_Average = 110.3333	val_Variance = 44.2926	sd = 6.6553	max = 130	min = 84
[20191012_081658 / lib_ip.py:3836] len(Hs) = 8100, len(Ss) = 8100, len(Vs) = 8100
[20191012_081658 / lib_ip.py:3869] yellow : variance --> out of range (variance = 44.293 / upper = 0.650 / lower = 0.000)
[20191012_081658 / lib_ip.py:3753] file = img.20191012_081656.2019-10-11_10-53-56_000.jpg.3.png / val_Average = 110.3333	val_Variance = 44.2926	sd = 6.6553	max = 130	min = 84
[20191012_081658 / lib_ip.py:3936] len(Hs) = 8100, len(Ss) = 8100, len(Vs) = 8100
[20191012_081658 / lib_ip.py:3982] red : variance --> out of range (variance = 44.293 / upper = 0.430 / lower = 0.000)
[20191012_081659 / lib_ip.py:3753] file = img.20191012_081656.2019-10-11_10-53-56_000.jpg.3.png / val_Average = 110.3333	val_Variance = 44.2926	sd = 6.6553	max = 130	min = 84
[20191012_081659 / lib_ip.py:4052] len(Hs) = 8100, len(Ss) = 8100, len(Vs) = 8100
[20191012_081659 / lib_ip.py:4099] green : variance --> out of range (variance = 44.293 / upper = 0.760 / lower = 0.000)
[20191012_081659 / lib_ip.py:3753] file = img.20191012_081656.2019-10-11_10-53-56_000.jpg.3.png / val_Average = 110.3333	val_Variance = 44.2926	sd = 6.6553	max = 130	min = 84
[20191012_081659 / lib_ip.py:4169] len(Hs) = 8100, len(Ss) = 8100, len(Vs) = 8100
[20191012_081659 / lib_ip.py:4208] blue : variance --> out of range (variance = 44.293 / upper = 0.930 / lower = 0.010)
[20191012_081659 / lib_ip.py:3753] file = img.20191012_081656.2019-10-11_10-53-56_000.jpg.3.png / val_Average = 110.3333	val_Variance = 44.2926	sd = 6.6553	max = 130	min = 84
[20191012_081659 / lib_ip.py:4275] len(Hs) = 8100, len(Ss) = 8100, len(Vs) = 8100
[20191012_081659 / lib_ip.py:4314] pink : variance --> out of range (variance = 44.293 / upper = 0.750 / lower = 0.030)
[20191012_081659 / lib_ip.py:3753] file = img.20191012_081656.2019-10-11_10-53-56_000.jpg.3.png / val_Average = 110.3333	val_Variance = 44.2926	sd = 6.6553	max = 130	min = 84
[20191012_081659 / lib_ip.py:4378] len(Hs) = 8100, len(Ss) = 8100, len(Vs) = 8100
[20191012_081659 / lib_ip.py:4422] black : variance --> out of range (variance = 44.293 / upper = 0.000 / lower = 0.000)
[20191012_081659 / lib_ip.py:4593] file : img.20191012_081656.2019-10-11_10-53-56_000.jpg.3.png 2 (black : variance --> out of range (variance = 44.293 / upper = 0.000 / lower = 0.000))
[20191012_081659 / lib_ip.py:2274] inspecting ===> img.20191012_081656.2019-10-11_10-53-56_000.jpg.4.png
[20191012_081700 / lib_ip.py:4505] 
img.20191012_081656.2019-10-11_10-53-56_000.jpg.4.png 3 ---------------------
[20191012_081700 / lib_ip.py:3753] file = img.20191012_081656.2019-10-11_10-53-56_000.jpg.4.png / val_Average = 106.4917	val_Variance = 8.4689	sd = 2.9101	max = 115	min = 99
[20191012_081700 / lib_ip.py:3836] len(Hs) = 8100, len(Ss) = 8100, len(Vs) = 8100
[20191012_081700 / lib_ip.py:3869] yellow : variance --> out of range (variance = 8.469 / upper = 0.650 / lower = 0.000)
[20191012_081700 / lib_ip.py:3753] file = img.20191012_081656.2019-10-11_10-53-56_000.jpg.4.png / val_Average = 106.4917	val_Variance = 8.4689	sd = 2.9101	max = 115	min = 99
[20191012_081700 / lib_ip.py:3936] len(Hs) = 8100, len(Ss) = 8100, len(Vs) = 8100
[20191012_081700 / lib_ip.py:3982] red : variance --> out of range (variance = 8.469 / upper = 0.430 / lower = 0.000)
[20191012_081700 / lib_ip.py:3753] file = img.20191012_081656.2019-10-11_10-53-56_000.jpg.4.png / val_Average = 106.4917	val_Variance = 8.4689	sd = 2.9101	max = 115	min = 99
[20191012_081700 / lib_ip.py:4052] len(Hs) = 8100, len(Ss) = 8100, len(Vs) = 8100
[20191012_081700 / lib_ip.py:4099] green : variance --> out of range (variance = 8.469 / upper = 0.760 / lower = 0.000)
[20191012_081700 / lib_ip.py:3753] file = img.20191012_081656.2019-10-11_10-53-56_000.jpg.4.png / val_Average = 106.4917	val_Variance = 8.4689	sd = 2.9101	max = 115	min = 99
[20191012_081700 / lib_ip.py:4169] len(Hs) = 8100, len(Ss) = 8100, len(Vs) = 8100
[20191012_081700 / lib_ip.py:4208] blue : variance --> out of range (variance = 8.469 / upper = 0.930 / lower = 0.010)
[20191012_081700 / lib_ip.py:3753] file = img.20191012_081656.2019-10-11_10-53-56_000.jpg.4.png / val_Average = 106.4917	val_Variance = 8.4689	sd = 2.9101	max = 115	min = 99
[20191012_081700 / lib_ip.py:4275] len(Hs) = 8100, len(Ss) = 8100, len(Vs) = 8100
[20191012_081700 / lib_ip.py:4314] pink : variance --> out of range (variance = 8.469 / upper = 0.750 / lower = 0.030)
[20191012_081701 / lib_ip.py:3753] file = img.20191012_081656.2019-10-11_10-53-56_000.jpg.4.png / val_Average = 106.4917	val_Variance = 8.4689	sd = 2.9101	max = 115	min = 99
[20191012_081701 / lib_ip.py:4378] len(Hs) = 8100, len(Ss) = 8100, len(Vs) = 8100
[20191012_081701 / lib_ip.py:4422] black : variance --> out of range (variance = 8.469 / upper = 0.000 / lower = 0.000)
[20191012_081701 / lib_ip.py:4593] file : img.20191012_081656.2019-10-11_10-53-56_000.jpg.4.png 3 (black : variance --> out of range (variance = 8.469 / upper = 0.000 / lower = 0.000))
[20191012_081659 / lib_ip.py:2274] inspecting ===> img.20191012_081656.2019-10-11_10-53-56_000.jpg.4.png
img.20191012_081656.2019-10-11_10-53-56_000.jpg.1.png => other
img.20191012_081656.2019-10-11_10-53-56_000.jpg.2.png => other
img.20191012_081656.2019-10-11_10-53-56_000.jpg.3.png => other
img.20191012_081656.2019-10-11_10-53-56_000.jpg.4.png => other
[20191012_081701 lib_ip.py:3301] =============== Get 4 corners
dpath_Images = C:\WORKS_2\WS\WS_Others.Art\JVEMV6\46_art\VIRTUAL\Admin_Projects\ip\images
fname_Image = img.20191012_081656.2019-10-11_10-53-56_000.jpg.4.png

[20191012_081701 / lib_ip.py:2274] inspecting ===> img.20191012_081701.2019-10-11_14-14-16_000.jpg.1.png
[20191012_081702 / lib_ip.py:4505] 
img.20191012_081701.2019-10-11_14-14-16_000.jpg.1.png 0 ---------------------
[20191012_081702 / lib_ip.py:3753] file = img.20191012_081701.2019-10-11_14-14-16_000.jpg.1.png / val_Average = 111.9557	val_Variance = 34.5075	sd = 5.8743	max = 131	min = 94
[20191012_081702 / lib_ip.py:3836] len(Hs) = 8100, len(Ss) = 8100, len(Vs) = 8100
[20191012_081702 / lib_ip.py:3869] yellow : variance --> out of range (variance = 34.508 / upper = 0.650 / lower = 0.000)
[20191012_081702 / lib_ip.py:3753] file = img.20191012_081701.2019-10-11_14-14-16_000.jpg.1.png / val_Average = 111.9557	val_Variance = 34.5075	sd = 5.8743	max = 131	min = 94
[20191012_081702 / lib_ip.py:3936] len(Hs) = 8100, len(Ss) = 8100, len(Vs) = 8100
[20191012_081702 / lib_ip.py:3982] red : variance --> out of range (variance = 34.508 / upper = 0.430 / lower = 0.000)
[20191012_081702 / lib_ip.py:3753] file = img.20191012_081701.2019-10-11_14-14-16_000.jpg.1.png / val_Average = 111.9557	val_Variance = 34.5075	sd = 5.8743	max = 131	min = 94
[20191012_081702 / lib_ip.py:4052] len(Hs) = 8100, len(Ss) = 8100, len(Vs) = 8100
[20191012_081702 / lib_ip.py:4099] green : variance --> out of range (variance = 34.508 / upper = 0.760 / lower = 0.000)
[20191012_081703 / lib_ip.py:3753] file = img.20191012_081701.2019-10-11_14-14-16_000.jpg.1.png / val_Average = 111.9557	val_Variance = 34.5075	sd = 5.8743	max = 131	min = 94
[20191012_081703 / lib_ip.py:4169] len(Hs) = 8100, len(Ss) = 8100, len(Vs) = 8100
[20191012_081703 / lib_ip.py:4208] blue : variance --> out of range (variance = 34.508 / upper = 0.930 / lower = 0.010)
[20191012_081703 / lib_ip.py:3753] file = img.20191012_081701.2019-10-11_14-14-16_000.jpg.1.png / val_Average = 111.9557	val_Variance = 34.5075	sd = 5.8743	max = 131	min = 94
[20191012_081703 / lib_ip.py:4275] len(Hs) = 8100, len(Ss) = 8100, len(Vs) = 8100
[20191012_081703 / lib_ip.py:4314] pink : variance --> out of range (variance = 34.508 / upper = 0.750 / lower = 0.030)
[20191012_081703 / lib_ip.py:3753] file = img.20191012_081701.2019-10-11_14-14-16_000.jpg.1.png / val_Average = 111.9557	val_Variance = 34.5075	sd = 5.8743	max = 131	min = 94
[20191012_081703 / lib_ip.py:4378] len(Hs) = 8100, len(Ss) = 8100, len(Vs) = 8100
[20191012_081703 / lib_ip.py:4422] black : variance --> out of range (variance = 34.508 / upper = 0.000 / lower = 0.000)
[20191012_081703 / lib_ip.py:4593] file : img.20191012_081701.2019-10-11_14-14-16_000.jpg.1.png 0 (black : variance --> out of range (variance = 34.508 / upper = 0.000 / lower = 0.000))
[20191012_081703 / lib_ip.py:2274] inspecting ===> img.20191012_081701.2019-10-11_14-14-16_000.jpg.2.png
[20191012_081703 / lib_ip.py:4505] 
img.20191012_081701.2019-10-11_14-14-16_000.jpg.2.png 1 ---------------------
[20191012_081703 / lib_ip.py:3753] file = img.20191012_081701.2019-10-11_14-14-16_000.jpg.2.png / val_Average = 113.2099	val_Variance = 127.7461	sd = 11.3025	max = 160	min = 0
[20191012_081703 / lib_ip.py:3836] len(Hs) = 8100, len(Ss) = 8100, len(Vs) = 8100
[20191012_081703 / lib_ip.py:3869] yellow : variance --> out of range (variance = 127.746 / upper = 0.650 / lower = 0.000)
[20191012_081703 / lib_ip.py:3753] file = img.20191012_081701.2019-10-11_14-14-16_000.jpg.2.png / val_Average = 113.2099	val_Variance = 127.7461	sd = 11.3025	max = 160	min = 0
[20191012_081703 / lib_ip.py:3936] len(Hs) = 8100, len(Ss) = 8100, len(Vs) = 8100
[20191012_081704 / lib_ip.py:3982] red : variance --> out of range (variance = 127.746 / upper = 0.430 / lower = 0.000)
[20191012_081704 / lib_ip.py:3753] file = img.20191012_081701.2019-10-11_14-14-16_000.jpg.2.png / val_Average = 113.2099	val_Variance = 127.7461	sd = 11.3025	max = 160	min = 0
[20191012_081704 / lib_ip.py:4052] len(Hs) = 8100, len(Ss) = 8100, len(Vs) = 8100
[20191012_081704 / lib_ip.py:4099] green : variance --> out of range (variance = 127.746 / upper = 0.760 / lower = 0.000)
[20191012_081704 / lib_ip.py:3753] file = img.20191012_081701.2019-10-11_14-14-16_000.jpg.2.png / val_Average = 113.2099	val_Variance = 127.7461	sd = 11.3025	max = 160	min = 0
[20191012_081704 / lib_ip.py:4169] len(Hs) = 8100, len(Ss) = 8100, len(Vs) = 8100
[20191012_081704 / lib_ip.py:4208] blue : variance --> out of range (variance = 127.746 / upper = 0.930 / lower = 0.010)
[20191012_081704 / lib_ip.py:3753] file = img.20191012_081701.2019-10-11_14-14-16_000.jpg.2.png / val_Average = 113.2099	val_Variance = 127.7461	sd = 11.3025	max = 160	min = 0
[20191012_081704 / lib_ip.py:4275] len(Hs) = 8100, len(Ss) = 8100, len(Vs) = 8100
[20191012_081704 / lib_ip.py:4314] pink : variance --> out of range (variance = 127.746 / upper = 0.750 / lower = 0.030)
[20191012_081704 / lib_ip.py:3753] file = img.20191012_081701.2019-10-11_14-14-16_000.jpg.2.png / val_Average = 113.2099	val_Variance = 127.7461	sd = 11.3025	max = 160	min = 0
[20191012_081704 / lib_ip.py:4378] len(Hs) = 8100, len(Ss) = 8100, len(Vs) = 8100
[20191012_081704 / lib_ip.py:4422] black : variance --> out of range (variance = 127.746 / upper = 0.000 / lower = 0.000)
[20191012_081704 / lib_ip.py:4593] file : img.20191012_081701.2019-10-11_14-14-16_000.jpg.2.png 1 (black : variance --> out of range (variance = 127.746 / upper = 0.000 / lower = 0.000))
[20191012_081704 / lib_ip.py:2274] inspecting ===> img.20191012_081701.2019-10-11_14-14-16_000.jpg.3.png
[20191012_081705 / lib_ip.py:4505] 
img.20191012_081701.2019-10-11_14-14-16_000.jpg.3.png 2 ---------------------
[20191012_081705 / lib_ip.py:3753] file = img.20191012_081701.2019-10-11_14-14-16_000.jpg.3.png / val_Average = 108.0538	val_Variance = 4.5317	sd = 2.1288	max = 125	min = 101
[20191012_081705 / lib_ip.py:3836] len(Hs) = 8100, len(Ss) = 8100, len(Vs) = 8100
[20191012_081705 / lib_ip.py:3869] yellow : variance --> out of range (variance = 4.532 / upper = 0.650 / lower = 0.000)
[20191012_081705 / lib_ip.py:3753] file = img.20191012_081701.2019-10-11_14-14-16_000.jpg.3.png / val_Average = 108.0538	val_Variance = 4.5317	sd = 2.1288	max = 125	min = 101
[20191012_081705 / lib_ip.py:3936] len(Hs) = 8100, len(Ss) = 8100, len(Vs) = 8100
[20191012_081705 / lib_ip.py:3982] red : variance --> out of range (variance = 4.532 / upper = 0.430 / lower = 0.000)
[20191012_081705 / lib_ip.py:3753] file = img.20191012_081701.2019-10-11_14-14-16_000.jpg.3.png / val_Average = 108.0538	val_Variance = 4.5317	sd = 2.1288	max = 125	min = 101
[20191012_081705 / lib_ip.py:4052] len(Hs) = 8100, len(Ss) = 8100, len(Vs) = 8100
[20191012_081705 / lib_ip.py:4099] green : variance --> out of range (variance = 4.532 / upper = 0.760 / lower = 0.000)
[20191012_081705 / lib_ip.py:3753] file = img.20191012_081701.2019-10-11_14-14-16_000.jpg.3.png / val_Average = 108.0538	val_Variance = 4.5317	sd = 2.1288	max = 125	min = 101
[20191012_081705 / lib_ip.py:4169] len(Hs) = 8100, len(Ss) = 8100, len(Vs) = 8100
[20191012_081706 / lib_ip.py:4208] blue : variance --> out of range (variance = 4.532 / upper = 0.930 / lower = 0.010)
[20191012_081706 / lib_ip.py:3753] file = img.20191012_081701.2019-10-11_14-14-16_000.jpg.3.png / val_Average = 108.0538	val_Variance = 4.5317	sd = 2.1288	max = 125	min = 101
[20191012_081706 / lib_ip.py:4275] len(Hs) = 8100, len(Ss) = 8100, len(Vs) = 8100
[20191012_081706 / lib_ip.py:4314] pink : variance --> out of range (variance = 4.532 / upper = 0.750 / lower = 0.030)
[20191012_081706 / lib_ip.py:3753] file = img.20191012_081701.2019-10-11_14-14-16_000.jpg.3.png / val_Average = 108.0538	val_Variance = 4.5317	sd = 2.1288	max = 125	min = 101
[20191012_081706 / lib_ip.py:4378] len(Hs) = 8100, len(Ss) = 8100, len(Vs) = 8100
[20191012_081706 / lib_ip.py:4422] black : variance --> out of range (variance = 4.532 / upper = 0.000 / lower = 0.000)
[20191012_081706 / lib_ip.py:4593] file : img.20191012_081701.2019-10-11_14-14-16_000.jpg.3.png 2 (black : variance --> out of range (variance = 4.532 / upper = 0.000 / lower = 0.000))
[20191012_081706 / lib_ip.py:2274] inspecting ===> img.20191012_081701.2019-10-11_14-14-16_000.jpg.4.png
[20191012_081706 / lib_ip.py:4505] 
img.20191012_081701.2019-10-11_14-14-16_000.jpg.4.png 3 ---------------------
[20191012_081706 / lib_ip.py:3753] file = img.20191012_081701.2019-10-11_14-14-16_000.jpg.4.png / val_Average = 120.9111	val_Variance = 0.1775	sd = 0.4213	max = 122	min = 120
[20191012_081706 / lib_ip.py:3836] len(Hs) = 8100, len(Ss) = 8100, len(Vs) = 8100
[20191012_081706 / lib_ip.py:3891] yellow : average --> out of range (average = 120.911 / upper = 99.200 / lower = 85.500)
[20191012_081706 / lib_ip.py:3753] file = img.20191012_081701.2019-10-11_14-14-16_000.jpg.4.png / val_Average = 120.9111	val_Variance = 0.1775	sd = 0.4213	max = 122	min = 120
[20191012_081706 / lib_ip.py:3936] len(Hs) = 8100, len(Ss) = 8100, len(Vs) = 8100
[20191012_081706 / lib_ip.py:2274] inspecting ===> img.20191012_081701.2019-10-11_14-14-16_000.jpg.4.png
img.20191012_081701.2019-10-11_14-14-16_000.jpg.1.png => other
img.20191012_081701.2019-10-11_14-14-16_000.jpg.2.png => other
img.20191012_081701.2019-10-11_14-14-16_000.jpg.3.png => other
img.20191012_081701.2019-10-11_14-14-16_000.jpg.4.png => other
[20191012_081707 lib_ip.py:3301] =============== Get 4 corners
dpath_Images = C:\WORKS_2\WS\WS_Others.Art\JVEMV6\46_art\VIRTUAL\Admin_Projects\ip\images
fname_Image = img.20191012_081701.2019-10-11_14-14-16_000.jpg.4.png

[20191012_081708 / lib_ip.py:2274] inspecting ===> img.20191012_081707.2019-10-11_14-14-44_000.jpg.1.png
[20191012_081708 / lib_ip.py:4505] 
img.20191012_081707.2019-10-11_14-14-44_000.jpg.1.png 0 ---------------------
[20191012_081708 / lib_ip.py:3753] file = img.20191012_081707.2019-10-11_14-14-44_000.jpg.1.png / val_Average = 108.0249	val_Variance = 2.4927	sd = 1.5788	max = 117	min = 101
[20191012_081708 / lib_ip.py:3836] len(Hs) = 8100, len(Ss) = 8100, len(Vs) = 8100
[20191012_081708 / lib_ip.py:3869] yellow : variance --> out of range (variance = 2.493 / upper = 0.650 / lower = 0.000)
[20191012_081708 / lib_ip.py:3753] file = img.20191012_081707.2019-10-11_14-14-44_000.jpg.1.png / val_Average = 108.0249	val_Variance = 2.4927	sd = 1.5788	max = 117	min = 101
[20191012_081708 / lib_ip.py:3936] len(Hs) = 8100, len(Ss) = 8100, len(Vs) = 8100
[20191012_081708 / lib_ip.py:3982] red : variance --> out of range (variance = 2.493 / upper = 0.430 / lower = 0.000)
[20191012_081708 / lib_ip.py:3753] file = img.20191012_081707.2019-10-11_14-14-44_000.jpg.1.png / val_Average = 108.0249	val_Variance = 2.4927	sd = 1.5788	max = 117	min = 101
[20191012_081708 / lib_ip.py:4052] len(Hs) = 8100, len(Ss) = 8100, len(Vs) = 8100
[20191012_081708 / lib_ip.py:4099] green : variance --> out of range (variance = 2.493 / upper = 0.760 / lower = 0.000)
[20191012_081708 / lib_ip.py:3753] file = img.20191012_081707.2019-10-11_14-14-44_000.jpg.1.png / val_Average = 108.0249	val_Variance = 2.4927	sd = 1.5788	max = 117	min = 101
[20191012_081708 / lib_ip.py:4169] len(Hs) = 8100, len(Ss) = 8100, len(Vs) = 8100
[20191012_081708 / lib_ip.py:4208] blue : variance --> out of range (variance = 2.493 / upper = 0.930 / lower = 0.010)
[20191012_081709 / lib_ip.py:3753] file = img.20191012_081707.2019-10-11_14-14-44_000.jpg.1.png / val_Average = 108.0249	val_Variance = 2.4927	sd = 1.5788	max = 117	min = 101
[20191012_081709 / lib_ip.py:4275] len(Hs) = 8100, len(Ss) = 8100, len(Vs) = 8100
[20191012_081709 / lib_ip.py:4314] pink : variance --> out of range (variance = 2.493 / upper = 0.750 / lower = 0.030)
[20191012_081709 / lib_ip.py:3753] file = img.20191012_081707.2019-10-11_14-14-44_000.jpg.1.png / val_Average = 108.0249	val_Variance = 2.4927	sd = 1.5788	max = 117	min = 101
[20191012_081709 / lib_ip.py:4378] len(Hs) = 8100, len(Ss) = 8100, len(Vs) = 8100
[20191012_081709 / lib_ip.py:4422] black : variance --> out of range (variance = 2.493 / upper = 0.000 / lower = 0.000)
[20191012_081709 / lib_ip.py:4593] file : img.20191012_081707.2019-10-11_14-14-44_000.jpg.1.png 0 (black : variance --> out of range (variance = 2.493 / upper = 0.000 / lower = 0.000))
[20191012_081709 / lib_ip.py:2274] inspecting ===> img.20191012_081707.2019-10-11_14-14-44_000.jpg.2.png
[20191012_081709 / lib_ip.py:4505] 
img.20191012_081707.2019-10-11_14-14-44_000.jpg.2.png 1 ---------------------
[20191012_081709 / lib_ip.py:3753] file = img.20191012_081707.2019-10-11_14-14-44_000.jpg.2.png / val_Average = 111.3226	val_Variance = 62.4783	sd = 7.9043	max = 168	min = 0
[20191012_081709 / lib_ip.py:3836] len(Hs) = 8100, len(Ss) = 8100, len(Vs) = 8100
[20191012_081709 / lib_ip.py:3869] yellow : variance --> out of range (variance = 62.478 / upper = 0.650 / lower = 0.000)
[20191012_081710 / lib_ip.py:3753] file = img.20191012_081707.2019-10-11_14-14-44_000.jpg.2.png / val_Average = 111.3226	val_Variance = 62.4783	sd = 7.9043	max = 168	min = 0
[20191012_081710 / lib_ip.py:3936] len(Hs) = 8100, len(Ss) = 8100, len(Vs) = 8100
[20191012_081710 / lib_ip.py:3982] red : variance --> out of range (variance = 62.478 / upper = 0.430 / lower = 0.000)
[20191012_081710 / lib_ip.py:3753] file = img.20191012_081707.2019-10-11_14-14-44_000.jpg.2.png / val_Average = 111.3226	val_Variance = 62.4783	sd = 7.9043	max = 168	min = 0
[20191012_081710 / lib_ip.py:4052] len(Hs) = 8100, len(Ss) = 8100, len(Vs) = 8100
[20191012_081710 / lib_ip.py:4099] green : variance --> out of range (variance = 62.478 / upper = 0.760 / lower = 0.000)
[20191012_081710 / lib_ip.py:3753] file = img.20191012_081707.2019-10-11_14-14-44_000.jpg.2.png / val_Average = 111.3226	val_Variance = 62.4783	sd = 7.9043	max = 168	min = 0
[20191012_081710 / lib_ip.py:4169] len(Hs) = 8100, len(Ss) = 8100, len(Vs) = 8100
[20191012_081710 / lib_ip.py:4208] blue : variance --> out of range (variance = 62.478 / upper = 0.930 / lower = 0.010)
[20191012_081710 / lib_ip.py:3753] file = img.20191012_081707.2019-10-11_14-14-44_000.jpg.2.png / val_Average = 111.3226	val_Variance = 62.4783	sd = 7.9043	max = 168	min = 0
[20191012_081710 / lib_ip.py:4275] len(Hs) = 8100, len(Ss) = 8100, len(Vs) = 8100
[20191012_081710 / lib_ip.py:4314] pink : variance --> out of range (variance = 62.478 / upper = 0.750 / lower = 0.030)
[20191012_081710 / lib_ip.py:3753] file = img.20191012_081707.2019-10-11_14-14-44_000.jpg.2.png / val_Average = 111.3226	val_Variance = 62.4783	sd = 7.9043	max = 168	min = 0
[20191012_081710 / lib_ip.py:4378] len(Hs) = 8100, len(Ss) = 8100, len(Vs) = 8100
[20191012_081710 / lib_ip.py:4422] black : variance --> out of range (variance = 62.478 / upper = 0.000 / lower = 0.000)
[20191012_081710 / lib_ip.py:4593] file : img.20191012_081707.2019-10-11_14-14-44_000.jpg.2.png 1 (black : variance --> out of range (variance = 62.478 / upper = 0.000 / lower = 0.000))
[20191012_081710 / lib_ip.py:2274] inspecting ===> img.20191012_081707.2019-10-11_14-14-44_000.jpg.3.png
[20191012_081711 / lib_ip.py:4505] 
img.20191012_081707.2019-10-11_14-14-44_000.jpg.3.png 2 ---------------------
[20191012_081711 / lib_ip.py:3753] file = img.20191012_081707.2019-10-11_14-14-44_000.jpg.3.png / val_Average = 112.0549	val_Variance = 10.7524	sd = 3.2791	max = 123	min = 99
[20191012_081711 / lib_ip.py:3836] len(Hs) = 8100, len(Ss) = 8100, len(Vs) = 8100
[20191012_081711 / lib_ip.py:3869] yellow : variance --> out of range (variance = 10.752 / upper = 0.650 / lower = 0.000)
[20191012_081711 / lib_ip.py:3753] file = img.20191012_081707.2019-10-11_14-14-44_000.jpg.3.png / val_Average = 112.0549	val_Variance = 10.7524	sd = 3.2791	max = 123	min = 99
[20191012_081711 / lib_ip.py:3936] len(Hs) = 8100, len(Ss) = 8100, len(Vs) = 8100
[20191012_081711 / lib_ip.py:3982] red : variance --> out of range (variance = 10.752 / upper = 0.430 / lower = 0.000)
[20191012_081711 / lib_ip.py:3753] file = img.20191012_081707.2019-10-11_14-14-44_000.jpg.3.png / val_Average = 112.0549	val_Variance = 10.7524	sd = 3.2791	max = 123	min = 99
[20191012_081711 / lib_ip.py:4052] len(Hs) = 8100, len(Ss) = 8100, len(Vs) = 8100
[20191012_081711 / lib_ip.py:4099] green : variance --> out of range (variance = 10.752 / upper = 0.760 / lower = 0.000)
[20191012_081711 / lib_ip.py:3753] file = img.20191012_081707.2019-10-11_14-14-44_000.jpg.3.png / val_Average = 112.0549	val_Variance = 10.7524	sd = 3.2791	max = 123	min = 99
[20191012_081711 / lib_ip.py:4169] len(Hs) = 8100, len(Ss) = 8100, len(Vs) = 8100
[20191012_081711 / lib_ip.py:4208] blue : variance --> out of range (variance = 10.752 / upper = 0.930 / lower = 0.010)
[20191012_081711 / lib_ip.py:3753] file = img.20191012_081707.2019-10-11_14-14-44_000.jpg.3.png / val_Average = 112.0549	val_Variance = 10.7524	sd = 3.2791	max = 123	min = 99
[20191012_081711 / lib_ip.py:4275] len(Hs) = 8100, len(Ss) = 8100, len(Vs) = 8100
[20191012_081711 / lib_ip.py:4314] pink : variance --> out of range (variance = 10.752 / upper = 0.750 / lower = 0.030)
[20191012_081712 / lib_ip.py:3753] file = img.20191012_081707.2019-10-11_14-14-44_000.jpg.3.png / val_Average = 112.0549	val_Variance = 10.7524	sd = 3.2791	max = 123	min = 99
[20191012_081712 / lib_ip.py:4378] len(Hs) = 8100, len(Ss) = 8100, len(Vs) = 8100
[20191012_081712 / lib_ip.py:4422] black : variance --> out of range (variance = 10.752 / upper = 0.000 / lower = 0.000)
[20191012_081712 / lib_ip.py:4593] file : img.20191012_081707.2019-10-11_14-14-44_000.jpg.3.png 2 (black : variance --> out of range (variance = 10.752 / upper = 0.000 / lower = 0.000))
[20191012_081712 / lib_ip.py:2274] inspecting ===> img.20191012_081707.2019-10-11_14-14-44_000.jpg.4.png
[20191012_081712 / lib_ip.py:4505] 
img.20191012_081707.2019-10-11_14-14-44_000.jpg.4.png 3 ---------------------
[20191012_081712 / lib_ip.py:3753] file = img.20191012_081707.2019-10-11_14-14-44_000.jpg.4.png / val_Average = 120.6878	val_Variance = 0.2819	sd = 0.5309	max = 122	min = 120
[20191012_081712 / lib_ip.py:3836] len(Hs) = 8100, len(Ss) = 8100, len(Vs) = 8100
[20191012_081712 / lib_ip.py:3891] yellow : average --> out of range (average = 120.688 / upper = 99.200 / lower = 85.500)
[20191012_081713 / lib_ip.py:3753] file = img.20191012_081707.2019-10-11_14-14-44_000.jpg.4.png / val_Average = 120.6878	val_Variance = 0.2819	sd = 0.5309	max = 122	min = 120
[20191012_081713 / lib_ip.py:3936] len(Hs) = 8100, len(Ss) = 8100, len(Vs) = 8100
[20191012_081712 / lib_ip.py:2274] inspecting ===> img.20191012_081707.2019-10-11_14-14-44_000.jpg.4.png
img.20191012_081707.2019-10-11_14-14-44_000.jpg.1.png => other
img.20191012_081707.2019-10-11_14-14-44_000.jpg.2.png => other
img.20191012_081707.2019-10-11_14-14-44_000.jpg.3.png => other
img.20191012_081707.2019-10-11_14-14-44_000.jpg.4.png => other
[20191012_081713 lib_ip.py:3301] =============== Get 4 corners
dpath_Images = C:\WORKS_2\WS\WS_Others.Art\JVEMV6\46_art\VIRTUAL\Admin_Projects\ip\images
fname_Image = img.20191012_081707.2019-10-11_14-14-44_000.jpg.4.png

[20191012_081713 / lib_ip.py:2274] inspecting ===> img.20191012_081713.2019-10-11_14-14-58_000.jpg.1.png
[20191012_081714 / lib_ip.py:4505] 
img.20191012_081713.2019-10-11_14-14-58_000.jpg.1.png 0 ---------------------
[20191012_081714 / lib_ip.py:3753] file = img.20191012_081713.2019-10-11_14-14-58_000.jpg.1.png / val_Average = 109.7390	val_Variance = 4.6000	sd = 2.1448	max = 120	min = 102
[20191012_081714 / lib_ip.py:3836] len(Hs) = 8100, len(Ss) = 8100, len(Vs) = 8100
[20191012_081714 / lib_ip.py:3869] yellow : variance --> out of range (variance = 4.600 / upper = 0.650 / lower = 0.000)
[20191012_081714 / lib_ip.py:3753] file = img.20191012_081713.2019-10-11_14-14-58_000.jpg.1.png / val_Average = 109.7390	val_Variance = 4.6000	sd = 2.1448	max = 120	min = 102
[20191012_081714 / lib_ip.py:3936] len(Hs) = 8100, len(Ss) = 8100, len(Vs) = 8100
[20191012_081714 / lib_ip.py:3982] red : variance --> out of range (variance = 4.600 / upper = 0.430 / lower = 0.000)
[20191012_081714 / lib_ip.py:3753] file = img.20191012_081713.2019-10-11_14-14-58_000.jpg.1.png / val_Average = 109.7390	val_Variance = 4.6000	sd = 2.1448	max = 120	min = 102
[20191012_081714 / lib_ip.py:4052] len(Hs) = 8100, len(Ss) = 8100, len(Vs) = 8100
[20191012_081714 / lib_ip.py:4099] green : variance --> out of range (variance = 4.600 / upper = 0.760 / lower = 0.000)
[20191012_081714 / lib_ip.py:3753] file = img.20191012_081713.2019-10-11_14-14-58_000.jpg.1.png / val_Average = 109.7390	val_Variance = 4.6000	sd = 2.1448	max = 120	min = 102
[20191012_081715 / lib_ip.py:4169] len(Hs) = 8100, len(Ss) = 8100, len(Vs) = 8100
[20191012_081715 / lib_ip.py:4208] blue : variance --> out of range (variance = 4.600 / upper = 0.930 / lower = 0.010)
[20191012_081715 / lib_ip.py:3753] file = img.20191012_081713.2019-10-11_14-14-58_000.jpg.1.png / val_Average = 109.7390	val_Variance = 4.6000	sd = 2.1448	max = 120	min = 102
[20191012_081715 / lib_ip.py:4275] len(Hs) = 8100, len(Ss) = 8100, len(Vs) = 8100
[20191012_081715 / lib_ip.py:4314] pink : variance --> out of range (variance = 4.600 / upper = 0.750 / lower = 0.030)
[20191012_081715 / lib_ip.py:3753] file = img.20191012_081713.2019-10-11_14-14-58_000.jpg.1.png / val_Average = 109.7390	val_Variance = 4.6000	sd = 2.1448	max = 120	min = 102
[20191012_081715 / lib_ip.py:4378] len(Hs) = 8100, len(Ss) = 8100, len(Vs) = 8100
[20191012_081715 / lib_ip.py:4422] black : variance --> out of range (variance = 4.600 / upper = 0.000 / lower = 0.000)
[20191012_081715 / lib_ip.py:4593] file : img.20191012_081713.2019-10-11_14-14-58_000.jpg.1.png 0 (black : variance --> out of range (variance = 4.600 / upper = 0.000 / lower = 0.000))
[20191012_081715 / lib_ip.py:2274] inspecting ===> img.20191012_081713.2019-10-11_14-14-58_000.jpg.2.png
[20191012_081715 / lib_ip.py:4505] 
img.20191012_081713.2019-10-11_14-14-58_000.jpg.2.png 1 ---------------------
[20191012_081715 / lib_ip.py:3753] file = img.20191012_081713.2019-10-11_14-14-58_000.jpg.2.png / val_Average = 113.2195	val_Variance = 39.7652	sd = 6.3060	max = 160	min = 90
[20191012_081715 / lib_ip.py:3836] len(Hs) = 8100, len(Ss) = 8100, len(Vs) = 8100
[20191012_081716 / lib_ip.py:3869] yellow : variance --> out of range (variance = 39.765 / upper = 0.650 / lower = 0.000)
[20191012_081716 / lib_ip.py:3753] file = img.20191012_081713.2019-10-11_14-14-58_000.jpg.2.png / val_Average = 113.2195	val_Variance = 39.7652	sd = 6.3060	max = 160	min = 90
[20191012_081716 / lib_ip.py:3936] len(Hs) = 8100, len(Ss) = 8100, len(Vs) = 8100
[20191012_081716 / lib_ip.py:3982] red : variance --> out of range (variance = 39.765 / upper = 0.430 / lower = 0.000)
[20191012_081716 / lib_ip.py:3753] file = img.20191012_081713.2019-10-11_14-14-58_000.jpg.2.png / val_Average = 113.2195	val_Variance = 39.7652	sd = 6.3060	max = 160	min = 90
[20191012_081716 / lib_ip.py:4052] len(Hs) = 8100, len(Ss) = 8100, len(Vs) = 8100
[20191012_081716 / lib_ip.py:4099] green : variance --> out of range (variance = 39.765 / upper = 0.760 / lower = 0.000)
[20191012_081716 / lib_ip.py:3753] file = img.20191012_081713.2019-10-11_14-14-58_000.jpg.2.png / val_Average = 113.2195	val_Variance = 39.7652	sd = 6.3060	max = 160	min = 90
[20191012_081716 / lib_ip.py:4169] len(Hs) = 8100, len(Ss) = 8100, len(Vs) = 8100
[20191012_081716 / lib_ip.py:4208] blue : variance --> out of range (variance = 39.765 / upper = 0.930 / lower = 0.010)
[20191012_081716 / lib_ip.py:3753] file = img.20191012_081713.2019-10-11_14-14-58_000.jpg.2.png / val_Average = 113.2195	val_Variance = 39.7652	sd = 6.3060	max = 160	min = 90
[20191012_081716 / lib_ip.py:4275] len(Hs) = 8100, len(Ss) = 8100, len(Vs) = 8100
[20191012_081716 / lib_ip.py:4314] pink : variance --> out of range (variance = 39.765 / upper = 0.750 / lower = 0.030)
[20191012_081716 / lib_ip.py:3753] file = img.20191012_081713.2019-10-11_14-14-58_000.jpg.2.png / val_Average = 113.2195	val_Variance = 39.7652	sd = 6.3060	max = 160	min = 90
[20191012_081716 / lib_ip.py:4378] len(Hs) = 8100, len(Ss) = 8100, len(Vs) = 8100
[20191012_081716 / lib_ip.py:4422] black : variance --> out of range (variance = 39.765 / upper = 0.000 / lower = 0.000)
[20191012_081716 / lib_ip.py:4593] file : img.20191012_081713.2019-10-11_14-14-58_000.jpg.2.png 1 (black : variance --> out of range (variance = 39.765 / upper = 0.000 / lower = 0.000))
[20191012_081716 / lib_ip.py:2274] inspecting ===> img.20191012_081713.2019-10-11_14-14-58_000.jpg.3.png
[20191012_081717 / lib_ip.py:4505] 
img.20191012_081713.2019-10-11_14-14-58_000.jpg.3.png 2 ---------------------
[20191012_081717 / lib_ip.py:3753] file = img.20191012_081713.2019-10-11_14-14-58_000.jpg.3.png / val_Average = 110.5625	val_Variance = 13.7607	sd = 3.7095	max = 120	min = 99
[20191012_081717 / lib_ip.py:3836] len(Hs) = 8100, len(Ss) = 8100, len(Vs) = 8100
[20191012_081717 / lib_ip.py:3869] yellow : variance --> out of range (variance = 13.761 / upper = 0.650 / lower = 0.000)
[20191012_081717 / lib_ip.py:3753] file = img.20191012_081713.2019-10-11_14-14-58_000.jpg.3.png / val_Average = 110.5625	val_Variance = 13.7607	sd = 3.7095	max = 120	min = 99
[20191012_081717 / lib_ip.py:3936] len(Hs) = 8100, len(Ss) = 8100, len(Vs) = 8100
[20191012_081717 / lib_ip.py:3982] red : variance --> out of range (variance = 13.761 / upper = 0.430 / lower = 0.000)
[20191012_081717 / lib_ip.py:3753] file = img.20191012_081713.2019-10-11_14-14-58_000.jpg.3.png / val_Average = 110.5625	val_Variance = 13.7607	sd = 3.7095	max = 120	min = 99
[20191012_081717 / lib_ip.py:4052] len(Hs) = 8100, len(Ss) = 8100, len(Vs) = 8100
[20191012_081717 / lib_ip.py:4099] green : variance --> out of range (variance = 13.761 / upper = 0.760 / lower = 0.000)
[20191012_081717 / lib_ip.py:3753] file = img.20191012_081713.2019-10-11_14-14-58_000.jpg.3.png / val_Average = 110.5625	val_Variance = 13.7607	sd = 3.7095	max = 120	min = 99
[20191012_081717 / lib_ip.py:4169] len(Hs) = 8100, len(Ss) = 8100, len(Vs) = 8100
[20191012_081717 / lib_ip.py:4208] blue : variance --> out of range (variance = 13.761 / upper = 0.930 / lower = 0.010)
[20191012_081718 / lib_ip.py:3753] file = img.20191012_081713.2019-10-11_14-14-58_000.jpg.3.png / val_Average = 110.5625	val_Variance = 13.7607	sd = 3.7095	max = 120	min = 99
[20191012_081718 / lib_ip.py:4275] len(Hs) = 8100, len(Ss) = 8100, len(Vs) = 8100
[20191012_081718 / lib_ip.py:4314] pink : variance --> out of range (variance = 13.761 / upper = 0.750 / lower = 0.030)
[20191012_081718 / lib_ip.py:3753] file = img.20191012_081713.2019-10-11_14-14-58_000.jpg.3.png / val_Average = 110.5625	val_Variance = 13.7607	sd = 3.7095	max = 120	min = 99
[20191012_081718 / lib_ip.py:4378] len(Hs) = 8100, len(Ss) = 8100, len(Vs) = 8100
[20191012_081718 / lib_ip.py:4422] black : variance --> out of range (variance = 13.761 / upper = 0.000 / lower = 0.000)
[20191012_081718 / lib_ip.py:4593] file : img.20191012_081713.2019-10-11_14-14-58_000.jpg.3.png 2 (black : variance --> out of range (variance = 13.761 / upper = 0.000 / lower = 0.000))
[20191012_081718 / lib_ip.py:2274] inspecting ===> img.20191012_081713.2019-10-11_14-14-58_000.jpg.4.png
[20191012_081718 / lib_ip.py:4505] 
img.20191012_081713.2019-10-11_14-14-58_000.jpg.4.png 3 ---------------------
[20191012_081718 / lib_ip.py:3753] file = img.20191012_081713.2019-10-11_14-14-58_000.jpg.4.png / val_Average = 120.8715	val_Variance = 0.1243	sd = 0.3526	max = 122	min = 120
[20191012_081718 / lib_ip.py:3836] len(Hs) = 8100, len(Ss) = 8100, len(Vs) = 8100
[20191012_081718 / lib_ip.py:3891] yellow : average --> out of range (average = 120.871 / upper = 99.200 / lower = 85.500)
[20191012_081718 / lib_ip.py:3753] file = img.20191012_081713.2019-10-11_14-14-58_000.jpg.4.png / val_Average = 120.8715	val_Variance = 0.1243	sd = 0.3526	max = 122	min = 120
[20191012_081718 / lib_ip.py:3936] len(Hs) = 8100, len(Ss) = 8100, len(Vs) = 8100
[20191012_081718 / lib_ip.py:2274] inspecting ===> img.20191012_081713.2019-10-11_14-14-58_000.jpg.4.png
img.20191012_081713.2019-10-11_14-14-58_000.jpg.1.png => other
img.20191012_081713.2019-10-11_14-14-58_000.jpg.2.png => other
img.20191012_081713.2019-10-11_14-14-58_000.jpg.3.png => other
img.20191012_081713.2019-10-11_14-14-58_000.jpg.4.png => other
[20191012_081718 lib_ip.py:3301] =============== Get 4 corners
dpath_Images = C:\WORKS_2\WS\WS_Others.Art\JVEMV6\46_art\VIRTUAL\Admin_Projects\ip\images
fname_Image = img.20191012_081713.2019-10-11_14-14-58_000.jpg.4.png

[20191012_081719 / lib_ip.py:2274] inspecting ===> img.20191012_081719.2019-10-11_14-15-16_000.jpg.1.png
[20191012_081719 / lib_ip.py:4505] 
img.20191012_081719.2019-10-11_14-15-16_000.jpg.1.png 0 ---------------------
[20191012_081720 / lib_ip.py:3753] file = img.20191012_081719.2019-10-11_14-15-16_000.jpg.1.png / val_Average = 115.5272	val_Variance = 20.7712	sd = 4.5575	max = 140	min = 101
[20191012_081720 / lib_ip.py:3836] len(Hs) = 8100, len(Ss) = 8100, len(Vs) = 8100
[20191012_081720 / lib_ip.py:3869] yellow : variance --> out of range (variance = 20.771 / upper = 0.650 / lower = 0.000)
[20191012_081720 / lib_ip.py:3753] file = img.20191012_081719.2019-10-11_14-15-16_000.jpg.1.png / val_Average = 115.5272	val_Variance = 20.7712	sd = 4.5575	max = 140	min = 101
[20191012_081720 / lib_ip.py:3936] len(Hs) = 8100, len(Ss) = 8100, len(Vs) = 8100
[20191012_081720 / lib_ip.py:3982] red : variance --> out of range (variance = 20.771 / upper = 0.430 / lower = 0.000)
[20191012_081720 / lib_ip.py:3753] file = img.20191012_081719.2019-10-11_14-15-16_000.jpg.1.png / val_Average = 115.5272	val_Variance = 20.7712	sd = 4.5575	max = 140	min = 101
[20191012_081720 / lib_ip.py:4052] len(Hs) = 8100, len(Ss) = 8100, len(Vs) = 8100
[20191012_081720 / lib_ip.py:4099] green : variance --> out of range (variance = 20.771 / upper = 0.760 / lower = 0.000)
[20191012_081720 / lib_ip.py:3753] file = img.20191012_081719.2019-10-11_14-15-16_000.jpg.1.png / val_Average = 115.5272	val_Variance = 20.7712	sd = 4.5575	max = 140	min = 101
[20191012_081720 / lib_ip.py:4169] len(Hs) = 8100, len(Ss) = 8100, len(Vs) = 8100
[20191012_081720 / lib_ip.py:4208] blue : variance --> out of range (variance = 20.771 / upper = 0.930 / lower = 0.010)
[20191012_081720 / lib_ip.py:3753] file = img.20191012_081719.2019-10-11_14-15-16_000.jpg.1.png / val_Average = 115.5272	val_Variance = 20.7712	sd = 4.5575	max = 140	min = 101
[20191012_081720 / lib_ip.py:4275] len(Hs) = 8100, len(Ss) = 8100, len(Vs) = 8100
[20191012_081720 / lib_ip.py:4314] pink : variance --> out of range (variance = 20.771 / upper = 0.750 / lower = 0.030)
[20191012_081721 / lib_ip.py:3753] file = img.20191012_081719.2019-10-11_14-15-16_000.jpg.1.png / val_Average = 115.5272	val_Variance = 20.7712	sd = 4.5575	max = 140	min = 101
[20191012_081721 / lib_ip.py:4378] len(Hs) = 8100, len(Ss) = 8100, len(Vs) = 8100
[20191012_081721 / lib_ip.py:4422] black : variance --> out of range (variance = 20.771 / upper = 0.000 / lower = 0.000)
[20191012_081721 / lib_ip.py:4593] file : img.20191012_081719.2019-10-11_14-15-16_000.jpg.1.png 0 (black : variance --> out of range (variance = 20.771 / upper = 0.000 / lower = 0.000))
[20191012_081721 / lib_ip.py:2274] inspecting ===> img.20191012_081719.2019-10-11_14-15-16_000.jpg.2.png
[20191012_081721 / lib_ip.py:4505] 
img.20191012_081719.2019-10-11_14-15-16_000.jpg.2.png 1 ---------------------
[20191012_081721 / lib_ip.py:3753] file = img.20191012_081719.2019-10-11_14-15-16_000.jpg.2.png / val_Average = 81.7010	val_Variance = 2592.9084	sd = 50.9206	max = 174	min = 0
[20191012_081721 / lib_ip.py:3836] len(Hs) = 8100, len(Ss) = 8100, len(Vs) = 8100
[20191012_081721 / lib_ip.py:3869] yellow : variance --> out of range (variance = 2592.908 / upper = 0.650 / lower = 0.000)
[20191012_081721 / lib_ip.py:3753] file = img.20191012_081719.2019-10-11_14-15-16_000.jpg.2.png / val_Average = 81.7010	val_Variance = 2592.9084	sd = 50.9206	max = 174	min = 0
[20191012_081721 / lib_ip.py:3936] len(Hs) = 8100, len(Ss) = 8100, len(Vs) = 8100
[20191012_081721 / lib_ip.py:3982] red : variance --> out of range (variance = 2592.908 / upper = 0.430 / lower = 0.000)
[20191012_081721 / lib_ip.py:3753] file = img.20191012_081719.2019-10-11_14-15-16_000.jpg.2.png / val_Average = 81.7010	val_Variance = 2592.9084	sd = 50.9206	max = 174	min = 0
[20191012_081721 / lib_ip.py:4052] len(Hs) = 8100, len(Ss) = 8100, len(Vs) = 8100
[20191012_081722 / lib_ip.py:4099] green : variance --> out of range (variance = 2592.908 / upper = 0.760 / lower = 0.000)
[20191012_081722 / lib_ip.py:3753] file = img.20191012_081719.2019-10-11_14-15-16_000.jpg.2.png / val_Average = 81.7010	val_Variance = 2592.9084	sd = 50.9206	max = 174	min = 0
[20191012_081722 / lib_ip.py:4169] len(Hs) = 8100, len(Ss) = 8100, len(Vs) = 8100
[20191012_081722 / lib_ip.py:4208] blue : variance --> out of range (variance = 2592.908 / upper = 0.930 / lower = 0.010)
[20191012_081722 / lib_ip.py:3753] file = img.20191012_081719.2019-10-11_14-15-16_000.jpg.2.png / val_Average = 81.7010	val_Variance = 2592.9084	sd = 50.9206	max = 174	min = 0
[20191012_081722 / lib_ip.py:4275] len(Hs) = 8100, len(Ss) = 8100, len(Vs) = 8100
[20191012_081722 / lib_ip.py:4314] pink : variance --> out of range (variance = 2592.908 / upper = 0.750 / lower = 0.030)
[20191012_081722 / lib_ip.py:3753] file = img.20191012_081719.2019-10-11_14-15-16_000.jpg.2.png / val_Average = 81.7010	val_Variance = 2592.9084	sd = 50.9206	max = 174	min = 0
[20191012_081722 / lib_ip.py:4378] len(Hs) = 8100, len(Ss) = 8100, len(Vs) = 8100
[20191012_081722 / lib_ip.py:4422] black : variance --> out of range (variance = 2592.908 / upper = 0.000 / lower = 0.000)
[20191012_081722 / lib_ip.py:4593] file : img.20191012_081719.2019-10-11_14-15-16_000.jpg.2.png 1 (black : variance --> out of range (variance = 2592.908 / upper = 0.000 / lower = 0.000))
[20191012_081722 / lib_ip.py:2274] inspecting ===> img.20191012_081719.2019-10-11_14-15-16_000.jpg.3.png
[20191012_081723 / lib_ip.py:4505] 
img.20191012_081719.2019-10-11_14-15-16_000.jpg.3.png 2 ---------------------
[20191012_081723 / lib_ip.py:3753] file = img.20191012_081719.2019-10-11_14-15-16_000.jpg.3.png / val_Average = 108.1575	val_Variance = 2.4927	sd = 1.5788	max = 115	min = 99
[20191012_081723 / lib_ip.py:3836] len(Hs) = 8100, len(Ss) = 8100, len(Vs) = 8100
[20191012_081723 / lib_ip.py:3869] yellow : variance --> out of range (variance = 2.493 / upper = 0.650 / lower = 0.000)
[20191012_081723 / lib_ip.py:3753] file = img.20191012_081719.2019-10-11_14-15-16_000.jpg.3.png / val_Average = 108.1575	val_Variance = 2.4927	sd = 1.5788	max = 115	min = 99
[20191012_081723 / lib_ip.py:3936] len(Hs) = 8100, len(Ss) = 8100, len(Vs) = 8100
[20191012_081723 / lib_ip.py:3982] red : variance --> out of range (variance = 2.493 / upper = 0.430 / lower = 0.000)
[20191012_081723 / lib_ip.py:3753] file = img.20191012_081719.2019-10-11_14-15-16_000.jpg.3.png / val_Average = 108.1575	val_Variance = 2.4927	sd = 1.5788	max = 115	min = 99
[20191012_081723 / lib_ip.py:4052] len(Hs) = 8100, len(Ss) = 8100, len(Vs) = 8100
[20191012_081723 / lib_ip.py:4099] green : variance --> out of range (variance = 2.493 / upper = 0.760 / lower = 0.000)
[20191012_081724 / lib_ip.py:3753] file = img.20191012_081719.2019-10-11_14-15-16_000.jpg.3.png / val_Average = 108.1575	val_Variance = 2.4927	sd = 1.5788	max = 115	min = 99
[20191012_081724 / lib_ip.py:4169] len(Hs) = 8100, len(Ss) = 8100, len(Vs) = 8100
[20191012_081724 / lib_ip.py:4208] blue : variance --> out of range (variance = 2.493 / upper = 0.930 / lower = 0.010)
[20191012_081724 / lib_ip.py:3753] file = img.20191012_081719.2019-10-11_14-15-16_000.jpg.3.png / val_Average = 108.1575	val_Variance = 2.4927	sd = 1.5788	max = 115	min = 99
[20191012_081724 / lib_ip.py:4275] len(Hs) = 8100, len(Ss) = 8100, len(Vs) = 8100
[20191012_081724 / lib_ip.py:4314] pink : variance --> out of range (variance = 2.493 / upper = 0.750 / lower = 0.030)
[20191012_081724 / lib_ip.py:3753] file = img.20191012_081719.2019-10-11_14-15-16_000.jpg.3.png / val_Average = 108.1575	val_Variance = 2.4927	sd = 1.5788	max = 115	min = 99
[20191012_081724 / lib_ip.py:4378] len(Hs) = 8100, len(Ss) = 8100, len(Vs) = 8100
[20191012_081724 / lib_ip.py:4422] black : variance --> out of range (variance = 2.493 / upper = 0.000 / lower = 0.000)
[20191012_081724 / lib_ip.py:4593] file : img.20191012_081719.2019-10-11_14-15-16_000.jpg.3.png 2 (black : variance --> out of range (variance = 2.493 / upper = 0.000 / lower = 0.000))
[20191012_081724 / lib_ip.py:2274] inspecting ===> img.20191012_081719.2019-10-11_14-15-16_000.jpg.4.png
[20191012_081724 / lib_ip.py:4505] 
img.20191012_081719.2019-10-11_14-15-16_000.jpg.4.png 3 ---------------------
[20191012_081725 / lib_ip.py:3753] file = img.20191012_081719.2019-10-11_14-15-16_000.jpg.4.png / val_Average = 121.0051	val_Variance = 0.0828	sd = 0.2878	max = 122	min = 120
[20191012_081725 / lib_ip.py:3836] len(Hs) = 8100, len(Ss) = 8100, len(Vs) = 8100
[20191012_081725 / lib_ip.py:3891] yellow : average --> out of range (average = 121.005 / upper = 99.200 / lower = 85.500)
[20191012_081725 / lib_ip.py:3753] file = img.20191012_081719.2019-10-11_14-15-16_000.jpg.4.png / val_Average = 121.0051	val_Variance = 0.0828	sd = 0.2878	max = 122	min = 120
[20191012_081725 / lib_ip.py:3936] len(Hs) = 8100, len(Ss) = 8100, len(Vs) = 8100
[20191012_081724 / lib_ip.py:2274] inspecting ===> img.20191012_081719.2019-10-11_14-15-16_000.jpg.4.png
img.20191012_081719.2019-10-11_14-15-16_000.jpg.1.png => other
img.20191012_081719.2019-10-11_14-15-16_000.jpg.2.png => other
img.20191012_081719.2019-10-11_14-15-16_000.jpg.3.png => other
img.20191012_081719.2019-10-11_14-15-16_000.jpg.4.png => other
[20191012_081725 lib_ip.py:3301] =============== Get 4 corners
dpath_Images = C:\WORKS_2\WS\WS_Others.Art\JVEMV6\46_art\VIRTUAL\Admin_Projects\ip\images
fname_Image = img.20191012_081719.2019-10-11_14-15-16_000.jpg.4.png

[20191012_081726 / lib_ip.py:2274] inspecting ===> img.20191012_081726.2019-10-11_20-30-34_000.jpg.1.png
[20191012_081726 / lib_ip.py:4505] 
img.20191012_081726.2019-10-11_20-30-34_000.jpg.1.png 0 ---------------------
[20191012_081726 / lib_ip.py:3753] file = img.20191012_081726.2019-10-11_20-30-34_000.jpg.1.png / val_Average = 72.7630	val_Variance = 1186.9438	sd = 34.4521	max = 135	min = 0
[20191012_081726 / lib_ip.py:3836] len(Hs) = 8100, len(Ss) = 8100, len(Vs) = 8100
[20191012_081726 / lib_ip.py:3869] yellow : variance --> out of range (variance = 1186.944 / upper = 0.650 / lower = 0.000)
[20191012_081726 / lib_ip.py:3753] file = img.20191012_081726.2019-10-11_20-30-34_000.jpg.1.png / val_Average = 72.7630	val_Variance = 1186.9438	sd = 34.4521	max = 135	min = 0
[20191012_081726 / lib_ip.py:3936] len(Hs) = 8100, len(Ss) = 8100, len(Vs) = 8100
[20191012_081727 / lib_ip.py:3982] red : variance --> out of range (variance = 1186.944 / upper = 0.430 / lower = 0.000)
[20191012_081727 / lib_ip.py:3753] file = img.20191012_081726.2019-10-11_20-30-34_000.jpg.1.png / val_Average = 72.7630	val_Variance = 1186.9438	sd = 34.4521	max = 135	min = 0
[20191012_081727 / lib_ip.py:4052] len(Hs) = 8100, len(Ss) = 8100, len(Vs) = 8100
[20191012_081727 / lib_ip.py:4099] green : variance --> out of range (variance = 1186.944 / upper = 0.760 / lower = 0.000)
[20191012_081727 / lib_ip.py:3753] file = img.20191012_081726.2019-10-11_20-30-34_000.jpg.1.png / val_Average = 72.7630	val_Variance = 1186.9438	sd = 34.4521	max = 135	min = 0
[20191012_081727 / lib_ip.py:4169] len(Hs) = 8100, len(Ss) = 8100, len(Vs) = 8100
[20191012_081727 / lib_ip.py:4208] blue : variance --> out of range (variance = 1186.944 / upper = 0.930 / lower = 0.010)
[20191012_081727 / lib_ip.py:3753] file = img.20191012_081726.2019-10-11_20-30-34_000.jpg.1.png / val_Average = 72.7630	val_Variance = 1186.9438	sd = 34.4521	max = 135	min = 0
[20191012_081727 / lib_ip.py:4275] len(Hs) = 8100, len(Ss) = 8100, len(Vs) = 8100
[20191012_081727 / lib_ip.py:4314] pink : variance --> out of range (variance = 1186.944 / upper = 0.750 / lower = 0.030)
[20191012_081727 / lib_ip.py:3753] file = img.20191012_081726.2019-10-11_20-30-34_000.jpg.1.png / val_Average = 72.7630	val_Variance = 1186.9438	sd = 34.4521	max = 135	min = 0
[20191012_081727 / lib_ip.py:4378] len(Hs) = 8100, len(Ss) = 8100, len(Vs) = 8100
[20191012_081727 / lib_ip.py:4422] black : variance --> out of range (variance = 1186.944 / upper = 0.000 / lower = 0.000)
[20191012_081727 / lib_ip.py:4593] file : img.20191012_081726.2019-10-11_20-30-34_000.jpg.1.png 0 (black : variance --> out of range (variance = 1186.944 / upper = 0.000 / lower = 0.000))
[20191012_081727 / lib_ip.py:2274] inspecting ===> img.20191012_081726.2019-10-11_20-30-34_000.jpg.2.png
[20191012_081727 / lib_ip.py:4505] 
img.20191012_081726.2019-10-11_20-30-34_000.jpg.2.png 1 ---------------------
[20191012_081727 / lib_ip.py:3753] file = img.20191012_081726.2019-10-11_20-30-34_000.jpg.2.png / val_Average = 93.8951	val_Variance = 0.0939	sd = 0.3065	max = 94	min = 93
[20191012_081728 / lib_ip.py:3836] len(Hs) = 8100, len(Ss) = 8100, len(Vs) = 8100
[20191012_081728 / lib_ip.py:2274] inspecting ===> img.20191012_081726.2019-10-11_20-30-34_000.jpg.3.png
[20191012_081728 / lib_ip.py:4505] 
img.20191012_081726.2019-10-11_20-30-34_000.jpg.3.png 2 ---------------------
[20191012_081728 / lib_ip.py:3753] file = img.20191012_081726.2019-10-11_20-30-34_000.jpg.3.png / val_Average = 54.7398	val_Variance = 1851.5718	sd = 43.0299	max = 135	min = 0
[20191012_081728 / lib_ip.py:3836] len(Hs) = 8100, len(Ss) = 8100, len(Vs) = 8100
[20191012_081728 / lib_ip.py:3869] yellow : variance --> out of range (variance = 1851.572 / upper = 0.650 / lower = 0.000)
[20191012_081728 / lib_ip.py:3753] file = img.20191012_081726.2019-10-11_20-30-34_000.jpg.3.png / val_Average = 54.7398	val_Variance = 1851.5718	sd = 43.0299	max = 135	min = 0
[20191012_081728 / lib_ip.py:3936] len(Hs) = 8100, len(Ss) = 8100, len(Vs) = 8100
[20191012_081728 / lib_ip.py:3982] red : variance --> out of range (variance = 1851.572 / upper = 0.430 / lower = 0.000)
[20191012_081729 / lib_ip.py:3753] file = img.20191012_081726.2019-10-11_20-30-34_000.jpg.3.png / val_Average = 54.7398	val_Variance = 1851.5718	sd = 43.0299	max = 135	min = 0
[20191012_081729 / lib_ip.py:4052] len(Hs) = 8100, len(Ss) = 8100, len(Vs) = 8100
[20191012_081729 / lib_ip.py:4099] green : variance --> out of range (variance = 1851.572 / upper = 0.760 / lower = 0.000)
[20191012_081729 / lib_ip.py:3753] file = img.20191012_081726.2019-10-11_20-30-34_000.jpg.3.png / val_Average = 54.7398	val_Variance = 1851.5718	sd = 43.0299	max = 135	min = 0
[20191012_081729 / lib_ip.py:4169] len(Hs) = 8100, len(Ss) = 8100, len(Vs) = 8100
[20191012_081729 / lib_ip.py:4208] blue : variance --> out of range (variance = 1851.572 / upper = 0.930 / lower = 0.010)
[20191012_081729 / lib_ip.py:3753] file = img.20191012_081726.2019-10-11_20-30-34_000.jpg.3.png / val_Average = 54.7398	val_Variance = 1851.5718	sd = 43.0299	max = 135	min = 0
[20191012_081729 / lib_ip.py:4275] len(Hs) = 8100, len(Ss) = 8100, len(Vs) = 8100
[20191012_081729 / lib_ip.py:4314] pink : variance --> out of range (variance = 1851.572 / upper = 0.750 / lower = 0.030)
[20191012_081729 / lib_ip.py:3753] file = img.20191012_081726.2019-10-11_20-30-34_000.jpg.3.png / val_Average = 54.7398	val_Variance = 1851.5718	sd = 43.0299	max = 135	min = 0
[20191012_081729 / lib_ip.py:4378] len(Hs) = 8100, len(Ss) = 8100, len(Vs) = 8100
[20191012_081729 / lib_ip.py:4422] black : variance --> out of range (variance = 1851.572 / upper = 0.000 / lower = 0.000)
[20191012_081729 / lib_ip.py:4593] file : img.20191012_081726.2019-10-11_20-30-34_000.jpg.3.png 2 (black : variance --> out of range (variance = 1851.572 / upper = 0.000 / lower = 0.000))
[20191012_081729 / lib_ip.py:2274] inspecting ===> img.20191012_081726.2019-10-11_20-30-34_000.jpg.4.png
[20191012_081729 / lib_ip.py:4505] 
img.20191012_081726.2019-10-11_20-30-34_000.jpg.4.png 3 ---------------------
[20191012_081730 / lib_ip.py:3753] file = img.20191012_081726.2019-10-11_20-30-34_000.jpg.4.png / val_Average = 98.7031	val_Variance = 493.1986	sd = 22.2081	max = 135	min = 0
[20191012_081730 / lib_ip.py:3836] len(Hs) = 8100, len(Ss) = 8100, len(Vs) = 8100
[20191012_081730 / lib_ip.py:3869] yellow : variance --> out of range (variance = 493.199 / upper = 0.650 / lower = 0.000)
[20191012_081730 / lib_ip.py:3753] file = img.20191012_081726.2019-10-11_20-30-34_000.jpg.4.png / val_Average = 98.7031	val_Variance = 493.1986	sd = 22.2081	max = 135	min = 0
[20191012_081730 / lib_ip.py:3936] len(Hs) = 8100, len(Ss) = 8100, len(Vs) = 8100
[20191012_081730 / lib_ip.py:3982] red : variance --> out of range (variance = 493.199 / upper = 0.430 / lower = 0.000)
[20191012_081730 / lib_ip.py:3753] file = img.20191012_081726.2019-10-11_20-30-34_000.jpg.4.png / val_Average = 98.7031	val_Variance = 493.1986	sd = 22.2081	max = 135	min = 0
[20191012_081730 / lib_ip.py:4052] len(Hs) = 8100, len(Ss) = 8100, len(Vs) = 8100
[20191012_081730 / lib_ip.py:4099] green : variance --> out of range (variance = 493.199 / upper = 0.760 / lower = 0.000)
[20191012_081730 / lib_ip.py:3753] file = img.20191012_081726.2019-10-11_20-30-34_000.jpg.4.png / val_Average = 98.7031	val_Variance = 493.1986	sd = 22.2081	max = 135	min = 0
[20191012_081730 / lib_ip.py:4169] len(Hs) = 8100, len(Ss) = 8100, len(Vs) = 8100
[20191012_081730 / lib_ip.py:4208] blue : variance --> out of range (variance = 493.199 / upper = 0.930 / lower = 0.010)
[20191012_081730 / lib_ip.py:3753] file = img.20191012_081726.2019-10-11_20-30-34_000.jpg.4.png / val_Average = 98.7031	val_Variance = 493.1986	sd = 22.2081	max = 135	min = 0
[20191012_081730 / lib_ip.py:4275] len(Hs) = 8100, len(Ss) = 8100, len(Vs) = 8100
[20191012_081730 / lib_ip.py:4314] pink : variance --> out of range (variance = 493.199 / upper = 0.750 / lower = 0.030)
[20191012_081730 / lib_ip.py:3753] file = img.20191012_081726.2019-10-11_20-30-34_000.jpg.4.png / val_Average = 98.7031	val_Variance = 493.1986	sd = 22.2081	max = 135	min = 0
[20191012_081730 / lib_ip.py:4378] len(Hs) = 8100, len(Ss) = 8100, len(Vs) = 8100
[20191012_081730 / lib_ip.py:4422] black : variance --> out of range (variance = 493.199 / upper = 0.000 / lower = 0.000)
[20191012_081730 / lib_ip.py:4593] file : img.20191012_081726.2019-10-11_20-30-34_000.jpg.4.png 3 (black : variance --> out of range (variance = 493.199 / upper = 0.000 / lower = 0.000))
[20191012_081729 / lib_ip.py:2274] inspecting ===> img.20191012_081726.2019-10-11_20-30-34_000.jpg.4.png
img.20191012_081726.2019-10-11_20-30-34_000.jpg.1.png => other
img.20191012_081726.2019-10-11_20-30-34_000.jpg.2.png => other
img.20191012_081726.2019-10-11_20-30-34_000.jpg.3.png => other
img.20191012_081726.2019-10-11_20-30-34_000.jpg.4.png => other
[20191012_081731 lib_ip.py:3301] =============== Get 4 corners
dpath_Images = C:\WORKS_2\WS\WS_Others.Art\JVEMV6\46_art\VIRTUAL\Admin_Projects\ip\images
fname_Image = img.20191012_081726.2019-10-11_20-30-34_000.jpg.4.png

[20191012_081731 / lib_ip.py:2274] inspecting ===> img.20191012_081731.2019-10-12_00-29-21_000.jpg.1.png
[20191012_081732 / lib_ip.py:4505] 
img.20191012_081731.2019-10-12_00-29-21_000.jpg.1.png 0 ---------------------
[20191012_081732 / lib_ip.py:3753] file = img.20191012_081731.2019-10-12_00-29-21_000.jpg.1.png / val_Average = 16.7823	val_Variance = 599.2352	sd = 24.4793	max = 174	min = 0
[20191012_081732 / lib_ip.py:3836] len(Hs) = 8100, len(Ss) = 8100, len(Vs) = 8100
[20191012_081732 / lib_ip.py:3869] yellow : variance --> out of range (variance = 599.235 / upper = 0.650 / lower = 0.000)
[20191012_081732 / lib_ip.py:3753] file = img.20191012_081731.2019-10-12_00-29-21_000.jpg.1.png / val_Average = 16.7823	val_Variance = 599.2352	sd = 24.4793	max = 174	min = 0
[20191012_081733 / lib_ip.py:3936] len(Hs) = 8100, len(Ss) = 8100, len(Vs) = 8100
[20191012_081733 / lib_ip.py:3982] red : variance --> out of range (variance = 599.235 / upper = 0.430 / lower = 0.000)
[20191012_081733 / lib_ip.py:3753] file = img.20191012_081731.2019-10-12_00-29-21_000.jpg.1.png / val_Average = 16.7823	val_Variance = 599.2352	sd = 24.4793	max = 174	min = 0
[20191012_081733 / lib_ip.py:4052] len(Hs) = 8100, len(Ss) = 8100, len(Vs) = 8100
[20191012_081733 / lib_ip.py:4099] green : variance --> out of range (variance = 599.235 / upper = 0.760 / lower = 0.000)
[20191012_081733 / lib_ip.py:3753] file = img.20191012_081731.2019-10-12_00-29-21_000.jpg.1.png / val_Average = 16.7823	val_Variance = 599.2352	sd = 24.4793	max = 174	min = 0
[20191012_081733 / lib_ip.py:4169] len(Hs) = 8100, len(Ss) = 8100, len(Vs) = 8100
[20191012_081734 / lib_ip.py:4208] blue : variance --> out of range (variance = 599.235 / upper = 0.930 / lower = 0.010)
[20191012_081734 / lib_ip.py:3753] file = img.20191012_081731.2019-10-12_00-29-21_000.jpg.1.png / val_Average = 16.7823	val_Variance = 599.2352	sd = 24.4793	max = 174	min = 0
[20191012_081734 / lib_ip.py:4275] len(Hs) = 8100, len(Ss) = 8100, len(Vs) = 8100
[20191012_081734 / lib_ip.py:4314] pink : variance --> out of range (variance = 599.235 / upper = 0.750 / lower = 0.030)
[20191012_081735 / lib_ip.py:3753] file = img.20191012_081731.2019-10-12_00-29-21_000.jpg.1.png / val_Average = 16.7823	val_Variance = 599.2352	sd = 24.4793	max = 174	min = 0
[20191012_081735 / lib_ip.py:4378] len(Hs) = 8100, len(Ss) = 8100, len(Vs) = 8100
[20191012_081735 / lib_ip.py:4422] black : variance --> out of range (variance = 599.235 / upper = 0.000 / lower = 0.000)
[20191012_081735 / lib_ip.py:4593] file : img.20191012_081731.2019-10-12_00-29-21_000.jpg.1.png 0 (black : variance --> out of range (variance = 599.235 / upper = 0.000 / lower = 0.000))
[20191012_081735 / lib_ip.py:2274] inspecting ===> img.20191012_081731.2019-10-12_00-29-21_000.jpg.2.png
[20191012_081736 / lib_ip.py:4505] 
img.20191012_081731.2019-10-12_00-29-21_000.jpg.2.png 1 ---------------------
[20191012_081736 / lib_ip.py:3753] file = img.20191012_081731.2019-10-12_00-29-21_000.jpg.2.png / val_Average = 72.1078	val_Variance = 1763.0097	sd = 41.9882	max = 160	min = 0
[20191012_081736 / lib_ip.py:3836] len(Hs) = 8100, len(Ss) = 8100, len(Vs) = 8100
[20191012_081736 / lib_ip.py:3869] yellow : variance --> out of range (variance = 1763.010 / upper = 0.650 / lower = 0.000)
[20191012_081736 / lib_ip.py:3753] file = img.20191012_081731.2019-10-12_00-29-21_000.jpg.2.png / val_Average = 72.1078	val_Variance = 1763.0097	sd = 41.9882	max = 160	min = 0
[20191012_081736 / lib_ip.py:3936] len(Hs) = 8100, len(Ss) = 8100, len(Vs) = 8100
[20191012_081736 / lib_ip.py:3982] red : variance --> out of range (variance = 1763.010 / upper = 0.430 / lower = 0.000)
[20191012_081736 / lib_ip.py:3753] file = img.20191012_081731.2019-10-12_00-29-21_000.jpg.2.png / val_Average = 72.1078	val_Variance = 1763.0097	sd = 41.9882	max = 160	min = 0
[20191012_081736 / lib_ip.py:4052] len(Hs) = 8100, len(Ss) = 8100, len(Vs) = 8100
[20191012_081736 / lib_ip.py:4099] green : variance --> out of range (variance = 1763.010 / upper = 0.760 / lower = 0.000)
[20191012_081736 / lib_ip.py:3753] file = img.20191012_081731.2019-10-12_00-29-21_000.jpg.2.png / val_Average = 72.1078	val_Variance = 1763.0097	sd = 41.9882	max = 160	min = 0
[20191012_081737 / lib_ip.py:4169] len(Hs) = 8100, len(Ss) = 8100, len(Vs) = 8100
[20191012_081737 / lib_ip.py:4208] blue : variance --> out of range (variance = 1763.010 / upper = 0.930 / lower = 0.010)
[20191012_081737 / lib_ip.py:3753] file = img.20191012_081731.2019-10-12_00-29-21_000.jpg.2.png / val_Average = 72.1078	val_Variance = 1763.0097	sd = 41.9882	max = 160	min = 0
[20191012_081737 / lib_ip.py:4275] len(Hs) = 8100, len(Ss) = 8100, len(Vs) = 8100
[20191012_081737 / lib_ip.py:4314] pink : variance --> out of range (variance = 1763.010 / upper = 0.750 / lower = 0.030)
[20191012_081737 / lib_ip.py:3753] file = img.20191012_081731.2019-10-12_00-29-21_000.jpg.2.png / val_Average = 72.1078	val_Variance = 1763.0097	sd = 41.9882	max = 160	min = 0
[20191012_081737 / lib_ip.py:4378] len(Hs) = 8100, len(Ss) = 8100, len(Vs) = 8100
[20191012_081737 / lib_ip.py:4422] black : variance --> out of range (variance = 1763.010 / upper = 0.000 / lower = 0.000)
[20191012_081737 / lib_ip.py:4593] file : img.20191012_081731.2019-10-12_00-29-21_000.jpg.2.png 1 (black : variance --> out of range (variance = 1763.010 / upper = 0.000 / lower = 0.000))
[20191012_081737 / lib_ip.py:2274] inspecting ===> img.20191012_081731.2019-10-12_00-29-21_000.jpg.3.png
[20191012_081737 / lib_ip.py:4505] 
img.20191012_081731.2019-10-12_00-29-21_000.jpg.3.png 2 ---------------------
[20191012_081738 / lib_ip.py:3753] file = img.20191012_081731.2019-10-12_00-29-21_000.jpg.3.png / val_Average = 111.9022	val_Variance = 1376.0181	sd = 37.0947	max = 178	min = 0
[20191012_081738 / lib_ip.py:3836] len(Hs) = 8100, len(Ss) = 8100, len(Vs) = 8100
[20191012_081738 / lib_ip.py:3869] yellow : variance --> out of range (variance = 1376.018 / upper = 0.650 / lower = 0.000)
[20191012_081738 / lib_ip.py:3753] file = img.20191012_081731.2019-10-12_00-29-21_000.jpg.3.png / val_Average = 111.9022	val_Variance = 1376.0181	sd = 37.0947	max = 178	min = 0
[20191012_081738 / lib_ip.py:3936] len(Hs) = 8100, len(Ss) = 8100, len(Vs) = 8100
[20191012_081738 / lib_ip.py:3982] red : variance --> out of range (variance = 1376.018 / upper = 0.430 / lower = 0.000)
[20191012_081738 / lib_ip.py:3753] file = img.20191012_081731.2019-10-12_00-29-21_000.jpg.3.png / val_Average = 111.9022	val_Variance = 1376.0181	sd = 37.0947	max = 178	min = 0
[20191012_081738 / lib_ip.py:4052] len(Hs) = 8100, len(Ss) = 8100, len(Vs) = 8100
[20191012_081738 / lib_ip.py:4099] green : variance --> out of range (variance = 1376.018 / upper = 0.760 / lower = 0.000)
[20191012_081739 / lib_ip.py:3753] file = img.20191012_081731.2019-10-12_00-29-21_000.jpg.3.png / val_Average = 111.9022	val_Variance = 1376.0181	sd = 37.0947	max = 178	min = 0
[20191012_081739 / lib_ip.py:4169] len(Hs) = 8100, len(Ss) = 8100, len(Vs) = 8100
[20191012_081739 / lib_ip.py:4208] blue : variance --> out of range (variance = 1376.018 / upper = 0.930 / lower = 0.010)
[20191012_081739 / lib_ip.py:3753] file = img.20191012_081731.2019-10-12_00-29-21_000.jpg.3.png / val_Average = 111.9022	val_Variance = 1376.0181	sd = 37.0947	max = 178	min = 0
[20191012_081739 / lib_ip.py:4275] len(Hs) = 8100, len(Ss) = 8100, len(Vs) = 8100
[20191012_081739 / lib_ip.py:4314] pink : variance --> out of range (variance = 1376.018 / upper = 0.750 / lower = 0.030)
[20191012_081739 / lib_ip.py:3753] file = img.20191012_081731.2019-10-12_00-29-21_000.jpg.3.png / val_Average = 111.9022	val_Variance = 1376.0181	sd = 37.0947	max = 178	min = 0
[20191012_081739 / lib_ip.py:4378] len(Hs) = 8100, len(Ss) = 8100, len(Vs) = 8100
[20191012_081739 / lib_ip.py:4422] black : variance --> out of range (variance = 1376.018 / upper = 0.000 / lower = 0.000)
[20191012_081739 / lib_ip.py:4593] file : img.20191012_081731.2019-10-12_00-29-21_000.jpg.3.png 2 (black : variance --> out of range (variance = 1376.018 / upper = 0.000 / lower = 0.000))
[20191012_081739 / lib_ip.py:2274] inspecting ===> img.20191012_081731.2019-10-12_00-29-21_000.jpg.4.png
[20191012_081739 / lib_ip.py:4505] 
img.20191012_081731.2019-10-12_00-29-21_000.jpg.4.png 3 ---------------------
[20191012_081739 / lib_ip.py:3753] file = img.20191012_081731.2019-10-12_00-29-21_000.jpg.4.png / val_Average = 87.5696	val_Variance = 438.8948	sd = 20.9498	max = 135	min = 0
[20191012_081739 / lib_ip.py:3836] len(Hs) = 8100, len(Ss) = 8100, len(Vs) = 8100
[20191012_081740 / lib_ip.py:3869] yellow : variance --> out of range (variance = 438.895 / upper = 0.650 / lower = 0.000)
[20191012_081740 / lib_ip.py:3753] file = img.20191012_081731.2019-10-12_00-29-21_000.jpg.4.png / val_Average = 87.5696	val_Variance = 438.8948	sd = 20.9498	max = 135	min = 0
[20191012_081740 / lib_ip.py:3936] len(Hs) = 8100, len(Ss) = 8100, len(Vs) = 8100
[20191012_081740 / lib_ip.py:3982] red : variance --> out of range (variance = 438.895 / upper = 0.430 / lower = 0.000)
[20191012_081740 / lib_ip.py:3753] file = img.20191012_081731.2019-10-12_00-29-21_000.jpg.4.png / val_Average = 87.5696	val_Variance = 438.8948	sd = 20.9498	max = 135	min = 0
[20191012_081740 / lib_ip.py:4052] len(Hs) = 8100, len(Ss) = 8100, len(Vs) = 8100
[20191012_081740 / lib_ip.py:4099] green : variance --> out of range (variance = 438.895 / upper = 0.760 / lower = 0.000)
[20191012_081740 / lib_ip.py:3753] file = img.20191012_081731.2019-10-12_00-29-21_000.jpg.4.png / val_Average = 87.5696	val_Variance = 438.8948	sd = 20.9498	max = 135	min = 0
[20191012_081740 / lib_ip.py:4169] len(Hs) = 8100, len(Ss) = 8100, len(Vs) = 8100
[20191012_081740 / lib_ip.py:4208] blue : variance --> out of range (variance = 438.895 / upper = 0.930 / lower = 0.010)
[20191012_081740 / lib_ip.py:3753] file = img.20191012_081731.2019-10-12_00-29-21_000.jpg.4.png / val_Average = 87.5696	val_Variance = 438.8948	sd = 20.9498	max = 135	min = 0
[20191012_081740 / lib_ip.py:4275] len(Hs) = 8100, len(Ss) = 8100, len(Vs) = 8100
[20191012_081740 / lib_ip.py:4314] pink : variance --> out of range (variance = 438.895 / upper = 0.750 / lower = 0.030)
[20191012_081741 / lib_ip.py:3753] file = img.20191012_081731.2019-10-12_00-29-21_000.jpg.4.png / val_Average = 87.5696	val_Variance = 438.8948	sd = 20.9498	max = 135	min = 0
[20191012_081741 / lib_ip.py:4378] len(Hs) = 8100, len(Ss) = 8100, len(Vs) = 8100
[20191012_081741 / lib_ip.py:4422] black : variance --> out of range (variance = 438.895 / upper = 0.000 / lower = 0.000)
[20191012_081741 / lib_ip.py:4593] file : img.20191012_081731.2019-10-12_00-29-21_000.jpg.4.png 3 (black : variance --> out of range (variance = 438.895 / upper = 0.000 / lower = 0.000))
[20191012_081739 / lib_ip.py:2274] inspecting ===> img.20191012_081731.2019-10-12_00-29-21_000.jpg.4.png
img.20191012_081731.2019-10-12_00-29-21_000.jpg.1.png => other
img.20191012_081731.2019-10-12_00-29-21_000.jpg.2.png => other
img.20191012_081731.2019-10-12_00-29-21_000.jpg.3.png => other
img.20191012_081731.2019-10-12_00-29-21_000.jpg.4.png => other
[20191012_081741 lib_ip.py:3301] =============== Get 4 corners
dpath_Images = C:\WORKS_2\WS\WS_Others.Art\JVEMV6\46_art\VIRTUAL\Admin_Projects\ip\images
fname_Image = img.20191012_081731.2019-10-12_00-29-21_000.jpg.4.png

[20191012_081741 / lib_ip.py:2274] inspecting ===> img.20191012_081741.2019-10-12_07-17-28_000.jpg.1.png
[20191012_081742 / lib_ip.py:4505] 
img.20191012_081741.2019-10-12_07-17-28_000.jpg.1.png 0 ---------------------
[20191012_081742 / lib_ip.py:3753] file = img.20191012_081741.2019-10-12_07-17-28_000.jpg.1.png / val_Average = 113.7777	val_Variance = 20.2880	sd = 4.5042	max = 130	min = 101
[20191012_081742 / lib_ip.py:3836] len(Hs) = 8100, len(Ss) = 8100, len(Vs) = 8100
[20191012_081742 / lib_ip.py:3869] yellow : variance --> out of range (variance = 20.288 / upper = 0.650 / lower = 0.000)
[20191012_081742 / lib_ip.py:3753] file = img.20191012_081741.2019-10-12_07-17-28_000.jpg.1.png / val_Average = 113.7777	val_Variance = 20.2880	sd = 4.5042	max = 130	min = 101
[20191012_081742 / lib_ip.py:3936] len(Hs) = 8100, len(Ss) = 8100, len(Vs) = 8100
[20191012_081742 / lib_ip.py:3982] red : variance --> out of range (variance = 20.288 / upper = 0.430 / lower = 0.000)
[20191012_081742 / lib_ip.py:3753] file = img.20191012_081741.2019-10-12_07-17-28_000.jpg.1.png / val_Average = 113.7777	val_Variance = 20.2880	sd = 4.5042	max = 130	min = 101
[20191012_081742 / lib_ip.py:4052] len(Hs) = 8100, len(Ss) = 8100, len(Vs) = 8100
[20191012_081742 / lib_ip.py:4099] green : variance --> out of range (variance = 20.288 / upper = 0.760 / lower = 0.000)
[20191012_081742 / lib_ip.py:3753] file = img.20191012_081741.2019-10-12_07-17-28_000.jpg.1.png / val_Average = 113.7777	val_Variance = 20.2880	sd = 4.5042	max = 130	min = 101
[20191012_081742 / lib_ip.py:4169] len(Hs) = 8100, len(Ss) = 8100, len(Vs) = 8100
[20191012_081743 / lib_ip.py:4208] blue : variance --> out of range (variance = 20.288 / upper = 0.930 / lower = 0.010)
[20191012_081743 / lib_ip.py:3753] file = img.20191012_081741.2019-10-12_07-17-28_000.jpg.1.png / val_Average = 113.7777	val_Variance = 20.2880	sd = 4.5042	max = 130	min = 101
[20191012_081743 / lib_ip.py:4275] len(Hs) = 8100, len(Ss) = 8100, len(Vs) = 8100
[20191012_081743 / lib_ip.py:4314] pink : variance --> out of range (variance = 20.288 / upper = 0.750 / lower = 0.030)
[20191012_081743 / lib_ip.py:3753] file = img.20191012_081741.2019-10-12_07-17-28_000.jpg.1.png / val_Average = 113.7777	val_Variance = 20.2880	sd = 4.5042	max = 130	min = 101
[20191012_081743 / lib_ip.py:4378] len(Hs) = 8100, len(Ss) = 8100, len(Vs) = 8100
[20191012_081743 / lib_ip.py:4422] black : variance --> out of range (variance = 20.288 / upper = 0.000 / lower = 0.000)
[20191012_081743 / lib_ip.py:4593] file : img.20191012_081741.2019-10-12_07-17-28_000.jpg.1.png 0 (black : variance --> out of range (variance = 20.288 / upper = 0.000 / lower = 0.000))
[20191012_081743 / lib_ip.py:2274] inspecting ===> img.20191012_081741.2019-10-12_07-17-28_000.jpg.2.png
[20191012_081743 / lib_ip.py:4505] 
img.20191012_081741.2019-10-12_07-17-28_000.jpg.2.png 1 ---------------------
[20191012_081744 / lib_ip.py:3753] file = img.20191012_081741.2019-10-12_07-17-28_000.jpg.2.png / val_Average = 38.6906	val_Variance = 3310.7381	sd = 57.5390	max = 176	min = 0
[20191012_081744 / lib_ip.py:3836] len(Hs) = 8100, len(Ss) = 8100, len(Vs) = 8100
[20191012_081744 / lib_ip.py:3869] yellow : variance --> out of range (variance = 3310.738 / upper = 0.650 / lower = 0.000)
[20191012_081744 / lib_ip.py:3753] file = img.20191012_081741.2019-10-12_07-17-28_000.jpg.2.png / val_Average = 38.6906	val_Variance = 3310.7381	sd = 57.5390	max = 176	min = 0
[20191012_081744 / lib_ip.py:3936] len(Hs) = 8100, len(Ss) = 8100, len(Vs) = 8100
[20191012_081744 / lib_ip.py:3982] red : variance --> out of range (variance = 3310.738 / upper = 0.430 / lower = 0.000)
[20191012_081744 / lib_ip.py:3753] file = img.20191012_081741.2019-10-12_07-17-28_000.jpg.2.png / val_Average = 38.6906	val_Variance = 3310.7381	sd = 57.5390	max = 176	min = 0
[20191012_081744 / lib_ip.py:4052] len(Hs) = 8100, len(Ss) = 8100, len(Vs) = 8100
[20191012_081744 / lib_ip.py:4099] green : variance --> out of range (variance = 3310.738 / upper = 0.760 / lower = 0.000)
[20191012_081744 / lib_ip.py:3753] file = img.20191012_081741.2019-10-12_07-17-28_000.jpg.2.png / val_Average = 38.6906	val_Variance = 3310.7381	sd = 57.5390	max = 176	min = 0
[20191012_081744 / lib_ip.py:4169] len(Hs) = 8100, len(Ss) = 8100, len(Vs) = 8100
[20191012_081744 / lib_ip.py:4208] blue : variance --> out of range (variance = 3310.738 / upper = 0.930 / lower = 0.010)
[20191012_081745 / lib_ip.py:3753] file = img.20191012_081741.2019-10-12_07-17-28_000.jpg.2.png / val_Average = 38.6906	val_Variance = 3310.7381	sd = 57.5390	max = 176	min = 0
[20191012_081745 / lib_ip.py:4275] len(Hs) = 8100, len(Ss) = 8100, len(Vs) = 8100
[20191012_081745 / lib_ip.py:4314] pink : variance --> out of range (variance = 3310.738 / upper = 0.750 / lower = 0.030)
[20191012_081745 / lib_ip.py:3753] file = img.20191012_081741.2019-10-12_07-17-28_000.jpg.2.png / val_Average = 38.6906	val_Variance = 3310.7381	sd = 57.5390	max = 176	min = 0
[20191012_081745 / lib_ip.py:4378] len(Hs) = 8100, len(Ss) = 8100, len(Vs) = 8100
[20191012_081745 / lib_ip.py:4422] black : variance --> out of range (variance = 3310.738 / upper = 0.000 / lower = 0.000)
[20191012_081745 / lib_ip.py:4593] file : img.20191012_081741.2019-10-12_07-17-28_000.jpg.2.png 1 (black : variance --> out of range (variance = 3310.738 / upper = 0.000 / lower = 0.000))
[20191012_081745 / lib_ip.py:2274] inspecting ===> img.20191012_081741.2019-10-12_07-17-28_000.jpg.3.png
[20191012_081745 / lib_ip.py:4505] 
img.20191012_081741.2019-10-12_07-17-28_000.jpg.3.png 2 ---------------------
[20191012_081745 / lib_ip.py:3753] file = img.20191012_081741.2019-10-12_07-17-28_000.jpg.3.png / val_Average = 103.8733	val_Variance = 1.4254	sd = 1.1939	max = 108	min = 101
[20191012_081746 / lib_ip.py:3836] len(Hs) = 8100, len(Ss) = 8100, len(Vs) = 8100
[20191012_081746 / lib_ip.py:3869] yellow : variance --> out of range (variance = 1.425 / upper = 0.650 / lower = 0.000)
[20191012_081746 / lib_ip.py:3753] file = img.20191012_081741.2019-10-12_07-17-28_000.jpg.3.png / val_Average = 103.8733	val_Variance = 1.4254	sd = 1.1939	max = 108	min = 101
[20191012_081746 / lib_ip.py:3936] len(Hs) = 8100, len(Ss) = 8100, len(Vs) = 8100
[20191012_081746 / lib_ip.py:3982] red : variance --> out of range (variance = 1.425 / upper = 0.430 / lower = 0.000)
[20191012_081746 / lib_ip.py:3753] file = img.20191012_081741.2019-10-12_07-17-28_000.jpg.3.png / val_Average = 103.8733	val_Variance = 1.4254	sd = 1.1939	max = 108	min = 101
[20191012_081746 / lib_ip.py:4052] len(Hs) = 8100, len(Ss) = 8100, len(Vs) = 8100
[20191012_081746 / lib_ip.py:4099] green : variance --> out of range (variance = 1.425 / upper = 0.760 / lower = 0.000)
[20191012_081746 / lib_ip.py:3753] file = img.20191012_081741.2019-10-12_07-17-28_000.jpg.3.png / val_Average = 103.8733	val_Variance = 1.4254	sd = 1.1939	max = 108	min = 101
[20191012_081746 / lib_ip.py:4169] len(Hs) = 8100, len(Ss) = 8100, len(Vs) = 8100
[20191012_081746 / lib_ip.py:4208] blue : variance --> out of range (variance = 1.425 / upper = 0.930 / lower = 0.010)
[20191012_081747 / lib_ip.py:3753] file = img.20191012_081741.2019-10-12_07-17-28_000.jpg.3.png / val_Average = 103.8733	val_Variance = 1.4254	sd = 1.1939	max = 108	min = 101
[20191012_081747 / lib_ip.py:4275] len(Hs) = 8100, len(Ss) = 8100, len(Vs) = 8100
[20191012_081747 / lib_ip.py:4314] pink : variance --> out of range (variance = 1.425 / upper = 0.750 / lower = 0.030)
[20191012_081747 / lib_ip.py:3753] file = img.20191012_081741.2019-10-12_07-17-28_000.jpg.3.png / val_Average = 103.8733	val_Variance = 1.4254	sd = 1.1939	max = 108	min = 101
[20191012_081747 / lib_ip.py:4378] len(Hs) = 8100, len(Ss) = 8100, len(Vs) = 8100
[20191012_081747 / lib_ip.py:4422] black : variance --> out of range (variance = 1.425 / upper = 0.000 / lower = 0.000)
[20191012_081747 / lib_ip.py:4593] file : img.20191012_081741.2019-10-12_07-17-28_000.jpg.3.png 2 (black : variance --> out of range (variance = 1.425 / upper = 0.000 / lower = 0.000))
[20191012_081747 / lib_ip.py:2274] inspecting ===> img.20191012_081741.2019-10-12_07-17-28_000.jpg.4.png
[20191012_081747 / lib_ip.py:4505] 
img.20191012_081741.2019-10-12_07-17-28_000.jpg.4.png 3 ---------------------
[20191012_081747 / lib_ip.py:3753] file = img.20191012_081741.2019-10-12_07-17-28_000.jpg.4.png / val_Average = 104.0422	val_Variance = 0.9807	sd = 0.9903	max = 107	min = 102
[20191012_081747 / lib_ip.py:3836] len(Hs) = 8100, len(Ss) = 8100, len(Vs) = 8100
[20191012_081747 / lib_ip.py:3869] yellow : variance --> out of range (variance = 0.981 / upper = 0.650 / lower = 0.000)
[20191012_081747 / lib_ip.py:3753] file = img.20191012_081741.2019-10-12_07-17-28_000.jpg.4.png / val_Average = 104.0422	val_Variance = 0.9807	sd = 0.9903	max = 107	min = 102
[20191012_081747 / lib_ip.py:3936] len(Hs) = 8100, len(Ss) = 8100, len(Vs) = 8100
[20191012_081747 / lib_ip.py:3982] red : variance --> out of range (variance = 0.981 / upper = 0.430 / lower = 0.000)
[20191012_081748 / lib_ip.py:3753] file = img.20191012_081741.2019-10-12_07-17-28_000.jpg.4.png / val_Average = 104.0422	val_Variance = 0.9807	sd = 0.9903	max = 107	min = 102
[20191012_081748 / lib_ip.py:4052] len(Hs) = 8100, len(Ss) = 8100, len(Vs) = 8100
[20191012_081748 / lib_ip.py:4099] green : variance --> out of range (variance = 0.981 / upper = 0.760 / lower = 0.000)
[20191012_081748 / lib_ip.py:3753] file = img.20191012_081741.2019-10-12_07-17-28_000.jpg.4.png / val_Average = 104.0422	val_Variance = 0.9807	sd = 0.9903	max = 107	min = 102
[20191012_081748 / lib_ip.py:4169] len(Hs) = 8100, len(Ss) = 8100, len(Vs) = 8100
[20191012_081748 / lib_ip.py:4208] blue : variance --> out of range (variance = 0.981 / upper = 0.930 / lower = 0.010)
[20191012_081748 / lib_ip.py:3753] file = img.20191012_081741.2019-10-12_07-17-28_000.jpg.4.png / val_Average = 104.0422	val_Variance = 0.9807	sd = 0.9903	max = 107	min = 102
[20191012_081748 / lib_ip.py:4275] len(Hs) = 8100, len(Ss) = 8100, len(Vs) = 8100
[20191012_081748 / lib_ip.py:4314] pink : variance --> out of range (variance = 0.981 / upper = 0.750 / lower = 0.030)
[20191012_081748 / lib_ip.py:3753] file = img.20191012_081741.2019-10-12_07-17-28_000.jpg.4.png / val_Average = 104.0422	val_Variance = 0.9807	sd = 0.9903	max = 107	min = 102
[20191012_081749 / lib_ip.py:4378] len(Hs) = 8100, len(Ss) = 8100, len(Vs) = 8100
[20191012_081749 / lib_ip.py:4422] black : variance --> out of range (variance = 0.981 / upper = 0.000 / lower = 0.000)
[20191012_081749 / lib_ip.py:4593] file : img.20191012_081741.2019-10-12_07-17-28_000.jpg.4.png 3 (black : variance --> out of range (variance = 0.981 / upper = 0.000 / lower = 0.000))
[20191012_081747 / lib_ip.py:2274] inspecting ===> img.20191012_081741.2019-10-12_07-17-28_000.jpg.4.png
img.20191012_081741.2019-10-12_07-17-28_000.jpg.1.png => other
img.20191012_081741.2019-10-12_07-17-28_000.jpg.2.png => other
img.20191012_081741.2019-10-12_07-17-28_000.jpg.3.png => other
img.20191012_081741.2019-10-12_07-17-28_000.jpg.4.png => other
[20191012_081749 lib_ip.py:3301] =============== Get 4 corners
dpath_Images = C:\WORKS_2\WS\WS_Others.Art\JVEMV6\46_art\VIRTUAL\Admin_Projects\ip\images
fname_Image = img.20191012_081741.2019-10-12_07-17-28_000.jpg.4.png

[20191012_081749 / views.py:1411] gen csv => complete (20191012_081749)(elapsed = 54.547 sec / 8 files / 6.818 sec per file)
1)	2019-10-11_10-53-56_000.jpg => 	other yellow other other 
2)	2019-10-11_14-14-16_000.jpg => 	other other other red 
3)	2019-10-11_14-14-44_000.jpg => 	other other other red 
4)	2019-10-11_14-14-58_000.jpg => 	other other other red 
5)	2019-10-11_14-15-16_000.jpg => 	other other other red 
6)	2019-10-11_20-30-34_000.jpg => 	other yellow other other 
7)	2019-10-12_00-29-21_000.jpg => 	other other other other 
8)	2019-10-12_07-17-28_000.jpg => 	other other other other 
[20191012_081749 / views.py:1753] lo_ColorName_Set__Modified_2 =>
1)	2019-10-11_10-53-56_000.jpg => 	o o o y 
2)	2019-10-11_14-14-16_000.jpg => 	o o o r 
3)	2019-10-11_14-14-44_000.jpg => 	o o o r 
4)	2019-10-11_14-14-58_000.jpg => 	o o o r 
5)	2019-10-11_14-15-16_000.jpg => 	o o o r 
6)	2019-10-11_20-30-34_000.jpg => 	o o o y 
7)	2019-10-12_00-29-21_000.jpg => 	o o o o 
8)	2019-10-12_07-17-28_000.jpg => 	o o o o 
[20191012_081751 / views.py:1839] gen_Cake_CSV(request) ==> ending... =======================//

