[20190918_074010 / views.py:1822] gen_Cake_CSV(request) ==> starting... =======================
[20190918_074342 / views.py:1822] gen_Cake_CSV(request) ==> starting... =======================
[20190918_074344 / lib_ip.py:2274] inspecting ===> img.20190918_074344.2019-09-17_10-41-29_000.jpg.1.png
[20190918_074344 / lib_ip.py:4505] 
img.20190918_074344.2019-09-17_10-41-29_000.jpg.1.png 0 ---------------------
[20190918_074344 / lib_ip.py:3753] file = img.20190918_074344.2019-09-17_10-41-29_000.jpg.1.png / val_Average = 107.8957	val_Variance = 3.2208	sd = 1.7947	max = 116	min = 101
[20190918_074344 / lib_ip.py:3836] len(Hs) = 8100, len(Ss) = 8100, len(Vs) = 8100
[20190918_074344 / lib_ip.py:3869] yellow : variance --> out of range (variance = 3.221 / upper = 0.650 / lower = 0.000)
[20190918_074344 / lib_ip.py:3753] file = img.20190918_074344.2019-09-17_10-41-29_000.jpg.1.png / val_Average = 107.8957	val_Variance = 3.2208	sd = 1.7947	max = 116	min = 101
[20190918_074344 / lib_ip.py:3936] len(Hs) = 8100, len(Ss) = 8100, len(Vs) = 8100
[20190918_074344 / lib_ip.py:3982] red : variance --> out of range (variance = 3.221 / upper = 0.430 / lower = 0.000)
[20190918_074344 / lib_ip.py:3753] file = img.20190918_074344.2019-09-17_10-41-29_000.jpg.1.png / val_Average = 107.8957	val_Variance = 3.2208	sd = 1.7947	max = 116	min = 101
[20190918_074344 / lib_ip.py:4052] len(Hs) = 8100, len(Ss) = 8100, len(Vs) = 8100
[20190918_074344 / lib_ip.py:4099] green : variance --> out of range (variance = 3.221 / upper = 0.760 / lower = 0.000)
[20190918_074345 / lib_ip.py:3753] file = img.20190918_074344.2019-09-17_10-41-29_000.jpg.1.png / val_Average = 107.8957	val_Variance = 3.2208	sd = 1.7947	max = 116	min = 101
[20190918_074345 / lib_ip.py:4169] len(Hs) = 8100, len(Ss) = 8100, len(Vs) = 8100
[20190918_074345 / lib_ip.py:4208] blue : variance --> out of range (variance = 3.221 / upper = 0.930 / lower = 0.010)
[20190918_074345 / lib_ip.py:3753] file = img.20190918_074344.2019-09-17_10-41-29_000.jpg.1.png / val_Average = 107.8957	val_Variance = 3.2208	sd = 1.7947	max = 116	min = 101
[20190918_074345 / lib_ip.py:4275] len(Hs) = 8100, len(Ss) = 8100, len(Vs) = 8100
[20190918_074345 / lib_ip.py:4314] pink : variance --> out of range (variance = 3.221 / upper = 0.750 / lower = 0.030)
[20190918_074345 / lib_ip.py:3753] file = img.20190918_074344.2019-09-17_10-41-29_000.jpg.1.png / val_Average = 107.8957	val_Variance = 3.2208	sd = 1.7947	max = 116	min = 101
[20190918_074345 / lib_ip.py:4378] len(Hs) = 8100, len(Ss) = 8100, len(Vs) = 8100
[20190918_074345 / lib_ip.py:4422] black : variance --> out of range (variance = 3.221 / upper = 0.000 / lower = 0.000)
[20190918_074345 / lib_ip.py:4593] file : img.20190918_074344.2019-09-17_10-41-29_000.jpg.1.png 0 (black : variance --> out of range (variance = 3.221 / upper = 0.000 / lower = 0.000))
[20190918_074345 / lib_ip.py:2274] inspecting ===> img.20190918_074344.2019-09-17_10-41-29_000.jpg.2.png
[20190918_074345 / lib_ip.py:4505] 
img.20190918_074344.2019-09-17_10-41-29_000.jpg.2.png 1 ---------------------
[20190918_074345 / lib_ip.py:3753] file = img.20190918_074344.2019-09-17_10-41-29_000.jpg.2.png / val_Average = 113.8511	val_Variance = 10.7791	sd = 3.2831	max = 131	min = 105
[20190918_074345 / lib_ip.py:3836] len(Hs) = 8100, len(Ss) = 8100, len(Vs) = 8100
[20190918_074346 / lib_ip.py:3869] yellow : variance --> out of range (variance = 10.779 / upper = 0.650 / lower = 0.000)
[20190918_074346 / lib_ip.py:3753] file = img.20190918_074344.2019-09-17_10-41-29_000.jpg.2.png / val_Average = 113.8511	val_Variance = 10.7791	sd = 3.2831	max = 131	min = 105
[20190918_074346 / lib_ip.py:3936] len(Hs) = 8100, len(Ss) = 8100, len(Vs) = 8100
[20190918_074346 / lib_ip.py:3982] red : variance --> out of range (variance = 10.779 / upper = 0.430 / lower = 0.000)
[20190918_074346 / lib_ip.py:3753] file = img.20190918_074344.2019-09-17_10-41-29_000.jpg.2.png / val_Average = 113.8511	val_Variance = 10.7791	sd = 3.2831	max = 131	min = 105
[20190918_074346 / lib_ip.py:4052] len(Hs) = 8100, len(Ss) = 8100, len(Vs) = 8100
[20190918_074346 / lib_ip.py:4099] green : variance --> out of range (variance = 10.779 / upper = 0.760 / lower = 0.000)
[20190918_074346 / lib_ip.py:3753] file = img.20190918_074344.2019-09-17_10-41-29_000.jpg.2.png / val_Average = 113.8511	val_Variance = 10.7791	sd = 3.2831	max = 131	min = 105
[20190918_074346 / lib_ip.py:4169] len(Hs) = 8100, len(Ss) = 8100, len(Vs) = 8100
[20190918_074346 / lib_ip.py:4208] blue : variance --> out of range (variance = 10.779 / upper = 0.930 / lower = 0.010)
[20190918_074346 / lib_ip.py:3753] file = img.20190918_074344.2019-09-17_10-41-29_000.jpg.2.png / val_Average = 113.8511	val_Variance = 10.7791	sd = 3.2831	max = 131	min = 105
[20190918_074346 / lib_ip.py:4275] len(Hs) = 8100, len(Ss) = 8100, len(Vs) = 8100
[20190918_074346 / lib_ip.py:4314] pink : variance --> out of range (variance = 10.779 / upper = 0.750 / lower = 0.030)
[20190918_074346 / lib_ip.py:3753] file = img.20190918_074344.2019-09-17_10-41-29_000.jpg.2.png / val_Average = 113.8511	val_Variance = 10.7791	sd = 3.2831	max = 131	min = 105
[20190918_074346 / lib_ip.py:4378] len(Hs) = 8100, len(Ss) = 8100, len(Vs) = 8100
[20190918_074346 / lib_ip.py:4422] black : variance --> out of range (variance = 10.779 / upper = 0.000 / lower = 0.000)
[20190918_074346 / lib_ip.py:4593] file : img.20190918_074344.2019-09-17_10-41-29_000.jpg.2.png 1 (black : variance --> out of range (variance = 10.779 / upper = 0.000 / lower = 0.000))
[20190918_074346 / lib_ip.py:2274] inspecting ===> img.20190918_074344.2019-09-17_10-41-29_000.jpg.3.png
[20190918_074347 / lib_ip.py:4505] 
img.20190918_074344.2019-09-17_10-41-29_000.jpg.3.png 2 ---------------------
[20190918_074347 / lib_ip.py:3753] file = img.20190918_074344.2019-09-17_10-41-29_000.jpg.3.png / val_Average = 92.0164	val_Variance = 0.0162	sd = 0.1271	max = 93	min = 92
[20190918_074347 / lib_ip.py:3836] len(Hs) = 8100, len(Ss) = 8100, len(Vs) = 8100
[20190918_074347 / lib_ip.py:2274] inspecting ===> img.20190918_074344.2019-09-17_10-41-29_000.jpg.4.png
[20190918_074347 / lib_ip.py:4505] 
img.20190918_074344.2019-09-17_10-41-29_000.jpg.4.png 3 ---------------------
[20190918_074347 / lib_ip.py:3753] file = img.20190918_074344.2019-09-17_10-41-29_000.jpg.4.png / val_Average = 98.2678	val_Variance = 3.2400	sd = 1.8000	max = 111	min = 90
[20190918_074347 / lib_ip.py:3836] len(Hs) = 8100, len(Ss) = 8100, len(Vs) = 8100
[20190918_074347 / lib_ip.py:3869] yellow : variance --> out of range (variance = 3.240 / upper = 0.650 / lower = 0.000)
[20190918_074347 / lib_ip.py:3753] file = img.20190918_074344.2019-09-17_10-41-29_000.jpg.4.png / val_Average = 98.2678	val_Variance = 3.2400	sd = 1.8000	max = 111	min = 90
[20190918_074347 / lib_ip.py:3936] len(Hs) = 8100, len(Ss) = 8100, len(Vs) = 8100
[20190918_074347 / lib_ip.py:3982] red : variance --> out of range (variance = 3.240 / upper = 0.430 / lower = 0.000)
[20190918_074348 / lib_ip.py:3753] file = img.20190918_074344.2019-09-17_10-41-29_000.jpg.4.png / val_Average = 98.2678	val_Variance = 3.2400	sd = 1.8000	max = 111	min = 90
[20190918_074348 / lib_ip.py:4052] len(Hs) = 8100, len(Ss) = 8100, len(Vs) = 8100
[20190918_074348 / lib_ip.py:4099] green : variance --> out of range (variance = 3.240 / upper = 0.760 / lower = 0.000)
[20190918_074348 / lib_ip.py:3753] file = img.20190918_074344.2019-09-17_10-41-29_000.jpg.4.png / val_Average = 98.2678	val_Variance = 3.2400	sd = 1.8000	max = 111	min = 90
[20190918_074348 / lib_ip.py:4169] len(Hs) = 8100, len(Ss) = 8100, len(Vs) = 8100
[20190918_074348 / lib_ip.py:4208] blue : variance --> out of range (variance = 3.240 / upper = 0.930 / lower = 0.010)
[20190918_074348 / lib_ip.py:3753] file = img.20190918_074344.2019-09-17_10-41-29_000.jpg.4.png / val_Average = 98.2678	val_Variance = 3.2400	sd = 1.8000	max = 111	min = 90
[20190918_074348 / lib_ip.py:4275] len(Hs) = 8100, len(Ss) = 8100, len(Vs) = 8100
[20190918_074348 / lib_ip.py:4314] pink : variance --> out of range (variance = 3.240 / upper = 0.750 / lower = 0.030)
[20190918_074348 / lib_ip.py:3753] file = img.20190918_074344.2019-09-17_10-41-29_000.jpg.4.png / val_Average = 98.2678	val_Variance = 3.2400	sd = 1.8000	max = 111	min = 90
[20190918_074348 / lib_ip.py:4378] len(Hs) = 8100, len(Ss) = 8100, len(Vs) = 8100
[20190918_074348 / lib_ip.py:4422] black : variance --> out of range (variance = 3.240 / upper = 0.000 / lower = 0.000)
[20190918_074348 / lib_ip.py:4593] file : img.20190918_074344.2019-09-17_10-41-29_000.jpg.4.png 3 (black : variance --> out of range (variance = 3.240 / upper = 0.000 / lower = 0.000))
[20190918_074347 / lib_ip.py:2274] inspecting ===> img.20190918_074344.2019-09-17_10-41-29_000.jpg.4.png
img.20190918_074344.2019-09-17_10-41-29_000.jpg.1.png => other
img.20190918_074344.2019-09-17_10-41-29_000.jpg.2.png => other
img.20190918_074344.2019-09-17_10-41-29_000.jpg.3.png => other
img.20190918_074344.2019-09-17_10-41-29_000.jpg.4.png => other
[20190918_074348 lib_ip.py:3301] =============== Get 4 corners
dpath_Images = C:\WORKS_2\WS\WS_Others.Art\JVEMV6\46_art\VIRTUAL\Admin_Projects\ip\images
fname_Image = img.20190918_074344.2019-09-17_10-41-29_000.jpg.4.png

[20190918_074349 / lib_ip.py:2274] inspecting ===> img.20190918_074348.2019-09-17_15-58-48_000.jpg.1.png
[20190918_074349 / lib_ip.py:4505] 
img.20190918_074348.2019-09-17_15-58-48_000.jpg.1.png 0 ---------------------
[20190918_074349 / lib_ip.py:3753] file = img.20190918_074348.2019-09-17_15-58-48_000.jpg.1.png / val_Average = 108.0220	val_Variance = 1.7378	sd = 1.3183	max = 113	min = 103
[20190918_074349 / lib_ip.py:3836] len(Hs) = 8100, len(Ss) = 8100, len(Vs) = 8100
[20190918_074349 / lib_ip.py:3869] yellow : variance --> out of range (variance = 1.738 / upper = 0.650 / lower = 0.000)
[20190918_074349 / lib_ip.py:3753] file = img.20190918_074348.2019-09-17_15-58-48_000.jpg.1.png / val_Average = 108.0220	val_Variance = 1.7378	sd = 1.3183	max = 113	min = 103
[20190918_074349 / lib_ip.py:3936] len(Hs) = 8100, len(Ss) = 8100, len(Vs) = 8100
[20190918_074349 / lib_ip.py:3982] red : variance --> out of range (variance = 1.738 / upper = 0.430 / lower = 0.000)
[20190918_074349 / lib_ip.py:3753] file = img.20190918_074348.2019-09-17_15-58-48_000.jpg.1.png / val_Average = 108.0220	val_Variance = 1.7378	sd = 1.3183	max = 113	min = 103
[20190918_074349 / lib_ip.py:4052] len(Hs) = 8100, len(Ss) = 8100, len(Vs) = 8100
[20190918_074349 / lib_ip.py:4099] green : variance --> out of range (variance = 1.738 / upper = 0.760 / lower = 0.000)
[20190918_074350 / lib_ip.py:3753] file = img.20190918_074348.2019-09-17_15-58-48_000.jpg.1.png / val_Average = 108.0220	val_Variance = 1.7378	sd = 1.3183	max = 113	min = 103
[20190918_074350 / lib_ip.py:4169] len(Hs) = 8100, len(Ss) = 8100, len(Vs) = 8100
[20190918_074350 / lib_ip.py:4208] blue : variance --> out of range (variance = 1.738 / upper = 0.930 / lower = 0.010)
[20190918_074350 / lib_ip.py:3753] file = img.20190918_074348.2019-09-17_15-58-48_000.jpg.1.png / val_Average = 108.0220	val_Variance = 1.7378	sd = 1.3183	max = 113	min = 103
[20190918_074350 / lib_ip.py:4275] len(Hs) = 8100, len(Ss) = 8100, len(Vs) = 8100
[20190918_074350 / lib_ip.py:4314] pink : variance --> out of range (variance = 1.738 / upper = 0.750 / lower = 0.030)
[20190918_074350 / lib_ip.py:3753] file = img.20190918_074348.2019-09-17_15-58-48_000.jpg.1.png / val_Average = 108.0220	val_Variance = 1.7378	sd = 1.3183	max = 113	min = 103
[20190918_074350 / lib_ip.py:4378] len(Hs) = 8100, len(Ss) = 8100, len(Vs) = 8100
[20190918_074350 / lib_ip.py:4422] black : variance --> out of range (variance = 1.738 / upper = 0.000 / lower = 0.000)
[20190918_074350 / lib_ip.py:4593] file : img.20190918_074348.2019-09-17_15-58-48_000.jpg.1.png 0 (black : variance --> out of range (variance = 1.738 / upper = 0.000 / lower = 0.000))
[20190918_074350 / lib_ip.py:2274] inspecting ===> img.20190918_074348.2019-09-17_15-58-48_000.jpg.2.png
[20190918_074350 / lib_ip.py:4505] 
img.20190918_074348.2019-09-17_15-58-48_000.jpg.2.png 1 ---------------------
[20190918_074350 / lib_ip.py:3753] file = img.20190918_074348.2019-09-17_15-58-48_000.jpg.2.png / val_Average = 94.6959	val_Variance = 0.2116	sd = 0.4600	max = 95	min = 94
[20190918_074350 / lib_ip.py:3836] len(Hs) = 8100, len(Ss) = 8100, len(Vs) = 8100
[20190918_074350 / lib_ip.py:2274] inspecting ===> img.20190918_074348.2019-09-17_15-58-48_000.jpg.3.png
[20190918_074351 / lib_ip.py:4505] 
img.20190918_074348.2019-09-17_15-58-48_000.jpg.3.png 2 ---------------------
[20190918_074351 / lib_ip.py:3753] file = img.20190918_074348.2019-09-17_15-58-48_000.jpg.3.png / val_Average = 103.8747	val_Variance = 1.8745	sd = 1.3691	max = 108	min = 99
[20190918_074351 / lib_ip.py:3836] len(Hs) = 8100, len(Ss) = 8100, len(Vs) = 8100
[20190918_074351 / lib_ip.py:3869] yellow : variance --> out of range (variance = 1.875 / upper = 0.650 / lower = 0.000)
[20190918_074351 / lib_ip.py:3753] file = img.20190918_074348.2019-09-17_15-58-48_000.jpg.3.png / val_Average = 103.8747	val_Variance = 1.8745	sd = 1.3691	max = 108	min = 99
[20190918_074351 / lib_ip.py:3936] len(Hs) = 8100, len(Ss) = 8100, len(Vs) = 8100
[20190918_074351 / lib_ip.py:3982] red : variance --> out of range (variance = 1.875 / upper = 0.430 / lower = 0.000)
[20190918_074351 / lib_ip.py:3753] file = img.20190918_074348.2019-09-17_15-58-48_000.jpg.3.png / val_Average = 103.8747	val_Variance = 1.8745	sd = 1.3691	max = 108	min = 99
[20190918_074351 / lib_ip.py:4052] len(Hs) = 8100, len(Ss) = 8100, len(Vs) = 8100
[20190918_074351 / lib_ip.py:4099] green : variance --> out of range (variance = 1.875 / upper = 0.760 / lower = 0.000)
[20190918_074351 / lib_ip.py:3753] file = img.20190918_074348.2019-09-17_15-58-48_000.jpg.3.png / val_Average = 103.8747	val_Variance = 1.8745	sd = 1.3691	max = 108	min = 99
[20190918_074351 / lib_ip.py:4169] len(Hs) = 8100, len(Ss) = 8100, len(Vs) = 8100
[20190918_074351 / lib_ip.py:4208] blue : variance --> out of range (variance = 1.875 / upper = 0.930 / lower = 0.010)
[20190918_074351 / lib_ip.py:3753] file = img.20190918_074348.2019-09-17_15-58-48_000.jpg.3.png / val_Average = 103.8747	val_Variance = 1.8745	sd = 1.3691	max = 108	min = 99
[20190918_074351 / lib_ip.py:4275] len(Hs) = 8100, len(Ss) = 8100, len(Vs) = 8100
[20190918_074351 / lib_ip.py:4314] pink : variance --> out of range (variance = 1.875 / upper = 0.750 / lower = 0.030)
[20190918_074351 / lib_ip.py:3753] file = img.20190918_074348.2019-09-17_15-58-48_000.jpg.3.png / val_Average = 103.8747	val_Variance = 1.8745	sd = 1.3691	max = 108	min = 99
[20190918_074351 / lib_ip.py:4378] len(Hs) = 8100, len(Ss) = 8100, len(Vs) = 8100
[20190918_074351 / lib_ip.py:4422] black : variance --> out of range (variance = 1.875 / upper = 0.000 / lower = 0.000)
[20190918_074351 / lib_ip.py:4593] file : img.20190918_074348.2019-09-17_15-58-48_000.jpg.3.png 2 (black : variance --> out of range (variance = 1.875 / upper = 0.000 / lower = 0.000))
[20190918_074352 / lib_ip.py:2274] inspecting ===> img.20190918_074348.2019-09-17_15-58-48_000.jpg.4.png
[20190918_074352 / lib_ip.py:4505] 
img.20190918_074348.2019-09-17_15-58-48_000.jpg.4.png 3 ---------------------
[20190918_074352 / lib_ip.py:3753] file = img.20190918_074348.2019-09-17_15-58-48_000.jpg.4.png / val_Average = 119.5393	val_Variance = 0.2485	sd = 0.4985	max = 120	min = 119
[20190918_074352 / lib_ip.py:3836] len(Hs) = 8100, len(Ss) = 8100, len(Vs) = 8100
[20190918_074352 / lib_ip.py:3891] yellow : average --> out of range (average = 119.539 / upper = 99.200 / lower = 85.500)
[20190918_074352 / lib_ip.py:3753] file = img.20190918_074348.2019-09-17_15-58-48_000.jpg.4.png / val_Average = 119.5393	val_Variance = 0.2485	sd = 0.4985	max = 120	min = 119
[20190918_074352 / lib_ip.py:3936] len(Hs) = 8100, len(Ss) = 8100, len(Vs) = 8100
[20190918_074352 / lib_ip.py:2274] inspecting ===> img.20190918_074348.2019-09-17_15-58-48_000.jpg.4.png
img.20190918_074348.2019-09-17_15-58-48_000.jpg.1.png => other
img.20190918_074348.2019-09-17_15-58-48_000.jpg.2.png => other
img.20190918_074348.2019-09-17_15-58-48_000.jpg.3.png => other
img.20190918_074348.2019-09-17_15-58-48_000.jpg.4.png => other
[20190918_074352 lib_ip.py:3301] =============== Get 4 corners
dpath_Images = C:\WORKS_2\WS\WS_Others.Art\JVEMV6\46_art\VIRTUAL\Admin_Projects\ip\images
fname_Image = img.20190918_074348.2019-09-17_15-58-48_000.jpg.4.png

[20190918_074353 / lib_ip.py:2274] inspecting ===> img.20190918_074353.2019-09-17_18-17-05_000.jpg.1.png
[20190918_074353 / lib_ip.py:4505] 
img.20190918_074353.2019-09-17_18-17-05_000.jpg.1.png 0 ---------------------
[20190918_074353 / lib_ip.py:3753] file = img.20190918_074353.2019-09-17_18-17-05_000.jpg.1.png / val_Average = 111.5251	val_Variance = 11.5943	sd = 3.4050	max = 131	min = 100
[20190918_074353 / lib_ip.py:3836] len(Hs) = 8100, len(Ss) = 8100, len(Vs) = 8100
[20190918_074353 / lib_ip.py:3869] yellow : variance --> out of range (variance = 11.594 / upper = 0.650 / lower = 0.000)
[20190918_074353 / lib_ip.py:3753] file = img.20190918_074353.2019-09-17_18-17-05_000.jpg.1.png / val_Average = 111.5251	val_Variance = 11.5943	sd = 3.4050	max = 131	min = 100
[20190918_074353 / lib_ip.py:3936] len(Hs) = 8100, len(Ss) = 8100, len(Vs) = 8100
[20190918_074353 / lib_ip.py:3982] red : variance --> out of range (variance = 11.594 / upper = 0.430 / lower = 0.000)
[20190918_074353 / lib_ip.py:3753] file = img.20190918_074353.2019-09-17_18-17-05_000.jpg.1.png / val_Average = 111.5251	val_Variance = 11.5943	sd = 3.4050	max = 131	min = 100
[20190918_074353 / lib_ip.py:4052] len(Hs) = 8100, len(Ss) = 8100, len(Vs) = 8100
[20190918_074353 / lib_ip.py:4099] green : variance --> out of range (variance = 11.594 / upper = 0.760 / lower = 0.000)
[20190918_074353 / lib_ip.py:3753] file = img.20190918_074353.2019-09-17_18-17-05_000.jpg.1.png / val_Average = 111.5251	val_Variance = 11.5943	sd = 3.4050	max = 131	min = 100
[20190918_074353 / lib_ip.py:4169] len(Hs) = 8100, len(Ss) = 8100, len(Vs) = 8100
[20190918_074354 / lib_ip.py:4208] blue : variance --> out of range (variance = 11.594 / upper = 0.930 / lower = 0.010)
[20190918_074354 / lib_ip.py:3753] file = img.20190918_074353.2019-09-17_18-17-05_000.jpg.1.png / val_Average = 111.5251	val_Variance = 11.5943	sd = 3.4050	max = 131	min = 100
[20190918_074354 / lib_ip.py:4275] len(Hs) = 8100, len(Ss) = 8100, len(Vs) = 8100
[20190918_074354 / lib_ip.py:4314] pink : variance --> out of range (variance = 11.594 / upper = 0.750 / lower = 0.030)
[20190918_074354 / lib_ip.py:3753] file = img.20190918_074353.2019-09-17_18-17-05_000.jpg.1.png / val_Average = 111.5251	val_Variance = 11.5943	sd = 3.4050	max = 131	min = 100
[20190918_074354 / lib_ip.py:4378] len(Hs) = 8100, len(Ss) = 8100, len(Vs) = 8100
[20190918_074354 / lib_ip.py:4422] black : variance --> out of range (variance = 11.594 / upper = 0.000 / lower = 0.000)
[20190918_074354 / lib_ip.py:4593] file : img.20190918_074353.2019-09-17_18-17-05_000.jpg.1.png 0 (black : variance --> out of range (variance = 11.594 / upper = 0.000 / lower = 0.000))
[20190918_074354 / lib_ip.py:2274] inspecting ===> img.20190918_074353.2019-09-17_18-17-05_000.jpg.2.png
[20190918_074354 / lib_ip.py:4505] 
img.20190918_074353.2019-09-17_18-17-05_000.jpg.2.png 1 ---------------------
[20190918_074354 / lib_ip.py:3753] file = img.20190918_074353.2019-09-17_18-17-05_000.jpg.2.png / val_Average = 120.6617	val_Variance = 0.2310	sd = 0.4806	max = 122	min = 120
[20190918_074354 / lib_ip.py:3836] len(Hs) = 8100, len(Ss) = 8100, len(Vs) = 8100
[20190918_074354 / lib_ip.py:3891] yellow : average --> out of range (average = 120.662 / upper = 99.200 / lower = 85.500)
[20190918_074355 / lib_ip.py:3753] file = img.20190918_074353.2019-09-17_18-17-05_000.jpg.2.png / val_Average = 120.6617	val_Variance = 0.2310	sd = 0.4806	max = 122	min = 120
[20190918_074355 / lib_ip.py:3936] len(Hs) = 8100, len(Ss) = 8100, len(Vs) = 8100
[20190918_074355 / lib_ip.py:2274] inspecting ===> img.20190918_074353.2019-09-17_18-17-05_000.jpg.3.png
[20190918_074355 / lib_ip.py:4505] 
img.20190918_074353.2019-09-17_18-17-05_000.jpg.3.png 2 ---------------------
[20190918_074355 / lib_ip.py:3753] file = img.20190918_074353.2019-09-17_18-17-05_000.jpg.3.png / val_Average = 109.1405	val_Variance = 14.4610	sd = 3.8028	max = 128	min = 95
[20190918_074355 / lib_ip.py:3836] len(Hs) = 8100, len(Ss) = 8100, len(Vs) = 8100
[20190918_074355 / lib_ip.py:3869] yellow : variance --> out of range (variance = 14.461 / upper = 0.650 / lower = 0.000)
[20190918_074355 / lib_ip.py:3753] file = img.20190918_074353.2019-09-17_18-17-05_000.jpg.3.png / val_Average = 109.1405	val_Variance = 14.4610	sd = 3.8028	max = 128	min = 95
[20190918_074355 / lib_ip.py:3936] len(Hs) = 8100, len(Ss) = 8100, len(Vs) = 8100
[20190918_074355 / lib_ip.py:3982] red : variance --> out of range (variance = 14.461 / upper = 0.430 / lower = 0.000)
[20190918_074355 / lib_ip.py:3753] file = img.20190918_074353.2019-09-17_18-17-05_000.jpg.3.png / val_Average = 109.1405	val_Variance = 14.4610	sd = 3.8028	max = 128	min = 95
[20190918_074355 / lib_ip.py:4052] len(Hs) = 8100, len(Ss) = 8100, len(Vs) = 8100
[20190918_074355 / lib_ip.py:4099] green : variance --> out of range (variance = 14.461 / upper = 0.760 / lower = 0.000)
[20190918_074355 / lib_ip.py:3753] file = img.20190918_074353.2019-09-17_18-17-05_000.jpg.3.png / val_Average = 109.1405	val_Variance = 14.4610	sd = 3.8028	max = 128	min = 95
[20190918_074355 / lib_ip.py:4169] len(Hs) = 8100, len(Ss) = 8100, len(Vs) = 8100
[20190918_074355 / lib_ip.py:4208] blue : variance --> out of range (variance = 14.461 / upper = 0.930 / lower = 0.010)
[20190918_074356 / lib_ip.py:3753] file = img.20190918_074353.2019-09-17_18-17-05_000.jpg.3.png / val_Average = 109.1405	val_Variance = 14.4610	sd = 3.8028	max = 128	min = 95
[20190918_074356 / lib_ip.py:4275] len(Hs) = 8100, len(Ss) = 8100, len(Vs) = 8100
[20190918_074356 / lib_ip.py:4314] pink : variance --> out of range (variance = 14.461 / upper = 0.750 / lower = 0.030)
[20190918_074356 / lib_ip.py:3753] file = img.20190918_074353.2019-09-17_18-17-05_000.jpg.3.png / val_Average = 109.1405	val_Variance = 14.4610	sd = 3.8028	max = 128	min = 95
[20190918_074356 / lib_ip.py:4378] len(Hs) = 8100, len(Ss) = 8100, len(Vs) = 8100
[20190918_074356 / lib_ip.py:4422] black : variance --> out of range (variance = 14.461 / upper = 0.000 / lower = 0.000)
[20190918_074356 / lib_ip.py:4593] file : img.20190918_074353.2019-09-17_18-17-05_000.jpg.3.png 2 (black : variance --> out of range (variance = 14.461 / upper = 0.000 / lower = 0.000))
[20190918_074356 / lib_ip.py:2274] inspecting ===> img.20190918_074353.2019-09-17_18-17-05_000.jpg.4.png
[20190918_074356 / lib_ip.py:4505] 
img.20190918_074353.2019-09-17_18-17-05_000.jpg.4.png 3 ---------------------
[20190918_074356 / lib_ip.py:3753] file = img.20190918_074353.2019-09-17_18-17-05_000.jpg.4.png / val_Average = 109.9162	val_Variance = 65.8432	sd = 8.1144	max = 137	min = 50
[20190918_074356 / lib_ip.py:3836] len(Hs) = 8100, len(Ss) = 8100, len(Vs) = 8100
[20190918_074356 / lib_ip.py:3869] yellow : variance --> out of range (variance = 65.843 / upper = 0.650 / lower = 0.000)
[20190918_074356 / lib_ip.py:3753] file = img.20190918_074353.2019-09-17_18-17-05_000.jpg.4.png / val_Average = 109.9162	val_Variance = 65.8432	sd = 8.1144	max = 137	min = 50
[20190918_074356 / lib_ip.py:3936] len(Hs) = 8100, len(Ss) = 8100, len(Vs) = 8100
[20190918_074357 / lib_ip.py:3982] red : variance --> out of range (variance = 65.843 / upper = 0.430 / lower = 0.000)
[20190918_074357 / lib_ip.py:3753] file = img.20190918_074353.2019-09-17_18-17-05_000.jpg.4.png / val_Average = 109.9162	val_Variance = 65.8432	sd = 8.1144	max = 137	min = 50
[20190918_074357 / lib_ip.py:4052] len(Hs) = 8100, len(Ss) = 8100, len(Vs) = 8100
[20190918_074357 / lib_ip.py:4099] green : variance --> out of range (variance = 65.843 / upper = 0.760 / lower = 0.000)
[20190918_074357 / lib_ip.py:3753] file = img.20190918_074353.2019-09-17_18-17-05_000.jpg.4.png / val_Average = 109.9162	val_Variance = 65.8432	sd = 8.1144	max = 137	min = 50
[20190918_074357 / lib_ip.py:4169] len(Hs) = 8100, len(Ss) = 8100, len(Vs) = 8100
[20190918_074357 / lib_ip.py:4208] blue : variance --> out of range (variance = 65.843 / upper = 0.930 / lower = 0.010)
[20190918_074357 / lib_ip.py:3753] file = img.20190918_074353.2019-09-17_18-17-05_000.jpg.4.png / val_Average = 109.9162	val_Variance = 65.8432	sd = 8.1144	max = 137	min = 50
[20190918_074357 / lib_ip.py:4275] len(Hs) = 8100, len(Ss) = 8100, len(Vs) = 8100
[20190918_074357 / lib_ip.py:4314] pink : variance --> out of range (variance = 65.843 / upper = 0.750 / lower = 0.030)
[20190918_074357 / lib_ip.py:3753] file = img.20190918_074353.2019-09-17_18-17-05_000.jpg.4.png / val_Average = 109.9162	val_Variance = 65.8432	sd = 8.1144	max = 137	min = 50
[20190918_074357 / lib_ip.py:4378] len(Hs) = 8100, len(Ss) = 8100, len(Vs) = 8100
[20190918_074357 / lib_ip.py:4422] black : variance --> out of range (variance = 65.843 / upper = 0.000 / lower = 0.000)
[20190918_074357 / lib_ip.py:4593] file : img.20190918_074353.2019-09-17_18-17-05_000.jpg.4.png 3 (black : variance --> out of range (variance = 65.843 / upper = 0.000 / lower = 0.000))
[20190918_074356 / lib_ip.py:2274] inspecting ===> img.20190918_074353.2019-09-17_18-17-05_000.jpg.4.png
img.20190918_074353.2019-09-17_18-17-05_000.jpg.1.png => other
img.20190918_074353.2019-09-17_18-17-05_000.jpg.2.png => other
img.20190918_074353.2019-09-17_18-17-05_000.jpg.3.png => other
img.20190918_074353.2019-09-17_18-17-05_000.jpg.4.png => other
[20190918_074357 lib_ip.py:3301] =============== Get 4 corners
dpath_Images = C:\WORKS_2\WS\WS_Others.Art\JVEMV6\46_art\VIRTUAL\Admin_Projects\ip\images
fname_Image = img.20190918_074353.2019-09-17_18-17-05_000.jpg.4.png

[20190918_074358 / lib_ip.py:2274] inspecting ===> img.20190918_074358.2019-09-17_20-24-43_000.jpg.1.png
[20190918_074358 / lib_ip.py:4505] 
img.20190918_074358.2019-09-17_20-24-43_000.jpg.1.png 0 ---------------------
[20190918_074358 / lib_ip.py:3753] file = img.20190918_074358.2019-09-17_20-24-43_000.jpg.1.png / val_Average = 79.6806	val_Variance = 1427.6922	sd = 37.7848	max = 160	min = 0
[20190918_074358 / lib_ip.py:3836] len(Hs) = 8100, len(Ss) = 8100, len(Vs) = 8100
[20190918_074358 / lib_ip.py:3869] yellow : variance --> out of range (variance = 1427.692 / upper = 0.650 / lower = 0.000)
[20190918_074358 / lib_ip.py:3753] file = img.20190918_074358.2019-09-17_20-24-43_000.jpg.1.png / val_Average = 79.6806	val_Variance = 1427.6922	sd = 37.7848	max = 160	min = 0
[20190918_074358 / lib_ip.py:3936] len(Hs) = 8100, len(Ss) = 8100, len(Vs) = 8100
[20190918_074358 / lib_ip.py:3982] red : variance --> out of range (variance = 1427.692 / upper = 0.430 / lower = 0.000)
[20190918_074359 / lib_ip.py:3753] file = img.20190918_074358.2019-09-17_20-24-43_000.jpg.1.png / val_Average = 79.6806	val_Variance = 1427.6922	sd = 37.7848	max = 160	min = 0
[20190918_074359 / lib_ip.py:4052] len(Hs) = 8100, len(Ss) = 8100, len(Vs) = 8100
[20190918_074359 / lib_ip.py:4099] green : variance --> out of range (variance = 1427.692 / upper = 0.760 / lower = 0.000)
[20190918_074359 / lib_ip.py:3753] file = img.20190918_074358.2019-09-17_20-24-43_000.jpg.1.png / val_Average = 79.6806	val_Variance = 1427.6922	sd = 37.7848	max = 160	min = 0
[20190918_074359 / lib_ip.py:4169] len(Hs) = 8100, len(Ss) = 8100, len(Vs) = 8100
[20190918_074359 / lib_ip.py:4208] blue : variance --> out of range (variance = 1427.692 / upper = 0.930 / lower = 0.010)
[20190918_074359 / lib_ip.py:3753] file = img.20190918_074358.2019-09-17_20-24-43_000.jpg.1.png / val_Average = 79.6806	val_Variance = 1427.6922	sd = 37.7848	max = 160	min = 0
[20190918_074359 / lib_ip.py:4275] len(Hs) = 8100, len(Ss) = 8100, len(Vs) = 8100
[20190918_074359 / lib_ip.py:4314] pink : variance --> out of range (variance = 1427.692 / upper = 0.750 / lower = 0.030)
[20190918_074359 / lib_ip.py:3753] file = img.20190918_074358.2019-09-17_20-24-43_000.jpg.1.png / val_Average = 79.6806	val_Variance = 1427.6922	sd = 37.7848	max = 160	min = 0
[20190918_074359 / lib_ip.py:4378] len(Hs) = 8100, len(Ss) = 8100, len(Vs) = 8100
[20190918_074359 / lib_ip.py:4422] black : variance --> out of range (variance = 1427.692 / upper = 0.000 / lower = 0.000)
[20190918_074359 / lib_ip.py:4593] file : img.20190918_074358.2019-09-17_20-24-43_000.jpg.1.png 0 (black : variance --> out of range (variance = 1427.692 / upper = 0.000 / lower = 0.000))
[20190918_074359 / lib_ip.py:2274] inspecting ===> img.20190918_074358.2019-09-17_20-24-43_000.jpg.2.png
[20190918_074359 / lib_ip.py:4505] 
img.20190918_074358.2019-09-17_20-24-43_000.jpg.2.png 1 ---------------------
[20190918_074359 / lib_ip.py:3753] file = img.20190918_074358.2019-09-17_20-24-43_000.jpg.2.png / val_Average = 87.4686	val_Variance = 1437.9112	sd = 37.9198	max = 135	min = 0
[20190918_074359 / lib_ip.py:3836] len(Hs) = 8100, len(Ss) = 8100, len(Vs) = 8100
[20190918_074400 / lib_ip.py:3869] yellow : variance --> out of range (variance = 1437.911 / upper = 0.650 / lower = 0.000)
[20190918_074400 / lib_ip.py:3753] file = img.20190918_074358.2019-09-17_20-24-43_000.jpg.2.png / val_Average = 87.4686	val_Variance = 1437.9112	sd = 37.9198	max = 135	min = 0
[20190918_074400 / lib_ip.py:3936] len(Hs) = 8100, len(Ss) = 8100, len(Vs) = 8100
[20190918_074400 / lib_ip.py:3982] red : variance --> out of range (variance = 1437.911 / upper = 0.430 / lower = 0.000)
[20190918_074400 / lib_ip.py:3753] file = img.20190918_074358.2019-09-17_20-24-43_000.jpg.2.png / val_Average = 87.4686	val_Variance = 1437.9112	sd = 37.9198	max = 135	min = 0
[20190918_074400 / lib_ip.py:4052] len(Hs) = 8100, len(Ss) = 8100, len(Vs) = 8100
[20190918_074400 / lib_ip.py:4099] green : variance --> out of range (variance = 1437.911 / upper = 0.760 / lower = 0.000)
[20190918_074400 / lib_ip.py:3753] file = img.20190918_074358.2019-09-17_20-24-43_000.jpg.2.png / val_Average = 87.4686	val_Variance = 1437.9112	sd = 37.9198	max = 135	min = 0
[20190918_074400 / lib_ip.py:4169] len(Hs) = 8100, len(Ss) = 8100, len(Vs) = 8100
[20190918_074400 / lib_ip.py:4208] blue : variance --> out of range (variance = 1437.911 / upper = 0.930 / lower = 0.010)
[20190918_074400 / lib_ip.py:3753] file = img.20190918_074358.2019-09-17_20-24-43_000.jpg.2.png / val_Average = 87.4686	val_Variance = 1437.9112	sd = 37.9198	max = 135	min = 0
[20190918_074400 / lib_ip.py:4275] len(Hs) = 8100, len(Ss) = 8100, len(Vs) = 8100
[20190918_074400 / lib_ip.py:4314] pink : variance --> out of range (variance = 1437.911 / upper = 0.750 / lower = 0.030)
[20190918_074400 / lib_ip.py:3753] file = img.20190918_074358.2019-09-17_20-24-43_000.jpg.2.png / val_Average = 87.4686	val_Variance = 1437.9112	sd = 37.9198	max = 135	min = 0
[20190918_074400 / lib_ip.py:4378] len(Hs) = 8100, len(Ss) = 8100, len(Vs) = 8100
[20190918_074400 / lib_ip.py:4422] black : variance --> out of range (variance = 1437.911 / upper = 0.000 / lower = 0.000)
[20190918_074400 / lib_ip.py:4593] file : img.20190918_074358.2019-09-17_20-24-43_000.jpg.2.png 1 (black : variance --> out of range (variance = 1437.911 / upper = 0.000 / lower = 0.000))
[20190918_074400 / lib_ip.py:2274] inspecting ===> img.20190918_074358.2019-09-17_20-24-43_000.jpg.3.png
[20190918_074401 / lib_ip.py:4505] 
img.20190918_074358.2019-09-17_20-24-43_000.jpg.3.png 2 ---------------------
[20190918_074401 / lib_ip.py:3753] file = img.20190918_074358.2019-09-17_20-24-43_000.jpg.3.png / val_Average = 91.0665	val_Variance = 0.0762	sd = 0.2760	max = 92	min = 90
[20190918_074401 / lib_ip.py:3836] len(Hs) = 8100, len(Ss) = 8100, len(Vs) = 8100
[20190918_074401 / lib_ip.py:2274] inspecting ===> img.20190918_074358.2019-09-17_20-24-43_000.jpg.4.png
[20190918_074401 / lib_ip.py:4505] 
img.20190918_074358.2019-09-17_20-24-43_000.jpg.4.png 3 ---------------------
[20190918_074401 / lib_ip.py:3753] file = img.20190918_074358.2019-09-17_20-24-43_000.jpg.4.png / val_Average = 108.4689	val_Variance = 6.8234	sd = 2.6122	max = 119	min = 103
[20190918_074401 / lib_ip.py:3836] len(Hs) = 8100, len(Ss) = 8100, len(Vs) = 8100
[20190918_074401 / lib_ip.py:3869] yellow : variance --> out of range (variance = 6.823 / upper = 0.650 / lower = 0.000)
[20190918_074401 / lib_ip.py:3753] file = img.20190918_074358.2019-09-17_20-24-43_000.jpg.4.png / val_Average = 108.4689	val_Variance = 6.8234	sd = 2.6122	max = 119	min = 103
[20190918_074401 / lib_ip.py:3936] len(Hs) = 8100, len(Ss) = 8100, len(Vs) = 8100
[20190918_074401 / lib_ip.py:3982] red : variance --> out of range (variance = 6.823 / upper = 0.430 / lower = 0.000)
[20190918_074401 / lib_ip.py:3753] file = img.20190918_074358.2019-09-17_20-24-43_000.jpg.4.png / val_Average = 108.4689	val_Variance = 6.8234	sd = 2.6122	max = 119	min = 103
[20190918_074401 / lib_ip.py:4052] len(Hs) = 8100, len(Ss) = 8100, len(Vs) = 8100
[20190918_074402 / lib_ip.py:4099] green : variance --> out of range (variance = 6.823 / upper = 0.760 / lower = 0.000)
[20190918_074402 / lib_ip.py:3753] file = img.20190918_074358.2019-09-17_20-24-43_000.jpg.4.png / val_Average = 108.4689	val_Variance = 6.8234	sd = 2.6122	max = 119	min = 103
[20190918_074402 / lib_ip.py:4169] len(Hs) = 8100, len(Ss) = 8100, len(Vs) = 8100
[20190918_074402 / lib_ip.py:4208] blue : variance --> out of range (variance = 6.823 / upper = 0.930 / lower = 0.010)
[20190918_074402 / lib_ip.py:3753] file = img.20190918_074358.2019-09-17_20-24-43_000.jpg.4.png / val_Average = 108.4689	val_Variance = 6.8234	sd = 2.6122	max = 119	min = 103
[20190918_074402 / lib_ip.py:4275] len(Hs) = 8100, len(Ss) = 8100, len(Vs) = 8100
[20190918_074402 / lib_ip.py:4314] pink : variance --> out of range (variance = 6.823 / upper = 0.750 / lower = 0.030)
[20190918_074402 / lib_ip.py:3753] file = img.20190918_074358.2019-09-17_20-24-43_000.jpg.4.png / val_Average = 108.4689	val_Variance = 6.8234	sd = 2.6122	max = 119	min = 103
[20190918_074402 / lib_ip.py:4378] len(Hs) = 8100, len(Ss) = 8100, len(Vs) = 8100
[20190918_074402 / lib_ip.py:4422] black : variance --> out of range (variance = 6.823 / upper = 0.000 / lower = 0.000)
[20190918_074402 / lib_ip.py:4593] file : img.20190918_074358.2019-09-17_20-24-43_000.jpg.4.png 3 (black : variance --> out of range (variance = 6.823 / upper = 0.000 / lower = 0.000))
[20190918_074401 / lib_ip.py:2274] inspecting ===> img.20190918_074358.2019-09-17_20-24-43_000.jpg.4.png
img.20190918_074358.2019-09-17_20-24-43_000.jpg.1.png => other
img.20190918_074358.2019-09-17_20-24-43_000.jpg.2.png => other
img.20190918_074358.2019-09-17_20-24-43_000.jpg.3.png => other
img.20190918_074358.2019-09-17_20-24-43_000.jpg.4.png => other
[20190918_074402 lib_ip.py:3301] =============== Get 4 corners
dpath_Images = C:\WORKS_2\WS\WS_Others.Art\JVEMV6\46_art\VIRTUAL\Admin_Projects\ip\images
fname_Image = img.20190918_074358.2019-09-17_20-24-43_000.jpg.4.png

[20190918_074402 / lib_ip.py:2274] inspecting ===> img.20190918_074402.2019-09-17_22-35-11_000.jpg.1.png
[20190918_074403 / lib_ip.py:4505] 
img.20190918_074402.2019-09-17_22-35-11_000.jpg.1.png 0 ---------------------
[20190918_074403 / lib_ip.py:3753] file = img.20190918_074402.2019-09-17_22-35-11_000.jpg.1.png / val_Average = 106.8633	val_Variance = 2.0780	sd = 1.4415	max = 111	min = 102
[20190918_074403 / lib_ip.py:3836] len(Hs) = 8100, len(Ss) = 8100, len(Vs) = 8100
[20190918_074403 / lib_ip.py:3869] yellow : variance --> out of range (variance = 2.078 / upper = 0.650 / lower = 0.000)
[20190918_074403 / lib_ip.py:3753] file = img.20190918_074402.2019-09-17_22-35-11_000.jpg.1.png / val_Average = 106.8633	val_Variance = 2.0780	sd = 1.4415	max = 111	min = 102
[20190918_074403 / lib_ip.py:3936] len(Hs) = 8100, len(Ss) = 8100, len(Vs) = 8100
[20190918_074403 / lib_ip.py:3982] red : variance --> out of range (variance = 2.078 / upper = 0.430 / lower = 0.000)
[20190918_074403 / lib_ip.py:3753] file = img.20190918_074402.2019-09-17_22-35-11_000.jpg.1.png / val_Average = 106.8633	val_Variance = 2.0780	sd = 1.4415	max = 111	min = 102
[20190918_074403 / lib_ip.py:4052] len(Hs) = 8100, len(Ss) = 8100, len(Vs) = 8100
[20190918_074403 / lib_ip.py:4099] green : variance --> out of range (variance = 2.078 / upper = 0.760 / lower = 0.000)
[20190918_074403 / lib_ip.py:3753] file = img.20190918_074402.2019-09-17_22-35-11_000.jpg.1.png / val_Average = 106.8633	val_Variance = 2.0780	sd = 1.4415	max = 111	min = 102
[20190918_074403 / lib_ip.py:4169] len(Hs) = 8100, len(Ss) = 8100, len(Vs) = 8100
[20190918_074403 / lib_ip.py:4208] blue : variance --> out of range (variance = 2.078 / upper = 0.930 / lower = 0.010)
[20190918_074404 / lib_ip.py:3753] file = img.20190918_074402.2019-09-17_22-35-11_000.jpg.1.png / val_Average = 106.8633	val_Variance = 2.0780	sd = 1.4415	max = 111	min = 102
[20190918_074404 / lib_ip.py:4275] len(Hs) = 8100, len(Ss) = 8100, len(Vs) = 8100
[20190918_074404 / lib_ip.py:4314] pink : variance --> out of range (variance = 2.078 / upper = 0.750 / lower = 0.030)
[20190918_074404 / lib_ip.py:3753] file = img.20190918_074402.2019-09-17_22-35-11_000.jpg.1.png / val_Average = 106.8633	val_Variance = 2.0780	sd = 1.4415	max = 111	min = 102
[20190918_074404 / lib_ip.py:4378] len(Hs) = 8100, len(Ss) = 8100, len(Vs) = 8100
[20190918_074404 / lib_ip.py:4422] black : variance --> out of range (variance = 2.078 / upper = 0.000 / lower = 0.000)
[20190918_074404 / lib_ip.py:4593] file : img.20190918_074402.2019-09-17_22-35-11_000.jpg.1.png 0 (black : variance --> out of range (variance = 2.078 / upper = 0.000 / lower = 0.000))
[20190918_074404 / lib_ip.py:2274] inspecting ===> img.20190918_074402.2019-09-17_22-35-11_000.jpg.2.png
[20190918_074404 / lib_ip.py:4505] 
img.20190918_074402.2019-09-17_22-35-11_000.jpg.2.png 1 ---------------------
[20190918_074404 / lib_ip.py:3753] file = img.20190918_074402.2019-09-17_22-35-11_000.jpg.2.png / val_Average = 120.6389	val_Variance = 0.2443	sd = 0.4943	max = 122	min = 119
[20190918_074404 / lib_ip.py:3836] len(Hs) = 8100, len(Ss) = 8100, len(Vs) = 8100
[20190918_074404 / lib_ip.py:3891] yellow : average --> out of range (average = 120.639 / upper = 99.200 / lower = 85.500)
[20190918_074404 / lib_ip.py:3753] file = img.20190918_074402.2019-09-17_22-35-11_000.jpg.2.png / val_Average = 120.6389	val_Variance = 0.2443	sd = 0.4943	max = 122	min = 119
[20190918_074404 / lib_ip.py:3936] len(Hs) = 8100, len(Ss) = 8100, len(Vs) = 8100
[20190918_074404 / lib_ip.py:2274] inspecting ===> img.20190918_074402.2019-09-17_22-35-11_000.jpg.3.png
[20190918_074404 / lib_ip.py:4505] 
img.20190918_074402.2019-09-17_22-35-11_000.jpg.3.png 2 ---------------------
[20190918_074405 / lib_ip.py:3753] file = img.20190918_074402.2019-09-17_22-35-11_000.jpg.3.png / val_Average = 108.4694	val_Variance = 6.9750	sd = 2.6410	max = 117	min = 99
[20190918_074405 / lib_ip.py:3836] len(Hs) = 8100, len(Ss) = 8100, len(Vs) = 8100
[20190918_074405 / lib_ip.py:3869] yellow : variance --> out of range (variance = 6.975 / upper = 0.650 / lower = 0.000)
[20190918_074405 / lib_ip.py:3753] file = img.20190918_074402.2019-09-17_22-35-11_000.jpg.3.png / val_Average = 108.4694	val_Variance = 6.9750	sd = 2.6410	max = 117	min = 99
[20190918_074405 / lib_ip.py:3936] len(Hs) = 8100, len(Ss) = 8100, len(Vs) = 8100
[20190918_074405 / lib_ip.py:3982] red : variance --> out of range (variance = 6.975 / upper = 0.430 / lower = 0.000)
[20190918_074405 / lib_ip.py:3753] file = img.20190918_074402.2019-09-17_22-35-11_000.jpg.3.png / val_Average = 108.4694	val_Variance = 6.9750	sd = 2.6410	max = 117	min = 99
[20190918_074405 / lib_ip.py:4052] len(Hs) = 8100, len(Ss) = 8100, len(Vs) = 8100
[20190918_074405 / lib_ip.py:4099] green : variance --> out of range (variance = 6.975 / upper = 0.760 / lower = 0.000)
[20190918_074405 / lib_ip.py:3753] file = img.20190918_074402.2019-09-17_22-35-11_000.jpg.3.png / val_Average = 108.4694	val_Variance = 6.9750	sd = 2.6410	max = 117	min = 99
[20190918_074405 / lib_ip.py:4169] len(Hs) = 8100, len(Ss) = 8100, len(Vs) = 8100
[20190918_074405 / lib_ip.py:4208] blue : variance --> out of range (variance = 6.975 / upper = 0.930 / lower = 0.010)
[20190918_074405 / lib_ip.py:3753] file = img.20190918_074402.2019-09-17_22-35-11_000.jpg.3.png / val_Average = 108.4694	val_Variance = 6.9750	sd = 2.6410	max = 117	min = 99
[20190918_074405 / lib_ip.py:4275] len(Hs) = 8100, len(Ss) = 8100, len(Vs) = 8100
[20190918_074405 / lib_ip.py:4314] pink : variance --> out of range (variance = 6.975 / upper = 0.750 / lower = 0.030)
[20190918_074405 / lib_ip.py:3753] file = img.20190918_074402.2019-09-17_22-35-11_000.jpg.3.png / val_Average = 108.4694	val_Variance = 6.9750	sd = 2.6410	max = 117	min = 99
[20190918_074405 / lib_ip.py:4378] len(Hs) = 8100, len(Ss) = 8100, len(Vs) = 8100
[20190918_074405 / lib_ip.py:4422] black : variance --> out of range (variance = 6.975 / upper = 0.000 / lower = 0.000)
[20190918_074405 / lib_ip.py:4593] file : img.20190918_074402.2019-09-17_22-35-11_000.jpg.3.png 2 (black : variance --> out of range (variance = 6.975 / upper = 0.000 / lower = 0.000))
[20190918_074406 / lib_ip.py:2274] inspecting ===> img.20190918_074402.2019-09-17_22-35-11_000.jpg.4.png
[20190918_074406 / lib_ip.py:4505] 
img.20190918_074402.2019-09-17_22-35-11_000.jpg.4.png 3 ---------------------
[20190918_074406 / lib_ip.py:3753] file = img.20190918_074402.2019-09-17_22-35-11_000.jpg.4.png / val_Average = 77.5604	val_Variance = 0.2550	sd = 0.5050	max = 79	min = 76
[20190918_074406 / lib_ip.py:3836] len(Hs) = 8100, len(Ss) = 8100, len(Vs) = 8100
[20190918_074406 / lib_ip.py:3891] yellow : average --> out of range (average = 77.560 / upper = 99.200 / lower = 85.500)
[20190918_074406 / lib_ip.py:3753] file = img.20190918_074402.2019-09-17_22-35-11_000.jpg.4.png / val_Average = 77.5604	val_Variance = 0.2550	sd = 0.5050	max = 79	min = 76
[20190918_074406 / lib_ip.py:3936] len(Hs) = 8100, len(Ss) = 8100, len(Vs) = 8100
[20190918_074406 / lib_ip.py:4007] red : average --> out of range (average = 77.560 / upper = 124.600 / lower = 115.000)
[20190918_074406 / lib_ip.py:3753] file = img.20190918_074402.2019-09-17_22-35-11_000.jpg.4.png / val_Average = 77.5604	val_Variance = 0.2550	sd = 0.5050	max = 79	min = 76
[20190918_074406 / lib_ip.py:4052] len(Hs) = 8100, len(Ss) = 8100, len(Vs) = 8100
[20190918_074406 / lib_ip.py:2274] inspecting ===> img.20190918_074402.2019-09-17_22-35-11_000.jpg.4.png
img.20190918_074402.2019-09-17_22-35-11_000.jpg.1.png => other
img.20190918_074402.2019-09-17_22-35-11_000.jpg.2.png => other
img.20190918_074402.2019-09-17_22-35-11_000.jpg.3.png => other
img.20190918_074402.2019-09-17_22-35-11_000.jpg.4.png => other
[20190918_074406 lib_ip.py:3301] =============== Get 4 corners
dpath_Images = C:\WORKS_2\WS\WS_Others.Art\JVEMV6\46_art\VIRTUAL\Admin_Projects\ip\images
fname_Image = img.20190918_074402.2019-09-17_22-35-11_000.jpg.4.png

[20190918_074406 / lib_ip.py:2274] inspecting ===> img.20190918_074406.2019-09-18_01-01-01_000.png.1.png
[20190918_074407 / lib_ip.py:4505] 
img.20190918_074406.2019-09-18_01-01-01_000.png.1.png 0 ---------------------
[20190918_074407 / lib_ip.py:3753] file = img.20190918_074406.2019-09-18_01-01-01_000.png.1.png / val_Average = 80.1814	val_Variance = 1429.0702	sd = 37.8030	max = 150	min = 0
[20190918_074407 / lib_ip.py:3836] len(Hs) = 8100, len(Ss) = 8100, len(Vs) = 8100
[20190918_074407 / lib_ip.py:3869] yellow : variance --> out of range (variance = 1429.070 / upper = 0.650 / lower = 0.000)
[20190918_074407 / lib_ip.py:3753] file = img.20190918_074406.2019-09-18_01-01-01_000.png.1.png / val_Average = 80.1814	val_Variance = 1429.0702	sd = 37.8030	max = 150	min = 0
[20190918_074407 / lib_ip.py:3936] len(Hs) = 8100, len(Ss) = 8100, len(Vs) = 8100
[20190918_074407 / lib_ip.py:3982] red : variance --> out of range (variance = 1429.070 / upper = 0.430 / lower = 0.000)
[20190918_074407 / lib_ip.py:3753] file = img.20190918_074406.2019-09-18_01-01-01_000.png.1.png / val_Average = 80.1814	val_Variance = 1429.0702	sd = 37.8030	max = 150	min = 0
[20190918_074407 / lib_ip.py:4052] len(Hs) = 8100, len(Ss) = 8100, len(Vs) = 8100
[20190918_074407 / lib_ip.py:4099] green : variance --> out of range (variance = 1429.070 / upper = 0.760 / lower = 0.000)
[20190918_074407 / lib_ip.py:3753] file = img.20190918_074406.2019-09-18_01-01-01_000.png.1.png / val_Average = 80.1814	val_Variance = 1429.0702	sd = 37.8030	max = 150	min = 0
[20190918_074407 / lib_ip.py:4169] len(Hs) = 8100, len(Ss) = 8100, len(Vs) = 8100
[20190918_074407 / lib_ip.py:4208] blue : variance --> out of range (variance = 1429.070 / upper = 0.930 / lower = 0.010)
[20190918_074407 / lib_ip.py:3753] file = img.20190918_074406.2019-09-18_01-01-01_000.png.1.png / val_Average = 80.1814	val_Variance = 1429.0702	sd = 37.8030	max = 150	min = 0
[20190918_074407 / lib_ip.py:4275] len(Hs) = 8100, len(Ss) = 8100, len(Vs) = 8100
[20190918_074407 / lib_ip.py:4314] pink : variance --> out of range (variance = 1429.070 / upper = 0.750 / lower = 0.030)
[20190918_074408 / lib_ip.py:3753] file = img.20190918_074406.2019-09-18_01-01-01_000.png.1.png / val_Average = 80.1814	val_Variance = 1429.0702	sd = 37.8030	max = 150	min = 0
[20190918_074408 / lib_ip.py:4378] len(Hs) = 8100, len(Ss) = 8100, len(Vs) = 8100
[20190918_074408 / lib_ip.py:4422] black : variance --> out of range (variance = 1429.070 / upper = 0.000 / lower = 0.000)
[20190918_074408 / lib_ip.py:4593] file : img.20190918_074406.2019-09-18_01-01-01_000.png.1.png 0 (black : variance --> out of range (variance = 1429.070 / upper = 0.000 / lower = 0.000))
[20190918_074408 / lib_ip.py:2274] inspecting ===> img.20190918_074406.2019-09-18_01-01-01_000.png.2.png
[20190918_074408 / lib_ip.py:4505] 
img.20190918_074406.2019-09-18_01-01-01_000.png.2.png 1 ---------------------
[20190918_074408 / lib_ip.py:3753] file = img.20190918_074406.2019-09-18_01-01-01_000.png.2.png / val_Average = 40.7807	val_Variance = 5509.8095	sd = 74.2281	max = 179	min = 0
[20190918_074408 / lib_ip.py:3836] len(Hs) = 8100, len(Ss) = 8100, len(Vs) = 8100
[20190918_074408 / lib_ip.py:3869] yellow : variance --> out of range (variance = 5509.809 / upper = 0.650 / lower = 0.000)
[20190918_074408 / lib_ip.py:3753] file = img.20190918_074406.2019-09-18_01-01-01_000.png.2.png / val_Average = 40.7807	val_Variance = 5509.8095	sd = 74.2281	max = 179	min = 0
[20190918_074408 / lib_ip.py:3936] len(Hs) = 8100, len(Ss) = 8100, len(Vs) = 8100
[20190918_074408 / lib_ip.py:3982] red : variance --> out of range (variance = 5509.809 / upper = 0.430 / lower = 0.000)
[20190918_074408 / lib_ip.py:3753] file = img.20190918_074406.2019-09-18_01-01-01_000.png.2.png / val_Average = 40.7807	val_Variance = 5509.8095	sd = 74.2281	max = 179	min = 0
[20190918_074408 / lib_ip.py:4052] len(Hs) = 8100, len(Ss) = 8100, len(Vs) = 8100
[20190918_074408 / lib_ip.py:4099] green : variance --> out of range (variance = 5509.809 / upper = 0.760 / lower = 0.000)
[20190918_074408 / lib_ip.py:3753] file = img.20190918_074406.2019-09-18_01-01-01_000.png.2.png / val_Average = 40.7807	val_Variance = 5509.8095	sd = 74.2281	max = 179	min = 0
[20190918_074408 / lib_ip.py:4169] len(Hs) = 8100, len(Ss) = 8100, len(Vs) = 8100
[20190918_074409 / lib_ip.py:4208] blue : variance --> out of range (variance = 5509.809 / upper = 0.930 / lower = 0.010)
[20190918_074409 / lib_ip.py:3753] file = img.20190918_074406.2019-09-18_01-01-01_000.png.2.png / val_Average = 40.7807	val_Variance = 5509.8095	sd = 74.2281	max = 179	min = 0
[20190918_074409 / lib_ip.py:4275] len(Hs) = 8100, len(Ss) = 8100, len(Vs) = 8100
[20190918_074409 / lib_ip.py:4314] pink : variance --> out of range (variance = 5509.809 / upper = 0.750 / lower = 0.030)
[20190918_074409 / lib_ip.py:3753] file = img.20190918_074406.2019-09-18_01-01-01_000.png.2.png / val_Average = 40.7807	val_Variance = 5509.8095	sd = 74.2281	max = 179	min = 0
[20190918_074409 / lib_ip.py:4378] len(Hs) = 8100, len(Ss) = 8100, len(Vs) = 8100
[20190918_074409 / lib_ip.py:4422] black : variance --> out of range (variance = 5509.809 / upper = 0.000 / lower = 0.000)
[20190918_074409 / lib_ip.py:4593] file : img.20190918_074406.2019-09-18_01-01-01_000.png.2.png 1 (black : variance --> out of range (variance = 5509.809 / upper = 0.000 / lower = 0.000))
[20190918_074409 / lib_ip.py:2274] inspecting ===> img.20190918_074406.2019-09-18_01-01-01_000.png.3.png
[20190918_074409 / lib_ip.py:4505] 
img.20190918_074406.2019-09-18_01-01-01_000.png.3.png 2 ---------------------
[20190918_074409 / lib_ip.py:3753] file = img.20190918_074406.2019-09-18_01-01-01_000.png.3.png / val_Average = 102.1559	val_Variance = 603.7943	sd = 24.5722	max = 177	min = 0
[20190918_074409 / lib_ip.py:3836] len(Hs) = 8100, len(Ss) = 8100, len(Vs) = 8100
[20190918_074409 / lib_ip.py:3869] yellow : variance --> out of range (variance = 603.794 / upper = 0.650 / lower = 0.000)
[20190918_074409 / lib_ip.py:3753] file = img.20190918_074406.2019-09-18_01-01-01_000.png.3.png / val_Average = 102.1559	val_Variance = 603.7943	sd = 24.5722	max = 177	min = 0
[20190918_074409 / lib_ip.py:3936] len(Hs) = 8100, len(Ss) = 8100, len(Vs) = 8100
[20190918_074409 / lib_ip.py:3982] red : variance --> out of range (variance = 603.794 / upper = 0.430 / lower = 0.000)
[20190918_074410 / lib_ip.py:3753] file = img.20190918_074406.2019-09-18_01-01-01_000.png.3.png / val_Average = 102.1559	val_Variance = 603.7943	sd = 24.5722	max = 177	min = 0
[20190918_074410 / lib_ip.py:4052] len(Hs) = 8100, len(Ss) = 8100, len(Vs) = 8100
[20190918_074410 / lib_ip.py:4099] green : variance --> out of range (variance = 603.794 / upper = 0.760 / lower = 0.000)
[20190918_074410 / lib_ip.py:3753] file = img.20190918_074406.2019-09-18_01-01-01_000.png.3.png / val_Average = 102.1559	val_Variance = 603.7943	sd = 24.5722	max = 177	min = 0
[20190918_074410 / lib_ip.py:4169] len(Hs) = 8100, len(Ss) = 8100, len(Vs) = 8100
[20190918_074410 / lib_ip.py:4208] blue : variance --> out of range (variance = 603.794 / upper = 0.930 / lower = 0.010)
[20190918_074410 / lib_ip.py:3753] file = img.20190918_074406.2019-09-18_01-01-01_000.png.3.png / val_Average = 102.1559	val_Variance = 603.7943	sd = 24.5722	max = 177	min = 0
[20190918_074410 / lib_ip.py:4275] len(Hs) = 8100, len(Ss) = 8100, len(Vs) = 8100
[20190918_074410 / lib_ip.py:4314] pink : variance --> out of range (variance = 603.794 / upper = 0.750 / lower = 0.030)
[20190918_074410 / lib_ip.py:3753] file = img.20190918_074406.2019-09-18_01-01-01_000.png.3.png / val_Average = 102.1559	val_Variance = 603.7943	sd = 24.5722	max = 177	min = 0
[20190918_074410 / lib_ip.py:4378] len(Hs) = 8100, len(Ss) = 8100, len(Vs) = 8100
[20190918_074410 / lib_ip.py:4422] black : variance --> out of range (variance = 603.794 / upper = 0.000 / lower = 0.000)
[20190918_074410 / lib_ip.py:4593] file : img.20190918_074406.2019-09-18_01-01-01_000.png.3.png 2 (black : variance --> out of range (variance = 603.794 / upper = 0.000 / lower = 0.000))
[20190918_074410 / lib_ip.py:2274] inspecting ===> img.20190918_074406.2019-09-18_01-01-01_000.png.4.png
[20190918_074410 / lib_ip.py:4505] 
img.20190918_074406.2019-09-18_01-01-01_000.png.4.png 3 ---------------------
[20190918_074410 / lib_ip.py:3753] file = img.20190918_074406.2019-09-18_01-01-01_000.png.4.png / val_Average = 79.8873	val_Variance = 7453.8094	sd = 86.3354	max = 178	min = 0
[20190918_074411 / lib_ip.py:3836] len(Hs) = 8100, len(Ss) = 8100, len(Vs) = 8100
[20190918_074411 / lib_ip.py:3869] yellow : variance --> out of range (variance = 7453.809 / upper = 0.650 / lower = 0.000)
[20190918_074411 / lib_ip.py:3753] file = img.20190918_074406.2019-09-18_01-01-01_000.png.4.png / val_Average = 79.8873	val_Variance = 7453.8094	sd = 86.3354	max = 178	min = 0
[20190918_074411 / lib_ip.py:3936] len(Hs) = 8100, len(Ss) = 8100, len(Vs) = 8100
[20190918_074411 / lib_ip.py:3982] red : variance --> out of range (variance = 7453.809 / upper = 0.430 / lower = 0.000)
[20190918_074411 / lib_ip.py:3753] file = img.20190918_074406.2019-09-18_01-01-01_000.png.4.png / val_Average = 79.8873	val_Variance = 7453.8094	sd = 86.3354	max = 178	min = 0
[20190918_074411 / lib_ip.py:4052] len(Hs) = 8100, len(Ss) = 8100, len(Vs) = 8100
[20190918_074411 / lib_ip.py:4099] green : variance --> out of range (variance = 7453.809 / upper = 0.760 / lower = 0.000)
[20190918_074411 / lib_ip.py:3753] file = img.20190918_074406.2019-09-18_01-01-01_000.png.4.png / val_Average = 79.8873	val_Variance = 7453.8094	sd = 86.3354	max = 178	min = 0
[20190918_074411 / lib_ip.py:4169] len(Hs) = 8100, len(Ss) = 8100, len(Vs) = 8100
[20190918_074411 / lib_ip.py:4208] blue : variance --> out of range (variance = 7453.809 / upper = 0.930 / lower = 0.010)
[20190918_074411 / lib_ip.py:3753] file = img.20190918_074406.2019-09-18_01-01-01_000.png.4.png / val_Average = 79.8873	val_Variance = 7453.8094	sd = 86.3354	max = 178	min = 0
[20190918_074411 / lib_ip.py:4275] len(Hs) = 8100, len(Ss) = 8100, len(Vs) = 8100
[20190918_074411 / lib_ip.py:4314] pink : variance --> out of range (variance = 7453.809 / upper = 0.750 / lower = 0.030)
[20190918_074411 / lib_ip.py:3753] file = img.20190918_074406.2019-09-18_01-01-01_000.png.4.png / val_Average = 79.8873	val_Variance = 7453.8094	sd = 86.3354	max = 178	min = 0
[20190918_074411 / lib_ip.py:4378] len(Hs) = 8100, len(Ss) = 8100, len(Vs) = 8100
[20190918_074411 / lib_ip.py:4422] black : variance --> out of range (variance = 7453.809 / upper = 0.000 / lower = 0.000)
[20190918_074411 / lib_ip.py:4593] file : img.20190918_074406.2019-09-18_01-01-01_000.png.4.png 3 (black : variance --> out of range (variance = 7453.809 / upper = 0.000 / lower = 0.000))
[20190918_074410 / lib_ip.py:2274] inspecting ===> img.20190918_074406.2019-09-18_01-01-01_000.png.4.png
img.20190918_074406.2019-09-18_01-01-01_000.png.1.png => other
img.20190918_074406.2019-09-18_01-01-01_000.png.2.png => other
img.20190918_074406.2019-09-18_01-01-01_000.png.3.png => other
img.20190918_074406.2019-09-18_01-01-01_000.png.4.png => other
[20190918_074411 lib_ip.py:3301] =============== Get 4 corners
dpath_Images = C:\WORKS_2\WS\WS_Others.Art\JVEMV6\46_art\VIRTUAL\Admin_Projects\ip\images
fname_Image = img.20190918_074406.2019-09-18_01-01-01_000.png.4.png

[20190918_074412 / lib_ip.py:2274] inspecting ===> img.20190918_074412.2019-09-18_05-56-28_000.jpg.1.png
[20190918_074412 / lib_ip.py:4505] 
img.20190918_074412.2019-09-18_05-56-28_000.jpg.1.png 0 ---------------------
[20190918_074412 / lib_ip.py:3753] file = img.20190918_074412.2019-09-18_05-56-28_000.jpg.1.png / val_Average = 92.9370	val_Variance = 17.6778	sd = 4.2045	max = 105	min = 85
[20190918_074412 / lib_ip.py:3836] len(Hs) = 8100, len(Ss) = 8100, len(Vs) = 8100
[20190918_074413 / lib_ip.py:3869] yellow : variance --> out of range (variance = 17.678 / upper = 0.650 / lower = 0.000)
[20190918_074413 / lib_ip.py:3753] file = img.20190918_074412.2019-09-18_05-56-28_000.jpg.1.png / val_Average = 92.9370	val_Variance = 17.6778	sd = 4.2045	max = 105	min = 85
[20190918_074413 / lib_ip.py:3936] len(Hs) = 8100, len(Ss) = 8100, len(Vs) = 8100
[20190918_074413 / lib_ip.py:3982] red : variance --> out of range (variance = 17.678 / upper = 0.430 / lower = 0.000)
[20190918_074413 / lib_ip.py:3753] file = img.20190918_074412.2019-09-18_05-56-28_000.jpg.1.png / val_Average = 92.9370	val_Variance = 17.6778	sd = 4.2045	max = 105	min = 85
[20190918_074413 / lib_ip.py:4052] len(Hs) = 8100, len(Ss) = 8100, len(Vs) = 8100
[20190918_074413 / lib_ip.py:4099] green : variance --> out of range (variance = 17.678 / upper = 0.760 / lower = 0.000)
[20190918_074413 / lib_ip.py:3753] file = img.20190918_074412.2019-09-18_05-56-28_000.jpg.1.png / val_Average = 92.9370	val_Variance = 17.6778	sd = 4.2045	max = 105	min = 85
[20190918_074413 / lib_ip.py:4169] len(Hs) = 8100, len(Ss) = 8100, len(Vs) = 8100
[20190918_074413 / lib_ip.py:4208] blue : variance --> out of range (variance = 17.678 / upper = 0.930 / lower = 0.010)
[20190918_074413 / lib_ip.py:3753] file = img.20190918_074412.2019-09-18_05-56-28_000.jpg.1.png / val_Average = 92.9370	val_Variance = 17.6778	sd = 4.2045	max = 105	min = 85
[20190918_074413 / lib_ip.py:4275] len(Hs) = 8100, len(Ss) = 8100, len(Vs) = 8100
[20190918_074413 / lib_ip.py:4314] pink : variance --> out of range (variance = 17.678 / upper = 0.750 / lower = 0.030)
[20190918_074413 / lib_ip.py:3753] file = img.20190918_074412.2019-09-18_05-56-28_000.jpg.1.png / val_Average = 92.9370	val_Variance = 17.6778	sd = 4.2045	max = 105	min = 85
[20190918_074413 / lib_ip.py:4378] len(Hs) = 8100, len(Ss) = 8100, len(Vs) = 8100
[20190918_074413 / lib_ip.py:4422] black : variance --> out of range (variance = 17.678 / upper = 0.000 / lower = 0.000)
[20190918_074413 / lib_ip.py:4593] file : img.20190918_074412.2019-09-18_05-56-28_000.jpg.1.png 0 (black : variance --> out of range (variance = 17.678 / upper = 0.000 / lower = 0.000))
[20190918_074413 / lib_ip.py:2274] inspecting ===> img.20190918_074412.2019-09-18_05-56-28_000.jpg.2.png
[20190918_074414 / lib_ip.py:4505] 
img.20190918_074412.2019-09-18_05-56-28_000.jpg.2.png 1 ---------------------
[20190918_074414 / lib_ip.py:3753] file = img.20190918_074412.2019-09-18_05-56-28_000.jpg.2.png / val_Average = 101.4180	val_Variance = 35.2781	sd = 5.9395	max = 112	min = 0
[20190918_074414 / lib_ip.py:3836] len(Hs) = 8100, len(Ss) = 8100, len(Vs) = 8100
[20190918_074414 / lib_ip.py:3869] yellow : variance --> out of range (variance = 35.278 / upper = 0.650 / lower = 0.000)
[20190918_074414 / lib_ip.py:3753] file = img.20190918_074412.2019-09-18_05-56-28_000.jpg.2.png / val_Average = 101.4180	val_Variance = 35.2781	sd = 5.9395	max = 112	min = 0
[20190918_074415 / lib_ip.py:3936] len(Hs) = 8100, len(Ss) = 8100, len(Vs) = 8100
[20190918_074415 / lib_ip.py:3982] red : variance --> out of range (variance = 35.278 / upper = 0.430 / lower = 0.000)
[20190918_074415 / lib_ip.py:3753] file = img.20190918_074412.2019-09-18_05-56-28_000.jpg.2.png / val_Average = 101.4180	val_Variance = 35.2781	sd = 5.9395	max = 112	min = 0
[20190918_074415 / lib_ip.py:4052] len(Hs) = 8100, len(Ss) = 8100, len(Vs) = 8100
[20190918_074415 / lib_ip.py:4099] green : variance --> out of range (variance = 35.278 / upper = 0.760 / lower = 0.000)
[20190918_074415 / lib_ip.py:3753] file = img.20190918_074412.2019-09-18_05-56-28_000.jpg.2.png / val_Average = 101.4180	val_Variance = 35.2781	sd = 5.9395	max = 112	min = 0
[20190918_074415 / lib_ip.py:4169] len(Hs) = 8100, len(Ss) = 8100, len(Vs) = 8100
[20190918_074416 / lib_ip.py:4208] blue : variance --> out of range (variance = 35.278 / upper = 0.930 / lower = 0.010)
[20190918_074416 / lib_ip.py:3753] file = img.20190918_074412.2019-09-18_05-56-28_000.jpg.2.png / val_Average = 101.4180	val_Variance = 35.2781	sd = 5.9395	max = 112	min = 0
[20190918_074416 / lib_ip.py:4275] len(Hs) = 8100, len(Ss) = 8100, len(Vs) = 8100
[20190918_074416 / lib_ip.py:4314] pink : variance --> out of range (variance = 35.278 / upper = 0.750 / lower = 0.030)
[20190918_074416 / lib_ip.py:3753] file = img.20190918_074412.2019-09-18_05-56-28_000.jpg.2.png / val_Average = 101.4180	val_Variance = 35.2781	sd = 5.9395	max = 112	min = 0
[20190918_074416 / lib_ip.py:4378] len(Hs) = 8100, len(Ss) = 8100, len(Vs) = 8100
[20190918_074416 / lib_ip.py:4422] black : variance --> out of range (variance = 35.278 / upper = 0.000 / lower = 0.000)
[20190918_074416 / lib_ip.py:4593] file : img.20190918_074412.2019-09-18_05-56-28_000.jpg.2.png 1 (black : variance --> out of range (variance = 35.278 / upper = 0.000 / lower = 0.000))
[20190918_074416 / lib_ip.py:2274] inspecting ===> img.20190918_074412.2019-09-18_05-56-28_000.jpg.3.png
[20190918_074417 / lib_ip.py:4505] 
img.20190918_074412.2019-09-18_05-56-28_000.jpg.3.png 2 ---------------------
[20190918_074417 / lib_ip.py:3753] file = img.20190918_074412.2019-09-18_05-56-28_000.jpg.3.png / val_Average = 102.1907	val_Variance = 0.7828	sd = 0.8847	max = 104	min = 99
[20190918_074417 / lib_ip.py:3836] len(Hs) = 8100, len(Ss) = 8100, len(Vs) = 8100
[20190918_074417 / lib_ip.py:3869] yellow : variance --> out of range (variance = 0.783 / upper = 0.650 / lower = 0.000)
[20190918_074417 / lib_ip.py:3753] file = img.20190918_074412.2019-09-18_05-56-28_000.jpg.3.png / val_Average = 102.1907	val_Variance = 0.7828	sd = 0.8847	max = 104	min = 99
[20190918_074417 / lib_ip.py:3936] len(Hs) = 8100, len(Ss) = 8100, len(Vs) = 8100
[20190918_074417 / lib_ip.py:3982] red : variance --> out of range (variance = 0.783 / upper = 0.430 / lower = 0.000)
[20190918_074417 / lib_ip.py:3753] file = img.20190918_074412.2019-09-18_05-56-28_000.jpg.3.png / val_Average = 102.1907	val_Variance = 0.7828	sd = 0.8847	max = 104	min = 99
[20190918_074417 / lib_ip.py:4052] len(Hs) = 8100, len(Ss) = 8100, len(Vs) = 8100
[20190918_074417 / lib_ip.py:4099] green : variance --> out of range (variance = 0.783 / upper = 0.760 / lower = 0.000)
[20190918_074417 / lib_ip.py:3753] file = img.20190918_074412.2019-09-18_05-56-28_000.jpg.3.png / val_Average = 102.1907	val_Variance = 0.7828	sd = 0.8847	max = 104	min = 99
[20190918_074417 / lib_ip.py:4169] len(Hs) = 8100, len(Ss) = 8100, len(Vs) = 8100
[20190918_074418 / lib_ip.py:4230] blue : average --> out of range (average = 102.191 / upper = 17.000 / lower = 8.850)
[20190918_074418 / lib_ip.py:3753] file = img.20190918_074412.2019-09-18_05-56-28_000.jpg.3.png / val_Average = 102.1907	val_Variance = 0.7828	sd = 0.8847	max = 104	min = 99
[20190918_074418 / lib_ip.py:4275] len(Hs) = 8100, len(Ss) = 8100, len(Vs) = 8100
[20190918_074418 / lib_ip.py:4314] pink : variance --> out of range (variance = 0.783 / upper = 0.750 / lower = 0.030)
[20190918_074418 / lib_ip.py:3753] file = img.20190918_074412.2019-09-18_05-56-28_000.jpg.3.png / val_Average = 102.1907	val_Variance = 0.7828	sd = 0.8847	max = 104	min = 99
[20190918_074418 / lib_ip.py:4378] len(Hs) = 8100, len(Ss) = 8100, len(Vs) = 8100
[20190918_074418 / lib_ip.py:4422] black : variance --> out of range (variance = 0.783 / upper = 0.000 / lower = 0.000)
[20190918_074418 / lib_ip.py:4593] file : img.20190918_074412.2019-09-18_05-56-28_000.jpg.3.png 2 (black : variance --> out of range (variance = 0.783 / upper = 0.000 / lower = 0.000))
[20190918_074418 / lib_ip.py:2274] inspecting ===> img.20190918_074412.2019-09-18_05-56-28_000.jpg.4.png
[20190918_074419 / lib_ip.py:4505] 
img.20190918_074412.2019-09-18_05-56-28_000.jpg.4.png 3 ---------------------
[20190918_074419 / lib_ip.py:3753] file = img.20190918_074412.2019-09-18_05-56-28_000.jpg.4.png / val_Average = 102.6478	val_Variance = 0.5091	sd = 0.7135	max = 104	min = 101
[20190918_074419 / lib_ip.py:3836] len(Hs) = 8100, len(Ss) = 8100, len(Vs) = 8100
[20190918_074419 / lib_ip.py:3891] yellow : average --> out of range (average = 102.648 / upper = 99.200 / lower = 85.500)
[20190918_074419 / lib_ip.py:3753] file = img.20190918_074412.2019-09-18_05-56-28_000.jpg.4.png / val_Average = 102.6478	val_Variance = 0.5091	sd = 0.7135	max = 104	min = 101
[20190918_074419 / lib_ip.py:3936] len(Hs) = 8100, len(Ss) = 8100, len(Vs) = 8100
[20190918_074419 / lib_ip.py:3982] red : variance --> out of range (variance = 0.509 / upper = 0.430 / lower = 0.000)
[20190918_074419 / lib_ip.py:3753] file = img.20190918_074412.2019-09-18_05-56-28_000.jpg.4.png / val_Average = 102.6478	val_Variance = 0.5091	sd = 0.7135	max = 104	min = 101
[20190918_074419 / lib_ip.py:4052] len(Hs) = 8100, len(Ss) = 8100, len(Vs) = 8100
[20190918_074420 / lib_ip.py:4124] green : average --> out of range (average = 102.648 / upper = 85.000 / lower = 58.000)
[20190918_074420 / lib_ip.py:3753] file = img.20190918_074412.2019-09-18_05-56-28_000.jpg.4.png / val_Average = 102.6478	val_Variance = 0.5091	sd = 0.7135	max = 104	min = 101
[20190918_074420 / lib_ip.py:4169] len(Hs) = 8100, len(Ss) = 8100, len(Vs) = 8100
[20190918_074420 / lib_ip.py:4230] blue : average --> out of range (average = 102.648 / upper = 17.000 / lower = 8.850)
[20190918_074420 / lib_ip.py:3753] file = img.20190918_074412.2019-09-18_05-56-28_000.jpg.4.png / val_Average = 102.6478	val_Variance = 0.5091	sd = 0.7135	max = 104	min = 101
[20190918_074420 / lib_ip.py:4275] len(Hs) = 8100, len(Ss) = 8100, len(Vs) = 8100
[20190918_074420 / lib_ip.py:4336] pink : average --> out of range (average = 102.648 / upper = 141.000 / lower = 127.900)
[20190918_074420 / lib_ip.py:3753] file = img.20190918_074412.2019-09-18_05-56-28_000.jpg.4.png / val_Average = 102.6478	val_Variance = 0.5091	sd = 0.7135	max = 104	min = 101
[20190918_074420 / lib_ip.py:4378] len(Hs) = 8100, len(Ss) = 8100, len(Vs) = 8100
[20190918_074420 / lib_ip.py:4422] black : variance --> out of range (variance = 0.509 / upper = 0.000 / lower = 0.000)
[20190918_074420 / lib_ip.py:4593] file : img.20190918_074412.2019-09-18_05-56-28_000.jpg.4.png 3 (black : variance --> out of range (variance = 0.509 / upper = 0.000 / lower = 0.000))
[20190918_074418 / lib_ip.py:2274] inspecting ===> img.20190918_074412.2019-09-18_05-56-28_000.jpg.4.png
img.20190918_074412.2019-09-18_05-56-28_000.jpg.1.png => other
img.20190918_074412.2019-09-18_05-56-28_000.jpg.2.png => other
img.20190918_074412.2019-09-18_05-56-28_000.jpg.3.png => other
img.20190918_074412.2019-09-18_05-56-28_000.jpg.4.png => other
[20190918_074420 lib_ip.py:3301] =============== Get 4 corners
dpath_Images = C:\WORKS_2\WS\WS_Others.Art\JVEMV6\46_art\VIRTUAL\Admin_Projects\ip\images
fname_Image = img.20190918_074412.2019-09-18_05-56-28_000.jpg.4.png

[20190918_074421 / lib_ip.py:2274] inspecting ===> img.20190918_074421.2019-09-18_07-28-26_000.jpg.1.png
[20190918_074422 / lib_ip.py:4505] 
img.20190918_074421.2019-09-18_07-28-26_000.jpg.1.png 0 ---------------------
[20190918_074422 / lib_ip.py:3753] file = img.20190918_074421.2019-09-18_07-28-26_000.jpg.1.png / val_Average = 73.0505	val_Variance = 0.1072	sd = 0.3274	max = 74	min = 72
[20190918_074422 / lib_ip.py:3836] len(Hs) = 8100, len(Ss) = 8100, len(Vs) = 8100
[20190918_074422 / lib_ip.py:3891] yellow : average --> out of range (average = 73.050 / upper = 99.200 / lower = 85.500)
[20190918_074422 / lib_ip.py:3753] file = img.20190918_074421.2019-09-18_07-28-26_000.jpg.1.png / val_Average = 73.0505	val_Variance = 0.1072	sd = 0.3274	max = 74	min = 72
[20190918_074422 / lib_ip.py:3936] len(Hs) = 8100, len(Ss) = 8100, len(Vs) = 8100
[20190918_074422 / lib_ip.py:4007] red : average --> out of range (average = 73.050 / upper = 124.600 / lower = 115.000)
[20190918_074422 / lib_ip.py:3753] file = img.20190918_074421.2019-09-18_07-28-26_000.jpg.1.png / val_Average = 73.0505	val_Variance = 0.1072	sd = 0.3274	max = 74	min = 72
[20190918_074422 / lib_ip.py:4052] len(Hs) = 8100, len(Ss) = 8100, len(Vs) = 8100
[20190918_074422 / lib_ip.py:2274] inspecting ===> img.20190918_074421.2019-09-18_07-28-26_000.jpg.2.png
[20190918_074423 / lib_ip.py:4505] 
img.20190918_074421.2019-09-18_07-28-26_000.jpg.2.png 1 ---------------------
[20190918_074423 / lib_ip.py:3753] file = img.20190918_074421.2019-09-18_07-28-26_000.jpg.2.png / val_Average = 58.1122	val_Variance = 941.3201	sd = 30.6809	max = 135	min = 0
[20190918_074423 / lib_ip.py:3836] len(Hs) = 8100, len(Ss) = 8100, len(Vs) = 8100
[20190918_074423 / lib_ip.py:3869] yellow : variance --> out of range (variance = 941.320 / upper = 0.650 / lower = 0.000)
[20190918_074423 / lib_ip.py:3753] file = img.20190918_074421.2019-09-18_07-28-26_000.jpg.2.png / val_Average = 58.1122	val_Variance = 941.3201	sd = 30.6809	max = 135	min = 0
[20190918_074423 / lib_ip.py:3936] len(Hs) = 8100, len(Ss) = 8100, len(Vs) = 8100
[20190918_074423 / lib_ip.py:3982] red : variance --> out of range (variance = 941.320 / upper = 0.430 / lower = 0.000)
[20190918_074424 / lib_ip.py:3753] file = img.20190918_074421.2019-09-18_07-28-26_000.jpg.2.png / val_Average = 58.1122	val_Variance = 941.3201	sd = 30.6809	max = 135	min = 0
[20190918_074424 / lib_ip.py:4052] len(Hs) = 8100, len(Ss) = 8100, len(Vs) = 8100
[20190918_074424 / lib_ip.py:4099] green : variance --> out of range (variance = 941.320 / upper = 0.760 / lower = 0.000)
[20190918_074424 / lib_ip.py:3753] file = img.20190918_074421.2019-09-18_07-28-26_000.jpg.2.png / val_Average = 58.1122	val_Variance = 941.3201	sd = 30.6809	max = 135	min = 0
[20190918_074424 / lib_ip.py:4169] len(Hs) = 8100, len(Ss) = 8100, len(Vs) = 8100
[20190918_074424 / lib_ip.py:4208] blue : variance --> out of range (variance = 941.320 / upper = 0.930 / lower = 0.010)
[20190918_074424 / lib_ip.py:3753] file = img.20190918_074421.2019-09-18_07-28-26_000.jpg.2.png / val_Average = 58.1122	val_Variance = 941.3201	sd = 30.6809	max = 135	min = 0
[20190918_074424 / lib_ip.py:4275] len(Hs) = 8100, len(Ss) = 8100, len(Vs) = 8100
[20190918_074424 / lib_ip.py:4314] pink : variance --> out of range (variance = 941.320 / upper = 0.750 / lower = 0.030)
[20190918_074424 / lib_ip.py:3753] file = img.20190918_074421.2019-09-18_07-28-26_000.jpg.2.png / val_Average = 58.1122	val_Variance = 941.3201	sd = 30.6809	max = 135	min = 0
[20190918_074424 / lib_ip.py:4378] len(Hs) = 8100, len(Ss) = 8100, len(Vs) = 8100
[20190918_074425 / lib_ip.py:4422] black : variance --> out of range (variance = 941.320 / upper = 0.000 / lower = 0.000)
[20190918_074425 / lib_ip.py:4593] file : img.20190918_074421.2019-09-18_07-28-26_000.jpg.2.png 1 (black : variance --> out of range (variance = 941.320 / upper = 0.000 / lower = 0.000))
[20190918_074425 / lib_ip.py:2274] inspecting ===> img.20190918_074421.2019-09-18_07-28-26_000.jpg.3.png
[20190918_074425 / lib_ip.py:4505] 
img.20190918_074421.2019-09-18_07-28-26_000.jpg.3.png 2 ---------------------
[20190918_074425 / lib_ip.py:3753] file = img.20190918_074421.2019-09-18_07-28-26_000.jpg.3.png / val_Average = 73.4222	val_Variance = 0.2479	sd = 0.4979	max = 74	min = 72
[20190918_074425 / lib_ip.py:3836] len(Hs) = 8100, len(Ss) = 8100, len(Vs) = 8100
[20190918_074425 / lib_ip.py:3891] yellow : average --> out of range (average = 73.422 / upper = 99.200 / lower = 85.500)
[20190918_074425 / lib_ip.py:3753] file = img.20190918_074421.2019-09-18_07-28-26_000.jpg.3.png / val_Average = 73.4222	val_Variance = 0.2479	sd = 0.4979	max = 74	min = 72
[20190918_074425 / lib_ip.py:3936] len(Hs) = 8100, len(Ss) = 8100, len(Vs) = 8100
[20190918_074425 / lib_ip.py:4007] red : average --> out of range (average = 73.422 / upper = 124.600 / lower = 115.000)
[20190918_074425 / lib_ip.py:3753] file = img.20190918_074421.2019-09-18_07-28-26_000.jpg.3.png / val_Average = 73.4222	val_Variance = 0.2479	sd = 0.4979	max = 74	min = 72
[20190918_074425 / lib_ip.py:4052] len(Hs) = 8100, len(Ss) = 8100, len(Vs) = 8100
[20190918_074426 / lib_ip.py:2274] inspecting ===> img.20190918_074421.2019-09-18_07-28-26_000.jpg.4.png
[20190918_074426 / lib_ip.py:4505] 
img.20190918_074421.2019-09-18_07-28-26_000.jpg.4.png 3 ---------------------
[20190918_074426 / lib_ip.py:3753] file = img.20190918_074421.2019-09-18_07-28-26_000.jpg.4.png / val_Average = 41.0017	val_Variance = 380.3741	sd = 19.5032	max = 174	min = 0
[20190918_074426 / lib_ip.py:3836] len(Hs) = 8100, len(Ss) = 8100, len(Vs) = 8100
[20190918_074426 / lib_ip.py:3869] yellow : variance --> out of range (variance = 380.374 / upper = 0.650 / lower = 0.000)
[20190918_074426 / lib_ip.py:3753] file = img.20190918_074421.2019-09-18_07-28-26_000.jpg.4.png / val_Average = 41.0017	val_Variance = 380.3741	sd = 19.5032	max = 174	min = 0
[20190918_074426 / lib_ip.py:3936] len(Hs) = 8100, len(Ss) = 8100, len(Vs) = 8100
[20190918_074426 / lib_ip.py:3982] red : variance --> out of range (variance = 380.374 / upper = 0.430 / lower = 0.000)
[20190918_074426 / lib_ip.py:3753] file = img.20190918_074421.2019-09-18_07-28-26_000.jpg.4.png / val_Average = 41.0017	val_Variance = 380.3741	sd = 19.5032	max = 174	min = 0
[20190918_074426 / lib_ip.py:4052] len(Hs) = 8100, len(Ss) = 8100, len(Vs) = 8100
[20190918_074426 / lib_ip.py:4099] green : variance --> out of range (variance = 380.374 / upper = 0.760 / lower = 0.000)
[20190918_074426 / lib_ip.py:3753] file = img.20190918_074421.2019-09-18_07-28-26_000.jpg.4.png / val_Average = 41.0017	val_Variance = 380.3741	sd = 19.5032	max = 174	min = 0
[20190918_074426 / lib_ip.py:4169] len(Hs) = 8100, len(Ss) = 8100, len(Vs) = 8100
[20190918_074426 / lib_ip.py:4208] blue : variance --> out of range (variance = 380.374 / upper = 0.930 / lower = 0.010)
[20190918_074426 / lib_ip.py:3753] file = img.20190918_074421.2019-09-18_07-28-26_000.jpg.4.png / val_Average = 41.0017	val_Variance = 380.3741	sd = 19.5032	max = 174	min = 0
[20190918_074426 / lib_ip.py:4275] len(Hs) = 8100, len(Ss) = 8100, len(Vs) = 8100
[20190918_074427 / lib_ip.py:4314] pink : variance --> out of range (variance = 380.374 / upper = 0.750 / lower = 0.030)
[20190918_074427 / lib_ip.py:3753] file = img.20190918_074421.2019-09-18_07-28-26_000.jpg.4.png / val_Average = 41.0017	val_Variance = 380.3741	sd = 19.5032	max = 174	min = 0
[20190918_074427 / lib_ip.py:4378] len(Hs) = 8100, len(Ss) = 8100, len(Vs) = 8100
[20190918_074427 / lib_ip.py:4422] black : variance --> out of range (variance = 380.374 / upper = 0.000 / lower = 0.000)
[20190918_074427 / lib_ip.py:4593] file : img.20190918_074421.2019-09-18_07-28-26_000.jpg.4.png 3 (black : variance --> out of range (variance = 380.374 / upper = 0.000 / lower = 0.000))
[20190918_074426 / lib_ip.py:2274] inspecting ===> img.20190918_074421.2019-09-18_07-28-26_000.jpg.4.png
img.20190918_074421.2019-09-18_07-28-26_000.jpg.1.png => other
img.20190918_074421.2019-09-18_07-28-26_000.jpg.2.png => other
img.20190918_074421.2019-09-18_07-28-26_000.jpg.3.png => other
img.20190918_074421.2019-09-18_07-28-26_000.jpg.4.png => other
[20190918_074427 lib_ip.py:3301] =============== Get 4 corners
dpath_Images = C:\WORKS_2\WS\WS_Others.Art\JVEMV6\46_art\VIRTUAL\Admin_Projects\ip\images
fname_Image = img.20190918_074421.2019-09-18_07-28-26_000.jpg.4.png

[20190918_074427 / views.py:1411] gen csv => complete (20190918_074427)(elapsed = 44.374 sec / 8 files / 5.547 sec per file)
1)	2019-09-17_10-41-29_000.jpg => 	other other yellow other 
2)	2019-09-17_15-58-48_000.jpg => 	other yellow other red 
3)	2019-09-17_18-17-05_000.jpg => 	other red other other 
4)	2019-09-17_20-24-43_000.jpg => 	other other yellow other 
5)	2019-09-17_22-35-11_000.jpg => 	other red other green 
6)	2019-09-18_01-01-01_000.png => 	other other other other 
7)	2019-09-18_05-56-28_000.jpg => 	other other other other 
8)	2019-09-18_07-28-26_000.jpg => 	green other green other 
[20190918_074427 / views.py:1753] lo_ColorName_Set__Modified_2 =>
1)	2019-09-17_10-41-29_000.jpg => 	o o o y 
2)	2019-09-17_15-58-48_000.jpg => 	o o r y 
3)	2019-09-17_18-17-05_000.jpg => 	o o o r 
4)	2019-09-17_20-24-43_000.jpg => 	o o o y 
5)	2019-09-17_22-35-11_000.jpg => 	g o o r 
6)	2019-09-18_01-01-01_000.png => 	o o o o 
7)	2019-09-18_05-56-28_000.jpg => 	o o o o 
8)	2019-09-18_07-28-26_000.jpg => 	g g o o 
[20190918_074428 / lib_ip.py:4789] no key 'GPSInfo' for file : C:\WORKS_2\WS\WS_Others.Art\JVEMV6\46_art\VIRTUAL\Admin_Projects\ip\images\2019-09-18_01-01-01_000.png
[20190918_074428 / views.py:1839] gen_Cake_CSV(request) ==> ending... =======================//

