[20190818_074104 / views.py:1822] gen_Cake_CSV(request) ==> starting... =======================
[20190818_074106 / lib_ip.py:2274] inspecting ===> img.20190818_074106.2019-08-17_12-18-56_000.jpg.1.png
[20190818_074107 / lib_ip.py:4505] 
img.20190818_074106.2019-08-17_12-18-56_000.jpg.1.png 0 ---------------------
[20190818_074107 / lib_ip.py:3753] file = img.20190818_074106.2019-08-17_12-18-56_000.jpg.1.png / val_Average = 29.3935	val_Variance = 853.8777	sd = 29.2212	max = 135	min = 0
[20190818_074107 / lib_ip.py:3836] len(Hs) = 8100, len(Ss) = 8100, len(Vs) = 8100
[20190818_074107 / lib_ip.py:3869] yellow : variance --> out of range (variance = 853.878 / upper = 0.650 / lower = 0.000)
[20190818_074107 / lib_ip.py:3753] file = img.20190818_074106.2019-08-17_12-18-56_000.jpg.1.png / val_Average = 29.3935	val_Variance = 853.8777	sd = 29.2212	max = 135	min = 0
[20190818_074107 / lib_ip.py:3936] len(Hs) = 8100, len(Ss) = 8100, len(Vs) = 8100
[20190818_074107 / lib_ip.py:3982] red : variance --> out of range (variance = 853.878 / upper = 0.430 / lower = 0.000)
[20190818_074107 / lib_ip.py:3753] file = img.20190818_074106.2019-08-17_12-18-56_000.jpg.1.png / val_Average = 29.3935	val_Variance = 853.8777	sd = 29.2212	max = 135	min = 0
[20190818_074107 / lib_ip.py:4052] len(Hs) = 8100, len(Ss) = 8100, len(Vs) = 8100
[20190818_074107 / lib_ip.py:4099] green : variance --> out of range (variance = 853.878 / upper = 0.760 / lower = 0.000)
[20190818_074107 / lib_ip.py:3753] file = img.20190818_074106.2019-08-17_12-18-56_000.jpg.1.png / val_Average = 29.3935	val_Variance = 853.8777	sd = 29.2212	max = 135	min = 0
[20190818_074108 / lib_ip.py:4169] len(Hs) = 8100, len(Ss) = 8100, len(Vs) = 8100
[20190818_074108 / lib_ip.py:4208] blue : variance --> out of range (variance = 853.878 / upper = 0.930 / lower = 0.010)
[20190818_074108 / lib_ip.py:3753] file = img.20190818_074106.2019-08-17_12-18-56_000.jpg.1.png / val_Average = 29.3935	val_Variance = 853.8777	sd = 29.2212	max = 135	min = 0
[20190818_074108 / lib_ip.py:4275] len(Hs) = 8100, len(Ss) = 8100, len(Vs) = 8100
[20190818_074108 / lib_ip.py:4314] pink : variance --> out of range (variance = 853.878 / upper = 0.750 / lower = 0.030)
[20190818_074108 / lib_ip.py:3753] file = img.20190818_074106.2019-08-17_12-18-56_000.jpg.1.png / val_Average = 29.3935	val_Variance = 853.8777	sd = 29.2212	max = 135	min = 0
[20190818_074108 / lib_ip.py:4378] len(Hs) = 8100, len(Ss) = 8100, len(Vs) = 8100
[20190818_074108 / lib_ip.py:4422] black : variance --> out of range (variance = 853.878 / upper = 0.000 / lower = 0.000)
[20190818_074108 / lib_ip.py:4593] file : img.20190818_074106.2019-08-17_12-18-56_000.jpg.1.png 0 (black : variance --> out of range (variance = 853.878 / upper = 0.000 / lower = 0.000))
[20190818_074108 / lib_ip.py:2274] inspecting ===> img.20190818_074106.2019-08-17_12-18-56_000.jpg.2.png
[20190818_074108 / lib_ip.py:4505] 
img.20190818_074106.2019-08-17_12-18-56_000.jpg.2.png 1 ---------------------
[20190818_074108 / lib_ip.py:3753] file = img.20190818_074106.2019-08-17_12-18-56_000.jpg.2.png / val_Average = 93.6657	val_Variance = 0.2226	sd = 0.4718	max = 94	min = 93
[20190818_074108 / lib_ip.py:3836] len(Hs) = 8100, len(Ss) = 8100, len(Vs) = 8100
[20190818_074108 / lib_ip.py:2274] inspecting ===> img.20190818_074106.2019-08-17_12-18-56_000.jpg.3.png
[20190818_074109 / lib_ip.py:4505] 
img.20190818_074106.2019-08-17_12-18-56_000.jpg.3.png 2 ---------------------
[20190818_074109 / lib_ip.py:3753] file = img.20190818_074106.2019-08-17_12-18-56_000.jpg.3.png / val_Average = 32.3016	val_Variance = 1842.2768	sd = 42.9218	max = 174	min = 0
[20190818_074109 / lib_ip.py:3836] len(Hs) = 8100, len(Ss) = 8100, len(Vs) = 8100
[20190818_074109 / lib_ip.py:3869] yellow : variance --> out of range (variance = 1842.277 / upper = 0.650 / lower = 0.000)
[20190818_074109 / lib_ip.py:3753] file = img.20190818_074106.2019-08-17_12-18-56_000.jpg.3.png / val_Average = 32.3016	val_Variance = 1842.2768	sd = 42.9218	max = 174	min = 0
[20190818_074109 / lib_ip.py:3936] len(Hs) = 8100, len(Ss) = 8100, len(Vs) = 8100
[20190818_074109 / lib_ip.py:3982] red : variance --> out of range (variance = 1842.277 / upper = 0.430 / lower = 0.000)
[20190818_074109 / lib_ip.py:3753] file = img.20190818_074106.2019-08-17_12-18-56_000.jpg.3.png / val_Average = 32.3016	val_Variance = 1842.2768	sd = 42.9218	max = 174	min = 0
[20190818_074109 / lib_ip.py:4052] len(Hs) = 8100, len(Ss) = 8100, len(Vs) = 8100
[20190818_074109 / lib_ip.py:4099] green : variance --> out of range (variance = 1842.277 / upper = 0.760 / lower = 0.000)
[20190818_074110 / lib_ip.py:3753] file = img.20190818_074106.2019-08-17_12-18-56_000.jpg.3.png / val_Average = 32.3016	val_Variance = 1842.2768	sd = 42.9218	max = 174	min = 0
[20190818_074110 / lib_ip.py:4169] len(Hs) = 8100, len(Ss) = 8100, len(Vs) = 8100
[20190818_074110 / lib_ip.py:4208] blue : variance --> out of range (variance = 1842.277 / upper = 0.930 / lower = 0.010)
[20190818_074110 / lib_ip.py:3753] file = img.20190818_074106.2019-08-17_12-18-56_000.jpg.3.png / val_Average = 32.3016	val_Variance = 1842.2768	sd = 42.9218	max = 174	min = 0
[20190818_074110 / lib_ip.py:4275] len(Hs) = 8100, len(Ss) = 8100, len(Vs) = 8100
[20190818_074110 / lib_ip.py:4314] pink : variance --> out of range (variance = 1842.277 / upper = 0.750 / lower = 0.030)
[20190818_074110 / lib_ip.py:3753] file = img.20190818_074106.2019-08-17_12-18-56_000.jpg.3.png / val_Average = 32.3016	val_Variance = 1842.2768	sd = 42.9218	max = 174	min = 0
[20190818_074110 / lib_ip.py:4378] len(Hs) = 8100, len(Ss) = 8100, len(Vs) = 8100
[20190818_074110 / lib_ip.py:4422] black : variance --> out of range (variance = 1842.277 / upper = 0.000 / lower = 0.000)
[20190818_074110 / lib_ip.py:4593] file : img.20190818_074106.2019-08-17_12-18-56_000.jpg.3.png 2 (black : variance --> out of range (variance = 1842.277 / upper = 0.000 / lower = 0.000))
[20190818_074110 / lib_ip.py:2274] inspecting ===> img.20190818_074106.2019-08-17_12-18-56_000.jpg.4.png
[20190818_074111 / lib_ip.py:4505] 
img.20190818_074106.2019-08-17_12-18-56_000.jpg.4.png 3 ---------------------
[20190818_074111 / lib_ip.py:3753] file = img.20190818_074106.2019-08-17_12-18-56_000.jpg.4.png / val_Average = 8.7878	val_Variance = 218.9237	sd = 14.7961	max = 178	min = 0
[20190818_074111 / lib_ip.py:3836] len(Hs) = 8100, len(Ss) = 8100, len(Vs) = 8100
[20190818_074111 / lib_ip.py:3869] yellow : variance --> out of range (variance = 218.924 / upper = 0.650 / lower = 0.000)
[20190818_074111 / lib_ip.py:3753] file = img.20190818_074106.2019-08-17_12-18-56_000.jpg.4.png / val_Average = 8.7878	val_Variance = 218.9237	sd = 14.7961	max = 178	min = 0
[20190818_074111 / lib_ip.py:3936] len(Hs) = 8100, len(Ss) = 8100, len(Vs) = 8100
[20190818_074111 / lib_ip.py:3982] red : variance --> out of range (variance = 218.924 / upper = 0.430 / lower = 0.000)
[20190818_074111 / lib_ip.py:3753] file = img.20190818_074106.2019-08-17_12-18-56_000.jpg.4.png / val_Average = 8.7878	val_Variance = 218.9237	sd = 14.7961	max = 178	min = 0
[20190818_074111 / lib_ip.py:4052] len(Hs) = 8100, len(Ss) = 8100, len(Vs) = 8100
[20190818_074111 / lib_ip.py:4099] green : variance --> out of range (variance = 218.924 / upper = 0.760 / lower = 0.000)
[20190818_074111 / lib_ip.py:3753] file = img.20190818_074106.2019-08-17_12-18-56_000.jpg.4.png / val_Average = 8.7878	val_Variance = 218.9237	sd = 14.7961	max = 178	min = 0
[20190818_074112 / lib_ip.py:4169] len(Hs) = 8100, len(Ss) = 8100, len(Vs) = 8100
[20190818_074112 / lib_ip.py:4208] blue : variance --> out of range (variance = 218.924 / upper = 0.930 / lower = 0.010)
[20190818_074112 / lib_ip.py:3753] file = img.20190818_074106.2019-08-17_12-18-56_000.jpg.4.png / val_Average = 8.7878	val_Variance = 218.9237	sd = 14.7961	max = 178	min = 0
[20190818_074112 / lib_ip.py:4275] len(Hs) = 8100, len(Ss) = 8100, len(Vs) = 8100
[20190818_074112 / lib_ip.py:4314] pink : variance --> out of range (variance = 218.924 / upper = 0.750 / lower = 0.030)
[20190818_074112 / lib_ip.py:3753] file = img.20190818_074106.2019-08-17_12-18-56_000.jpg.4.png / val_Average = 8.7878	val_Variance = 218.9237	sd = 14.7961	max = 178	min = 0
[20190818_074112 / lib_ip.py:4378] len(Hs) = 8100, len(Ss) = 8100, len(Vs) = 8100
[20190818_074112 / lib_ip.py:4422] black : variance --> out of range (variance = 218.924 / upper = 0.000 / lower = 0.000)
[20190818_074112 / lib_ip.py:4593] file : img.20190818_074106.2019-08-17_12-18-56_000.jpg.4.png 3 (black : variance --> out of range (variance = 218.924 / upper = 0.000 / lower = 0.000))
[20190818_074110 / lib_ip.py:2274] inspecting ===> img.20190818_074106.2019-08-17_12-18-56_000.jpg.4.png
img.20190818_074106.2019-08-17_12-18-56_000.jpg.1.png => other
img.20190818_074106.2019-08-17_12-18-56_000.jpg.2.png => yellow
img.20190818_074106.2019-08-17_12-18-56_000.jpg.3.png => other
img.20190818_074106.2019-08-17_12-18-56_000.jpg.4.png => other
[20190818_074112 lib_ip.py:3301] =============== Get 4 corners
dpath_Images = C:\WORKS_2\WS\WS_Others.Art\JVEMV6\46_art\VIRTUAL\Admin_Projects\ip\images
fname_Image = img.20190818_074106.2019-08-17_12-18-56_000.jpg.4.png

[20190818_074113 / lib_ip.py:2274] inspecting ===> img.20190818_074113.2019-08-17_16-38-05_000.jpg.1.png
[20190818_074113 / lib_ip.py:4505] 
img.20190818_074113.2019-08-17_16-38-05_000.jpg.1.png 0 ---------------------
[20190818_074113 / lib_ip.py:3753] file = img.20190818_074113.2019-08-17_16-38-05_000.jpg.1.png / val_Average = 102.6448	val_Variance = 4.5772	sd = 2.1394	max = 109	min = 94
[20190818_074113 / lib_ip.py:3836] len(Hs) = 8100, len(Ss) = 8100, len(Vs) = 8100
[20190818_074113 / lib_ip.py:3869] yellow : variance --> out of range (variance = 4.577 / upper = 0.650 / lower = 0.000)
[20190818_074114 / lib_ip.py:3753] file = img.20190818_074113.2019-08-17_16-38-05_000.jpg.1.png / val_Average = 102.6448	val_Variance = 4.5772	sd = 2.1394	max = 109	min = 94
[20190818_074114 / lib_ip.py:3936] len(Hs) = 8100, len(Ss) = 8100, len(Vs) = 8100
[20190818_074114 / lib_ip.py:3982] red : variance --> out of range (variance = 4.577 / upper = 0.430 / lower = 0.000)
[20190818_074114 / lib_ip.py:3753] file = img.20190818_074113.2019-08-17_16-38-05_000.jpg.1.png / val_Average = 102.6448	val_Variance = 4.5772	sd = 2.1394	max = 109	min = 94
[20190818_074114 / lib_ip.py:4052] len(Hs) = 8100, len(Ss) = 8100, len(Vs) = 8100
[20190818_074114 / lib_ip.py:4099] green : variance --> out of range (variance = 4.577 / upper = 0.760 / lower = 0.000)
[20190818_074114 / lib_ip.py:3753] file = img.20190818_074113.2019-08-17_16-38-05_000.jpg.1.png / val_Average = 102.6448	val_Variance = 4.5772	sd = 2.1394	max = 109	min = 94
[20190818_074114 / lib_ip.py:4169] len(Hs) = 8100, len(Ss) = 8100, len(Vs) = 8100
[20190818_074114 / lib_ip.py:4208] blue : variance --> out of range (variance = 4.577 / upper = 0.930 / lower = 0.010)
[20190818_074114 / lib_ip.py:3753] file = img.20190818_074113.2019-08-17_16-38-05_000.jpg.1.png / val_Average = 102.6448	val_Variance = 4.5772	sd = 2.1394	max = 109	min = 94
[20190818_074114 / lib_ip.py:4275] len(Hs) = 8100, len(Ss) = 8100, len(Vs) = 8100
[20190818_074114 / lib_ip.py:4314] pink : variance --> out of range (variance = 4.577 / upper = 0.750 / lower = 0.030)
[20190818_074114 / lib_ip.py:3753] file = img.20190818_074113.2019-08-17_16-38-05_000.jpg.1.png / val_Average = 102.6448	val_Variance = 4.5772	sd = 2.1394	max = 109	min = 94
[20190818_074114 / lib_ip.py:4378] len(Hs) = 8100, len(Ss) = 8100, len(Vs) = 8100
[20190818_074114 / lib_ip.py:4422] black : variance --> out of range (variance = 4.577 / upper = 0.000 / lower = 0.000)
[20190818_074114 / lib_ip.py:4593] file : img.20190818_074113.2019-08-17_16-38-05_000.jpg.1.png 0 (black : variance --> out of range (variance = 4.577 / upper = 0.000 / lower = 0.000))
[20190818_074115 / lib_ip.py:2274] inspecting ===> img.20190818_074113.2019-08-17_16-38-05_000.jpg.2.png
[20190818_074115 / lib_ip.py:4505] 
img.20190818_074113.2019-08-17_16-38-05_000.jpg.2.png 1 ---------------------
[20190818_074115 / lib_ip.py:3753] file = img.20190818_074113.2019-08-17_16-38-05_000.jpg.2.png / val_Average = 0.0000	val_Variance = 0.0000	sd = 0.0000	max = 0	min = 0
[20190818_074115 / lib_ip.py:3836] len(Hs) = 8100, len(Ss) = 8100, len(Vs) = 8100
[20190818_074115 / lib_ip.py:3891] yellow : average --> out of range (average = 0.000 / upper = 99.200 / lower = 85.500)
[20190818_074115 / lib_ip.py:3753] file = img.20190818_074113.2019-08-17_16-38-05_000.jpg.2.png / val_Average = 0.0000	val_Variance = 0.0000	sd = 0.0000	max = 0	min = 0
[20190818_074115 / lib_ip.py:3936] len(Hs) = 8100, len(Ss) = 8100, len(Vs) = 8100
[20190818_074115 / lib_ip.py:4007] red : average --> out of range (average = 0.000 / upper = 124.600 / lower = 115.000)
[20190818_074115 / lib_ip.py:3753] file = img.20190818_074113.2019-08-17_16-38-05_000.jpg.2.png / val_Average = 0.0000	val_Variance = 0.0000	sd = 0.0000	max = 0	min = 0
[20190818_074115 / lib_ip.py:4052] len(Hs) = 8100, len(Ss) = 8100, len(Vs) = 8100
[20190818_074116 / lib_ip.py:4124] green : average --> out of range (average = 0.000 / upper = 85.000 / lower = 58.000)
[20190818_074116 / lib_ip.py:3753] file = img.20190818_074113.2019-08-17_16-38-05_000.jpg.2.png / val_Average = 0.0000	val_Variance = 0.0000	sd = 0.0000	max = 0	min = 0
[20190818_074116 / lib_ip.py:4169] len(Hs) = 8100, len(Ss) = 8100, len(Vs) = 8100
[20190818_074116 / lib_ip.py:4208] blue : variance --> out of range (variance = 0.000 / upper = 0.930 / lower = 0.010)
[20190818_074116 / lib_ip.py:3753] file = img.20190818_074113.2019-08-17_16-38-05_000.jpg.2.png / val_Average = 0.0000	val_Variance = 0.0000	sd = 0.0000	max = 0	min = 0
[20190818_074116 / lib_ip.py:4275] len(Hs) = 8100, len(Ss) = 8100, len(Vs) = 8100
[20190818_074116 / lib_ip.py:4314] pink : variance --> out of range (variance = 0.000 / upper = 0.750 / lower = 0.030)
[20190818_074116 / lib_ip.py:3753] file = img.20190818_074113.2019-08-17_16-38-05_000.jpg.2.png / val_Average = 0.0000	val_Variance = 0.0000	sd = 0.0000	max = 0	min = 0
[20190818_074116 / lib_ip.py:4378] len(Hs) = 8100, len(Ss) = 8100, len(Vs) = 8100
[20190818_074116 / lib_ip.py:2274] inspecting ===> img.20190818_074113.2019-08-17_16-38-05_000.jpg.3.png
[20190818_074116 / lib_ip.py:4505] 
img.20190818_074113.2019-08-17_16-38-05_000.jpg.3.png 2 ---------------------
[20190818_074117 / lib_ip.py:3753] file = img.20190818_074113.2019-08-17_16-38-05_000.jpg.3.png / val_Average = 101.9852	val_Variance = 0.7324	sd = 0.8558	max = 105	min = 100
[20190818_074117 / lib_ip.py:3836] len(Hs) = 8100, len(Ss) = 8100, len(Vs) = 8100
[20190818_074117 / lib_ip.py:3869] yellow : variance --> out of range (variance = 0.732 / upper = 0.650 / lower = 0.000)
[20190818_074117 / lib_ip.py:3753] file = img.20190818_074113.2019-08-17_16-38-05_000.jpg.3.png / val_Average = 101.9852	val_Variance = 0.7324	sd = 0.8558	max = 105	min = 100
[20190818_074117 / lib_ip.py:3936] len(Hs) = 8100, len(Ss) = 8100, len(Vs) = 8100
[20190818_074117 / lib_ip.py:3982] red : variance --> out of range (variance = 0.732 / upper = 0.430 / lower = 0.000)
[20190818_074117 / lib_ip.py:3753] file = img.20190818_074113.2019-08-17_16-38-05_000.jpg.3.png / val_Average = 101.9852	val_Variance = 0.7324	sd = 0.8558	max = 105	min = 100
[20190818_074117 / lib_ip.py:4052] len(Hs) = 8100, len(Ss) = 8100, len(Vs) = 8100
[20190818_074117 / lib_ip.py:4124] green : average --> out of range (average = 101.985 / upper = 85.000 / lower = 58.000)
[20190818_074117 / lib_ip.py:3753] file = img.20190818_074113.2019-08-17_16-38-05_000.jpg.3.png / val_Average = 101.9852	val_Variance = 0.7324	sd = 0.8558	max = 105	min = 100
[20190818_074117 / lib_ip.py:4169] len(Hs) = 8100, len(Ss) = 8100, len(Vs) = 8100
[20190818_074117 / lib_ip.py:4230] blue : average --> out of range (average = 101.985 / upper = 17.000 / lower = 8.850)
[20190818_074117 / lib_ip.py:3753] file = img.20190818_074113.2019-08-17_16-38-05_000.jpg.3.png / val_Average = 101.9852	val_Variance = 0.7324	sd = 0.8558	max = 105	min = 100
[20190818_074117 / lib_ip.py:4275] len(Hs) = 8100, len(Ss) = 8100, len(Vs) = 8100
[20190818_074118 / lib_ip.py:4336] pink : average --> out of range (average = 101.985 / upper = 141.000 / lower = 127.900)
[20190818_074118 / lib_ip.py:3753] file = img.20190818_074113.2019-08-17_16-38-05_000.jpg.3.png / val_Average = 101.9852	val_Variance = 0.7324	sd = 0.8558	max = 105	min = 100
[20190818_074118 / lib_ip.py:4378] len(Hs) = 8100, len(Ss) = 8100, len(Vs) = 8100
[20190818_074118 / lib_ip.py:4422] black : variance --> out of range (variance = 0.732 / upper = 0.000 / lower = 0.000)
[20190818_074118 / lib_ip.py:4593] file : img.20190818_074113.2019-08-17_16-38-05_000.jpg.3.png 2 (black : variance --> out of range (variance = 0.732 / upper = 0.000 / lower = 0.000))
[20190818_074118 / lib_ip.py:2274] inspecting ===> img.20190818_074113.2019-08-17_16-38-05_000.jpg.4.png
[20190818_074118 / lib_ip.py:4505] 
img.20190818_074113.2019-08-17_16-38-05_000.jpg.4.png 3 ---------------------
[20190818_074118 / lib_ip.py:3753] file = img.20190818_074113.2019-08-17_16-38-05_000.jpg.4.png / val_Average = 103.4036	val_Variance = 0.3748	sd = 0.6122	max = 105	min = 101
[20190818_074118 / lib_ip.py:3836] len(Hs) = 8100, len(Ss) = 8100, len(Vs) = 8100
[20190818_074118 / lib_ip.py:3891] yellow : average --> out of range (average = 103.404 / upper = 99.200 / lower = 85.500)
[20190818_074118 / lib_ip.py:3753] file = img.20190818_074113.2019-08-17_16-38-05_000.jpg.4.png / val_Average = 103.4036	val_Variance = 0.3748	sd = 0.6122	max = 105	min = 101
[20190818_074118 / lib_ip.py:3936] len(Hs) = 8100, len(Ss) = 8100, len(Vs) = 8100
[20190818_074118 / lib_ip.py:4007] red : average --> out of range (average = 103.404 / upper = 124.600 / lower = 115.000)
[20190818_074119 / lib_ip.py:3753] file = img.20190818_074113.2019-08-17_16-38-05_000.jpg.4.png / val_Average = 103.4036	val_Variance = 0.3748	sd = 0.6122	max = 105	min = 101
[20190818_074119 / lib_ip.py:4052] len(Hs) = 8100, len(Ss) = 8100, len(Vs) = 8100
[20190818_074119 / lib_ip.py:4124] green : average --> out of range (average = 103.404 / upper = 85.000 / lower = 58.000)
[20190818_074119 / lib_ip.py:3753] file = img.20190818_074113.2019-08-17_16-38-05_000.jpg.4.png / val_Average = 103.4036	val_Variance = 0.3748	sd = 0.6122	max = 105	min = 101
[20190818_074119 / lib_ip.py:4169] len(Hs) = 8100, len(Ss) = 8100, len(Vs) = 8100
[20190818_074119 / lib_ip.py:4230] blue : average --> out of range (average = 103.404 / upper = 17.000 / lower = 8.850)
[20190818_074119 / lib_ip.py:3753] file = img.20190818_074113.2019-08-17_16-38-05_000.jpg.4.png / val_Average = 103.4036	val_Variance = 0.3748	sd = 0.6122	max = 105	min = 101
[20190818_074119 / lib_ip.py:4275] len(Hs) = 8100, len(Ss) = 8100, len(Vs) = 8100
[20190818_074119 / lib_ip.py:4336] pink : average --> out of range (average = 103.404 / upper = 141.000 / lower = 127.900)
[20190818_074119 / lib_ip.py:3753] file = img.20190818_074113.2019-08-17_16-38-05_000.jpg.4.png / val_Average = 103.4036	val_Variance = 0.3748	sd = 0.6122	max = 105	min = 101
[20190818_074119 / lib_ip.py:4378] len(Hs) = 8100, len(Ss) = 8100, len(Vs) = 8100
[20190818_074119 / lib_ip.py:4422] black : variance --> out of range (variance = 0.375 / upper = 0.000 / lower = 0.000)
[20190818_074119 / lib_ip.py:4593] file : img.20190818_074113.2019-08-17_16-38-05_000.jpg.4.png 3 (black : variance --> out of range (variance = 0.375 / upper = 0.000 / lower = 0.000))
[20190818_074118 / lib_ip.py:2274] inspecting ===> img.20190818_074113.2019-08-17_16-38-05_000.jpg.4.png
img.20190818_074113.2019-08-17_16-38-05_000.jpg.1.png => other
img.20190818_074113.2019-08-17_16-38-05_000.jpg.2.png => other
img.20190818_074113.2019-08-17_16-38-05_000.jpg.3.png => other
img.20190818_074113.2019-08-17_16-38-05_000.jpg.4.png => other
[20190818_074119 lib_ip.py:3301] =============== Get 4 corners
dpath_Images = C:\WORKS_2\WS\WS_Others.Art\JVEMV6\46_art\VIRTUAL\Admin_Projects\ip\images
fname_Image = img.20190818_074113.2019-08-17_16-38-05_000.jpg.4.png

[20190818_074120 / lib_ip.py:2274] inspecting ===> img.20190818_074120.2019-08-17_18-15-48_000.jpg.1.png
[20190818_074120 / lib_ip.py:4505] 
img.20190818_074120.2019-08-17_18-15-48_000.jpg.1.png 0 ---------------------
[20190818_074121 / lib_ip.py:3753] file = img.20190818_074120.2019-08-17_18-15-48_000.jpg.1.png / val_Average = 118.5469	val_Variance = 33.0463	sd = 5.7486	max = 131	min = 104
[20190818_074121 / lib_ip.py:3836] len(Hs) = 8100, len(Ss) = 8100, len(Vs) = 8100
[20190818_074121 / lib_ip.py:3869] yellow : variance --> out of range (variance = 33.046 / upper = 0.650 / lower = 0.000)
[20190818_074121 / lib_ip.py:3753] file = img.20190818_074120.2019-08-17_18-15-48_000.jpg.1.png / val_Average = 118.5469	val_Variance = 33.0463	sd = 5.7486	max = 131	min = 104
[20190818_074121 / lib_ip.py:3936] len(Hs) = 8100, len(Ss) = 8100, len(Vs) = 8100
[20190818_074121 / lib_ip.py:3982] red : variance --> out of range (variance = 33.046 / upper = 0.430 / lower = 0.000)
[20190818_074121 / lib_ip.py:3753] file = img.20190818_074120.2019-08-17_18-15-48_000.jpg.1.png / val_Average = 118.5469	val_Variance = 33.0463	sd = 5.7486	max = 131	min = 104
[20190818_074121 / lib_ip.py:4052] len(Hs) = 8100, len(Ss) = 8100, len(Vs) = 8100
[20190818_074121 / lib_ip.py:4099] green : variance --> out of range (variance = 33.046 / upper = 0.760 / lower = 0.000)
[20190818_074121 / lib_ip.py:3753] file = img.20190818_074120.2019-08-17_18-15-48_000.jpg.1.png / val_Average = 118.5469	val_Variance = 33.0463	sd = 5.7486	max = 131	min = 104
[20190818_074121 / lib_ip.py:4169] len(Hs) = 8100, len(Ss) = 8100, len(Vs) = 8100
[20190818_074121 / lib_ip.py:4208] blue : variance --> out of range (variance = 33.046 / upper = 0.930 / lower = 0.010)
[20190818_074121 / lib_ip.py:3753] file = img.20190818_074120.2019-08-17_18-15-48_000.jpg.1.png / val_Average = 118.5469	val_Variance = 33.0463	sd = 5.7486	max = 131	min = 104
[20190818_074121 / lib_ip.py:4275] len(Hs) = 8100, len(Ss) = 8100, len(Vs) = 8100
[20190818_074122 / lib_ip.py:4314] pink : variance --> out of range (variance = 33.046 / upper = 0.750 / lower = 0.030)
[20190818_074122 / lib_ip.py:3753] file = img.20190818_074120.2019-08-17_18-15-48_000.jpg.1.png / val_Average = 118.5469	val_Variance = 33.0463	sd = 5.7486	max = 131	min = 104
[20190818_074122 / lib_ip.py:4378] len(Hs) = 8100, len(Ss) = 8100, len(Vs) = 8100
[20190818_074122 / lib_ip.py:4422] black : variance --> out of range (variance = 33.046 / upper = 0.000 / lower = 0.000)
[20190818_074122 / lib_ip.py:4593] file : img.20190818_074120.2019-08-17_18-15-48_000.jpg.1.png 0 (black : variance --> out of range (variance = 33.046 / upper = 0.000 / lower = 0.000))
[20190818_074122 / lib_ip.py:2274] inspecting ===> img.20190818_074120.2019-08-17_18-15-48_000.jpg.2.png
[20190818_074122 / lib_ip.py:4505] 
img.20190818_074120.2019-08-17_18-15-48_000.jpg.2.png 1 ---------------------
[20190818_074122 / lib_ip.py:3753] file = img.20190818_074120.2019-08-17_18-15-48_000.jpg.2.png / val_Average = 103.6258	val_Variance = 72.8880	sd = 8.5374	max = 135	min = 84
[20190818_074122 / lib_ip.py:3836] len(Hs) = 8100, len(Ss) = 8100, len(Vs) = 8100
[20190818_074122 / lib_ip.py:3869] yellow : variance --> out of range (variance = 72.888 / upper = 0.650 / lower = 0.000)
[20190818_074123 / lib_ip.py:3753] file = img.20190818_074120.2019-08-17_18-15-48_000.jpg.2.png / val_Average = 103.6258	val_Variance = 72.8880	sd = 8.5374	max = 135	min = 84
[20190818_074123 / lib_ip.py:3936] len(Hs) = 8100, len(Ss) = 8100, len(Vs) = 8100
[20190818_074123 / lib_ip.py:3982] red : variance --> out of range (variance = 72.888 / upper = 0.430 / lower = 0.000)
[20190818_074123 / lib_ip.py:3753] file = img.20190818_074120.2019-08-17_18-15-48_000.jpg.2.png / val_Average = 103.6258	val_Variance = 72.8880	sd = 8.5374	max = 135	min = 84
[20190818_074123 / lib_ip.py:4052] len(Hs) = 8100, len(Ss) = 8100, len(Vs) = 8100
[20190818_074123 / lib_ip.py:4099] green : variance --> out of range (variance = 72.888 / upper = 0.760 / lower = 0.000)
[20190818_074123 / lib_ip.py:3753] file = img.20190818_074120.2019-08-17_18-15-48_000.jpg.2.png / val_Average = 103.6258	val_Variance = 72.8880	sd = 8.5374	max = 135	min = 84
[20190818_074123 / lib_ip.py:4169] len(Hs) = 8100, len(Ss) = 8100, len(Vs) = 8100
[20190818_074123 / lib_ip.py:4208] blue : variance --> out of range (variance = 72.888 / upper = 0.930 / lower = 0.010)
[20190818_074123 / lib_ip.py:3753] file = img.20190818_074120.2019-08-17_18-15-48_000.jpg.2.png / val_Average = 103.6258	val_Variance = 72.8880	sd = 8.5374	max = 135	min = 84
[20190818_074123 / lib_ip.py:4275] len(Hs) = 8100, len(Ss) = 8100, len(Vs) = 8100
[20190818_074123 / lib_ip.py:4314] pink : variance --> out of range (variance = 72.888 / upper = 0.750 / lower = 0.030)
[20190818_074123 / lib_ip.py:3753] file = img.20190818_074120.2019-08-17_18-15-48_000.jpg.2.png / val_Average = 103.6258	val_Variance = 72.8880	sd = 8.5374	max = 135	min = 84
[20190818_074123 / lib_ip.py:4378] len(Hs) = 8100, len(Ss) = 8100, len(Vs) = 8100
[20190818_074123 / lib_ip.py:4422] black : variance --> out of range (variance = 72.888 / upper = 0.000 / lower = 0.000)
[20190818_074123 / lib_ip.py:4593] file : img.20190818_074120.2019-08-17_18-15-48_000.jpg.2.png 1 (black : variance --> out of range (variance = 72.888 / upper = 0.000 / lower = 0.000))
[20190818_074123 / lib_ip.py:2274] inspecting ===> img.20190818_074120.2019-08-17_18-15-48_000.jpg.3.png
[20190818_074124 / lib_ip.py:4505] 
img.20190818_074120.2019-08-17_18-15-48_000.jpg.3.png 2 ---------------------
[20190818_074124 / lib_ip.py:3753] file = img.20190818_074120.2019-08-17_18-15-48_000.jpg.3.png / val_Average = 107.2281	val_Variance = 1.1430	sd = 1.0691	max = 113	min = 103
[20190818_074124 / lib_ip.py:3836] len(Hs) = 8100, len(Ss) = 8100, len(Vs) = 8100
[20190818_074124 / lib_ip.py:3869] yellow : variance --> out of range (variance = 1.143 / upper = 0.650 / lower = 0.000)
[20190818_074124 / lib_ip.py:3753] file = img.20190818_074120.2019-08-17_18-15-48_000.jpg.3.png / val_Average = 107.2281	val_Variance = 1.1430	sd = 1.0691	max = 113	min = 103
[20190818_074124 / lib_ip.py:3936] len(Hs) = 8100, len(Ss) = 8100, len(Vs) = 8100
[20190818_074124 / lib_ip.py:3982] red : variance --> out of range (variance = 1.143 / upper = 0.430 / lower = 0.000)
[20190818_074124 / lib_ip.py:3753] file = img.20190818_074120.2019-08-17_18-15-48_000.jpg.3.png / val_Average = 107.2281	val_Variance = 1.1430	sd = 1.0691	max = 113	min = 103
[20190818_074124 / lib_ip.py:4052] len(Hs) = 8100, len(Ss) = 8100, len(Vs) = 8100
[20190818_074124 / lib_ip.py:4099] green : variance --> out of range (variance = 1.143 / upper = 0.760 / lower = 0.000)
[20190818_074124 / lib_ip.py:3753] file = img.20190818_074120.2019-08-17_18-15-48_000.jpg.3.png / val_Average = 107.2281	val_Variance = 1.1430	sd = 1.0691	max = 113	min = 103
[20190818_074124 / lib_ip.py:4169] len(Hs) = 8100, len(Ss) = 8100, len(Vs) = 8100
[20190818_074125 / lib_ip.py:4208] blue : variance --> out of range (variance = 1.143 / upper = 0.930 / lower = 0.010)
[20190818_074125 / lib_ip.py:3753] file = img.20190818_074120.2019-08-17_18-15-48_000.jpg.3.png / val_Average = 107.2281	val_Variance = 1.1430	sd = 1.0691	max = 113	min = 103
[20190818_074125 / lib_ip.py:4275] len(Hs) = 8100, len(Ss) = 8100, len(Vs) = 8100
[20190818_074125 / lib_ip.py:4314] pink : variance --> out of range (variance = 1.143 / upper = 0.750 / lower = 0.030)
[20190818_074125 / lib_ip.py:3753] file = img.20190818_074120.2019-08-17_18-15-48_000.jpg.3.png / val_Average = 107.2281	val_Variance = 1.1430	sd = 1.0691	max = 113	min = 103
[20190818_074125 / lib_ip.py:4378] len(Hs) = 8100, len(Ss) = 8100, len(Vs) = 8100
[20190818_074125 / lib_ip.py:4422] black : variance --> out of range (variance = 1.143 / upper = 0.000 / lower = 0.000)
[20190818_074125 / lib_ip.py:4593] file : img.20190818_074120.2019-08-17_18-15-48_000.jpg.3.png 2 (black : variance --> out of range (variance = 1.143 / upper = 0.000 / lower = 0.000))
[20190818_074125 / lib_ip.py:2274] inspecting ===> img.20190818_074120.2019-08-17_18-15-48_000.jpg.4.png
[20190818_074125 / lib_ip.py:4505] 
img.20190818_074120.2019-08-17_18-15-48_000.jpg.4.png 3 ---------------------
[20190818_074126 / lib_ip.py:3753] file = img.20190818_074120.2019-08-17_18-15-48_000.jpg.4.png / val_Average = 121.0720	val_Variance = 0.1419	sd = 0.3766	max = 122	min = 120
[20190818_074126 / lib_ip.py:3836] len(Hs) = 8100, len(Ss) = 8100, len(Vs) = 8100
[20190818_074126 / lib_ip.py:3891] yellow : average --> out of range (average = 121.072 / upper = 99.200 / lower = 85.500)
[20190818_074126 / lib_ip.py:3753] file = img.20190818_074120.2019-08-17_18-15-48_000.jpg.4.png / val_Average = 121.0720	val_Variance = 0.1419	sd = 0.3766	max = 122	min = 120
[20190818_074126 / lib_ip.py:3936] len(Hs) = 8100, len(Ss) = 8100, len(Vs) = 8100
[20190818_074125 / lib_ip.py:2274] inspecting ===> img.20190818_074120.2019-08-17_18-15-48_000.jpg.4.png
img.20190818_074120.2019-08-17_18-15-48_000.jpg.1.png => other
img.20190818_074120.2019-08-17_18-15-48_000.jpg.2.png => other
img.20190818_074120.2019-08-17_18-15-48_000.jpg.3.png => other
img.20190818_074120.2019-08-17_18-15-48_000.jpg.4.png => other
[20190818_074126 lib_ip.py:3301] =============== Get 4 corners
dpath_Images = C:\WORKS_2\WS\WS_Others.Art\JVEMV6\46_art\VIRTUAL\Admin_Projects\ip\images
fname_Image = img.20190818_074120.2019-08-17_18-15-48_000.jpg.4.png

[20190818_074127 / lib_ip.py:2274] inspecting ===> img.20190818_074127.2019-08-17_20-42-46_000.jpg.1.png
[20190818_074127 / lib_ip.py:4505] 
img.20190818_074127.2019-08-17_20-42-46_000.jpg.1.png 0 ---------------------
[20190818_074127 / lib_ip.py:3753] file = img.20190818_074127.2019-08-17_20-42-46_000.jpg.1.png / val_Average = 66.9973	val_Variance = 860.0368	sd = 29.3264	max = 135	min = 0
[20190818_074127 / lib_ip.py:3836] len(Hs) = 8100, len(Ss) = 8100, len(Vs) = 8100
[20190818_074127 / lib_ip.py:3869] yellow : variance --> out of range (variance = 860.037 / upper = 0.650 / lower = 0.000)
[20190818_074127 / lib_ip.py:3753] file = img.20190818_074127.2019-08-17_20-42-46_000.jpg.1.png / val_Average = 66.9973	val_Variance = 860.0368	sd = 29.3264	max = 135	min = 0
[20190818_074127 / lib_ip.py:3936] len(Hs) = 8100, len(Ss) = 8100, len(Vs) = 8100
[20190818_074127 / lib_ip.py:3982] red : variance --> out of range (variance = 860.037 / upper = 0.430 / lower = 0.000)
[20190818_074128 / lib_ip.py:3753] file = img.20190818_074127.2019-08-17_20-42-46_000.jpg.1.png / val_Average = 66.9973	val_Variance = 860.0368	sd = 29.3264	max = 135	min = 0
[20190818_074128 / lib_ip.py:4052] len(Hs) = 8100, len(Ss) = 8100, len(Vs) = 8100
[20190818_074128 / lib_ip.py:4099] green : variance --> out of range (variance = 860.037 / upper = 0.760 / lower = 0.000)
[20190818_074128 / lib_ip.py:3753] file = img.20190818_074127.2019-08-17_20-42-46_000.jpg.1.png / val_Average = 66.9973	val_Variance = 860.0368	sd = 29.3264	max = 135	min = 0
[20190818_074128 / lib_ip.py:4169] len(Hs) = 8100, len(Ss) = 8100, len(Vs) = 8100
[20190818_074128 / lib_ip.py:4208] blue : variance --> out of range (variance = 860.037 / upper = 0.930 / lower = 0.010)
[20190818_074128 / lib_ip.py:3753] file = img.20190818_074127.2019-08-17_20-42-46_000.jpg.1.png / val_Average = 66.9973	val_Variance = 860.0368	sd = 29.3264	max = 135	min = 0
[20190818_074128 / lib_ip.py:4275] len(Hs) = 8100, len(Ss) = 8100, len(Vs) = 8100
[20190818_074128 / lib_ip.py:4314] pink : variance --> out of range (variance = 860.037 / upper = 0.750 / lower = 0.030)
[20190818_074128 / lib_ip.py:3753] file = img.20190818_074127.2019-08-17_20-42-46_000.jpg.1.png / val_Average = 66.9973	val_Variance = 860.0368	sd = 29.3264	max = 135	min = 0
[20190818_074128 / lib_ip.py:4378] len(Hs) = 8100, len(Ss) = 8100, len(Vs) = 8100
[20190818_074128 / lib_ip.py:4422] black : variance --> out of range (variance = 860.037 / upper = 0.000 / lower = 0.000)
[20190818_074128 / lib_ip.py:4593] file : img.20190818_074127.2019-08-17_20-42-46_000.jpg.1.png 0 (black : variance --> out of range (variance = 860.037 / upper = 0.000 / lower = 0.000))
[20190818_074128 / lib_ip.py:2274] inspecting ===> img.20190818_074127.2019-08-17_20-42-46_000.jpg.2.png
[20190818_074129 / lib_ip.py:4505] 
img.20190818_074127.2019-08-17_20-42-46_000.jpg.2.png 1 ---------------------
[20190818_074129 / lib_ip.py:3753] file = img.20190818_074127.2019-08-17_20-42-46_000.jpg.2.png / val_Average = 91.9763	val_Variance = 0.0244	sd = 0.1561	max = 93	min = 91
[20190818_074129 / lib_ip.py:3836] len(Hs) = 8100, len(Ss) = 8100, len(Vs) = 8100
[20190818_074129 / lib_ip.py:2274] inspecting ===> img.20190818_074127.2019-08-17_20-42-46_000.jpg.3.png
[20190818_074129 / lib_ip.py:4505] 
img.20190818_074127.2019-08-17_20-42-46_000.jpg.3.png 2 ---------------------
[20190818_074129 / lib_ip.py:3753] file = img.20190818_074127.2019-08-17_20-42-46_000.jpg.3.png / val_Average = 45.4694	val_Variance = 2105.7829	sd = 45.8888	max = 160	min = 0
[20190818_074129 / lib_ip.py:3836] len(Hs) = 8100, len(Ss) = 8100, len(Vs) = 8100
[20190818_074130 / lib_ip.py:3869] yellow : variance --> out of range (variance = 2105.783 / upper = 0.650 / lower = 0.000)
[20190818_074130 / lib_ip.py:3753] file = img.20190818_074127.2019-08-17_20-42-46_000.jpg.3.png / val_Average = 45.4694	val_Variance = 2105.7829	sd = 45.8888	max = 160	min = 0
[20190818_074130 / lib_ip.py:3936] len(Hs) = 8100, len(Ss) = 8100, len(Vs) = 8100
[20190818_074130 / lib_ip.py:3982] red : variance --> out of range (variance = 2105.783 / upper = 0.430 / lower = 0.000)
[20190818_074130 / lib_ip.py:3753] file = img.20190818_074127.2019-08-17_20-42-46_000.jpg.3.png / val_Average = 45.4694	val_Variance = 2105.7829	sd = 45.8888	max = 160	min = 0
[20190818_074130 / lib_ip.py:4052] len(Hs) = 8100, len(Ss) = 8100, len(Vs) = 8100
[20190818_074130 / lib_ip.py:4099] green : variance --> out of range (variance = 2105.783 / upper = 0.760 / lower = 0.000)
[20190818_074130 / lib_ip.py:3753] file = img.20190818_074127.2019-08-17_20-42-46_000.jpg.3.png / val_Average = 45.4694	val_Variance = 2105.7829	sd = 45.8888	max = 160	min = 0
[20190818_074130 / lib_ip.py:4169] len(Hs) = 8100, len(Ss) = 8100, len(Vs) = 8100
[20190818_074130 / lib_ip.py:4208] blue : variance --> out of range (variance = 2105.783 / upper = 0.930 / lower = 0.010)
[20190818_074130 / lib_ip.py:3753] file = img.20190818_074127.2019-08-17_20-42-46_000.jpg.3.png / val_Average = 45.4694	val_Variance = 2105.7829	sd = 45.8888	max = 160	min = 0
[20190818_074130 / lib_ip.py:4275] len(Hs) = 8100, len(Ss) = 8100, len(Vs) = 8100
[20190818_074130 / lib_ip.py:4314] pink : variance --> out of range (variance = 2105.783 / upper = 0.750 / lower = 0.030)
[20190818_074130 / lib_ip.py:3753] file = img.20190818_074127.2019-08-17_20-42-46_000.jpg.3.png / val_Average = 45.4694	val_Variance = 2105.7829	sd = 45.8888	max = 160	min = 0
[20190818_074130 / lib_ip.py:4378] len(Hs) = 8100, len(Ss) = 8100, len(Vs) = 8100
[20190818_074131 / lib_ip.py:4422] black : variance --> out of range (variance = 2105.783 / upper = 0.000 / lower = 0.000)
[20190818_074131 / lib_ip.py:4593] file : img.20190818_074127.2019-08-17_20-42-46_000.jpg.3.png 2 (black : variance --> out of range (variance = 2105.783 / upper = 0.000 / lower = 0.000))
[20190818_074131 / lib_ip.py:2274] inspecting ===> img.20190818_074127.2019-08-17_20-42-46_000.jpg.4.png
[20190818_074131 / lib_ip.py:4505] 
img.20190818_074127.2019-08-17_20-42-46_000.jpg.4.png 3 ---------------------
[20190818_074131 / lib_ip.py:3753] file = img.20190818_074127.2019-08-17_20-42-46_000.jpg.4.png / val_Average = 82.8841	val_Variance = 811.3099	sd = 28.4835	max = 135	min = 0
[20190818_074131 / lib_ip.py:3836] len(Hs) = 8100, len(Ss) = 8100, len(Vs) = 8100
[20190818_074131 / lib_ip.py:3869] yellow : variance --> out of range (variance = 811.310 / upper = 0.650 / lower = 0.000)
[20190818_074131 / lib_ip.py:3753] file = img.20190818_074127.2019-08-17_20-42-46_000.jpg.4.png / val_Average = 82.8841	val_Variance = 811.3099	sd = 28.4835	max = 135	min = 0
[20190818_074131 / lib_ip.py:3936] len(Hs) = 8100, len(Ss) = 8100, len(Vs) = 8100
[20190818_074131 / lib_ip.py:3982] red : variance --> out of range (variance = 811.310 / upper = 0.430 / lower = 0.000)
[20190818_074132 / lib_ip.py:3753] file = img.20190818_074127.2019-08-17_20-42-46_000.jpg.4.png / val_Average = 82.8841	val_Variance = 811.3099	sd = 28.4835	max = 135	min = 0
[20190818_074132 / lib_ip.py:4052] len(Hs) = 8100, len(Ss) = 8100, len(Vs) = 8100
[20190818_074132 / lib_ip.py:4099] green : variance --> out of range (variance = 811.310 / upper = 0.760 / lower = 0.000)
[20190818_074132 / lib_ip.py:3753] file = img.20190818_074127.2019-08-17_20-42-46_000.jpg.4.png / val_Average = 82.8841	val_Variance = 811.3099	sd = 28.4835	max = 135	min = 0
[20190818_074132 / lib_ip.py:4169] len(Hs) = 8100, len(Ss) = 8100, len(Vs) = 8100
[20190818_074132 / lib_ip.py:4208] blue : variance --> out of range (variance = 811.310 / upper = 0.930 / lower = 0.010)
[20190818_074132 / lib_ip.py:3753] file = img.20190818_074127.2019-08-17_20-42-46_000.jpg.4.png / val_Average = 82.8841	val_Variance = 811.3099	sd = 28.4835	max = 135	min = 0
[20190818_074132 / lib_ip.py:4275] len(Hs) = 8100, len(Ss) = 8100, len(Vs) = 8100
[20190818_074132 / lib_ip.py:4314] pink : variance --> out of range (variance = 811.310 / upper = 0.750 / lower = 0.030)
[20190818_074132 / lib_ip.py:3753] file = img.20190818_074127.2019-08-17_20-42-46_000.jpg.4.png / val_Average = 82.8841	val_Variance = 811.3099	sd = 28.4835	max = 135	min = 0
[20190818_074132 / lib_ip.py:4378] len(Hs) = 8100, len(Ss) = 8100, len(Vs) = 8100
[20190818_074132 / lib_ip.py:4422] black : variance --> out of range (variance = 811.310 / upper = 0.000 / lower = 0.000)
[20190818_074132 / lib_ip.py:4593] file : img.20190818_074127.2019-08-17_20-42-46_000.jpg.4.png 3 (black : variance --> out of range (variance = 811.310 / upper = 0.000 / lower = 0.000))
[20190818_074131 / lib_ip.py:2274] inspecting ===> img.20190818_074127.2019-08-17_20-42-46_000.jpg.4.png
img.20190818_074127.2019-08-17_20-42-46_000.jpg.1.png => other
img.20190818_074127.2019-08-17_20-42-46_000.jpg.2.png => other
img.20190818_074127.2019-08-17_20-42-46_000.jpg.3.png => other
img.20190818_074127.2019-08-17_20-42-46_000.jpg.4.png => other
[20190818_074132 lib_ip.py:3301] =============== Get 4 corners
dpath_Images = C:\WORKS_2\WS\WS_Others.Art\JVEMV6\46_art\VIRTUAL\Admin_Projects\ip\images
fname_Image = img.20190818_074127.2019-08-17_20-42-46_000.jpg.4.png

[20190818_074133 / lib_ip.py:2274] inspecting ===> img.20190818_074133.2019-08-18_00-23-10_000.jpg.1.png
[20190818_074133 / lib_ip.py:4505] 
img.20190818_074133.2019-08-18_00-23-10_000.jpg.1.png 0 ---------------------
[20190818_074133 / lib_ip.py:3753] file = img.20190818_074133.2019-08-18_00-23-10_000.jpg.1.png / val_Average = 95.8433	val_Variance = 8.1368	sd = 2.8525	max = 104	min = 85
[20190818_074133 / lib_ip.py:3836] len(Hs) = 8100, len(Ss) = 8100, len(Vs) = 8100
[20190818_074133 / lib_ip.py:3869] yellow : variance --> out of range (variance = 8.137 / upper = 0.650 / lower = 0.000)
[20190818_074134 / lib_ip.py:3753] file = img.20190818_074133.2019-08-18_00-23-10_000.jpg.1.png / val_Average = 95.8433	val_Variance = 8.1368	sd = 2.8525	max = 104	min = 85
[20190818_074134 / lib_ip.py:3936] len(Hs) = 8100, len(Ss) = 8100, len(Vs) = 8100
[20190818_074134 / lib_ip.py:3982] red : variance --> out of range (variance = 8.137 / upper = 0.430 / lower = 0.000)
[20190818_074134 / lib_ip.py:3753] file = img.20190818_074133.2019-08-18_00-23-10_000.jpg.1.png / val_Average = 95.8433	val_Variance = 8.1368	sd = 2.8525	max = 104	min = 85
[20190818_074134 / lib_ip.py:4052] len(Hs) = 8100, len(Ss) = 8100, len(Vs) = 8100
[20190818_074134 / lib_ip.py:4099] green : variance --> out of range (variance = 8.137 / upper = 0.760 / lower = 0.000)
[20190818_074134 / lib_ip.py:3753] file = img.20190818_074133.2019-08-18_00-23-10_000.jpg.1.png / val_Average = 95.8433	val_Variance = 8.1368	sd = 2.8525	max = 104	min = 85
[20190818_074134 / lib_ip.py:4169] len(Hs) = 8100, len(Ss) = 8100, len(Vs) = 8100
[20190818_074134 / lib_ip.py:4208] blue : variance --> out of range (variance = 8.137 / upper = 0.930 / lower = 0.010)
[20190818_074134 / lib_ip.py:3753] file = img.20190818_074133.2019-08-18_00-23-10_000.jpg.1.png / val_Average = 95.8433	val_Variance = 8.1368	sd = 2.8525	max = 104	min = 85
[20190818_074134 / lib_ip.py:4275] len(Hs) = 8100, len(Ss) = 8100, len(Vs) = 8100
[20190818_074134 / lib_ip.py:4314] pink : variance --> out of range (variance = 8.137 / upper = 0.750 / lower = 0.030)
[20190818_074134 / lib_ip.py:3753] file = img.20190818_074133.2019-08-18_00-23-10_000.jpg.1.png / val_Average = 95.8433	val_Variance = 8.1368	sd = 2.8525	max = 104	min = 85
[20190818_074134 / lib_ip.py:4378] len(Hs) = 8100, len(Ss) = 8100, len(Vs) = 8100
[20190818_074134 / lib_ip.py:4422] black : variance --> out of range (variance = 8.137 / upper = 0.000 / lower = 0.000)
[20190818_074134 / lib_ip.py:4593] file : img.20190818_074133.2019-08-18_00-23-10_000.jpg.1.png 0 (black : variance --> out of range (variance = 8.137 / upper = 0.000 / lower = 0.000))
[20190818_074135 / lib_ip.py:2274] inspecting ===> img.20190818_074133.2019-08-18_00-23-10_000.jpg.2.png
[20190818_074135 / lib_ip.py:4505] 
img.20190818_074133.2019-08-18_00-23-10_000.jpg.2.png 1 ---------------------
[20190818_074135 / lib_ip.py:3753] file = img.20190818_074133.2019-08-18_00-23-10_000.jpg.2.png / val_Average = 96.9790	val_Variance = 4.8344	sd = 2.1987	max = 104	min = 85
[20190818_074135 / lib_ip.py:3836] len(Hs) = 8100, len(Ss) = 8100, len(Vs) = 8100
[20190818_074135 / lib_ip.py:3869] yellow : variance --> out of range (variance = 4.834 / upper = 0.650 / lower = 0.000)
[20190818_074135 / lib_ip.py:3753] file = img.20190818_074133.2019-08-18_00-23-10_000.jpg.2.png / val_Average = 96.9790	val_Variance = 4.8344	sd = 2.1987	max = 104	min = 85
[20190818_074135 / lib_ip.py:3936] len(Hs) = 8100, len(Ss) = 8100, len(Vs) = 8100
[20190818_074135 / lib_ip.py:3982] red : variance --> out of range (variance = 4.834 / upper = 0.430 / lower = 0.000)
[20190818_074135 / lib_ip.py:3753] file = img.20190818_074133.2019-08-18_00-23-10_000.jpg.2.png / val_Average = 96.9790	val_Variance = 4.8344	sd = 2.1987	max = 104	min = 85
[20190818_074135 / lib_ip.py:4052] len(Hs) = 8100, len(Ss) = 8100, len(Vs) = 8100
[20190818_074136 / lib_ip.py:4099] green : variance --> out of range (variance = 4.834 / upper = 0.760 / lower = 0.000)
[20190818_074136 / lib_ip.py:3753] file = img.20190818_074133.2019-08-18_00-23-10_000.jpg.2.png / val_Average = 96.9790	val_Variance = 4.8344	sd = 2.1987	max = 104	min = 85
[20190818_074136 / lib_ip.py:4169] len(Hs) = 8100, len(Ss) = 8100, len(Vs) = 8100
[20190818_074136 / lib_ip.py:4208] blue : variance --> out of range (variance = 4.834 / upper = 0.930 / lower = 0.010)
[20190818_074136 / lib_ip.py:3753] file = img.20190818_074133.2019-08-18_00-23-10_000.jpg.2.png / val_Average = 96.9790	val_Variance = 4.8344	sd = 2.1987	max = 104	min = 85
[20190818_074136 / lib_ip.py:4275] len(Hs) = 8100, len(Ss) = 8100, len(Vs) = 8100
[20190818_074136 / lib_ip.py:4314] pink : variance --> out of range (variance = 4.834 / upper = 0.750 / lower = 0.030)
[20190818_074136 / lib_ip.py:3753] file = img.20190818_074133.2019-08-18_00-23-10_000.jpg.2.png / val_Average = 96.9790	val_Variance = 4.8344	sd = 2.1987	max = 104	min = 85
[20190818_074136 / lib_ip.py:4378] len(Hs) = 8100, len(Ss) = 8100, len(Vs) = 8100
[20190818_074136 / lib_ip.py:4422] black : variance --> out of range (variance = 4.834 / upper = 0.000 / lower = 0.000)
[20190818_074136 / lib_ip.py:4593] file : img.20190818_074133.2019-08-18_00-23-10_000.jpg.2.png 1 (black : variance --> out of range (variance = 4.834 / upper = 0.000 / lower = 0.000))
[20190818_074136 / lib_ip.py:2274] inspecting ===> img.20190818_074133.2019-08-18_00-23-10_000.jpg.3.png
[20190818_074136 / lib_ip.py:4505] 
img.20190818_074133.2019-08-18_00-23-10_000.jpg.3.png 2 ---------------------
[20190818_074137 / lib_ip.py:3753] file = img.20190818_074133.2019-08-18_00-23-10_000.jpg.3.png / val_Average = 98.0388	val_Variance = 2.5229	sd = 1.5884	max = 102	min = 94
[20190818_074137 / lib_ip.py:3836] len(Hs) = 8100, len(Ss) = 8100, len(Vs) = 8100
[20190818_074137 / lib_ip.py:3869] yellow : variance --> out of range (variance = 2.523 / upper = 0.650 / lower = 0.000)
[20190818_074137 / lib_ip.py:3753] file = img.20190818_074133.2019-08-18_00-23-10_000.jpg.3.png / val_Average = 98.0388	val_Variance = 2.5229	sd = 1.5884	max = 102	min = 94
[20190818_074137 / lib_ip.py:3936] len(Hs) = 8100, len(Ss) = 8100, len(Vs) = 8100
[20190818_074137 / lib_ip.py:3982] red : variance --> out of range (variance = 2.523 / upper = 0.430 / lower = 0.000)
[20190818_074137 / lib_ip.py:3753] file = img.20190818_074133.2019-08-18_00-23-10_000.jpg.3.png / val_Average = 98.0388	val_Variance = 2.5229	sd = 1.5884	max = 102	min = 94
[20190818_074137 / lib_ip.py:4052] len(Hs) = 8100, len(Ss) = 8100, len(Vs) = 8100
[20190818_074137 / lib_ip.py:4099] green : variance --> out of range (variance = 2.523 / upper = 0.760 / lower = 0.000)
[20190818_074137 / lib_ip.py:3753] file = img.20190818_074133.2019-08-18_00-23-10_000.jpg.3.png / val_Average = 98.0388	val_Variance = 2.5229	sd = 1.5884	max = 102	min = 94
[20190818_074137 / lib_ip.py:4169] len(Hs) = 8100, len(Ss) = 8100, len(Vs) = 8100
[20190818_074137 / lib_ip.py:4208] blue : variance --> out of range (variance = 2.523 / upper = 0.930 / lower = 0.010)
[20190818_074137 / lib_ip.py:3753] file = img.20190818_074133.2019-08-18_00-23-10_000.jpg.3.png / val_Average = 98.0388	val_Variance = 2.5229	sd = 1.5884	max = 102	min = 94
[20190818_074137 / lib_ip.py:4275] len(Hs) = 8100, len(Ss) = 8100, len(Vs) = 8100
[20190818_074137 / lib_ip.py:4314] pink : variance --> out of range (variance = 2.523 / upper = 0.750 / lower = 0.030)
[20190818_074137 / lib_ip.py:3753] file = img.20190818_074133.2019-08-18_00-23-10_000.jpg.3.png / val_Average = 98.0388	val_Variance = 2.5229	sd = 1.5884	max = 102	min = 94
[20190818_074137 / lib_ip.py:4378] len(Hs) = 8100, len(Ss) = 8100, len(Vs) = 8100
[20190818_074137 / lib_ip.py:4422] black : variance --> out of range (variance = 2.523 / upper = 0.000 / lower = 0.000)
[20190818_074138 / lib_ip.py:4593] file : img.20190818_074133.2019-08-18_00-23-10_000.jpg.3.png 2 (black : variance --> out of range (variance = 2.523 / upper = 0.000 / lower = 0.000))
[20190818_074138 / lib_ip.py:2274] inspecting ===> img.20190818_074133.2019-08-18_00-23-10_000.jpg.4.png
[20190818_074138 / lib_ip.py:4505] 
img.20190818_074133.2019-08-18_00-23-10_000.jpg.4.png 3 ---------------------
[20190818_074138 / lib_ip.py:3753] file = img.20190818_074133.2019-08-18_00-23-10_000.jpg.4.png / val_Average = 100.1496	val_Variance = 0.2356	sd = 0.4854	max = 101	min = 99
[20190818_074138 / lib_ip.py:3836] len(Hs) = 8100, len(Ss) = 8100, len(Vs) = 8100
[20190818_074138 / lib_ip.py:3891] yellow : average --> out of range (average = 100.150 / upper = 99.200 / lower = 85.500)
[20190818_074138 / lib_ip.py:3753] file = img.20190818_074133.2019-08-18_00-23-10_000.jpg.4.png / val_Average = 100.1496	val_Variance = 0.2356	sd = 0.4854	max = 101	min = 99
[20190818_074138 / lib_ip.py:3936] len(Hs) = 8100, len(Ss) = 8100, len(Vs) = 8100
[20190818_074138 / lib_ip.py:4007] red : average --> out of range (average = 100.150 / upper = 124.600 / lower = 115.000)
[20190818_074138 / lib_ip.py:3753] file = img.20190818_074133.2019-08-18_00-23-10_000.jpg.4.png / val_Average = 100.1496	val_Variance = 0.2356	sd = 0.4854	max = 101	min = 99
[20190818_074139 / lib_ip.py:4052] len(Hs) = 8100, len(Ss) = 8100, len(Vs) = 8100
[20190818_074139 / lib_ip.py:4124] green : average --> out of range (average = 100.150 / upper = 85.000 / lower = 58.000)
[20190818_074139 / lib_ip.py:3753] file = img.20190818_074133.2019-08-18_00-23-10_000.jpg.4.png / val_Average = 100.1496	val_Variance = 0.2356	sd = 0.4854	max = 101	min = 99
[20190818_074139 / lib_ip.py:4169] len(Hs) = 8100, len(Ss) = 8100, len(Vs) = 8100
[20190818_074139 / lib_ip.py:4230] blue : average --> out of range (average = 100.150 / upper = 17.000 / lower = 8.850)
[20190818_074139 / lib_ip.py:3753] file = img.20190818_074133.2019-08-18_00-23-10_000.jpg.4.png / val_Average = 100.1496	val_Variance = 0.2356	sd = 0.4854	max = 101	min = 99
[20190818_074139 / lib_ip.py:4275] len(Hs) = 8100, len(Ss) = 8100, len(Vs) = 8100
[20190818_074139 / lib_ip.py:4336] pink : average --> out of range (average = 100.150 / upper = 141.000 / lower = 127.900)
[20190818_074139 / lib_ip.py:3753] file = img.20190818_074133.2019-08-18_00-23-10_000.jpg.4.png / val_Average = 100.1496	val_Variance = 0.2356	sd = 0.4854	max = 101	min = 99
[20190818_074139 / lib_ip.py:4378] len(Hs) = 8100, len(Ss) = 8100, len(Vs) = 8100
[20190818_074139 / lib_ip.py:4422] black : variance --> out of range (variance = 0.236 / upper = 0.000 / lower = 0.000)
[20190818_074139 / lib_ip.py:4593] file : img.20190818_074133.2019-08-18_00-23-10_000.jpg.4.png 3 (black : variance --> out of range (variance = 0.236 / upper = 0.000 / lower = 0.000))
[20190818_074138 / lib_ip.py:2274] inspecting ===> img.20190818_074133.2019-08-18_00-23-10_000.jpg.4.png
img.20190818_074133.2019-08-18_00-23-10_000.jpg.1.png => other
img.20190818_074133.2019-08-18_00-23-10_000.jpg.2.png => other
img.20190818_074133.2019-08-18_00-23-10_000.jpg.3.png => other
img.20190818_074133.2019-08-18_00-23-10_000.jpg.4.png => other
[20190818_074139 lib_ip.py:3301] =============== Get 4 corners
dpath_Images = C:\WORKS_2\WS\WS_Others.Art\JVEMV6\46_art\VIRTUAL\Admin_Projects\ip\images
fname_Image = img.20190818_074133.2019-08-18_00-23-10_000.jpg.4.png

[20190818_074140 / lib_ip.py:2274] inspecting ===> img.20190818_074140.2019-08-18_06-36-26_000.jpg.1.png
[20190818_074140 / lib_ip.py:4505] 
img.20190818_074140.2019-08-18_06-36-26_000.jpg.1.png 0 ---------------------
[20190818_074141 / lib_ip.py:3753] file = img.20190818_074140.2019-08-18_06-36-26_000.jpg.1.png / val_Average = 103.0069	val_Variance = 3.8859	sd = 1.9713	max = 114	min = 98
[20190818_074141 / lib_ip.py:3836] len(Hs) = 8100, len(Ss) = 8100, len(Vs) = 8100
[20190818_074141 / lib_ip.py:3869] yellow : variance --> out of range (variance = 3.886 / upper = 0.650 / lower = 0.000)
[20190818_074141 / lib_ip.py:3753] file = img.20190818_074140.2019-08-18_06-36-26_000.jpg.1.png / val_Average = 103.0069	val_Variance = 3.8859	sd = 1.9713	max = 114	min = 98
[20190818_074141 / lib_ip.py:3936] len(Hs) = 8100, len(Ss) = 8100, len(Vs) = 8100
[20190818_074141 / lib_ip.py:3982] red : variance --> out of range (variance = 3.886 / upper = 0.430 / lower = 0.000)
[20190818_074141 / lib_ip.py:3753] file = img.20190818_074140.2019-08-18_06-36-26_000.jpg.1.png / val_Average = 103.0069	val_Variance = 3.8859	sd = 1.9713	max = 114	min = 98
[20190818_074141 / lib_ip.py:4052] len(Hs) = 8100, len(Ss) = 8100, len(Vs) = 8100
[20190818_074141 / lib_ip.py:4099] green : variance --> out of range (variance = 3.886 / upper = 0.760 / lower = 0.000)
[20190818_074141 / lib_ip.py:3753] file = img.20190818_074140.2019-08-18_06-36-26_000.jpg.1.png / val_Average = 103.0069	val_Variance = 3.8859	sd = 1.9713	max = 114	min = 98
[20190818_074141 / lib_ip.py:4169] len(Hs) = 8100, len(Ss) = 8100, len(Vs) = 8100
[20190818_074141 / lib_ip.py:4208] blue : variance --> out of range (variance = 3.886 / upper = 0.930 / lower = 0.010)
[20190818_074141 / lib_ip.py:3753] file = img.20190818_074140.2019-08-18_06-36-26_000.jpg.1.png / val_Average = 103.0069	val_Variance = 3.8859	sd = 1.9713	max = 114	min = 98
[20190818_074141 / lib_ip.py:4275] len(Hs) = 8100, len(Ss) = 8100, len(Vs) = 8100
[20190818_074141 / lib_ip.py:4314] pink : variance --> out of range (variance = 3.886 / upper = 0.750 / lower = 0.030)
[20190818_074141 / lib_ip.py:3753] file = img.20190818_074140.2019-08-18_06-36-26_000.jpg.1.png / val_Average = 103.0069	val_Variance = 3.8859	sd = 1.9713	max = 114	min = 98
[20190818_074141 / lib_ip.py:4378] len(Hs) = 8100, len(Ss) = 8100, len(Vs) = 8100
[20190818_074142 / lib_ip.py:4422] black : variance --> out of range (variance = 3.886 / upper = 0.000 / lower = 0.000)
[20190818_074142 / lib_ip.py:4593] file : img.20190818_074140.2019-08-18_06-36-26_000.jpg.1.png 0 (black : variance --> out of range (variance = 3.886 / upper = 0.000 / lower = 0.000))
[20190818_074142 / lib_ip.py:2274] inspecting ===> img.20190818_074140.2019-08-18_06-36-26_000.jpg.2.png
[20190818_074142 / lib_ip.py:4505] 
img.20190818_074140.2019-08-18_06-36-26_000.jpg.2.png 1 ---------------------
[20190818_074142 / lib_ip.py:3753] file = img.20190818_074140.2019-08-18_06-36-26_000.jpg.2.png / val_Average = 34.7767	val_Variance = 1105.8554	sd = 33.2544	max = 150	min = 0
[20190818_074142 / lib_ip.py:3836] len(Hs) = 8100, len(Ss) = 8100, len(Vs) = 8100
[20190818_074142 / lib_ip.py:3869] yellow : variance --> out of range (variance = 1105.855 / upper = 0.650 / lower = 0.000)
[20190818_074142 / lib_ip.py:3753] file = img.20190818_074140.2019-08-18_06-36-26_000.jpg.2.png / val_Average = 34.7767	val_Variance = 1105.8554	sd = 33.2544	max = 150	min = 0
[20190818_074142 / lib_ip.py:3936] len(Hs) = 8100, len(Ss) = 8100, len(Vs) = 8100
[20190818_074142 / lib_ip.py:3982] red : variance --> out of range (variance = 1105.855 / upper = 0.430 / lower = 0.000)
[20190818_074142 / lib_ip.py:3753] file = img.20190818_074140.2019-08-18_06-36-26_000.jpg.2.png / val_Average = 34.7767	val_Variance = 1105.8554	sd = 33.2544	max = 150	min = 0
[20190818_074143 / lib_ip.py:4052] len(Hs) = 8100, len(Ss) = 8100, len(Vs) = 8100
[20190818_074143 / lib_ip.py:4099] green : variance --> out of range (variance = 1105.855 / upper = 0.760 / lower = 0.000)
[20190818_074143 / lib_ip.py:3753] file = img.20190818_074140.2019-08-18_06-36-26_000.jpg.2.png / val_Average = 34.7767	val_Variance = 1105.8554	sd = 33.2544	max = 150	min = 0
[20190818_074143 / lib_ip.py:4169] len(Hs) = 8100, len(Ss) = 8100, len(Vs) = 8100
[20190818_074143 / lib_ip.py:4208] blue : variance --> out of range (variance = 1105.855 / upper = 0.930 / lower = 0.010)
[20190818_074143 / lib_ip.py:3753] file = img.20190818_074140.2019-08-18_06-36-26_000.jpg.2.png / val_Average = 34.7767	val_Variance = 1105.8554	sd = 33.2544	max = 150	min = 0
[20190818_074143 / lib_ip.py:4275] len(Hs) = 8100, len(Ss) = 8100, len(Vs) = 8100
[20190818_074143 / lib_ip.py:4314] pink : variance --> out of range (variance = 1105.855 / upper = 0.750 / lower = 0.030)
[20190818_074143 / lib_ip.py:3753] file = img.20190818_074140.2019-08-18_06-36-26_000.jpg.2.png / val_Average = 34.7767	val_Variance = 1105.8554	sd = 33.2544	max = 150	min = 0
[20190818_074143 / lib_ip.py:4378] len(Hs) = 8100, len(Ss) = 8100, len(Vs) = 8100
[20190818_074143 / lib_ip.py:4422] black : variance --> out of range (variance = 1105.855 / upper = 0.000 / lower = 0.000)
[20190818_074143 / lib_ip.py:4593] file : img.20190818_074140.2019-08-18_06-36-26_000.jpg.2.png 1 (black : variance --> out of range (variance = 1105.855 / upper = 0.000 / lower = 0.000))
[20190818_074143 / lib_ip.py:2274] inspecting ===> img.20190818_074140.2019-08-18_06-36-26_000.jpg.3.png
[20190818_074144 / lib_ip.py:4505] 
img.20190818_074140.2019-08-18_06-36-26_000.jpg.3.png 2 ---------------------
[20190818_074144 / lib_ip.py:3753] file = img.20190818_074140.2019-08-18_06-36-26_000.jpg.3.png / val_Average = 102.2000	val_Variance = 0.7378	sd = 0.8589	max = 104	min = 100
[20190818_074144 / lib_ip.py:3836] len(Hs) = 8100, len(Ss) = 8100, len(Vs) = 8100
[20190818_074144 / lib_ip.py:3869] yellow : variance --> out of range (variance = 0.738 / upper = 0.650 / lower = 0.000)
[20190818_074144 / lib_ip.py:3753] file = img.20190818_074140.2019-08-18_06-36-26_000.jpg.3.png / val_Average = 102.2000	val_Variance = 0.7378	sd = 0.8589	max = 104	min = 100
[20190818_074144 / lib_ip.py:3936] len(Hs) = 8100, len(Ss) = 8100, len(Vs) = 8100
[20190818_074144 / lib_ip.py:3982] red : variance --> out of range (variance = 0.738 / upper = 0.430 / lower = 0.000)
[20190818_074144 / lib_ip.py:3753] file = img.20190818_074140.2019-08-18_06-36-26_000.jpg.3.png / val_Average = 102.2000	val_Variance = 0.7378	sd = 0.8589	max = 104	min = 100
[20190818_074144 / lib_ip.py:4052] len(Hs) = 8100, len(Ss) = 8100, len(Vs) = 8100
[20190818_074144 / lib_ip.py:4124] green : average --> out of range (average = 102.200 / upper = 85.000 / lower = 58.000)
[20190818_074144 / lib_ip.py:3753] file = img.20190818_074140.2019-08-18_06-36-26_000.jpg.3.png / val_Average = 102.2000	val_Variance = 0.7378	sd = 0.8589	max = 104	min = 100
[20190818_074144 / lib_ip.py:4169] len(Hs) = 8100, len(Ss) = 8100, len(Vs) = 8100
[20190818_074145 / lib_ip.py:4230] blue : average --> out of range (average = 102.200 / upper = 17.000 / lower = 8.850)
[20190818_074145 / lib_ip.py:3753] file = img.20190818_074140.2019-08-18_06-36-26_000.jpg.3.png / val_Average = 102.2000	val_Variance = 0.7378	sd = 0.8589	max = 104	min = 100
[20190818_074145 / lib_ip.py:4275] len(Hs) = 8100, len(Ss) = 8100, len(Vs) = 8100
[20190818_074145 / lib_ip.py:4336] pink : average --> out of range (average = 102.200 / upper = 141.000 / lower = 127.900)
[20190818_074145 / lib_ip.py:3753] file = img.20190818_074140.2019-08-18_06-36-26_000.jpg.3.png / val_Average = 102.2000	val_Variance = 0.7378	sd = 0.8589	max = 104	min = 100
[20190818_074145 / lib_ip.py:4378] len(Hs) = 8100, len(Ss) = 8100, len(Vs) = 8100
[20190818_074145 / lib_ip.py:4422] black : variance --> out of range (variance = 0.738 / upper = 0.000 / lower = 0.000)
[20190818_074145 / lib_ip.py:4593] file : img.20190818_074140.2019-08-18_06-36-26_000.jpg.3.png 2 (black : variance --> out of range (variance = 0.738 / upper = 0.000 / lower = 0.000))
[20190818_074145 / lib_ip.py:2274] inspecting ===> img.20190818_074140.2019-08-18_06-36-26_000.jpg.4.png
[20190818_074145 / lib_ip.py:4505] 
img.20190818_074140.2019-08-18_06-36-26_000.jpg.4.png 3 ---------------------
[20190818_074145 / lib_ip.py:3753] file = img.20190818_074140.2019-08-18_06-36-26_000.jpg.4.png / val_Average = 101.8893	val_Variance = 0.6879	sd = 0.8294	max = 104	min = 100
[20190818_074145 / lib_ip.py:3836] len(Hs) = 8100, len(Ss) = 8100, len(Vs) = 8100
[20190818_074146 / lib_ip.py:3869] yellow : variance --> out of range (variance = 0.688 / upper = 0.650 / lower = 0.000)
[20190818_074146 / lib_ip.py:3753] file = img.20190818_074140.2019-08-18_06-36-26_000.jpg.4.png / val_Average = 101.8893	val_Variance = 0.6879	sd = 0.8294	max = 104	min = 100
[20190818_074146 / lib_ip.py:3936] len(Hs) = 8100, len(Ss) = 8100, len(Vs) = 8100
[20190818_074146 / lib_ip.py:3982] red : variance --> out of range (variance = 0.688 / upper = 0.430 / lower = 0.000)
[20190818_074146 / lib_ip.py:3753] file = img.20190818_074140.2019-08-18_06-36-26_000.jpg.4.png / val_Average = 101.8893	val_Variance = 0.6879	sd = 0.8294	max = 104	min = 100
[20190818_074146 / lib_ip.py:4052] len(Hs) = 8100, len(Ss) = 8100, len(Vs) = 8100
[20190818_074146 / lib_ip.py:4124] green : average --> out of range (average = 101.889 / upper = 85.000 / lower = 58.000)
[20190818_074146 / lib_ip.py:3753] file = img.20190818_074140.2019-08-18_06-36-26_000.jpg.4.png / val_Average = 101.8893	val_Variance = 0.6879	sd = 0.8294	max = 104	min = 100
[20190818_074146 / lib_ip.py:4169] len(Hs) = 8100, len(Ss) = 8100, len(Vs) = 8100
[20190818_074146 / lib_ip.py:4230] blue : average --> out of range (average = 101.889 / upper = 17.000 / lower = 8.850)
[20190818_074146 / lib_ip.py:3753] file = img.20190818_074140.2019-08-18_06-36-26_000.jpg.4.png / val_Average = 101.8893	val_Variance = 0.6879	sd = 0.8294	max = 104	min = 100
[20190818_074146 / lib_ip.py:4275] len(Hs) = 8100, len(Ss) = 8100, len(Vs) = 8100
[20190818_074146 / lib_ip.py:4336] pink : average --> out of range (average = 101.889 / upper = 141.000 / lower = 127.900)
[20190818_074146 / lib_ip.py:3753] file = img.20190818_074140.2019-08-18_06-36-26_000.jpg.4.png / val_Average = 101.8893	val_Variance = 0.6879	sd = 0.8294	max = 104	min = 100
[20190818_074146 / lib_ip.py:4378] len(Hs) = 8100, len(Ss) = 8100, len(Vs) = 8100
[20190818_074146 / lib_ip.py:4422] black : variance --> out of range (variance = 0.688 / upper = 0.000 / lower = 0.000)
[20190818_074146 / lib_ip.py:4593] file : img.20190818_074140.2019-08-18_06-36-26_000.jpg.4.png 3 (black : variance --> out of range (variance = 0.688 / upper = 0.000 / lower = 0.000))
[20190818_074145 / lib_ip.py:2274] inspecting ===> img.20190818_074140.2019-08-18_06-36-26_000.jpg.4.png
img.20190818_074140.2019-08-18_06-36-26_000.jpg.1.png => other
img.20190818_074140.2019-08-18_06-36-26_000.jpg.2.png => other
img.20190818_074140.2019-08-18_06-36-26_000.jpg.3.png => other
img.20190818_074140.2019-08-18_06-36-26_000.jpg.4.png => other
[20190818_074147 lib_ip.py:3301] =============== Get 4 corners
dpath_Images = C:\WORKS_2\WS\WS_Others.Art\JVEMV6\46_art\VIRTUAL\Admin_Projects\ip\images
fname_Image = img.20190818_074140.2019-08-18_06-36-26_000.jpg.4.png

[20190818_074147 / lib_ip.py:2274] inspecting ===> img.20190818_074147.2019-08-18_07-12-05_000.jpg.1.png
[20190818_074148 / lib_ip.py:4505] 
img.20190818_074147.2019-08-18_07-12-05_000.jpg.1.png 0 ---------------------
[20190818_074148 / lib_ip.py:3753] file = img.20190818_074147.2019-08-18_07-12-05_000.jpg.1.png / val_Average = 111.5467	val_Variance = 14.3337	sd = 3.7860	max = 123	min = 99
[20190818_074148 / lib_ip.py:3836] len(Hs) = 8100, len(Ss) = 8100, len(Vs) = 8100
[20190818_074148 / lib_ip.py:3869] yellow : variance --> out of range (variance = 14.334 / upper = 0.650 / lower = 0.000)
[20190818_074148 / lib_ip.py:3753] file = img.20190818_074147.2019-08-18_07-12-05_000.jpg.1.png / val_Average = 111.5467	val_Variance = 14.3337	sd = 3.7860	max = 123	min = 99
[20190818_074148 / lib_ip.py:3936] len(Hs) = 8100, len(Ss) = 8100, len(Vs) = 8100
[20190818_074148 / lib_ip.py:3982] red : variance --> out of range (variance = 14.334 / upper = 0.430 / lower = 0.000)
[20190818_074148 / lib_ip.py:3753] file = img.20190818_074147.2019-08-18_07-12-05_000.jpg.1.png / val_Average = 111.5467	val_Variance = 14.3337	sd = 3.7860	max = 123	min = 99
[20190818_074148 / lib_ip.py:4052] len(Hs) = 8100, len(Ss) = 8100, len(Vs) = 8100
[20190818_074148 / lib_ip.py:4099] green : variance --> out of range (variance = 14.334 / upper = 0.760 / lower = 0.000)
[20190818_074148 / lib_ip.py:3753] file = img.20190818_074147.2019-08-18_07-12-05_000.jpg.1.png / val_Average = 111.5467	val_Variance = 14.3337	sd = 3.7860	max = 123	min = 99
[20190818_074148 / lib_ip.py:4169] len(Hs) = 8100, len(Ss) = 8100, len(Vs) = 8100
[20190818_074149 / lib_ip.py:4208] blue : variance --> out of range (variance = 14.334 / upper = 0.930 / lower = 0.010)
[20190818_074149 / lib_ip.py:3753] file = img.20190818_074147.2019-08-18_07-12-05_000.jpg.1.png / val_Average = 111.5467	val_Variance = 14.3337	sd = 3.7860	max = 123	min = 99
[20190818_074149 / lib_ip.py:4275] len(Hs) = 8100, len(Ss) = 8100, len(Vs) = 8100
[20190818_074149 / lib_ip.py:4314] pink : variance --> out of range (variance = 14.334 / upper = 0.750 / lower = 0.030)
[20190818_074149 / lib_ip.py:3753] file = img.20190818_074147.2019-08-18_07-12-05_000.jpg.1.png / val_Average = 111.5467	val_Variance = 14.3337	sd = 3.7860	max = 123	min = 99
[20190818_074149 / lib_ip.py:4378] len(Hs) = 8100, len(Ss) = 8100, len(Vs) = 8100
[20190818_074149 / lib_ip.py:4422] black : variance --> out of range (variance = 14.334 / upper = 0.000 / lower = 0.000)
[20190818_074149 / lib_ip.py:4593] file : img.20190818_074147.2019-08-18_07-12-05_000.jpg.1.png 0 (black : variance --> out of range (variance = 14.334 / upper = 0.000 / lower = 0.000))
[20190818_074149 / lib_ip.py:2274] inspecting ===> img.20190818_074147.2019-08-18_07-12-05_000.jpg.2.png
[20190818_074149 / lib_ip.py:4505] 
img.20190818_074147.2019-08-18_07-12-05_000.jpg.2.png 1 ---------------------
[20190818_074149 / lib_ip.py:3753] file = img.20190818_074147.2019-08-18_07-12-05_000.jpg.2.png / val_Average = 44.7069	val_Variance = 1923.9558	sd = 43.8629	max = 160	min = 0
[20190818_074149 / lib_ip.py:3836] len(Hs) = 8100, len(Ss) = 8100, len(Vs) = 8100
[20190818_074150 / lib_ip.py:3869] yellow : variance --> out of range (variance = 1923.956 / upper = 0.650 / lower = 0.000)
[20190818_074150 / lib_ip.py:3753] file = img.20190818_074147.2019-08-18_07-12-05_000.jpg.2.png / val_Average = 44.7069	val_Variance = 1923.9558	sd = 43.8629	max = 160	min = 0
[20190818_074150 / lib_ip.py:3936] len(Hs) = 8100, len(Ss) = 8100, len(Vs) = 8100
[20190818_074150 / lib_ip.py:3982] red : variance --> out of range (variance = 1923.956 / upper = 0.430 / lower = 0.000)
[20190818_074150 / lib_ip.py:3753] file = img.20190818_074147.2019-08-18_07-12-05_000.jpg.2.png / val_Average = 44.7069	val_Variance = 1923.9558	sd = 43.8629	max = 160	min = 0
[20190818_074150 / lib_ip.py:4052] len(Hs) = 8100, len(Ss) = 8100, len(Vs) = 8100
[20190818_074150 / lib_ip.py:4099] green : variance --> out of range (variance = 1923.956 / upper = 0.760 / lower = 0.000)
[20190818_074150 / lib_ip.py:3753] file = img.20190818_074147.2019-08-18_07-12-05_000.jpg.2.png / val_Average = 44.7069	val_Variance = 1923.9558	sd = 43.8629	max = 160	min = 0
[20190818_074150 / lib_ip.py:4169] len(Hs) = 8100, len(Ss) = 8100, len(Vs) = 8100
[20190818_074150 / lib_ip.py:4208] blue : variance --> out of range (variance = 1923.956 / upper = 0.930 / lower = 0.010)
[20190818_074150 / lib_ip.py:3753] file = img.20190818_074147.2019-08-18_07-12-05_000.jpg.2.png / val_Average = 44.7069	val_Variance = 1923.9558	sd = 43.8629	max = 160	min = 0
[20190818_074150 / lib_ip.py:4275] len(Hs) = 8100, len(Ss) = 8100, len(Vs) = 8100
[20190818_074150 / lib_ip.py:4314] pink : variance --> out of range (variance = 1923.956 / upper = 0.750 / lower = 0.030)
[20190818_074150 / lib_ip.py:3753] file = img.20190818_074147.2019-08-18_07-12-05_000.jpg.2.png / val_Average = 44.7069	val_Variance = 1923.9558	sd = 43.8629	max = 160	min = 0
[20190818_074150 / lib_ip.py:4378] len(Hs) = 8100, len(Ss) = 8100, len(Vs) = 8100
[20190818_074150 / lib_ip.py:4422] black : variance --> out of range (variance = 1923.956 / upper = 0.000 / lower = 0.000)
[20190818_074150 / lib_ip.py:4593] file : img.20190818_074147.2019-08-18_07-12-05_000.jpg.2.png 1 (black : variance --> out of range (variance = 1923.956 / upper = 0.000 / lower = 0.000))
[20190818_074150 / lib_ip.py:2274] inspecting ===> img.20190818_074147.2019-08-18_07-12-05_000.jpg.3.png
[20190818_074151 / lib_ip.py:4505] 
img.20190818_074147.2019-08-18_07-12-05_000.jpg.3.png 2 ---------------------
[20190818_074151 / lib_ip.py:3753] file = img.20190818_074147.2019-08-18_07-12-05_000.jpg.3.png / val_Average = 108.2967	val_Variance = 11.0914	sd = 3.3304	max = 117	min = 99
[20190818_074151 / lib_ip.py:3836] len(Hs) = 8100, len(Ss) = 8100, len(Vs) = 8100
[20190818_074151 / lib_ip.py:3869] yellow : variance --> out of range (variance = 11.091 / upper = 0.650 / lower = 0.000)
[20190818_074151 / lib_ip.py:3753] file = img.20190818_074147.2019-08-18_07-12-05_000.jpg.3.png / val_Average = 108.2967	val_Variance = 11.0914	sd = 3.3304	max = 117	min = 99
[20190818_074151 / lib_ip.py:3936] len(Hs) = 8100, len(Ss) = 8100, len(Vs) = 8100
[20190818_074151 / lib_ip.py:3982] red : variance --> out of range (variance = 11.091 / upper = 0.430 / lower = 0.000)
[20190818_074151 / lib_ip.py:3753] file = img.20190818_074147.2019-08-18_07-12-05_000.jpg.3.png / val_Average = 108.2967	val_Variance = 11.0914	sd = 3.3304	max = 117	min = 99
[20190818_074151 / lib_ip.py:4052] len(Hs) = 8100, len(Ss) = 8100, len(Vs) = 8100
[20190818_074151 / lib_ip.py:4099] green : variance --> out of range (variance = 11.091 / upper = 0.760 / lower = 0.000)
[20190818_074151 / lib_ip.py:3753] file = img.20190818_074147.2019-08-18_07-12-05_000.jpg.3.png / val_Average = 108.2967	val_Variance = 11.0914	sd = 3.3304	max = 117	min = 99
[20190818_074151 / lib_ip.py:4169] len(Hs) = 8100, len(Ss) = 8100, len(Vs) = 8100
[20190818_074151 / lib_ip.py:4208] blue : variance --> out of range (variance = 11.091 / upper = 0.930 / lower = 0.010)
[20190818_074152 / lib_ip.py:3753] file = img.20190818_074147.2019-08-18_07-12-05_000.jpg.3.png / val_Average = 108.2967	val_Variance = 11.0914	sd = 3.3304	max = 117	min = 99
[20190818_074152 / lib_ip.py:4275] len(Hs) = 8100, len(Ss) = 8100, len(Vs) = 8100
[20190818_074152 / lib_ip.py:4314] pink : variance --> out of range (variance = 11.091 / upper = 0.750 / lower = 0.030)
[20190818_074152 / lib_ip.py:3753] file = img.20190818_074147.2019-08-18_07-12-05_000.jpg.3.png / val_Average = 108.2967	val_Variance = 11.0914	sd = 3.3304	max = 117	min = 99
[20190818_074152 / lib_ip.py:4378] len(Hs) = 8100, len(Ss) = 8100, len(Vs) = 8100
[20190818_074152 / lib_ip.py:4422] black : variance --> out of range (variance = 11.091 / upper = 0.000 / lower = 0.000)
[20190818_074152 / lib_ip.py:4593] file : img.20190818_074147.2019-08-18_07-12-05_000.jpg.3.png 2 (black : variance --> out of range (variance = 11.091 / upper = 0.000 / lower = 0.000))
[20190818_074152 / lib_ip.py:2274] inspecting ===> img.20190818_074147.2019-08-18_07-12-05_000.jpg.4.png
[20190818_074152 / lib_ip.py:4505] 
img.20190818_074147.2019-08-18_07-12-05_000.jpg.4.png 3 ---------------------
[20190818_074152 / lib_ip.py:3753] file = img.20190818_074147.2019-08-18_07-12-05_000.jpg.4.png / val_Average = 134.4906	val_Variance = 0.3134	sd = 0.5598	max = 136	min = 133
[20190818_074152 / lib_ip.py:3836] len(Hs) = 8100, len(Ss) = 8100, len(Vs) = 8100
[20190818_074152 / lib_ip.py:3891] yellow : average --> out of range (average = 134.491 / upper = 99.200 / lower = 85.500)
[20190818_074153 / lib_ip.py:3753] file = img.20190818_074147.2019-08-18_07-12-05_000.jpg.4.png / val_Average = 134.4906	val_Variance = 0.3134	sd = 0.5598	max = 136	min = 133
[20190818_074153 / lib_ip.py:3936] len(Hs) = 8100, len(Ss) = 8100, len(Vs) = 8100
[20190818_074153 / lib_ip.py:4007] red : average --> out of range (average = 134.491 / upper = 124.600 / lower = 115.000)
[20190818_074153 / lib_ip.py:3753] file = img.20190818_074147.2019-08-18_07-12-05_000.jpg.4.png / val_Average = 134.4906	val_Variance = 0.3134	sd = 0.5598	max = 136	min = 133
[20190818_074153 / lib_ip.py:4052] len(Hs) = 8100, len(Ss) = 8100, len(Vs) = 8100
[20190818_074153 / lib_ip.py:4124] green : average --> out of range (average = 134.491 / upper = 85.000 / lower = 58.000)
[20190818_074153 / lib_ip.py:3753] file = img.20190818_074147.2019-08-18_07-12-05_000.jpg.4.png / val_Average = 134.4906	val_Variance = 0.3134	sd = 0.5598	max = 136	min = 133
[20190818_074153 / lib_ip.py:4169] len(Hs) = 8100, len(Ss) = 8100, len(Vs) = 8100
[20190818_074153 / lib_ip.py:4230] blue : average --> out of range (average = 134.491 / upper = 17.000 / lower = 8.850)
[20190818_074153 / lib_ip.py:3753] file = img.20190818_074147.2019-08-18_07-12-05_000.jpg.4.png / val_Average = 134.4906	val_Variance = 0.3134	sd = 0.5598	max = 136	min = 133
[20190818_074153 / lib_ip.py:4275] len(Hs) = 8100, len(Ss) = 8100, len(Vs) = 8100
[20190818_074152 / lib_ip.py:2274] inspecting ===> img.20190818_074147.2019-08-18_07-12-05_000.jpg.4.png
img.20190818_074147.2019-08-18_07-12-05_000.jpg.1.png => other
img.20190818_074147.2019-08-18_07-12-05_000.jpg.2.png => other
img.20190818_074147.2019-08-18_07-12-05_000.jpg.3.png => other
img.20190818_074147.2019-08-18_07-12-05_000.jpg.4.png => other
[20190818_074153 lib_ip.py:3301] =============== Get 4 corners
dpath_Images = C:\WORKS_2\WS\WS_Others.Art\JVEMV6\46_art\VIRTUAL\Admin_Projects\ip\images
fname_Image = img.20190818_074147.2019-08-18_07-12-05_000.jpg.4.png

[20190818_074154 / lib_ip.py:2274] inspecting ===> img.20190818_074154.2019-08-18_07-12-53_000.jpg.1.png
[20190818_074154 / lib_ip.py:4505] 
img.20190818_074154.2019-08-18_07-12-53_000.jpg.1.png 0 ---------------------
[20190818_074154 / lib_ip.py:3753] file = img.20190818_074154.2019-08-18_07-12-53_000.jpg.1.png / val_Average = 112.0921	val_Variance = 6.2478	sd = 2.4996	max = 120	min = 104
[20190818_074154 / lib_ip.py:3836] len(Hs) = 8100, len(Ss) = 8100, len(Vs) = 8100
[20190818_074154 / lib_ip.py:3869] yellow : variance --> out of range (variance = 6.248 / upper = 0.650 / lower = 0.000)
[20190818_074155 / lib_ip.py:3753] file = img.20190818_074154.2019-08-18_07-12-53_000.jpg.1.png / val_Average = 112.0921	val_Variance = 6.2478	sd = 2.4996	max = 120	min = 104
[20190818_074155 / lib_ip.py:3936] len(Hs) = 8100, len(Ss) = 8100, len(Vs) = 8100
[20190818_074155 / lib_ip.py:3982] red : variance --> out of range (variance = 6.248 / upper = 0.430 / lower = 0.000)
[20190818_074155 / lib_ip.py:3753] file = img.20190818_074154.2019-08-18_07-12-53_000.jpg.1.png / val_Average = 112.0921	val_Variance = 6.2478	sd = 2.4996	max = 120	min = 104
[20190818_074155 / lib_ip.py:4052] len(Hs) = 8100, len(Ss) = 8100, len(Vs) = 8100
[20190818_074155 / lib_ip.py:4099] green : variance --> out of range (variance = 6.248 / upper = 0.760 / lower = 0.000)
[20190818_074155 / lib_ip.py:3753] file = img.20190818_074154.2019-08-18_07-12-53_000.jpg.1.png / val_Average = 112.0921	val_Variance = 6.2478	sd = 2.4996	max = 120	min = 104
[20190818_074155 / lib_ip.py:4169] len(Hs) = 8100, len(Ss) = 8100, len(Vs) = 8100
[20190818_074155 / lib_ip.py:4208] blue : variance --> out of range (variance = 6.248 / upper = 0.930 / lower = 0.010)
[20190818_074155 / lib_ip.py:3753] file = img.20190818_074154.2019-08-18_07-12-53_000.jpg.1.png / val_Average = 112.0921	val_Variance = 6.2478	sd = 2.4996	max = 120	min = 104
[20190818_074155 / lib_ip.py:4275] len(Hs) = 8100, len(Ss) = 8100, len(Vs) = 8100
[20190818_074155 / lib_ip.py:4314] pink : variance --> out of range (variance = 6.248 / upper = 0.750 / lower = 0.030)
[20190818_074155 / lib_ip.py:3753] file = img.20190818_074154.2019-08-18_07-12-53_000.jpg.1.png / val_Average = 112.0921	val_Variance = 6.2478	sd = 2.4996	max = 120	min = 104
[20190818_074155 / lib_ip.py:4378] len(Hs) = 8100, len(Ss) = 8100, len(Vs) = 8100
[20190818_074155 / lib_ip.py:4422] black : variance --> out of range (variance = 6.248 / upper = 0.000 / lower = 0.000)
[20190818_074155 / lib_ip.py:4593] file : img.20190818_074154.2019-08-18_07-12-53_000.jpg.1.png 0 (black : variance --> out of range (variance = 6.248 / upper = 0.000 / lower = 0.000))
[20190818_074155 / lib_ip.py:2274] inspecting ===> img.20190818_074154.2019-08-18_07-12-53_000.jpg.2.png
[20190818_074156 / lib_ip.py:4505] 
img.20190818_074154.2019-08-18_07-12-53_000.jpg.2.png 1 ---------------------
[20190818_074156 / lib_ip.py:3753] file = img.20190818_074154.2019-08-18_07-12-53_000.jpg.2.png / val_Average = 120.7406	val_Variance = 0.1928	sd = 0.4391	max = 122	min = 120
[20190818_074156 / lib_ip.py:3836] len(Hs) = 8100, len(Ss) = 8100, len(Vs) = 8100
[20190818_074156 / lib_ip.py:3891] yellow : average --> out of range (average = 120.741 / upper = 99.200 / lower = 85.500)
[20190818_074156 / lib_ip.py:3753] file = img.20190818_074154.2019-08-18_07-12-53_000.jpg.2.png / val_Average = 120.7406	val_Variance = 0.1928	sd = 0.4391	max = 122	min = 120
[20190818_074156 / lib_ip.py:3936] len(Hs) = 8100, len(Ss) = 8100, len(Vs) = 8100
[20190818_074156 / lib_ip.py:2274] inspecting ===> img.20190818_074154.2019-08-18_07-12-53_000.jpg.3.png
[20190818_074156 / lib_ip.py:4505] 
img.20190818_074154.2019-08-18_07-12-53_000.jpg.3.png 2 ---------------------
[20190818_074157 / lib_ip.py:3753] file = img.20190818_074154.2019-08-18_07-12-53_000.jpg.3.png / val_Average = 22.9944	val_Variance = 645.2016	sd = 25.4008	max = 174	min = 0
[20190818_074157 / lib_ip.py:3836] len(Hs) = 8100, len(Ss) = 8100, len(Vs) = 8100
[20190818_074157 / lib_ip.py:3869] yellow : variance --> out of range (variance = 645.202 / upper = 0.650 / lower = 0.000)
[20190818_074157 / lib_ip.py:3753] file = img.20190818_074154.2019-08-18_07-12-53_000.jpg.3.png / val_Average = 22.9944	val_Variance = 645.2016	sd = 25.4008	max = 174	min = 0
[20190818_074157 / lib_ip.py:3936] len(Hs) = 8100, len(Ss) = 8100, len(Vs) = 8100
[20190818_074157 / lib_ip.py:3982] red : variance --> out of range (variance = 645.202 / upper = 0.430 / lower = 0.000)
[20190818_074157 / lib_ip.py:3753] file = img.20190818_074154.2019-08-18_07-12-53_000.jpg.3.png / val_Average = 22.9944	val_Variance = 645.2016	sd = 25.4008	max = 174	min = 0
[20190818_074157 / lib_ip.py:4052] len(Hs) = 8100, len(Ss) = 8100, len(Vs) = 8100
[20190818_074157 / lib_ip.py:4099] green : variance --> out of range (variance = 645.202 / upper = 0.760 / lower = 0.000)
[20190818_074157 / lib_ip.py:3753] file = img.20190818_074154.2019-08-18_07-12-53_000.jpg.3.png / val_Average = 22.9944	val_Variance = 645.2016	sd = 25.4008	max = 174	min = 0
[20190818_074157 / lib_ip.py:4169] len(Hs) = 8100, len(Ss) = 8100, len(Vs) = 8100
[20190818_074157 / lib_ip.py:4208] blue : variance --> out of range (variance = 645.202 / upper = 0.930 / lower = 0.010)
[20190818_074157 / lib_ip.py:3753] file = img.20190818_074154.2019-08-18_07-12-53_000.jpg.3.png / val_Average = 22.9944	val_Variance = 645.2016	sd = 25.4008	max = 174	min = 0
[20190818_074157 / lib_ip.py:4275] len(Hs) = 8100, len(Ss) = 8100, len(Vs) = 8100
[20190818_074158 / lib_ip.py:4314] pink : variance --> out of range (variance = 645.202 / upper = 0.750 / lower = 0.030)
[20190818_074158 / lib_ip.py:3753] file = img.20190818_074154.2019-08-18_07-12-53_000.jpg.3.png / val_Average = 22.9944	val_Variance = 645.2016	sd = 25.4008	max = 174	min = 0
[20190818_074158 / lib_ip.py:4378] len(Hs) = 8100, len(Ss) = 8100, len(Vs) = 8100
[20190818_074158 / lib_ip.py:4422] black : variance --> out of range (variance = 645.202 / upper = 0.000 / lower = 0.000)
[20190818_074158 / lib_ip.py:4593] file : img.20190818_074154.2019-08-18_07-12-53_000.jpg.3.png 2 (black : variance --> out of range (variance = 645.202 / upper = 0.000 / lower = 0.000))
[20190818_074158 / lib_ip.py:2274] inspecting ===> img.20190818_074154.2019-08-18_07-12-53_000.jpg.4.png
[20190818_074158 / lib_ip.py:4505] 
img.20190818_074154.2019-08-18_07-12-53_000.jpg.4.png 3 ---------------------
[20190818_074158 / lib_ip.py:3753] file = img.20190818_074154.2019-08-18_07-12-53_000.jpg.4.png / val_Average = 77.0026	val_Variance = 0.0670	sd = 0.2589	max = 78	min = 76
[20190818_074158 / lib_ip.py:3836] len(Hs) = 8100, len(Ss) = 8100, len(Vs) = 8100
[20190818_074158 / lib_ip.py:3891] yellow : average --> out of range (average = 77.003 / upper = 99.200 / lower = 85.500)
[20190818_074158 / lib_ip.py:3753] file = img.20190818_074154.2019-08-18_07-12-53_000.jpg.4.png / val_Average = 77.0026	val_Variance = 0.0670	sd = 0.2589	max = 78	min = 76
[20190818_074158 / lib_ip.py:3936] len(Hs) = 8100, len(Ss) = 8100, len(Vs) = 8100
[20190818_074159 / lib_ip.py:4007] red : average --> out of range (average = 77.003 / upper = 124.600 / lower = 115.000)
[20190818_074159 / lib_ip.py:3753] file = img.20190818_074154.2019-08-18_07-12-53_000.jpg.4.png / val_Average = 77.0026	val_Variance = 0.0670	sd = 0.2589	max = 78	min = 76
[20190818_074159 / lib_ip.py:4052] len(Hs) = 8100, len(Ss) = 8100, len(Vs) = 8100
[20190818_074158 / lib_ip.py:2274] inspecting ===> img.20190818_074154.2019-08-18_07-12-53_000.jpg.4.png
img.20190818_074154.2019-08-18_07-12-53_000.jpg.1.png => other
img.20190818_074154.2019-08-18_07-12-53_000.jpg.2.png => other
img.20190818_074154.2019-08-18_07-12-53_000.jpg.3.png => other
img.20190818_074154.2019-08-18_07-12-53_000.jpg.4.png => other
[20190818_074159 lib_ip.py:3301] =============== Get 4 corners
dpath_Images = C:\WORKS_2\WS\WS_Others.Art\JVEMV6\46_art\VIRTUAL\Admin_Projects\ip\images
fname_Image = img.20190818_074154.2019-08-18_07-12-53_000.jpg.4.png

[20190818_074159 / views.py:1411] gen csv => complete (20190818_074159)(elapsed = 54.220 sec / 8 files / 6.778 sec per file)
1)	2019-08-17_12-18-56_000.jpg => 	other yellow other other 
2)	2019-08-17_16-38-05_000.jpg => 	other black other other 
3)	2019-08-17_18-15-48_000.jpg => 	other other other red 
4)	2019-08-17_20-42-46_000.jpg => 	other yellow other other 
5)	2019-08-18_00-23-10_000.jpg => 	other other other other 
6)	2019-08-18_06-36-26_000.jpg => 	other other other other 
7)	2019-08-18_07-12-05_000.jpg => 	other other other pink 
8)	2019-08-18_07-12-53_000.jpg => 	other red other green 
[20190818_074159 / views.py:1753] lo_ColorName_Set__Modified_2 =>
1)	2019-08-17_12-18-56_000.jpg => 	o o o y 
2)	2019-08-17_16-38-05_000.jpg => 	a o o o 
3)	2019-08-17_18-15-48_000.jpg => 	o o o r 
4)	2019-08-17_20-42-46_000.jpg => 	o o o y 
5)	2019-08-18_00-23-10_000.jpg => 	o o o o 
6)	2019-08-18_06-36-26_000.jpg => 	o o o o 
7)	2019-08-18_07-12-05_000.jpg => 	o o o p 
8)	2019-08-18_07-12-53_000.jpg => 	g o o r 
[20190818_074200 / views.py:1839] gen_Cake_CSV(request) ==> ending... =======================//

