[20190619_091700 / views.py:1822] gen_Cake_CSV(request) ==> starting... =======================
[20190619_091701 / lib_ip.py:2274] inspecting ===> img.20190619_091701.2019-06-18_11-30-44_000.jpg.1.png
[20190619_091701 / lib_ip.py:4505] 
img.20190619_091701.2019-06-18_11-30-44_000.jpg.1.png 0 ---------------------
[20190619_091702 / lib_ip.py:3753] file = img.20190619_091701.2019-06-18_11-30-44_000.jpg.1.png / val_Average = 73.9923	val_Variance = 1157.9938	sd = 34.0293	max = 135	min = 0
[20190619_091702 / lib_ip.py:3836] len(Hs) = 8100, len(Ss) = 8100, len(Vs) = 8100
[20190619_091702 / lib_ip.py:3869] yellow : variance --> out of range (variance = 1157.994 / upper = 0.650 / lower = 0.000)
[20190619_091702 / lib_ip.py:3753] file = img.20190619_091701.2019-06-18_11-30-44_000.jpg.1.png / val_Average = 73.9923	val_Variance = 1157.9938	sd = 34.0293	max = 135	min = 0
[20190619_091702 / lib_ip.py:3936] len(Hs) = 8100, len(Ss) = 8100, len(Vs) = 8100
[20190619_091702 / lib_ip.py:3982] red : variance --> out of range (variance = 1157.994 / upper = 0.430 / lower = 0.000)
[20190619_091702 / lib_ip.py:3753] file = img.20190619_091701.2019-06-18_11-30-44_000.jpg.1.png / val_Average = 73.9923	val_Variance = 1157.9938	sd = 34.0293	max = 135	min = 0
[20190619_091702 / lib_ip.py:4052] len(Hs) = 8100, len(Ss) = 8100, len(Vs) = 8100
[20190619_091702 / lib_ip.py:4099] green : variance --> out of range (variance = 1157.994 / upper = 0.760 / lower = 0.000)
[20190619_091702 / lib_ip.py:3753] file = img.20190619_091701.2019-06-18_11-30-44_000.jpg.1.png / val_Average = 73.9923	val_Variance = 1157.9938	sd = 34.0293	max = 135	min = 0
[20190619_091702 / lib_ip.py:4169] len(Hs) = 8100, len(Ss) = 8100, len(Vs) = 8100
[20190619_091702 / lib_ip.py:4208] blue : variance --> out of range (variance = 1157.994 / upper = 0.930 / lower = 0.010)
[20190619_091702 / lib_ip.py:3753] file = img.20190619_091701.2019-06-18_11-30-44_000.jpg.1.png / val_Average = 73.9923	val_Variance = 1157.9938	sd = 34.0293	max = 135	min = 0
[20190619_091702 / lib_ip.py:4275] len(Hs) = 8100, len(Ss) = 8100, len(Vs) = 8100
[20190619_091702 / lib_ip.py:4314] pink : variance --> out of range (variance = 1157.994 / upper = 0.750 / lower = 0.030)
[20190619_091702 / lib_ip.py:3753] file = img.20190619_091701.2019-06-18_11-30-44_000.jpg.1.png / val_Average = 73.9923	val_Variance = 1157.9938	sd = 34.0293	max = 135	min = 0
[20190619_091702 / lib_ip.py:4378] len(Hs) = 8100, len(Ss) = 8100, len(Vs) = 8100
[20190619_091703 / lib_ip.py:4422] black : variance --> out of range (variance = 1157.994 / upper = 0.000 / lower = 0.000)
[20190619_091703 / lib_ip.py:4593] file : img.20190619_091701.2019-06-18_11-30-44_000.jpg.1.png 0 (black : variance --> out of range (variance = 1157.994 / upper = 0.000 / lower = 0.000))
[20190619_091703 / lib_ip.py:2274] inspecting ===> img.20190619_091701.2019-06-18_11-30-44_000.jpg.2.png
[20190619_091703 / lib_ip.py:4505] 
img.20190619_091701.2019-06-18_11-30-44_000.jpg.2.png 1 ---------------------
[20190619_091703 / lib_ip.py:3753] file = img.20190619_091701.2019-06-18_11-30-44_000.jpg.2.png / val_Average = 93.0236	val_Variance = 0.0248	sd = 0.1573	max = 94	min = 92
[20190619_091703 / lib_ip.py:3836] len(Hs) = 8100, len(Ss) = 8100, len(Vs) = 8100
[20190619_091703 / lib_ip.py:2274] inspecting ===> img.20190619_091701.2019-06-18_11-30-44_000.jpg.3.png
[20190619_091703 / lib_ip.py:4505] 
img.20190619_091701.2019-06-18_11-30-44_000.jpg.3.png 2 ---------------------
[20190619_091703 / lib_ip.py:3753] file = img.20190619_091701.2019-06-18_11-30-44_000.jpg.3.png / val_Average = 116.7419	val_Variance = 26.3829	sd = 5.1364	max = 131	min = 106
[20190619_091703 / lib_ip.py:3836] len(Hs) = 8100, len(Ss) = 8100, len(Vs) = 8100
[20190619_091703 / lib_ip.py:3869] yellow : variance --> out of range (variance = 26.383 / upper = 0.650 / lower = 0.000)
[20190619_091704 / lib_ip.py:3753] file = img.20190619_091701.2019-06-18_11-30-44_000.jpg.3.png / val_Average = 116.7419	val_Variance = 26.3829	sd = 5.1364	max = 131	min = 106
[20190619_091704 / lib_ip.py:3936] len(Hs) = 8100, len(Ss) = 8100, len(Vs) = 8100
[20190619_091704 / lib_ip.py:3982] red : variance --> out of range (variance = 26.383 / upper = 0.430 / lower = 0.000)
[20190619_091704 / lib_ip.py:3753] file = img.20190619_091701.2019-06-18_11-30-44_000.jpg.3.png / val_Average = 116.7419	val_Variance = 26.3829	sd = 5.1364	max = 131	min = 106
[20190619_091704 / lib_ip.py:4052] len(Hs) = 8100, len(Ss) = 8100, len(Vs) = 8100
[20190619_091704 / lib_ip.py:4099] green : variance --> out of range (variance = 26.383 / upper = 0.760 / lower = 0.000)
[20190619_091704 / lib_ip.py:3753] file = img.20190619_091701.2019-06-18_11-30-44_000.jpg.3.png / val_Average = 116.7419	val_Variance = 26.3829	sd = 5.1364	max = 131	min = 106
[20190619_091704 / lib_ip.py:4169] len(Hs) = 8100, len(Ss) = 8100, len(Vs) = 8100
[20190619_091704 / lib_ip.py:4208] blue : variance --> out of range (variance = 26.383 / upper = 0.930 / lower = 0.010)
[20190619_091704 / lib_ip.py:3753] file = img.20190619_091701.2019-06-18_11-30-44_000.jpg.3.png / val_Average = 116.7419	val_Variance = 26.3829	sd = 5.1364	max = 131	min = 106
[20190619_091704 / lib_ip.py:4275] len(Hs) = 8100, len(Ss) = 8100, len(Vs) = 8100
[20190619_091704 / lib_ip.py:4314] pink : variance --> out of range (variance = 26.383 / upper = 0.750 / lower = 0.030)
[20190619_091704 / lib_ip.py:3753] file = img.20190619_091701.2019-06-18_11-30-44_000.jpg.3.png / val_Average = 116.7419	val_Variance = 26.3829	sd = 5.1364	max = 131	min = 106
[20190619_091704 / lib_ip.py:4378] len(Hs) = 8100, len(Ss) = 8100, len(Vs) = 8100
[20190619_091705 / lib_ip.py:4422] black : variance --> out of range (variance = 26.383 / upper = 0.000 / lower = 0.000)
[20190619_091705 / lib_ip.py:4593] file : img.20190619_091701.2019-06-18_11-30-44_000.jpg.3.png 2 (black : variance --> out of range (variance = 26.383 / upper = 0.000 / lower = 0.000))
[20190619_091705 / lib_ip.py:2274] inspecting ===> img.20190619_091701.2019-06-18_11-30-44_000.jpg.4.png
[20190619_091705 / lib_ip.py:4505] 
img.20190619_091701.2019-06-18_11-30-44_000.jpg.4.png 3 ---------------------
[20190619_091705 / lib_ip.py:3753] file = img.20190619_091701.2019-06-18_11-30-44_000.jpg.4.png / val_Average = 0.0000	val_Variance = 0.0000	sd = 0.0000	max = 0	min = 0
[20190619_091705 / lib_ip.py:3836] len(Hs) = 8100, len(Ss) = 8100, len(Vs) = 8100
[20190619_091705 / lib_ip.py:3891] yellow : average --> out of range (average = 0.000 / upper = 99.200 / lower = 85.500)
[20190619_091705 / lib_ip.py:3753] file = img.20190619_091701.2019-06-18_11-30-44_000.jpg.4.png / val_Average = 0.0000	val_Variance = 0.0000	sd = 0.0000	max = 0	min = 0
[20190619_091705 / lib_ip.py:3936] len(Hs) = 8100, len(Ss) = 8100, len(Vs) = 8100
[20190619_091705 / lib_ip.py:4007] red : average --> out of range (average = 0.000 / upper = 124.600 / lower = 115.000)
[20190619_091705 / lib_ip.py:3753] file = img.20190619_091701.2019-06-18_11-30-44_000.jpg.4.png / val_Average = 0.0000	val_Variance = 0.0000	sd = 0.0000	max = 0	min = 0
[20190619_091705 / lib_ip.py:4052] len(Hs) = 8100, len(Ss) = 8100, len(Vs) = 8100
[20190619_091705 / lib_ip.py:4124] green : average --> out of range (average = 0.000 / upper = 85.000 / lower = 58.000)
[20190619_091705 / lib_ip.py:3753] file = img.20190619_091701.2019-06-18_11-30-44_000.jpg.4.png / val_Average = 0.0000	val_Variance = 0.0000	sd = 0.0000	max = 0	min = 0
[20190619_091705 / lib_ip.py:4169] len(Hs) = 8100, len(Ss) = 8100, len(Vs) = 8100
[20190619_091706 / lib_ip.py:4208] blue : variance --> out of range (variance = 0.000 / upper = 0.930 / lower = 0.010)
[20190619_091706 / lib_ip.py:3753] file = img.20190619_091701.2019-06-18_11-30-44_000.jpg.4.png / val_Average = 0.0000	val_Variance = 0.0000	sd = 0.0000	max = 0	min = 0
[20190619_091706 / lib_ip.py:4275] len(Hs) = 8100, len(Ss) = 8100, len(Vs) = 8100
[20190619_091706 / lib_ip.py:4314] pink : variance --> out of range (variance = 0.000 / upper = 0.750 / lower = 0.030)
[20190619_091706 / lib_ip.py:3753] file = img.20190619_091701.2019-06-18_11-30-44_000.jpg.4.png / val_Average = 0.0000	val_Variance = 0.0000	sd = 0.0000	max = 0	min = 0
[20190619_091706 / lib_ip.py:4378] len(Hs) = 8100, len(Ss) = 8100, len(Vs) = 8100
[20190619_091705 / lib_ip.py:2274] inspecting ===> img.20190619_091701.2019-06-18_11-30-44_000.jpg.4.png
img.20190619_091701.2019-06-18_11-30-44_000.jpg.1.png => other
img.20190619_091701.2019-06-18_11-30-44_000.jpg.2.png => other
img.20190619_091701.2019-06-18_11-30-44_000.jpg.3.png => other
img.20190619_091701.2019-06-18_11-30-44_000.jpg.4.png => other
[20190619_091706 lib_ip.py:3301] =============== Get 4 corners
dpath_Images = C:\WORKS_2\WS\WS_Others.Art\JVEMV6\46_art\VIRTUAL\Admin_Projects\ip\images
fname_Image = img.20190619_091701.2019-06-18_11-30-44_000.jpg.4.png

[20190619_091707 / lib_ip.py:2274] inspecting ===> img.20190619_091707.2019-06-18_18-15-48_000.jpg.1.png
[20190619_091707 / lib_ip.py:4505] 
img.20190619_091707.2019-06-18_18-15-48_000.jpg.1.png 0 ---------------------
[20190619_091707 / lib_ip.py:3753] file = img.20190619_091707.2019-06-18_18-15-48_000.jpg.1.png / val_Average = 129.5660	val_Variance = 10.9308	sd = 3.3062	max = 137	min = 123
[20190619_091707 / lib_ip.py:3836] len(Hs) = 8100, len(Ss) = 8100, len(Vs) = 8100
[20190619_091707 / lib_ip.py:3869] yellow : variance --> out of range (variance = 10.931 / upper = 0.650 / lower = 0.000)
[20190619_091707 / lib_ip.py:3753] file = img.20190619_091707.2019-06-18_18-15-48_000.jpg.1.png / val_Average = 129.5660	val_Variance = 10.9308	sd = 3.3062	max = 137	min = 123
[20190619_091707 / lib_ip.py:3936] len(Hs) = 8100, len(Ss) = 8100, len(Vs) = 8100
[20190619_091708 / lib_ip.py:3982] red : variance --> out of range (variance = 10.931 / upper = 0.430 / lower = 0.000)
[20190619_091708 / lib_ip.py:3753] file = img.20190619_091707.2019-06-18_18-15-48_000.jpg.1.png / val_Average = 129.5660	val_Variance = 10.9308	sd = 3.3062	max = 137	min = 123
[20190619_091708 / lib_ip.py:4052] len(Hs) = 8100, len(Ss) = 8100, len(Vs) = 8100
[20190619_091708 / lib_ip.py:4099] green : variance --> out of range (variance = 10.931 / upper = 0.760 / lower = 0.000)
[20190619_091708 / lib_ip.py:3753] file = img.20190619_091707.2019-06-18_18-15-48_000.jpg.1.png / val_Average = 129.5660	val_Variance = 10.9308	sd = 3.3062	max = 137	min = 123
[20190619_091708 / lib_ip.py:4169] len(Hs) = 8100, len(Ss) = 8100, len(Vs) = 8100
[20190619_091708 / lib_ip.py:4208] blue : variance --> out of range (variance = 10.931 / upper = 0.930 / lower = 0.010)
[20190619_091708 / lib_ip.py:3753] file = img.20190619_091707.2019-06-18_18-15-48_000.jpg.1.png / val_Average = 129.5660	val_Variance = 10.9308	sd = 3.3062	max = 137	min = 123
[20190619_091708 / lib_ip.py:4275] len(Hs) = 8100, len(Ss) = 8100, len(Vs) = 8100
[20190619_091708 / lib_ip.py:4314] pink : variance --> out of range (variance = 10.931 / upper = 0.750 / lower = 0.030)
[20190619_091708 / lib_ip.py:3753] file = img.20190619_091707.2019-06-18_18-15-48_000.jpg.1.png / val_Average = 129.5660	val_Variance = 10.9308	sd = 3.3062	max = 137	min = 123
[20190619_091708 / lib_ip.py:4378] len(Hs) = 8100, len(Ss) = 8100, len(Vs) = 8100
[20190619_091708 / lib_ip.py:4422] black : variance --> out of range (variance = 10.931 / upper = 0.000 / lower = 0.000)
[20190619_091708 / lib_ip.py:4593] file : img.20190619_091707.2019-06-18_18-15-48_000.jpg.1.png 0 (black : variance --> out of range (variance = 10.931 / upper = 0.000 / lower = 0.000))
[20190619_091708 / lib_ip.py:2274] inspecting ===> img.20190619_091707.2019-06-18_18-15-48_000.jpg.2.png
[20190619_091709 / lib_ip.py:4505] 
img.20190619_091707.2019-06-18_18-15-48_000.jpg.2.png 1 ---------------------
[20190619_091709 / lib_ip.py:3753] file = img.20190619_091707.2019-06-18_18-15-48_000.jpg.2.png / val_Average = 93.7743	val_Variance = 0.2212	sd = 0.4703	max = 95	min = 93
[20190619_091709 / lib_ip.py:3836] len(Hs) = 8100, len(Ss) = 8100, len(Vs) = 8100
[20190619_091709 / lib_ip.py:2274] inspecting ===> img.20190619_091707.2019-06-18_18-15-48_000.jpg.3.png
[20190619_091709 / lib_ip.py:4505] 
img.20190619_091707.2019-06-18_18-15-48_000.jpg.3.png 2 ---------------------
[20190619_091709 / lib_ip.py:3753] file = img.20190619_091707.2019-06-18_18-15-48_000.jpg.3.png / val_Average = 117.3468	val_Variance = 42.8115	sd = 6.5430	max = 140	min = 96
[20190619_091709 / lib_ip.py:3836] len(Hs) = 8100, len(Ss) = 8100, len(Vs) = 8100
[20190619_091709 / lib_ip.py:3869] yellow : variance --> out of range (variance = 42.811 / upper = 0.650 / lower = 0.000)
[20190619_091710 / lib_ip.py:3753] file = img.20190619_091707.2019-06-18_18-15-48_000.jpg.3.png / val_Average = 117.3468	val_Variance = 42.8115	sd = 6.5430	max = 140	min = 96
[20190619_091710 / lib_ip.py:3936] len(Hs) = 8100, len(Ss) = 8100, len(Vs) = 8100
[20190619_091710 / lib_ip.py:3982] red : variance --> out of range (variance = 42.811 / upper = 0.430 / lower = 0.000)
[20190619_091710 / lib_ip.py:3753] file = img.20190619_091707.2019-06-18_18-15-48_000.jpg.3.png / val_Average = 117.3468	val_Variance = 42.8115	sd = 6.5430	max = 140	min = 96
[20190619_091710 / lib_ip.py:4052] len(Hs) = 8100, len(Ss) = 8100, len(Vs) = 8100
[20190619_091710 / lib_ip.py:4099] green : variance --> out of range (variance = 42.811 / upper = 0.760 / lower = 0.000)
[20190619_091710 / lib_ip.py:3753] file = img.20190619_091707.2019-06-18_18-15-48_000.jpg.3.png / val_Average = 117.3468	val_Variance = 42.8115	sd = 6.5430	max = 140	min = 96
[20190619_091710 / lib_ip.py:4169] len(Hs) = 8100, len(Ss) = 8100, len(Vs) = 8100
[20190619_091710 / lib_ip.py:4208] blue : variance --> out of range (variance = 42.811 / upper = 0.930 / lower = 0.010)
[20190619_091710 / lib_ip.py:3753] file = img.20190619_091707.2019-06-18_18-15-48_000.jpg.3.png / val_Average = 117.3468	val_Variance = 42.8115	sd = 6.5430	max = 140	min = 96
[20190619_091710 / lib_ip.py:4275] len(Hs) = 8100, len(Ss) = 8100, len(Vs) = 8100
[20190619_091710 / lib_ip.py:4314] pink : variance --> out of range (variance = 42.811 / upper = 0.750 / lower = 0.030)
[20190619_091710 / lib_ip.py:3753] file = img.20190619_091707.2019-06-18_18-15-48_000.jpg.3.png / val_Average = 117.3468	val_Variance = 42.8115	sd = 6.5430	max = 140	min = 96
[20190619_091710 / lib_ip.py:4378] len(Hs) = 8100, len(Ss) = 8100, len(Vs) = 8100
[20190619_091710 / lib_ip.py:4422] black : variance --> out of range (variance = 42.811 / upper = 0.000 / lower = 0.000)
[20190619_091710 / lib_ip.py:4593] file : img.20190619_091707.2019-06-18_18-15-48_000.jpg.3.png 2 (black : variance --> out of range (variance = 42.811 / upper = 0.000 / lower = 0.000))
[20190619_091710 / lib_ip.py:2274] inspecting ===> img.20190619_091707.2019-06-18_18-15-48_000.jpg.4.png
[20190619_091711 / lib_ip.py:4505] 
img.20190619_091707.2019-06-18_18-15-48_000.jpg.4.png 3 ---------------------
[20190619_091711 / lib_ip.py:3753] file = img.20190619_091707.2019-06-18_18-15-48_000.jpg.4.png / val_Average = 121.0601	val_Variance = 0.0901	sd = 0.3001	max = 122	min = 120
[20190619_091711 / lib_ip.py:3836] len(Hs) = 8100, len(Ss) = 8100, len(Vs) = 8100
[20190619_091711 / lib_ip.py:3891] yellow : average --> out of range (average = 121.060 / upper = 99.200 / lower = 85.500)
[20190619_091711 / lib_ip.py:3753] file = img.20190619_091707.2019-06-18_18-15-48_000.jpg.4.png / val_Average = 121.0601	val_Variance = 0.0901	sd = 0.3001	max = 122	min = 120
[20190619_091711 / lib_ip.py:3936] len(Hs) = 8100, len(Ss) = 8100, len(Vs) = 8100
[20190619_091710 / lib_ip.py:2274] inspecting ===> img.20190619_091707.2019-06-18_18-15-48_000.jpg.4.png
img.20190619_091707.2019-06-18_18-15-48_000.jpg.1.png => other
img.20190619_091707.2019-06-18_18-15-48_000.jpg.2.png => other
img.20190619_091707.2019-06-18_18-15-48_000.jpg.3.png => other
img.20190619_091707.2019-06-18_18-15-48_000.jpg.4.png => other
[20190619_091712 lib_ip.py:3301] =============== Get 4 corners
dpath_Images = C:\WORKS_2\WS\WS_Others.Art\JVEMV6\46_art\VIRTUAL\Admin_Projects\ip\images
fname_Image = img.20190619_091707.2019-06-18_18-15-48_000.jpg.4.png

[20190619_091712 / lib_ip.py:2274] inspecting ===> img.20190619_091712.2019-06-18_18-16-02_000.jpg.1.png
[20190619_091713 / lib_ip.py:4505] 
img.20190619_091712.2019-06-18_18-16-02_000.jpg.1.png 0 ---------------------
[20190619_091713 / lib_ip.py:3753] file = img.20190619_091712.2019-06-18_18-16-02_000.jpg.1.png / val_Average = 93.7278	val_Variance = 0.2900	sd = 0.5385	max = 95	min = 93
[20190619_091713 / lib_ip.py:3836] len(Hs) = 8100, len(Ss) = 8100, len(Vs) = 8100
[20190619_091713 / lib_ip.py:2274] inspecting ===> img.20190619_091712.2019-06-18_18-16-02_000.jpg.2.png
[20190619_091713 / lib_ip.py:4505] 
img.20190619_091712.2019-06-18_18-16-02_000.jpg.2.png 1 ---------------------
[20190619_091713 / lib_ip.py:3753] file = img.20190619_091712.2019-06-18_18-16-02_000.jpg.2.png / val_Average = 120.2937	val_Variance = 0.2388	sd = 0.4887	max = 122	min = 119
[20190619_091713 / lib_ip.py:3836] len(Hs) = 8100, len(Ss) = 8100, len(Vs) = 8100
[20190619_091713 / lib_ip.py:3891] yellow : average --> out of range (average = 120.294 / upper = 99.200 / lower = 85.500)
[20190619_091713 / lib_ip.py:3753] file = img.20190619_091712.2019-06-18_18-16-02_000.jpg.2.png / val_Average = 120.2937	val_Variance = 0.2388	sd = 0.4887	max = 122	min = 119
[20190619_091714 / lib_ip.py:3936] len(Hs) = 8100, len(Ss) = 8100, len(Vs) = 8100
[20190619_091714 / lib_ip.py:2274] inspecting ===> img.20190619_091712.2019-06-18_18-16-02_000.jpg.3.png
[20190619_091714 / lib_ip.py:4505] 
img.20190619_091712.2019-06-18_18-16-02_000.jpg.3.png 2 ---------------------
[20190619_091715 / lib_ip.py:3753] file = img.20190619_091712.2019-06-18_18-16-02_000.jpg.3.png / val_Average = 44.8925	val_Variance = 2166.6900	sd = 46.5477	max = 174	min = 0
[20190619_091715 / lib_ip.py:3836] len(Hs) = 8100, len(Ss) = 8100, len(Vs) = 8100
[20190619_091715 / lib_ip.py:3869] yellow : variance --> out of range (variance = 2166.690 / upper = 0.650 / lower = 0.000)
[20190619_091715 / lib_ip.py:3753] file = img.20190619_091712.2019-06-18_18-16-02_000.jpg.3.png / val_Average = 44.8925	val_Variance = 2166.6900	sd = 46.5477	max = 174	min = 0
[20190619_091715 / lib_ip.py:3936] len(Hs) = 8100, len(Ss) = 8100, len(Vs) = 8100
[20190619_091715 / lib_ip.py:3982] red : variance --> out of range (variance = 2166.690 / upper = 0.430 / lower = 0.000)
[20190619_091715 / lib_ip.py:3753] file = img.20190619_091712.2019-06-18_18-16-02_000.jpg.3.png / val_Average = 44.8925	val_Variance = 2166.6900	sd = 46.5477	max = 174	min = 0
[20190619_091715 / lib_ip.py:4052] len(Hs) = 8100, len(Ss) = 8100, len(Vs) = 8100
[20190619_091715 / lib_ip.py:4099] green : variance --> out of range (variance = 2166.690 / upper = 0.760 / lower = 0.000)
[20190619_091715 / lib_ip.py:3753] file = img.20190619_091712.2019-06-18_18-16-02_000.jpg.3.png / val_Average = 44.8925	val_Variance = 2166.6900	sd = 46.5477	max = 174	min = 0
[20190619_091715 / lib_ip.py:4169] len(Hs) = 8100, len(Ss) = 8100, len(Vs) = 8100
[20190619_091715 / lib_ip.py:4208] blue : variance --> out of range (variance = 2166.690 / upper = 0.930 / lower = 0.010)
[20190619_091715 / lib_ip.py:3753] file = img.20190619_091712.2019-06-18_18-16-02_000.jpg.3.png / val_Average = 44.8925	val_Variance = 2166.6900	sd = 46.5477	max = 174	min = 0
[20190619_091715 / lib_ip.py:4275] len(Hs) = 8100, len(Ss) = 8100, len(Vs) = 8100
[20190619_091716 / lib_ip.py:4314] pink : variance --> out of range (variance = 2166.690 / upper = 0.750 / lower = 0.030)
[20190619_091716 / lib_ip.py:3753] file = img.20190619_091712.2019-06-18_18-16-02_000.jpg.3.png / val_Average = 44.8925	val_Variance = 2166.6900	sd = 46.5477	max = 174	min = 0
[20190619_091716 / lib_ip.py:4378] len(Hs) = 8100, len(Ss) = 8100, len(Vs) = 8100
[20190619_091716 / lib_ip.py:4422] black : variance --> out of range (variance = 2166.690 / upper = 0.000 / lower = 0.000)
[20190619_091716 / lib_ip.py:4593] file : img.20190619_091712.2019-06-18_18-16-02_000.jpg.3.png 2 (black : variance --> out of range (variance = 2166.690 / upper = 0.000 / lower = 0.000))
[20190619_091716 / lib_ip.py:2274] inspecting ===> img.20190619_091712.2019-06-18_18-16-02_000.jpg.4.png
[20190619_091716 / lib_ip.py:4505] 
img.20190619_091712.2019-06-18_18-16-02_000.jpg.4.png 3 ---------------------
[20190619_091716 / lib_ip.py:3753] file = img.20190619_091712.2019-06-18_18-16-02_000.jpg.4.png / val_Average = 102.4698	val_Variance = 512.4022	sd = 22.6363	max = 178	min = 0
[20190619_091716 / lib_ip.py:3836] len(Hs) = 8100, len(Ss) = 8100, len(Vs) = 8100
[20190619_091716 / lib_ip.py:3869] yellow : variance --> out of range (variance = 512.402 / upper = 0.650 / lower = 0.000)
[20190619_091717 / lib_ip.py:3753] file = img.20190619_091712.2019-06-18_18-16-02_000.jpg.4.png / val_Average = 102.4698	val_Variance = 512.4022	sd = 22.6363	max = 178	min = 0
[20190619_091717 / lib_ip.py:3936] len(Hs) = 8100, len(Ss) = 8100, len(Vs) = 8100
[20190619_091717 / lib_ip.py:3982] red : variance --> out of range (variance = 512.402 / upper = 0.430 / lower = 0.000)
[20190619_091717 / lib_ip.py:3753] file = img.20190619_091712.2019-06-18_18-16-02_000.jpg.4.png / val_Average = 102.4698	val_Variance = 512.4022	sd = 22.6363	max = 178	min = 0
[20190619_091717 / lib_ip.py:4052] len(Hs) = 8100, len(Ss) = 8100, len(Vs) = 8100
[20190619_091717 / lib_ip.py:4099] green : variance --> out of range (variance = 512.402 / upper = 0.760 / lower = 0.000)
[20190619_091717 / lib_ip.py:3753] file = img.20190619_091712.2019-06-18_18-16-02_000.jpg.4.png / val_Average = 102.4698	val_Variance = 512.4022	sd = 22.6363	max = 178	min = 0
[20190619_091717 / lib_ip.py:4169] len(Hs) = 8100, len(Ss) = 8100, len(Vs) = 8100
[20190619_091717 / lib_ip.py:4208] blue : variance --> out of range (variance = 512.402 / upper = 0.930 / lower = 0.010)
[20190619_091717 / lib_ip.py:3753] file = img.20190619_091712.2019-06-18_18-16-02_000.jpg.4.png / val_Average = 102.4698	val_Variance = 512.4022	sd = 22.6363	max = 178	min = 0
[20190619_091717 / lib_ip.py:4275] len(Hs) = 8100, len(Ss) = 8100, len(Vs) = 8100
[20190619_091718 / lib_ip.py:4314] pink : variance --> out of range (variance = 512.402 / upper = 0.750 / lower = 0.030)
[20190619_091718 / lib_ip.py:3753] file = img.20190619_091712.2019-06-18_18-16-02_000.jpg.4.png / val_Average = 102.4698	val_Variance = 512.4022	sd = 22.6363	max = 178	min = 0
[20190619_091718 / lib_ip.py:4378] len(Hs) = 8100, len(Ss) = 8100, len(Vs) = 8100
[20190619_091718 / lib_ip.py:4422] black : variance --> out of range (variance = 512.402 / upper = 0.000 / lower = 0.000)
[20190619_091718 / lib_ip.py:4593] file : img.20190619_091712.2019-06-18_18-16-02_000.jpg.4.png 3 (black : variance --> out of range (variance = 512.402 / upper = 0.000 / lower = 0.000))
[20190619_091716 / lib_ip.py:2274] inspecting ===> img.20190619_091712.2019-06-18_18-16-02_000.jpg.4.png
img.20190619_091712.2019-06-18_18-16-02_000.jpg.1.png => other
img.20190619_091712.2019-06-18_18-16-02_000.jpg.2.png => other
img.20190619_091712.2019-06-18_18-16-02_000.jpg.3.png => other
img.20190619_091712.2019-06-18_18-16-02_000.jpg.4.png => other
[20190619_091718 lib_ip.py:3301] =============== Get 4 corners
dpath_Images = C:\WORKS_2\WS\WS_Others.Art\JVEMV6\46_art\VIRTUAL\Admin_Projects\ip\images
fname_Image = img.20190619_091712.2019-06-18_18-16-02_000.jpg.4.png

[20190619_091719 / lib_ip.py:2274] inspecting ===> img.20190619_091718.2019-06-18_20-51-12_000.jpg.1.png
[20190619_091719 / lib_ip.py:4505] 
img.20190619_091718.2019-06-18_20-51-12_000.jpg.1.png 0 ---------------------
[20190619_091719 / lib_ip.py:3753] file = img.20190619_091718.2019-06-18_20-51-12_000.jpg.1.png / val_Average = 85.5057	val_Variance = 1022.7801	sd = 31.9809	max = 135	min = 0
[20190619_091719 / lib_ip.py:3836] len(Hs) = 8100, len(Ss) = 8100, len(Vs) = 8100
[20190619_091719 / lib_ip.py:3869] yellow : variance --> out of range (variance = 1022.780 / upper = 0.650 / lower = 0.000)
[20190619_091719 / lib_ip.py:3753] file = img.20190619_091718.2019-06-18_20-51-12_000.jpg.1.png / val_Average = 85.5057	val_Variance = 1022.7801	sd = 31.9809	max = 135	min = 0
[20190619_091719 / lib_ip.py:3936] len(Hs) = 8100, len(Ss) = 8100, len(Vs) = 8100
[20190619_091719 / lib_ip.py:3982] red : variance --> out of range (variance = 1022.780 / upper = 0.430 / lower = 0.000)
[20190619_091719 / lib_ip.py:3753] file = img.20190619_091718.2019-06-18_20-51-12_000.jpg.1.png / val_Average = 85.5057	val_Variance = 1022.7801	sd = 31.9809	max = 135	min = 0
[20190619_091719 / lib_ip.py:4052] len(Hs) = 8100, len(Ss) = 8100, len(Vs) = 8100
[20190619_091719 / lib_ip.py:4099] green : variance --> out of range (variance = 1022.780 / upper = 0.760 / lower = 0.000)
[20190619_091719 / lib_ip.py:3753] file = img.20190619_091718.2019-06-18_20-51-12_000.jpg.1.png / val_Average = 85.5057	val_Variance = 1022.7801	sd = 31.9809	max = 135	min = 0
[20190619_091719 / lib_ip.py:4169] len(Hs) = 8100, len(Ss) = 8100, len(Vs) = 8100
[20190619_091720 / lib_ip.py:4208] blue : variance --> out of range (variance = 1022.780 / upper = 0.930 / lower = 0.010)
[20190619_091720 / lib_ip.py:3753] file = img.20190619_091718.2019-06-18_20-51-12_000.jpg.1.png / val_Average = 85.5057	val_Variance = 1022.7801	sd = 31.9809	max = 135	min = 0
[20190619_091720 / lib_ip.py:4275] len(Hs) = 8100, len(Ss) = 8100, len(Vs) = 8100
[20190619_091720 / lib_ip.py:4314] pink : variance --> out of range (variance = 1022.780 / upper = 0.750 / lower = 0.030)
[20190619_091720 / lib_ip.py:3753] file = img.20190619_091718.2019-06-18_20-51-12_000.jpg.1.png / val_Average = 85.5057	val_Variance = 1022.7801	sd = 31.9809	max = 135	min = 0
[20190619_091720 / lib_ip.py:4378] len(Hs) = 8100, len(Ss) = 8100, len(Vs) = 8100
[20190619_091720 / lib_ip.py:4422] black : variance --> out of range (variance = 1022.780 / upper = 0.000 / lower = 0.000)
[20190619_091720 / lib_ip.py:4593] file : img.20190619_091718.2019-06-18_20-51-12_000.jpg.1.png 0 (black : variance --> out of range (variance = 1022.780 / upper = 0.000 / lower = 0.000))
[20190619_091720 / lib_ip.py:2274] inspecting ===> img.20190619_091718.2019-06-18_20-51-12_000.jpg.2.png
[20190619_091720 / lib_ip.py:4505] 
img.20190619_091718.2019-06-18_20-51-12_000.jpg.2.png 1 ---------------------
[20190619_091721 / lib_ip.py:3753] file = img.20190619_091718.2019-06-18_20-51-12_000.jpg.2.png / val_Average = 90.5449	val_Variance = 0.2490	sd = 0.4990	max = 92	min = 89
[20190619_091721 / lib_ip.py:3836] len(Hs) = 8100, len(Ss) = 8100, len(Vs) = 8100
[20190619_091721 / lib_ip.py:2274] inspecting ===> img.20190619_091718.2019-06-18_20-51-12_000.jpg.3.png
[20190619_091721 / lib_ip.py:4505] 
img.20190619_091718.2019-06-18_20-51-12_000.jpg.3.png 2 ---------------------
[20190619_091721 / lib_ip.py:3753] file = img.20190619_091718.2019-06-18_20-51-12_000.jpg.3.png / val_Average = 44.9879	val_Variance = 1952.8811	sd = 44.1914	max = 135	min = 0
[20190619_091721 / lib_ip.py:3836] len(Hs) = 8100, len(Ss) = 8100, len(Vs) = 8100
[20190619_091721 / lib_ip.py:3869] yellow : variance --> out of range (variance = 1952.881 / upper = 0.650 / lower = 0.000)
[20190619_091721 / lib_ip.py:3753] file = img.20190619_091718.2019-06-18_20-51-12_000.jpg.3.png / val_Average = 44.9879	val_Variance = 1952.8811	sd = 44.1914	max = 135	min = 0
[20190619_091721 / lib_ip.py:3936] len(Hs) = 8100, len(Ss) = 8100, len(Vs) = 8100
[20190619_091722 / lib_ip.py:3982] red : variance --> out of range (variance = 1952.881 / upper = 0.430 / lower = 0.000)
[20190619_091722 / lib_ip.py:3753] file = img.20190619_091718.2019-06-18_20-51-12_000.jpg.3.png / val_Average = 44.9879	val_Variance = 1952.8811	sd = 44.1914	max = 135	min = 0
[20190619_091722 / lib_ip.py:4052] len(Hs) = 8100, len(Ss) = 8100, len(Vs) = 8100
[20190619_091722 / lib_ip.py:4099] green : variance --> out of range (variance = 1952.881 / upper = 0.760 / lower = 0.000)
[20190619_091722 / lib_ip.py:3753] file = img.20190619_091718.2019-06-18_20-51-12_000.jpg.3.png / val_Average = 44.9879	val_Variance = 1952.8811	sd = 44.1914	max = 135	min = 0
[20190619_091722 / lib_ip.py:4169] len(Hs) = 8100, len(Ss) = 8100, len(Vs) = 8100
[20190619_091722 / lib_ip.py:4208] blue : variance --> out of range (variance = 1952.881 / upper = 0.930 / lower = 0.010)
[20190619_091722 / lib_ip.py:3753] file = img.20190619_091718.2019-06-18_20-51-12_000.jpg.3.png / val_Average = 44.9879	val_Variance = 1952.8811	sd = 44.1914	max = 135	min = 0
[20190619_091722 / lib_ip.py:4275] len(Hs) = 8100, len(Ss) = 8100, len(Vs) = 8100
[20190619_091722 / lib_ip.py:4314] pink : variance --> out of range (variance = 1952.881 / upper = 0.750 / lower = 0.030)
[20190619_091722 / lib_ip.py:3753] file = img.20190619_091718.2019-06-18_20-51-12_000.jpg.3.png / val_Average = 44.9879	val_Variance = 1952.8811	sd = 44.1914	max = 135	min = 0
[20190619_091722 / lib_ip.py:4378] len(Hs) = 8100, len(Ss) = 8100, len(Vs) = 8100
[20190619_091723 / lib_ip.py:4422] black : variance --> out of range (variance = 1952.881 / upper = 0.000 / lower = 0.000)
[20190619_091723 / lib_ip.py:4593] file : img.20190619_091718.2019-06-18_20-51-12_000.jpg.3.png 2 (black : variance --> out of range (variance = 1952.881 / upper = 0.000 / lower = 0.000))
[20190619_091723 / lib_ip.py:2274] inspecting ===> img.20190619_091718.2019-06-18_20-51-12_000.jpg.4.png
[20190619_091723 / lib_ip.py:4505] 
img.20190619_091718.2019-06-18_20-51-12_000.jpg.4.png 3 ---------------------
[20190619_091723 / lib_ip.py:3753] file = img.20190619_091718.2019-06-18_20-51-12_000.jpg.4.png / val_Average = 53.6083	val_Variance = 1649.4627	sd = 40.6136	max = 135	min = 0
[20190619_091723 / lib_ip.py:3836] len(Hs) = 8100, len(Ss) = 8100, len(Vs) = 8100
[20190619_091723 / lib_ip.py:3869] yellow : variance --> out of range (variance = 1649.463 / upper = 0.650 / lower = 0.000)
[20190619_091723 / lib_ip.py:3753] file = img.20190619_091718.2019-06-18_20-51-12_000.jpg.4.png / val_Average = 53.6083	val_Variance = 1649.4627	sd = 40.6136	max = 135	min = 0
[20190619_091723 / lib_ip.py:3936] len(Hs) = 8100, len(Ss) = 8100, len(Vs) = 8100
[20190619_091723 / lib_ip.py:3982] red : variance --> out of range (variance = 1649.463 / upper = 0.430 / lower = 0.000)
[20190619_091724 / lib_ip.py:3753] file = img.20190619_091718.2019-06-18_20-51-12_000.jpg.4.png / val_Average = 53.6083	val_Variance = 1649.4627	sd = 40.6136	max = 135	min = 0
[20190619_091724 / lib_ip.py:4052] len(Hs) = 8100, len(Ss) = 8100, len(Vs) = 8100
[20190619_091724 / lib_ip.py:4099] green : variance --> out of range (variance = 1649.463 / upper = 0.760 / lower = 0.000)
[20190619_091724 / lib_ip.py:3753] file = img.20190619_091718.2019-06-18_20-51-12_000.jpg.4.png / val_Average = 53.6083	val_Variance = 1649.4627	sd = 40.6136	max = 135	min = 0
[20190619_091724 / lib_ip.py:4169] len(Hs) = 8100, len(Ss) = 8100, len(Vs) = 8100
[20190619_091724 / lib_ip.py:4208] blue : variance --> out of range (variance = 1649.463 / upper = 0.930 / lower = 0.010)
[20190619_091724 / lib_ip.py:3753] file = img.20190619_091718.2019-06-18_20-51-12_000.jpg.4.png / val_Average = 53.6083	val_Variance = 1649.4627	sd = 40.6136	max = 135	min = 0
[20190619_091724 / lib_ip.py:4275] len(Hs) = 8100, len(Ss) = 8100, len(Vs) = 8100
[20190619_091724 / lib_ip.py:4314] pink : variance --> out of range (variance = 1649.463 / upper = 0.750 / lower = 0.030)
[20190619_091724 / lib_ip.py:3753] file = img.20190619_091718.2019-06-18_20-51-12_000.jpg.4.png / val_Average = 53.6083	val_Variance = 1649.4627	sd = 40.6136	max = 135	min = 0
[20190619_091724 / lib_ip.py:4378] len(Hs) = 8100, len(Ss) = 8100, len(Vs) = 8100
[20190619_091724 / lib_ip.py:4422] black : variance --> out of range (variance = 1649.463 / upper = 0.000 / lower = 0.000)
[20190619_091724 / lib_ip.py:4593] file : img.20190619_091718.2019-06-18_20-51-12_000.jpg.4.png 3 (black : variance --> out of range (variance = 1649.463 / upper = 0.000 / lower = 0.000))
[20190619_091723 / lib_ip.py:2274] inspecting ===> img.20190619_091718.2019-06-18_20-51-12_000.jpg.4.png
img.20190619_091718.2019-06-18_20-51-12_000.jpg.1.png => other
img.20190619_091718.2019-06-18_20-51-12_000.jpg.2.png => other
img.20190619_091718.2019-06-18_20-51-12_000.jpg.3.png => other
img.20190619_091718.2019-06-18_20-51-12_000.jpg.4.png => other
[20190619_091724 lib_ip.py:3301] =============== Get 4 corners
dpath_Images = C:\WORKS_2\WS\WS_Others.Art\JVEMV6\46_art\VIRTUAL\Admin_Projects\ip\images
fname_Image = img.20190619_091718.2019-06-18_20-51-12_000.jpg.4.png

[20190619_091725 / lib_ip.py:2274] inspecting ===> img.20190619_091725.2019-06-19_01-27-23_000.jpg.1.png
[20190619_091726 / lib_ip.py:4505] 
img.20190619_091725.2019-06-19_01-27-23_000.jpg.1.png 0 ---------------------
[20190619_091726 / lib_ip.py:3753] file = img.20190619_091725.2019-06-19_01-27-23_000.jpg.1.png / val_Average = 39.7075	val_Variance = 1623.5854	sd = 40.2937	max = 135	min = 0
[20190619_091726 / lib_ip.py:3836] len(Hs) = 8100, len(Ss) = 8100, len(Vs) = 8100
[20190619_091726 / lib_ip.py:3869] yellow : variance --> out of range (variance = 1623.585 / upper = 0.650 / lower = 0.000)
[20190619_091726 / lib_ip.py:3753] file = img.20190619_091725.2019-06-19_01-27-23_000.jpg.1.png / val_Average = 39.7075	val_Variance = 1623.5854	sd = 40.2937	max = 135	min = 0
[20190619_091726 / lib_ip.py:3936] len(Hs) = 8100, len(Ss) = 8100, len(Vs) = 8100
[20190619_091726 / lib_ip.py:3982] red : variance --> out of range (variance = 1623.585 / upper = 0.430 / lower = 0.000)
[20190619_091726 / lib_ip.py:3753] file = img.20190619_091725.2019-06-19_01-27-23_000.jpg.1.png / val_Average = 39.7075	val_Variance = 1623.5854	sd = 40.2937	max = 135	min = 0
[20190619_091726 / lib_ip.py:4052] len(Hs) = 8100, len(Ss) = 8100, len(Vs) = 8100
[20190619_091726 / lib_ip.py:4099] green : variance --> out of range (variance = 1623.585 / upper = 0.760 / lower = 0.000)
[20190619_091726 / lib_ip.py:3753] file = img.20190619_091725.2019-06-19_01-27-23_000.jpg.1.png / val_Average = 39.7075	val_Variance = 1623.5854	sd = 40.2937	max = 135	min = 0
[20190619_091726 / lib_ip.py:4169] len(Hs) = 8100, len(Ss) = 8100, len(Vs) = 8100
[20190619_091726 / lib_ip.py:4208] blue : variance --> out of range (variance = 1623.585 / upper = 0.930 / lower = 0.010)
[20190619_091726 / lib_ip.py:3753] file = img.20190619_091725.2019-06-19_01-27-23_000.jpg.1.png / val_Average = 39.7075	val_Variance = 1623.5854	sd = 40.2937	max = 135	min = 0
[20190619_091726 / lib_ip.py:4275] len(Hs) = 8100, len(Ss) = 8100, len(Vs) = 8100
[20190619_091727 / lib_ip.py:4314] pink : variance --> out of range (variance = 1623.585 / upper = 0.750 / lower = 0.030)
[20190619_091727 / lib_ip.py:3753] file = img.20190619_091725.2019-06-19_01-27-23_000.jpg.1.png / val_Average = 39.7075	val_Variance = 1623.5854	sd = 40.2937	max = 135	min = 0
[20190619_091727 / lib_ip.py:4378] len(Hs) = 8100, len(Ss) = 8100, len(Vs) = 8100
[20190619_091727 / lib_ip.py:4422] black : variance --> out of range (variance = 1623.585 / upper = 0.000 / lower = 0.000)
[20190619_091727 / lib_ip.py:4593] file : img.20190619_091725.2019-06-19_01-27-23_000.jpg.1.png 0 (black : variance --> out of range (variance = 1623.585 / upper = 0.000 / lower = 0.000))
[20190619_091727 / lib_ip.py:2274] inspecting ===> img.20190619_091725.2019-06-19_01-27-23_000.jpg.2.png
[20190619_091727 / lib_ip.py:4505] 
img.20190619_091725.2019-06-19_01-27-23_000.jpg.2.png 1 ---------------------
[20190619_091728 / lib_ip.py:3753] file = img.20190619_091725.2019-06-19_01-27-23_000.jpg.2.png / val_Average = 96.2702	val_Variance = 467.8236	sd = 21.6292	max = 160	min = 0
[20190619_091728 / lib_ip.py:3836] len(Hs) = 8100, len(Ss) = 8100, len(Vs) = 8100
[20190619_091728 / lib_ip.py:3869] yellow : variance --> out of range (variance = 467.824 / upper = 0.650 / lower = 0.000)
[20190619_091728 / lib_ip.py:3753] file = img.20190619_091725.2019-06-19_01-27-23_000.jpg.2.png / val_Average = 96.2702	val_Variance = 467.8236	sd = 21.6292	max = 160	min = 0
[20190619_091728 / lib_ip.py:3936] len(Hs) = 8100, len(Ss) = 8100, len(Vs) = 8100
[20190619_091728 / lib_ip.py:3982] red : variance --> out of range (variance = 467.824 / upper = 0.430 / lower = 0.000)
[20190619_091728 / lib_ip.py:3753] file = img.20190619_091725.2019-06-19_01-27-23_000.jpg.2.png / val_Average = 96.2702	val_Variance = 467.8236	sd = 21.6292	max = 160	min = 0
[20190619_091728 / lib_ip.py:4052] len(Hs) = 8100, len(Ss) = 8100, len(Vs) = 8100
[20190619_091728 / lib_ip.py:4099] green : variance --> out of range (variance = 467.824 / upper = 0.760 / lower = 0.000)
[20190619_091728 / lib_ip.py:3753] file = img.20190619_091725.2019-06-19_01-27-23_000.jpg.2.png / val_Average = 96.2702	val_Variance = 467.8236	sd = 21.6292	max = 160	min = 0
[20190619_091728 / lib_ip.py:4169] len(Hs) = 8100, len(Ss) = 8100, len(Vs) = 8100
[20190619_091728 / lib_ip.py:4208] blue : variance --> out of range (variance = 467.824 / upper = 0.930 / lower = 0.010)
[20190619_091728 / lib_ip.py:3753] file = img.20190619_091725.2019-06-19_01-27-23_000.jpg.2.png / val_Average = 96.2702	val_Variance = 467.8236	sd = 21.6292	max = 160	min = 0
[20190619_091728 / lib_ip.py:4275] len(Hs) = 8100, len(Ss) = 8100, len(Vs) = 8100
[20190619_091729 / lib_ip.py:4314] pink : variance --> out of range (variance = 467.824 / upper = 0.750 / lower = 0.030)
[20190619_091729 / lib_ip.py:3753] file = img.20190619_091725.2019-06-19_01-27-23_000.jpg.2.png / val_Average = 96.2702	val_Variance = 467.8236	sd = 21.6292	max = 160	min = 0
[20190619_091729 / lib_ip.py:4378] len(Hs) = 8100, len(Ss) = 8100, len(Vs) = 8100
[20190619_091729 / lib_ip.py:4422] black : variance --> out of range (variance = 467.824 / upper = 0.000 / lower = 0.000)
[20190619_091729 / lib_ip.py:4593] file : img.20190619_091725.2019-06-19_01-27-23_000.jpg.2.png 1 (black : variance --> out of range (variance = 467.824 / upper = 0.000 / lower = 0.000))
[20190619_091729 / lib_ip.py:2274] inspecting ===> img.20190619_091725.2019-06-19_01-27-23_000.jpg.3.png
[20190619_091729 / lib_ip.py:4505] 
img.20190619_091725.2019-06-19_01-27-23_000.jpg.3.png 2 ---------------------
[20190619_091729 / lib_ip.py:3753] file = img.20190619_091725.2019-06-19_01-27-23_000.jpg.3.png / val_Average = 71.5169	val_Variance = 1204.0147	sd = 34.6989	max = 135	min = 0
[20190619_091729 / lib_ip.py:3836] len(Hs) = 8100, len(Ss) = 8100, len(Vs) = 8100
[20190619_091729 / lib_ip.py:3869] yellow : variance --> out of range (variance = 1204.015 / upper = 0.650 / lower = 0.000)
[20190619_091729 / lib_ip.py:3753] file = img.20190619_091725.2019-06-19_01-27-23_000.jpg.3.png / val_Average = 71.5169	val_Variance = 1204.0147	sd = 34.6989	max = 135	min = 0
[20190619_091730 / lib_ip.py:3936] len(Hs) = 8100, len(Ss) = 8100, len(Vs) = 8100
[20190619_091730 / lib_ip.py:3982] red : variance --> out of range (variance = 1204.015 / upper = 0.430 / lower = 0.000)
[20190619_091730 / lib_ip.py:3753] file = img.20190619_091725.2019-06-19_01-27-23_000.jpg.3.png / val_Average = 71.5169	val_Variance = 1204.0147	sd = 34.6989	max = 135	min = 0
[20190619_091730 / lib_ip.py:4052] len(Hs) = 8100, len(Ss) = 8100, len(Vs) = 8100
[20190619_091730 / lib_ip.py:4099] green : variance --> out of range (variance = 1204.015 / upper = 0.760 / lower = 0.000)
[20190619_091730 / lib_ip.py:3753] file = img.20190619_091725.2019-06-19_01-27-23_000.jpg.3.png / val_Average = 71.5169	val_Variance = 1204.0147	sd = 34.6989	max = 135	min = 0
[20190619_091730 / lib_ip.py:4169] len(Hs) = 8100, len(Ss) = 8100, len(Vs) = 8100
[20190619_091730 / lib_ip.py:4208] blue : variance --> out of range (variance = 1204.015 / upper = 0.930 / lower = 0.010)
[20190619_091730 / lib_ip.py:3753] file = img.20190619_091725.2019-06-19_01-27-23_000.jpg.3.png / val_Average = 71.5169	val_Variance = 1204.0147	sd = 34.6989	max = 135	min = 0
[20190619_091730 / lib_ip.py:4275] len(Hs) = 8100, len(Ss) = 8100, len(Vs) = 8100
[20190619_091730 / lib_ip.py:4314] pink : variance --> out of range (variance = 1204.015 / upper = 0.750 / lower = 0.030)
[20190619_091731 / lib_ip.py:3753] file = img.20190619_091725.2019-06-19_01-27-23_000.jpg.3.png / val_Average = 71.5169	val_Variance = 1204.0147	sd = 34.6989	max = 135	min = 0
[20190619_091731 / lib_ip.py:4378] len(Hs) = 8100, len(Ss) = 8100, len(Vs) = 8100
[20190619_091731 / lib_ip.py:4422] black : variance --> out of range (variance = 1204.015 / upper = 0.000 / lower = 0.000)
[20190619_091731 / lib_ip.py:4593] file : img.20190619_091725.2019-06-19_01-27-23_000.jpg.3.png 2 (black : variance --> out of range (variance = 1204.015 / upper = 0.000 / lower = 0.000))
[20190619_091731 / lib_ip.py:2274] inspecting ===> img.20190619_091725.2019-06-19_01-27-23_000.jpg.4.png
[20190619_091731 / lib_ip.py:4505] 
img.20190619_091725.2019-06-19_01-27-23_000.jpg.4.png 3 ---------------------
[20190619_091731 / lib_ip.py:3753] file = img.20190619_091725.2019-06-19_01-27-23_000.jpg.4.png / val_Average = 103.2404	val_Variance = 0.4698	sd = 0.6854	max = 105	min = 101
[20190619_091731 / lib_ip.py:3836] len(Hs) = 8100, len(Ss) = 8100, len(Vs) = 8100
[20190619_091731 / lib_ip.py:3891] yellow : average --> out of range (average = 103.240 / upper = 99.200 / lower = 85.500)
[20190619_091732 / lib_ip.py:3753] file = img.20190619_091725.2019-06-19_01-27-23_000.jpg.4.png / val_Average = 103.2404	val_Variance = 0.4698	sd = 0.6854	max = 105	min = 101
[20190619_091732 / lib_ip.py:3936] len(Hs) = 8100, len(Ss) = 8100, len(Vs) = 8100
[20190619_091732 / lib_ip.py:3982] red : variance --> out of range (variance = 0.470 / upper = 0.430 / lower = 0.000)
[20190619_091732 / lib_ip.py:3753] file = img.20190619_091725.2019-06-19_01-27-23_000.jpg.4.png / val_Average = 103.2404	val_Variance = 0.4698	sd = 0.6854	max = 105	min = 101
[20190619_091732 / lib_ip.py:4052] len(Hs) = 8100, len(Ss) = 8100, len(Vs) = 8100
[20190619_091732 / lib_ip.py:4124] green : average --> out of range (average = 103.240 / upper = 85.000 / lower = 58.000)
[20190619_091732 / lib_ip.py:3753] file = img.20190619_091725.2019-06-19_01-27-23_000.jpg.4.png / val_Average = 103.2404	val_Variance = 0.4698	sd = 0.6854	max = 105	min = 101
[20190619_091732 / lib_ip.py:4169] len(Hs) = 8100, len(Ss) = 8100, len(Vs) = 8100
[20190619_091732 / lib_ip.py:4230] blue : average --> out of range (average = 103.240 / upper = 17.000 / lower = 8.850)
[20190619_091732 / lib_ip.py:3753] file = img.20190619_091725.2019-06-19_01-27-23_000.jpg.4.png / val_Average = 103.2404	val_Variance = 0.4698	sd = 0.6854	max = 105	min = 101
[20190619_091732 / lib_ip.py:4275] len(Hs) = 8100, len(Ss) = 8100, len(Vs) = 8100
[20190619_091732 / lib_ip.py:4336] pink : average --> out of range (average = 103.240 / upper = 141.000 / lower = 127.900)
[20190619_091732 / lib_ip.py:3753] file = img.20190619_091725.2019-06-19_01-27-23_000.jpg.4.png / val_Average = 103.2404	val_Variance = 0.4698	sd = 0.6854	max = 105	min = 101
[20190619_091732 / lib_ip.py:4378] len(Hs) = 8100, len(Ss) = 8100, len(Vs) = 8100
[20190619_091732 / lib_ip.py:4422] black : variance --> out of range (variance = 0.470 / upper = 0.000 / lower = 0.000)
[20190619_091732 / lib_ip.py:4593] file : img.20190619_091725.2019-06-19_01-27-23_000.jpg.4.png 3 (black : variance --> out of range (variance = 0.470 / upper = 0.000 / lower = 0.000))
[20190619_091731 / lib_ip.py:2274] inspecting ===> img.20190619_091725.2019-06-19_01-27-23_000.jpg.4.png
img.20190619_091725.2019-06-19_01-27-23_000.jpg.1.png => other
img.20190619_091725.2019-06-19_01-27-23_000.jpg.2.png => other
img.20190619_091725.2019-06-19_01-27-23_000.jpg.3.png => other
img.20190619_091725.2019-06-19_01-27-23_000.jpg.4.png => other
[20190619_091732 lib_ip.py:3301] =============== Get 4 corners
dpath_Images = C:\WORKS_2\WS\WS_Others.Art\JVEMV6\46_art\VIRTUAL\Admin_Projects\ip\images
fname_Image = img.20190619_091725.2019-06-19_01-27-23_000.jpg.4.png

[20190619_091733 / lib_ip.py:2274] inspecting ===> img.20190619_091733.2019-06-19_05-46-14_000.jpg.1.png
[20190619_091734 / lib_ip.py:4505] 
img.20190619_091733.2019-06-19_05-46-14_000.jpg.1.png 0 ---------------------
[20190619_091734 / lib_ip.py:3753] file = img.20190619_091733.2019-06-19_05-46-14_000.jpg.1.png / val_Average = 29.7883	val_Variance = 1813.4642	sd = 42.5848	max = 103	min = 0
[20190619_091734 / lib_ip.py:3836] len(Hs) = 8100, len(Ss) = 8100, len(Vs) = 8100
[20190619_091734 / lib_ip.py:3869] yellow : variance --> out of range (variance = 1813.464 / upper = 0.650 / lower = 0.000)
[20190619_091734 / lib_ip.py:3753] file = img.20190619_091733.2019-06-19_05-46-14_000.jpg.1.png / val_Average = 29.7883	val_Variance = 1813.4642	sd = 42.5848	max = 103	min = 0
[20190619_091734 / lib_ip.py:3936] len(Hs) = 8100, len(Ss) = 8100, len(Vs) = 8100
[20190619_091734 / lib_ip.py:3982] red : variance --> out of range (variance = 1813.464 / upper = 0.430 / lower = 0.000)
[20190619_091734 / lib_ip.py:3753] file = img.20190619_091733.2019-06-19_05-46-14_000.jpg.1.png / val_Average = 29.7883	val_Variance = 1813.4642	sd = 42.5848	max = 103	min = 0
[20190619_091734 / lib_ip.py:4052] len(Hs) = 8100, len(Ss) = 8100, len(Vs) = 8100
[20190619_091734 / lib_ip.py:4099] green : variance --> out of range (variance = 1813.464 / upper = 0.760 / lower = 0.000)
[20190619_091734 / lib_ip.py:3753] file = img.20190619_091733.2019-06-19_05-46-14_000.jpg.1.png / val_Average = 29.7883	val_Variance = 1813.4642	sd = 42.5848	max = 103	min = 0
[20190619_091734 / lib_ip.py:4169] len(Hs) = 8100, len(Ss) = 8100, len(Vs) = 8100
[20190619_091734 / lib_ip.py:4208] blue : variance --> out of range (variance = 1813.464 / upper = 0.930 / lower = 0.010)
[20190619_091734 / lib_ip.py:3753] file = img.20190619_091733.2019-06-19_05-46-14_000.jpg.1.png / val_Average = 29.7883	val_Variance = 1813.4642	sd = 42.5848	max = 103	min = 0
[20190619_091734 / lib_ip.py:4275] len(Hs) = 8100, len(Ss) = 8100, len(Vs) = 8100
[20190619_091735 / lib_ip.py:4314] pink : variance --> out of range (variance = 1813.464 / upper = 0.750 / lower = 0.030)
[20190619_091735 / lib_ip.py:3753] file = img.20190619_091733.2019-06-19_05-46-14_000.jpg.1.png / val_Average = 29.7883	val_Variance = 1813.4642	sd = 42.5848	max = 103	min = 0
[20190619_091735 / lib_ip.py:4378] len(Hs) = 8100, len(Ss) = 8100, len(Vs) = 8100
[20190619_091735 / lib_ip.py:4422] black : variance --> out of range (variance = 1813.464 / upper = 0.000 / lower = 0.000)
[20190619_091735 / lib_ip.py:4593] file : img.20190619_091733.2019-06-19_05-46-14_000.jpg.1.png 0 (black : variance --> out of range (variance = 1813.464 / upper = 0.000 / lower = 0.000))
[20190619_091735 / lib_ip.py:2274] inspecting ===> img.20190619_091733.2019-06-19_05-46-14_000.jpg.2.png
[20190619_091735 / lib_ip.py:4505] 
img.20190619_091733.2019-06-19_05-46-14_000.jpg.2.png 1 ---------------------
[20190619_091735 / lib_ip.py:3753] file = img.20190619_091733.2019-06-19_05-46-14_000.jpg.2.png / val_Average = 8.1778	val_Variance = 669.1240	sd = 25.8674	max = 90	min = 0
[20190619_091735 / lib_ip.py:3836] len(Hs) = 8100, len(Ss) = 8100, len(Vs) = 8100
[20190619_091735 / lib_ip.py:3869] yellow : variance --> out of range (variance = 669.124 / upper = 0.650 / lower = 0.000)
[20190619_091736 / lib_ip.py:3753] file = img.20190619_091733.2019-06-19_05-46-14_000.jpg.2.png / val_Average = 8.1778	val_Variance = 669.1240	sd = 25.8674	max = 90	min = 0
[20190619_091736 / lib_ip.py:3936] len(Hs) = 8100, len(Ss) = 8100, len(Vs) = 8100
[20190619_091736 / lib_ip.py:3982] red : variance --> out of range (variance = 669.124 / upper = 0.430 / lower = 0.000)
[20190619_091736 / lib_ip.py:3753] file = img.20190619_091733.2019-06-19_05-46-14_000.jpg.2.png / val_Average = 8.1778	val_Variance = 669.1240	sd = 25.8674	max = 90	min = 0
[20190619_091736 / lib_ip.py:4052] len(Hs) = 8100, len(Ss) = 8100, len(Vs) = 8100
[20190619_091736 / lib_ip.py:4099] green : variance --> out of range (variance = 669.124 / upper = 0.760 / lower = 0.000)
[20190619_091736 / lib_ip.py:3753] file = img.20190619_091733.2019-06-19_05-46-14_000.jpg.2.png / val_Average = 8.1778	val_Variance = 669.1240	sd = 25.8674	max = 90	min = 0
[20190619_091736 / lib_ip.py:4169] len(Hs) = 8100, len(Ss) = 8100, len(Vs) = 8100
[20190619_091736 / lib_ip.py:4208] blue : variance --> out of range (variance = 669.124 / upper = 0.930 / lower = 0.010)
[20190619_091736 / lib_ip.py:3753] file = img.20190619_091733.2019-06-19_05-46-14_000.jpg.2.png / val_Average = 8.1778	val_Variance = 669.1240	sd = 25.8674	max = 90	min = 0
[20190619_091736 / lib_ip.py:4275] len(Hs) = 8100, len(Ss) = 8100, len(Vs) = 8100
[20190619_091736 / lib_ip.py:4314] pink : variance --> out of range (variance = 669.124 / upper = 0.750 / lower = 0.030)
[20190619_091736 / lib_ip.py:3753] file = img.20190619_091733.2019-06-19_05-46-14_000.jpg.2.png / val_Average = 8.1778	val_Variance = 669.1240	sd = 25.8674	max = 90	min = 0
[20190619_091736 / lib_ip.py:4378] len(Hs) = 8100, len(Ss) = 8100, len(Vs) = 8100
[20190619_091737 / lib_ip.py:4422] black : variance --> out of range (variance = 669.124 / upper = 0.000 / lower = 0.000)
[20190619_091737 / lib_ip.py:4593] file : img.20190619_091733.2019-06-19_05-46-14_000.jpg.2.png 1 (black : variance --> out of range (variance = 669.124 / upper = 0.000 / lower = 0.000))
[20190619_091737 / lib_ip.py:2274] inspecting ===> img.20190619_091733.2019-06-19_05-46-14_000.jpg.3.png
[20190619_091737 / lib_ip.py:4505] 
img.20190619_091733.2019-06-19_05-46-14_000.jpg.3.png 2 ---------------------
[20190619_091737 / lib_ip.py:3753] file = img.20190619_091733.2019-06-19_05-46-14_000.jpg.3.png / val_Average = 100.8107	val_Variance = 1.2248	sd = 1.1067	max = 104	min = 96
[20190619_091737 / lib_ip.py:3836] len(Hs) = 8100, len(Ss) = 8100, len(Vs) = 8100
[20190619_091737 / lib_ip.py:3869] yellow : variance --> out of range (variance = 1.225 / upper = 0.650 / lower = 0.000)
[20190619_091737 / lib_ip.py:3753] file = img.20190619_091733.2019-06-19_05-46-14_000.jpg.3.png / val_Average = 100.8107	val_Variance = 1.2248	sd = 1.1067	max = 104	min = 96
[20190619_091737 / lib_ip.py:3936] len(Hs) = 8100, len(Ss) = 8100, len(Vs) = 8100
[20190619_091737 / lib_ip.py:3982] red : variance --> out of range (variance = 1.225 / upper = 0.430 / lower = 0.000)
[20190619_091738 / lib_ip.py:3753] file = img.20190619_091733.2019-06-19_05-46-14_000.jpg.3.png / val_Average = 100.8107	val_Variance = 1.2248	sd = 1.1067	max = 104	min = 96
[20190619_091738 / lib_ip.py:4052] len(Hs) = 8100, len(Ss) = 8100, len(Vs) = 8100
[20190619_091738 / lib_ip.py:4099] green : variance --> out of range (variance = 1.225 / upper = 0.760 / lower = 0.000)
[20190619_091738 / lib_ip.py:3753] file = img.20190619_091733.2019-06-19_05-46-14_000.jpg.3.png / val_Average = 100.8107	val_Variance = 1.2248	sd = 1.1067	max = 104	min = 96
[20190619_091738 / lib_ip.py:4169] len(Hs) = 8100, len(Ss) = 8100, len(Vs) = 8100
[20190619_091738 / lib_ip.py:4208] blue : variance --> out of range (variance = 1.225 / upper = 0.930 / lower = 0.010)
[20190619_091738 / lib_ip.py:3753] file = img.20190619_091733.2019-06-19_05-46-14_000.jpg.3.png / val_Average = 100.8107	val_Variance = 1.2248	sd = 1.1067	max = 104	min = 96
[20190619_091738 / lib_ip.py:4275] len(Hs) = 8100, len(Ss) = 8100, len(Vs) = 8100
[20190619_091738 / lib_ip.py:4314] pink : variance --> out of range (variance = 1.225 / upper = 0.750 / lower = 0.030)
[20190619_091738 / lib_ip.py:3753] file = img.20190619_091733.2019-06-19_05-46-14_000.jpg.3.png / val_Average = 100.8107	val_Variance = 1.2248	sd = 1.1067	max = 104	min = 96
[20190619_091738 / lib_ip.py:4378] len(Hs) = 8100, len(Ss) = 8100, len(Vs) = 8100
[20190619_091739 / lib_ip.py:4422] black : variance --> out of range (variance = 1.225 / upper = 0.000 / lower = 0.000)
[20190619_091739 / lib_ip.py:4593] file : img.20190619_091733.2019-06-19_05-46-14_000.jpg.3.png 2 (black : variance --> out of range (variance = 1.225 / upper = 0.000 / lower = 0.000))
[20190619_091739 / lib_ip.py:2274] inspecting ===> img.20190619_091733.2019-06-19_05-46-14_000.jpg.4.png
[20190619_091739 / lib_ip.py:4505] 
img.20190619_091733.2019-06-19_05-46-14_000.jpg.4.png 3 ---------------------
[20190619_091739 / lib_ip.py:3753] file = img.20190619_091733.2019-06-19_05-46-14_000.jpg.4.png / val_Average = 101.5275	val_Variance = 1.2786	sd = 1.1308	max = 104	min = 99
[20190619_091739 / lib_ip.py:3836] len(Hs) = 8100, len(Ss) = 8100, len(Vs) = 8100
[20190619_091739 / lib_ip.py:3869] yellow : variance --> out of range (variance = 1.279 / upper = 0.650 / lower = 0.000)
[20190619_091739 / lib_ip.py:3753] file = img.20190619_091733.2019-06-19_05-46-14_000.jpg.4.png / val_Average = 101.5275	val_Variance = 1.2786	sd = 1.1308	max = 104	min = 99
[20190619_091739 / lib_ip.py:3936] len(Hs) = 8100, len(Ss) = 8100, len(Vs) = 8100
[20190619_091739 / lib_ip.py:3982] red : variance --> out of range (variance = 1.279 / upper = 0.430 / lower = 0.000)
[20190619_091739 / lib_ip.py:3753] file = img.20190619_091733.2019-06-19_05-46-14_000.jpg.4.png / val_Average = 101.5275	val_Variance = 1.2786	sd = 1.1308	max = 104	min = 99
[20190619_091739 / lib_ip.py:4052] len(Hs) = 8100, len(Ss) = 8100, len(Vs) = 8100
[20190619_091739 / lib_ip.py:4099] green : variance --> out of range (variance = 1.279 / upper = 0.760 / lower = 0.000)
[20190619_091740 / lib_ip.py:3753] file = img.20190619_091733.2019-06-19_05-46-14_000.jpg.4.png / val_Average = 101.5275	val_Variance = 1.2786	sd = 1.1308	max = 104	min = 99
[20190619_091740 / lib_ip.py:4169] len(Hs) = 8100, len(Ss) = 8100, len(Vs) = 8100
[20190619_091740 / lib_ip.py:4208] blue : variance --> out of range (variance = 1.279 / upper = 0.930 / lower = 0.010)
[20190619_091740 / lib_ip.py:3753] file = img.20190619_091733.2019-06-19_05-46-14_000.jpg.4.png / val_Average = 101.5275	val_Variance = 1.2786	sd = 1.1308	max = 104	min = 99
[20190619_091740 / lib_ip.py:4275] len(Hs) = 8100, len(Ss) = 8100, len(Vs) = 8100
[20190619_091740 / lib_ip.py:4314] pink : variance --> out of range (variance = 1.279 / upper = 0.750 / lower = 0.030)
[20190619_091740 / lib_ip.py:3753] file = img.20190619_091733.2019-06-19_05-46-14_000.jpg.4.png / val_Average = 101.5275	val_Variance = 1.2786	sd = 1.1308	max = 104	min = 99
[20190619_091740 / lib_ip.py:4378] len(Hs) = 8100, len(Ss) = 8100, len(Vs) = 8100
[20190619_091740 / lib_ip.py:4422] black : variance --> out of range (variance = 1.279 / upper = 0.000 / lower = 0.000)
[20190619_091740 / lib_ip.py:4593] file : img.20190619_091733.2019-06-19_05-46-14_000.jpg.4.png 3 (black : variance --> out of range (variance = 1.279 / upper = 0.000 / lower = 0.000))
[20190619_091739 / lib_ip.py:2274] inspecting ===> img.20190619_091733.2019-06-19_05-46-14_000.jpg.4.png
img.20190619_091733.2019-06-19_05-46-14_000.jpg.1.png => other
img.20190619_091733.2019-06-19_05-46-14_000.jpg.2.png => other
img.20190619_091733.2019-06-19_05-46-14_000.jpg.3.png => other
img.20190619_091733.2019-06-19_05-46-14_000.jpg.4.png => other
[20190619_091740 lib_ip.py:3301] =============== Get 4 corners
dpath_Images = C:\WORKS_2\WS\WS_Others.Art\JVEMV6\46_art\VIRTUAL\Admin_Projects\ip\images
fname_Image = img.20190619_091733.2019-06-19_05-46-14_000.jpg.4.png

[20190619_091741 / lib_ip.py:2274] inspecting ===> img.20190619_091741.2019-06-19_07-35-23_000.jpg.1.png
[20190619_091741 / lib_ip.py:4505] 
img.20190619_091741.2019-06-19_07-35-23_000.jpg.1.png 0 ---------------------
[20190619_091741 / lib_ip.py:3753] file = img.20190619_091741.2019-06-19_07-35-23_000.jpg.1.png / val_Average = 104.8391	val_Variance = 0.6007	sd = 0.7750	max = 108	min = 102
[20190619_091741 / lib_ip.py:3836] len(Hs) = 8100, len(Ss) = 8100, len(Vs) = 8100
[20190619_091741 / lib_ip.py:3891] yellow : average --> out of range (average = 104.839 / upper = 99.200 / lower = 85.500)
[20190619_091741 / lib_ip.py:3753] file = img.20190619_091741.2019-06-19_07-35-23_000.jpg.1.png / val_Average = 104.8391	val_Variance = 0.6007	sd = 0.7750	max = 108	min = 102
[20190619_091741 / lib_ip.py:3936] len(Hs) = 8100, len(Ss) = 8100, len(Vs) = 8100
[20190619_091742 / lib_ip.py:3982] red : variance --> out of range (variance = 0.601 / upper = 0.430 / lower = 0.000)
[20190619_091742 / lib_ip.py:3753] file = img.20190619_091741.2019-06-19_07-35-23_000.jpg.1.png / val_Average = 104.8391	val_Variance = 0.6007	sd = 0.7750	max = 108	min = 102
[20190619_091742 / lib_ip.py:4052] len(Hs) = 8100, len(Ss) = 8100, len(Vs) = 8100
[20190619_091742 / lib_ip.py:4124] green : average --> out of range (average = 104.839 / upper = 85.000 / lower = 58.000)
[20190619_091742 / lib_ip.py:3753] file = img.20190619_091741.2019-06-19_07-35-23_000.jpg.1.png / val_Average = 104.8391	val_Variance = 0.6007	sd = 0.7750	max = 108	min = 102
[20190619_091742 / lib_ip.py:4169] len(Hs) = 8100, len(Ss) = 8100, len(Vs) = 8100
[20190619_091742 / lib_ip.py:4230] blue : average --> out of range (average = 104.839 / upper = 17.000 / lower = 8.850)
[20190619_091742 / lib_ip.py:3753] file = img.20190619_091741.2019-06-19_07-35-23_000.jpg.1.png / val_Average = 104.8391	val_Variance = 0.6007	sd = 0.7750	max = 108	min = 102
[20190619_091742 / lib_ip.py:4275] len(Hs) = 8100, len(Ss) = 8100, len(Vs) = 8100
[20190619_091742 / lib_ip.py:4336] pink : average --> out of range (average = 104.839 / upper = 141.000 / lower = 127.900)
[20190619_091742 / lib_ip.py:3753] file = img.20190619_091741.2019-06-19_07-35-23_000.jpg.1.png / val_Average = 104.8391	val_Variance = 0.6007	sd = 0.7750	max = 108	min = 102
[20190619_091742 / lib_ip.py:4378] len(Hs) = 8100, len(Ss) = 8100, len(Vs) = 8100
[20190619_091742 / lib_ip.py:4422] black : variance --> out of range (variance = 0.601 / upper = 0.000 / lower = 0.000)
[20190619_091742 / lib_ip.py:4593] file : img.20190619_091741.2019-06-19_07-35-23_000.jpg.1.png 0 (black : variance --> out of range (variance = 0.601 / upper = 0.000 / lower = 0.000))
[20190619_091742 / lib_ip.py:2274] inspecting ===> img.20190619_091741.2019-06-19_07-35-23_000.jpg.2.png
[20190619_091742 / lib_ip.py:4505] 
img.20190619_091741.2019-06-19_07-35-23_000.jpg.2.png 1 ---------------------
[20190619_091743 / lib_ip.py:3753] file = img.20190619_091741.2019-06-19_07-35-23_000.jpg.2.png / val_Average = 66.7688	val_Variance = 398.9148	sd = 19.9729	max = 160	min = 0
[20190619_091743 / lib_ip.py:3836] len(Hs) = 8100, len(Ss) = 8100, len(Vs) = 8100
[20190619_091743 / lib_ip.py:3869] yellow : variance --> out of range (variance = 398.915 / upper = 0.650 / lower = 0.000)
[20190619_091743 / lib_ip.py:3753] file = img.20190619_091741.2019-06-19_07-35-23_000.jpg.2.png / val_Average = 66.7688	val_Variance = 398.9148	sd = 19.9729	max = 160	min = 0
[20190619_091743 / lib_ip.py:3936] len(Hs) = 8100, len(Ss) = 8100, len(Vs) = 8100
[20190619_091743 / lib_ip.py:3982] red : variance --> out of range (variance = 398.915 / upper = 0.430 / lower = 0.000)
[20190619_091743 / lib_ip.py:3753] file = img.20190619_091741.2019-06-19_07-35-23_000.jpg.2.png / val_Average = 66.7688	val_Variance = 398.9148	sd = 19.9729	max = 160	min = 0
[20190619_091743 / lib_ip.py:4052] len(Hs) = 8100, len(Ss) = 8100, len(Vs) = 8100
[20190619_091743 / lib_ip.py:4099] green : variance --> out of range (variance = 398.915 / upper = 0.760 / lower = 0.000)
[20190619_091743 / lib_ip.py:3753] file = img.20190619_091741.2019-06-19_07-35-23_000.jpg.2.png / val_Average = 66.7688	val_Variance = 398.9148	sd = 19.9729	max = 160	min = 0
[20190619_091743 / lib_ip.py:4169] len(Hs) = 8100, len(Ss) = 8100, len(Vs) = 8100
[20190619_091743 / lib_ip.py:4208] blue : variance --> out of range (variance = 398.915 / upper = 0.930 / lower = 0.010)
[20190619_091743 / lib_ip.py:3753] file = img.20190619_091741.2019-06-19_07-35-23_000.jpg.2.png / val_Average = 66.7688	val_Variance = 398.9148	sd = 19.9729	max = 160	min = 0
[20190619_091743 / lib_ip.py:4275] len(Hs) = 8100, len(Ss) = 8100, len(Vs) = 8100
[20190619_091743 / lib_ip.py:4314] pink : variance --> out of range (variance = 398.915 / upper = 0.750 / lower = 0.030)
[20190619_091744 / lib_ip.py:3753] file = img.20190619_091741.2019-06-19_07-35-23_000.jpg.2.png / val_Average = 66.7688	val_Variance = 398.9148	sd = 19.9729	max = 160	min = 0
[20190619_091744 / lib_ip.py:4378] len(Hs) = 8100, len(Ss) = 8100, len(Vs) = 8100
[20190619_091744 / lib_ip.py:4422] black : variance --> out of range (variance = 398.915 / upper = 0.000 / lower = 0.000)
[20190619_091744 / lib_ip.py:4593] file : img.20190619_091741.2019-06-19_07-35-23_000.jpg.2.png 1 (black : variance --> out of range (variance = 398.915 / upper = 0.000 / lower = 0.000))
[20190619_091744 / lib_ip.py:2274] inspecting ===> img.20190619_091741.2019-06-19_07-35-23_000.jpg.3.png
[20190619_091744 / lib_ip.py:4505] 
img.20190619_091741.2019-06-19_07-35-23_000.jpg.3.png 2 ---------------------
[20190619_091744 / lib_ip.py:3753] file = img.20190619_091741.2019-06-19_07-35-23_000.jpg.3.png / val_Average = 74.4041	val_Variance = 0.2410	sd = 0.4910	max = 76	min = 74
[20190619_091744 / lib_ip.py:3836] len(Hs) = 8100, len(Ss) = 8100, len(Vs) = 8100
[20190619_091744 / lib_ip.py:3891] yellow : average --> out of range (average = 74.404 / upper = 99.200 / lower = 85.500)
[20190619_091744 / lib_ip.py:3753] file = img.20190619_091741.2019-06-19_07-35-23_000.jpg.3.png / val_Average = 74.4041	val_Variance = 0.2410	sd = 0.4910	max = 76	min = 74
[20190619_091744 / lib_ip.py:3936] len(Hs) = 8100, len(Ss) = 8100, len(Vs) = 8100
[20190619_091744 / lib_ip.py:4007] red : average --> out of range (average = 74.404 / upper = 124.600 / lower = 115.000)
[20190619_091744 / lib_ip.py:3753] file = img.20190619_091741.2019-06-19_07-35-23_000.jpg.3.png / val_Average = 74.4041	val_Variance = 0.2410	sd = 0.4910	max = 76	min = 74
[20190619_091744 / lib_ip.py:4052] len(Hs) = 8100, len(Ss) = 8100, len(Vs) = 8100
[20190619_091744 / lib_ip.py:2274] inspecting ===> img.20190619_091741.2019-06-19_07-35-23_000.jpg.4.png
[20190619_091745 / lib_ip.py:4505] 
img.20190619_091741.2019-06-19_07-35-23_000.jpg.4.png 3 ---------------------
[20190619_091745 / lib_ip.py:3753] file = img.20190619_091741.2019-06-19_07-35-23_000.jpg.4.png / val_Average = 75.5302	val_Variance = 0.2506	sd = 0.5006	max = 76	min = 74
[20190619_091745 / lib_ip.py:3836] len(Hs) = 8100, len(Ss) = 8100, len(Vs) = 8100
[20190619_091745 / lib_ip.py:3891] yellow : average --> out of range (average = 75.530 / upper = 99.200 / lower = 85.500)
[20190619_091745 / lib_ip.py:3753] file = img.20190619_091741.2019-06-19_07-35-23_000.jpg.4.png / val_Average = 75.5302	val_Variance = 0.2506	sd = 0.5006	max = 76	min = 74
[20190619_091745 / lib_ip.py:3936] len(Hs) = 8100, len(Ss) = 8100, len(Vs) = 8100
[20190619_091745 / lib_ip.py:4007] red : average --> out of range (average = 75.530 / upper = 124.600 / lower = 115.000)
[20190619_091745 / lib_ip.py:3753] file = img.20190619_091741.2019-06-19_07-35-23_000.jpg.4.png / val_Average = 75.5302	val_Variance = 0.2506	sd = 0.5006	max = 76	min = 74
[20190619_091745 / lib_ip.py:4052] len(Hs) = 8100, len(Ss) = 8100, len(Vs) = 8100
[20190619_091744 / lib_ip.py:2274] inspecting ===> img.20190619_091741.2019-06-19_07-35-23_000.jpg.4.png
img.20190619_091741.2019-06-19_07-35-23_000.jpg.1.png => other
img.20190619_091741.2019-06-19_07-35-23_000.jpg.2.png => other
img.20190619_091741.2019-06-19_07-35-23_000.jpg.3.png => other
img.20190619_091741.2019-06-19_07-35-23_000.jpg.4.png => other
[20190619_091745 lib_ip.py:3301] =============== Get 4 corners
dpath_Images = C:\WORKS_2\WS\WS_Others.Art\JVEMV6\46_art\VIRTUAL\Admin_Projects\ip\images
fname_Image = img.20190619_091741.2019-06-19_07-35-23_000.jpg.4.png

[20190619_091746 / lib_ip.py:2274] inspecting ===> img.20190619_091746.2019-06-19_08-47-28_000.jpg.1.png
[20190619_091746 / lib_ip.py:4505] 
img.20190619_091746.2019-06-19_08-47-28_000.jpg.1.png 0 ---------------------
[20190619_091746 / lib_ip.py:3753] file = img.20190619_091746.2019-06-19_08-47-28_000.jpg.1.png / val_Average = 121.9873	val_Variance = 0.0202	sd = 0.1422	max = 123	min = 121
[20190619_091746 / lib_ip.py:3836] len(Hs) = 8100, len(Ss) = 8100, len(Vs) = 8100
[20190619_091746 / lib_ip.py:3891] yellow : average --> out of range (average = 121.987 / upper = 99.200 / lower = 85.500)
[20190619_091746 / lib_ip.py:3753] file = img.20190619_091746.2019-06-19_08-47-28_000.jpg.1.png / val_Average = 121.9873	val_Variance = 0.0202	sd = 0.1422	max = 123	min = 121
[20190619_091746 / lib_ip.py:3936] len(Hs) = 8100, len(Ss) = 8100, len(Vs) = 8100
[20190619_091747 / lib_ip.py:2274] inspecting ===> img.20190619_091746.2019-06-19_08-47-28_000.jpg.2.png
[20190619_091747 / lib_ip.py:4505] 
img.20190619_091746.2019-06-19_08-47-28_000.jpg.2.png 1 ---------------------
[20190619_091747 / lib_ip.py:3753] file = img.20190619_091746.2019-06-19_08-47-28_000.jpg.2.png / val_Average = 78.3705	val_Variance = 0.4085	sd = 0.6392	max = 80	min = 77
[20190619_091747 / lib_ip.py:3836] len(Hs) = 8100, len(Ss) = 8100, len(Vs) = 8100
[20190619_091747 / lib_ip.py:3891] yellow : average --> out of range (average = 78.370 / upper = 99.200 / lower = 85.500)
[20190619_091747 / lib_ip.py:3753] file = img.20190619_091746.2019-06-19_08-47-28_000.jpg.2.png / val_Average = 78.3705	val_Variance = 0.4085	sd = 0.6392	max = 80	min = 77
[20190619_091747 / lib_ip.py:3936] len(Hs) = 8100, len(Ss) = 8100, len(Vs) = 8100
[20190619_091747 / lib_ip.py:4007] red : average --> out of range (average = 78.370 / upper = 124.600 / lower = 115.000)
[20190619_091747 / lib_ip.py:3753] file = img.20190619_091746.2019-06-19_08-47-28_000.jpg.2.png / val_Average = 78.3705	val_Variance = 0.4085	sd = 0.6392	max = 80	min = 77
[20190619_091747 / lib_ip.py:4052] len(Hs) = 8100, len(Ss) = 8100, len(Vs) = 8100
[20190619_091747 / lib_ip.py:2274] inspecting ===> img.20190619_091746.2019-06-19_08-47-28_000.jpg.3.png
[20190619_091748 / lib_ip.py:4505] 
img.20190619_091746.2019-06-19_08-47-28_000.jpg.3.png 2 ---------------------
[20190619_091748 / lib_ip.py:3753] file = img.20190619_091746.2019-06-19_08-47-28_000.jpg.3.png / val_Average = 96.9741	val_Variance = 2.1717	sd = 1.4737	max = 104	min = 91
[20190619_091748 / lib_ip.py:3836] len(Hs) = 8100, len(Ss) = 8100, len(Vs) = 8100
[20190619_091748 / lib_ip.py:3869] yellow : variance --> out of range (variance = 2.172 / upper = 0.650 / lower = 0.000)
[20190619_091748 / lib_ip.py:3753] file = img.20190619_091746.2019-06-19_08-47-28_000.jpg.3.png / val_Average = 96.9741	val_Variance = 2.1717	sd = 1.4737	max = 104	min = 91
[20190619_091748 / lib_ip.py:3936] len(Hs) = 8100, len(Ss) = 8100, len(Vs) = 8100
[20190619_091748 / lib_ip.py:3982] red : variance --> out of range (variance = 2.172 / upper = 0.430 / lower = 0.000)
[20190619_091748 / lib_ip.py:3753] file = img.20190619_091746.2019-06-19_08-47-28_000.jpg.3.png / val_Average = 96.9741	val_Variance = 2.1717	sd = 1.4737	max = 104	min = 91
[20190619_091748 / lib_ip.py:4052] len(Hs) = 8100, len(Ss) = 8100, len(Vs) = 8100
[20190619_091748 / lib_ip.py:4099] green : variance --> out of range (variance = 2.172 / upper = 0.760 / lower = 0.000)
[20190619_091748 / lib_ip.py:3753] file = img.20190619_091746.2019-06-19_08-47-28_000.jpg.3.png / val_Average = 96.9741	val_Variance = 2.1717	sd = 1.4737	max = 104	min = 91
[20190619_091748 / lib_ip.py:4169] len(Hs) = 8100, len(Ss) = 8100, len(Vs) = 8100
[20190619_091748 / lib_ip.py:4208] blue : variance --> out of range (variance = 2.172 / upper = 0.930 / lower = 0.010)
[20190619_091749 / lib_ip.py:3753] file = img.20190619_091746.2019-06-19_08-47-28_000.jpg.3.png / val_Average = 96.9741	val_Variance = 2.1717	sd = 1.4737	max = 104	min = 91
[20190619_091749 / lib_ip.py:4275] len(Hs) = 8100, len(Ss) = 8100, len(Vs) = 8100
[20190619_091749 / lib_ip.py:4314] pink : variance --> out of range (variance = 2.172 / upper = 0.750 / lower = 0.030)
[20190619_091749 / lib_ip.py:3753] file = img.20190619_091746.2019-06-19_08-47-28_000.jpg.3.png / val_Average = 96.9741	val_Variance = 2.1717	sd = 1.4737	max = 104	min = 91
[20190619_091749 / lib_ip.py:4378] len(Hs) = 8100, len(Ss) = 8100, len(Vs) = 8100
[20190619_091749 / lib_ip.py:4422] black : variance --> out of range (variance = 2.172 / upper = 0.000 / lower = 0.000)
[20190619_091749 / lib_ip.py:4593] file : img.20190619_091746.2019-06-19_08-47-28_000.jpg.3.png 2 (black : variance --> out of range (variance = 2.172 / upper = 0.000 / lower = 0.000))
[20190619_091749 / lib_ip.py:2274] inspecting ===> img.20190619_091746.2019-06-19_08-47-28_000.jpg.4.png
[20190619_091749 / lib_ip.py:4505] 
img.20190619_091746.2019-06-19_08-47-28_000.jpg.4.png 3 ---------------------
[20190619_091749 / lib_ip.py:3753] file = img.20190619_091746.2019-06-19_08-47-28_000.jpg.4.png / val_Average = 106.5751	val_Variance = 1.9162	sd = 1.3843	max = 110	min = 103
[20190619_091749 / lib_ip.py:3836] len(Hs) = 8100, len(Ss) = 8100, len(Vs) = 8100
[20190619_091749 / lib_ip.py:3869] yellow : variance --> out of range (variance = 1.916 / upper = 0.650 / lower = 0.000)
[20190619_091749 / lib_ip.py:3753] file = img.20190619_091746.2019-06-19_08-47-28_000.jpg.4.png / val_Average = 106.5751	val_Variance = 1.9162	sd = 1.3843	max = 110	min = 103
[20190619_091749 / lib_ip.py:3936] len(Hs) = 8100, len(Ss) = 8100, len(Vs) = 8100
[20190619_091749 / lib_ip.py:3982] red : variance --> out of range (variance = 1.916 / upper = 0.430 / lower = 0.000)
[20190619_091750 / lib_ip.py:3753] file = img.20190619_091746.2019-06-19_08-47-28_000.jpg.4.png / val_Average = 106.5751	val_Variance = 1.9162	sd = 1.3843	max = 110	min = 103
[20190619_091750 / lib_ip.py:4052] len(Hs) = 8100, len(Ss) = 8100, len(Vs) = 8100
[20190619_091750 / lib_ip.py:4099] green : variance --> out of range (variance = 1.916 / upper = 0.760 / lower = 0.000)
[20190619_091750 / lib_ip.py:3753] file = img.20190619_091746.2019-06-19_08-47-28_000.jpg.4.png / val_Average = 106.5751	val_Variance = 1.9162	sd = 1.3843	max = 110	min = 103
[20190619_091750 / lib_ip.py:4169] len(Hs) = 8100, len(Ss) = 8100, len(Vs) = 8100
[20190619_091750 / lib_ip.py:4208] blue : variance --> out of range (variance = 1.916 / upper = 0.930 / lower = 0.010)
[20190619_091750 / lib_ip.py:3753] file = img.20190619_091746.2019-06-19_08-47-28_000.jpg.4.png / val_Average = 106.5751	val_Variance = 1.9162	sd = 1.3843	max = 110	min = 103
[20190619_091750 / lib_ip.py:4275] len(Hs) = 8100, len(Ss) = 8100, len(Vs) = 8100
[20190619_091750 / lib_ip.py:4314] pink : variance --> out of range (variance = 1.916 / upper = 0.750 / lower = 0.030)
[20190619_091750 / lib_ip.py:3753] file = img.20190619_091746.2019-06-19_08-47-28_000.jpg.4.png / val_Average = 106.5751	val_Variance = 1.9162	sd = 1.3843	max = 110	min = 103
[20190619_091750 / lib_ip.py:4378] len(Hs) = 8100, len(Ss) = 8100, len(Vs) = 8100
[20190619_091750 / lib_ip.py:4422] black : variance --> out of range (variance = 1.916 / upper = 0.000 / lower = 0.000)
[20190619_091750 / lib_ip.py:4593] file : img.20190619_091746.2019-06-19_08-47-28_000.jpg.4.png 3 (black : variance --> out of range (variance = 1.916 / upper = 0.000 / lower = 0.000))
[20190619_091749 / lib_ip.py:2274] inspecting ===> img.20190619_091746.2019-06-19_08-47-28_000.jpg.4.png
img.20190619_091746.2019-06-19_08-47-28_000.jpg.1.png => other
img.20190619_091746.2019-06-19_08-47-28_000.jpg.2.png => other
img.20190619_091746.2019-06-19_08-47-28_000.jpg.3.png => other
img.20190619_091746.2019-06-19_08-47-28_000.jpg.4.png => other
[20190619_091750 lib_ip.py:3301] =============== Get 4 corners
dpath_Images = C:\WORKS_2\WS\WS_Others.Art\JVEMV6\46_art\VIRTUAL\Admin_Projects\ip\images
fname_Image = img.20190619_091746.2019-06-19_08-47-28_000.jpg.4.png

[20190619_091751 / lib_ip.py:2274] inspecting ===> img.20190619_091751.2019-06-19_08-47-41_000.jpg.1.png
[20190619_091751 / lib_ip.py:4505] 
img.20190619_091751.2019-06-19_08-47-41_000.jpg.1.png 0 ---------------------
[20190619_091751 / lib_ip.py:3753] file = img.20190619_091751.2019-06-19_08-47-41_000.jpg.1.png / val_Average = 110.2621	val_Variance = 8.6255	sd = 2.9369	max = 117	min = 101
[20190619_091751 / lib_ip.py:3836] len(Hs) = 8100, len(Ss) = 8100, len(Vs) = 8100
[20190619_091751 / lib_ip.py:3869] yellow : variance --> out of range (variance = 8.626 / upper = 0.650 / lower = 0.000)
[20190619_091751 / lib_ip.py:3753] file = img.20190619_091751.2019-06-19_08-47-41_000.jpg.1.png / val_Average = 110.2621	val_Variance = 8.6255	sd = 2.9369	max = 117	min = 101
[20190619_091751 / lib_ip.py:3936] len(Hs) = 8100, len(Ss) = 8100, len(Vs) = 8100
[20190619_091752 / lib_ip.py:3982] red : variance --> out of range (variance = 8.626 / upper = 0.430 / lower = 0.000)
[20190619_091752 / lib_ip.py:3753] file = img.20190619_091751.2019-06-19_08-47-41_000.jpg.1.png / val_Average = 110.2621	val_Variance = 8.6255	sd = 2.9369	max = 117	min = 101
[20190619_091752 / lib_ip.py:4052] len(Hs) = 8100, len(Ss) = 8100, len(Vs) = 8100
[20190619_091752 / lib_ip.py:4099] green : variance --> out of range (variance = 8.626 / upper = 0.760 / lower = 0.000)
[20190619_091752 / lib_ip.py:3753] file = img.20190619_091751.2019-06-19_08-47-41_000.jpg.1.png / val_Average = 110.2621	val_Variance = 8.6255	sd = 2.9369	max = 117	min = 101
[20190619_091752 / lib_ip.py:4169] len(Hs) = 8100, len(Ss) = 8100, len(Vs) = 8100
[20190619_091752 / lib_ip.py:4208] blue : variance --> out of range (variance = 8.626 / upper = 0.930 / lower = 0.010)
[20190619_091752 / lib_ip.py:3753] file = img.20190619_091751.2019-06-19_08-47-41_000.jpg.1.png / val_Average = 110.2621	val_Variance = 8.6255	sd = 2.9369	max = 117	min = 101
[20190619_091752 / lib_ip.py:4275] len(Hs) = 8100, len(Ss) = 8100, len(Vs) = 8100
[20190619_091752 / lib_ip.py:4314] pink : variance --> out of range (variance = 8.626 / upper = 0.750 / lower = 0.030)
[20190619_091752 / lib_ip.py:3753] file = img.20190619_091751.2019-06-19_08-47-41_000.jpg.1.png / val_Average = 110.2621	val_Variance = 8.6255	sd = 2.9369	max = 117	min = 101
[20190619_091752 / lib_ip.py:4378] len(Hs) = 8100, len(Ss) = 8100, len(Vs) = 8100
[20190619_091752 / lib_ip.py:4422] black : variance --> out of range (variance = 8.626 / upper = 0.000 / lower = 0.000)
[20190619_091752 / lib_ip.py:4593] file : img.20190619_091751.2019-06-19_08-47-41_000.jpg.1.png 0 (black : variance --> out of range (variance = 8.626 / upper = 0.000 / lower = 0.000))
[20190619_091752 / lib_ip.py:2274] inspecting ===> img.20190619_091751.2019-06-19_08-47-41_000.jpg.2.png
[20190619_091753 / lib_ip.py:4505] 
img.20190619_091751.2019-06-19_08-47-41_000.jpg.2.png 1 ---------------------
[20190619_091753 / lib_ip.py:3753] file = img.20190619_091751.2019-06-19_08-47-41_000.jpg.2.png / val_Average = 122.2602	val_Variance = 0.1925	sd = 0.4388	max = 123	min = 122
[20190619_091753 / lib_ip.py:3836] len(Hs) = 8100, len(Ss) = 8100, len(Vs) = 8100
[20190619_091753 / lib_ip.py:3891] yellow : average --> out of range (average = 122.260 / upper = 99.200 / lower = 85.500)
[20190619_091753 / lib_ip.py:3753] file = img.20190619_091751.2019-06-19_08-47-41_000.jpg.2.png / val_Average = 122.2602	val_Variance = 0.1925	sd = 0.4388	max = 123	min = 122
[20190619_091753 / lib_ip.py:3936] len(Hs) = 8100, len(Ss) = 8100, len(Vs) = 8100
[20190619_091753 / lib_ip.py:2274] inspecting ===> img.20190619_091751.2019-06-19_08-47-41_000.jpg.3.png
[20190619_091753 / lib_ip.py:4505] 
img.20190619_091751.2019-06-19_08-47-41_000.jpg.3.png 2 ---------------------
[20190619_091753 / lib_ip.py:3753] file = img.20190619_091751.2019-06-19_08-47-41_000.jpg.3.png / val_Average = 100.4089	val_Variance = 2.0531	sd = 1.4328	max = 105	min = 95
[20190619_091753 / lib_ip.py:3836] len(Hs) = 8100, len(Ss) = 8100, len(Vs) = 8100
[20190619_091754 / lib_ip.py:3869] yellow : variance --> out of range (variance = 2.053 / upper = 0.650 / lower = 0.000)
[20190619_091754 / lib_ip.py:3753] file = img.20190619_091751.2019-06-19_08-47-41_000.jpg.3.png / val_Average = 100.4089	val_Variance = 2.0531	sd = 1.4328	max = 105	min = 95
[20190619_091754 / lib_ip.py:3936] len(Hs) = 8100, len(Ss) = 8100, len(Vs) = 8100
[20190619_091754 / lib_ip.py:3982] red : variance --> out of range (variance = 2.053 / upper = 0.430 / lower = 0.000)
[20190619_091754 / lib_ip.py:3753] file = img.20190619_091751.2019-06-19_08-47-41_000.jpg.3.png / val_Average = 100.4089	val_Variance = 2.0531	sd = 1.4328	max = 105	min = 95
[20190619_091754 / lib_ip.py:4052] len(Hs) = 8100, len(Ss) = 8100, len(Vs) = 8100
[20190619_091754 / lib_ip.py:4099] green : variance --> out of range (variance = 2.053 / upper = 0.760 / lower = 0.000)
[20190619_091754 / lib_ip.py:3753] file = img.20190619_091751.2019-06-19_08-47-41_000.jpg.3.png / val_Average = 100.4089	val_Variance = 2.0531	sd = 1.4328	max = 105	min = 95
[20190619_091754 / lib_ip.py:4169] len(Hs) = 8100, len(Ss) = 8100, len(Vs) = 8100
[20190619_091754 / lib_ip.py:4208] blue : variance --> out of range (variance = 2.053 / upper = 0.930 / lower = 0.010)
[20190619_091754 / lib_ip.py:3753] file = img.20190619_091751.2019-06-19_08-47-41_000.jpg.3.png / val_Average = 100.4089	val_Variance = 2.0531	sd = 1.4328	max = 105	min = 95
[20190619_091754 / lib_ip.py:4275] len(Hs) = 8100, len(Ss) = 8100, len(Vs) = 8100
[20190619_091754 / lib_ip.py:4314] pink : variance --> out of range (variance = 2.053 / upper = 0.750 / lower = 0.030)
[20190619_091754 / lib_ip.py:3753] file = img.20190619_091751.2019-06-19_08-47-41_000.jpg.3.png / val_Average = 100.4089	val_Variance = 2.0531	sd = 1.4328	max = 105	min = 95
[20190619_091754 / lib_ip.py:4378] len(Hs) = 8100, len(Ss) = 8100, len(Vs) = 8100
[20190619_091754 / lib_ip.py:4422] black : variance --> out of range (variance = 2.053 / upper = 0.000 / lower = 0.000)
[20190619_091754 / lib_ip.py:4593] file : img.20190619_091751.2019-06-19_08-47-41_000.jpg.3.png 2 (black : variance --> out of range (variance = 2.053 / upper = 0.000 / lower = 0.000))
[20190619_091754 / lib_ip.py:2274] inspecting ===> img.20190619_091751.2019-06-19_08-47-41_000.jpg.4.png
[20190619_091755 / lib_ip.py:4505] 
img.20190619_091751.2019-06-19_08-47-41_000.jpg.4.png 3 ---------------------
[20190619_091755 / lib_ip.py:3753] file = img.20190619_091751.2019-06-19_08-47-41_000.jpg.4.png / val_Average = 77.9537	val_Variance = 0.0476	sd = 0.2182	max = 79	min = 77
[20190619_091755 / lib_ip.py:3836] len(Hs) = 8100, len(Ss) = 8100, len(Vs) = 8100
[20190619_091755 / lib_ip.py:3891] yellow : average --> out of range (average = 77.954 / upper = 99.200 / lower = 85.500)
[20190619_091755 / lib_ip.py:3753] file = img.20190619_091751.2019-06-19_08-47-41_000.jpg.4.png / val_Average = 77.9537	val_Variance = 0.0476	sd = 0.2182	max = 79	min = 77
[20190619_091755 / lib_ip.py:3936] len(Hs) = 8100, len(Ss) = 8100, len(Vs) = 8100
[20190619_091755 / lib_ip.py:4007] red : average --> out of range (average = 77.954 / upper = 124.600 / lower = 115.000)
[20190619_091756 / lib_ip.py:3753] file = img.20190619_091751.2019-06-19_08-47-41_000.jpg.4.png / val_Average = 77.9537	val_Variance = 0.0476	sd = 0.2182	max = 79	min = 77
[20190619_091756 / lib_ip.py:4052] len(Hs) = 8100, len(Ss) = 8100, len(Vs) = 8100
[20190619_091754 / lib_ip.py:2274] inspecting ===> img.20190619_091751.2019-06-19_08-47-41_000.jpg.4.png
img.20190619_091751.2019-06-19_08-47-41_000.jpg.1.png => other
img.20190619_091751.2019-06-19_08-47-41_000.jpg.2.png => other
img.20190619_091751.2019-06-19_08-47-41_000.jpg.3.png => other
img.20190619_091751.2019-06-19_08-47-41_000.jpg.4.png => other
[20190619_091756 lib_ip.py:3301] =============== Get 4 corners
dpath_Images = C:\WORKS_2\WS\WS_Others.Art\JVEMV6\46_art\VIRTUAL\Admin_Projects\ip\images
fname_Image = img.20190619_091751.2019-06-19_08-47-41_000.jpg.4.png

[20190619_091757 / lib_ip.py:2274] inspecting ===> img.20190619_091756.2019-06-19_08-48-38_000.jpg.1.png
[20190619_091757 / lib_ip.py:4505] 
img.20190619_091756.2019-06-19_08-48-38_000.jpg.1.png 0 ---------------------
[20190619_091757 / lib_ip.py:3753] file = img.20190619_091756.2019-06-19_08-48-38_000.jpg.1.png / val_Average = 120.9948	val_Variance = 0.0711	sd = 0.2666	max = 122	min = 120
[20190619_091757 / lib_ip.py:3836] len(Hs) = 8100, len(Ss) = 8100, len(Vs) = 8100
[20190619_091757 / lib_ip.py:3891] yellow : average --> out of range (average = 120.995 / upper = 99.200 / lower = 85.500)
[20190619_091757 / lib_ip.py:3753] file = img.20190619_091756.2019-06-19_08-48-38_000.jpg.1.png / val_Average = 120.9948	val_Variance = 0.0711	sd = 0.2666	max = 122	min = 120
[20190619_091757 / lib_ip.py:3936] len(Hs) = 8100, len(Ss) = 8100, len(Vs) = 8100
[20190619_091758 / lib_ip.py:2274] inspecting ===> img.20190619_091756.2019-06-19_08-48-38_000.jpg.2.png
[20190619_091758 / lib_ip.py:4505] 
img.20190619_091756.2019-06-19_08-48-38_000.jpg.2.png 1 ---------------------
[20190619_091758 / lib_ip.py:3753] file = img.20190619_091756.2019-06-19_08-48-38_000.jpg.2.png / val_Average = 77.6775	val_Variance = 0.2237	sd = 0.4729	max = 78	min = 76
[20190619_091758 / lib_ip.py:3836] len(Hs) = 8100, len(Ss) = 8100, len(Vs) = 8100
[20190619_091758 / lib_ip.py:3891] yellow : average --> out of range (average = 77.678 / upper = 99.200 / lower = 85.500)
[20190619_091758 / lib_ip.py:3753] file = img.20190619_091756.2019-06-19_08-48-38_000.jpg.2.png / val_Average = 77.6775	val_Variance = 0.2237	sd = 0.4729	max = 78	min = 76
[20190619_091758 / lib_ip.py:3936] len(Hs) = 8100, len(Ss) = 8100, len(Vs) = 8100
[20190619_091758 / lib_ip.py:4007] red : average --> out of range (average = 77.678 / upper = 124.600 / lower = 115.000)
[20190619_091759 / lib_ip.py:3753] file = img.20190619_091756.2019-06-19_08-48-38_000.jpg.2.png / val_Average = 77.6775	val_Variance = 0.2237	sd = 0.4729	max = 78	min = 76
[20190619_091759 / lib_ip.py:4052] len(Hs) = 8100, len(Ss) = 8100, len(Vs) = 8100
[20190619_091759 / lib_ip.py:2274] inspecting ===> img.20190619_091756.2019-06-19_08-48-38_000.jpg.3.png
[20190619_091759 / lib_ip.py:4505] 
img.20190619_091756.2019-06-19_08-48-38_000.jpg.3.png 2 ---------------------
[20190619_091759 / lib_ip.py:3753] file = img.20190619_091756.2019-06-19_08-48-38_000.jpg.3.png / val_Average = 105.5963	val_Variance = 1.2546	sd = 1.1201	max = 110	min = 99
[20190619_091759 / lib_ip.py:3836] len(Hs) = 8100, len(Ss) = 8100, len(Vs) = 8100
[20190619_091759 / lib_ip.py:3869] yellow : variance --> out of range (variance = 1.255 / upper = 0.650 / lower = 0.000)
[20190619_091759 / lib_ip.py:3753] file = img.20190619_091756.2019-06-19_08-48-38_000.jpg.3.png / val_Average = 105.5963	val_Variance = 1.2546	sd = 1.1201	max = 110	min = 99
[20190619_091759 / lib_ip.py:3936] len(Hs) = 8100, len(Ss) = 8100, len(Vs) = 8100
[20190619_091800 / lib_ip.py:3982] red : variance --> out of range (variance = 1.255 / upper = 0.430 / lower = 0.000)
[20190619_091800 / lib_ip.py:3753] file = img.20190619_091756.2019-06-19_08-48-38_000.jpg.3.png / val_Average = 105.5963	val_Variance = 1.2546	sd = 1.1201	max = 110	min = 99
[20190619_091800 / lib_ip.py:4052] len(Hs) = 8100, len(Ss) = 8100, len(Vs) = 8100
[20190619_091800 / lib_ip.py:4099] green : variance --> out of range (variance = 1.255 / upper = 0.760 / lower = 0.000)
[20190619_091800 / lib_ip.py:3753] file = img.20190619_091756.2019-06-19_08-48-38_000.jpg.3.png / val_Average = 105.5963	val_Variance = 1.2546	sd = 1.1201	max = 110	min = 99
[20190619_091800 / lib_ip.py:4169] len(Hs) = 8100, len(Ss) = 8100, len(Vs) = 8100
[20190619_091800 / lib_ip.py:4208] blue : variance --> out of range (variance = 1.255 / upper = 0.930 / lower = 0.010)
[20190619_091800 / lib_ip.py:3753] file = img.20190619_091756.2019-06-19_08-48-38_000.jpg.3.png / val_Average = 105.5963	val_Variance = 1.2546	sd = 1.1201	max = 110	min = 99
[20190619_091800 / lib_ip.py:4275] len(Hs) = 8100, len(Ss) = 8100, len(Vs) = 8100
[20190619_091800 / lib_ip.py:4314] pink : variance --> out of range (variance = 1.255 / upper = 0.750 / lower = 0.030)
[20190619_091801 / lib_ip.py:3753] file = img.20190619_091756.2019-06-19_08-48-38_000.jpg.3.png / val_Average = 105.5963	val_Variance = 1.2546	sd = 1.1201	max = 110	min = 99
[20190619_091801 / lib_ip.py:4378] len(Hs) = 8100, len(Ss) = 8100, len(Vs) = 8100
[20190619_091801 / lib_ip.py:4422] black : variance --> out of range (variance = 1.255 / upper = 0.000 / lower = 0.000)
[20190619_091801 / lib_ip.py:4593] file : img.20190619_091756.2019-06-19_08-48-38_000.jpg.3.png 2 (black : variance --> out of range (variance = 1.255 / upper = 0.000 / lower = 0.000))
[20190619_091801 / lib_ip.py:2274] inspecting ===> img.20190619_091756.2019-06-19_08-48-38_000.jpg.4.png
[20190619_091801 / lib_ip.py:4505] 
img.20190619_091756.2019-06-19_08-48-38_000.jpg.4.png 3 ---------------------
[20190619_091801 / lib_ip.py:3753] file = img.20190619_091756.2019-06-19_08-48-38_000.jpg.4.png / val_Average = 107.6683	val_Variance = 2.2360	sd = 1.4953	max = 116	min = 98
[20190619_091801 / lib_ip.py:3836] len(Hs) = 8100, len(Ss) = 8100, len(Vs) = 8100
[20190619_091802 / lib_ip.py:3869] yellow : variance --> out of range (variance = 2.236 / upper = 0.650 / lower = 0.000)
[20190619_091802 / lib_ip.py:3753] file = img.20190619_091756.2019-06-19_08-48-38_000.jpg.4.png / val_Average = 107.6683	val_Variance = 2.2360	sd = 1.4953	max = 116	min = 98
[20190619_091802 / lib_ip.py:3936] len(Hs) = 8100, len(Ss) = 8100, len(Vs) = 8100
[20190619_091802 / lib_ip.py:3982] red : variance --> out of range (variance = 2.236 / upper = 0.430 / lower = 0.000)
[20190619_091802 / lib_ip.py:3753] file = img.20190619_091756.2019-06-19_08-48-38_000.jpg.4.png / val_Average = 107.6683	val_Variance = 2.2360	sd = 1.4953	max = 116	min = 98
[20190619_091802 / lib_ip.py:4052] len(Hs) = 8100, len(Ss) = 8100, len(Vs) = 8100
[20190619_091802 / lib_ip.py:4099] green : variance --> out of range (variance = 2.236 / upper = 0.760 / lower = 0.000)
[20190619_091802 / lib_ip.py:3753] file = img.20190619_091756.2019-06-19_08-48-38_000.jpg.4.png / val_Average = 107.6683	val_Variance = 2.2360	sd = 1.4953	max = 116	min = 98
[20190619_091802 / lib_ip.py:4169] len(Hs) = 8100, len(Ss) = 8100, len(Vs) = 8100
[20190619_091802 / lib_ip.py:4208] blue : variance --> out of range (variance = 2.236 / upper = 0.930 / lower = 0.010)
[20190619_091802 / lib_ip.py:3753] file = img.20190619_091756.2019-06-19_08-48-38_000.jpg.4.png / val_Average = 107.6683	val_Variance = 2.2360	sd = 1.4953	max = 116	min = 98
[20190619_091802 / lib_ip.py:4275] len(Hs) = 8100, len(Ss) = 8100, len(Vs) = 8100
[20190619_091802 / lib_ip.py:4314] pink : variance --> out of range (variance = 2.236 / upper = 0.750 / lower = 0.030)
[20190619_091803 / lib_ip.py:3753] file = img.20190619_091756.2019-06-19_08-48-38_000.jpg.4.png / val_Average = 107.6683	val_Variance = 2.2360	sd = 1.4953	max = 116	min = 98
[20190619_091803 / lib_ip.py:4378] len(Hs) = 8100, len(Ss) = 8100, len(Vs) = 8100
[20190619_091803 / lib_ip.py:4422] black : variance --> out of range (variance = 2.236 / upper = 0.000 / lower = 0.000)
[20190619_091803 / lib_ip.py:4593] file : img.20190619_091756.2019-06-19_08-48-38_000.jpg.4.png 3 (black : variance --> out of range (variance = 2.236 / upper = 0.000 / lower = 0.000))
[20190619_091801 / lib_ip.py:2274] inspecting ===> img.20190619_091756.2019-06-19_08-48-38_000.jpg.4.png
img.20190619_091756.2019-06-19_08-48-38_000.jpg.1.png => other
img.20190619_091756.2019-06-19_08-48-38_000.jpg.2.png => other
img.20190619_091756.2019-06-19_08-48-38_000.jpg.3.png => other
img.20190619_091756.2019-06-19_08-48-38_000.jpg.4.png => other
[20190619_091803 lib_ip.py:3301] =============== Get 4 corners
dpath_Images = C:\WORKS_2\WS\WS_Others.Art\JVEMV6\46_art\VIRTUAL\Admin_Projects\ip\images
fname_Image = img.20190619_091756.2019-06-19_08-48-38_000.jpg.4.png

[20190619_091804 / lib_ip.py:2274] inspecting ===> img.20190619_091804.2019-06-19_08-48-55_000.jpg.1.png
[20190619_091804 / lib_ip.py:4505] 
img.20190619_091804.2019-06-19_08-48-55_000.jpg.1.png 0 ---------------------
[20190619_091804 / lib_ip.py:3753] file = img.20190619_091804.2019-06-19_08-48-55_000.jpg.1.png / val_Average = 107.2162	val_Variance = 180.8509	sd = 13.4481	max = 123	min = 64
[20190619_091804 / lib_ip.py:3836] len(Hs) = 8100, len(Ss) = 8100, len(Vs) = 8100
[20190619_091804 / lib_ip.py:3869] yellow : variance --> out of range (variance = 180.851 / upper = 0.650 / lower = 0.000)
[20190619_091804 / lib_ip.py:3753] file = img.20190619_091804.2019-06-19_08-48-55_000.jpg.1.png / val_Average = 107.2162	val_Variance = 180.8509	sd = 13.4481	max = 123	min = 64
[20190619_091805 / lib_ip.py:3936] len(Hs) = 8100, len(Ss) = 8100, len(Vs) = 8100
[20190619_091805 / lib_ip.py:3982] red : variance --> out of range (variance = 180.851 / upper = 0.430 / lower = 0.000)
[20190619_091805 / lib_ip.py:3753] file = img.20190619_091804.2019-06-19_08-48-55_000.jpg.1.png / val_Average = 107.2162	val_Variance = 180.8509	sd = 13.4481	max = 123	min = 64
[20190619_091805 / lib_ip.py:4052] len(Hs) = 8100, len(Ss) = 8100, len(Vs) = 8100
[20190619_091805 / lib_ip.py:4099] green : variance --> out of range (variance = 180.851 / upper = 0.760 / lower = 0.000)
[20190619_091805 / lib_ip.py:3753] file = img.20190619_091804.2019-06-19_08-48-55_000.jpg.1.png / val_Average = 107.2162	val_Variance = 180.8509	sd = 13.4481	max = 123	min = 64
[20190619_091805 / lib_ip.py:4169] len(Hs) = 8100, len(Ss) = 8100, len(Vs) = 8100
[20190619_091805 / lib_ip.py:4208] blue : variance --> out of range (variance = 180.851 / upper = 0.930 / lower = 0.010)
[20190619_091805 / lib_ip.py:3753] file = img.20190619_091804.2019-06-19_08-48-55_000.jpg.1.png / val_Average = 107.2162	val_Variance = 180.8509	sd = 13.4481	max = 123	min = 64
[20190619_091805 / lib_ip.py:4275] len(Hs) = 8100, len(Ss) = 8100, len(Vs) = 8100
[20190619_091806 / lib_ip.py:4314] pink : variance --> out of range (variance = 180.851 / upper = 0.750 / lower = 0.030)
[20190619_091806 / lib_ip.py:3753] file = img.20190619_091804.2019-06-19_08-48-55_000.jpg.1.png / val_Average = 107.2162	val_Variance = 180.8509	sd = 13.4481	max = 123	min = 64
[20190619_091806 / lib_ip.py:4378] len(Hs) = 8100, len(Ss) = 8100, len(Vs) = 8100
[20190619_091806 / lib_ip.py:4422] black : variance --> out of range (variance = 180.851 / upper = 0.000 / lower = 0.000)
[20190619_091806 / lib_ip.py:4593] file : img.20190619_091804.2019-06-19_08-48-55_000.jpg.1.png 0 (black : variance --> out of range (variance = 180.851 / upper = 0.000 / lower = 0.000))
[20190619_091806 / lib_ip.py:2274] inspecting ===> img.20190619_091804.2019-06-19_08-48-55_000.jpg.2.png
[20190619_091806 / lib_ip.py:4505] 
img.20190619_091804.2019-06-19_08-48-55_000.jpg.2.png 1 ---------------------
[20190619_091806 / lib_ip.py:3753] file = img.20190619_091804.2019-06-19_08-48-55_000.jpg.2.png / val_Average = 121.4515	val_Variance = 0.2496	sd = 0.4996	max = 122	min = 120
[20190619_091806 / lib_ip.py:3836] len(Hs) = 8100, len(Ss) = 8100, len(Vs) = 8100
[20190619_091806 / lib_ip.py:3891] yellow : average --> out of range (average = 121.451 / upper = 99.200 / lower = 85.500)
[20190619_091807 / lib_ip.py:3753] file = img.20190619_091804.2019-06-19_08-48-55_000.jpg.2.png / val_Average = 121.4515	val_Variance = 0.2496	sd = 0.4996	max = 122	min = 120
[20190619_091807 / lib_ip.py:3936] len(Hs) = 8100, len(Ss) = 8100, len(Vs) = 8100
[20190619_091807 / lib_ip.py:2274] inspecting ===> img.20190619_091804.2019-06-19_08-48-55_000.jpg.3.png
[20190619_091807 / lib_ip.py:4505] 
img.20190619_091804.2019-06-19_08-48-55_000.jpg.3.png 2 ---------------------
[20190619_091807 / lib_ip.py:3753] file = img.20190619_091804.2019-06-19_08-48-55_000.jpg.3.png / val_Average = 112.3984	val_Variance = 31.3370	sd = 5.5979	max = 140	min = 101
[20190619_091807 / lib_ip.py:3836] len(Hs) = 8100, len(Ss) = 8100, len(Vs) = 8100
[20190619_091807 / lib_ip.py:3869] yellow : variance --> out of range (variance = 31.337 / upper = 0.650 / lower = 0.000)
[20190619_091807 / lib_ip.py:3753] file = img.20190619_091804.2019-06-19_08-48-55_000.jpg.3.png / val_Average = 112.3984	val_Variance = 31.3370	sd = 5.5979	max = 140	min = 101
[20190619_091808 / lib_ip.py:3936] len(Hs) = 8100, len(Ss) = 8100, len(Vs) = 8100
[20190619_091808 / lib_ip.py:3982] red : variance --> out of range (variance = 31.337 / upper = 0.430 / lower = 0.000)
[20190619_091808 / lib_ip.py:3753] file = img.20190619_091804.2019-06-19_08-48-55_000.jpg.3.png / val_Average = 112.3984	val_Variance = 31.3370	sd = 5.5979	max = 140	min = 101
[20190619_091808 / lib_ip.py:4052] len(Hs) = 8100, len(Ss) = 8100, len(Vs) = 8100
[20190619_091808 / lib_ip.py:4099] green : variance --> out of range (variance = 31.337 / upper = 0.760 / lower = 0.000)
[20190619_091808 / lib_ip.py:3753] file = img.20190619_091804.2019-06-19_08-48-55_000.jpg.3.png / val_Average = 112.3984	val_Variance = 31.3370	sd = 5.5979	max = 140	min = 101
[20190619_091808 / lib_ip.py:4169] len(Hs) = 8100, len(Ss) = 8100, len(Vs) = 8100
[20190619_091808 / lib_ip.py:4208] blue : variance --> out of range (variance = 31.337 / upper = 0.930 / lower = 0.010)
[20190619_091808 / lib_ip.py:3753] file = img.20190619_091804.2019-06-19_08-48-55_000.jpg.3.png / val_Average = 112.3984	val_Variance = 31.3370	sd = 5.5979	max = 140	min = 101
[20190619_091808 / lib_ip.py:4275] len(Hs) = 8100, len(Ss) = 8100, len(Vs) = 8100
[20190619_091808 / lib_ip.py:4314] pink : variance --> out of range (variance = 31.337 / upper = 0.750 / lower = 0.030)
[20190619_091808 / lib_ip.py:3753] file = img.20190619_091804.2019-06-19_08-48-55_000.jpg.3.png / val_Average = 112.3984	val_Variance = 31.3370	sd = 5.5979	max = 140	min = 101
[20190619_091808 / lib_ip.py:4378] len(Hs) = 8100, len(Ss) = 8100, len(Vs) = 8100
[20190619_091809 / lib_ip.py:4422] black : variance --> out of range (variance = 31.337 / upper = 0.000 / lower = 0.000)
[20190619_091809 / lib_ip.py:4593] file : img.20190619_091804.2019-06-19_08-48-55_000.jpg.3.png 2 (black : variance --> out of range (variance = 31.337 / upper = 0.000 / lower = 0.000))
[20190619_091809 / lib_ip.py:2274] inspecting ===> img.20190619_091804.2019-06-19_08-48-55_000.jpg.4.png
[20190619_091809 / lib_ip.py:4505] 
img.20190619_091804.2019-06-19_08-48-55_000.jpg.4.png 3 ---------------------
[20190619_091809 / lib_ip.py:3753] file = img.20190619_091804.2019-06-19_08-48-55_000.jpg.4.png / val_Average = 77.6402	val_Variance = 0.2439	sd = 0.4939	max = 79	min = 76
[20190619_091809 / lib_ip.py:3836] len(Hs) = 8100, len(Ss) = 8100, len(Vs) = 8100
[20190619_091809 / lib_ip.py:3891] yellow : average --> out of range (average = 77.640 / upper = 99.200 / lower = 85.500)
[20190619_091809 / lib_ip.py:3753] file = img.20190619_091804.2019-06-19_08-48-55_000.jpg.4.png / val_Average = 77.6402	val_Variance = 0.2439	sd = 0.4939	max = 79	min = 76
[20190619_091809 / lib_ip.py:3936] len(Hs) = 8100, len(Ss) = 8100, len(Vs) = 8100
[20190619_091809 / lib_ip.py:4007] red : average --> out of range (average = 77.640 / upper = 124.600 / lower = 115.000)
[20190619_091810 / lib_ip.py:3753] file = img.20190619_091804.2019-06-19_08-48-55_000.jpg.4.png / val_Average = 77.6402	val_Variance = 0.2439	sd = 0.4939	max = 79	min = 76
[20190619_091810 / lib_ip.py:4052] len(Hs) = 8100, len(Ss) = 8100, len(Vs) = 8100
[20190619_091809 / lib_ip.py:2274] inspecting ===> img.20190619_091804.2019-06-19_08-48-55_000.jpg.4.png
img.20190619_091804.2019-06-19_08-48-55_000.jpg.1.png => other
img.20190619_091804.2019-06-19_08-48-55_000.jpg.2.png => other
img.20190619_091804.2019-06-19_08-48-55_000.jpg.3.png => other
img.20190619_091804.2019-06-19_08-48-55_000.jpg.4.png => other
[20190619_091810 lib_ip.py:3301] =============== Get 4 corners
dpath_Images = C:\WORKS_2\WS\WS_Others.Art\JVEMV6\46_art\VIRTUAL\Admin_Projects\ip\images
fname_Image = img.20190619_091804.2019-06-19_08-48-55_000.jpg.4.png

[20190619_091810 / views.py:1411] gen csv => complete (20190619_091810)(elapsed = 69.958 sec / 11 files / 6.360 sec per file)
1)	2019-06-18_11-30-44_000.jpg => 	other yellow other black 
2)	2019-06-18_18-15-48_000.jpg => 	other yellow other red 
3)	2019-06-18_18-16-02_000.jpg => 	yellow red other other 
4)	2019-06-18_20-51-12_000.jpg => 	other yellow other other 
5)	2019-06-19_01-27-23_000.jpg => 	other other other other 
6)	2019-06-19_05-46-14_000.jpg => 	other other other other 
7)	2019-06-19_07-35-23_000.jpg => 	other other green green 
8)	2019-06-19_08-47-28_000.jpg => 	red green other other 
9)	2019-06-19_08-47-41_000.jpg => 	other red other green 
10)	2019-06-19_08-48-38_000.jpg => 	red green other other 
11)	2019-06-19_08-48-55_000.jpg => 	other red other green 
[20190619_091810 / views.py:1753] lo_ColorName_Set__Modified_2 =>
1)	2019-06-18_11-30-44_000.jpg => 	a o o y 
2)	2019-06-18_18-15-48_000.jpg => 	o o r y 
3)	2019-06-18_18-16-02_000.jpg => 	o o r y 
4)	2019-06-18_20-51-12_000.jpg => 	o o o y 
5)	2019-06-19_01-27-23_000.jpg => 	o o o o 
6)	2019-06-19_05-46-14_000.jpg => 	o o o o 
7)	2019-06-19_07-35-23_000.jpg => 	g g o o 
8)	2019-06-19_08-47-28_000.jpg => 	g o o r 
9)	2019-06-19_08-47-41_000.jpg => 	g o o r 
10)	2019-06-19_08-48-38_000.jpg => 	g o o r 
11)	2019-06-19_08-48-55_000.jpg => 	g o o r 
[20190619_091812 / views.py:1839] gen_Cake_CSV(request) ==> ending... =======================//

