[20191110_105041 / views.py:1822] gen_Cake_CSV(request) ==> starting... =======================
[20191110_105042 / lib_ip.py:2274] inspecting ===> img.20191110_105042.2019-11-09_14-57-49_000.jpg.1.png
[20191110_105043 / lib_ip.py:4505] 
img.20191110_105042.2019-11-09_14-57-49_000.jpg.1.png 0 ---------------------
[20191110_105043 / lib_ip.py:3753] file = img.20191110_105042.2019-11-09_14-57-49_000.jpg.1.png / val_Average = 97.4607	val_Variance = 5.1875	sd = 2.2776	max = 105	min = 90
[20191110_105043 / lib_ip.py:3836] len(Hs) = 8100, len(Ss) = 8100, len(Vs) = 8100
[20191110_105043 / lib_ip.py:3869] yellow : variance --> out of range (variance = 5.187 / upper = 0.650 / lower = 0.000)
[20191110_105043 / lib_ip.py:3753] file = img.20191110_105042.2019-11-09_14-57-49_000.jpg.1.png / val_Average = 97.4607	val_Variance = 5.1875	sd = 2.2776	max = 105	min = 90
[20191110_105043 / lib_ip.py:3936] len(Hs) = 8100, len(Ss) = 8100, len(Vs) = 8100
[20191110_105043 / lib_ip.py:3982] red : variance --> out of range (variance = 5.187 / upper = 0.430 / lower = 0.000)
[20191110_105043 / lib_ip.py:3753] file = img.20191110_105042.2019-11-09_14-57-49_000.jpg.1.png / val_Average = 97.4607	val_Variance = 5.1875	sd = 2.2776	max = 105	min = 90
[20191110_105043 / lib_ip.py:4052] len(Hs) = 8100, len(Ss) = 8100, len(Vs) = 8100
[20191110_105043 / lib_ip.py:4099] green : variance --> out of range (variance = 5.187 / upper = 0.760 / lower = 0.000)
[20191110_105043 / lib_ip.py:3753] file = img.20191110_105042.2019-11-09_14-57-49_000.jpg.1.png / val_Average = 97.4607	val_Variance = 5.1875	sd = 2.2776	max = 105	min = 90
[20191110_105043 / lib_ip.py:4169] len(Hs) = 8100, len(Ss) = 8100, len(Vs) = 8100
[20191110_105043 / lib_ip.py:4208] blue : variance --> out of range (variance = 5.187 / upper = 0.930 / lower = 0.010)
[20191110_105043 / lib_ip.py:3753] file = img.20191110_105042.2019-11-09_14-57-49_000.jpg.1.png / val_Average = 97.4607	val_Variance = 5.1875	sd = 2.2776	max = 105	min = 90
[20191110_105043 / lib_ip.py:4275] len(Hs) = 8100, len(Ss) = 8100, len(Vs) = 8100
[20191110_105044 / lib_ip.py:4314] pink : variance --> out of range (variance = 5.187 / upper = 0.750 / lower = 0.030)
[20191110_105044 / lib_ip.py:3753] file = img.20191110_105042.2019-11-09_14-57-49_000.jpg.1.png / val_Average = 97.4607	val_Variance = 5.1875	sd = 2.2776	max = 105	min = 90
[20191110_105044 / lib_ip.py:4378] len(Hs) = 8100, len(Ss) = 8100, len(Vs) = 8100
[20191110_105044 / lib_ip.py:4422] black : variance --> out of range (variance = 5.187 / upper = 0.000 / lower = 0.000)
[20191110_105044 / lib_ip.py:4593] file : img.20191110_105042.2019-11-09_14-57-49_000.jpg.1.png 0 (black : variance --> out of range (variance = 5.187 / upper = 0.000 / lower = 0.000))
[20191110_105044 / lib_ip.py:2274] inspecting ===> img.20191110_105042.2019-11-09_14-57-49_000.jpg.2.png
[20191110_105044 / lib_ip.py:4505] 
img.20191110_105042.2019-11-09_14-57-49_000.jpg.2.png 1 ---------------------
[20191110_105044 / lib_ip.py:3753] file = img.20191110_105042.2019-11-09_14-57-49_000.jpg.2.png / val_Average = 34.3698	val_Variance = 1864.0612	sd = 43.1748	max = 92	min = 0
[20191110_105044 / lib_ip.py:3836] len(Hs) = 8100, len(Ss) = 8100, len(Vs) = 8100
[20191110_105044 / lib_ip.py:3869] yellow : variance --> out of range (variance = 1864.061 / upper = 0.650 / lower = 0.000)
[20191110_105044 / lib_ip.py:3753] file = img.20191110_105042.2019-11-09_14-57-49_000.jpg.2.png / val_Average = 34.3698	val_Variance = 1864.0612	sd = 43.1748	max = 92	min = 0
[20191110_105044 / lib_ip.py:3936] len(Hs) = 8100, len(Ss) = 8100, len(Vs) = 8100
[20191110_105044 / lib_ip.py:3982] red : variance --> out of range (variance = 1864.061 / upper = 0.430 / lower = 0.000)
[20191110_105045 / lib_ip.py:3753] file = img.20191110_105042.2019-11-09_14-57-49_000.jpg.2.png / val_Average = 34.3698	val_Variance = 1864.0612	sd = 43.1748	max = 92	min = 0
[20191110_105045 / lib_ip.py:4052] len(Hs) = 8100, len(Ss) = 8100, len(Vs) = 8100
[20191110_105045 / lib_ip.py:4099] green : variance --> out of range (variance = 1864.061 / upper = 0.760 / lower = 0.000)
[20191110_105045 / lib_ip.py:3753] file = img.20191110_105042.2019-11-09_14-57-49_000.jpg.2.png / val_Average = 34.3698	val_Variance = 1864.0612	sd = 43.1748	max = 92	min = 0
[20191110_105045 / lib_ip.py:4169] len(Hs) = 8100, len(Ss) = 8100, len(Vs) = 8100
[20191110_105045 / lib_ip.py:4208] blue : variance --> out of range (variance = 1864.061 / upper = 0.930 / lower = 0.010)
[20191110_105045 / lib_ip.py:3753] file = img.20191110_105042.2019-11-09_14-57-49_000.jpg.2.png / val_Average = 34.3698	val_Variance = 1864.0612	sd = 43.1748	max = 92	min = 0
[20191110_105045 / lib_ip.py:4275] len(Hs) = 8100, len(Ss) = 8100, len(Vs) = 8100
[20191110_105045 / lib_ip.py:4314] pink : variance --> out of range (variance = 1864.061 / upper = 0.750 / lower = 0.030)
[20191110_105045 / lib_ip.py:3753] file = img.20191110_105042.2019-11-09_14-57-49_000.jpg.2.png / val_Average = 34.3698	val_Variance = 1864.0612	sd = 43.1748	max = 92	min = 0
[20191110_105045 / lib_ip.py:4378] len(Hs) = 8100, len(Ss) = 8100, len(Vs) = 8100
[20191110_105045 / lib_ip.py:4422] black : variance --> out of range (variance = 1864.061 / upper = 0.000 / lower = 0.000)
[20191110_105045 / lib_ip.py:4593] file : img.20191110_105042.2019-11-09_14-57-49_000.jpg.2.png 1 (black : variance --> out of range (variance = 1864.061 / upper = 0.000 / lower = 0.000))
[20191110_105045 / lib_ip.py:2274] inspecting ===> img.20191110_105042.2019-11-09_14-57-49_000.jpg.3.png
[20191110_105045 / lib_ip.py:4505] 
img.20191110_105042.2019-11-09_14-57-49_000.jpg.3.png 2 ---------------------
[20191110_105045 / lib_ip.py:3753] file = img.20191110_105042.2019-11-09_14-57-49_000.jpg.3.png / val_Average = 101.3275	val_Variance = 0.5980	sd = 0.7733	max = 103	min = 100
[20191110_105045 / lib_ip.py:3836] len(Hs) = 8100, len(Ss) = 8100, len(Vs) = 8100
[20191110_105045 / lib_ip.py:3891] yellow : average --> out of range (average = 101.328 / upper = 99.200 / lower = 85.500)
[20191110_105046 / lib_ip.py:3753] file = img.20191110_105042.2019-11-09_14-57-49_000.jpg.3.png / val_Average = 101.3275	val_Variance = 0.5980	sd = 0.7733	max = 103	min = 100
[20191110_105046 / lib_ip.py:3936] len(Hs) = 8100, len(Ss) = 8100, len(Vs) = 8100
[20191110_105046 / lib_ip.py:3982] red : variance --> out of range (variance = 0.598 / upper = 0.430 / lower = 0.000)
[20191110_105046 / lib_ip.py:3753] file = img.20191110_105042.2019-11-09_14-57-49_000.jpg.3.png / val_Average = 101.3275	val_Variance = 0.5980	sd = 0.7733	max = 103	min = 100
[20191110_105046 / lib_ip.py:4052] len(Hs) = 8100, len(Ss) = 8100, len(Vs) = 8100
[20191110_105046 / lib_ip.py:4124] green : average --> out of range (average = 101.328 / upper = 85.000 / lower = 58.000)
[20191110_105046 / lib_ip.py:3753] file = img.20191110_105042.2019-11-09_14-57-49_000.jpg.3.png / val_Average = 101.3275	val_Variance = 0.5980	sd = 0.7733	max = 103	min = 100
[20191110_105046 / lib_ip.py:4169] len(Hs) = 8100, len(Ss) = 8100, len(Vs) = 8100
[20191110_105046 / lib_ip.py:4230] blue : average --> out of range (average = 101.328 / upper = 17.000 / lower = 8.850)
[20191110_105046 / lib_ip.py:3753] file = img.20191110_105042.2019-11-09_14-57-49_000.jpg.3.png / val_Average = 101.3275	val_Variance = 0.5980	sd = 0.7733	max = 103	min = 100
[20191110_105046 / lib_ip.py:4275] len(Hs) = 8100, len(Ss) = 8100, len(Vs) = 8100
[20191110_105046 / lib_ip.py:4336] pink : average --> out of range (average = 101.328 / upper = 141.000 / lower = 127.900)
[20191110_105046 / lib_ip.py:3753] file = img.20191110_105042.2019-11-09_14-57-49_000.jpg.3.png / val_Average = 101.3275	val_Variance = 0.5980	sd = 0.7733	max = 103	min = 100
[20191110_105046 / lib_ip.py:4378] len(Hs) = 8100, len(Ss) = 8100, len(Vs) = 8100
[20191110_105046 / lib_ip.py:4422] black : variance --> out of range (variance = 0.598 / upper = 0.000 / lower = 0.000)
[20191110_105046 / lib_ip.py:4593] file : img.20191110_105042.2019-11-09_14-57-49_000.jpg.3.png 2 (black : variance --> out of range (variance = 0.598 / upper = 0.000 / lower = 0.000))
[20191110_105046 / lib_ip.py:2274] inspecting ===> img.20191110_105042.2019-11-09_14-57-49_000.jpg.4.png
[20191110_105047 / lib_ip.py:4505] 
img.20191110_105042.2019-11-09_14-57-49_000.jpg.4.png 3 ---------------------
[20191110_105047 / lib_ip.py:3753] file = img.20191110_105042.2019-11-09_14-57-49_000.jpg.4.png / val_Average = 102.6799	val_Variance = 0.5799	sd = 0.7615	max = 106	min = 101
[20191110_105047 / lib_ip.py:3836] len(Hs) = 8100, len(Ss) = 8100, len(Vs) = 8100
[20191110_105047 / lib_ip.py:3891] yellow : average --> out of range (average = 102.680 / upper = 99.200 / lower = 85.500)
[20191110_105047 / lib_ip.py:3753] file = img.20191110_105042.2019-11-09_14-57-49_000.jpg.4.png / val_Average = 102.6799	val_Variance = 0.5799	sd = 0.7615	max = 106	min = 101
[20191110_105047 / lib_ip.py:3936] len(Hs) = 8100, len(Ss) = 8100, len(Vs) = 8100
[20191110_105047 / lib_ip.py:3982] red : variance --> out of range (variance = 0.580 / upper = 0.430 / lower = 0.000)
[20191110_105047 / lib_ip.py:3753] file = img.20191110_105042.2019-11-09_14-57-49_000.jpg.4.png / val_Average = 102.6799	val_Variance = 0.5799	sd = 0.7615	max = 106	min = 101
[20191110_105047 / lib_ip.py:4052] len(Hs) = 8100, len(Ss) = 8100, len(Vs) = 8100
[20191110_105047 / lib_ip.py:4124] green : average --> out of range (average = 102.680 / upper = 85.000 / lower = 58.000)
[20191110_105047 / lib_ip.py:3753] file = img.20191110_105042.2019-11-09_14-57-49_000.jpg.4.png / val_Average = 102.6799	val_Variance = 0.5799	sd = 0.7615	max = 106	min = 101
[20191110_105047 / lib_ip.py:4169] len(Hs) = 8100, len(Ss) = 8100, len(Vs) = 8100
[20191110_105047 / lib_ip.py:4230] blue : average --> out of range (average = 102.680 / upper = 17.000 / lower = 8.850)
[20191110_105047 / lib_ip.py:3753] file = img.20191110_105042.2019-11-09_14-57-49_000.jpg.4.png / val_Average = 102.6799	val_Variance = 0.5799	sd = 0.7615	max = 106	min = 101
[20191110_105047 / lib_ip.py:4275] len(Hs) = 8100, len(Ss) = 8100, len(Vs) = 8100
[20191110_105047 / lib_ip.py:4336] pink : average --> out of range (average = 102.680 / upper = 141.000 / lower = 127.900)
[20191110_105047 / lib_ip.py:3753] file = img.20191110_105042.2019-11-09_14-57-49_000.jpg.4.png / val_Average = 102.6799	val_Variance = 0.5799	sd = 0.7615	max = 106	min = 101
[20191110_105047 / lib_ip.py:4378] len(Hs) = 8100, len(Ss) = 8100, len(Vs) = 8100
[20191110_105048 / lib_ip.py:4422] black : variance --> out of range (variance = 0.580 / upper = 0.000 / lower = 0.000)
[20191110_105048 / lib_ip.py:4593] file : img.20191110_105042.2019-11-09_14-57-49_000.jpg.4.png 3 (black : variance --> out of range (variance = 0.580 / upper = 0.000 / lower = 0.000))
[20191110_105046 / lib_ip.py:2274] inspecting ===> img.20191110_105042.2019-11-09_14-57-49_000.jpg.4.png
img.20191110_105042.2019-11-09_14-57-49_000.jpg.1.png => other
img.20191110_105042.2019-11-09_14-57-49_000.jpg.2.png => other
img.20191110_105042.2019-11-09_14-57-49_000.jpg.3.png => other
img.20191110_105042.2019-11-09_14-57-49_000.jpg.4.png => other
[20191110_105048 lib_ip.py:3301] =============== Get 4 corners
dpath_Images = C:\WORKS_2\WS\WS_Others.Art\JVEMV6\46_art\VIRTUAL\Admin_Projects\ip\images
fname_Image = img.20191110_105042.2019-11-09_14-57-49_000.jpg.4.png

[20191110_105048 / lib_ip.py:2274] inspecting ===> img.20191110_105048.2019-11-09_14-58-50_000.jpg.1.png
[20191110_105049 / lib_ip.py:4505] 
img.20191110_105048.2019-11-09_14-58-50_000.jpg.1.png 0 ---------------------
[20191110_105049 / lib_ip.py:3753] file = img.20191110_105048.2019-11-09_14-58-50_000.jpg.1.png / val_Average = 107.0532	val_Variance = 2.6696	sd = 1.6339	max = 117	min = 103
[20191110_105049 / lib_ip.py:3836] len(Hs) = 8100, len(Ss) = 8100, len(Vs) = 8100
[20191110_105049 / lib_ip.py:3869] yellow : variance --> out of range (variance = 2.670 / upper = 0.650 / lower = 0.000)
[20191110_105049 / lib_ip.py:3753] file = img.20191110_105048.2019-11-09_14-58-50_000.jpg.1.png / val_Average = 107.0532	val_Variance = 2.6696	sd = 1.6339	max = 117	min = 103
[20191110_105049 / lib_ip.py:3936] len(Hs) = 8100, len(Ss) = 8100, len(Vs) = 8100
[20191110_105049 / lib_ip.py:3982] red : variance --> out of range (variance = 2.670 / upper = 0.430 / lower = 0.000)
[20191110_105049 / lib_ip.py:3753] file = img.20191110_105048.2019-11-09_14-58-50_000.jpg.1.png / val_Average = 107.0532	val_Variance = 2.6696	sd = 1.6339	max = 117	min = 103
[20191110_105049 / lib_ip.py:4052] len(Hs) = 8100, len(Ss) = 8100, len(Vs) = 8100
[20191110_105049 / lib_ip.py:4099] green : variance --> out of range (variance = 2.670 / upper = 0.760 / lower = 0.000)
[20191110_105049 / lib_ip.py:3753] file = img.20191110_105048.2019-11-09_14-58-50_000.jpg.1.png / val_Average = 107.0532	val_Variance = 2.6696	sd = 1.6339	max = 117	min = 103
[20191110_105049 / lib_ip.py:4169] len(Hs) = 8100, len(Ss) = 8100, len(Vs) = 8100
[20191110_105049 / lib_ip.py:4208] blue : variance --> out of range (variance = 2.670 / upper = 0.930 / lower = 0.010)
[20191110_105049 / lib_ip.py:3753] file = img.20191110_105048.2019-11-09_14-58-50_000.jpg.1.png / val_Average = 107.0532	val_Variance = 2.6696	sd = 1.6339	max = 117	min = 103
[20191110_105049 / lib_ip.py:4275] len(Hs) = 8100, len(Ss) = 8100, len(Vs) = 8100
[20191110_105049 / lib_ip.py:4314] pink : variance --> out of range (variance = 2.670 / upper = 0.750 / lower = 0.030)
[20191110_105049 / lib_ip.py:3753] file = img.20191110_105048.2019-11-09_14-58-50_000.jpg.1.png / val_Average = 107.0532	val_Variance = 2.6696	sd = 1.6339	max = 117	min = 103
[20191110_105049 / lib_ip.py:4378] len(Hs) = 8100, len(Ss) = 8100, len(Vs) = 8100
[20191110_105050 / lib_ip.py:4422] black : variance --> out of range (variance = 2.670 / upper = 0.000 / lower = 0.000)
[20191110_105050 / lib_ip.py:4593] file : img.20191110_105048.2019-11-09_14-58-50_000.jpg.1.png 0 (black : variance --> out of range (variance = 2.670 / upper = 0.000 / lower = 0.000))
[20191110_105050 / lib_ip.py:2274] inspecting ===> img.20191110_105048.2019-11-09_14-58-50_000.jpg.2.png
[20191110_105050 / lib_ip.py:4505] 
img.20191110_105048.2019-11-09_14-58-50_000.jpg.2.png 1 ---------------------
[20191110_105050 / lib_ip.py:3753] file = img.20191110_105048.2019-11-09_14-58-50_000.jpg.2.png / val_Average = 53.0930	val_Variance = 863.7957	sd = 29.3904	max = 168	min = 0
[20191110_105050 / lib_ip.py:3836] len(Hs) = 8100, len(Ss) = 8100, len(Vs) = 8100
[20191110_105050 / lib_ip.py:3869] yellow : variance --> out of range (variance = 863.796 / upper = 0.650 / lower = 0.000)
[20191110_105050 / lib_ip.py:3753] file = img.20191110_105048.2019-11-09_14-58-50_000.jpg.2.png / val_Average = 53.0930	val_Variance = 863.7957	sd = 29.3904	max = 168	min = 0
[20191110_105050 / lib_ip.py:3936] len(Hs) = 8100, len(Ss) = 8100, len(Vs) = 8100
[20191110_105050 / lib_ip.py:3982] red : variance --> out of range (variance = 863.796 / upper = 0.430 / lower = 0.000)
[20191110_105050 / lib_ip.py:3753] file = img.20191110_105048.2019-11-09_14-58-50_000.jpg.2.png / val_Average = 53.0930	val_Variance = 863.7957	sd = 29.3904	max = 168	min = 0
[20191110_105050 / lib_ip.py:4052] len(Hs) = 8100, len(Ss) = 8100, len(Vs) = 8100
[20191110_105050 / lib_ip.py:4099] green : variance --> out of range (variance = 863.796 / upper = 0.760 / lower = 0.000)
[20191110_105050 / lib_ip.py:3753] file = img.20191110_105048.2019-11-09_14-58-50_000.jpg.2.png / val_Average = 53.0930	val_Variance = 863.7957	sd = 29.3904	max = 168	min = 0
[20191110_105050 / lib_ip.py:4169] len(Hs) = 8100, len(Ss) = 8100, len(Vs) = 8100
[20191110_105050 / lib_ip.py:4208] blue : variance --> out of range (variance = 863.796 / upper = 0.930 / lower = 0.010)
[20191110_105051 / lib_ip.py:3753] file = img.20191110_105048.2019-11-09_14-58-50_000.jpg.2.png / val_Average = 53.0930	val_Variance = 863.7957	sd = 29.3904	max = 168	min = 0
[20191110_105051 / lib_ip.py:4275] len(Hs) = 8100, len(Ss) = 8100, len(Vs) = 8100
[20191110_105051 / lib_ip.py:4314] pink : variance --> out of range (variance = 863.796 / upper = 0.750 / lower = 0.030)
[20191110_105051 / lib_ip.py:3753] file = img.20191110_105048.2019-11-09_14-58-50_000.jpg.2.png / val_Average = 53.0930	val_Variance = 863.7957	sd = 29.3904	max = 168	min = 0
[20191110_105051 / lib_ip.py:4378] len(Hs) = 8100, len(Ss) = 8100, len(Vs) = 8100
[20191110_105051 / lib_ip.py:4422] black : variance --> out of range (variance = 863.796 / upper = 0.000 / lower = 0.000)
[20191110_105051 / lib_ip.py:4593] file : img.20191110_105048.2019-11-09_14-58-50_000.jpg.2.png 1 (black : variance --> out of range (variance = 863.796 / upper = 0.000 / lower = 0.000))
[20191110_105051 / lib_ip.py:2274] inspecting ===> img.20191110_105048.2019-11-09_14-58-50_000.jpg.3.png
[20191110_105051 / lib_ip.py:4505] 
img.20191110_105048.2019-11-09_14-58-50_000.jpg.3.png 2 ---------------------
[20191110_105051 / lib_ip.py:3753] file = img.20191110_105048.2019-11-09_14-58-50_000.jpg.3.png / val_Average = 73.7351	val_Variance = 0.1967	sd = 0.4435	max = 74	min = 72
[20191110_105051 / lib_ip.py:3836] len(Hs) = 8100, len(Ss) = 8100, len(Vs) = 8100
[20191110_105051 / lib_ip.py:3891] yellow : average --> out of range (average = 73.735 / upper = 99.200 / lower = 85.500)
[20191110_105051 / lib_ip.py:3753] file = img.20191110_105048.2019-11-09_14-58-50_000.jpg.3.png / val_Average = 73.7351	val_Variance = 0.1967	sd = 0.4435	max = 74	min = 72
[20191110_105051 / lib_ip.py:3936] len(Hs) = 8100, len(Ss) = 8100, len(Vs) = 8100
[20191110_105051 / lib_ip.py:4007] red : average --> out of range (average = 73.735 / upper = 124.600 / lower = 115.000)
[20191110_105052 / lib_ip.py:3753] file = img.20191110_105048.2019-11-09_14-58-50_000.jpg.3.png / val_Average = 73.7351	val_Variance = 0.1967	sd = 0.4435	max = 74	min = 72
[20191110_105052 / lib_ip.py:4052] len(Hs) = 8100, len(Ss) = 8100, len(Vs) = 8100
[20191110_105052 / lib_ip.py:2274] inspecting ===> img.20191110_105048.2019-11-09_14-58-50_000.jpg.4.png
[20191110_105052 / lib_ip.py:4505] 
img.20191110_105048.2019-11-09_14-58-50_000.jpg.4.png 3 ---------------------
[20191110_105052 / lib_ip.py:3753] file = img.20191110_105048.2019-11-09_14-58-50_000.jpg.4.png / val_Average = 74.5298	val_Variance = 0.2696	sd = 0.5192	max = 75	min = 73
[20191110_105052 / lib_ip.py:3836] len(Hs) = 8100, len(Ss) = 8100, len(Vs) = 8100
[20191110_105052 / lib_ip.py:3891] yellow : average --> out of range (average = 74.530 / upper = 99.200 / lower = 85.500)
[20191110_105052 / lib_ip.py:3753] file = img.20191110_105048.2019-11-09_14-58-50_000.jpg.4.png / val_Average = 74.5298	val_Variance = 0.2696	sd = 0.5192	max = 75	min = 73
[20191110_105052 / lib_ip.py:3936] len(Hs) = 8100, len(Ss) = 8100, len(Vs) = 8100
[20191110_105052 / lib_ip.py:4007] red : average --> out of range (average = 74.530 / upper = 124.600 / lower = 115.000)
[20191110_105052 / lib_ip.py:3753] file = img.20191110_105048.2019-11-09_14-58-50_000.jpg.4.png / val_Average = 74.5298	val_Variance = 0.2696	sd = 0.5192	max = 75	min = 73
[20191110_105052 / lib_ip.py:4052] len(Hs) = 8100, len(Ss) = 8100, len(Vs) = 8100
[20191110_105052 / lib_ip.py:2274] inspecting ===> img.20191110_105048.2019-11-09_14-58-50_000.jpg.4.png
img.20191110_105048.2019-11-09_14-58-50_000.jpg.1.png => other
img.20191110_105048.2019-11-09_14-58-50_000.jpg.2.png => other
img.20191110_105048.2019-11-09_14-58-50_000.jpg.3.png => other
img.20191110_105048.2019-11-09_14-58-50_000.jpg.4.png => other
[20191110_105052 lib_ip.py:3301] =============== Get 4 corners
dpath_Images = C:\WORKS_2\WS\WS_Others.Art\JVEMV6\46_art\VIRTUAL\Admin_Projects\ip\images
fname_Image = img.20191110_105048.2019-11-09_14-58-50_000.jpg.4.png

[20191110_105053 / lib_ip.py:2274] inspecting ===> img.20191110_105053.2019-11-09_17-52-12_000.jpg.1.png
[20191110_105053 / lib_ip.py:4505] 
img.20191110_105053.2019-11-09_17-52-12_000.jpg.1.png 0 ---------------------
[20191110_105053 / lib_ip.py:3753] file = img.20191110_105053.2019-11-09_17-52-12_000.jpg.1.png / val_Average = 74.7172	val_Variance = 2650.9093	sd = 51.4870	max = 168	min = 0
[20191110_105053 / lib_ip.py:3836] len(Hs) = 8100, len(Ss) = 8100, len(Vs) = 8100
[20191110_105053 / lib_ip.py:3869] yellow : variance --> out of range (variance = 2650.909 / upper = 0.650 / lower = 0.000)
[20191110_105053 / lib_ip.py:3753] file = img.20191110_105053.2019-11-09_17-52-12_000.jpg.1.png / val_Average = 74.7172	val_Variance = 2650.9093	sd = 51.4870	max = 168	min = 0
[20191110_105053 / lib_ip.py:3936] len(Hs) = 8100, len(Ss) = 8100, len(Vs) = 8100
[20191110_105053 / lib_ip.py:3982] red : variance --> out of range (variance = 2650.909 / upper = 0.430 / lower = 0.000)
[20191110_105053 / lib_ip.py:3753] file = img.20191110_105053.2019-11-09_17-52-12_000.jpg.1.png / val_Average = 74.7172	val_Variance = 2650.9093	sd = 51.4870	max = 168	min = 0
[20191110_105054 / lib_ip.py:4052] len(Hs) = 8100, len(Ss) = 8100, len(Vs) = 8100
[20191110_105054 / lib_ip.py:4099] green : variance --> out of range (variance = 2650.909 / upper = 0.760 / lower = 0.000)
[20191110_105054 / lib_ip.py:3753] file = img.20191110_105053.2019-11-09_17-52-12_000.jpg.1.png / val_Average = 74.7172	val_Variance = 2650.9093	sd = 51.4870	max = 168	min = 0
[20191110_105054 / lib_ip.py:4169] len(Hs) = 8100, len(Ss) = 8100, len(Vs) = 8100
[20191110_105054 / lib_ip.py:4208] blue : variance --> out of range (variance = 2650.909 / upper = 0.930 / lower = 0.010)
[20191110_105054 / lib_ip.py:3753] file = img.20191110_105053.2019-11-09_17-52-12_000.jpg.1.png / val_Average = 74.7172	val_Variance = 2650.9093	sd = 51.4870	max = 168	min = 0
[20191110_105054 / lib_ip.py:4275] len(Hs) = 8100, len(Ss) = 8100, len(Vs) = 8100
[20191110_105054 / lib_ip.py:4314] pink : variance --> out of range (variance = 2650.909 / upper = 0.750 / lower = 0.030)
[20191110_105054 / lib_ip.py:3753] file = img.20191110_105053.2019-11-09_17-52-12_000.jpg.1.png / val_Average = 74.7172	val_Variance = 2650.9093	sd = 51.4870	max = 168	min = 0
[20191110_105054 / lib_ip.py:4378] len(Hs) = 8100, len(Ss) = 8100, len(Vs) = 8100
[20191110_105054 / lib_ip.py:4422] black : variance --> out of range (variance = 2650.909 / upper = 0.000 / lower = 0.000)
[20191110_105054 / lib_ip.py:4593] file : img.20191110_105053.2019-11-09_17-52-12_000.jpg.1.png 0 (black : variance --> out of range (variance = 2650.909 / upper = 0.000 / lower = 0.000))
[20191110_105054 / lib_ip.py:2274] inspecting ===> img.20191110_105053.2019-11-09_17-52-12_000.jpg.2.png
[20191110_105054 / lib_ip.py:4505] 
img.20191110_105053.2019-11-09_17-52-12_000.jpg.2.png 1 ---------------------
[20191110_105054 / lib_ip.py:3753] file = img.20191110_105053.2019-11-09_17-52-12_000.jpg.2.png / val_Average = 108.9332	val_Variance = 2.9502	sd = 1.7176	max = 115	min = 103
[20191110_105054 / lib_ip.py:3836] len(Hs) = 8100, len(Ss) = 8100, len(Vs) = 8100
[20191110_105054 / lib_ip.py:3869] yellow : variance --> out of range (variance = 2.950 / upper = 0.650 / lower = 0.000)
[20191110_105055 / lib_ip.py:3753] file = img.20191110_105053.2019-11-09_17-52-12_000.jpg.2.png / val_Average = 108.9332	val_Variance = 2.9502	sd = 1.7176	max = 115	min = 103
[20191110_105055 / lib_ip.py:3936] len(Hs) = 8100, len(Ss) = 8100, len(Vs) = 8100
[20191110_105055 / lib_ip.py:3982] red : variance --> out of range (variance = 2.950 / upper = 0.430 / lower = 0.000)
[20191110_105055 / lib_ip.py:3753] file = img.20191110_105053.2019-11-09_17-52-12_000.jpg.2.png / val_Average = 108.9332	val_Variance = 2.9502	sd = 1.7176	max = 115	min = 103
[20191110_105055 / lib_ip.py:4052] len(Hs) = 8100, len(Ss) = 8100, len(Vs) = 8100
[20191110_105055 / lib_ip.py:4099] green : variance --> out of range (variance = 2.950 / upper = 0.760 / lower = 0.000)
[20191110_105055 / lib_ip.py:3753] file = img.20191110_105053.2019-11-09_17-52-12_000.jpg.2.png / val_Average = 108.9332	val_Variance = 2.9502	sd = 1.7176	max = 115	min = 103
[20191110_105055 / lib_ip.py:4169] len(Hs) = 8100, len(Ss) = 8100, len(Vs) = 8100
[20191110_105055 / lib_ip.py:4208] blue : variance --> out of range (variance = 2.950 / upper = 0.930 / lower = 0.010)
[20191110_105055 / lib_ip.py:3753] file = img.20191110_105053.2019-11-09_17-52-12_000.jpg.2.png / val_Average = 108.9332	val_Variance = 2.9502	sd = 1.7176	max = 115	min = 103
[20191110_105055 / lib_ip.py:4275] len(Hs) = 8100, len(Ss) = 8100, len(Vs) = 8100
[20191110_105055 / lib_ip.py:4314] pink : variance --> out of range (variance = 2.950 / upper = 0.750 / lower = 0.030)
[20191110_105055 / lib_ip.py:3753] file = img.20191110_105053.2019-11-09_17-52-12_000.jpg.2.png / val_Average = 108.9332	val_Variance = 2.9502	sd = 1.7176	max = 115	min = 103
[20191110_105055 / lib_ip.py:4378] len(Hs) = 8100, len(Ss) = 8100, len(Vs) = 8100
[20191110_105055 / lib_ip.py:4422] black : variance --> out of range (variance = 2.950 / upper = 0.000 / lower = 0.000)
[20191110_105055 / lib_ip.py:4593] file : img.20191110_105053.2019-11-09_17-52-12_000.jpg.2.png 1 (black : variance --> out of range (variance = 2.950 / upper = 0.000 / lower = 0.000))
[20191110_105055 / lib_ip.py:2274] inspecting ===> img.20191110_105053.2019-11-09_17-52-12_000.jpg.3.png
[20191110_105056 / lib_ip.py:4505] 
img.20191110_105053.2019-11-09_17-52-12_000.jpg.3.png 2 ---------------------
[20191110_105056 / lib_ip.py:3753] file = img.20191110_105053.2019-11-09_17-52-12_000.jpg.3.png / val_Average = 102.7979	val_Variance = 121.8121	sd = 11.0369	max = 168	min = 0
[20191110_105056 / lib_ip.py:3836] len(Hs) = 8100, len(Ss) = 8100, len(Vs) = 8100
[20191110_105056 / lib_ip.py:3869] yellow : variance --> out of range (variance = 121.812 / upper = 0.650 / lower = 0.000)
[20191110_105056 / lib_ip.py:3753] file = img.20191110_105053.2019-11-09_17-52-12_000.jpg.3.png / val_Average = 102.7979	val_Variance = 121.8121	sd = 11.0369	max = 168	min = 0
[20191110_105056 / lib_ip.py:3936] len(Hs) = 8100, len(Ss) = 8100, len(Vs) = 8100
[20191110_105056 / lib_ip.py:3982] red : variance --> out of range (variance = 121.812 / upper = 0.430 / lower = 0.000)
[20191110_105056 / lib_ip.py:3753] file = img.20191110_105053.2019-11-09_17-52-12_000.jpg.3.png / val_Average = 102.7979	val_Variance = 121.8121	sd = 11.0369	max = 168	min = 0
[20191110_105056 / lib_ip.py:4052] len(Hs) = 8100, len(Ss) = 8100, len(Vs) = 8100
[20191110_105056 / lib_ip.py:4099] green : variance --> out of range (variance = 121.812 / upper = 0.760 / lower = 0.000)
[20191110_105056 / lib_ip.py:3753] file = img.20191110_105053.2019-11-09_17-52-12_000.jpg.3.png / val_Average = 102.7979	val_Variance = 121.8121	sd = 11.0369	max = 168	min = 0
[20191110_105056 / lib_ip.py:4169] len(Hs) = 8100, len(Ss) = 8100, len(Vs) = 8100
[20191110_105056 / lib_ip.py:4208] blue : variance --> out of range (variance = 121.812 / upper = 0.930 / lower = 0.010)
[20191110_105056 / lib_ip.py:3753] file = img.20191110_105053.2019-11-09_17-52-12_000.jpg.3.png / val_Average = 102.7979	val_Variance = 121.8121	sd = 11.0369	max = 168	min = 0
[20191110_105056 / lib_ip.py:4275] len(Hs) = 8100, len(Ss) = 8100, len(Vs) = 8100
[20191110_105056 / lib_ip.py:4314] pink : variance --> out of range (variance = 121.812 / upper = 0.750 / lower = 0.030)
[20191110_105056 / lib_ip.py:3753] file = img.20191110_105053.2019-11-09_17-52-12_000.jpg.3.png / val_Average = 102.7979	val_Variance = 121.8121	sd = 11.0369	max = 168	min = 0
[20191110_105056 / lib_ip.py:4378] len(Hs) = 8100, len(Ss) = 8100, len(Vs) = 8100
[20191110_105056 / lib_ip.py:4422] black : variance --> out of range (variance = 121.812 / upper = 0.000 / lower = 0.000)
[20191110_105056 / lib_ip.py:4593] file : img.20191110_105053.2019-11-09_17-52-12_000.jpg.3.png 2 (black : variance --> out of range (variance = 121.812 / upper = 0.000 / lower = 0.000))
[20191110_105056 / lib_ip.py:2274] inspecting ===> img.20191110_105053.2019-11-09_17-52-12_000.jpg.4.png
[20191110_105057 / lib_ip.py:4505] 
img.20191110_105053.2019-11-09_17-52-12_000.jpg.4.png 3 ---------------------
[20191110_105057 / lib_ip.py:3753] file = img.20191110_105053.2019-11-09_17-52-12_000.jpg.4.png / val_Average = 119.9914	val_Variance = 0.0454	sd = 0.2130	max = 121	min = 119
[20191110_105057 / lib_ip.py:3836] len(Hs) = 8100, len(Ss) = 8100, len(Vs) = 8100
[20191110_105057 / lib_ip.py:3891] yellow : average --> out of range (average = 119.991 / upper = 99.200 / lower = 85.500)
[20191110_105057 / lib_ip.py:3753] file = img.20191110_105053.2019-11-09_17-52-12_000.jpg.4.png / val_Average = 119.9914	val_Variance = 0.0454	sd = 0.2130	max = 121	min = 119
[20191110_105057 / lib_ip.py:3936] len(Hs) = 8100, len(Ss) = 8100, len(Vs) = 8100
[20191110_105056 / lib_ip.py:2274] inspecting ===> img.20191110_105053.2019-11-09_17-52-12_000.jpg.4.png
img.20191110_105053.2019-11-09_17-52-12_000.jpg.1.png => other
img.20191110_105053.2019-11-09_17-52-12_000.jpg.2.png => other
img.20191110_105053.2019-11-09_17-52-12_000.jpg.3.png => other
img.20191110_105053.2019-11-09_17-52-12_000.jpg.4.png => other
[20191110_105057 lib_ip.py:3301] =============== Get 4 corners
dpath_Images = C:\WORKS_2\WS\WS_Others.Art\JVEMV6\46_art\VIRTUAL\Admin_Projects\ip\images
fname_Image = img.20191110_105053.2019-11-09_17-52-12_000.jpg.4.png

[20191110_105058 / lib_ip.py:2274] inspecting ===> img.20191110_105058.2019-11-09_20-27-56_000.jpg.1.png
[20191110_105058 / lib_ip.py:4505] 
img.20191110_105058.2019-11-09_20-27-56_000.jpg.1.png 0 ---------------------
[20191110_105058 / lib_ip.py:3753] file = img.20191110_105058.2019-11-09_20-27-56_000.jpg.1.png / val_Average = 56.0267	val_Variance = 1603.8608	sd = 40.0482	max = 135	min = 0
[20191110_105058 / lib_ip.py:3836] len(Hs) = 8100, len(Ss) = 8100, len(Vs) = 8100
[20191110_105058 / lib_ip.py:3869] yellow : variance --> out of range (variance = 1603.861 / upper = 0.650 / lower = 0.000)
[20191110_105058 / lib_ip.py:3753] file = img.20191110_105058.2019-11-09_20-27-56_000.jpg.1.png / val_Average = 56.0267	val_Variance = 1603.8608	sd = 40.0482	max = 135	min = 0
[20191110_105058 / lib_ip.py:3936] len(Hs) = 8100, len(Ss) = 8100, len(Vs) = 8100
[20191110_105058 / lib_ip.py:3982] red : variance --> out of range (variance = 1603.861 / upper = 0.430 / lower = 0.000)
[20191110_105058 / lib_ip.py:3753] file = img.20191110_105058.2019-11-09_20-27-56_000.jpg.1.png / val_Average = 56.0267	val_Variance = 1603.8608	sd = 40.0482	max = 135	min = 0
[20191110_105058 / lib_ip.py:4052] len(Hs) = 8100, len(Ss) = 8100, len(Vs) = 8100
[20191110_105058 / lib_ip.py:4099] green : variance --> out of range (variance = 1603.861 / upper = 0.760 / lower = 0.000)
[20191110_105059 / lib_ip.py:3753] file = img.20191110_105058.2019-11-09_20-27-56_000.jpg.1.png / val_Average = 56.0267	val_Variance = 1603.8608	sd = 40.0482	max = 135	min = 0
[20191110_105059 / lib_ip.py:4169] len(Hs) = 8100, len(Ss) = 8100, len(Vs) = 8100
[20191110_105059 / lib_ip.py:4208] blue : variance --> out of range (variance = 1603.861 / upper = 0.930 / lower = 0.010)
[20191110_105059 / lib_ip.py:3753] file = img.20191110_105058.2019-11-09_20-27-56_000.jpg.1.png / val_Average = 56.0267	val_Variance = 1603.8608	sd = 40.0482	max = 135	min = 0
[20191110_105059 / lib_ip.py:4275] len(Hs) = 8100, len(Ss) = 8100, len(Vs) = 8100
[20191110_105059 / lib_ip.py:4314] pink : variance --> out of range (variance = 1603.861 / upper = 0.750 / lower = 0.030)
[20191110_105059 / lib_ip.py:3753] file = img.20191110_105058.2019-11-09_20-27-56_000.jpg.1.png / val_Average = 56.0267	val_Variance = 1603.8608	sd = 40.0482	max = 135	min = 0
[20191110_105059 / lib_ip.py:4378] len(Hs) = 8100, len(Ss) = 8100, len(Vs) = 8100
[20191110_105059 / lib_ip.py:4422] black : variance --> out of range (variance = 1603.861 / upper = 0.000 / lower = 0.000)
[20191110_105059 / lib_ip.py:4593] file : img.20191110_105058.2019-11-09_20-27-56_000.jpg.1.png 0 (black : variance --> out of range (variance = 1603.861 / upper = 0.000 / lower = 0.000))
[20191110_105059 / lib_ip.py:2274] inspecting ===> img.20191110_105058.2019-11-09_20-27-56_000.jpg.2.png
[20191110_105059 / lib_ip.py:4505] 
img.20191110_105058.2019-11-09_20-27-56_000.jpg.2.png 1 ---------------------
[20191110_105059 / lib_ip.py:3753] file = img.20191110_105058.2019-11-09_20-27-56_000.jpg.2.png / val_Average = 92.0214	val_Variance = 0.0209	sd = 0.1446	max = 93	min = 92
[20191110_105059 / lib_ip.py:3836] len(Hs) = 8100, len(Ss) = 8100, len(Vs) = 8100
[20191110_105059 / lib_ip.py:2274] inspecting ===> img.20191110_105058.2019-11-09_20-27-56_000.jpg.3.png
[20191110_105100 / lib_ip.py:4505] 
img.20191110_105058.2019-11-09_20-27-56_000.jpg.3.png 2 ---------------------
[20191110_105100 / lib_ip.py:3753] file = img.20191110_105058.2019-11-09_20-27-56_000.jpg.3.png / val_Average = 47.1740	val_Variance = 1846.1059	sd = 42.9663	max = 135	min = 0
[20191110_105100 / lib_ip.py:3836] len(Hs) = 8100, len(Ss) = 8100, len(Vs) = 8100
[20191110_105100 / lib_ip.py:3869] yellow : variance --> out of range (variance = 1846.106 / upper = 0.650 / lower = 0.000)
[20191110_105100 / lib_ip.py:3753] file = img.20191110_105058.2019-11-09_20-27-56_000.jpg.3.png / val_Average = 47.1740	val_Variance = 1846.1059	sd = 42.9663	max = 135	min = 0
[20191110_105100 / lib_ip.py:3936] len(Hs) = 8100, len(Ss) = 8100, len(Vs) = 8100
[20191110_105100 / lib_ip.py:3982] red : variance --> out of range (variance = 1846.106 / upper = 0.430 / lower = 0.000)
[20191110_105100 / lib_ip.py:3753] file = img.20191110_105058.2019-11-09_20-27-56_000.jpg.3.png / val_Average = 47.1740	val_Variance = 1846.1059	sd = 42.9663	max = 135	min = 0
[20191110_105100 / lib_ip.py:4052] len(Hs) = 8100, len(Ss) = 8100, len(Vs) = 8100
[20191110_105100 / lib_ip.py:4099] green : variance --> out of range (variance = 1846.106 / upper = 0.760 / lower = 0.000)
[20191110_105100 / lib_ip.py:3753] file = img.20191110_105058.2019-11-09_20-27-56_000.jpg.3.png / val_Average = 47.1740	val_Variance = 1846.1059	sd = 42.9663	max = 135	min = 0
[20191110_105100 / lib_ip.py:4169] len(Hs) = 8100, len(Ss) = 8100, len(Vs) = 8100
[20191110_105100 / lib_ip.py:4208] blue : variance --> out of range (variance = 1846.106 / upper = 0.930 / lower = 0.010)
[20191110_105100 / lib_ip.py:3753] file = img.20191110_105058.2019-11-09_20-27-56_000.jpg.3.png / val_Average = 47.1740	val_Variance = 1846.1059	sd = 42.9663	max = 135	min = 0
[20191110_105100 / lib_ip.py:4275] len(Hs) = 8100, len(Ss) = 8100, len(Vs) = 8100
[20191110_105100 / lib_ip.py:4314] pink : variance --> out of range (variance = 1846.106 / upper = 0.750 / lower = 0.030)
[20191110_105100 / lib_ip.py:3753] file = img.20191110_105058.2019-11-09_20-27-56_000.jpg.3.png / val_Average = 47.1740	val_Variance = 1846.1059	sd = 42.9663	max = 135	min = 0
[20191110_105100 / lib_ip.py:4378] len(Hs) = 8100, len(Ss) = 8100, len(Vs) = 8100
[20191110_105101 / lib_ip.py:4422] black : variance --> out of range (variance = 1846.106 / upper = 0.000 / lower = 0.000)
[20191110_105101 / lib_ip.py:4593] file : img.20191110_105058.2019-11-09_20-27-56_000.jpg.3.png 2 (black : variance --> out of range (variance = 1846.106 / upper = 0.000 / lower = 0.000))
[20191110_105101 / lib_ip.py:2274] inspecting ===> img.20191110_105058.2019-11-09_20-27-56_000.jpg.4.png
[20191110_105101 / lib_ip.py:4505] 
img.20191110_105058.2019-11-09_20-27-56_000.jpg.4.png 3 ---------------------
[20191110_105101 / lib_ip.py:3753] file = img.20191110_105058.2019-11-09_20-27-56_000.jpg.4.png / val_Average = 56.3407	val_Variance = 1559.5503	sd = 39.4911	max = 135	min = 0
[20191110_105101 / lib_ip.py:3836] len(Hs) = 8100, len(Ss) = 8100, len(Vs) = 8100
[20191110_105101 / lib_ip.py:3869] yellow : variance --> out of range (variance = 1559.550 / upper = 0.650 / lower = 0.000)
[20191110_105101 / lib_ip.py:3753] file = img.20191110_105058.2019-11-09_20-27-56_000.jpg.4.png / val_Average = 56.3407	val_Variance = 1559.5503	sd = 39.4911	max = 135	min = 0
[20191110_105101 / lib_ip.py:3936] len(Hs) = 8100, len(Ss) = 8100, len(Vs) = 8100
[20191110_105101 / lib_ip.py:3982] red : variance --> out of range (variance = 1559.550 / upper = 0.430 / lower = 0.000)
[20191110_105101 / lib_ip.py:3753] file = img.20191110_105058.2019-11-09_20-27-56_000.jpg.4.png / val_Average = 56.3407	val_Variance = 1559.5503	sd = 39.4911	max = 135	min = 0
[20191110_105101 / lib_ip.py:4052] len(Hs) = 8100, len(Ss) = 8100, len(Vs) = 8100
[20191110_105101 / lib_ip.py:4099] green : variance --> out of range (variance = 1559.550 / upper = 0.760 / lower = 0.000)
[20191110_105101 / lib_ip.py:3753] file = img.20191110_105058.2019-11-09_20-27-56_000.jpg.4.png / val_Average = 56.3407	val_Variance = 1559.5503	sd = 39.4911	max = 135	min = 0
[20191110_105101 / lib_ip.py:4169] len(Hs) = 8100, len(Ss) = 8100, len(Vs) = 8100
[20191110_105102 / lib_ip.py:4208] blue : variance --> out of range (variance = 1559.550 / upper = 0.930 / lower = 0.010)
[20191110_105102 / lib_ip.py:3753] file = img.20191110_105058.2019-11-09_20-27-56_000.jpg.4.png / val_Average = 56.3407	val_Variance = 1559.5503	sd = 39.4911	max = 135	min = 0
[20191110_105102 / lib_ip.py:4275] len(Hs) = 8100, len(Ss) = 8100, len(Vs) = 8100
[20191110_105102 / lib_ip.py:4314] pink : variance --> out of range (variance = 1559.550 / upper = 0.750 / lower = 0.030)
[20191110_105102 / lib_ip.py:3753] file = img.20191110_105058.2019-11-09_20-27-56_000.jpg.4.png / val_Average = 56.3407	val_Variance = 1559.5503	sd = 39.4911	max = 135	min = 0
[20191110_105102 / lib_ip.py:4378] len(Hs) = 8100, len(Ss) = 8100, len(Vs) = 8100
[20191110_105102 / lib_ip.py:4422] black : variance --> out of range (variance = 1559.550 / upper = 0.000 / lower = 0.000)
[20191110_105102 / lib_ip.py:4593] file : img.20191110_105058.2019-11-09_20-27-56_000.jpg.4.png 3 (black : variance --> out of range (variance = 1559.550 / upper = 0.000 / lower = 0.000))
[20191110_105101 / lib_ip.py:2274] inspecting ===> img.20191110_105058.2019-11-09_20-27-56_000.jpg.4.png
img.20191110_105058.2019-11-09_20-27-56_000.jpg.1.png => other
img.20191110_105058.2019-11-09_20-27-56_000.jpg.2.png => yellow
img.20191110_105058.2019-11-09_20-27-56_000.jpg.3.png => other
img.20191110_105058.2019-11-09_20-27-56_000.jpg.4.png => other
[20191110_105102 lib_ip.py:3301] =============== Get 4 corners
dpath_Images = C:\WORKS_2\WS\WS_Others.Art\JVEMV6\46_art\VIRTUAL\Admin_Projects\ip\images
fname_Image = img.20191110_105058.2019-11-09_20-27-56_000.jpg.4.png

[20191110_105102 / lib_ip.py:2274] inspecting ===> img.20191110_105102.2019-11-09_22-23-45_000.png.1.png
[20191110_105102 / lib_ip.py:4505] 
img.20191110_105102.2019-11-09_22-23-45_000.png.1.png 0 ---------------------
[20191110_105103 / lib_ip.py:3753] file = img.20191110_105102.2019-11-09_22-23-45_000.png.1.png / val_Average = 80.1814	val_Variance = 1429.0702	sd = 37.8030	max = 150	min = 0
[20191110_105103 / lib_ip.py:3836] len(Hs) = 8100, len(Ss) = 8100, len(Vs) = 8100
[20191110_105103 / lib_ip.py:3869] yellow : variance --> out of range (variance = 1429.070 / upper = 0.650 / lower = 0.000)
[20191110_105103 / lib_ip.py:3753] file = img.20191110_105102.2019-11-09_22-23-45_000.png.1.png / val_Average = 80.1814	val_Variance = 1429.0702	sd = 37.8030	max = 150	min = 0
[20191110_105103 / lib_ip.py:3936] len(Hs) = 8100, len(Ss) = 8100, len(Vs) = 8100
[20191110_105103 / lib_ip.py:3982] red : variance --> out of range (variance = 1429.070 / upper = 0.430 / lower = 0.000)
[20191110_105103 / lib_ip.py:3753] file = img.20191110_105102.2019-11-09_22-23-45_000.png.1.png / val_Average = 80.1814	val_Variance = 1429.0702	sd = 37.8030	max = 150	min = 0
[20191110_105103 / lib_ip.py:4052] len(Hs) = 8100, len(Ss) = 8100, len(Vs) = 8100
[20191110_105103 / lib_ip.py:4099] green : variance --> out of range (variance = 1429.070 / upper = 0.760 / lower = 0.000)
[20191110_105103 / lib_ip.py:3753] file = img.20191110_105102.2019-11-09_22-23-45_000.png.1.png / val_Average = 80.1814	val_Variance = 1429.0702	sd = 37.8030	max = 150	min = 0
[20191110_105103 / lib_ip.py:4169] len(Hs) = 8100, len(Ss) = 8100, len(Vs) = 8100
[20191110_105103 / lib_ip.py:4208] blue : variance --> out of range (variance = 1429.070 / upper = 0.930 / lower = 0.010)
[20191110_105103 / lib_ip.py:3753] file = img.20191110_105102.2019-11-09_22-23-45_000.png.1.png / val_Average = 80.1814	val_Variance = 1429.0702	sd = 37.8030	max = 150	min = 0
[20191110_105103 / lib_ip.py:4275] len(Hs) = 8100, len(Ss) = 8100, len(Vs) = 8100
[20191110_105103 / lib_ip.py:4314] pink : variance --> out of range (variance = 1429.070 / upper = 0.750 / lower = 0.030)
[20191110_105103 / lib_ip.py:3753] file = img.20191110_105102.2019-11-09_22-23-45_000.png.1.png / val_Average = 80.1814	val_Variance = 1429.0702	sd = 37.8030	max = 150	min = 0
[20191110_105103 / lib_ip.py:4378] len(Hs) = 8100, len(Ss) = 8100, len(Vs) = 8100
[20191110_105103 / lib_ip.py:4422] black : variance --> out of range (variance = 1429.070 / upper = 0.000 / lower = 0.000)
[20191110_105103 / lib_ip.py:4593] file : img.20191110_105102.2019-11-09_22-23-45_000.png.1.png 0 (black : variance --> out of range (variance = 1429.070 / upper = 0.000 / lower = 0.000))
[20191110_105103 / lib_ip.py:2274] inspecting ===> img.20191110_105102.2019-11-09_22-23-45_000.png.2.png
[20191110_105104 / lib_ip.py:4505] 
img.20191110_105102.2019-11-09_22-23-45_000.png.2.png 1 ---------------------
[20191110_105104 / lib_ip.py:3753] file = img.20191110_105102.2019-11-09_22-23-45_000.png.2.png / val_Average = 40.7807	val_Variance = 5509.8095	sd = 74.2281	max = 179	min = 0
[20191110_105104 / lib_ip.py:3836] len(Hs) = 8100, len(Ss) = 8100, len(Vs) = 8100
[20191110_105104 / lib_ip.py:3869] yellow : variance --> out of range (variance = 5509.809 / upper = 0.650 / lower = 0.000)
[20191110_105104 / lib_ip.py:3753] file = img.20191110_105102.2019-11-09_22-23-45_000.png.2.png / val_Average = 40.7807	val_Variance = 5509.8095	sd = 74.2281	max = 179	min = 0
[20191110_105104 / lib_ip.py:3936] len(Hs) = 8100, len(Ss) = 8100, len(Vs) = 8100
[20191110_105104 / lib_ip.py:3982] red : variance --> out of range (variance = 5509.809 / upper = 0.430 / lower = 0.000)
[20191110_105104 / lib_ip.py:3753] file = img.20191110_105102.2019-11-09_22-23-45_000.png.2.png / val_Average = 40.7807	val_Variance = 5509.8095	sd = 74.2281	max = 179	min = 0
[20191110_105104 / lib_ip.py:4052] len(Hs) = 8100, len(Ss) = 8100, len(Vs) = 8100
[20191110_105104 / lib_ip.py:4099] green : variance --> out of range (variance = 5509.809 / upper = 0.760 / lower = 0.000)
[20191110_105104 / lib_ip.py:3753] file = img.20191110_105102.2019-11-09_22-23-45_000.png.2.png / val_Average = 40.7807	val_Variance = 5509.8095	sd = 74.2281	max = 179	min = 0
[20191110_105104 / lib_ip.py:4169] len(Hs) = 8100, len(Ss) = 8100, len(Vs) = 8100
[20191110_105104 / lib_ip.py:4208] blue : variance --> out of range (variance = 5509.809 / upper = 0.930 / lower = 0.010)
[20191110_105105 / lib_ip.py:3753] file = img.20191110_105102.2019-11-09_22-23-45_000.png.2.png / val_Average = 40.7807	val_Variance = 5509.8095	sd = 74.2281	max = 179	min = 0
[20191110_105105 / lib_ip.py:4275] len(Hs) = 8100, len(Ss) = 8100, len(Vs) = 8100
[20191110_105105 / lib_ip.py:4314] pink : variance --> out of range (variance = 5509.809 / upper = 0.750 / lower = 0.030)
[20191110_105105 / lib_ip.py:3753] file = img.20191110_105102.2019-11-09_22-23-45_000.png.2.png / val_Average = 40.7807	val_Variance = 5509.8095	sd = 74.2281	max = 179	min = 0
[20191110_105105 / lib_ip.py:4378] len(Hs) = 8100, len(Ss) = 8100, len(Vs) = 8100
[20191110_105105 / lib_ip.py:4422] black : variance --> out of range (variance = 5509.809 / upper = 0.000 / lower = 0.000)
[20191110_105105 / lib_ip.py:4593] file : img.20191110_105102.2019-11-09_22-23-45_000.png.2.png 1 (black : variance --> out of range (variance = 5509.809 / upper = 0.000 / lower = 0.000))
[20191110_105105 / lib_ip.py:2274] inspecting ===> img.20191110_105102.2019-11-09_22-23-45_000.png.3.png
[20191110_105105 / lib_ip.py:4505] 
img.20191110_105102.2019-11-09_22-23-45_000.png.3.png 2 ---------------------
[20191110_105105 / lib_ip.py:3753] file = img.20191110_105102.2019-11-09_22-23-45_000.png.3.png / val_Average = 102.1536	val_Variance = 603.4253	sd = 24.5647	max = 178	min = 0
[20191110_105105 / lib_ip.py:3836] len(Hs) = 8100, len(Ss) = 8100, len(Vs) = 8100
[20191110_105105 / lib_ip.py:3869] yellow : variance --> out of range (variance = 603.425 / upper = 0.650 / lower = 0.000)
[20191110_105105 / lib_ip.py:3753] file = img.20191110_105102.2019-11-09_22-23-45_000.png.3.png / val_Average = 102.1536	val_Variance = 603.4253	sd = 24.5647	max = 178	min = 0
[20191110_105105 / lib_ip.py:3936] len(Hs) = 8100, len(Ss) = 8100, len(Vs) = 8100
[20191110_105105 / lib_ip.py:3982] red : variance --> out of range (variance = 603.425 / upper = 0.430 / lower = 0.000)
[20191110_105105 / lib_ip.py:3753] file = img.20191110_105102.2019-11-09_22-23-45_000.png.3.png / val_Average = 102.1536	val_Variance = 603.4253	sd = 24.5647	max = 178	min = 0
[20191110_105105 / lib_ip.py:4052] len(Hs) = 8100, len(Ss) = 8100, len(Vs) = 8100
[20191110_105105 / lib_ip.py:4099] green : variance --> out of range (variance = 603.425 / upper = 0.760 / lower = 0.000)
[20191110_105105 / lib_ip.py:3753] file = img.20191110_105102.2019-11-09_22-23-45_000.png.3.png / val_Average = 102.1536	val_Variance = 603.4253	sd = 24.5647	max = 178	min = 0
[20191110_105106 / lib_ip.py:4169] len(Hs) = 8100, len(Ss) = 8100, len(Vs) = 8100
[20191110_105106 / lib_ip.py:4208] blue : variance --> out of range (variance = 603.425 / upper = 0.930 / lower = 0.010)
[20191110_105106 / lib_ip.py:3753] file = img.20191110_105102.2019-11-09_22-23-45_000.png.3.png / val_Average = 102.1536	val_Variance = 603.4253	sd = 24.5647	max = 178	min = 0
[20191110_105106 / lib_ip.py:4275] len(Hs) = 8100, len(Ss) = 8100, len(Vs) = 8100
[20191110_105106 / lib_ip.py:4314] pink : variance --> out of range (variance = 603.425 / upper = 0.750 / lower = 0.030)
[20191110_105106 / lib_ip.py:3753] file = img.20191110_105102.2019-11-09_22-23-45_000.png.3.png / val_Average = 102.1536	val_Variance = 603.4253	sd = 24.5647	max = 178	min = 0
[20191110_105106 / lib_ip.py:4378] len(Hs) = 8100, len(Ss) = 8100, len(Vs) = 8100
[20191110_105106 / lib_ip.py:4422] black : variance --> out of range (variance = 603.425 / upper = 0.000 / lower = 0.000)
[20191110_105106 / lib_ip.py:4593] file : img.20191110_105102.2019-11-09_22-23-45_000.png.3.png 2 (black : variance --> out of range (variance = 603.425 / upper = 0.000 / lower = 0.000))
[20191110_105106 / lib_ip.py:2274] inspecting ===> img.20191110_105102.2019-11-09_22-23-45_000.png.4.png
[20191110_105106 / lib_ip.py:4505] 
img.20191110_105102.2019-11-09_22-23-45_000.png.4.png 3 ---------------------
[20191110_105106 / lib_ip.py:3753] file = img.20191110_105102.2019-11-09_22-23-45_000.png.4.png / val_Average = 68.1360	val_Variance = 6522.3990	sd = 80.7614	max = 178	min = 0
[20191110_105106 / lib_ip.py:3836] len(Hs) = 8100, len(Ss) = 8100, len(Vs) = 8100
[20191110_105106 / lib_ip.py:3869] yellow : variance --> out of range (variance = 6522.399 / upper = 0.650 / lower = 0.000)
[20191110_105107 / lib_ip.py:3753] file = img.20191110_105102.2019-11-09_22-23-45_000.png.4.png / val_Average = 68.1360	val_Variance = 6522.3990	sd = 80.7614	max = 178	min = 0
[20191110_105107 / lib_ip.py:3936] len(Hs) = 8100, len(Ss) = 8100, len(Vs) = 8100
[20191110_105107 / lib_ip.py:3982] red : variance --> out of range (variance = 6522.399 / upper = 0.430 / lower = 0.000)
[20191110_105107 / lib_ip.py:3753] file = img.20191110_105102.2019-11-09_22-23-45_000.png.4.png / val_Average = 68.1360	val_Variance = 6522.3990	sd = 80.7614	max = 178	min = 0
[20191110_105107 / lib_ip.py:4052] len(Hs) = 8100, len(Ss) = 8100, len(Vs) = 8100
[20191110_105107 / lib_ip.py:4099] green : variance --> out of range (variance = 6522.399 / upper = 0.760 / lower = 0.000)
[20191110_105107 / lib_ip.py:3753] file = img.20191110_105102.2019-11-09_22-23-45_000.png.4.png / val_Average = 68.1360	val_Variance = 6522.3990	sd = 80.7614	max = 178	min = 0
[20191110_105107 / lib_ip.py:4169] len(Hs) = 8100, len(Ss) = 8100, len(Vs) = 8100
[20191110_105107 / lib_ip.py:4208] blue : variance --> out of range (variance = 6522.399 / upper = 0.930 / lower = 0.010)
[20191110_105107 / lib_ip.py:3753] file = img.20191110_105102.2019-11-09_22-23-45_000.png.4.png / val_Average = 68.1360	val_Variance = 6522.3990	sd = 80.7614	max = 178	min = 0
[20191110_105107 / lib_ip.py:4275] len(Hs) = 8100, len(Ss) = 8100, len(Vs) = 8100
[20191110_105107 / lib_ip.py:4314] pink : variance --> out of range (variance = 6522.399 / upper = 0.750 / lower = 0.030)
[20191110_105107 / lib_ip.py:3753] file = img.20191110_105102.2019-11-09_22-23-45_000.png.4.png / val_Average = 68.1360	val_Variance = 6522.3990	sd = 80.7614	max = 178	min = 0
[20191110_105107 / lib_ip.py:4378] len(Hs) = 8100, len(Ss) = 8100, len(Vs) = 8100
[20191110_105107 / lib_ip.py:4422] black : variance --> out of range (variance = 6522.399 / upper = 0.000 / lower = 0.000)
[20191110_105107 / lib_ip.py:4593] file : img.20191110_105102.2019-11-09_22-23-45_000.png.4.png 3 (black : variance --> out of range (variance = 6522.399 / upper = 0.000 / lower = 0.000))
[20191110_105106 / lib_ip.py:2274] inspecting ===> img.20191110_105102.2019-11-09_22-23-45_000.png.4.png
img.20191110_105102.2019-11-09_22-23-45_000.png.1.png => other
img.20191110_105102.2019-11-09_22-23-45_000.png.2.png => other
img.20191110_105102.2019-11-09_22-23-45_000.png.3.png => other
img.20191110_105102.2019-11-09_22-23-45_000.png.4.png => other
[20191110_105107 lib_ip.py:3301] =============== Get 4 corners
dpath_Images = C:\WORKS_2\WS\WS_Others.Art\JVEMV6\46_art\VIRTUAL\Admin_Projects\ip\images
fname_Image = img.20191110_105102.2019-11-09_22-23-45_000.png.4.png

[20191110_105108 / lib_ip.py:2274] inspecting ===> img.20191110_105108.2019-11-10_09-25-36_000.jpg.1.png
[20191110_105108 / lib_ip.py:4505] 
img.20191110_105108.2019-11-10_09-25-36_000.jpg.1.png 0 ---------------------
[20191110_105108 / lib_ip.py:3753] file = img.20191110_105108.2019-11-10_09-25-36_000.jpg.1.png / val_Average = 100.0705	val_Variance = 37.9803	sd = 6.1628	max = 114	min = 80
[20191110_105108 / lib_ip.py:3836] len(Hs) = 8100, len(Ss) = 8100, len(Vs) = 8100
[20191110_105108 / lib_ip.py:3869] yellow : variance --> out of range (variance = 37.980 / upper = 0.650 / lower = 0.000)
[20191110_105108 / lib_ip.py:3753] file = img.20191110_105108.2019-11-10_09-25-36_000.jpg.1.png / val_Average = 100.0705	val_Variance = 37.9803	sd = 6.1628	max = 114	min = 80
[20191110_105108 / lib_ip.py:3936] len(Hs) = 8100, len(Ss) = 8100, len(Vs) = 8100
[20191110_105108 / lib_ip.py:3982] red : variance --> out of range (variance = 37.980 / upper = 0.430 / lower = 0.000)
[20191110_105108 / lib_ip.py:3753] file = img.20191110_105108.2019-11-10_09-25-36_000.jpg.1.png / val_Average = 100.0705	val_Variance = 37.9803	sd = 6.1628	max = 114	min = 80
[20191110_105108 / lib_ip.py:4052] len(Hs) = 8100, len(Ss) = 8100, len(Vs) = 8100
[20191110_105109 / lib_ip.py:4099] green : variance --> out of range (variance = 37.980 / upper = 0.760 / lower = 0.000)
[20191110_105109 / lib_ip.py:3753] file = img.20191110_105108.2019-11-10_09-25-36_000.jpg.1.png / val_Average = 100.0705	val_Variance = 37.9803	sd = 6.1628	max = 114	min = 80
[20191110_105109 / lib_ip.py:4169] len(Hs) = 8100, len(Ss) = 8100, len(Vs) = 8100
[20191110_105109 / lib_ip.py:4208] blue : variance --> out of range (variance = 37.980 / upper = 0.930 / lower = 0.010)
[20191110_105109 / lib_ip.py:3753] file = img.20191110_105108.2019-11-10_09-25-36_000.jpg.1.png / val_Average = 100.0705	val_Variance = 37.9803	sd = 6.1628	max = 114	min = 80
[20191110_105109 / lib_ip.py:4275] len(Hs) = 8100, len(Ss) = 8100, len(Vs) = 8100
[20191110_105109 / lib_ip.py:4314] pink : variance --> out of range (variance = 37.980 / upper = 0.750 / lower = 0.030)
[20191110_105109 / lib_ip.py:3753] file = img.20191110_105108.2019-11-10_09-25-36_000.jpg.1.png / val_Average = 100.0705	val_Variance = 37.9803	sd = 6.1628	max = 114	min = 80
[20191110_105109 / lib_ip.py:4378] len(Hs) = 8100, len(Ss) = 8100, len(Vs) = 8100
[20191110_105109 / lib_ip.py:4422] black : variance --> out of range (variance = 37.980 / upper = 0.000 / lower = 0.000)
[20191110_105109 / lib_ip.py:4593] file : img.20191110_105108.2019-11-10_09-25-36_000.jpg.1.png 0 (black : variance --> out of range (variance = 37.980 / upper = 0.000 / lower = 0.000))
[20191110_105109 / lib_ip.py:2274] inspecting ===> img.20191110_105108.2019-11-10_09-25-36_000.jpg.2.png
[20191110_105109 / lib_ip.py:4505] 
img.20191110_105108.2019-11-10_09-25-36_000.jpg.2.png 1 ---------------------
[20191110_105109 / lib_ip.py:3753] file = img.20191110_105108.2019-11-10_09-25-36_000.jpg.2.png / val_Average = 90.4284	val_Variance = 6.9236	sd = 2.6313	max = 99	min = 83
[20191110_105109 / lib_ip.py:3836] len(Hs) = 8100, len(Ss) = 8100, len(Vs) = 8100
[20191110_105109 / lib_ip.py:3869] yellow : variance --> out of range (variance = 6.924 / upper = 0.650 / lower = 0.000)
[20191110_105109 / lib_ip.py:3753] file = img.20191110_105108.2019-11-10_09-25-36_000.jpg.2.png / val_Average = 90.4284	val_Variance = 6.9236	sd = 2.6313	max = 99	min = 83
[20191110_105110 / lib_ip.py:3936] len(Hs) = 8100, len(Ss) = 8100, len(Vs) = 8100
[20191110_105110 / lib_ip.py:3982] red : variance --> out of range (variance = 6.924 / upper = 0.430 / lower = 0.000)
[20191110_105110 / lib_ip.py:3753] file = img.20191110_105108.2019-11-10_09-25-36_000.jpg.2.png / val_Average = 90.4284	val_Variance = 6.9236	sd = 2.6313	max = 99	min = 83
[20191110_105110 / lib_ip.py:4052] len(Hs) = 8100, len(Ss) = 8100, len(Vs) = 8100
[20191110_105110 / lib_ip.py:4099] green : variance --> out of range (variance = 6.924 / upper = 0.760 / lower = 0.000)
[20191110_105110 / lib_ip.py:3753] file = img.20191110_105108.2019-11-10_09-25-36_000.jpg.2.png / val_Average = 90.4284	val_Variance = 6.9236	sd = 2.6313	max = 99	min = 83
[20191110_105110 / lib_ip.py:4169] len(Hs) = 8100, len(Ss) = 8100, len(Vs) = 8100
[20191110_105110 / lib_ip.py:4208] blue : variance --> out of range (variance = 6.924 / upper = 0.930 / lower = 0.010)
[20191110_105110 / lib_ip.py:3753] file = img.20191110_105108.2019-11-10_09-25-36_000.jpg.2.png / val_Average = 90.4284	val_Variance = 6.9236	sd = 2.6313	max = 99	min = 83
[20191110_105110 / lib_ip.py:4275] len(Hs) = 8100, len(Ss) = 8100, len(Vs) = 8100
[20191110_105110 / lib_ip.py:4314] pink : variance --> out of range (variance = 6.924 / upper = 0.750 / lower = 0.030)
[20191110_105110 / lib_ip.py:3753] file = img.20191110_105108.2019-11-10_09-25-36_000.jpg.2.png / val_Average = 90.4284	val_Variance = 6.9236	sd = 2.6313	max = 99	min = 83
[20191110_105110 / lib_ip.py:4378] len(Hs) = 8100, len(Ss) = 8100, len(Vs) = 8100
[20191110_105110 / lib_ip.py:4422] black : variance --> out of range (variance = 6.924 / upper = 0.000 / lower = 0.000)
[20191110_105110 / lib_ip.py:4593] file : img.20191110_105108.2019-11-10_09-25-36_000.jpg.2.png 1 (black : variance --> out of range (variance = 6.924 / upper = 0.000 / lower = 0.000))
[20191110_105110 / lib_ip.py:2274] inspecting ===> img.20191110_105108.2019-11-10_09-25-36_000.jpg.3.png
[20191110_105110 / lib_ip.py:4505] 
img.20191110_105108.2019-11-10_09-25-36_000.jpg.3.png 2 ---------------------
[20191110_105111 / lib_ip.py:3753] file = img.20191110_105108.2019-11-10_09-25-36_000.jpg.3.png / val_Average = 59.3758	val_Variance = 390.9724	sd = 19.7730	max = 135	min = 0
[20191110_105111 / lib_ip.py:3836] len(Hs) = 8100, len(Ss) = 8100, len(Vs) = 8100
[20191110_105111 / lib_ip.py:3869] yellow : variance --> out of range (variance = 390.972 / upper = 0.650 / lower = 0.000)
[20191110_105111 / lib_ip.py:3753] file = img.20191110_105108.2019-11-10_09-25-36_000.jpg.3.png / val_Average = 59.3758	val_Variance = 390.9724	sd = 19.7730	max = 135	min = 0
[20191110_105111 / lib_ip.py:3936] len(Hs) = 8100, len(Ss) = 8100, len(Vs) = 8100
[20191110_105111 / lib_ip.py:3982] red : variance --> out of range (variance = 390.972 / upper = 0.430 / lower = 0.000)
[20191110_105111 / lib_ip.py:3753] file = img.20191110_105108.2019-11-10_09-25-36_000.jpg.3.png / val_Average = 59.3758	val_Variance = 390.9724	sd = 19.7730	max = 135	min = 0
[20191110_105111 / lib_ip.py:4052] len(Hs) = 8100, len(Ss) = 8100, len(Vs) = 8100
[20191110_105111 / lib_ip.py:4099] green : variance --> out of range (variance = 390.972 / upper = 0.760 / lower = 0.000)
[20191110_105111 / lib_ip.py:3753] file = img.20191110_105108.2019-11-10_09-25-36_000.jpg.3.png / val_Average = 59.3758	val_Variance = 390.9724	sd = 19.7730	max = 135	min = 0
[20191110_105111 / lib_ip.py:4169] len(Hs) = 8100, len(Ss) = 8100, len(Vs) = 8100
[20191110_105111 / lib_ip.py:4208] blue : variance --> out of range (variance = 390.972 / upper = 0.930 / lower = 0.010)
[20191110_105111 / lib_ip.py:3753] file = img.20191110_105108.2019-11-10_09-25-36_000.jpg.3.png / val_Average = 59.3758	val_Variance = 390.9724	sd = 19.7730	max = 135	min = 0
[20191110_105111 / lib_ip.py:4275] len(Hs) = 8100, len(Ss) = 8100, len(Vs) = 8100
[20191110_105111 / lib_ip.py:4314] pink : variance --> out of range (variance = 390.972 / upper = 0.750 / lower = 0.030)
[20191110_105111 / lib_ip.py:3753] file = img.20191110_105108.2019-11-10_09-25-36_000.jpg.3.png / val_Average = 59.3758	val_Variance = 390.9724	sd = 19.7730	max = 135	min = 0
[20191110_105111 / lib_ip.py:4378] len(Hs) = 8100, len(Ss) = 8100, len(Vs) = 8100
[20191110_105111 / lib_ip.py:4422] black : variance --> out of range (variance = 390.972 / upper = 0.000 / lower = 0.000)
[20191110_105112 / lib_ip.py:4593] file : img.20191110_105108.2019-11-10_09-25-36_000.jpg.3.png 2 (black : variance --> out of range (variance = 390.972 / upper = 0.000 / lower = 0.000))
[20191110_105112 / lib_ip.py:2274] inspecting ===> img.20191110_105108.2019-11-10_09-25-36_000.jpg.4.png
[20191110_105112 / lib_ip.py:4505] 
img.20191110_105108.2019-11-10_09-25-36_000.jpg.4.png 3 ---------------------
[20191110_105112 / lib_ip.py:3753] file = img.20191110_105108.2019-11-10_09-25-36_000.jpg.4.png / val_Average = 104.8652	val_Variance = 2.5107	sd = 1.5845	max = 108	min = 98
[20191110_105112 / lib_ip.py:3836] len(Hs) = 8100, len(Ss) = 8100, len(Vs) = 8100
[20191110_105112 / lib_ip.py:3869] yellow : variance --> out of range (variance = 2.511 / upper = 0.650 / lower = 0.000)
[20191110_105112 / lib_ip.py:3753] file = img.20191110_105108.2019-11-10_09-25-36_000.jpg.4.png / val_Average = 104.8652	val_Variance = 2.5107	sd = 1.5845	max = 108	min = 98
[20191110_105112 / lib_ip.py:3936] len(Hs) = 8100, len(Ss) = 8100, len(Vs) = 8100
[20191110_105112 / lib_ip.py:3982] red : variance --> out of range (variance = 2.511 / upper = 0.430 / lower = 0.000)
[20191110_105112 / lib_ip.py:3753] file = img.20191110_105108.2019-11-10_09-25-36_000.jpg.4.png / val_Average = 104.8652	val_Variance = 2.5107	sd = 1.5845	max = 108	min = 98
[20191110_105112 / lib_ip.py:4052] len(Hs) = 8100, len(Ss) = 8100, len(Vs) = 8100
[20191110_105112 / lib_ip.py:4099] green : variance --> out of range (variance = 2.511 / upper = 0.760 / lower = 0.000)
[20191110_105112 / lib_ip.py:3753] file = img.20191110_105108.2019-11-10_09-25-36_000.jpg.4.png / val_Average = 104.8652	val_Variance = 2.5107	sd = 1.5845	max = 108	min = 98
[20191110_105112 / lib_ip.py:4169] len(Hs) = 8100, len(Ss) = 8100, len(Vs) = 8100
[20191110_105112 / lib_ip.py:4208] blue : variance --> out of range (variance = 2.511 / upper = 0.930 / lower = 0.010)
[20191110_105112 / lib_ip.py:3753] file = img.20191110_105108.2019-11-10_09-25-36_000.jpg.4.png / val_Average = 104.8652	val_Variance = 2.5107	sd = 1.5845	max = 108	min = 98
[20191110_105112 / lib_ip.py:4275] len(Hs) = 8100, len(Ss) = 8100, len(Vs) = 8100
[20191110_105112 / lib_ip.py:4314] pink : variance --> out of range (variance = 2.511 / upper = 0.750 / lower = 0.030)
[20191110_105113 / lib_ip.py:3753] file = img.20191110_105108.2019-11-10_09-25-36_000.jpg.4.png / val_Average = 104.8652	val_Variance = 2.5107	sd = 1.5845	max = 108	min = 98
[20191110_105113 / lib_ip.py:4378] len(Hs) = 8100, len(Ss) = 8100, len(Vs) = 8100
[20191110_105113 / lib_ip.py:4422] black : variance --> out of range (variance = 2.511 / upper = 0.000 / lower = 0.000)
[20191110_105113 / lib_ip.py:4593] file : img.20191110_105108.2019-11-10_09-25-36_000.jpg.4.png 3 (black : variance --> out of range (variance = 2.511 / upper = 0.000 / lower = 0.000))
[20191110_105112 / lib_ip.py:2274] inspecting ===> img.20191110_105108.2019-11-10_09-25-36_000.jpg.4.png
img.20191110_105108.2019-11-10_09-25-36_000.jpg.1.png => other
img.20191110_105108.2019-11-10_09-25-36_000.jpg.2.png => other
img.20191110_105108.2019-11-10_09-25-36_000.jpg.3.png => other
img.20191110_105108.2019-11-10_09-25-36_000.jpg.4.png => other
[20191110_105113 lib_ip.py:3301] =============== Get 4 corners
dpath_Images = C:\WORKS_2\WS\WS_Others.Art\JVEMV6\46_art\VIRTUAL\Admin_Projects\ip\images
fname_Image = img.20191110_105108.2019-11-10_09-25-36_000.jpg.4.png

[20191110_105113 / lib_ip.py:2274] inspecting ===> img.20191110_105113.2019-11-10_09-33-25_000.jpg.1.png
[20191110_105114 / lib_ip.py:4505] 
img.20191110_105113.2019-11-10_09-33-25_000.jpg.1.png 0 ---------------------
[20191110_105114 / lib_ip.py:3753] file = img.20191110_105113.2019-11-10_09-33-25_000.jpg.1.png / val_Average = 110.4773	val_Variance = 6.2206	sd = 2.4941	max = 118	min = 104
[20191110_105114 / lib_ip.py:3836] len(Hs) = 8100, len(Ss) = 8100, len(Vs) = 8100
[20191110_105114 / lib_ip.py:3869] yellow : variance --> out of range (variance = 6.221 / upper = 0.650 / lower = 0.000)
[20191110_105114 / lib_ip.py:3753] file = img.20191110_105113.2019-11-10_09-33-25_000.jpg.1.png / val_Average = 110.4773	val_Variance = 6.2206	sd = 2.4941	max = 118	min = 104
[20191110_105114 / lib_ip.py:3936] len(Hs) = 8100, len(Ss) = 8100, len(Vs) = 8100
[20191110_105114 / lib_ip.py:3982] red : variance --> out of range (variance = 6.221 / upper = 0.430 / lower = 0.000)
[20191110_105114 / lib_ip.py:3753] file = img.20191110_105113.2019-11-10_09-33-25_000.jpg.1.png / val_Average = 110.4773	val_Variance = 6.2206	sd = 2.4941	max = 118	min = 104
[20191110_105114 / lib_ip.py:4052] len(Hs) = 8100, len(Ss) = 8100, len(Vs) = 8100
[20191110_105114 / lib_ip.py:4099] green : variance --> out of range (variance = 6.221 / upper = 0.760 / lower = 0.000)
[20191110_105114 / lib_ip.py:3753] file = img.20191110_105113.2019-11-10_09-33-25_000.jpg.1.png / val_Average = 110.4773	val_Variance = 6.2206	sd = 2.4941	max = 118	min = 104
[20191110_105114 / lib_ip.py:4169] len(Hs) = 8100, len(Ss) = 8100, len(Vs) = 8100
[20191110_105114 / lib_ip.py:4208] blue : variance --> out of range (variance = 6.221 / upper = 0.930 / lower = 0.010)
[20191110_105114 / lib_ip.py:3753] file = img.20191110_105113.2019-11-10_09-33-25_000.jpg.1.png / val_Average = 110.4773	val_Variance = 6.2206	sd = 2.4941	max = 118	min = 104
[20191110_105114 / lib_ip.py:4275] len(Hs) = 8100, len(Ss) = 8100, len(Vs) = 8100
[20191110_105114 / lib_ip.py:4314] pink : variance --> out of range (variance = 6.221 / upper = 0.750 / lower = 0.030)
[20191110_105114 / lib_ip.py:3753] file = img.20191110_105113.2019-11-10_09-33-25_000.jpg.1.png / val_Average = 110.4773	val_Variance = 6.2206	sd = 2.4941	max = 118	min = 104
[20191110_105114 / lib_ip.py:4378] len(Hs) = 8100, len(Ss) = 8100, len(Vs) = 8100
[20191110_105114 / lib_ip.py:4422] black : variance --> out of range (variance = 6.221 / upper = 0.000 / lower = 0.000)
[20191110_105114 / lib_ip.py:4593] file : img.20191110_105113.2019-11-10_09-33-25_000.jpg.1.png 0 (black : variance --> out of range (variance = 6.221 / upper = 0.000 / lower = 0.000))
[20191110_105114 / lib_ip.py:2274] inspecting ===> img.20191110_105113.2019-11-10_09-33-25_000.jpg.2.png
[20191110_105115 / lib_ip.py:4505] 
img.20191110_105113.2019-11-10_09-33-25_000.jpg.2.png 1 ---------------------
[20191110_105115 / lib_ip.py:3753] file = img.20191110_105113.2019-11-10_09-33-25_000.jpg.2.png / val_Average = 100.8958	val_Variance = 1.9610	sd = 1.4004	max = 106	min = 96
[20191110_105115 / lib_ip.py:3836] len(Hs) = 8100, len(Ss) = 8100, len(Vs) = 8100
[20191110_105115 / lib_ip.py:3869] yellow : variance --> out of range (variance = 1.961 / upper = 0.650 / lower = 0.000)
[20191110_105115 / lib_ip.py:3753] file = img.20191110_105113.2019-11-10_09-33-25_000.jpg.2.png / val_Average = 100.8958	val_Variance = 1.9610	sd = 1.4004	max = 106	min = 96
[20191110_105115 / lib_ip.py:3936] len(Hs) = 8100, len(Ss) = 8100, len(Vs) = 8100
[20191110_105115 / lib_ip.py:3982] red : variance --> out of range (variance = 1.961 / upper = 0.430 / lower = 0.000)
[20191110_105115 / lib_ip.py:3753] file = img.20191110_105113.2019-11-10_09-33-25_000.jpg.2.png / val_Average = 100.8958	val_Variance = 1.9610	sd = 1.4004	max = 106	min = 96
[20191110_105115 / lib_ip.py:4052] len(Hs) = 8100, len(Ss) = 8100, len(Vs) = 8100
[20191110_105115 / lib_ip.py:4099] green : variance --> out of range (variance = 1.961 / upper = 0.760 / lower = 0.000)
[20191110_105115 / lib_ip.py:3753] file = img.20191110_105113.2019-11-10_09-33-25_000.jpg.2.png / val_Average = 100.8958	val_Variance = 1.9610	sd = 1.4004	max = 106	min = 96
[20191110_105115 / lib_ip.py:4169] len(Hs) = 8100, len(Ss) = 8100, len(Vs) = 8100
[20191110_105115 / lib_ip.py:4208] blue : variance --> out of range (variance = 1.961 / upper = 0.930 / lower = 0.010)
[20191110_105116 / lib_ip.py:3753] file = img.20191110_105113.2019-11-10_09-33-25_000.jpg.2.png / val_Average = 100.8958	val_Variance = 1.9610	sd = 1.4004	max = 106	min = 96
[20191110_105116 / lib_ip.py:4275] len(Hs) = 8100, len(Ss) = 8100, len(Vs) = 8100
[20191110_105116 / lib_ip.py:4314] pink : variance --> out of range (variance = 1.961 / upper = 0.750 / lower = 0.030)
[20191110_105116 / lib_ip.py:3753] file = img.20191110_105113.2019-11-10_09-33-25_000.jpg.2.png / val_Average = 100.8958	val_Variance = 1.9610	sd = 1.4004	max = 106	min = 96
[20191110_105116 / lib_ip.py:4378] len(Hs) = 8100, len(Ss) = 8100, len(Vs) = 8100
[20191110_105116 / lib_ip.py:4422] black : variance --> out of range (variance = 1.961 / upper = 0.000 / lower = 0.000)
[20191110_105116 / lib_ip.py:4593] file : img.20191110_105113.2019-11-10_09-33-25_000.jpg.2.png 1 (black : variance --> out of range (variance = 1.961 / upper = 0.000 / lower = 0.000))
[20191110_105116 / lib_ip.py:2274] inspecting ===> img.20191110_105113.2019-11-10_09-33-25_000.jpg.3.png
[20191110_105116 / lib_ip.py:4505] 
img.20191110_105113.2019-11-10_09-33-25_000.jpg.3.png 2 ---------------------
[20191110_105116 / lib_ip.py:3753] file = img.20191110_105113.2019-11-10_09-33-25_000.jpg.3.png / val_Average = 93.6307	val_Variance = 19.1203	sd = 4.3727	max = 104	min = 85
[20191110_105116 / lib_ip.py:3836] len(Hs) = 8100, len(Ss) = 8100, len(Vs) = 8100
[20191110_105116 / lib_ip.py:3869] yellow : variance --> out of range (variance = 19.120 / upper = 0.650 / lower = 0.000)
[20191110_105116 / lib_ip.py:3753] file = img.20191110_105113.2019-11-10_09-33-25_000.jpg.3.png / val_Average = 93.6307	val_Variance = 19.1203	sd = 4.3727	max = 104	min = 85
[20191110_105116 / lib_ip.py:3936] len(Hs) = 8100, len(Ss) = 8100, len(Vs) = 8100
[20191110_105116 / lib_ip.py:3982] red : variance --> out of range (variance = 19.120 / upper = 0.430 / lower = 0.000)
[20191110_105116 / lib_ip.py:3753] file = img.20191110_105113.2019-11-10_09-33-25_000.jpg.3.png / val_Average = 93.6307	val_Variance = 19.1203	sd = 4.3727	max = 104	min = 85
[20191110_105116 / lib_ip.py:4052] len(Hs) = 8100, len(Ss) = 8100, len(Vs) = 8100
[20191110_105116 / lib_ip.py:4099] green : variance --> out of range (variance = 19.120 / upper = 0.760 / lower = 0.000)
[20191110_105116 / lib_ip.py:3753] file = img.20191110_105113.2019-11-10_09-33-25_000.jpg.3.png / val_Average = 93.6307	val_Variance = 19.1203	sd = 4.3727	max = 104	min = 85
[20191110_105117 / lib_ip.py:4169] len(Hs) = 8100, len(Ss) = 8100, len(Vs) = 8100
[20191110_105117 / lib_ip.py:4208] blue : variance --> out of range (variance = 19.120 / upper = 0.930 / lower = 0.010)
[20191110_105117 / lib_ip.py:3753] file = img.20191110_105113.2019-11-10_09-33-25_000.jpg.3.png / val_Average = 93.6307	val_Variance = 19.1203	sd = 4.3727	max = 104	min = 85
[20191110_105117 / lib_ip.py:4275] len(Hs) = 8100, len(Ss) = 8100, len(Vs) = 8100
[20191110_105117 / lib_ip.py:4314] pink : variance --> out of range (variance = 19.120 / upper = 0.750 / lower = 0.030)
[20191110_105117 / lib_ip.py:3753] file = img.20191110_105113.2019-11-10_09-33-25_000.jpg.3.png / val_Average = 93.6307	val_Variance = 19.1203	sd = 4.3727	max = 104	min = 85
[20191110_105117 / lib_ip.py:4378] len(Hs) = 8100, len(Ss) = 8100, len(Vs) = 8100
[20191110_105117 / lib_ip.py:4422] black : variance --> out of range (variance = 19.120 / upper = 0.000 / lower = 0.000)
[20191110_105117 / lib_ip.py:4593] file : img.20191110_105113.2019-11-10_09-33-25_000.jpg.3.png 2 (black : variance --> out of range (variance = 19.120 / upper = 0.000 / lower = 0.000))
[20191110_105117 / lib_ip.py:2274] inspecting ===> img.20191110_105113.2019-11-10_09-33-25_000.jpg.4.png
[20191110_105117 / lib_ip.py:4505] 
img.20191110_105113.2019-11-10_09-33-25_000.jpg.4.png 3 ---------------------
[20191110_105117 / lib_ip.py:3753] file = img.20191110_105113.2019-11-10_09-33-25_000.jpg.4.png / val_Average = 105.6323	val_Variance = 2.0441	sd = 1.4297	max = 111	min = 100
[20191110_105117 / lib_ip.py:3836] len(Hs) = 8100, len(Ss) = 8100, len(Vs) = 8100
[20191110_105117 / lib_ip.py:3869] yellow : variance --> out of range (variance = 2.044 / upper = 0.650 / lower = 0.000)
[20191110_105117 / lib_ip.py:3753] file = img.20191110_105113.2019-11-10_09-33-25_000.jpg.4.png / val_Average = 105.6323	val_Variance = 2.0441	sd = 1.4297	max = 111	min = 100
[20191110_105118 / lib_ip.py:3936] len(Hs) = 8100, len(Ss) = 8100, len(Vs) = 8100
[20191110_105118 / lib_ip.py:3982] red : variance --> out of range (variance = 2.044 / upper = 0.430 / lower = 0.000)
[20191110_105118 / lib_ip.py:3753] file = img.20191110_105113.2019-11-10_09-33-25_000.jpg.4.png / val_Average = 105.6323	val_Variance = 2.0441	sd = 1.4297	max = 111	min = 100
[20191110_105118 / lib_ip.py:4052] len(Hs) = 8100, len(Ss) = 8100, len(Vs) = 8100
[20191110_105118 / lib_ip.py:4099] green : variance --> out of range (variance = 2.044 / upper = 0.760 / lower = 0.000)
[20191110_105118 / lib_ip.py:3753] file = img.20191110_105113.2019-11-10_09-33-25_000.jpg.4.png / val_Average = 105.6323	val_Variance = 2.0441	sd = 1.4297	max = 111	min = 100
[20191110_105118 / lib_ip.py:4169] len(Hs) = 8100, len(Ss) = 8100, len(Vs) = 8100
[20191110_105118 / lib_ip.py:4208] blue : variance --> out of range (variance = 2.044 / upper = 0.930 / lower = 0.010)
[20191110_105118 / lib_ip.py:3753] file = img.20191110_105113.2019-11-10_09-33-25_000.jpg.4.png / val_Average = 105.6323	val_Variance = 2.0441	sd = 1.4297	max = 111	min = 100
[20191110_105118 / lib_ip.py:4275] len(Hs) = 8100, len(Ss) = 8100, len(Vs) = 8100
[20191110_105118 / lib_ip.py:4314] pink : variance --> out of range (variance = 2.044 / upper = 0.750 / lower = 0.030)
[20191110_105118 / lib_ip.py:3753] file = img.20191110_105113.2019-11-10_09-33-25_000.jpg.4.png / val_Average = 105.6323	val_Variance = 2.0441	sd = 1.4297	max = 111	min = 100
[20191110_105118 / lib_ip.py:4378] len(Hs) = 8100, len(Ss) = 8100, len(Vs) = 8100
[20191110_105118 / lib_ip.py:4422] black : variance --> out of range (variance = 2.044 / upper = 0.000 / lower = 0.000)
[20191110_105118 / lib_ip.py:4593] file : img.20191110_105113.2019-11-10_09-33-25_000.jpg.4.png 3 (black : variance --> out of range (variance = 2.044 / upper = 0.000 / lower = 0.000))
[20191110_105117 / lib_ip.py:2274] inspecting ===> img.20191110_105113.2019-11-10_09-33-25_000.jpg.4.png
img.20191110_105113.2019-11-10_09-33-25_000.jpg.1.png => other
img.20191110_105113.2019-11-10_09-33-25_000.jpg.2.png => other
img.20191110_105113.2019-11-10_09-33-25_000.jpg.3.png => other
img.20191110_105113.2019-11-10_09-33-25_000.jpg.4.png => other
[20191110_105118 lib_ip.py:3301] =============== Get 4 corners
dpath_Images = C:\WORKS_2\WS\WS_Others.Art\JVEMV6\46_art\VIRTUAL\Admin_Projects\ip\images
fname_Image = img.20191110_105113.2019-11-10_09-33-25_000.jpg.4.png

[20191110_105118 / views.py:1411] gen csv => complete (20191110_105118)(elapsed = 36.757 sec / 7 files / 5.251 sec per file)
1)	2019-11-09_14-57-49_000.jpg => 	other other other other 
2)	2019-11-09_14-58-50_000.jpg => 	other other green green 
3)	2019-11-09_17-52-12_000.jpg => 	other other other red 
4)	2019-11-09_20-27-56_000.jpg => 	other yellow other other 
5)	2019-11-09_22-23-45_000.png => 	other other other other 
6)	2019-11-10_09-25-36_000.jpg => 	other other other other 
7)	2019-11-10_09-33-25_000.jpg => 	other other other other 
[20191110_105118 / views.py:1753] lo_ColorName_Set__Modified_2 =>
1)	2019-11-09_14-57-49_000.jpg => 	o o o o 
2)	2019-11-09_14-58-50_000.jpg => 	g g o o 
3)	2019-11-09_17-52-12_000.jpg => 	o o o r 
4)	2019-11-09_20-27-56_000.jpg => 	o o o y 
5)	2019-11-09_22-23-45_000.png => 	o o o o 
6)	2019-11-10_09-25-36_000.jpg => 	o o o o 
7)	2019-11-10_09-33-25_000.jpg => 	o o o o 
[20191110_105119 / lib_ip.py:4789] no key 'GPSInfo' for file : C:\WORKS_2\WS\WS_Others.Art\JVEMV6\46_art\VIRTUAL\Admin_Projects\ip\images\2019-11-09_22-23-45_000.png
[20191110_105119 / views.py:1839] gen_Cake_CSV(request) ==> ending... =======================//

