[20190811_090203 / views.py:1822] gen_Cake_CSV(request) ==> starting... =======================
[20190811_090206 / lib_ip.py:2274] inspecting ===> img.20190811_090206.2019-08-10_11-58-56_000.jpg.1.png
[20190811_090206 / lib_ip.py:4505] 
img.20190811_090206.2019-08-10_11-58-56_000.jpg.1.png 0 ---------------------
[20190811_090206 / lib_ip.py:3753] file = img.20190811_090206.2019-08-10_11-58-56_000.jpg.1.png / val_Average = 42.2474	val_Variance = 1539.6366	sd = 39.2382	max = 135	min = 0
[20190811_090206 / lib_ip.py:3836] len(Hs) = 8100, len(Ss) = 8100, len(Vs) = 8100
[20190811_090206 / lib_ip.py:3869] yellow : variance --> out of range (variance = 1539.637 / upper = 0.650 / lower = 0.000)
[20190811_090206 / lib_ip.py:3753] file = img.20190811_090206.2019-08-10_11-58-56_000.jpg.1.png / val_Average = 42.2474	val_Variance = 1539.6366	sd = 39.2382	max = 135	min = 0
[20190811_090206 / lib_ip.py:3936] len(Hs) = 8100, len(Ss) = 8100, len(Vs) = 8100
[20190811_090206 / lib_ip.py:3982] red : variance --> out of range (variance = 1539.637 / upper = 0.430 / lower = 0.000)
[20190811_090207 / lib_ip.py:3753] file = img.20190811_090206.2019-08-10_11-58-56_000.jpg.1.png / val_Average = 42.2474	val_Variance = 1539.6366	sd = 39.2382	max = 135	min = 0
[20190811_090207 / lib_ip.py:4052] len(Hs) = 8100, len(Ss) = 8100, len(Vs) = 8100
[20190811_090207 / lib_ip.py:4099] green : variance --> out of range (variance = 1539.637 / upper = 0.760 / lower = 0.000)
[20190811_090207 / lib_ip.py:3753] file = img.20190811_090206.2019-08-10_11-58-56_000.jpg.1.png / val_Average = 42.2474	val_Variance = 1539.6366	sd = 39.2382	max = 135	min = 0
[20190811_090207 / lib_ip.py:4169] len(Hs) = 8100, len(Ss) = 8100, len(Vs) = 8100
[20190811_090207 / lib_ip.py:4208] blue : variance --> out of range (variance = 1539.637 / upper = 0.930 / lower = 0.010)
[20190811_090207 / lib_ip.py:3753] file = img.20190811_090206.2019-08-10_11-58-56_000.jpg.1.png / val_Average = 42.2474	val_Variance = 1539.6366	sd = 39.2382	max = 135	min = 0
[20190811_090207 / lib_ip.py:4275] len(Hs) = 8100, len(Ss) = 8100, len(Vs) = 8100
[20190811_090207 / lib_ip.py:4314] pink : variance --> out of range (variance = 1539.637 / upper = 0.750 / lower = 0.030)
[20190811_090207 / lib_ip.py:3753] file = img.20190811_090206.2019-08-10_11-58-56_000.jpg.1.png / val_Average = 42.2474	val_Variance = 1539.6366	sd = 39.2382	max = 135	min = 0
[20190811_090207 / lib_ip.py:4378] len(Hs) = 8100, len(Ss) = 8100, len(Vs) = 8100
[20190811_090207 / lib_ip.py:4422] black : variance --> out of range (variance = 1539.637 / upper = 0.000 / lower = 0.000)
[20190811_090207 / lib_ip.py:4593] file : img.20190811_090206.2019-08-10_11-58-56_000.jpg.1.png 0 (black : variance --> out of range (variance = 1539.637 / upper = 0.000 / lower = 0.000))
[20190811_090207 / lib_ip.py:2274] inspecting ===> img.20190811_090206.2019-08-10_11-58-56_000.jpg.2.png
[20190811_090207 / lib_ip.py:4505] 
img.20190811_090206.2019-08-10_11-58-56_000.jpg.2.png 1 ---------------------
[20190811_090208 / lib_ip.py:3753] file = img.20190811_090206.2019-08-10_11-58-56_000.jpg.2.png / val_Average = 91.8590	val_Variance = 0.1211	sd = 0.3480	max = 92	min = 91
[20190811_090208 / lib_ip.py:3836] len(Hs) = 8100, len(Ss) = 8100, len(Vs) = 8100
[20190811_090208 / lib_ip.py:2274] inspecting ===> img.20190811_090206.2019-08-10_11-58-56_000.jpg.3.png
[20190811_090208 / lib_ip.py:4505] 
img.20190811_090206.2019-08-10_11-58-56_000.jpg.3.png 2 ---------------------
[20190811_090208 / lib_ip.py:3753] file = img.20190811_090206.2019-08-10_11-58-56_000.jpg.3.png / val_Average = 109.6785	val_Variance = 21.9966	sd = 4.6901	max = 168	min = 105
[20190811_090208 / lib_ip.py:3836] len(Hs) = 8100, len(Ss) = 8100, len(Vs) = 8100
[20190811_090208 / lib_ip.py:3869] yellow : variance --> out of range (variance = 21.997 / upper = 0.650 / lower = 0.000)
[20190811_090208 / lib_ip.py:3753] file = img.20190811_090206.2019-08-10_11-58-56_000.jpg.3.png / val_Average = 109.6785	val_Variance = 21.9966	sd = 4.6901	max = 168	min = 105
[20190811_090208 / lib_ip.py:3936] len(Hs) = 8100, len(Ss) = 8100, len(Vs) = 8100
[20190811_090208 / lib_ip.py:3982] red : variance --> out of range (variance = 21.997 / upper = 0.430 / lower = 0.000)
[20190811_090208 / lib_ip.py:3753] file = img.20190811_090206.2019-08-10_11-58-56_000.jpg.3.png / val_Average = 109.6785	val_Variance = 21.9966	sd = 4.6901	max = 168	min = 105
[20190811_090208 / lib_ip.py:4052] len(Hs) = 8100, len(Ss) = 8100, len(Vs) = 8100
[20190811_090209 / lib_ip.py:4099] green : variance --> out of range (variance = 21.997 / upper = 0.760 / lower = 0.000)
[20190811_090209 / lib_ip.py:3753] file = img.20190811_090206.2019-08-10_11-58-56_000.jpg.3.png / val_Average = 109.6785	val_Variance = 21.9966	sd = 4.6901	max = 168	min = 105
[20190811_090209 / lib_ip.py:4169] len(Hs) = 8100, len(Ss) = 8100, len(Vs) = 8100
[20190811_090209 / lib_ip.py:4208] blue : variance --> out of range (variance = 21.997 / upper = 0.930 / lower = 0.010)
[20190811_090209 / lib_ip.py:3753] file = img.20190811_090206.2019-08-10_11-58-56_000.jpg.3.png / val_Average = 109.6785	val_Variance = 21.9966	sd = 4.6901	max = 168	min = 105
[20190811_090209 / lib_ip.py:4275] len(Hs) = 8100, len(Ss) = 8100, len(Vs) = 8100
[20190811_090209 / lib_ip.py:4314] pink : variance --> out of range (variance = 21.997 / upper = 0.750 / lower = 0.030)
[20190811_090209 / lib_ip.py:3753] file = img.20190811_090206.2019-08-10_11-58-56_000.jpg.3.png / val_Average = 109.6785	val_Variance = 21.9966	sd = 4.6901	max = 168	min = 105
[20190811_090209 / lib_ip.py:4378] len(Hs) = 8100, len(Ss) = 8100, len(Vs) = 8100
[20190811_090209 / lib_ip.py:4422] black : variance --> out of range (variance = 21.997 / upper = 0.000 / lower = 0.000)
[20190811_090209 / lib_ip.py:4593] file : img.20190811_090206.2019-08-10_11-58-56_000.jpg.3.png 2 (black : variance --> out of range (variance = 21.997 / upper = 0.000 / lower = 0.000))
[20190811_090209 / lib_ip.py:2274] inspecting ===> img.20190811_090206.2019-08-10_11-58-56_000.jpg.4.png
[20190811_090209 / lib_ip.py:4505] 
img.20190811_090206.2019-08-10_11-58-56_000.jpg.4.png 3 ---------------------
[20190811_090209 / lib_ip.py:3753] file = img.20190811_090206.2019-08-10_11-58-56_000.jpg.4.png / val_Average = 55.6296	val_Variance = 1077.5665	sd = 32.8263	max = 75	min = 0
[20190811_090209 / lib_ip.py:3836] len(Hs) = 8100, len(Ss) = 8100, len(Vs) = 8100
[20190811_090209 / lib_ip.py:3869] yellow : variance --> out of range (variance = 1077.567 / upper = 0.650 / lower = 0.000)
[20190811_090210 / lib_ip.py:3753] file = img.20190811_090206.2019-08-10_11-58-56_000.jpg.4.png / val_Average = 55.6296	val_Variance = 1077.5665	sd = 32.8263	max = 75	min = 0
[20190811_090210 / lib_ip.py:3936] len(Hs) = 8100, len(Ss) = 8100, len(Vs) = 8100
[20190811_090210 / lib_ip.py:3982] red : variance --> out of range (variance = 1077.567 / upper = 0.430 / lower = 0.000)
[20190811_090210 / lib_ip.py:3753] file = img.20190811_090206.2019-08-10_11-58-56_000.jpg.4.png / val_Average = 55.6296	val_Variance = 1077.5665	sd = 32.8263	max = 75	min = 0
[20190811_090210 / lib_ip.py:4052] len(Hs) = 8100, len(Ss) = 8100, len(Vs) = 8100
[20190811_090210 / lib_ip.py:4099] green : variance --> out of range (variance = 1077.567 / upper = 0.760 / lower = 0.000)
[20190811_090210 / lib_ip.py:3753] file = img.20190811_090206.2019-08-10_11-58-56_000.jpg.4.png / val_Average = 55.6296	val_Variance = 1077.5665	sd = 32.8263	max = 75	min = 0
[20190811_090210 / lib_ip.py:4169] len(Hs) = 8100, len(Ss) = 8100, len(Vs) = 8100
[20190811_090210 / lib_ip.py:4208] blue : variance --> out of range (variance = 1077.567 / upper = 0.930 / lower = 0.010)
[20190811_090210 / lib_ip.py:3753] file = img.20190811_090206.2019-08-10_11-58-56_000.jpg.4.png / val_Average = 55.6296	val_Variance = 1077.5665	sd = 32.8263	max = 75	min = 0
[20190811_090210 / lib_ip.py:4275] len(Hs) = 8100, len(Ss) = 8100, len(Vs) = 8100
[20190811_090210 / lib_ip.py:4314] pink : variance --> out of range (variance = 1077.567 / upper = 0.750 / lower = 0.030)
[20190811_090210 / lib_ip.py:3753] file = img.20190811_090206.2019-08-10_11-58-56_000.jpg.4.png / val_Average = 55.6296	val_Variance = 1077.5665	sd = 32.8263	max = 75	min = 0
[20190811_090210 / lib_ip.py:4378] len(Hs) = 8100, len(Ss) = 8100, len(Vs) = 8100
[20190811_090210 / lib_ip.py:4422] black : variance --> out of range (variance = 1077.567 / upper = 0.000 / lower = 0.000)
[20190811_090210 / lib_ip.py:4593] file : img.20190811_090206.2019-08-10_11-58-56_000.jpg.4.png 3 (black : variance --> out of range (variance = 1077.567 / upper = 0.000 / lower = 0.000))
[20190811_090209 / lib_ip.py:2274] inspecting ===> img.20190811_090206.2019-08-10_11-58-56_000.jpg.4.png
img.20190811_090206.2019-08-10_11-58-56_000.jpg.1.png => other
img.20190811_090206.2019-08-10_11-58-56_000.jpg.2.png => other
img.20190811_090206.2019-08-10_11-58-56_000.jpg.3.png => other
img.20190811_090206.2019-08-10_11-58-56_000.jpg.4.png => other
[20190811_090210 lib_ip.py:3301] =============== Get 4 corners
dpath_Images = C:\WORKS_2\WS\WS_Others.Art\JVEMV6\46_art\VIRTUAL\Admin_Projects\ip\images
fname_Image = img.20190811_090206.2019-08-10_11-58-56_000.jpg.4.png

[20190811_090211 / lib_ip.py:2274] inspecting ===> img.20190811_090211.2019-08-10_18-18-23_000.jpg.1.png
[20190811_090212 / lib_ip.py:4505] 
img.20190811_090211.2019-08-10_18-18-23_000.jpg.1.png 0 ---------------------
[20190811_090212 / lib_ip.py:3753] file = img.20190811_090211.2019-08-10_18-18-23_000.jpg.1.png / val_Average = 13.3117	val_Variance = 843.6652	sd = 29.0459	max = 165	min = 0
[20190811_090212 / lib_ip.py:3836] len(Hs) = 8100, len(Ss) = 8100, len(Vs) = 8100
[20190811_090212 / lib_ip.py:3869] yellow : variance --> out of range (variance = 843.665 / upper = 0.650 / lower = 0.000)
[20190811_090212 / lib_ip.py:3753] file = img.20190811_090211.2019-08-10_18-18-23_000.jpg.1.png / val_Average = 13.3117	val_Variance = 843.6652	sd = 29.0459	max = 165	min = 0
[20190811_090212 / lib_ip.py:3936] len(Hs) = 8100, len(Ss) = 8100, len(Vs) = 8100
[20190811_090212 / lib_ip.py:3982] red : variance --> out of range (variance = 843.665 / upper = 0.430 / lower = 0.000)
[20190811_090213 / lib_ip.py:3753] file = img.20190811_090211.2019-08-10_18-18-23_000.jpg.1.png / val_Average = 13.3117	val_Variance = 843.6652	sd = 29.0459	max = 165	min = 0
[20190811_090213 / lib_ip.py:4052] len(Hs) = 8100, len(Ss) = 8100, len(Vs) = 8100
[20190811_090213 / lib_ip.py:4099] green : variance --> out of range (variance = 843.665 / upper = 0.760 / lower = 0.000)
[20190811_090213 / lib_ip.py:3753] file = img.20190811_090211.2019-08-10_18-18-23_000.jpg.1.png / val_Average = 13.3117	val_Variance = 843.6652	sd = 29.0459	max = 165	min = 0
[20190811_090213 / lib_ip.py:4169] len(Hs) = 8100, len(Ss) = 8100, len(Vs) = 8100
[20190811_090213 / lib_ip.py:4208] blue : variance --> out of range (variance = 843.665 / upper = 0.930 / lower = 0.010)
[20190811_090213 / lib_ip.py:3753] file = img.20190811_090211.2019-08-10_18-18-23_000.jpg.1.png / val_Average = 13.3117	val_Variance = 843.6652	sd = 29.0459	max = 165	min = 0
[20190811_090213 / lib_ip.py:4275] len(Hs) = 8100, len(Ss) = 8100, len(Vs) = 8100
[20190811_090213 / lib_ip.py:4314] pink : variance --> out of range (variance = 843.665 / upper = 0.750 / lower = 0.030)
[20190811_090213 / lib_ip.py:3753] file = img.20190811_090211.2019-08-10_18-18-23_000.jpg.1.png / val_Average = 13.3117	val_Variance = 843.6652	sd = 29.0459	max = 165	min = 0
[20190811_090213 / lib_ip.py:4378] len(Hs) = 8100, len(Ss) = 8100, len(Vs) = 8100
[20190811_090214 / lib_ip.py:4422] black : variance --> out of range (variance = 843.665 / upper = 0.000 / lower = 0.000)
[20190811_090214 / lib_ip.py:4593] file : img.20190811_090211.2019-08-10_18-18-23_000.jpg.1.png 0 (black : variance --> out of range (variance = 843.665 / upper = 0.000 / lower = 0.000))
[20190811_090214 / lib_ip.py:2274] inspecting ===> img.20190811_090211.2019-08-10_18-18-23_000.jpg.2.png
[20190811_090214 / lib_ip.py:4505] 
img.20190811_090211.2019-08-10_18-18-23_000.jpg.2.png 1 ---------------------
[20190811_090214 / lib_ip.py:3753] file = img.20190811_090211.2019-08-10_18-18-23_000.jpg.2.png / val_Average = 11.3853	val_Variance = 0.2591	sd = 0.5090	max = 13	min = 10
[20190811_090214 / lib_ip.py:3836] len(Hs) = 8100, len(Ss) = 8100, len(Vs) = 8100
[20190811_090214 / lib_ip.py:3891] yellow : average --> out of range (average = 11.385 / upper = 99.200 / lower = 85.500)
[20190811_090214 / lib_ip.py:3753] file = img.20190811_090211.2019-08-10_18-18-23_000.jpg.2.png / val_Average = 11.3853	val_Variance = 0.2591	sd = 0.5090	max = 13	min = 10
[20190811_090214 / lib_ip.py:3936] len(Hs) = 8100, len(Ss) = 8100, len(Vs) = 8100
[20190811_090214 / lib_ip.py:4007] red : average --> out of range (average = 11.385 / upper = 124.600 / lower = 115.000)
[20190811_090214 / lib_ip.py:3753] file = img.20190811_090211.2019-08-10_18-18-23_000.jpg.2.png / val_Average = 11.3853	val_Variance = 0.2591	sd = 0.5090	max = 13	min = 10
[20190811_090214 / lib_ip.py:4052] len(Hs) = 8100, len(Ss) = 8100, len(Vs) = 8100
[20190811_090215 / lib_ip.py:4124] green : average --> out of range (average = 11.385 / upper = 85.000 / lower = 58.000)
[20190811_090215 / lib_ip.py:3753] file = img.20190811_090211.2019-08-10_18-18-23_000.jpg.2.png / val_Average = 11.3853	val_Variance = 0.2591	sd = 0.5090	max = 13	min = 10
[20190811_090215 / lib_ip.py:4169] len(Hs) = 8100, len(Ss) = 8100, len(Vs) = 8100
[20190811_090215 / lib_ip.py:2274] inspecting ===> img.20190811_090211.2019-08-10_18-18-23_000.jpg.3.png
[20190811_090215 / lib_ip.py:4505] 
img.20190811_090211.2019-08-10_18-18-23_000.jpg.3.png 2 ---------------------
[20190811_090215 / lib_ip.py:3753] file = img.20190811_090211.2019-08-10_18-18-23_000.jpg.3.png / val_Average = 84.6221	val_Variance = 2052.5655	sd = 45.3052	max = 135	min = 0
[20190811_090215 / lib_ip.py:3836] len(Hs) = 8100, len(Ss) = 8100, len(Vs) = 8100
[20190811_090215 / lib_ip.py:3869] yellow : variance --> out of range (variance = 2052.565 / upper = 0.650 / lower = 0.000)
[20190811_090216 / lib_ip.py:3753] file = img.20190811_090211.2019-08-10_18-18-23_000.jpg.3.png / val_Average = 84.6221	val_Variance = 2052.5655	sd = 45.3052	max = 135	min = 0
[20190811_090216 / lib_ip.py:3936] len(Hs) = 8100, len(Ss) = 8100, len(Vs) = 8100
[20190811_090216 / lib_ip.py:3982] red : variance --> out of range (variance = 2052.565 / upper = 0.430 / lower = 0.000)
[20190811_090216 / lib_ip.py:3753] file = img.20190811_090211.2019-08-10_18-18-23_000.jpg.3.png / val_Average = 84.6221	val_Variance = 2052.5655	sd = 45.3052	max = 135	min = 0
[20190811_090216 / lib_ip.py:4052] len(Hs) = 8100, len(Ss) = 8100, len(Vs) = 8100
[20190811_090216 / lib_ip.py:4099] green : variance --> out of range (variance = 2052.565 / upper = 0.760 / lower = 0.000)
[20190811_090216 / lib_ip.py:3753] file = img.20190811_090211.2019-08-10_18-18-23_000.jpg.3.png / val_Average = 84.6221	val_Variance = 2052.5655	sd = 45.3052	max = 135	min = 0
[20190811_090216 / lib_ip.py:4169] len(Hs) = 8100, len(Ss) = 8100, len(Vs) = 8100
[20190811_090216 / lib_ip.py:4208] blue : variance --> out of range (variance = 2052.565 / upper = 0.930 / lower = 0.010)
[20190811_090216 / lib_ip.py:3753] file = img.20190811_090211.2019-08-10_18-18-23_000.jpg.3.png / val_Average = 84.6221	val_Variance = 2052.5655	sd = 45.3052	max = 135	min = 0
[20190811_090216 / lib_ip.py:4275] len(Hs) = 8100, len(Ss) = 8100, len(Vs) = 8100
[20190811_090216 / lib_ip.py:4314] pink : variance --> out of range (variance = 2052.565 / upper = 0.750 / lower = 0.030)
[20190811_090217 / lib_ip.py:3753] file = img.20190811_090211.2019-08-10_18-18-23_000.jpg.3.png / val_Average = 84.6221	val_Variance = 2052.5655	sd = 45.3052	max = 135	min = 0
[20190811_090217 / lib_ip.py:4378] len(Hs) = 8100, len(Ss) = 8100, len(Vs) = 8100
[20190811_090217 / lib_ip.py:4422] black : variance --> out of range (variance = 2052.565 / upper = 0.000 / lower = 0.000)
[20190811_090217 / lib_ip.py:4593] file : img.20190811_090211.2019-08-10_18-18-23_000.jpg.3.png 2 (black : variance --> out of range (variance = 2052.565 / upper = 0.000 / lower = 0.000))
[20190811_090217 / lib_ip.py:2274] inspecting ===> img.20190811_090211.2019-08-10_18-18-23_000.jpg.4.png
[20190811_090217 / lib_ip.py:4505] 
img.20190811_090211.2019-08-10_18-18-23_000.jpg.4.png 3 ---------------------
[20190811_090217 / lib_ip.py:3753] file = img.20190811_090211.2019-08-10_18-18-23_000.jpg.4.png / val_Average = 107.8340	val_Variance = 11.1669	sd = 3.3417	max = 120	min = 90
[20190811_090217 / lib_ip.py:3836] len(Hs) = 8100, len(Ss) = 8100, len(Vs) = 8100
[20190811_090217 / lib_ip.py:3869] yellow : variance --> out of range (variance = 11.167 / upper = 0.650 / lower = 0.000)
[20190811_090217 / lib_ip.py:3753] file = img.20190811_090211.2019-08-10_18-18-23_000.jpg.4.png / val_Average = 107.8340	val_Variance = 11.1669	sd = 3.3417	max = 120	min = 90
[20190811_090217 / lib_ip.py:3936] len(Hs) = 8100, len(Ss) = 8100, len(Vs) = 8100
[20190811_090217 / lib_ip.py:3982] red : variance --> out of range (variance = 11.167 / upper = 0.430 / lower = 0.000)
[20190811_090218 / lib_ip.py:3753] file = img.20190811_090211.2019-08-10_18-18-23_000.jpg.4.png / val_Average = 107.8340	val_Variance = 11.1669	sd = 3.3417	max = 120	min = 90
[20190811_090218 / lib_ip.py:4052] len(Hs) = 8100, len(Ss) = 8100, len(Vs) = 8100
[20190811_090218 / lib_ip.py:4099] green : variance --> out of range (variance = 11.167 / upper = 0.760 / lower = 0.000)
[20190811_090218 / lib_ip.py:3753] file = img.20190811_090211.2019-08-10_18-18-23_000.jpg.4.png / val_Average = 107.8340	val_Variance = 11.1669	sd = 3.3417	max = 120	min = 90
[20190811_090218 / lib_ip.py:4169] len(Hs) = 8100, len(Ss) = 8100, len(Vs) = 8100
[20190811_090218 / lib_ip.py:4208] blue : variance --> out of range (variance = 11.167 / upper = 0.930 / lower = 0.010)
[20190811_090218 / lib_ip.py:3753] file = img.20190811_090211.2019-08-10_18-18-23_000.jpg.4.png / val_Average = 107.8340	val_Variance = 11.1669	sd = 3.3417	max = 120	min = 90
[20190811_090218 / lib_ip.py:4275] len(Hs) = 8100, len(Ss) = 8100, len(Vs) = 8100
[20190811_090218 / lib_ip.py:4314] pink : variance --> out of range (variance = 11.167 / upper = 0.750 / lower = 0.030)
[20190811_090218 / lib_ip.py:3753] file = img.20190811_090211.2019-08-10_18-18-23_000.jpg.4.png / val_Average = 107.8340	val_Variance = 11.1669	sd = 3.3417	max = 120	min = 90
[20190811_090218 / lib_ip.py:4378] len(Hs) = 8100, len(Ss) = 8100, len(Vs) = 8100
[20190811_090218 / lib_ip.py:4422] black : variance --> out of range (variance = 11.167 / upper = 0.000 / lower = 0.000)
[20190811_090218 / lib_ip.py:4593] file : img.20190811_090211.2019-08-10_18-18-23_000.jpg.4.png 3 (black : variance --> out of range (variance = 11.167 / upper = 0.000 / lower = 0.000))
[20190811_090217 / lib_ip.py:2274] inspecting ===> img.20190811_090211.2019-08-10_18-18-23_000.jpg.4.png
img.20190811_090211.2019-08-10_18-18-23_000.jpg.1.png => other
img.20190811_090211.2019-08-10_18-18-23_000.jpg.2.png => other
img.20190811_090211.2019-08-10_18-18-23_000.jpg.3.png => other
img.20190811_090211.2019-08-10_18-18-23_000.jpg.4.png => other
[20190811_090218 lib_ip.py:3301] =============== Get 4 corners
dpath_Images = C:\WORKS_2\WS\WS_Others.Art\JVEMV6\46_art\VIRTUAL\Admin_Projects\ip\images
fname_Image = img.20190811_090211.2019-08-10_18-18-23_000.jpg.4.png

[20190811_090220 / lib_ip.py:2274] inspecting ===> img.20190811_090219.2019-08-10_20-39-27_000.jpg.1.png
[20190811_090220 / lib_ip.py:4505] 
img.20190811_090219.2019-08-10_20-39-27_000.jpg.1.png 0 ---------------------
[20190811_090220 / lib_ip.py:3753] file = img.20190811_090219.2019-08-10_20-39-27_000.jpg.1.png / val_Average = 35.3747	val_Variance = 1454.6592	sd = 38.1400	max = 160	min = 0
[20190811_090220 / lib_ip.py:3836] len(Hs) = 8100, len(Ss) = 8100, len(Vs) = 8100
[20190811_090221 / lib_ip.py:3869] yellow : variance --> out of range (variance = 1454.659 / upper = 0.650 / lower = 0.000)
[20190811_090221 / lib_ip.py:3753] file = img.20190811_090219.2019-08-10_20-39-27_000.jpg.1.png / val_Average = 35.3747	val_Variance = 1454.6592	sd = 38.1400	max = 160	min = 0
[20190811_090221 / lib_ip.py:3936] len(Hs) = 8100, len(Ss) = 8100, len(Vs) = 8100
[20190811_090221 / lib_ip.py:3982] red : variance --> out of range (variance = 1454.659 / upper = 0.430 / lower = 0.000)
[20190811_090221 / lib_ip.py:3753] file = img.20190811_090219.2019-08-10_20-39-27_000.jpg.1.png / val_Average = 35.3747	val_Variance = 1454.6592	sd = 38.1400	max = 160	min = 0
[20190811_090221 / lib_ip.py:4052] len(Hs) = 8100, len(Ss) = 8100, len(Vs) = 8100
[20190811_090221 / lib_ip.py:4099] green : variance --> out of range (variance = 1454.659 / upper = 0.760 / lower = 0.000)
[20190811_090221 / lib_ip.py:3753] file = img.20190811_090219.2019-08-10_20-39-27_000.jpg.1.png / val_Average = 35.3747	val_Variance = 1454.6592	sd = 38.1400	max = 160	min = 0
[20190811_090221 / lib_ip.py:4169] len(Hs) = 8100, len(Ss) = 8100, len(Vs) = 8100
[20190811_090221 / lib_ip.py:4208] blue : variance --> out of range (variance = 1454.659 / upper = 0.930 / lower = 0.010)
[20190811_090221 / lib_ip.py:3753] file = img.20190811_090219.2019-08-10_20-39-27_000.jpg.1.png / val_Average = 35.3747	val_Variance = 1454.6592	sd = 38.1400	max = 160	min = 0
[20190811_090221 / lib_ip.py:4275] len(Hs) = 8100, len(Ss) = 8100, len(Vs) = 8100
[20190811_090221 / lib_ip.py:4314] pink : variance --> out of range (variance = 1454.659 / upper = 0.750 / lower = 0.030)
[20190811_090222 / lib_ip.py:3753] file = img.20190811_090219.2019-08-10_20-39-27_000.jpg.1.png / val_Average = 35.3747	val_Variance = 1454.6592	sd = 38.1400	max = 160	min = 0
[20190811_090222 / lib_ip.py:4378] len(Hs) = 8100, len(Ss) = 8100, len(Vs) = 8100
[20190811_090222 / lib_ip.py:4422] black : variance --> out of range (variance = 1454.659 / upper = 0.000 / lower = 0.000)
[20190811_090222 / lib_ip.py:4593] file : img.20190811_090219.2019-08-10_20-39-27_000.jpg.1.png 0 (black : variance --> out of range (variance = 1454.659 / upper = 0.000 / lower = 0.000))
[20190811_090222 / lib_ip.py:2274] inspecting ===> img.20190811_090219.2019-08-10_20-39-27_000.jpg.2.png
[20190811_090222 / lib_ip.py:4505] 
img.20190811_090219.2019-08-10_20-39-27_000.jpg.2.png 1 ---------------------
[20190811_090222 / lib_ip.py:3753] file = img.20190811_090219.2019-08-10_20-39-27_000.jpg.2.png / val_Average = 46.1394	val_Variance = 1088.8930	sd = 32.9984	max = 135	min = 0
[20190811_090222 / lib_ip.py:3836] len(Hs) = 8100, len(Ss) = 8100, len(Vs) = 8100
[20190811_090222 / lib_ip.py:3869] yellow : variance --> out of range (variance = 1088.893 / upper = 0.650 / lower = 0.000)
[20190811_090222 / lib_ip.py:3753] file = img.20190811_090219.2019-08-10_20-39-27_000.jpg.2.png / val_Average = 46.1394	val_Variance = 1088.8930	sd = 32.9984	max = 135	min = 0
[20190811_090222 / lib_ip.py:3936] len(Hs) = 8100, len(Ss) = 8100, len(Vs) = 8100
[20190811_090223 / lib_ip.py:3982] red : variance --> out of range (variance = 1088.893 / upper = 0.430 / lower = 0.000)
[20190811_090223 / lib_ip.py:3753] file = img.20190811_090219.2019-08-10_20-39-27_000.jpg.2.png / val_Average = 46.1394	val_Variance = 1088.8930	sd = 32.9984	max = 135	min = 0
[20190811_090223 / lib_ip.py:4052] len(Hs) = 8100, len(Ss) = 8100, len(Vs) = 8100
[20190811_090223 / lib_ip.py:4099] green : variance --> out of range (variance = 1088.893 / upper = 0.760 / lower = 0.000)
[20190811_090223 / lib_ip.py:3753] file = img.20190811_090219.2019-08-10_20-39-27_000.jpg.2.png / val_Average = 46.1394	val_Variance = 1088.8930	sd = 32.9984	max = 135	min = 0
[20190811_090223 / lib_ip.py:4169] len(Hs) = 8100, len(Ss) = 8100, len(Vs) = 8100
[20190811_090223 / lib_ip.py:4208] blue : variance --> out of range (variance = 1088.893 / upper = 0.930 / lower = 0.010)
[20190811_090223 / lib_ip.py:3753] file = img.20190811_090219.2019-08-10_20-39-27_000.jpg.2.png / val_Average = 46.1394	val_Variance = 1088.8930	sd = 32.9984	max = 135	min = 0
[20190811_090223 / lib_ip.py:4275] len(Hs) = 8100, len(Ss) = 8100, len(Vs) = 8100
[20190811_090223 / lib_ip.py:4314] pink : variance --> out of range (variance = 1088.893 / upper = 0.750 / lower = 0.030)
[20190811_090223 / lib_ip.py:3753] file = img.20190811_090219.2019-08-10_20-39-27_000.jpg.2.png / val_Average = 46.1394	val_Variance = 1088.8930	sd = 32.9984	max = 135	min = 0
[20190811_090223 / lib_ip.py:4378] len(Hs) = 8100, len(Ss) = 8100, len(Vs) = 8100
[20190811_090223 / lib_ip.py:4422] black : variance --> out of range (variance = 1088.893 / upper = 0.000 / lower = 0.000)
[20190811_090223 / lib_ip.py:4593] file : img.20190811_090219.2019-08-10_20-39-27_000.jpg.2.png 1 (black : variance --> out of range (variance = 1088.893 / upper = 0.000 / lower = 0.000))
[20190811_090223 / lib_ip.py:2274] inspecting ===> img.20190811_090219.2019-08-10_20-39-27_000.jpg.3.png
[20190811_090224 / lib_ip.py:4505] 
img.20190811_090219.2019-08-10_20-39-27_000.jpg.3.png 2 ---------------------
[20190811_090224 / lib_ip.py:3753] file = img.20190811_090219.2019-08-10_20-39-27_000.jpg.3.png / val_Average = 91.9793	val_Variance = 0.0287	sd = 0.1694	max = 93	min = 91
[20190811_090224 / lib_ip.py:3836] len(Hs) = 8100, len(Ss) = 8100, len(Vs) = 8100
[20190811_090224 / lib_ip.py:2274] inspecting ===> img.20190811_090219.2019-08-10_20-39-27_000.jpg.4.png
[20190811_090224 / lib_ip.py:4505] 
img.20190811_090219.2019-08-10_20-39-27_000.jpg.4.png 3 ---------------------
[20190811_090225 / lib_ip.py:3753] file = img.20190811_090219.2019-08-10_20-39-27_000.jpg.4.png / val_Average = 64.7107	val_Variance = 1845.8767	sd = 42.9637	max = 175	min = 0
[20190811_090225 / lib_ip.py:3836] len(Hs) = 8100, len(Ss) = 8100, len(Vs) = 8100
[20190811_090225 / lib_ip.py:3869] yellow : variance --> out of range (variance = 1845.877 / upper = 0.650 / lower = 0.000)
[20190811_090225 / lib_ip.py:3753] file = img.20190811_090219.2019-08-10_20-39-27_000.jpg.4.png / val_Average = 64.7107	val_Variance = 1845.8767	sd = 42.9637	max = 175	min = 0
[20190811_090225 / lib_ip.py:3936] len(Hs) = 8100, len(Ss) = 8100, len(Vs) = 8100
[20190811_090225 / lib_ip.py:3982] red : variance --> out of range (variance = 1845.877 / upper = 0.430 / lower = 0.000)
[20190811_090225 / lib_ip.py:3753] file = img.20190811_090219.2019-08-10_20-39-27_000.jpg.4.png / val_Average = 64.7107	val_Variance = 1845.8767	sd = 42.9637	max = 175	min = 0
[20190811_090225 / lib_ip.py:4052] len(Hs) = 8100, len(Ss) = 8100, len(Vs) = 8100
[20190811_090225 / lib_ip.py:4099] green : variance --> out of range (variance = 1845.877 / upper = 0.760 / lower = 0.000)
[20190811_090225 / lib_ip.py:3753] file = img.20190811_090219.2019-08-10_20-39-27_000.jpg.4.png / val_Average = 64.7107	val_Variance = 1845.8767	sd = 42.9637	max = 175	min = 0
[20190811_090225 / lib_ip.py:4169] len(Hs) = 8100, len(Ss) = 8100, len(Vs) = 8100
[20190811_090225 / lib_ip.py:4208] blue : variance --> out of range (variance = 1845.877 / upper = 0.930 / lower = 0.010)
[20190811_090225 / lib_ip.py:3753] file = img.20190811_090219.2019-08-10_20-39-27_000.jpg.4.png / val_Average = 64.7107	val_Variance = 1845.8767	sd = 42.9637	max = 175	min = 0
[20190811_090225 / lib_ip.py:4275] len(Hs) = 8100, len(Ss) = 8100, len(Vs) = 8100
[20190811_090225 / lib_ip.py:4314] pink : variance --> out of range (variance = 1845.877 / upper = 0.750 / lower = 0.030)
[20190811_090225 / lib_ip.py:3753] file = img.20190811_090219.2019-08-10_20-39-27_000.jpg.4.png / val_Average = 64.7107	val_Variance = 1845.8767	sd = 42.9637	max = 175	min = 0
[20190811_090225 / lib_ip.py:4378] len(Hs) = 8100, len(Ss) = 8100, len(Vs) = 8100
[20190811_090226 / lib_ip.py:4422] black : variance --> out of range (variance = 1845.877 / upper = 0.000 / lower = 0.000)
[20190811_090226 / lib_ip.py:4593] file : img.20190811_090219.2019-08-10_20-39-27_000.jpg.4.png 3 (black : variance --> out of range (variance = 1845.877 / upper = 0.000 / lower = 0.000))
[20190811_090224 / lib_ip.py:2274] inspecting ===> img.20190811_090219.2019-08-10_20-39-27_000.jpg.4.png
img.20190811_090219.2019-08-10_20-39-27_000.jpg.1.png => other
img.20190811_090219.2019-08-10_20-39-27_000.jpg.2.png => other
img.20190811_090219.2019-08-10_20-39-27_000.jpg.3.png => other
img.20190811_090219.2019-08-10_20-39-27_000.jpg.4.png => other
[20190811_090226 lib_ip.py:3301] =============== Get 4 corners
dpath_Images = C:\WORKS_2\WS\WS_Others.Art\JVEMV6\46_art\VIRTUAL\Admin_Projects\ip\images
fname_Image = img.20190811_090219.2019-08-10_20-39-27_000.jpg.4.png

[20190811_090226 / lib_ip.py:2274] inspecting ===> img.20190811_090226.2019-08-11_00-29-04_000.jpg.1.png
[20190811_090227 / lib_ip.py:4505] 
img.20190811_090226.2019-08-11_00-29-04_000.jpg.1.png 0 ---------------------
[20190811_090227 / lib_ip.py:3753] file = img.20190811_090226.2019-08-11_00-29-04_000.jpg.1.png / val_Average = 94.7216	val_Variance = 46.9745	sd = 6.8538	max = 120	min = 70
[20190811_090227 / lib_ip.py:3836] len(Hs) = 8100, len(Ss) = 8100, len(Vs) = 8100
[20190811_090227 / lib_ip.py:3869] yellow : variance --> out of range (variance = 46.974 / upper = 0.650 / lower = 0.000)
[20190811_090227 / lib_ip.py:3753] file = img.20190811_090226.2019-08-11_00-29-04_000.jpg.1.png / val_Average = 94.7216	val_Variance = 46.9745	sd = 6.8538	max = 120	min = 70
[20190811_090227 / lib_ip.py:3936] len(Hs) = 8100, len(Ss) = 8100, len(Vs) = 8100
[20190811_090227 / lib_ip.py:3982] red : variance --> out of range (variance = 46.974 / upper = 0.430 / lower = 0.000)
[20190811_090227 / lib_ip.py:3753] file = img.20190811_090226.2019-08-11_00-29-04_000.jpg.1.png / val_Average = 94.7216	val_Variance = 46.9745	sd = 6.8538	max = 120	min = 70
[20190811_090227 / lib_ip.py:4052] len(Hs) = 8100, len(Ss) = 8100, len(Vs) = 8100
[20190811_090227 / lib_ip.py:4099] green : variance --> out of range (variance = 46.974 / upper = 0.760 / lower = 0.000)
[20190811_090227 / lib_ip.py:3753] file = img.20190811_090226.2019-08-11_00-29-04_000.jpg.1.png / val_Average = 94.7216	val_Variance = 46.9745	sd = 6.8538	max = 120	min = 70
[20190811_090227 / lib_ip.py:4169] len(Hs) = 8100, len(Ss) = 8100, len(Vs) = 8100
[20190811_090228 / lib_ip.py:4208] blue : variance --> out of range (variance = 46.974 / upper = 0.930 / lower = 0.010)
[20190811_090228 / lib_ip.py:3753] file = img.20190811_090226.2019-08-11_00-29-04_000.jpg.1.png / val_Average = 94.7216	val_Variance = 46.9745	sd = 6.8538	max = 120	min = 70
[20190811_090228 / lib_ip.py:4275] len(Hs) = 8100, len(Ss) = 8100, len(Vs) = 8100
[20190811_090228 / lib_ip.py:4314] pink : variance --> out of range (variance = 46.974 / upper = 0.750 / lower = 0.030)
[20190811_090228 / lib_ip.py:3753] file = img.20190811_090226.2019-08-11_00-29-04_000.jpg.1.png / val_Average = 94.7216	val_Variance = 46.9745	sd = 6.8538	max = 120	min = 70
[20190811_090228 / lib_ip.py:4378] len(Hs) = 8100, len(Ss) = 8100, len(Vs) = 8100
[20190811_090228 / lib_ip.py:4422] black : variance --> out of range (variance = 46.974 / upper = 0.000 / lower = 0.000)
[20190811_090228 / lib_ip.py:4593] file : img.20190811_090226.2019-08-11_00-29-04_000.jpg.1.png 0 (black : variance --> out of range (variance = 46.974 / upper = 0.000 / lower = 0.000))
[20190811_090228 / lib_ip.py:2274] inspecting ===> img.20190811_090226.2019-08-11_00-29-04_000.jpg.2.png
[20190811_090228 / lib_ip.py:4505] 
img.20190811_090226.2019-08-11_00-29-04_000.jpg.2.png 1 ---------------------
[20190811_090228 / lib_ip.py:3753] file = img.20190811_090226.2019-08-11_00-29-04_000.jpg.2.png / val_Average = 100.9967	val_Variance = 11.7841	sd = 3.4328	max = 117	min = 90
[20190811_090228 / lib_ip.py:3836] len(Hs) = 8100, len(Ss) = 8100, len(Vs) = 8100
[20190811_090228 / lib_ip.py:3869] yellow : variance --> out of range (variance = 11.784 / upper = 0.650 / lower = 0.000)
[20190811_090228 / lib_ip.py:3753] file = img.20190811_090226.2019-08-11_00-29-04_000.jpg.2.png / val_Average = 100.9967	val_Variance = 11.7841	sd = 3.4328	max = 117	min = 90
[20190811_090228 / lib_ip.py:3936] len(Hs) = 8100, len(Ss) = 8100, len(Vs) = 8100
[20190811_090228 / lib_ip.py:3982] red : variance --> out of range (variance = 11.784 / upper = 0.430 / lower = 0.000)
[20190811_090229 / lib_ip.py:3753] file = img.20190811_090226.2019-08-11_00-29-04_000.jpg.2.png / val_Average = 100.9967	val_Variance = 11.7841	sd = 3.4328	max = 117	min = 90
[20190811_090229 / lib_ip.py:4052] len(Hs) = 8100, len(Ss) = 8100, len(Vs) = 8100
[20190811_090229 / lib_ip.py:4099] green : variance --> out of range (variance = 11.784 / upper = 0.760 / lower = 0.000)
[20190811_090229 / lib_ip.py:3753] file = img.20190811_090226.2019-08-11_00-29-04_000.jpg.2.png / val_Average = 100.9967	val_Variance = 11.7841	sd = 3.4328	max = 117	min = 90
[20190811_090229 / lib_ip.py:4169] len(Hs) = 8100, len(Ss) = 8100, len(Vs) = 8100
[20190811_090229 / lib_ip.py:4208] blue : variance --> out of range (variance = 11.784 / upper = 0.930 / lower = 0.010)
[20190811_090229 / lib_ip.py:3753] file = img.20190811_090226.2019-08-11_00-29-04_000.jpg.2.png / val_Average = 100.9967	val_Variance = 11.7841	sd = 3.4328	max = 117	min = 90
[20190811_090229 / lib_ip.py:4275] len(Hs) = 8100, len(Ss) = 8100, len(Vs) = 8100
[20190811_090229 / lib_ip.py:4314] pink : variance --> out of range (variance = 11.784 / upper = 0.750 / lower = 0.030)
[20190811_090229 / lib_ip.py:3753] file = img.20190811_090226.2019-08-11_00-29-04_000.jpg.2.png / val_Average = 100.9967	val_Variance = 11.7841	sd = 3.4328	max = 117	min = 90
[20190811_090229 / lib_ip.py:4378] len(Hs) = 8100, len(Ss) = 8100, len(Vs) = 8100
[20190811_090229 / lib_ip.py:4422] black : variance --> out of range (variance = 11.784 / upper = 0.000 / lower = 0.000)
[20190811_090229 / lib_ip.py:4593] file : img.20190811_090226.2019-08-11_00-29-04_000.jpg.2.png 1 (black : variance --> out of range (variance = 11.784 / upper = 0.000 / lower = 0.000))
[20190811_090229 / lib_ip.py:2274] inspecting ===> img.20190811_090226.2019-08-11_00-29-04_000.jpg.3.png
[20190811_090230 / lib_ip.py:4505] 
img.20190811_090226.2019-08-11_00-29-04_000.jpg.3.png 2 ---------------------
[20190811_090230 / lib_ip.py:3753] file = img.20190811_090226.2019-08-11_00-29-04_000.jpg.3.png / val_Average = 84.1226	val_Variance = 1121.5325	sd = 33.4893	max = 135	min = 0
[20190811_090230 / lib_ip.py:3836] len(Hs) = 8100, len(Ss) = 8100, len(Vs) = 8100
[20190811_090230 / lib_ip.py:3869] yellow : variance --> out of range (variance = 1121.533 / upper = 0.650 / lower = 0.000)
[20190811_090230 / lib_ip.py:3753] file = img.20190811_090226.2019-08-11_00-29-04_000.jpg.3.png / val_Average = 84.1226	val_Variance = 1121.5325	sd = 33.4893	max = 135	min = 0
[20190811_090230 / lib_ip.py:3936] len(Hs) = 8100, len(Ss) = 8100, len(Vs) = 8100
[20190811_090230 / lib_ip.py:3982] red : variance --> out of range (variance = 1121.533 / upper = 0.430 / lower = 0.000)
[20190811_090230 / lib_ip.py:3753] file = img.20190811_090226.2019-08-11_00-29-04_000.jpg.3.png / val_Average = 84.1226	val_Variance = 1121.5325	sd = 33.4893	max = 135	min = 0
[20190811_090230 / lib_ip.py:4052] len(Hs) = 8100, len(Ss) = 8100, len(Vs) = 8100
[20190811_090230 / lib_ip.py:4099] green : variance --> out of range (variance = 1121.533 / upper = 0.760 / lower = 0.000)
[20190811_090230 / lib_ip.py:3753] file = img.20190811_090226.2019-08-11_00-29-04_000.jpg.3.png / val_Average = 84.1226	val_Variance = 1121.5325	sd = 33.4893	max = 135	min = 0
[20190811_090230 / lib_ip.py:4169] len(Hs) = 8100, len(Ss) = 8100, len(Vs) = 8100
[20190811_090230 / lib_ip.py:4208] blue : variance --> out of range (variance = 1121.533 / upper = 0.930 / lower = 0.010)
[20190811_090230 / lib_ip.py:3753] file = img.20190811_090226.2019-08-11_00-29-04_000.jpg.3.png / val_Average = 84.1226	val_Variance = 1121.5325	sd = 33.4893	max = 135	min = 0
[20190811_090230 / lib_ip.py:4275] len(Hs) = 8100, len(Ss) = 8100, len(Vs) = 8100
[20190811_090230 / lib_ip.py:4314] pink : variance --> out of range (variance = 1121.533 / upper = 0.750 / lower = 0.030)
[20190811_090231 / lib_ip.py:3753] file = img.20190811_090226.2019-08-11_00-29-04_000.jpg.3.png / val_Average = 84.1226	val_Variance = 1121.5325	sd = 33.4893	max = 135	min = 0
[20190811_090231 / lib_ip.py:4378] len(Hs) = 8100, len(Ss) = 8100, len(Vs) = 8100
[20190811_090231 / lib_ip.py:4422] black : variance --> out of range (variance = 1121.533 / upper = 0.000 / lower = 0.000)
[20190811_090231 / lib_ip.py:4593] file : img.20190811_090226.2019-08-11_00-29-04_000.jpg.3.png 2 (black : variance --> out of range (variance = 1121.533 / upper = 0.000 / lower = 0.000))
[20190811_090231 / lib_ip.py:2274] inspecting ===> img.20190811_090226.2019-08-11_00-29-04_000.jpg.4.png
[20190811_090231 / lib_ip.py:4505] 
img.20190811_090226.2019-08-11_00-29-04_000.jpg.4.png 3 ---------------------
[20190811_090231 / lib_ip.py:3753] file = img.20190811_090226.2019-08-11_00-29-04_000.jpg.4.png / val_Average = 103.7162	val_Variance = 3.6131	sd = 1.9008	max = 108	min = 99
[20190811_090231 / lib_ip.py:3836] len(Hs) = 8100, len(Ss) = 8100, len(Vs) = 8100
[20190811_090231 / lib_ip.py:3869] yellow : variance --> out of range (variance = 3.613 / upper = 0.650 / lower = 0.000)
[20190811_090231 / lib_ip.py:3753] file = img.20190811_090226.2019-08-11_00-29-04_000.jpg.4.png / val_Average = 103.7162	val_Variance = 3.6131	sd = 1.9008	max = 108	min = 99
[20190811_090231 / lib_ip.py:3936] len(Hs) = 8100, len(Ss) = 8100, len(Vs) = 8100
[20190811_090232 / lib_ip.py:3982] red : variance --> out of range (variance = 3.613 / upper = 0.430 / lower = 0.000)
[20190811_090232 / lib_ip.py:3753] file = img.20190811_090226.2019-08-11_00-29-04_000.jpg.4.png / val_Average = 103.7162	val_Variance = 3.6131	sd = 1.9008	max = 108	min = 99
[20190811_090232 / lib_ip.py:4052] len(Hs) = 8100, len(Ss) = 8100, len(Vs) = 8100
[20190811_090232 / lib_ip.py:4099] green : variance --> out of range (variance = 3.613 / upper = 0.760 / lower = 0.000)
[20190811_090232 / lib_ip.py:3753] file = img.20190811_090226.2019-08-11_00-29-04_000.jpg.4.png / val_Average = 103.7162	val_Variance = 3.6131	sd = 1.9008	max = 108	min = 99
[20190811_090232 / lib_ip.py:4169] len(Hs) = 8100, len(Ss) = 8100, len(Vs) = 8100
[20190811_090232 / lib_ip.py:4208] blue : variance --> out of range (variance = 3.613 / upper = 0.930 / lower = 0.010)
[20190811_090232 / lib_ip.py:3753] file = img.20190811_090226.2019-08-11_00-29-04_000.jpg.4.png / val_Average = 103.7162	val_Variance = 3.6131	sd = 1.9008	max = 108	min = 99
[20190811_090232 / lib_ip.py:4275] len(Hs) = 8100, len(Ss) = 8100, len(Vs) = 8100
[20190811_090232 / lib_ip.py:4314] pink : variance --> out of range (variance = 3.613 / upper = 0.750 / lower = 0.030)
[20190811_090232 / lib_ip.py:3753] file = img.20190811_090226.2019-08-11_00-29-04_000.jpg.4.png / val_Average = 103.7162	val_Variance = 3.6131	sd = 1.9008	max = 108	min = 99
[20190811_090232 / lib_ip.py:4378] len(Hs) = 8100, len(Ss) = 8100, len(Vs) = 8100
[20190811_090233 / lib_ip.py:4422] black : variance --> out of range (variance = 3.613 / upper = 0.000 / lower = 0.000)
[20190811_090233 / lib_ip.py:4593] file : img.20190811_090226.2019-08-11_00-29-04_000.jpg.4.png 3 (black : variance --> out of range (variance = 3.613 / upper = 0.000 / lower = 0.000))
[20190811_090231 / lib_ip.py:2274] inspecting ===> img.20190811_090226.2019-08-11_00-29-04_000.jpg.4.png
img.20190811_090226.2019-08-11_00-29-04_000.jpg.1.png => other
img.20190811_090226.2019-08-11_00-29-04_000.jpg.2.png => other
img.20190811_090226.2019-08-11_00-29-04_000.jpg.3.png => other
img.20190811_090226.2019-08-11_00-29-04_000.jpg.4.png => other
[20190811_090233 lib_ip.py:3301] =============== Get 4 corners
dpath_Images = C:\WORKS_2\WS\WS_Others.Art\JVEMV6\46_art\VIRTUAL\Admin_Projects\ip\images
fname_Image = img.20190811_090226.2019-08-11_00-29-04_000.jpg.4.png

[20190811_090233 / lib_ip.py:2274] inspecting ===> img.20190811_090233.2019-08-11_07-59-07_000.jpg.1.png
[20190811_090234 / lib_ip.py:4505] 
img.20190811_090233.2019-08-11_07-59-07_000.jpg.1.png 0 ---------------------
[20190811_090234 / lib_ip.py:3753] file = img.20190811_090233.2019-08-11_07-59-07_000.jpg.1.png / val_Average = 96.8272	val_Variance = 256.5096	sd = 16.0159	max = 160	min = 0
[20190811_090234 / lib_ip.py:3836] len(Hs) = 8100, len(Ss) = 8100, len(Vs) = 8100
[20190811_090234 / lib_ip.py:3869] yellow : variance --> out of range (variance = 256.510 / upper = 0.650 / lower = 0.000)
[20190811_090234 / lib_ip.py:3753] file = img.20190811_090233.2019-08-11_07-59-07_000.jpg.1.png / val_Average = 96.8272	val_Variance = 256.5096	sd = 16.0159	max = 160	min = 0
[20190811_090234 / lib_ip.py:3936] len(Hs) = 8100, len(Ss) = 8100, len(Vs) = 8100
[20190811_090234 / lib_ip.py:3982] red : variance --> out of range (variance = 256.510 / upper = 0.430 / lower = 0.000)
[20190811_090234 / lib_ip.py:3753] file = img.20190811_090233.2019-08-11_07-59-07_000.jpg.1.png / val_Average = 96.8272	val_Variance = 256.5096	sd = 16.0159	max = 160	min = 0
[20190811_090234 / lib_ip.py:4052] len(Hs) = 8100, len(Ss) = 8100, len(Vs) = 8100
[20190811_090234 / lib_ip.py:4099] green : variance --> out of range (variance = 256.510 / upper = 0.760 / lower = 0.000)
[20190811_090234 / lib_ip.py:3753] file = img.20190811_090233.2019-08-11_07-59-07_000.jpg.1.png / val_Average = 96.8272	val_Variance = 256.5096	sd = 16.0159	max = 160	min = 0
[20190811_090235 / lib_ip.py:4169] len(Hs) = 8100, len(Ss) = 8100, len(Vs) = 8100
[20190811_090235 / lib_ip.py:4208] blue : variance --> out of range (variance = 256.510 / upper = 0.930 / lower = 0.010)
[20190811_090235 / lib_ip.py:3753] file = img.20190811_090233.2019-08-11_07-59-07_000.jpg.1.png / val_Average = 96.8272	val_Variance = 256.5096	sd = 16.0159	max = 160	min = 0
[20190811_090235 / lib_ip.py:4275] len(Hs) = 8100, len(Ss) = 8100, len(Vs) = 8100
[20190811_090235 / lib_ip.py:4314] pink : variance --> out of range (variance = 256.510 / upper = 0.750 / lower = 0.030)
[20190811_090235 / lib_ip.py:3753] file = img.20190811_090233.2019-08-11_07-59-07_000.jpg.1.png / val_Average = 96.8272	val_Variance = 256.5096	sd = 16.0159	max = 160	min = 0
[20190811_090235 / lib_ip.py:4378] len(Hs) = 8100, len(Ss) = 8100, len(Vs) = 8100
[20190811_090235 / lib_ip.py:4422] black : variance --> out of range (variance = 256.510 / upper = 0.000 / lower = 0.000)
[20190811_090235 / lib_ip.py:4593] file : img.20190811_090233.2019-08-11_07-59-07_000.jpg.1.png 0 (black : variance --> out of range (variance = 256.510 / upper = 0.000 / lower = 0.000))
[20190811_090235 / lib_ip.py:2274] inspecting ===> img.20190811_090233.2019-08-11_07-59-07_000.jpg.2.png
[20190811_090235 / lib_ip.py:4505] 
img.20190811_090233.2019-08-11_07-59-07_000.jpg.2.png 1 ---------------------
[20190811_090235 / lib_ip.py:3753] file = img.20190811_090233.2019-08-11_07-59-07_000.jpg.2.png / val_Average = 78.2737	val_Variance = 4407.4079	sd = 66.3883	max = 176	min = 0
[20190811_090235 / lib_ip.py:3836] len(Hs) = 8100, len(Ss) = 8100, len(Vs) = 8100
[20190811_090235 / lib_ip.py:3869] yellow : variance --> out of range (variance = 4407.408 / upper = 0.650 / lower = 0.000)
[20190811_090236 / lib_ip.py:3753] file = img.20190811_090233.2019-08-11_07-59-07_000.jpg.2.png / val_Average = 78.2737	val_Variance = 4407.4079	sd = 66.3883	max = 176	min = 0
[20190811_090236 / lib_ip.py:3936] len(Hs) = 8100, len(Ss) = 8100, len(Vs) = 8100
[20190811_090236 / lib_ip.py:3982] red : variance --> out of range (variance = 4407.408 / upper = 0.430 / lower = 0.000)
[20190811_090236 / lib_ip.py:3753] file = img.20190811_090233.2019-08-11_07-59-07_000.jpg.2.png / val_Average = 78.2737	val_Variance = 4407.4079	sd = 66.3883	max = 176	min = 0
[20190811_090236 / lib_ip.py:4052] len(Hs) = 8100, len(Ss) = 8100, len(Vs) = 8100
[20190811_090236 / lib_ip.py:4099] green : variance --> out of range (variance = 4407.408 / upper = 0.760 / lower = 0.000)
[20190811_090236 / lib_ip.py:3753] file = img.20190811_090233.2019-08-11_07-59-07_000.jpg.2.png / val_Average = 78.2737	val_Variance = 4407.4079	sd = 66.3883	max = 176	min = 0
[20190811_090236 / lib_ip.py:4169] len(Hs) = 8100, len(Ss) = 8100, len(Vs) = 8100
[20190811_090236 / lib_ip.py:4208] blue : variance --> out of range (variance = 4407.408 / upper = 0.930 / lower = 0.010)
[20190811_090236 / lib_ip.py:3753] file = img.20190811_090233.2019-08-11_07-59-07_000.jpg.2.png / val_Average = 78.2737	val_Variance = 4407.4079	sd = 66.3883	max = 176	min = 0
[20190811_090236 / lib_ip.py:4275] len(Hs) = 8100, len(Ss) = 8100, len(Vs) = 8100
[20190811_090236 / lib_ip.py:4314] pink : variance --> out of range (variance = 4407.408 / upper = 0.750 / lower = 0.030)
[20190811_090236 / lib_ip.py:3753] file = img.20190811_090233.2019-08-11_07-59-07_000.jpg.2.png / val_Average = 78.2737	val_Variance = 4407.4079	sd = 66.3883	max = 176	min = 0
[20190811_090236 / lib_ip.py:4378] len(Hs) = 8100, len(Ss) = 8100, len(Vs) = 8100
[20190811_090236 / lib_ip.py:4422] black : variance --> out of range (variance = 4407.408 / upper = 0.000 / lower = 0.000)
[20190811_090236 / lib_ip.py:4593] file : img.20190811_090233.2019-08-11_07-59-07_000.jpg.2.png 1 (black : variance --> out of range (variance = 4407.408 / upper = 0.000 / lower = 0.000))
[20190811_090236 / lib_ip.py:2274] inspecting ===> img.20190811_090233.2019-08-11_07-59-07_000.jpg.3.png
[20190811_090237 / lib_ip.py:4505] 
img.20190811_090233.2019-08-11_07-59-07_000.jpg.3.png 2 ---------------------
[20190811_090237 / lib_ip.py:3753] file = img.20190811_090233.2019-08-11_07-59-07_000.jpg.3.png / val_Average = 101.1483	val_Variance = 1.0833	sd = 1.0408	max = 104	min = 98
[20190811_090237 / lib_ip.py:3836] len(Hs) = 8100, len(Ss) = 8100, len(Vs) = 8100
[20190811_090237 / lib_ip.py:3869] yellow : variance --> out of range (variance = 1.083 / upper = 0.650 / lower = 0.000)
[20190811_090237 / lib_ip.py:3753] file = img.20190811_090233.2019-08-11_07-59-07_000.jpg.3.png / val_Average = 101.1483	val_Variance = 1.0833	sd = 1.0408	max = 104	min = 98
[20190811_090237 / lib_ip.py:3936] len(Hs) = 8100, len(Ss) = 8100, len(Vs) = 8100
[20190811_090237 / lib_ip.py:3982] red : variance --> out of range (variance = 1.083 / upper = 0.430 / lower = 0.000)
[20190811_090237 / lib_ip.py:3753] file = img.20190811_090233.2019-08-11_07-59-07_000.jpg.3.png / val_Average = 101.1483	val_Variance = 1.0833	sd = 1.0408	max = 104	min = 98
[20190811_090237 / lib_ip.py:4052] len(Hs) = 8100, len(Ss) = 8100, len(Vs) = 8100
[20190811_090237 / lib_ip.py:4099] green : variance --> out of range (variance = 1.083 / upper = 0.760 / lower = 0.000)
[20190811_090237 / lib_ip.py:3753] file = img.20190811_090233.2019-08-11_07-59-07_000.jpg.3.png / val_Average = 101.1483	val_Variance = 1.0833	sd = 1.0408	max = 104	min = 98
[20190811_090237 / lib_ip.py:4169] len(Hs) = 8100, len(Ss) = 8100, len(Vs) = 8100
[20190811_090238 / lib_ip.py:4208] blue : variance --> out of range (variance = 1.083 / upper = 0.930 / lower = 0.010)
[20190811_090238 / lib_ip.py:3753] file = img.20190811_090233.2019-08-11_07-59-07_000.jpg.3.png / val_Average = 101.1483	val_Variance = 1.0833	sd = 1.0408	max = 104	min = 98
[20190811_090238 / lib_ip.py:4275] len(Hs) = 8100, len(Ss) = 8100, len(Vs) = 8100
[20190811_090238 / lib_ip.py:4314] pink : variance --> out of range (variance = 1.083 / upper = 0.750 / lower = 0.030)
[20190811_090238 / lib_ip.py:3753] file = img.20190811_090233.2019-08-11_07-59-07_000.jpg.3.png / val_Average = 101.1483	val_Variance = 1.0833	sd = 1.0408	max = 104	min = 98
[20190811_090238 / lib_ip.py:4378] len(Hs) = 8100, len(Ss) = 8100, len(Vs) = 8100
[20190811_090238 / lib_ip.py:4422] black : variance --> out of range (variance = 1.083 / upper = 0.000 / lower = 0.000)
[20190811_090238 / lib_ip.py:4593] file : img.20190811_090233.2019-08-11_07-59-07_000.jpg.3.png 2 (black : variance --> out of range (variance = 1.083 / upper = 0.000 / lower = 0.000))
[20190811_090238 / lib_ip.py:2274] inspecting ===> img.20190811_090233.2019-08-11_07-59-07_000.jpg.4.png
[20190811_090238 / lib_ip.py:4505] 
img.20190811_090233.2019-08-11_07-59-07_000.jpg.4.png 3 ---------------------
[20190811_090238 / lib_ip.py:3753] file = img.20190811_090233.2019-08-11_07-59-07_000.jpg.4.png / val_Average = 102.2579	val_Variance = 0.7721	sd = 0.8787	max = 105	min = 101
[20190811_090238 / lib_ip.py:3836] len(Hs) = 8100, len(Ss) = 8100, len(Vs) = 8100
[20190811_090238 / lib_ip.py:3869] yellow : variance --> out of range (variance = 0.772 / upper = 0.650 / lower = 0.000)
[20190811_090238 / lib_ip.py:3753] file = img.20190811_090233.2019-08-11_07-59-07_000.jpg.4.png / val_Average = 102.2579	val_Variance = 0.7721	sd = 0.8787	max = 105	min = 101
[20190811_090238 / lib_ip.py:3936] len(Hs) = 8100, len(Ss) = 8100, len(Vs) = 8100
[20190811_090238 / lib_ip.py:3982] red : variance --> out of range (variance = 0.772 / upper = 0.430 / lower = 0.000)
[20190811_090239 / lib_ip.py:3753] file = img.20190811_090233.2019-08-11_07-59-07_000.jpg.4.png / val_Average = 102.2579	val_Variance = 0.7721	sd = 0.8787	max = 105	min = 101
[20190811_090239 / lib_ip.py:4052] len(Hs) = 8100, len(Ss) = 8100, len(Vs) = 8100
[20190811_090239 / lib_ip.py:4099] green : variance --> out of range (variance = 0.772 / upper = 0.760 / lower = 0.000)
[20190811_090239 / lib_ip.py:3753] file = img.20190811_090233.2019-08-11_07-59-07_000.jpg.4.png / val_Average = 102.2579	val_Variance = 0.7721	sd = 0.8787	max = 105	min = 101
[20190811_090239 / lib_ip.py:4169] len(Hs) = 8100, len(Ss) = 8100, len(Vs) = 8100
[20190811_090239 / lib_ip.py:4230] blue : average --> out of range (average = 102.258 / upper = 17.000 / lower = 8.850)
[20190811_090239 / lib_ip.py:3753] file = img.20190811_090233.2019-08-11_07-59-07_000.jpg.4.png / val_Average = 102.2579	val_Variance = 0.7721	sd = 0.8787	max = 105	min = 101
[20190811_090239 / lib_ip.py:4275] len(Hs) = 8100, len(Ss) = 8100, len(Vs) = 8100
[20190811_090239 / lib_ip.py:4314] pink : variance --> out of range (variance = 0.772 / upper = 0.750 / lower = 0.030)
[20190811_090239 / lib_ip.py:3753] file = img.20190811_090233.2019-08-11_07-59-07_000.jpg.4.png / val_Average = 102.2579	val_Variance = 0.7721	sd = 0.8787	max = 105	min = 101
[20190811_090239 / lib_ip.py:4378] len(Hs) = 8100, len(Ss) = 8100, len(Vs) = 8100
[20190811_090239 / lib_ip.py:4422] black : variance --> out of range (variance = 0.772 / upper = 0.000 / lower = 0.000)
[20190811_090239 / lib_ip.py:4593] file : img.20190811_090233.2019-08-11_07-59-07_000.jpg.4.png 3 (black : variance --> out of range (variance = 0.772 / upper = 0.000 / lower = 0.000))
[20190811_090238 / lib_ip.py:2274] inspecting ===> img.20190811_090233.2019-08-11_07-59-07_000.jpg.4.png
img.20190811_090233.2019-08-11_07-59-07_000.jpg.1.png => other
img.20190811_090233.2019-08-11_07-59-07_000.jpg.2.png => other
img.20190811_090233.2019-08-11_07-59-07_000.jpg.3.png => other
img.20190811_090233.2019-08-11_07-59-07_000.jpg.4.png => other
[20190811_090239 lib_ip.py:3301] =============== Get 4 corners
dpath_Images = C:\WORKS_2\WS\WS_Others.Art\JVEMV6\46_art\VIRTUAL\Admin_Projects\ip\images
fname_Image = img.20190811_090233.2019-08-11_07-59-07_000.jpg.4.png

[20190811_090240 / views.py:1411] gen csv => complete (20190811_090240)(elapsed = 36.384 sec / 5 files / 7.277 sec per file)
1)	2019-08-10_11-58-56_000.jpg => 	other yellow other other 
2)	2019-08-10_18-18-23_000.jpg => 	other blue other other 
3)	2019-08-10_20-39-27_000.jpg => 	other other yellow other 
4)	2019-08-11_00-29-04_000.jpg => 	other other other other 
5)	2019-08-11_07-59-07_000.jpg => 	other other other other 
[20190811_090240 / views.py:1753] lo_ColorName_Set__Modified_2 =>
1)	2019-08-10_11-58-56_000.jpg => 	o o o y 
2)	2019-08-10_18-18-23_000.jpg => 	b o o o 
3)	2019-08-10_20-39-27_000.jpg => 	o o o y 
4)	2019-08-11_00-29-04_000.jpg => 	o o o o 
5)	2019-08-11_07-59-07_000.jpg => 	o o o o 
[20190811_090241 / views.py:1839] gen_Cake_CSV(request) ==> ending... =======================//

