[20191011_082709 / views.py:1822] gen_Cake_CSV(request) ==> starting... =======================
[20191011_082711 / lib_ip.py:2274] inspecting ===> img.20191011_082711.2019-10-10_11-18-57_000.jpg.1.png
[20191011_082711 / lib_ip.py:4505] 
img.20191011_082711.2019-10-10_11-18-57_000.jpg.1.png 0 ---------------------
[20191011_082712 / lib_ip.py:3753] file = img.20191011_082711.2019-10-10_11-18-57_000.jpg.1.png / val_Average = 87.3302	val_Variance = 55.8748	sd = 7.4749	max = 135	min = 0
[20191011_082712 / lib_ip.py:3836] len(Hs) = 8100, len(Ss) = 8100, len(Vs) = 8100
[20191011_082712 / lib_ip.py:3869] yellow : variance --> out of range (variance = 55.875 / upper = 0.650 / lower = 0.000)
[20191011_082712 / lib_ip.py:3753] file = img.20191011_082711.2019-10-10_11-18-57_000.jpg.1.png / val_Average = 87.3302	val_Variance = 55.8748	sd = 7.4749	max = 135	min = 0
[20191011_082712 / lib_ip.py:3936] len(Hs) = 8100, len(Ss) = 8100, len(Vs) = 8100
[20191011_082712 / lib_ip.py:3982] red : variance --> out of range (variance = 55.875 / upper = 0.430 / lower = 0.000)
[20191011_082712 / lib_ip.py:3753] file = img.20191011_082711.2019-10-10_11-18-57_000.jpg.1.png / val_Average = 87.3302	val_Variance = 55.8748	sd = 7.4749	max = 135	min = 0
[20191011_082712 / lib_ip.py:4052] len(Hs) = 8100, len(Ss) = 8100, len(Vs) = 8100
[20191011_082712 / lib_ip.py:4099] green : variance --> out of range (variance = 55.875 / upper = 0.760 / lower = 0.000)
[20191011_082712 / lib_ip.py:3753] file = img.20191011_082711.2019-10-10_11-18-57_000.jpg.1.png / val_Average = 87.3302	val_Variance = 55.8748	sd = 7.4749	max = 135	min = 0
[20191011_082712 / lib_ip.py:4169] len(Hs) = 8100, len(Ss) = 8100, len(Vs) = 8100
[20191011_082712 / lib_ip.py:4208] blue : variance --> out of range (variance = 55.875 / upper = 0.930 / lower = 0.010)
[20191011_082712 / lib_ip.py:3753] file = img.20191011_082711.2019-10-10_11-18-57_000.jpg.1.png / val_Average = 87.3302	val_Variance = 55.8748	sd = 7.4749	max = 135	min = 0
[20191011_082712 / lib_ip.py:4275] len(Hs) = 8100, len(Ss) = 8100, len(Vs) = 8100
[20191011_082712 / lib_ip.py:4314] pink : variance --> out of range (variance = 55.875 / upper = 0.750 / lower = 0.030)
[20191011_082712 / lib_ip.py:3753] file = img.20191011_082711.2019-10-10_11-18-57_000.jpg.1.png / val_Average = 87.3302	val_Variance = 55.8748	sd = 7.4749	max = 135	min = 0
[20191011_082712 / lib_ip.py:4378] len(Hs) = 8100, len(Ss) = 8100, len(Vs) = 8100
[20191011_082712 / lib_ip.py:4422] black : variance --> out of range (variance = 55.875 / upper = 0.000 / lower = 0.000)
[20191011_082712 / lib_ip.py:4593] file : img.20191011_082711.2019-10-10_11-18-57_000.jpg.1.png 0 (black : variance --> out of range (variance = 55.875 / upper = 0.000 / lower = 0.000))
[20191011_082712 / lib_ip.py:2274] inspecting ===> img.20191011_082711.2019-10-10_11-18-57_000.jpg.2.png
[20191011_082713 / lib_ip.py:4505] 
img.20191011_082711.2019-10-10_11-18-57_000.jpg.2.png 1 ---------------------
[20191011_082713 / lib_ip.py:3753] file = img.20191011_082711.2019-10-10_11-18-57_000.jpg.2.png / val_Average = 92.9472	val_Variance = 0.0505	sd = 0.2248	max = 94	min = 92
[20191011_082713 / lib_ip.py:3836] len(Hs) = 8100, len(Ss) = 8100, len(Vs) = 8100
[20191011_082713 / lib_ip.py:2274] inspecting ===> img.20191011_082711.2019-10-10_11-18-57_000.jpg.3.png
[20191011_082713 / lib_ip.py:4505] 
img.20191011_082711.2019-10-10_11-18-57_000.jpg.3.png 2 ---------------------
[20191011_082713 / lib_ip.py:3753] file = img.20191011_082711.2019-10-10_11-18-57_000.jpg.3.png / val_Average = 114.1831	val_Variance = 8.6804	sd = 2.9463	max = 120	min = 104
[20191011_082713 / lib_ip.py:3836] len(Hs) = 8100, len(Ss) = 8100, len(Vs) = 8100
[20191011_082713 / lib_ip.py:3869] yellow : variance --> out of range (variance = 8.680 / upper = 0.650 / lower = 0.000)
[20191011_082714 / lib_ip.py:3753] file = img.20191011_082711.2019-10-10_11-18-57_000.jpg.3.png / val_Average = 114.1831	val_Variance = 8.6804	sd = 2.9463	max = 120	min = 104
[20191011_082714 / lib_ip.py:3936] len(Hs) = 8100, len(Ss) = 8100, len(Vs) = 8100
[20191011_082714 / lib_ip.py:3982] red : variance --> out of range (variance = 8.680 / upper = 0.430 / lower = 0.000)
[20191011_082714 / lib_ip.py:3753] file = img.20191011_082711.2019-10-10_11-18-57_000.jpg.3.png / val_Average = 114.1831	val_Variance = 8.6804	sd = 2.9463	max = 120	min = 104
[20191011_082714 / lib_ip.py:4052] len(Hs) = 8100, len(Ss) = 8100, len(Vs) = 8100
[20191011_082714 / lib_ip.py:4099] green : variance --> out of range (variance = 8.680 / upper = 0.760 / lower = 0.000)
[20191011_082714 / lib_ip.py:3753] file = img.20191011_082711.2019-10-10_11-18-57_000.jpg.3.png / val_Average = 114.1831	val_Variance = 8.6804	sd = 2.9463	max = 120	min = 104
[20191011_082714 / lib_ip.py:4169] len(Hs) = 8100, len(Ss) = 8100, len(Vs) = 8100
[20191011_082714 / lib_ip.py:4208] blue : variance --> out of range (variance = 8.680 / upper = 0.930 / lower = 0.010)
[20191011_082714 / lib_ip.py:3753] file = img.20191011_082711.2019-10-10_11-18-57_000.jpg.3.png / val_Average = 114.1831	val_Variance = 8.6804	sd = 2.9463	max = 120	min = 104
[20191011_082714 / lib_ip.py:4275] len(Hs) = 8100, len(Ss) = 8100, len(Vs) = 8100
[20191011_082714 / lib_ip.py:4314] pink : variance --> out of range (variance = 8.680 / upper = 0.750 / lower = 0.030)
[20191011_082714 / lib_ip.py:3753] file = img.20191011_082711.2019-10-10_11-18-57_000.jpg.3.png / val_Average = 114.1831	val_Variance = 8.6804	sd = 2.9463	max = 120	min = 104
[20191011_082714 / lib_ip.py:4378] len(Hs) = 8100, len(Ss) = 8100, len(Vs) = 8100
[20191011_082714 / lib_ip.py:4422] black : variance --> out of range (variance = 8.680 / upper = 0.000 / lower = 0.000)
[20191011_082714 / lib_ip.py:4593] file : img.20191011_082711.2019-10-10_11-18-57_000.jpg.3.png 2 (black : variance --> out of range (variance = 8.680 / upper = 0.000 / lower = 0.000))
[20191011_082714 / lib_ip.py:2274] inspecting ===> img.20191011_082711.2019-10-10_11-18-57_000.jpg.4.png
[20191011_082714 / lib_ip.py:4505] 
img.20191011_082711.2019-10-10_11-18-57_000.jpg.4.png 3 ---------------------
[20191011_082715 / lib_ip.py:3753] file = img.20191011_082711.2019-10-10_11-18-57_000.jpg.4.png / val_Average = 0.1111	val_Variance = 9.9877	sd = 3.1603	max = 90	min = 0
[20191011_082715 / lib_ip.py:3836] len(Hs) = 8100, len(Ss) = 8100, len(Vs) = 8100
[20191011_082715 / lib_ip.py:3869] yellow : variance --> out of range (variance = 9.988 / upper = 0.650 / lower = 0.000)
[20191011_082715 / lib_ip.py:3753] file = img.20191011_082711.2019-10-10_11-18-57_000.jpg.4.png / val_Average = 0.1111	val_Variance = 9.9877	sd = 3.1603	max = 90	min = 0
[20191011_082715 / lib_ip.py:3936] len(Hs) = 8100, len(Ss) = 8100, len(Vs) = 8100
[20191011_082715 / lib_ip.py:3982] red : variance --> out of range (variance = 9.988 / upper = 0.430 / lower = 0.000)
[20191011_082715 / lib_ip.py:3753] file = img.20191011_082711.2019-10-10_11-18-57_000.jpg.4.png / val_Average = 0.1111	val_Variance = 9.9877	sd = 3.1603	max = 90	min = 0
[20191011_082715 / lib_ip.py:4052] len(Hs) = 8100, len(Ss) = 8100, len(Vs) = 8100
[20191011_082715 / lib_ip.py:4099] green : variance --> out of range (variance = 9.988 / upper = 0.760 / lower = 0.000)
[20191011_082715 / lib_ip.py:3753] file = img.20191011_082711.2019-10-10_11-18-57_000.jpg.4.png / val_Average = 0.1111	val_Variance = 9.9877	sd = 3.1603	max = 90	min = 0
[20191011_082715 / lib_ip.py:4169] len(Hs) = 8100, len(Ss) = 8100, len(Vs) = 8100
[20191011_082715 / lib_ip.py:4208] blue : variance --> out of range (variance = 9.988 / upper = 0.930 / lower = 0.010)
[20191011_082715 / lib_ip.py:3753] file = img.20191011_082711.2019-10-10_11-18-57_000.jpg.4.png / val_Average = 0.1111	val_Variance = 9.9877	sd = 3.1603	max = 90	min = 0
[20191011_082715 / lib_ip.py:4275] len(Hs) = 8100, len(Ss) = 8100, len(Vs) = 8100
[20191011_082715 / lib_ip.py:4314] pink : variance --> out of range (variance = 9.988 / upper = 0.750 / lower = 0.030)
[20191011_082715 / lib_ip.py:3753] file = img.20191011_082711.2019-10-10_11-18-57_000.jpg.4.png / val_Average = 0.1111	val_Variance = 9.9877	sd = 3.1603	max = 90	min = 0
[20191011_082715 / lib_ip.py:4378] len(Hs) = 8100, len(Ss) = 8100, len(Vs) = 8100
[20191011_082716 / lib_ip.py:4422] black : variance --> out of range (variance = 9.988 / upper = 0.000 / lower = 0.000)
[20191011_082716 / lib_ip.py:4593] file : img.20191011_082711.2019-10-10_11-18-57_000.jpg.4.png 3 (black : variance --> out of range (variance = 9.988 / upper = 0.000 / lower = 0.000))
[20191011_082714 / lib_ip.py:2274] inspecting ===> img.20191011_082711.2019-10-10_11-18-57_000.jpg.4.png
img.20191011_082711.2019-10-10_11-18-57_000.jpg.1.png => other
img.20191011_082711.2019-10-10_11-18-57_000.jpg.2.png => other
img.20191011_082711.2019-10-10_11-18-57_000.jpg.3.png => other
img.20191011_082711.2019-10-10_11-18-57_000.jpg.4.png => other
[20191011_082716 lib_ip.py:3301] =============== Get 4 corners
dpath_Images = C:\WORKS_2\WS\WS_Others.Art\JVEMV6\46_art\VIRTUAL\Admin_Projects\ip\images
fname_Image = img.20191011_082711.2019-10-10_11-18-57_000.jpg.4.png

[20191011_082716 / lib_ip.py:2274] inspecting ===> img.20191011_082716.2019-10-10_14-23-52_000.jpg.1.png
[20191011_082716 / lib_ip.py:4505] 
img.20191011_082716.2019-10-10_14-23-52_000.jpg.1.png 0 ---------------------
[20191011_082717 / lib_ip.py:3753] file = img.20191011_082716.2019-10-10_14-23-52_000.jpg.1.png / val_Average = 74.6242	val_Variance = 1.6659	sd = 1.2907	max = 83	min = 73
[20191011_082717 / lib_ip.py:3836] len(Hs) = 8100, len(Ss) = 8100, len(Vs) = 8100
[20191011_082717 / lib_ip.py:3869] yellow : variance --> out of range (variance = 1.666 / upper = 0.650 / lower = 0.000)
[20191011_082717 / lib_ip.py:3753] file = img.20191011_082716.2019-10-10_14-23-52_000.jpg.1.png / val_Average = 74.6242	val_Variance = 1.6659	sd = 1.2907	max = 83	min = 73
[20191011_082717 / lib_ip.py:3936] len(Hs) = 8100, len(Ss) = 8100, len(Vs) = 8100
[20191011_082717 / lib_ip.py:3982] red : variance --> out of range (variance = 1.666 / upper = 0.430 / lower = 0.000)
[20191011_082717 / lib_ip.py:3753] file = img.20191011_082716.2019-10-10_14-23-52_000.jpg.1.png / val_Average = 74.6242	val_Variance = 1.6659	sd = 1.2907	max = 83	min = 73
[20191011_082717 / lib_ip.py:4052] len(Hs) = 8100, len(Ss) = 8100, len(Vs) = 8100
[20191011_082717 / lib_ip.py:4099] green : variance --> out of range (variance = 1.666 / upper = 0.760 / lower = 0.000)
[20191011_082717 / lib_ip.py:3753] file = img.20191011_082716.2019-10-10_14-23-52_000.jpg.1.png / val_Average = 74.6242	val_Variance = 1.6659	sd = 1.2907	max = 83	min = 73
[20191011_082717 / lib_ip.py:4169] len(Hs) = 8100, len(Ss) = 8100, len(Vs) = 8100
[20191011_082717 / lib_ip.py:4208] blue : variance --> out of range (variance = 1.666 / upper = 0.930 / lower = 0.010)
[20191011_082717 / lib_ip.py:3753] file = img.20191011_082716.2019-10-10_14-23-52_000.jpg.1.png / val_Average = 74.6242	val_Variance = 1.6659	sd = 1.2907	max = 83	min = 73
[20191011_082717 / lib_ip.py:4275] len(Hs) = 8100, len(Ss) = 8100, len(Vs) = 8100
[20191011_082717 / lib_ip.py:4314] pink : variance --> out of range (variance = 1.666 / upper = 0.750 / lower = 0.030)
[20191011_082717 / lib_ip.py:3753] file = img.20191011_082716.2019-10-10_14-23-52_000.jpg.1.png / val_Average = 74.6242	val_Variance = 1.6659	sd = 1.2907	max = 83	min = 73
[20191011_082717 / lib_ip.py:4378] len(Hs) = 8100, len(Ss) = 8100, len(Vs) = 8100
[20191011_082717 / lib_ip.py:4422] black : variance --> out of range (variance = 1.666 / upper = 0.000 / lower = 0.000)
[20191011_082717 / lib_ip.py:4593] file : img.20191011_082716.2019-10-10_14-23-52_000.jpg.1.png 0 (black : variance --> out of range (variance = 1.666 / upper = 0.000 / lower = 0.000))
[20191011_082717 / lib_ip.py:2274] inspecting ===> img.20191011_082716.2019-10-10_14-23-52_000.jpg.2.png
[20191011_082718 / lib_ip.py:4505] 
img.20191011_082716.2019-10-10_14-23-52_000.jpg.2.png 1 ---------------------
[20191011_082718 / lib_ip.py:3753] file = img.20191011_082716.2019-10-10_14-23-52_000.jpg.2.png / val_Average = 14.4168	val_Variance = 0.2742	sd = 0.5236	max = 16	min = 13
[20191011_082718 / lib_ip.py:3836] len(Hs) = 8100, len(Ss) = 8100, len(Vs) = 8100
[20191011_082718 / lib_ip.py:3891] yellow : average --> out of range (average = 14.417 / upper = 99.200 / lower = 85.500)
[20191011_082718 / lib_ip.py:3753] file = img.20191011_082716.2019-10-10_14-23-52_000.jpg.2.png / val_Average = 14.4168	val_Variance = 0.2742	sd = 0.5236	max = 16	min = 13
[20191011_082718 / lib_ip.py:3936] len(Hs) = 8100, len(Ss) = 8100, len(Vs) = 8100
[20191011_082718 / lib_ip.py:4007] red : average --> out of range (average = 14.417 / upper = 124.600 / lower = 115.000)
[20191011_082718 / lib_ip.py:3753] file = img.20191011_082716.2019-10-10_14-23-52_000.jpg.2.png / val_Average = 14.4168	val_Variance = 0.2742	sd = 0.5236	max = 16	min = 13
[20191011_082718 / lib_ip.py:4052] len(Hs) = 8100, len(Ss) = 8100, len(Vs) = 8100
[20191011_082718 / lib_ip.py:4124] green : average --> out of range (average = 14.417 / upper = 85.000 / lower = 58.000)
[20191011_082718 / lib_ip.py:3753] file = img.20191011_082716.2019-10-10_14-23-52_000.jpg.2.png / val_Average = 14.4168	val_Variance = 0.2742	sd = 0.5236	max = 16	min = 13
[20191011_082718 / lib_ip.py:4169] len(Hs) = 8100, len(Ss) = 8100, len(Vs) = 8100
[20191011_082718 / lib_ip.py:2274] inspecting ===> img.20191011_082716.2019-10-10_14-23-52_000.jpg.3.png
[20191011_082719 / lib_ip.py:4505] 
img.20191011_082716.2019-10-10_14-23-52_000.jpg.3.png 2 ---------------------
[20191011_082719 / lib_ip.py:3753] file = img.20191011_082716.2019-10-10_14-23-52_000.jpg.3.png / val_Average = 105.8422	val_Variance = 2.7679	sd = 1.6637	max = 110	min = 100
[20191011_082719 / lib_ip.py:3836] len(Hs) = 8100, len(Ss) = 8100, len(Vs) = 8100
[20191011_082719 / lib_ip.py:3869] yellow : variance --> out of range (variance = 2.768 / upper = 0.650 / lower = 0.000)
[20191011_082719 / lib_ip.py:3753] file = img.20191011_082716.2019-10-10_14-23-52_000.jpg.3.png / val_Average = 105.8422	val_Variance = 2.7679	sd = 1.6637	max = 110	min = 100
[20191011_082719 / lib_ip.py:3936] len(Hs) = 8100, len(Ss) = 8100, len(Vs) = 8100
[20191011_082719 / lib_ip.py:3982] red : variance --> out of range (variance = 2.768 / upper = 0.430 / lower = 0.000)
[20191011_082719 / lib_ip.py:3753] file = img.20191011_082716.2019-10-10_14-23-52_000.jpg.3.png / val_Average = 105.8422	val_Variance = 2.7679	sd = 1.6637	max = 110	min = 100
[20191011_082719 / lib_ip.py:4052] len(Hs) = 8100, len(Ss) = 8100, len(Vs) = 8100
[20191011_082719 / lib_ip.py:4099] green : variance --> out of range (variance = 2.768 / upper = 0.760 / lower = 0.000)
[20191011_082719 / lib_ip.py:3753] file = img.20191011_082716.2019-10-10_14-23-52_000.jpg.3.png / val_Average = 105.8422	val_Variance = 2.7679	sd = 1.6637	max = 110	min = 100
[20191011_082719 / lib_ip.py:4169] len(Hs) = 8100, len(Ss) = 8100, len(Vs) = 8100
[20191011_082719 / lib_ip.py:4208] blue : variance --> out of range (variance = 2.768 / upper = 0.930 / lower = 0.010)
[20191011_082719 / lib_ip.py:3753] file = img.20191011_082716.2019-10-10_14-23-52_000.jpg.3.png / val_Average = 105.8422	val_Variance = 2.7679	sd = 1.6637	max = 110	min = 100
[20191011_082719 / lib_ip.py:4275] len(Hs) = 8100, len(Ss) = 8100, len(Vs) = 8100
[20191011_082720 / lib_ip.py:4314] pink : variance --> out of range (variance = 2.768 / upper = 0.750 / lower = 0.030)
[20191011_082720 / lib_ip.py:3753] file = img.20191011_082716.2019-10-10_14-23-52_000.jpg.3.png / val_Average = 105.8422	val_Variance = 2.7679	sd = 1.6637	max = 110	min = 100
[20191011_082720 / lib_ip.py:4378] len(Hs) = 8100, len(Ss) = 8100, len(Vs) = 8100
[20191011_082720 / lib_ip.py:4422] black : variance --> out of range (variance = 2.768 / upper = 0.000 / lower = 0.000)
[20191011_082720 / lib_ip.py:4593] file : img.20191011_082716.2019-10-10_14-23-52_000.jpg.3.png 2 (black : variance --> out of range (variance = 2.768 / upper = 0.000 / lower = 0.000))
[20191011_082720 / lib_ip.py:2274] inspecting ===> img.20191011_082716.2019-10-10_14-23-52_000.jpg.4.png
[20191011_082720 / lib_ip.py:4505] 
img.20191011_082716.2019-10-10_14-23-52_000.jpg.4.png 3 ---------------------
[20191011_082720 / lib_ip.py:3753] file = img.20191011_082716.2019-10-10_14-23-52_000.jpg.4.png / val_Average = 99.4260	val_Variance = 10.9989	sd = 3.3165	max = 112	min = 90
[20191011_082720 / lib_ip.py:3836] len(Hs) = 8100, len(Ss) = 8100, len(Vs) = 8100
[20191011_082720 / lib_ip.py:3869] yellow : variance --> out of range (variance = 10.999 / upper = 0.650 / lower = 0.000)
[20191011_082720 / lib_ip.py:3753] file = img.20191011_082716.2019-10-10_14-23-52_000.jpg.4.png / val_Average = 99.4260	val_Variance = 10.9989	sd = 3.3165	max = 112	min = 90
[20191011_082720 / lib_ip.py:3936] len(Hs) = 8100, len(Ss) = 8100, len(Vs) = 8100
[20191011_082721 / lib_ip.py:3982] red : variance --> out of range (variance = 10.999 / upper = 0.430 / lower = 0.000)
[20191011_082721 / lib_ip.py:3753] file = img.20191011_082716.2019-10-10_14-23-52_000.jpg.4.png / val_Average = 99.4260	val_Variance = 10.9989	sd = 3.3165	max = 112	min = 90
[20191011_082721 / lib_ip.py:4052] len(Hs) = 8100, len(Ss) = 8100, len(Vs) = 8100
[20191011_082721 / lib_ip.py:4099] green : variance --> out of range (variance = 10.999 / upper = 0.760 / lower = 0.000)
[20191011_082721 / lib_ip.py:3753] file = img.20191011_082716.2019-10-10_14-23-52_000.jpg.4.png / val_Average = 99.4260	val_Variance = 10.9989	sd = 3.3165	max = 112	min = 90
[20191011_082721 / lib_ip.py:4169] len(Hs) = 8100, len(Ss) = 8100, len(Vs) = 8100
[20191011_082721 / lib_ip.py:4208] blue : variance --> out of range (variance = 10.999 / upper = 0.930 / lower = 0.010)
[20191011_082721 / lib_ip.py:3753] file = img.20191011_082716.2019-10-10_14-23-52_000.jpg.4.png / val_Average = 99.4260	val_Variance = 10.9989	sd = 3.3165	max = 112	min = 90
[20191011_082721 / lib_ip.py:4275] len(Hs) = 8100, len(Ss) = 8100, len(Vs) = 8100
[20191011_082721 / lib_ip.py:4314] pink : variance --> out of range (variance = 10.999 / upper = 0.750 / lower = 0.030)
[20191011_082721 / lib_ip.py:3753] file = img.20191011_082716.2019-10-10_14-23-52_000.jpg.4.png / val_Average = 99.4260	val_Variance = 10.9989	sd = 3.3165	max = 112	min = 90
[20191011_082721 / lib_ip.py:4378] len(Hs) = 8100, len(Ss) = 8100, len(Vs) = 8100
[20191011_082721 / lib_ip.py:4422] black : variance --> out of range (variance = 10.999 / upper = 0.000 / lower = 0.000)
[20191011_082721 / lib_ip.py:4593] file : img.20191011_082716.2019-10-10_14-23-52_000.jpg.4.png 3 (black : variance --> out of range (variance = 10.999 / upper = 0.000 / lower = 0.000))
[20191011_082720 / lib_ip.py:2274] inspecting ===> img.20191011_082716.2019-10-10_14-23-52_000.jpg.4.png
img.20191011_082716.2019-10-10_14-23-52_000.jpg.1.png => other
img.20191011_082716.2019-10-10_14-23-52_000.jpg.2.png => other
img.20191011_082716.2019-10-10_14-23-52_000.jpg.3.png => other
img.20191011_082716.2019-10-10_14-23-52_000.jpg.4.png => other
[20191011_082721 lib_ip.py:3301] =============== Get 4 corners
dpath_Images = C:\WORKS_2\WS\WS_Others.Art\JVEMV6\46_art\VIRTUAL\Admin_Projects\ip\images
fname_Image = img.20191011_082716.2019-10-10_14-23-52_000.jpg.4.png

[20191011_082722 / lib_ip.py:2274] inspecting ===> img.20191011_082722.2019-10-10_14-38-53_000.jpg.1.png
[20191011_082722 / lib_ip.py:4505] 
img.20191011_082722.2019-10-10_14-38-53_000.jpg.1.png 0 ---------------------
[20191011_082722 / lib_ip.py:3753] file = img.20191011_082722.2019-10-10_14-38-53_000.jpg.1.png / val_Average = 75.0483	val_Variance = 0.0605	sd = 0.2460	max = 76	min = 74
[20191011_082722 / lib_ip.py:3836] len(Hs) = 8100, len(Ss) = 8100, len(Vs) = 8100
[20191011_082722 / lib_ip.py:3891] yellow : average --> out of range (average = 75.048 / upper = 99.200 / lower = 85.500)
[20191011_082722 / lib_ip.py:3753] file = img.20191011_082722.2019-10-10_14-38-53_000.jpg.1.png / val_Average = 75.0483	val_Variance = 0.0605	sd = 0.2460	max = 76	min = 74
[20191011_082723 / lib_ip.py:3936] len(Hs) = 8100, len(Ss) = 8100, len(Vs) = 8100
[20191011_082723 / lib_ip.py:4007] red : average --> out of range (average = 75.048 / upper = 124.600 / lower = 115.000)
[20191011_082723 / lib_ip.py:3753] file = img.20191011_082722.2019-10-10_14-38-53_000.jpg.1.png / val_Average = 75.0483	val_Variance = 0.0605	sd = 0.2460	max = 76	min = 74
[20191011_082723 / lib_ip.py:4052] len(Hs) = 8100, len(Ss) = 8100, len(Vs) = 8100
[20191011_082723 / lib_ip.py:2274] inspecting ===> img.20191011_082722.2019-10-10_14-38-53_000.jpg.2.png
[20191011_082723 / lib_ip.py:4505] 
img.20191011_082722.2019-10-10_14-38-53_000.jpg.2.png 1 ---------------------
[20191011_082723 / lib_ip.py:3753] file = img.20191011_082722.2019-10-10_14-38-53_000.jpg.2.png / val_Average = 120.3881	val_Variance = 0.2506	sd = 0.5006	max = 121	min = 119
[20191011_082723 / lib_ip.py:3836] len(Hs) = 8100, len(Ss) = 8100, len(Vs) = 8100
[20191011_082723 / lib_ip.py:3891] yellow : average --> out of range (average = 120.388 / upper = 99.200 / lower = 85.500)
[20191011_082723 / lib_ip.py:3753] file = img.20191011_082722.2019-10-10_14-38-53_000.jpg.2.png / val_Average = 120.3881	val_Variance = 0.2506	sd = 0.5006	max = 121	min = 119
[20191011_082723 / lib_ip.py:3936] len(Hs) = 8100, len(Ss) = 8100, len(Vs) = 8100
[20191011_082723 / lib_ip.py:2274] inspecting ===> img.20191011_082722.2019-10-10_14-38-53_000.jpg.3.png
[20191011_082724 / lib_ip.py:4505] 
img.20191011_082722.2019-10-10_14-38-53_000.jpg.3.png 2 ---------------------
[20191011_082724 / lib_ip.py:3753] file = img.20191011_082722.2019-10-10_14-38-53_000.jpg.3.png / val_Average = 101.2565	val_Variance = 3.1401	sd = 1.7720	max = 108	min = 95
[20191011_082724 / lib_ip.py:3836] len(Hs) = 8100, len(Ss) = 8100, len(Vs) = 8100
[20191011_082724 / lib_ip.py:3869] yellow : variance --> out of range (variance = 3.140 / upper = 0.650 / lower = 0.000)
[20191011_082724 / lib_ip.py:3753] file = img.20191011_082722.2019-10-10_14-38-53_000.jpg.3.png / val_Average = 101.2565	val_Variance = 3.1401	sd = 1.7720	max = 108	min = 95
[20191011_082724 / lib_ip.py:3936] len(Hs) = 8100, len(Ss) = 8100, len(Vs) = 8100
[20191011_082724 / lib_ip.py:3982] red : variance --> out of range (variance = 3.140 / upper = 0.430 / lower = 0.000)
[20191011_082724 / lib_ip.py:3753] file = img.20191011_082722.2019-10-10_14-38-53_000.jpg.3.png / val_Average = 101.2565	val_Variance = 3.1401	sd = 1.7720	max = 108	min = 95
[20191011_082724 / lib_ip.py:4052] len(Hs) = 8100, len(Ss) = 8100, len(Vs) = 8100
[20191011_082724 / lib_ip.py:4099] green : variance --> out of range (variance = 3.140 / upper = 0.760 / lower = 0.000)
[20191011_082724 / lib_ip.py:3753] file = img.20191011_082722.2019-10-10_14-38-53_000.jpg.3.png / val_Average = 101.2565	val_Variance = 3.1401	sd = 1.7720	max = 108	min = 95
[20191011_082724 / lib_ip.py:4169] len(Hs) = 8100, len(Ss) = 8100, len(Vs) = 8100
[20191011_082724 / lib_ip.py:4208] blue : variance --> out of range (variance = 3.140 / upper = 0.930 / lower = 0.010)
[20191011_082725 / lib_ip.py:3753] file = img.20191011_082722.2019-10-10_14-38-53_000.jpg.3.png / val_Average = 101.2565	val_Variance = 3.1401	sd = 1.7720	max = 108	min = 95
[20191011_082725 / lib_ip.py:4275] len(Hs) = 8100, len(Ss) = 8100, len(Vs) = 8100
[20191011_082725 / lib_ip.py:4314] pink : variance --> out of range (variance = 3.140 / upper = 0.750 / lower = 0.030)
[20191011_082725 / lib_ip.py:3753] file = img.20191011_082722.2019-10-10_14-38-53_000.jpg.3.png / val_Average = 101.2565	val_Variance = 3.1401	sd = 1.7720	max = 108	min = 95
[20191011_082725 / lib_ip.py:4378] len(Hs) = 8100, len(Ss) = 8100, len(Vs) = 8100
[20191011_082725 / lib_ip.py:4422] black : variance --> out of range (variance = 3.140 / upper = 0.000 / lower = 0.000)
[20191011_082725 / lib_ip.py:4593] file : img.20191011_082722.2019-10-10_14-38-53_000.jpg.3.png 2 (black : variance --> out of range (variance = 3.140 / upper = 0.000 / lower = 0.000))
[20191011_082725 / lib_ip.py:2274] inspecting ===> img.20191011_082722.2019-10-10_14-38-53_000.jpg.4.png
[20191011_082725 / lib_ip.py:4505] 
img.20191011_082722.2019-10-10_14-38-53_000.jpg.4.png 3 ---------------------
[20191011_082725 / lib_ip.py:3753] file = img.20191011_082722.2019-10-10_14-38-53_000.jpg.4.png / val_Average = 83.3873	val_Variance = 47.0531	sd = 6.8595	max = 98	min = 69
[20191011_082725 / lib_ip.py:3836] len(Hs) = 8100, len(Ss) = 8100, len(Vs) = 8100
[20191011_082726 / lib_ip.py:3869] yellow : variance --> out of range (variance = 47.053 / upper = 0.650 / lower = 0.000)
[20191011_082726 / lib_ip.py:3753] file = img.20191011_082722.2019-10-10_14-38-53_000.jpg.4.png / val_Average = 83.3873	val_Variance = 47.0531	sd = 6.8595	max = 98	min = 69
[20191011_082726 / lib_ip.py:3936] len(Hs) = 8100, len(Ss) = 8100, len(Vs) = 8100
[20191011_082726 / lib_ip.py:3982] red : variance --> out of range (variance = 47.053 / upper = 0.430 / lower = 0.000)
[20191011_082726 / lib_ip.py:3753] file = img.20191011_082722.2019-10-10_14-38-53_000.jpg.4.png / val_Average = 83.3873	val_Variance = 47.0531	sd = 6.8595	max = 98	min = 69
[20191011_082726 / lib_ip.py:4052] len(Hs) = 8100, len(Ss) = 8100, len(Vs) = 8100
[20191011_082726 / lib_ip.py:4099] green : variance --> out of range (variance = 47.053 / upper = 0.760 / lower = 0.000)
[20191011_082726 / lib_ip.py:3753] file = img.20191011_082722.2019-10-10_14-38-53_000.jpg.4.png / val_Average = 83.3873	val_Variance = 47.0531	sd = 6.8595	max = 98	min = 69
[20191011_082726 / lib_ip.py:4169] len(Hs) = 8100, len(Ss) = 8100, len(Vs) = 8100
[20191011_082726 / lib_ip.py:4208] blue : variance --> out of range (variance = 47.053 / upper = 0.930 / lower = 0.010)
[20191011_082726 / lib_ip.py:3753] file = img.20191011_082722.2019-10-10_14-38-53_000.jpg.4.png / val_Average = 83.3873	val_Variance = 47.0531	sd = 6.8595	max = 98	min = 69
[20191011_082726 / lib_ip.py:4275] len(Hs) = 8100, len(Ss) = 8100, len(Vs) = 8100
[20191011_082726 / lib_ip.py:4314] pink : variance --> out of range (variance = 47.053 / upper = 0.750 / lower = 0.030)
[20191011_082726 / lib_ip.py:3753] file = img.20191011_082722.2019-10-10_14-38-53_000.jpg.4.png / val_Average = 83.3873	val_Variance = 47.0531	sd = 6.8595	max = 98	min = 69
[20191011_082726 / lib_ip.py:4378] len(Hs) = 8100, len(Ss) = 8100, len(Vs) = 8100
[20191011_082726 / lib_ip.py:4422] black : variance --> out of range (variance = 47.053 / upper = 0.000 / lower = 0.000)
[20191011_082726 / lib_ip.py:4593] file : img.20191011_082722.2019-10-10_14-38-53_000.jpg.4.png 3 (black : variance --> out of range (variance = 47.053 / upper = 0.000 / lower = 0.000))
[20191011_082725 / lib_ip.py:2274] inspecting ===> img.20191011_082722.2019-10-10_14-38-53_000.jpg.4.png
img.20191011_082722.2019-10-10_14-38-53_000.jpg.1.png => other
img.20191011_082722.2019-10-10_14-38-53_000.jpg.2.png => other
img.20191011_082722.2019-10-10_14-38-53_000.jpg.3.png => other
img.20191011_082722.2019-10-10_14-38-53_000.jpg.4.png => other
[20191011_082726 lib_ip.py:3301] =============== Get 4 corners
dpath_Images = C:\WORKS_2\WS\WS_Others.Art\JVEMV6\46_art\VIRTUAL\Admin_Projects\ip\images
fname_Image = img.20191011_082722.2019-10-10_14-38-53_000.jpg.4.png

[20191011_082727 / lib_ip.py:2274] inspecting ===> img.20191011_082727.2019-10-10_18-59-27_000.jpg.1.png
[20191011_082727 / lib_ip.py:4505] 
img.20191011_082727.2019-10-10_18-59-27_000.jpg.1.png 0 ---------------------
[20191011_082727 / lib_ip.py:3753] file = img.20191011_082727.2019-10-10_18-59-27_000.jpg.1.png / val_Average = 112.2574	val_Variance = 34.2724	sd = 5.8543	max = 155	min = 96
[20191011_082728 / lib_ip.py:3836] len(Hs) = 8100, len(Ss) = 8100, len(Vs) = 8100
[20191011_082728 / lib_ip.py:3869] yellow : variance --> out of range (variance = 34.272 / upper = 0.650 / lower = 0.000)
[20191011_082728 / lib_ip.py:3753] file = img.20191011_082727.2019-10-10_18-59-27_000.jpg.1.png / val_Average = 112.2574	val_Variance = 34.2724	sd = 5.8543	max = 155	min = 96
[20191011_082728 / lib_ip.py:3936] len(Hs) = 8100, len(Ss) = 8100, len(Vs) = 8100
[20191011_082728 / lib_ip.py:3982] red : variance --> out of range (variance = 34.272 / upper = 0.430 / lower = 0.000)
[20191011_082728 / lib_ip.py:3753] file = img.20191011_082727.2019-10-10_18-59-27_000.jpg.1.png / val_Average = 112.2574	val_Variance = 34.2724	sd = 5.8543	max = 155	min = 96
[20191011_082728 / lib_ip.py:4052] len(Hs) = 8100, len(Ss) = 8100, len(Vs) = 8100
[20191011_082728 / lib_ip.py:4099] green : variance --> out of range (variance = 34.272 / upper = 0.760 / lower = 0.000)
[20191011_082728 / lib_ip.py:3753] file = img.20191011_082727.2019-10-10_18-59-27_000.jpg.1.png / val_Average = 112.2574	val_Variance = 34.2724	sd = 5.8543	max = 155	min = 96
[20191011_082728 / lib_ip.py:4169] len(Hs) = 8100, len(Ss) = 8100, len(Vs) = 8100
[20191011_082728 / lib_ip.py:4208] blue : variance --> out of range (variance = 34.272 / upper = 0.930 / lower = 0.010)
[20191011_082728 / lib_ip.py:3753] file = img.20191011_082727.2019-10-10_18-59-27_000.jpg.1.png / val_Average = 112.2574	val_Variance = 34.2724	sd = 5.8543	max = 155	min = 96
[20191011_082728 / lib_ip.py:4275] len(Hs) = 8100, len(Ss) = 8100, len(Vs) = 8100
[20191011_082729 / lib_ip.py:4314] pink : variance --> out of range (variance = 34.272 / upper = 0.750 / lower = 0.030)
[20191011_082729 / lib_ip.py:3753] file = img.20191011_082727.2019-10-10_18-59-27_000.jpg.1.png / val_Average = 112.2574	val_Variance = 34.2724	sd = 5.8543	max = 155	min = 96
[20191011_082729 / lib_ip.py:4378] len(Hs) = 8100, len(Ss) = 8100, len(Vs) = 8100
[20191011_082729 / lib_ip.py:4422] black : variance --> out of range (variance = 34.272 / upper = 0.000 / lower = 0.000)
[20191011_082729 / lib_ip.py:4593] file : img.20191011_082727.2019-10-10_18-59-27_000.jpg.1.png 0 (black : variance --> out of range (variance = 34.272 / upper = 0.000 / lower = 0.000))
[20191011_082729 / lib_ip.py:2274] inspecting ===> img.20191011_082727.2019-10-10_18-59-27_000.jpg.2.png
[20191011_082729 / lib_ip.py:4505] 
img.20191011_082727.2019-10-10_18-59-27_000.jpg.2.png 1 ---------------------
[20191011_082729 / lib_ip.py:3753] file = img.20191011_082727.2019-10-10_18-59-27_000.jpg.2.png / val_Average = 99.8332	val_Variance = 201.3143	sd = 14.1885	max = 160	min = 0
[20191011_082729 / lib_ip.py:3836] len(Hs) = 8100, len(Ss) = 8100, len(Vs) = 8100
[20191011_082729 / lib_ip.py:3869] yellow : variance --> out of range (variance = 201.314 / upper = 0.650 / lower = 0.000)
[20191011_082729 / lib_ip.py:3753] file = img.20191011_082727.2019-10-10_18-59-27_000.jpg.2.png / val_Average = 99.8332	val_Variance = 201.3143	sd = 14.1885	max = 160	min = 0
[20191011_082729 / lib_ip.py:3936] len(Hs) = 8100, len(Ss) = 8100, len(Vs) = 8100
[20191011_082729 / lib_ip.py:3982] red : variance --> out of range (variance = 201.314 / upper = 0.430 / lower = 0.000)
[20191011_082729 / lib_ip.py:3753] file = img.20191011_082727.2019-10-10_18-59-27_000.jpg.2.png / val_Average = 99.8332	val_Variance = 201.3143	sd = 14.1885	max = 160	min = 0
[20191011_082729 / lib_ip.py:4052] len(Hs) = 8100, len(Ss) = 8100, len(Vs) = 8100
[20191011_082729 / lib_ip.py:4099] green : variance --> out of range (variance = 201.314 / upper = 0.760 / lower = 0.000)
[20191011_082730 / lib_ip.py:3753] file = img.20191011_082727.2019-10-10_18-59-27_000.jpg.2.png / val_Average = 99.8332	val_Variance = 201.3143	sd = 14.1885	max = 160	min = 0
[20191011_082730 / lib_ip.py:4169] len(Hs) = 8100, len(Ss) = 8100, len(Vs) = 8100
[20191011_082730 / lib_ip.py:4208] blue : variance --> out of range (variance = 201.314 / upper = 0.930 / lower = 0.010)
[20191011_082730 / lib_ip.py:3753] file = img.20191011_082727.2019-10-10_18-59-27_000.jpg.2.png / val_Average = 99.8332	val_Variance = 201.3143	sd = 14.1885	max = 160	min = 0
[20191011_082730 / lib_ip.py:4275] len(Hs) = 8100, len(Ss) = 8100, len(Vs) = 8100
[20191011_082730 / lib_ip.py:4314] pink : variance --> out of range (variance = 201.314 / upper = 0.750 / lower = 0.030)
[20191011_082730 / lib_ip.py:3753] file = img.20191011_082727.2019-10-10_18-59-27_000.jpg.2.png / val_Average = 99.8332	val_Variance = 201.3143	sd = 14.1885	max = 160	min = 0
[20191011_082730 / lib_ip.py:4378] len(Hs) = 8100, len(Ss) = 8100, len(Vs) = 8100
[20191011_082730 / lib_ip.py:4422] black : variance --> out of range (variance = 201.314 / upper = 0.000 / lower = 0.000)
[20191011_082730 / lib_ip.py:4593] file : img.20191011_082727.2019-10-10_18-59-27_000.jpg.2.png 1 (black : variance --> out of range (variance = 201.314 / upper = 0.000 / lower = 0.000))
[20191011_082730 / lib_ip.py:2274] inspecting ===> img.20191011_082727.2019-10-10_18-59-27_000.jpg.3.png
[20191011_082730 / lib_ip.py:4505] 
img.20191011_082727.2019-10-10_18-59-27_000.jpg.3.png 2 ---------------------
[20191011_082731 / lib_ip.py:3753] file = img.20191011_082727.2019-10-10_18-59-27_000.jpg.3.png / val_Average = 114.5758	val_Variance = 7.2843	sd = 2.6989	max = 125	min = 104
[20191011_082731 / lib_ip.py:3836] len(Hs) = 8100, len(Ss) = 8100, len(Vs) = 8100
[20191011_082731 / lib_ip.py:3869] yellow : variance --> out of range (variance = 7.284 / upper = 0.650 / lower = 0.000)
[20191011_082731 / lib_ip.py:3753] file = img.20191011_082727.2019-10-10_18-59-27_000.jpg.3.png / val_Average = 114.5758	val_Variance = 7.2843	sd = 2.6989	max = 125	min = 104
[20191011_082731 / lib_ip.py:3936] len(Hs) = 8100, len(Ss) = 8100, len(Vs) = 8100
[20191011_082731 / lib_ip.py:3982] red : variance --> out of range (variance = 7.284 / upper = 0.430 / lower = 0.000)
[20191011_082731 / lib_ip.py:3753] file = img.20191011_082727.2019-10-10_18-59-27_000.jpg.3.png / val_Average = 114.5758	val_Variance = 7.2843	sd = 2.6989	max = 125	min = 104
[20191011_082731 / lib_ip.py:4052] len(Hs) = 8100, len(Ss) = 8100, len(Vs) = 8100
[20191011_082731 / lib_ip.py:4099] green : variance --> out of range (variance = 7.284 / upper = 0.760 / lower = 0.000)
[20191011_082731 / lib_ip.py:3753] file = img.20191011_082727.2019-10-10_18-59-27_000.jpg.3.png / val_Average = 114.5758	val_Variance = 7.2843	sd = 2.6989	max = 125	min = 104
[20191011_082731 / lib_ip.py:4169] len(Hs) = 8100, len(Ss) = 8100, len(Vs) = 8100
[20191011_082731 / lib_ip.py:4208] blue : variance --> out of range (variance = 7.284 / upper = 0.930 / lower = 0.010)
[20191011_082731 / lib_ip.py:3753] file = img.20191011_082727.2019-10-10_18-59-27_000.jpg.3.png / val_Average = 114.5758	val_Variance = 7.2843	sd = 2.6989	max = 125	min = 104
[20191011_082731 / lib_ip.py:4275] len(Hs) = 8100, len(Ss) = 8100, len(Vs) = 8100
[20191011_082731 / lib_ip.py:4314] pink : variance --> out of range (variance = 7.284 / upper = 0.750 / lower = 0.030)
[20191011_082732 / lib_ip.py:3753] file = img.20191011_082727.2019-10-10_18-59-27_000.jpg.3.png / val_Average = 114.5758	val_Variance = 7.2843	sd = 2.6989	max = 125	min = 104
[20191011_082732 / lib_ip.py:4378] len(Hs) = 8100, len(Ss) = 8100, len(Vs) = 8100
[20191011_082732 / lib_ip.py:4422] black : variance --> out of range (variance = 7.284 / upper = 0.000 / lower = 0.000)
[20191011_082732 / lib_ip.py:4593] file : img.20191011_082727.2019-10-10_18-59-27_000.jpg.3.png 2 (black : variance --> out of range (variance = 7.284 / upper = 0.000 / lower = 0.000))
[20191011_082732 / lib_ip.py:2274] inspecting ===> img.20191011_082727.2019-10-10_18-59-27_000.jpg.4.png
[20191011_082732 / lib_ip.py:4505] 
img.20191011_082727.2019-10-10_18-59-27_000.jpg.4.png 3 ---------------------
[20191011_082732 / lib_ip.py:3753] file = img.20191011_082727.2019-10-10_18-59-27_000.jpg.4.png / val_Average = 120.7295	val_Variance = 0.1988	sd = 0.4459	max = 122	min = 120
[20191011_082732 / lib_ip.py:3836] len(Hs) = 8100, len(Ss) = 8100, len(Vs) = 8100
[20191011_082732 / lib_ip.py:3891] yellow : average --> out of range (average = 120.730 / upper = 99.200 / lower = 85.500)
[20191011_082732 / lib_ip.py:3753] file = img.20191011_082727.2019-10-10_18-59-27_000.jpg.4.png / val_Average = 120.7295	val_Variance = 0.1988	sd = 0.4459	max = 122	min = 120
[20191011_082732 / lib_ip.py:3936] len(Hs) = 8100, len(Ss) = 8100, len(Vs) = 8100
[20191011_082732 / lib_ip.py:2274] inspecting ===> img.20191011_082727.2019-10-10_18-59-27_000.jpg.4.png
img.20191011_082727.2019-10-10_18-59-27_000.jpg.1.png => other
img.20191011_082727.2019-10-10_18-59-27_000.jpg.2.png => other
img.20191011_082727.2019-10-10_18-59-27_000.jpg.3.png => other
img.20191011_082727.2019-10-10_18-59-27_000.jpg.4.png => other
[20191011_082732 lib_ip.py:3301] =============== Get 4 corners
dpath_Images = C:\WORKS_2\WS\WS_Others.Art\JVEMV6\46_art\VIRTUAL\Admin_Projects\ip\images
fname_Image = img.20191011_082727.2019-10-10_18-59-27_000.jpg.4.png

[20191011_082733 / lib_ip.py:2274] inspecting ===> img.20191011_082733.2019-10-10_18-59-44_000.jpg.1.png
[20191011_082733 / lib_ip.py:4505] 
img.20191011_082733.2019-10-10_18-59-44_000.jpg.1.png 0 ---------------------
[20191011_082733 / lib_ip.py:3753] file = img.20191011_082733.2019-10-10_18-59-44_000.jpg.1.png / val_Average = 113.6198	val_Variance = 38.7794	sd = 6.2273	max = 137	min = 90
[20191011_082733 / lib_ip.py:3836] len(Hs) = 8100, len(Ss) = 8100, len(Vs) = 8100
[20191011_082733 / lib_ip.py:3869] yellow : variance --> out of range (variance = 38.779 / upper = 0.650 / lower = 0.000)
[20191011_082733 / lib_ip.py:3753] file = img.20191011_082733.2019-10-10_18-59-44_000.jpg.1.png / val_Average = 113.6198	val_Variance = 38.7794	sd = 6.2273	max = 137	min = 90
[20191011_082733 / lib_ip.py:3936] len(Hs) = 8100, len(Ss) = 8100, len(Vs) = 8100
[20191011_082734 / lib_ip.py:3982] red : variance --> out of range (variance = 38.779 / upper = 0.430 / lower = 0.000)
[20191011_082734 / lib_ip.py:3753] file = img.20191011_082733.2019-10-10_18-59-44_000.jpg.1.png / val_Average = 113.6198	val_Variance = 38.7794	sd = 6.2273	max = 137	min = 90
[20191011_082734 / lib_ip.py:4052] len(Hs) = 8100, len(Ss) = 8100, len(Vs) = 8100
[20191011_082734 / lib_ip.py:4099] green : variance --> out of range (variance = 38.779 / upper = 0.760 / lower = 0.000)
[20191011_082734 / lib_ip.py:3753] file = img.20191011_082733.2019-10-10_18-59-44_000.jpg.1.png / val_Average = 113.6198	val_Variance = 38.7794	sd = 6.2273	max = 137	min = 90
[20191011_082734 / lib_ip.py:4169] len(Hs) = 8100, len(Ss) = 8100, len(Vs) = 8100
[20191011_082734 / lib_ip.py:4208] blue : variance --> out of range (variance = 38.779 / upper = 0.930 / lower = 0.010)
[20191011_082734 / lib_ip.py:3753] file = img.20191011_082733.2019-10-10_18-59-44_000.jpg.1.png / val_Average = 113.6198	val_Variance = 38.7794	sd = 6.2273	max = 137	min = 90
[20191011_082734 / lib_ip.py:4275] len(Hs) = 8100, len(Ss) = 8100, len(Vs) = 8100
[20191011_082734 / lib_ip.py:4314] pink : variance --> out of range (variance = 38.779 / upper = 0.750 / lower = 0.030)
[20191011_082734 / lib_ip.py:3753] file = img.20191011_082733.2019-10-10_18-59-44_000.jpg.1.png / val_Average = 113.6198	val_Variance = 38.7794	sd = 6.2273	max = 137	min = 90
[20191011_082734 / lib_ip.py:4378] len(Hs) = 8100, len(Ss) = 8100, len(Vs) = 8100
[20191011_082734 / lib_ip.py:4422] black : variance --> out of range (variance = 38.779 / upper = 0.000 / lower = 0.000)
[20191011_082734 / lib_ip.py:4593] file : img.20191011_082733.2019-10-10_18-59-44_000.jpg.1.png 0 (black : variance --> out of range (variance = 38.779 / upper = 0.000 / lower = 0.000))
[20191011_082734 / lib_ip.py:2274] inspecting ===> img.20191011_082733.2019-10-10_18-59-44_000.jpg.2.png
[20191011_082734 / lib_ip.py:4505] 
img.20191011_082733.2019-10-10_18-59-44_000.jpg.2.png 1 ---------------------
[20191011_082734 / lib_ip.py:3753] file = img.20191011_082733.2019-10-10_18-59-44_000.jpg.2.png / val_Average = 104.4006	val_Variance = 107.6725	sd = 10.3765	max = 144	min = 0
[20191011_082734 / lib_ip.py:3836] len(Hs) = 8100, len(Ss) = 8100, len(Vs) = 8100
[20191011_082735 / lib_ip.py:3869] yellow : variance --> out of range (variance = 107.672 / upper = 0.650 / lower = 0.000)
[20191011_082735 / lib_ip.py:3753] file = img.20191011_082733.2019-10-10_18-59-44_000.jpg.2.png / val_Average = 104.4006	val_Variance = 107.6725	sd = 10.3765	max = 144	min = 0
[20191011_082735 / lib_ip.py:3936] len(Hs) = 8100, len(Ss) = 8100, len(Vs) = 8100
[20191011_082735 / lib_ip.py:3982] red : variance --> out of range (variance = 107.672 / upper = 0.430 / lower = 0.000)
[20191011_082735 / lib_ip.py:3753] file = img.20191011_082733.2019-10-10_18-59-44_000.jpg.2.png / val_Average = 104.4006	val_Variance = 107.6725	sd = 10.3765	max = 144	min = 0
[20191011_082735 / lib_ip.py:4052] len(Hs) = 8100, len(Ss) = 8100, len(Vs) = 8100
[20191011_082735 / lib_ip.py:4099] green : variance --> out of range (variance = 107.672 / upper = 0.760 / lower = 0.000)
[20191011_082735 / lib_ip.py:3753] file = img.20191011_082733.2019-10-10_18-59-44_000.jpg.2.png / val_Average = 104.4006	val_Variance = 107.6725	sd = 10.3765	max = 144	min = 0
[20191011_082735 / lib_ip.py:4169] len(Hs) = 8100, len(Ss) = 8100, len(Vs) = 8100
[20191011_082735 / lib_ip.py:4208] blue : variance --> out of range (variance = 107.672 / upper = 0.930 / lower = 0.010)
[20191011_082735 / lib_ip.py:3753] file = img.20191011_082733.2019-10-10_18-59-44_000.jpg.2.png / val_Average = 104.4006	val_Variance = 107.6725	sd = 10.3765	max = 144	min = 0
[20191011_082735 / lib_ip.py:4275] len(Hs) = 8100, len(Ss) = 8100, len(Vs) = 8100
[20191011_082735 / lib_ip.py:4314] pink : variance --> out of range (variance = 107.672 / upper = 0.750 / lower = 0.030)
[20191011_082735 / lib_ip.py:3753] file = img.20191011_082733.2019-10-10_18-59-44_000.jpg.2.png / val_Average = 104.4006	val_Variance = 107.6725	sd = 10.3765	max = 144	min = 0
[20191011_082735 / lib_ip.py:4378] len(Hs) = 8100, len(Ss) = 8100, len(Vs) = 8100
[20191011_082735 / lib_ip.py:4422] black : variance --> out of range (variance = 107.672 / upper = 0.000 / lower = 0.000)
[20191011_082735 / lib_ip.py:4593] file : img.20191011_082733.2019-10-10_18-59-44_000.jpg.2.png 1 (black : variance --> out of range (variance = 107.672 / upper = 0.000 / lower = 0.000))
[20191011_082735 / lib_ip.py:2274] inspecting ===> img.20191011_082733.2019-10-10_18-59-44_000.jpg.3.png
[20191011_082736 / lib_ip.py:4505] 
img.20191011_082733.2019-10-10_18-59-44_000.jpg.3.png 2 ---------------------
[20191011_082736 / lib_ip.py:3753] file = img.20191011_082733.2019-10-10_18-59-44_000.jpg.3.png / val_Average = 109.4648	val_Variance = 6.6512	sd = 2.5790	max = 118	min = 99
[20191011_082736 / lib_ip.py:3836] len(Hs) = 8100, len(Ss) = 8100, len(Vs) = 8100
[20191011_082736 / lib_ip.py:3869] yellow : variance --> out of range (variance = 6.651 / upper = 0.650 / lower = 0.000)
[20191011_082736 / lib_ip.py:3753] file = img.20191011_082733.2019-10-10_18-59-44_000.jpg.3.png / val_Average = 109.4648	val_Variance = 6.6512	sd = 2.5790	max = 118	min = 99
[20191011_082736 / lib_ip.py:3936] len(Hs) = 8100, len(Ss) = 8100, len(Vs) = 8100
[20191011_082736 / lib_ip.py:3982] red : variance --> out of range (variance = 6.651 / upper = 0.430 / lower = 0.000)
[20191011_082736 / lib_ip.py:3753] file = img.20191011_082733.2019-10-10_18-59-44_000.jpg.3.png / val_Average = 109.4648	val_Variance = 6.6512	sd = 2.5790	max = 118	min = 99
[20191011_082736 / lib_ip.py:4052] len(Hs) = 8100, len(Ss) = 8100, len(Vs) = 8100
[20191011_082736 / lib_ip.py:4099] green : variance --> out of range (variance = 6.651 / upper = 0.760 / lower = 0.000)
[20191011_082736 / lib_ip.py:3753] file = img.20191011_082733.2019-10-10_18-59-44_000.jpg.3.png / val_Average = 109.4648	val_Variance = 6.6512	sd = 2.5790	max = 118	min = 99
[20191011_082736 / lib_ip.py:4169] len(Hs) = 8100, len(Ss) = 8100, len(Vs) = 8100
[20191011_082736 / lib_ip.py:4208] blue : variance --> out of range (variance = 6.651 / upper = 0.930 / lower = 0.010)
[20191011_082736 / lib_ip.py:3753] file = img.20191011_082733.2019-10-10_18-59-44_000.jpg.3.png / val_Average = 109.4648	val_Variance = 6.6512	sd = 2.5790	max = 118	min = 99
[20191011_082737 / lib_ip.py:4275] len(Hs) = 8100, len(Ss) = 8100, len(Vs) = 8100
[20191011_082737 / lib_ip.py:4314] pink : variance --> out of range (variance = 6.651 / upper = 0.750 / lower = 0.030)
[20191011_082737 / lib_ip.py:3753] file = img.20191011_082733.2019-10-10_18-59-44_000.jpg.3.png / val_Average = 109.4648	val_Variance = 6.6512	sd = 2.5790	max = 118	min = 99
[20191011_082737 / lib_ip.py:4378] len(Hs) = 8100, len(Ss) = 8100, len(Vs) = 8100
[20191011_082737 / lib_ip.py:4422] black : variance --> out of range (variance = 6.651 / upper = 0.000 / lower = 0.000)
[20191011_082737 / lib_ip.py:4593] file : img.20191011_082733.2019-10-10_18-59-44_000.jpg.3.png 2 (black : variance --> out of range (variance = 6.651 / upper = 0.000 / lower = 0.000))
[20191011_082737 / lib_ip.py:2274] inspecting ===> img.20191011_082733.2019-10-10_18-59-44_000.jpg.4.png
[20191011_082737 / lib_ip.py:4505] 
img.20191011_082733.2019-10-10_18-59-44_000.jpg.4.png 3 ---------------------
[20191011_082737 / lib_ip.py:3753] file = img.20191011_082733.2019-10-10_18-59-44_000.jpg.4.png / val_Average = 120.4719	val_Variance = 0.2517	sd = 0.5017	max = 122	min = 120
[20191011_082737 / lib_ip.py:3836] len(Hs) = 8100, len(Ss) = 8100, len(Vs) = 8100
[20191011_082737 / lib_ip.py:3891] yellow : average --> out of range (average = 120.472 / upper = 99.200 / lower = 85.500)
[20191011_082737 / lib_ip.py:3753] file = img.20191011_082733.2019-10-10_18-59-44_000.jpg.4.png / val_Average = 120.4719	val_Variance = 0.2517	sd = 0.5017	max = 122	min = 120
[20191011_082737 / lib_ip.py:3936] len(Hs) = 8100, len(Ss) = 8100, len(Vs) = 8100
[20191011_082737 / lib_ip.py:2274] inspecting ===> img.20191011_082733.2019-10-10_18-59-44_000.jpg.4.png
img.20191011_082733.2019-10-10_18-59-44_000.jpg.1.png => other
img.20191011_082733.2019-10-10_18-59-44_000.jpg.2.png => other
img.20191011_082733.2019-10-10_18-59-44_000.jpg.3.png => other
img.20191011_082733.2019-10-10_18-59-44_000.jpg.4.png => other
[20191011_082737 lib_ip.py:3301] =============== Get 4 corners
dpath_Images = C:\WORKS_2\WS\WS_Others.Art\JVEMV6\46_art\VIRTUAL\Admin_Projects\ip\images
fname_Image = img.20191011_082733.2019-10-10_18-59-44_000.jpg.4.png

[20191011_082738 / lib_ip.py:2274] inspecting ===> img.20191011_082738.2019-10-10_18-59-57_000.jpg.1.png
[20191011_082738 / lib_ip.py:4505] 
img.20191011_082738.2019-10-10_18-59-57_000.jpg.1.png 0 ---------------------
[20191011_082739 / lib_ip.py:3753] file = img.20191011_082738.2019-10-10_18-59-57_000.jpg.1.png / val_Average = 105.4820	val_Variance = 78.6635	sd = 8.8692	max = 135	min = 0
[20191011_082739 / lib_ip.py:3836] len(Hs) = 8100, len(Ss) = 8100, len(Vs) = 8100
[20191011_082739 / lib_ip.py:3869] yellow : variance --> out of range (variance = 78.664 / upper = 0.650 / lower = 0.000)
[20191011_082739 / lib_ip.py:3753] file = img.20191011_082738.2019-10-10_18-59-57_000.jpg.1.png / val_Average = 105.4820	val_Variance = 78.6635	sd = 8.8692	max = 135	min = 0
[20191011_082739 / lib_ip.py:3936] len(Hs) = 8100, len(Ss) = 8100, len(Vs) = 8100
[20191011_082739 / lib_ip.py:3982] red : variance --> out of range (variance = 78.664 / upper = 0.430 / lower = 0.000)
[20191011_082739 / lib_ip.py:3753] file = img.20191011_082738.2019-10-10_18-59-57_000.jpg.1.png / val_Average = 105.4820	val_Variance = 78.6635	sd = 8.8692	max = 135	min = 0
[20191011_082739 / lib_ip.py:4052] len(Hs) = 8100, len(Ss) = 8100, len(Vs) = 8100
[20191011_082739 / lib_ip.py:4099] green : variance --> out of range (variance = 78.664 / upper = 0.760 / lower = 0.000)
[20191011_082739 / lib_ip.py:3753] file = img.20191011_082738.2019-10-10_18-59-57_000.jpg.1.png / val_Average = 105.4820	val_Variance = 78.6635	sd = 8.8692	max = 135	min = 0
[20191011_082739 / lib_ip.py:4169] len(Hs) = 8100, len(Ss) = 8100, len(Vs) = 8100
[20191011_082739 / lib_ip.py:4208] blue : variance --> out of range (variance = 78.664 / upper = 0.930 / lower = 0.010)
[20191011_082739 / lib_ip.py:3753] file = img.20191011_082738.2019-10-10_18-59-57_000.jpg.1.png / val_Average = 105.4820	val_Variance = 78.6635	sd = 8.8692	max = 135	min = 0
[20191011_082739 / lib_ip.py:4275] len(Hs) = 8100, len(Ss) = 8100, len(Vs) = 8100
[20191011_082739 / lib_ip.py:4314] pink : variance --> out of range (variance = 78.664 / upper = 0.750 / lower = 0.030)
[20191011_082739 / lib_ip.py:3753] file = img.20191011_082738.2019-10-10_18-59-57_000.jpg.1.png / val_Average = 105.4820	val_Variance = 78.6635	sd = 8.8692	max = 135	min = 0
[20191011_082739 / lib_ip.py:4378] len(Hs) = 8100, len(Ss) = 8100, len(Vs) = 8100
[20191011_082739 / lib_ip.py:4422] black : variance --> out of range (variance = 78.664 / upper = 0.000 / lower = 0.000)
[20191011_082739 / lib_ip.py:4593] file : img.20191011_082738.2019-10-10_18-59-57_000.jpg.1.png 0 (black : variance --> out of range (variance = 78.664 / upper = 0.000 / lower = 0.000))
[20191011_082739 / lib_ip.py:2274] inspecting ===> img.20191011_082738.2019-10-10_18-59-57_000.jpg.2.png
[20191011_082740 / lib_ip.py:4505] 
img.20191011_082738.2019-10-10_18-59-57_000.jpg.2.png 1 ---------------------
[20191011_082740 / lib_ip.py:3753] file = img.20191011_082738.2019-10-10_18-59-57_000.jpg.2.png / val_Average = 121.0054	val_Variance = 0.0918	sd = 0.3030	max = 122	min = 120
[20191011_082740 / lib_ip.py:3836] len(Hs) = 8100, len(Ss) = 8100, len(Vs) = 8100
[20191011_082740 / lib_ip.py:3891] yellow : average --> out of range (average = 121.005 / upper = 99.200 / lower = 85.500)
[20191011_082740 / lib_ip.py:3753] file = img.20191011_082738.2019-10-10_18-59-57_000.jpg.2.png / val_Average = 121.0054	val_Variance = 0.0918	sd = 0.3030	max = 122	min = 120
[20191011_082740 / lib_ip.py:3936] len(Hs) = 8100, len(Ss) = 8100, len(Vs) = 8100
[20191011_082740 / lib_ip.py:2274] inspecting ===> img.20191011_082738.2019-10-10_18-59-57_000.jpg.3.png
[20191011_082741 / lib_ip.py:4505] 
img.20191011_082738.2019-10-10_18-59-57_000.jpg.3.png 2 ---------------------
[20191011_082741 / lib_ip.py:3753] file = img.20191011_082738.2019-10-10_18-59-57_000.jpg.3.png / val_Average = 117.3352	val_Variance = 5.6090	sd = 2.3683	max = 126	min = 109
[20191011_082741 / lib_ip.py:3836] len(Hs) = 8100, len(Ss) = 8100, len(Vs) = 8100
[20191011_082741 / lib_ip.py:3869] yellow : variance --> out of range (variance = 5.609 / upper = 0.650 / lower = 0.000)
[20191011_082741 / lib_ip.py:3753] file = img.20191011_082738.2019-10-10_18-59-57_000.jpg.3.png / val_Average = 117.3352	val_Variance = 5.6090	sd = 2.3683	max = 126	min = 109
[20191011_082741 / lib_ip.py:3936] len(Hs) = 8100, len(Ss) = 8100, len(Vs) = 8100
[20191011_082741 / lib_ip.py:3982] red : variance --> out of range (variance = 5.609 / upper = 0.430 / lower = 0.000)
[20191011_082741 / lib_ip.py:3753] file = img.20191011_082738.2019-10-10_18-59-57_000.jpg.3.png / val_Average = 117.3352	val_Variance = 5.6090	sd = 2.3683	max = 126	min = 109
[20191011_082741 / lib_ip.py:4052] len(Hs) = 8100, len(Ss) = 8100, len(Vs) = 8100
[20191011_082741 / lib_ip.py:4099] green : variance --> out of range (variance = 5.609 / upper = 0.760 / lower = 0.000)
[20191011_082741 / lib_ip.py:3753] file = img.20191011_082738.2019-10-10_18-59-57_000.jpg.3.png / val_Average = 117.3352	val_Variance = 5.6090	sd = 2.3683	max = 126	min = 109
[20191011_082741 / lib_ip.py:4169] len(Hs) = 8100, len(Ss) = 8100, len(Vs) = 8100
[20191011_082741 / lib_ip.py:4208] blue : variance --> out of range (variance = 5.609 / upper = 0.930 / lower = 0.010)
[20191011_082741 / lib_ip.py:3753] file = img.20191011_082738.2019-10-10_18-59-57_000.jpg.3.png / val_Average = 117.3352	val_Variance = 5.6090	sd = 2.3683	max = 126	min = 109
[20191011_082741 / lib_ip.py:4275] len(Hs) = 8100, len(Ss) = 8100, len(Vs) = 8100
[20191011_082741 / lib_ip.py:4314] pink : variance --> out of range (variance = 5.609 / upper = 0.750 / lower = 0.030)
[20191011_082741 / lib_ip.py:3753] file = img.20191011_082738.2019-10-10_18-59-57_000.jpg.3.png / val_Average = 117.3352	val_Variance = 5.6090	sd = 2.3683	max = 126	min = 109
[20191011_082741 / lib_ip.py:4378] len(Hs) = 8100, len(Ss) = 8100, len(Vs) = 8100
[20191011_082741 / lib_ip.py:4422] black : variance --> out of range (variance = 5.609 / upper = 0.000 / lower = 0.000)
[20191011_082742 / lib_ip.py:4593] file : img.20191011_082738.2019-10-10_18-59-57_000.jpg.3.png 2 (black : variance --> out of range (variance = 5.609 / upper = 0.000 / lower = 0.000))
[20191011_082742 / lib_ip.py:2274] inspecting ===> img.20191011_082738.2019-10-10_18-59-57_000.jpg.4.png
[20191011_082742 / lib_ip.py:4505] 
img.20191011_082738.2019-10-10_18-59-57_000.jpg.4.png 3 ---------------------
[20191011_082742 / lib_ip.py:3753] file = img.20191011_082738.2019-10-10_18-59-57_000.jpg.4.png / val_Average = 115.7862	val_Variance = 4.9446	sd = 2.2237	max = 125	min = 109
[20191011_082742 / lib_ip.py:3836] len(Hs) = 8100, len(Ss) = 8100, len(Vs) = 8100
[20191011_082742 / lib_ip.py:3869] yellow : variance --> out of range (variance = 4.945 / upper = 0.650 / lower = 0.000)
[20191011_082742 / lib_ip.py:3753] file = img.20191011_082738.2019-10-10_18-59-57_000.jpg.4.png / val_Average = 115.7862	val_Variance = 4.9446	sd = 2.2237	max = 125	min = 109
[20191011_082742 / lib_ip.py:3936] len(Hs) = 8100, len(Ss) = 8100, len(Vs) = 8100
[20191011_082742 / lib_ip.py:3982] red : variance --> out of range (variance = 4.945 / upper = 0.430 / lower = 0.000)
[20191011_082742 / lib_ip.py:3753] file = img.20191011_082738.2019-10-10_18-59-57_000.jpg.4.png / val_Average = 115.7862	val_Variance = 4.9446	sd = 2.2237	max = 125	min = 109
[20191011_082742 / lib_ip.py:4052] len(Hs) = 8100, len(Ss) = 8100, len(Vs) = 8100
[20191011_082742 / lib_ip.py:4099] green : variance --> out of range (variance = 4.945 / upper = 0.760 / lower = 0.000)
[20191011_082743 / lib_ip.py:3753] file = img.20191011_082738.2019-10-10_18-59-57_000.jpg.4.png / val_Average = 115.7862	val_Variance = 4.9446	sd = 2.2237	max = 125	min = 109
[20191011_082743 / lib_ip.py:4169] len(Hs) = 8100, len(Ss) = 8100, len(Vs) = 8100
[20191011_082743 / lib_ip.py:4208] blue : variance --> out of range (variance = 4.945 / upper = 0.930 / lower = 0.010)
[20191011_082743 / lib_ip.py:3753] file = img.20191011_082738.2019-10-10_18-59-57_000.jpg.4.png / val_Average = 115.7862	val_Variance = 4.9446	sd = 2.2237	max = 125	min = 109
[20191011_082743 / lib_ip.py:4275] len(Hs) = 8100, len(Ss) = 8100, len(Vs) = 8100
[20191011_082743 / lib_ip.py:4314] pink : variance --> out of range (variance = 4.945 / upper = 0.750 / lower = 0.030)
[20191011_082743 / lib_ip.py:3753] file = img.20191011_082738.2019-10-10_18-59-57_000.jpg.4.png / val_Average = 115.7862	val_Variance = 4.9446	sd = 2.2237	max = 125	min = 109
[20191011_082743 / lib_ip.py:4378] len(Hs) = 8100, len(Ss) = 8100, len(Vs) = 8100
[20191011_082743 / lib_ip.py:4422] black : variance --> out of range (variance = 4.945 / upper = 0.000 / lower = 0.000)
[20191011_082743 / lib_ip.py:4593] file : img.20191011_082738.2019-10-10_18-59-57_000.jpg.4.png 3 (black : variance --> out of range (variance = 4.945 / upper = 0.000 / lower = 0.000))
[20191011_082742 / lib_ip.py:2274] inspecting ===> img.20191011_082738.2019-10-10_18-59-57_000.jpg.4.png
img.20191011_082738.2019-10-10_18-59-57_000.jpg.1.png => other
img.20191011_082738.2019-10-10_18-59-57_000.jpg.2.png => other
img.20191011_082738.2019-10-10_18-59-57_000.jpg.3.png => other
img.20191011_082738.2019-10-10_18-59-57_000.jpg.4.png => other
[20191011_082743 lib_ip.py:3301] =============== Get 4 corners
dpath_Images = C:\WORKS_2\WS\WS_Others.Art\JVEMV6\46_art\VIRTUAL\Admin_Projects\ip\images
fname_Image = img.20191011_082738.2019-10-10_18-59-57_000.jpg.4.png

[20191011_082744 / lib_ip.py:2274] inspecting ===> img.20191011_082744.2019-10-10_19-01-29_000.jpg.1.png
[20191011_082744 / lib_ip.py:4505] 
img.20191011_082744.2019-10-10_19-01-29_000.jpg.1.png 0 ---------------------
[20191011_082744 / lib_ip.py:3753] file = img.20191011_082744.2019-10-10_19-01-29_000.jpg.1.png / val_Average = 108.0814	val_Variance = 2.2530	sd = 1.5010	max = 115	min = 101
[20191011_082744 / lib_ip.py:3836] len(Hs) = 8100, len(Ss) = 8100, len(Vs) = 8100
[20191011_082744 / lib_ip.py:3869] yellow : variance --> out of range (variance = 2.253 / upper = 0.650 / lower = 0.000)
[20191011_082744 / lib_ip.py:3753] file = img.20191011_082744.2019-10-10_19-01-29_000.jpg.1.png / val_Average = 108.0814	val_Variance = 2.2530	sd = 1.5010	max = 115	min = 101
[20191011_082744 / lib_ip.py:3936] len(Hs) = 8100, len(Ss) = 8100, len(Vs) = 8100
[20191011_082744 / lib_ip.py:3982] red : variance --> out of range (variance = 2.253 / upper = 0.430 / lower = 0.000)
[20191011_082744 / lib_ip.py:3753] file = img.20191011_082744.2019-10-10_19-01-29_000.jpg.1.png / val_Average = 108.0814	val_Variance = 2.2530	sd = 1.5010	max = 115	min = 101
[20191011_082744 / lib_ip.py:4052] len(Hs) = 8100, len(Ss) = 8100, len(Vs) = 8100
[20191011_082744 / lib_ip.py:4099] green : variance --> out of range (variance = 2.253 / upper = 0.760 / lower = 0.000)
[20191011_082745 / lib_ip.py:3753] file = img.20191011_082744.2019-10-10_19-01-29_000.jpg.1.png / val_Average = 108.0814	val_Variance = 2.2530	sd = 1.5010	max = 115	min = 101
[20191011_082745 / lib_ip.py:4169] len(Hs) = 8100, len(Ss) = 8100, len(Vs) = 8100
[20191011_082745 / lib_ip.py:4208] blue : variance --> out of range (variance = 2.253 / upper = 0.930 / lower = 0.010)
[20191011_082745 / lib_ip.py:3753] file = img.20191011_082744.2019-10-10_19-01-29_000.jpg.1.png / val_Average = 108.0814	val_Variance = 2.2530	sd = 1.5010	max = 115	min = 101
[20191011_082745 / lib_ip.py:4275] len(Hs) = 8100, len(Ss) = 8100, len(Vs) = 8100
[20191011_082745 / lib_ip.py:4314] pink : variance --> out of range (variance = 2.253 / upper = 0.750 / lower = 0.030)
[20191011_082745 / lib_ip.py:3753] file = img.20191011_082744.2019-10-10_19-01-29_000.jpg.1.png / val_Average = 108.0814	val_Variance = 2.2530	sd = 1.5010	max = 115	min = 101
[20191011_082745 / lib_ip.py:4378] len(Hs) = 8100, len(Ss) = 8100, len(Vs) = 8100
[20191011_082745 / lib_ip.py:4422] black : variance --> out of range (variance = 2.253 / upper = 0.000 / lower = 0.000)
[20191011_082745 / lib_ip.py:4593] file : img.20191011_082744.2019-10-10_19-01-29_000.jpg.1.png 0 (black : variance --> out of range (variance = 2.253 / upper = 0.000 / lower = 0.000))
[20191011_082745 / lib_ip.py:2274] inspecting ===> img.20191011_082744.2019-10-10_19-01-29_000.jpg.2.png
[20191011_082745 / lib_ip.py:4505] 
img.20191011_082744.2019-10-10_19-01-29_000.jpg.2.png 1 ---------------------
[20191011_082745 / lib_ip.py:3753] file = img.20191011_082744.2019-10-10_19-01-29_000.jpg.2.png / val_Average = 104.3673	val_Variance = 120.7282	sd = 10.9876	max = 135	min = 0
[20191011_082745 / lib_ip.py:3836] len(Hs) = 8100, len(Ss) = 8100, len(Vs) = 8100
[20191011_082746 / lib_ip.py:3869] yellow : variance --> out of range (variance = 120.728 / upper = 0.650 / lower = 0.000)
[20191011_082746 / lib_ip.py:3753] file = img.20191011_082744.2019-10-10_19-01-29_000.jpg.2.png / val_Average = 104.3673	val_Variance = 120.7282	sd = 10.9876	max = 135	min = 0
[20191011_082746 / lib_ip.py:3936] len(Hs) = 8100, len(Ss) = 8100, len(Vs) = 8100
[20191011_082746 / lib_ip.py:3982] red : variance --> out of range (variance = 120.728 / upper = 0.430 / lower = 0.000)
[20191011_082746 / lib_ip.py:3753] file = img.20191011_082744.2019-10-10_19-01-29_000.jpg.2.png / val_Average = 104.3673	val_Variance = 120.7282	sd = 10.9876	max = 135	min = 0
[20191011_082746 / lib_ip.py:4052] len(Hs) = 8100, len(Ss) = 8100, len(Vs) = 8100
[20191011_082746 / lib_ip.py:4099] green : variance --> out of range (variance = 120.728 / upper = 0.760 / lower = 0.000)
[20191011_082746 / lib_ip.py:3753] file = img.20191011_082744.2019-10-10_19-01-29_000.jpg.2.png / val_Average = 104.3673	val_Variance = 120.7282	sd = 10.9876	max = 135	min = 0
[20191011_082746 / lib_ip.py:4169] len(Hs) = 8100, len(Ss) = 8100, len(Vs) = 8100
[20191011_082746 / lib_ip.py:4208] blue : variance --> out of range (variance = 120.728 / upper = 0.930 / lower = 0.010)
[20191011_082746 / lib_ip.py:3753] file = img.20191011_082744.2019-10-10_19-01-29_000.jpg.2.png / val_Average = 104.3673	val_Variance = 120.7282	sd = 10.9876	max = 135	min = 0
[20191011_082746 / lib_ip.py:4275] len(Hs) = 8100, len(Ss) = 8100, len(Vs) = 8100
[20191011_082746 / lib_ip.py:4314] pink : variance --> out of range (variance = 120.728 / upper = 0.750 / lower = 0.030)
[20191011_082746 / lib_ip.py:3753] file = img.20191011_082744.2019-10-10_19-01-29_000.jpg.2.png / val_Average = 104.3673	val_Variance = 120.7282	sd = 10.9876	max = 135	min = 0
[20191011_082746 / lib_ip.py:4378] len(Hs) = 8100, len(Ss) = 8100, len(Vs) = 8100
[20191011_082746 / lib_ip.py:4422] black : variance --> out of range (variance = 120.728 / upper = 0.000 / lower = 0.000)
[20191011_082746 / lib_ip.py:4593] file : img.20191011_082744.2019-10-10_19-01-29_000.jpg.2.png 1 (black : variance --> out of range (variance = 120.728 / upper = 0.000 / lower = 0.000))
[20191011_082746 / lib_ip.py:2274] inspecting ===> img.20191011_082744.2019-10-10_19-01-29_000.jpg.3.png
[20191011_082747 / lib_ip.py:4505] 
img.20191011_082744.2019-10-10_19-01-29_000.jpg.3.png 2 ---------------------
[20191011_082747 / lib_ip.py:3753] file = img.20191011_082744.2019-10-10_19-01-29_000.jpg.3.png / val_Average = 130.6432	val_Variance = 165.6878	sd = 12.8720	max = 168	min = 0
[20191011_082747 / lib_ip.py:3836] len(Hs) = 8100, len(Ss) = 8100, len(Vs) = 8100
[20191011_082747 / lib_ip.py:3869] yellow : variance --> out of range (variance = 165.688 / upper = 0.650 / lower = 0.000)
[20191011_082747 / lib_ip.py:3753] file = img.20191011_082744.2019-10-10_19-01-29_000.jpg.3.png / val_Average = 130.6432	val_Variance = 165.6878	sd = 12.8720	max = 168	min = 0
[20191011_082747 / lib_ip.py:3936] len(Hs) = 8100, len(Ss) = 8100, len(Vs) = 8100
[20191011_082747 / lib_ip.py:3982] red : variance --> out of range (variance = 165.688 / upper = 0.430 / lower = 0.000)
[20191011_082747 / lib_ip.py:3753] file = img.20191011_082744.2019-10-10_19-01-29_000.jpg.3.png / val_Average = 130.6432	val_Variance = 165.6878	sd = 12.8720	max = 168	min = 0
[20191011_082747 / lib_ip.py:4052] len(Hs) = 8100, len(Ss) = 8100, len(Vs) = 8100
[20191011_082747 / lib_ip.py:4099] green : variance --> out of range (variance = 165.688 / upper = 0.760 / lower = 0.000)
[20191011_082747 / lib_ip.py:3753] file = img.20191011_082744.2019-10-10_19-01-29_000.jpg.3.png / val_Average = 130.6432	val_Variance = 165.6878	sd = 12.8720	max = 168	min = 0
[20191011_082747 / lib_ip.py:4169] len(Hs) = 8100, len(Ss) = 8100, len(Vs) = 8100
[20191011_082747 / lib_ip.py:4208] blue : variance --> out of range (variance = 165.688 / upper = 0.930 / lower = 0.010)
[20191011_082748 / lib_ip.py:3753] file = img.20191011_082744.2019-10-10_19-01-29_000.jpg.3.png / val_Average = 130.6432	val_Variance = 165.6878	sd = 12.8720	max = 168	min = 0
[20191011_082748 / lib_ip.py:4275] len(Hs) = 8100, len(Ss) = 8100, len(Vs) = 8100
[20191011_082748 / lib_ip.py:4314] pink : variance --> out of range (variance = 165.688 / upper = 0.750 / lower = 0.030)
[20191011_082748 / lib_ip.py:3753] file = img.20191011_082744.2019-10-10_19-01-29_000.jpg.3.png / val_Average = 130.6432	val_Variance = 165.6878	sd = 12.8720	max = 168	min = 0
[20191011_082748 / lib_ip.py:4378] len(Hs) = 8100, len(Ss) = 8100, len(Vs) = 8100
[20191011_082748 / lib_ip.py:4422] black : variance --> out of range (variance = 165.688 / upper = 0.000 / lower = 0.000)
[20191011_082748 / lib_ip.py:4593] file : img.20191011_082744.2019-10-10_19-01-29_000.jpg.3.png 2 (black : variance --> out of range (variance = 165.688 / upper = 0.000 / lower = 0.000))
[20191011_082748 / lib_ip.py:2274] inspecting ===> img.20191011_082744.2019-10-10_19-01-29_000.jpg.4.png
[20191011_082748 / lib_ip.py:4505] 
img.20191011_082744.2019-10-10_19-01-29_000.jpg.4.png 3 ---------------------
[20191011_082748 / lib_ip.py:3753] file = img.20191011_082744.2019-10-10_19-01-29_000.jpg.4.png / val_Average = 120.8900	val_Variance = 0.1337	sd = 0.3657	max = 122	min = 120
[20191011_082748 / lib_ip.py:3836] len(Hs) = 8100, len(Ss) = 8100, len(Vs) = 8100
[20191011_082749 / lib_ip.py:3891] yellow : average --> out of range (average = 120.890 / upper = 99.200 / lower = 85.500)
[20191011_082749 / lib_ip.py:3753] file = img.20191011_082744.2019-10-10_19-01-29_000.jpg.4.png / val_Average = 120.8900	val_Variance = 0.1337	sd = 0.3657	max = 122	min = 120
[20191011_082749 / lib_ip.py:3936] len(Hs) = 8100, len(Ss) = 8100, len(Vs) = 8100
[20191011_082748 / lib_ip.py:2274] inspecting ===> img.20191011_082744.2019-10-10_19-01-29_000.jpg.4.png
img.20191011_082744.2019-10-10_19-01-29_000.jpg.1.png => other
img.20191011_082744.2019-10-10_19-01-29_000.jpg.2.png => other
img.20191011_082744.2019-10-10_19-01-29_000.jpg.3.png => other
img.20191011_082744.2019-10-10_19-01-29_000.jpg.4.png => other
[20191011_082749 lib_ip.py:3301] =============== Get 4 corners
dpath_Images = C:\WORKS_2\WS\WS_Others.Art\JVEMV6\46_art\VIRTUAL\Admin_Projects\ip\images
fname_Image = img.20191011_082744.2019-10-10_19-01-29_000.jpg.4.png

[20191011_082749 / lib_ip.py:2274] inspecting ===> img.20191011_082749.2019-10-10_20-49-55_000.jpg.1.png
[20191011_082749 / lib_ip.py:4505] 
img.20191011_082749.2019-10-10_20-49-55_000.jpg.1.png 0 ---------------------
[20191011_082750 / lib_ip.py:3753] file = img.20191011_082749.2019-10-10_20-49-55_000.jpg.1.png / val_Average = 93.7931	val_Variance = 0.1641	sd = 0.4051	max = 94	min = 93
[20191011_082750 / lib_ip.py:3836] len(Hs) = 8100, len(Ss) = 8100, len(Vs) = 8100
[20191011_082750 / lib_ip.py:2274] inspecting ===> img.20191011_082749.2019-10-10_20-49-55_000.jpg.2.png
[20191011_082750 / lib_ip.py:4505] 
img.20191011_082749.2019-10-10_20-49-55_000.jpg.2.png 1 ---------------------
[20191011_082750 / lib_ip.py:3753] file = img.20191011_082749.2019-10-10_20-49-55_000.jpg.2.png / val_Average = 100.7337	val_Variance = 454.9287	sd = 21.3291	max = 135	min = 0
[20191011_082750 / lib_ip.py:3836] len(Hs) = 8100, len(Ss) = 8100, len(Vs) = 8100
[20191011_082750 / lib_ip.py:3869] yellow : variance --> out of range (variance = 454.929 / upper = 0.650 / lower = 0.000)
[20191011_082750 / lib_ip.py:3753] file = img.20191011_082749.2019-10-10_20-49-55_000.jpg.2.png / val_Average = 100.7337	val_Variance = 454.9287	sd = 21.3291	max = 135	min = 0
[20191011_082750 / lib_ip.py:3936] len(Hs) = 8100, len(Ss) = 8100, len(Vs) = 8100
[20191011_082751 / lib_ip.py:3982] red : variance --> out of range (variance = 454.929 / upper = 0.430 / lower = 0.000)
[20191011_082751 / lib_ip.py:3753] file = img.20191011_082749.2019-10-10_20-49-55_000.jpg.2.png / val_Average = 100.7337	val_Variance = 454.9287	sd = 21.3291	max = 135	min = 0
[20191011_082751 / lib_ip.py:4052] len(Hs) = 8100, len(Ss) = 8100, len(Vs) = 8100
[20191011_082751 / lib_ip.py:4099] green : variance --> out of range (variance = 454.929 / upper = 0.760 / lower = 0.000)
[20191011_082751 / lib_ip.py:3753] file = img.20191011_082749.2019-10-10_20-49-55_000.jpg.2.png / val_Average = 100.7337	val_Variance = 454.9287	sd = 21.3291	max = 135	min = 0
[20191011_082751 / lib_ip.py:4169] len(Hs) = 8100, len(Ss) = 8100, len(Vs) = 8100
[20191011_082751 / lib_ip.py:4208] blue : variance --> out of range (variance = 454.929 / upper = 0.930 / lower = 0.010)
[20191011_082751 / lib_ip.py:3753] file = img.20191011_082749.2019-10-10_20-49-55_000.jpg.2.png / val_Average = 100.7337	val_Variance = 454.9287	sd = 21.3291	max = 135	min = 0
[20191011_082751 / lib_ip.py:4275] len(Hs) = 8100, len(Ss) = 8100, len(Vs) = 8100
[20191011_082751 / lib_ip.py:4314] pink : variance --> out of range (variance = 454.929 / upper = 0.750 / lower = 0.030)
[20191011_082751 / lib_ip.py:3753] file = img.20191011_082749.2019-10-10_20-49-55_000.jpg.2.png / val_Average = 100.7337	val_Variance = 454.9287	sd = 21.3291	max = 135	min = 0
[20191011_082751 / lib_ip.py:4378] len(Hs) = 8100, len(Ss) = 8100, len(Vs) = 8100
[20191011_082751 / lib_ip.py:4422] black : variance --> out of range (variance = 454.929 / upper = 0.000 / lower = 0.000)
[20191011_082751 / lib_ip.py:4593] file : img.20191011_082749.2019-10-10_20-49-55_000.jpg.2.png 1 (black : variance --> out of range (variance = 454.929 / upper = 0.000 / lower = 0.000))
[20191011_082751 / lib_ip.py:2274] inspecting ===> img.20191011_082749.2019-10-10_20-49-55_000.jpg.3.png
[20191011_082751 / lib_ip.py:4505] 
img.20191011_082749.2019-10-10_20-49-55_000.jpg.3.png 2 ---------------------
[20191011_082752 / lib_ip.py:3753] file = img.20191011_082749.2019-10-10_20-49-55_000.jpg.3.png / val_Average = 108.0046	val_Variance = 2.1475	sd = 1.4654	max = 113	min = 105
[20191011_082752 / lib_ip.py:3836] len(Hs) = 8100, len(Ss) = 8100, len(Vs) = 8100
[20191011_082752 / lib_ip.py:3869] yellow : variance --> out of range (variance = 2.148 / upper = 0.650 / lower = 0.000)
[20191011_082752 / lib_ip.py:3753] file = img.20191011_082749.2019-10-10_20-49-55_000.jpg.3.png / val_Average = 108.0046	val_Variance = 2.1475	sd = 1.4654	max = 113	min = 105
[20191011_082752 / lib_ip.py:3936] len(Hs) = 8100, len(Ss) = 8100, len(Vs) = 8100
[20191011_082752 / lib_ip.py:3982] red : variance --> out of range (variance = 2.148 / upper = 0.430 / lower = 0.000)
[20191011_082752 / lib_ip.py:3753] file = img.20191011_082749.2019-10-10_20-49-55_000.jpg.3.png / val_Average = 108.0046	val_Variance = 2.1475	sd = 1.4654	max = 113	min = 105
[20191011_082752 / lib_ip.py:4052] len(Hs) = 8100, len(Ss) = 8100, len(Vs) = 8100
[20191011_082752 / lib_ip.py:4099] green : variance --> out of range (variance = 2.148 / upper = 0.760 / lower = 0.000)
[20191011_082752 / lib_ip.py:3753] file = img.20191011_082749.2019-10-10_20-49-55_000.jpg.3.png / val_Average = 108.0046	val_Variance = 2.1475	sd = 1.4654	max = 113	min = 105
[20191011_082752 / lib_ip.py:4169] len(Hs) = 8100, len(Ss) = 8100, len(Vs) = 8100
[20191011_082752 / lib_ip.py:4208] blue : variance --> out of range (variance = 2.148 / upper = 0.930 / lower = 0.010)
[20191011_082752 / lib_ip.py:3753] file = img.20191011_082749.2019-10-10_20-49-55_000.jpg.3.png / val_Average = 108.0046	val_Variance = 2.1475	sd = 1.4654	max = 113	min = 105
[20191011_082752 / lib_ip.py:4275] len(Hs) = 8100, len(Ss) = 8100, len(Vs) = 8100
[20191011_082752 / lib_ip.py:4314] pink : variance --> out of range (variance = 2.148 / upper = 0.750 / lower = 0.030)
[20191011_082752 / lib_ip.py:3753] file = img.20191011_082749.2019-10-10_20-49-55_000.jpg.3.png / val_Average = 108.0046	val_Variance = 2.1475	sd = 1.4654	max = 113	min = 105
[20191011_082752 / lib_ip.py:4378] len(Hs) = 8100, len(Ss) = 8100, len(Vs) = 8100
[20191011_082752 / lib_ip.py:4422] black : variance --> out of range (variance = 2.148 / upper = 0.000 / lower = 0.000)
[20191011_082752 / lib_ip.py:4593] file : img.20191011_082749.2019-10-10_20-49-55_000.jpg.3.png 2 (black : variance --> out of range (variance = 2.148 / upper = 0.000 / lower = 0.000))
[20191011_082752 / lib_ip.py:2274] inspecting ===> img.20191011_082749.2019-10-10_20-49-55_000.jpg.4.png
[20191011_082753 / lib_ip.py:4505] 
img.20191011_082749.2019-10-10_20-49-55_000.jpg.4.png 3 ---------------------
[20191011_082753 / lib_ip.py:3753] file = img.20191011_082749.2019-10-10_20-49-55_000.jpg.4.png / val_Average = 41.6368	val_Variance = 1804.0392	sd = 42.4740	max = 135	min = 0
[20191011_082753 / lib_ip.py:3836] len(Hs) = 8100, len(Ss) = 8100, len(Vs) = 8100
[20191011_082753 / lib_ip.py:3869] yellow : variance --> out of range (variance = 1804.039 / upper = 0.650 / lower = 0.000)
[20191011_082753 / lib_ip.py:3753] file = img.20191011_082749.2019-10-10_20-49-55_000.jpg.4.png / val_Average = 41.6368	val_Variance = 1804.0392	sd = 42.4740	max = 135	min = 0
[20191011_082753 / lib_ip.py:3936] len(Hs) = 8100, len(Ss) = 8100, len(Vs) = 8100
[20191011_082753 / lib_ip.py:3982] red : variance --> out of range (variance = 1804.039 / upper = 0.430 / lower = 0.000)
[20191011_082753 / lib_ip.py:3753] file = img.20191011_082749.2019-10-10_20-49-55_000.jpg.4.png / val_Average = 41.6368	val_Variance = 1804.0392	sd = 42.4740	max = 135	min = 0
[20191011_082753 / lib_ip.py:4052] len(Hs) = 8100, len(Ss) = 8100, len(Vs) = 8100
[20191011_082754 / lib_ip.py:4099] green : variance --> out of range (variance = 1804.039 / upper = 0.760 / lower = 0.000)
[20191011_082754 / lib_ip.py:3753] file = img.20191011_082749.2019-10-10_20-49-55_000.jpg.4.png / val_Average = 41.6368	val_Variance = 1804.0392	sd = 42.4740	max = 135	min = 0
[20191011_082754 / lib_ip.py:4169] len(Hs) = 8100, len(Ss) = 8100, len(Vs) = 8100
[20191011_082754 / lib_ip.py:4208] blue : variance --> out of range (variance = 1804.039 / upper = 0.930 / lower = 0.010)
[20191011_082754 / lib_ip.py:3753] file = img.20191011_082749.2019-10-10_20-49-55_000.jpg.4.png / val_Average = 41.6368	val_Variance = 1804.0392	sd = 42.4740	max = 135	min = 0
[20191011_082754 / lib_ip.py:4275] len(Hs) = 8100, len(Ss) = 8100, len(Vs) = 8100
[20191011_082754 / lib_ip.py:4314] pink : variance --> out of range (variance = 1804.039 / upper = 0.750 / lower = 0.030)
[20191011_082754 / lib_ip.py:3753] file = img.20191011_082749.2019-10-10_20-49-55_000.jpg.4.png / val_Average = 41.6368	val_Variance = 1804.0392	sd = 42.4740	max = 135	min = 0
[20191011_082754 / lib_ip.py:4378] len(Hs) = 8100, len(Ss) = 8100, len(Vs) = 8100
[20191011_082754 / lib_ip.py:4422] black : variance --> out of range (variance = 1804.039 / upper = 0.000 / lower = 0.000)
[20191011_082754 / lib_ip.py:4593] file : img.20191011_082749.2019-10-10_20-49-55_000.jpg.4.png 3 (black : variance --> out of range (variance = 1804.039 / upper = 0.000 / lower = 0.000))
[20191011_082752 / lib_ip.py:2274] inspecting ===> img.20191011_082749.2019-10-10_20-49-55_000.jpg.4.png
img.20191011_082749.2019-10-10_20-49-55_000.jpg.1.png => other
img.20191011_082749.2019-10-10_20-49-55_000.jpg.2.png => other
img.20191011_082749.2019-10-10_20-49-55_000.jpg.3.png => other
img.20191011_082749.2019-10-10_20-49-55_000.jpg.4.png => other
[20191011_082754 lib_ip.py:3301] =============== Get 4 corners
dpath_Images = C:\WORKS_2\WS\WS_Others.Art\JVEMV6\46_art\VIRTUAL\Admin_Projects\ip\images
fname_Image = img.20191011_082749.2019-10-10_20-49-55_000.jpg.4.png

[20191011_082755 / lib_ip.py:2274] inspecting ===> img.20191011_082754.2019-10-11_01-34-36_000.jpg.1.png
[20191011_082755 / lib_ip.py:4505] 
img.20191011_082754.2019-10-11_01-34-36_000.jpg.1.png 0 ---------------------
[20191011_082756 / lib_ip.py:3753] file = img.20191011_082754.2019-10-11_01-34-36_000.jpg.1.png / val_Average = 107.5883	val_Variance = 91.6748	sd = 9.5747	max = 176	min = 0
[20191011_082756 / lib_ip.py:3836] len(Hs) = 8100, len(Ss) = 8100, len(Vs) = 8100
[20191011_082756 / lib_ip.py:3869] yellow : variance --> out of range (variance = 91.675 / upper = 0.650 / lower = 0.000)
[20191011_082756 / lib_ip.py:3753] file = img.20191011_082754.2019-10-11_01-34-36_000.jpg.1.png / val_Average = 107.5883	val_Variance = 91.6748	sd = 9.5747	max = 176	min = 0
[20191011_082756 / lib_ip.py:3936] len(Hs) = 8100, len(Ss) = 8100, len(Vs) = 8100
[20191011_082756 / lib_ip.py:3982] red : variance --> out of range (variance = 91.675 / upper = 0.430 / lower = 0.000)
[20191011_082756 / lib_ip.py:3753] file = img.20191011_082754.2019-10-11_01-34-36_000.jpg.1.png / val_Average = 107.5883	val_Variance = 91.6748	sd = 9.5747	max = 176	min = 0
[20191011_082756 / lib_ip.py:4052] len(Hs) = 8100, len(Ss) = 8100, len(Vs) = 8100
[20191011_082757 / lib_ip.py:4099] green : variance --> out of range (variance = 91.675 / upper = 0.760 / lower = 0.000)
[20191011_082757 / lib_ip.py:3753] file = img.20191011_082754.2019-10-11_01-34-36_000.jpg.1.png / val_Average = 107.5883	val_Variance = 91.6748	sd = 9.5747	max = 176	min = 0
[20191011_082757 / lib_ip.py:4169] len(Hs) = 8100, len(Ss) = 8100, len(Vs) = 8100
[20191011_082757 / lib_ip.py:4208] blue : variance --> out of range (variance = 91.675 / upper = 0.930 / lower = 0.010)
[20191011_082757 / lib_ip.py:3753] file = img.20191011_082754.2019-10-11_01-34-36_000.jpg.1.png / val_Average = 107.5883	val_Variance = 91.6748	sd = 9.5747	max = 176	min = 0
[20191011_082757 / lib_ip.py:4275] len(Hs) = 8100, len(Ss) = 8100, len(Vs) = 8100
[20191011_082757 / lib_ip.py:4314] pink : variance --> out of range (variance = 91.675 / upper = 0.750 / lower = 0.030)
[20191011_082757 / lib_ip.py:3753] file = img.20191011_082754.2019-10-11_01-34-36_000.jpg.1.png / val_Average = 107.5883	val_Variance = 91.6748	sd = 9.5747	max = 176	min = 0
[20191011_082757 / lib_ip.py:4378] len(Hs) = 8100, len(Ss) = 8100, len(Vs) = 8100
[20191011_082757 / lib_ip.py:4422] black : variance --> out of range (variance = 91.675 / upper = 0.000 / lower = 0.000)
[20191011_082757 / lib_ip.py:4593] file : img.20191011_082754.2019-10-11_01-34-36_000.jpg.1.png 0 (black : variance --> out of range (variance = 91.675 / upper = 0.000 / lower = 0.000))
[20191011_082757 / lib_ip.py:2274] inspecting ===> img.20191011_082754.2019-10-11_01-34-36_000.jpg.2.png
[20191011_082758 / lib_ip.py:4505] 
img.20191011_082754.2019-10-11_01-34-36_000.jpg.2.png 1 ---------------------
[20191011_082758 / lib_ip.py:3753] file = img.20191011_082754.2019-10-11_01-34-36_000.jpg.2.png / val_Average = 99.6153	val_Variance = 16.3567	sd = 4.0443	max = 114	min = 85
[20191011_082758 / lib_ip.py:3836] len(Hs) = 8100, len(Ss) = 8100, len(Vs) = 8100
[20191011_082758 / lib_ip.py:3869] yellow : variance --> out of range (variance = 16.357 / upper = 0.650 / lower = 0.000)
[20191011_082758 / lib_ip.py:3753] file = img.20191011_082754.2019-10-11_01-34-36_000.jpg.2.png / val_Average = 99.6153	val_Variance = 16.3567	sd = 4.0443	max = 114	min = 85
[20191011_082758 / lib_ip.py:3936] len(Hs) = 8100, len(Ss) = 8100, len(Vs) = 8100
[20191011_082758 / lib_ip.py:3982] red : variance --> out of range (variance = 16.357 / upper = 0.430 / lower = 0.000)
[20191011_082758 / lib_ip.py:3753] file = img.20191011_082754.2019-10-11_01-34-36_000.jpg.2.png / val_Average = 99.6153	val_Variance = 16.3567	sd = 4.0443	max = 114	min = 85
[20191011_082758 / lib_ip.py:4052] len(Hs) = 8100, len(Ss) = 8100, len(Vs) = 8100
[20191011_082758 / lib_ip.py:4099] green : variance --> out of range (variance = 16.357 / upper = 0.760 / lower = 0.000)
[20191011_082758 / lib_ip.py:3753] file = img.20191011_082754.2019-10-11_01-34-36_000.jpg.2.png / val_Average = 99.6153	val_Variance = 16.3567	sd = 4.0443	max = 114	min = 85
[20191011_082758 / lib_ip.py:4169] len(Hs) = 8100, len(Ss) = 8100, len(Vs) = 8100
[20191011_082758 / lib_ip.py:4208] blue : variance --> out of range (variance = 16.357 / upper = 0.930 / lower = 0.010)
[20191011_082758 / lib_ip.py:3753] file = img.20191011_082754.2019-10-11_01-34-36_000.jpg.2.png / val_Average = 99.6153	val_Variance = 16.3567	sd = 4.0443	max = 114	min = 85
[20191011_082758 / lib_ip.py:4275] len(Hs) = 8100, len(Ss) = 8100, len(Vs) = 8100
[20191011_082759 / lib_ip.py:4314] pink : variance --> out of range (variance = 16.357 / upper = 0.750 / lower = 0.030)
[20191011_082759 / lib_ip.py:3753] file = img.20191011_082754.2019-10-11_01-34-36_000.jpg.2.png / val_Average = 99.6153	val_Variance = 16.3567	sd = 4.0443	max = 114	min = 85
[20191011_082759 / lib_ip.py:4378] len(Hs) = 8100, len(Ss) = 8100, len(Vs) = 8100
[20191011_082759 / lib_ip.py:4422] black : variance --> out of range (variance = 16.357 / upper = 0.000 / lower = 0.000)
[20191011_082759 / lib_ip.py:4593] file : img.20191011_082754.2019-10-11_01-34-36_000.jpg.2.png 1 (black : variance --> out of range (variance = 16.357 / upper = 0.000 / lower = 0.000))
[20191011_082759 / lib_ip.py:2274] inspecting ===> img.20191011_082754.2019-10-11_01-34-36_000.jpg.3.png
[20191011_082759 / lib_ip.py:4505] 
img.20191011_082754.2019-10-11_01-34-36_000.jpg.3.png 2 ---------------------
[20191011_082759 / lib_ip.py:3753] file = img.20191011_082754.2019-10-11_01-34-36_000.jpg.3.png / val_Average = 65.9144	val_Variance = 1863.3019	sd = 43.1660	max = 160	min = 0
[20191011_082759 / lib_ip.py:3836] len(Hs) = 8100, len(Ss) = 8100, len(Vs) = 8100
[20191011_082759 / lib_ip.py:3869] yellow : variance --> out of range (variance = 1863.302 / upper = 0.650 / lower = 0.000)
[20191011_082759 / lib_ip.py:3753] file = img.20191011_082754.2019-10-11_01-34-36_000.jpg.3.png / val_Average = 65.9144	val_Variance = 1863.3019	sd = 43.1660	max = 160	min = 0
[20191011_082759 / lib_ip.py:3936] len(Hs) = 8100, len(Ss) = 8100, len(Vs) = 8100
[20191011_082759 / lib_ip.py:3982] red : variance --> out of range (variance = 1863.302 / upper = 0.430 / lower = 0.000)
[20191011_082759 / lib_ip.py:3753] file = img.20191011_082754.2019-10-11_01-34-36_000.jpg.3.png / val_Average = 65.9144	val_Variance = 1863.3019	sd = 43.1660	max = 160	min = 0
[20191011_082759 / lib_ip.py:4052] len(Hs) = 8100, len(Ss) = 8100, len(Vs) = 8100
[20191011_082759 / lib_ip.py:4099] green : variance --> out of range (variance = 1863.302 / upper = 0.760 / lower = 0.000)
[20191011_082800 / lib_ip.py:3753] file = img.20191011_082754.2019-10-11_01-34-36_000.jpg.3.png / val_Average = 65.9144	val_Variance = 1863.3019	sd = 43.1660	max = 160	min = 0
[20191011_082800 / lib_ip.py:4169] len(Hs) = 8100, len(Ss) = 8100, len(Vs) = 8100
[20191011_082800 / lib_ip.py:4208] blue : variance --> out of range (variance = 1863.302 / upper = 0.930 / lower = 0.010)
[20191011_082800 / lib_ip.py:3753] file = img.20191011_082754.2019-10-11_01-34-36_000.jpg.3.png / val_Average = 65.9144	val_Variance = 1863.3019	sd = 43.1660	max = 160	min = 0
[20191011_082800 / lib_ip.py:4275] len(Hs) = 8100, len(Ss) = 8100, len(Vs) = 8100
[20191011_082800 / lib_ip.py:4314] pink : variance --> out of range (variance = 1863.302 / upper = 0.750 / lower = 0.030)
[20191011_082800 / lib_ip.py:3753] file = img.20191011_082754.2019-10-11_01-34-36_000.jpg.3.png / val_Average = 65.9144	val_Variance = 1863.3019	sd = 43.1660	max = 160	min = 0
[20191011_082800 / lib_ip.py:4378] len(Hs) = 8100, len(Ss) = 8100, len(Vs) = 8100
[20191011_082800 / lib_ip.py:4422] black : variance --> out of range (variance = 1863.302 / upper = 0.000 / lower = 0.000)
[20191011_082800 / lib_ip.py:4593] file : img.20191011_082754.2019-10-11_01-34-36_000.jpg.3.png 2 (black : variance --> out of range (variance = 1863.302 / upper = 0.000 / lower = 0.000))
[20191011_082800 / lib_ip.py:2274] inspecting ===> img.20191011_082754.2019-10-11_01-34-36_000.jpg.4.png
[20191011_082800 / lib_ip.py:4505] 
img.20191011_082754.2019-10-11_01-34-36_000.jpg.4.png 3 ---------------------
[20191011_082800 / lib_ip.py:3753] file = img.20191011_082754.2019-10-11_01-34-36_000.jpg.4.png / val_Average = 95.0793	val_Variance = 52.7895	sd = 7.2656	max = 115	min = 77
[20191011_082800 / lib_ip.py:3836] len(Hs) = 8100, len(Ss) = 8100, len(Vs) = 8100
[20191011_082800 / lib_ip.py:3869] yellow : variance --> out of range (variance = 52.790 / upper = 0.650 / lower = 0.000)
[20191011_082800 / lib_ip.py:3753] file = img.20191011_082754.2019-10-11_01-34-36_000.jpg.4.png / val_Average = 95.0793	val_Variance = 52.7895	sd = 7.2656	max = 115	min = 77
[20191011_082801 / lib_ip.py:3936] len(Hs) = 8100, len(Ss) = 8100, len(Vs) = 8100
[20191011_082801 / lib_ip.py:3982] red : variance --> out of range (variance = 52.790 / upper = 0.430 / lower = 0.000)
[20191011_082801 / lib_ip.py:3753] file = img.20191011_082754.2019-10-11_01-34-36_000.jpg.4.png / val_Average = 95.0793	val_Variance = 52.7895	sd = 7.2656	max = 115	min = 77
[20191011_082801 / lib_ip.py:4052] len(Hs) = 8100, len(Ss) = 8100, len(Vs) = 8100
[20191011_082801 / lib_ip.py:4099] green : variance --> out of range (variance = 52.790 / upper = 0.760 / lower = 0.000)
[20191011_082801 / lib_ip.py:3753] file = img.20191011_082754.2019-10-11_01-34-36_000.jpg.4.png / val_Average = 95.0793	val_Variance = 52.7895	sd = 7.2656	max = 115	min = 77
[20191011_082801 / lib_ip.py:4169] len(Hs) = 8100, len(Ss) = 8100, len(Vs) = 8100
[20191011_082801 / lib_ip.py:4208] blue : variance --> out of range (variance = 52.790 / upper = 0.930 / lower = 0.010)
[20191011_082801 / lib_ip.py:3753] file = img.20191011_082754.2019-10-11_01-34-36_000.jpg.4.png / val_Average = 95.0793	val_Variance = 52.7895	sd = 7.2656	max = 115	min = 77
[20191011_082801 / lib_ip.py:4275] len(Hs) = 8100, len(Ss) = 8100, len(Vs) = 8100
[20191011_082801 / lib_ip.py:4314] pink : variance --> out of range (variance = 52.790 / upper = 0.750 / lower = 0.030)
[20191011_082801 / lib_ip.py:3753] file = img.20191011_082754.2019-10-11_01-34-36_000.jpg.4.png / val_Average = 95.0793	val_Variance = 52.7895	sd = 7.2656	max = 115	min = 77
[20191011_082801 / lib_ip.py:4378] len(Hs) = 8100, len(Ss) = 8100, len(Vs) = 8100
[20191011_082801 / lib_ip.py:4422] black : variance --> out of range (variance = 52.790 / upper = 0.000 / lower = 0.000)
[20191011_082801 / lib_ip.py:4593] file : img.20191011_082754.2019-10-11_01-34-36_000.jpg.4.png 3 (black : variance --> out of range (variance = 52.790 / upper = 0.000 / lower = 0.000))
[20191011_082800 / lib_ip.py:2274] inspecting ===> img.20191011_082754.2019-10-11_01-34-36_000.jpg.4.png
img.20191011_082754.2019-10-11_01-34-36_000.jpg.1.png => other
img.20191011_082754.2019-10-11_01-34-36_000.jpg.2.png => other
img.20191011_082754.2019-10-11_01-34-36_000.jpg.3.png => other
img.20191011_082754.2019-10-11_01-34-36_000.jpg.4.png => other
[20191011_082801 lib_ip.py:3301] =============== Get 4 corners
dpath_Images = C:\WORKS_2\WS\WS_Others.Art\JVEMV6\46_art\VIRTUAL\Admin_Projects\ip\images
fname_Image = img.20191011_082754.2019-10-11_01-34-36_000.jpg.4.png

[20191011_082802 / lib_ip.py:2274] inspecting ===> img.20191011_082802.2019-10-11_07-14-24_000.jpg.1.png
[20191011_082802 / lib_ip.py:4505] 
img.20191011_082802.2019-10-11_07-14-24_000.jpg.1.png 0 ---------------------
[20191011_082802 / lib_ip.py:3753] file = img.20191011_082802.2019-10-11_07-14-24_000.jpg.1.png / val_Average = 98.2802	val_Variance = 139.1481	sd = 11.7961	max = 135	min = 0
[20191011_082802 / lib_ip.py:3836] len(Hs) = 8100, len(Ss) = 8100, len(Vs) = 8100
[20191011_082802 / lib_ip.py:3869] yellow : variance --> out of range (variance = 139.148 / upper = 0.650 / lower = 0.000)
[20191011_082802 / lib_ip.py:3753] file = img.20191011_082802.2019-10-11_07-14-24_000.jpg.1.png / val_Average = 98.2802	val_Variance = 139.1481	sd = 11.7961	max = 135	min = 0
[20191011_082802 / lib_ip.py:3936] len(Hs) = 8100, len(Ss) = 8100, len(Vs) = 8100
[20191011_082802 / lib_ip.py:3982] red : variance --> out of range (variance = 139.148 / upper = 0.430 / lower = 0.000)
[20191011_082802 / lib_ip.py:3753] file = img.20191011_082802.2019-10-11_07-14-24_000.jpg.1.png / val_Average = 98.2802	val_Variance = 139.1481	sd = 11.7961	max = 135	min = 0
[20191011_082802 / lib_ip.py:4052] len(Hs) = 8100, len(Ss) = 8100, len(Vs) = 8100
[20191011_082803 / lib_ip.py:4099] green : variance --> out of range (variance = 139.148 / upper = 0.760 / lower = 0.000)
[20191011_082803 / lib_ip.py:3753] file = img.20191011_082802.2019-10-11_07-14-24_000.jpg.1.png / val_Average = 98.2802	val_Variance = 139.1481	sd = 11.7961	max = 135	min = 0
[20191011_082803 / lib_ip.py:4169] len(Hs) = 8100, len(Ss) = 8100, len(Vs) = 8100
[20191011_082803 / lib_ip.py:4208] blue : variance --> out of range (variance = 139.148 / upper = 0.930 / lower = 0.010)
[20191011_082803 / lib_ip.py:3753] file = img.20191011_082802.2019-10-11_07-14-24_000.jpg.1.png / val_Average = 98.2802	val_Variance = 139.1481	sd = 11.7961	max = 135	min = 0
[20191011_082803 / lib_ip.py:4275] len(Hs) = 8100, len(Ss) = 8100, len(Vs) = 8100
[20191011_082803 / lib_ip.py:4314] pink : variance --> out of range (variance = 139.148 / upper = 0.750 / lower = 0.030)
[20191011_082803 / lib_ip.py:3753] file = img.20191011_082802.2019-10-11_07-14-24_000.jpg.1.png / val_Average = 98.2802	val_Variance = 139.1481	sd = 11.7961	max = 135	min = 0
[20191011_082803 / lib_ip.py:4378] len(Hs) = 8100, len(Ss) = 8100, len(Vs) = 8100
[20191011_082803 / lib_ip.py:4422] black : variance --> out of range (variance = 139.148 / upper = 0.000 / lower = 0.000)
[20191011_082803 / lib_ip.py:4593] file : img.20191011_082802.2019-10-11_07-14-24_000.jpg.1.png 0 (black : variance --> out of range (variance = 139.148 / upper = 0.000 / lower = 0.000))
[20191011_082803 / lib_ip.py:2274] inspecting ===> img.20191011_082802.2019-10-11_07-14-24_000.jpg.2.png
[20191011_082803 / lib_ip.py:4505] 
img.20191011_082802.2019-10-11_07-14-24_000.jpg.2.png 1 ---------------------
[20191011_082804 / lib_ip.py:3753] file = img.20191011_082802.2019-10-11_07-14-24_000.jpg.2.png / val_Average = 145.7019	val_Variance = 607.6184	sd = 24.6499	max = 175	min = 0
[20191011_082804 / lib_ip.py:3836] len(Hs) = 8100, len(Ss) = 8100, len(Vs) = 8100
[20191011_082804 / lib_ip.py:3869] yellow : variance --> out of range (variance = 607.618 / upper = 0.650 / lower = 0.000)
[20191011_082804 / lib_ip.py:3753] file = img.20191011_082802.2019-10-11_07-14-24_000.jpg.2.png / val_Average = 145.7019	val_Variance = 607.6184	sd = 24.6499	max = 175	min = 0
[20191011_082804 / lib_ip.py:3936] len(Hs) = 8100, len(Ss) = 8100, len(Vs) = 8100
[20191011_082804 / lib_ip.py:3982] red : variance --> out of range (variance = 607.618 / upper = 0.430 / lower = 0.000)
[20191011_082804 / lib_ip.py:3753] file = img.20191011_082802.2019-10-11_07-14-24_000.jpg.2.png / val_Average = 145.7019	val_Variance = 607.6184	sd = 24.6499	max = 175	min = 0
[20191011_082804 / lib_ip.py:4052] len(Hs) = 8100, len(Ss) = 8100, len(Vs) = 8100
[20191011_082804 / lib_ip.py:4099] green : variance --> out of range (variance = 607.618 / upper = 0.760 / lower = 0.000)
[20191011_082804 / lib_ip.py:3753] file = img.20191011_082802.2019-10-11_07-14-24_000.jpg.2.png / val_Average = 145.7019	val_Variance = 607.6184	sd = 24.6499	max = 175	min = 0
[20191011_082804 / lib_ip.py:4169] len(Hs) = 8100, len(Ss) = 8100, len(Vs) = 8100
[20191011_082804 / lib_ip.py:4208] blue : variance --> out of range (variance = 607.618 / upper = 0.930 / lower = 0.010)
[20191011_082804 / lib_ip.py:3753] file = img.20191011_082802.2019-10-11_07-14-24_000.jpg.2.png / val_Average = 145.7019	val_Variance = 607.6184	sd = 24.6499	max = 175	min = 0
[20191011_082804 / lib_ip.py:4275] len(Hs) = 8100, len(Ss) = 8100, len(Vs) = 8100
[20191011_082804 / lib_ip.py:4314] pink : variance --> out of range (variance = 607.618 / upper = 0.750 / lower = 0.030)
[20191011_082804 / lib_ip.py:3753] file = img.20191011_082802.2019-10-11_07-14-24_000.jpg.2.png / val_Average = 145.7019	val_Variance = 607.6184	sd = 24.6499	max = 175	min = 0
[20191011_082804 / lib_ip.py:4378] len(Hs) = 8100, len(Ss) = 8100, len(Vs) = 8100
[20191011_082804 / lib_ip.py:4422] black : variance --> out of range (variance = 607.618 / upper = 0.000 / lower = 0.000)
[20191011_082804 / lib_ip.py:4593] file : img.20191011_082802.2019-10-11_07-14-24_000.jpg.2.png 1 (black : variance --> out of range (variance = 607.618 / upper = 0.000 / lower = 0.000))
[20191011_082804 / lib_ip.py:2274] inspecting ===> img.20191011_082802.2019-10-11_07-14-24_000.jpg.3.png
[20191011_082805 / lib_ip.py:4505] 
img.20191011_082802.2019-10-11_07-14-24_000.jpg.3.png 2 ---------------------
[20191011_082805 / lib_ip.py:3753] file = img.20191011_082802.2019-10-11_07-14-24_000.jpg.3.png / val_Average = 102.3893	val_Variance = 0.9360	sd = 0.9675	max = 105	min = 100
[20191011_082805 / lib_ip.py:3836] len(Hs) = 8100, len(Ss) = 8100, len(Vs) = 8100
[20191011_082805 / lib_ip.py:3869] yellow : variance --> out of range (variance = 0.936 / upper = 0.650 / lower = 0.000)
[20191011_082805 / lib_ip.py:3753] file = img.20191011_082802.2019-10-11_07-14-24_000.jpg.3.png / val_Average = 102.3893	val_Variance = 0.9360	sd = 0.9675	max = 105	min = 100
[20191011_082805 / lib_ip.py:3936] len(Hs) = 8100, len(Ss) = 8100, len(Vs) = 8100
[20191011_082805 / lib_ip.py:3982] red : variance --> out of range (variance = 0.936 / upper = 0.430 / lower = 0.000)
[20191011_082805 / lib_ip.py:3753] file = img.20191011_082802.2019-10-11_07-14-24_000.jpg.3.png / val_Average = 102.3893	val_Variance = 0.9360	sd = 0.9675	max = 105	min = 100
[20191011_082805 / lib_ip.py:4052] len(Hs) = 8100, len(Ss) = 8100, len(Vs) = 8100
[20191011_082805 / lib_ip.py:4099] green : variance --> out of range (variance = 0.936 / upper = 0.760 / lower = 0.000)
[20191011_082805 / lib_ip.py:3753] file = img.20191011_082802.2019-10-11_07-14-24_000.jpg.3.png / val_Average = 102.3893	val_Variance = 0.9360	sd = 0.9675	max = 105	min = 100
[20191011_082805 / lib_ip.py:4169] len(Hs) = 8100, len(Ss) = 8100, len(Vs) = 8100
[20191011_082805 / lib_ip.py:4208] blue : variance --> out of range (variance = 0.936 / upper = 0.930 / lower = 0.010)
[20191011_082805 / lib_ip.py:3753] file = img.20191011_082802.2019-10-11_07-14-24_000.jpg.3.png / val_Average = 102.3893	val_Variance = 0.9360	sd = 0.9675	max = 105	min = 100
[20191011_082805 / lib_ip.py:4275] len(Hs) = 8100, len(Ss) = 8100, len(Vs) = 8100
[20191011_082805 / lib_ip.py:4314] pink : variance --> out of range (variance = 0.936 / upper = 0.750 / lower = 0.030)
[20191011_082806 / lib_ip.py:3753] file = img.20191011_082802.2019-10-11_07-14-24_000.jpg.3.png / val_Average = 102.3893	val_Variance = 0.9360	sd = 0.9675	max = 105	min = 100
[20191011_082806 / lib_ip.py:4378] len(Hs) = 8100, len(Ss) = 8100, len(Vs) = 8100
[20191011_082806 / lib_ip.py:4422] black : variance --> out of range (variance = 0.936 / upper = 0.000 / lower = 0.000)
[20191011_082806 / lib_ip.py:4593] file : img.20191011_082802.2019-10-11_07-14-24_000.jpg.3.png 2 (black : variance --> out of range (variance = 0.936 / upper = 0.000 / lower = 0.000))
[20191011_082806 / lib_ip.py:2274] inspecting ===> img.20191011_082802.2019-10-11_07-14-24_000.jpg.4.png
[20191011_082806 / lib_ip.py:4505] 
img.20191011_082802.2019-10-11_07-14-24_000.jpg.4.png 3 ---------------------
[20191011_082806 / lib_ip.py:3753] file = img.20191011_082802.2019-10-11_07-14-24_000.jpg.4.png / val_Average = 102.0115	val_Variance = 0.6474	sd = 0.8046	max = 104	min = 100
[20191011_082806 / lib_ip.py:3836] len(Hs) = 8100, len(Ss) = 8100, len(Vs) = 8100
[20191011_082806 / lib_ip.py:3891] yellow : average --> out of range (average = 102.011 / upper = 99.200 / lower = 85.500)
[20191011_082806 / lib_ip.py:3753] file = img.20191011_082802.2019-10-11_07-14-24_000.jpg.4.png / val_Average = 102.0115	val_Variance = 0.6474	sd = 0.8046	max = 104	min = 100
[20191011_082806 / lib_ip.py:3936] len(Hs) = 8100, len(Ss) = 8100, len(Vs) = 8100
[20191011_082807 / lib_ip.py:3982] red : variance --> out of range (variance = 0.647 / upper = 0.430 / lower = 0.000)
[20191011_082807 / lib_ip.py:3753] file = img.20191011_082802.2019-10-11_07-14-24_000.jpg.4.png / val_Average = 102.0115	val_Variance = 0.6474	sd = 0.8046	max = 104	min = 100
[20191011_082807 / lib_ip.py:4052] len(Hs) = 8100, len(Ss) = 8100, len(Vs) = 8100
[20191011_082807 / lib_ip.py:4124] green : average --> out of range (average = 102.011 / upper = 85.000 / lower = 58.000)
[20191011_082807 / lib_ip.py:3753] file = img.20191011_082802.2019-10-11_07-14-24_000.jpg.4.png / val_Average = 102.0115	val_Variance = 0.6474	sd = 0.8046	max = 104	min = 100
[20191011_082807 / lib_ip.py:4169] len(Hs) = 8100, len(Ss) = 8100, len(Vs) = 8100
[20191011_082807 / lib_ip.py:4230] blue : average --> out of range (average = 102.011 / upper = 17.000 / lower = 8.850)
[20191011_082807 / lib_ip.py:3753] file = img.20191011_082802.2019-10-11_07-14-24_000.jpg.4.png / val_Average = 102.0115	val_Variance = 0.6474	sd = 0.8046	max = 104	min = 100
[20191011_082807 / lib_ip.py:4275] len(Hs) = 8100, len(Ss) = 8100, len(Vs) = 8100
[20191011_082807 / lib_ip.py:4336] pink : average --> out of range (average = 102.011 / upper = 141.000 / lower = 127.900)
[20191011_082807 / lib_ip.py:3753] file = img.20191011_082802.2019-10-11_07-14-24_000.jpg.4.png / val_Average = 102.0115	val_Variance = 0.6474	sd = 0.8046	max = 104	min = 100
[20191011_082807 / lib_ip.py:4378] len(Hs) = 8100, len(Ss) = 8100, len(Vs) = 8100
[20191011_082807 / lib_ip.py:4422] black : variance --> out of range (variance = 0.647 / upper = 0.000 / lower = 0.000)
[20191011_082807 / lib_ip.py:4593] file : img.20191011_082802.2019-10-11_07-14-24_000.jpg.4.png 3 (black : variance --> out of range (variance = 0.647 / upper = 0.000 / lower = 0.000))
[20191011_082806 / lib_ip.py:2274] inspecting ===> img.20191011_082802.2019-10-11_07-14-24_000.jpg.4.png
img.20191011_082802.2019-10-11_07-14-24_000.jpg.1.png => other
img.20191011_082802.2019-10-11_07-14-24_000.jpg.2.png => other
img.20191011_082802.2019-10-11_07-14-24_000.jpg.3.png => other
img.20191011_082802.2019-10-11_07-14-24_000.jpg.4.png => other
[20191011_082807 lib_ip.py:3301] =============== Get 4 corners
dpath_Images = C:\WORKS_2\WS\WS_Others.Art\JVEMV6\46_art\VIRTUAL\Admin_Projects\ip\images
fname_Image = img.20191011_082802.2019-10-11_07-14-24_000.jpg.4.png

[20191011_082807 / views.py:1411] gen csv => complete (20191011_082807)(elapsed = 57.355 sec / 10 files / 5.736 sec per file)
1)	2019-10-10_11-18-57_000.jpg => 	other yellow other other 
2)	2019-10-10_14-23-52_000.jpg => 	other blue other other 
3)	2019-10-10_14-38-53_000.jpg => 	green red other other 
4)	2019-10-10_18-59-27_000.jpg => 	other other other red 
5)	2019-10-10_18-59-44_000.jpg => 	other other other red 
6)	2019-10-10_18-59-57_000.jpg => 	other red other other 
7)	2019-10-10_19-01-29_000.jpg => 	other other other red 
8)	2019-10-10_20-49-55_000.jpg => 	yellow other other other 
9)	2019-10-11_01-34-36_000.jpg => 	other other other other 
10)	2019-10-11_07-14-24_000.jpg => 	other other other other 
[20191011_082807 / views.py:1753] lo_ColorName_Set__Modified_2 =>
1)	2019-10-10_11-18-57_000.jpg => 	o o o y 
2)	2019-10-10_14-23-52_000.jpg => 	b o o o 
3)	2019-10-10_14-38-53_000.jpg => 	g o o r 
4)	2019-10-10_18-59-27_000.jpg => 	o o o r 
5)	2019-10-10_18-59-44_000.jpg => 	o o o r 
6)	2019-10-10_18-59-57_000.jpg => 	o o o r 
7)	2019-10-10_19-01-29_000.jpg => 	o o o r 
8)	2019-10-10_20-49-55_000.jpg => 	o o o y 
9)	2019-10-11_01-34-36_000.jpg => 	o o o o 
10)	2019-10-11_07-14-24_000.jpg => 	o o o o 
[20191011_082808 / views.py:1839] gen_Cake_CSV(request) ==> ending... =======================//

