[20191030_100954 / views.py:1886] exec_get_4_corners(request) ================================
[20191030_100958 / lib_ip.py:1961] lo_Color_Names =>
img.20191030_100955.2019-10-29_17-25-21_000.jpg.1.png => other
img.20191030_100955.2019-10-29_17-25-21_000.jpg.2.png => other
img.20191030_100955.2019-10-29_17-25-21_000.jpg.3.png => other
img.20191030_100955.2019-10-29_17-25-21_000.jpg.4.png => other
[20191030_100958 / lib_ip.py:4505] 
2019-10-29_17-25-21_000.jpg 0 ---------------------
[20191030_100959 / lib_ip.py:3753] file = 2019-10-29_17-25-21_000.jpg / val_Average = 109.8063	val_Variance = 7.0470	sd = 2.6546	max = 123	min = 96
[20191030_100959 / lib_ip.py:3836] len(Hs) = 8100, len(Ss) = 8100, len(Vs) = 8100
[20191030_100959 / lib_ip.py:3869] yellow : variance --> out of range (variance = 7.047 / upper = 0.650 / lower = 0.000)
[20191030_100959 / lib_ip.py:3753] file = 2019-10-29_17-25-21_000.jpg / val_Average = 109.8063	val_Variance = 7.0470	sd = 2.6546	max = 123	min = 96
[20191030_100959 / lib_ip.py:3936] len(Hs) = 8100, len(Ss) = 8100, len(Vs) = 8100
[20191030_101000 / lib_ip.py:3982] red : variance --> out of range (variance = 7.047 / upper = 0.430 / lower = 0.000)
[20191030_101000 / lib_ip.py:3753] file = 2019-10-29_17-25-21_000.jpg / val_Average = 109.8063	val_Variance = 7.0470	sd = 2.6546	max = 123	min = 96
[20191030_101000 / lib_ip.py:4052] len(Hs) = 8100, len(Ss) = 8100, len(Vs) = 8100
[20191030_101000 / lib_ip.py:4099] green : variance --> out of range (variance = 7.047 / upper = 0.760 / lower = 0.000)
[20191030_101000 / lib_ip.py:3753] file = 2019-10-29_17-25-21_000.jpg / val_Average = 109.8063	val_Variance = 7.0470	sd = 2.6546	max = 123	min = 96
[20191030_101000 / lib_ip.py:4169] len(Hs) = 8100, len(Ss) = 8100, len(Vs) = 8100
[20191030_101000 / lib_ip.py:4208] blue : variance --> out of range (variance = 7.047 / upper = 0.930 / lower = 0.010)
[20191030_101000 / lib_ip.py:3753] file = 2019-10-29_17-25-21_000.jpg / val_Average = 109.8063	val_Variance = 7.0470	sd = 2.6546	max = 123	min = 96
[20191030_101000 / lib_ip.py:4275] len(Hs) = 8100, len(Ss) = 8100, len(Vs) = 8100
[20191030_101000 / lib_ip.py:4314] pink : variance --> out of range (variance = 7.047 / upper = 0.750 / lower = 0.030)
[20191030_101000 / lib_ip.py:3753] file = 2019-10-29_17-25-21_000.jpg / val_Average = 109.8063	val_Variance = 7.0470	sd = 2.6546	max = 123	min = 96
[20191030_101000 / lib_ip.py:4378] len(Hs) = 8100, len(Ss) = 8100, len(Vs) = 8100
[20191030_101001 / lib_ip.py:4422] black : variance --> out of range (variance = 7.047 / upper = 0.000 / lower = 0.000)
[20191030_101001 / lib_ip.py:4593] file : 2019-10-29_17-25-21_000.jpg 0 (black : variance --> out of range (variance = 7.047 / upper = 0.000 / lower = 0.000))
[20191030_101001 / lib_ip.py:4505] 
2019-10-29_17-25-21_000.jpg 1 ---------------------
[20191030_101001 / lib_ip.py:3753] file = 2019-10-29_17-25-21_000.jpg / val_Average = 106.4357	val_Variance = 22.8066	sd = 4.7756	max = 135	min = 0
[20191030_101001 / lib_ip.py:3836] len(Hs) = 8100, len(Ss) = 8100, len(Vs) = 8100
[20191030_101001 / lib_ip.py:3869] yellow : variance --> out of range (variance = 22.807 / upper = 0.650 / lower = 0.000)
[20191030_101002 / lib_ip.py:3753] file = 2019-10-29_17-25-21_000.jpg / val_Average = 106.4357	val_Variance = 22.8066	sd = 4.7756	max = 135	min = 0
[20191030_101002 / lib_ip.py:3936] len(Hs) = 8100, len(Ss) = 8100, len(Vs) = 8100
[20191030_101002 / lib_ip.py:3982] red : variance --> out of range (variance = 22.807 / upper = 0.430 / lower = 0.000)
[20191030_101002 / lib_ip.py:3753] file = 2019-10-29_17-25-21_000.jpg / val_Average = 106.4357	val_Variance = 22.8066	sd = 4.7756	max = 135	min = 0
[20191030_101002 / lib_ip.py:4052] len(Hs) = 8100, len(Ss) = 8100, len(Vs) = 8100
[20191030_101002 / lib_ip.py:4099] green : variance --> out of range (variance = 22.807 / upper = 0.760 / lower = 0.000)
[20191030_101002 / lib_ip.py:3753] file = 2019-10-29_17-25-21_000.jpg / val_Average = 106.4357	val_Variance = 22.8066	sd = 4.7756	max = 135	min = 0
[20191030_101002 / lib_ip.py:4169] len(Hs) = 8100, len(Ss) = 8100, len(Vs) = 8100
[20191030_101003 / lib_ip.py:4208] blue : variance --> out of range (variance = 22.807 / upper = 0.930 / lower = 0.010)
[20191030_101003 / lib_ip.py:3753] file = 2019-10-29_17-25-21_000.jpg / val_Average = 106.4357	val_Variance = 22.8066	sd = 4.7756	max = 135	min = 0
[20191030_101003 / lib_ip.py:4275] len(Hs) = 8100, len(Ss) = 8100, len(Vs) = 8100
[20191030_101003 / lib_ip.py:4314] pink : variance --> out of range (variance = 22.807 / upper = 0.750 / lower = 0.030)
[20191030_101003 / lib_ip.py:3753] file = 2019-10-29_17-25-21_000.jpg / val_Average = 106.4357	val_Variance = 22.8066	sd = 4.7756	max = 135	min = 0
[20191030_101003 / lib_ip.py:4378] len(Hs) = 8100, len(Ss) = 8100, len(Vs) = 8100
[20191030_101003 / lib_ip.py:4422] black : variance --> out of range (variance = 22.807 / upper = 0.000 / lower = 0.000)
[20191030_101003 / lib_ip.py:4593] file : 2019-10-29_17-25-21_000.jpg 1 (black : variance --> out of range (variance = 22.807 / upper = 0.000 / lower = 0.000))
[20191030_101003 / lib_ip.py:4505] 
2019-10-29_17-25-21_000.jpg 2 ---------------------
[20191030_101003 / lib_ip.py:3753] file = 2019-10-29_17-25-21_000.jpg / val_Average = 108.0226	val_Variance = 2.0028	sd = 1.4152	max = 113	min = 104
[20191030_101004 / lib_ip.py:3836] len(Hs) = 8100, len(Ss) = 8100, len(Vs) = 8100
[20191030_101004 / lib_ip.py:3869] yellow : variance --> out of range (variance = 2.003 / upper = 0.650 / lower = 0.000)
[20191030_101004 / lib_ip.py:3753] file = 2019-10-29_17-25-21_000.jpg / val_Average = 108.0226	val_Variance = 2.0028	sd = 1.4152	max = 113	min = 104
[20191030_101004 / lib_ip.py:3936] len(Hs) = 8100, len(Ss) = 8100, len(Vs) = 8100
[20191030_101004 / lib_ip.py:3982] red : variance --> out of range (variance = 2.003 / upper = 0.430 / lower = 0.000)
[20191030_101004 / lib_ip.py:3753] file = 2019-10-29_17-25-21_000.jpg / val_Average = 108.0226	val_Variance = 2.0028	sd = 1.4152	max = 113	min = 104
[20191030_101005 / lib_ip.py:4052] len(Hs) = 8100, len(Ss) = 8100, len(Vs) = 8100
[20191030_101005 / lib_ip.py:4099] green : variance --> out of range (variance = 2.003 / upper = 0.760 / lower = 0.000)
[20191030_101005 / lib_ip.py:3753] file = 2019-10-29_17-25-21_000.jpg / val_Average = 108.0226	val_Variance = 2.0028	sd = 1.4152	max = 113	min = 104
[20191030_101005 / lib_ip.py:4169] len(Hs) = 8100, len(Ss) = 8100, len(Vs) = 8100
[20191030_101005 / lib_ip.py:4208] blue : variance --> out of range (variance = 2.003 / upper = 0.930 / lower = 0.010)
[20191030_101005 / lib_ip.py:3753] file = 2019-10-29_17-25-21_000.jpg / val_Average = 108.0226	val_Variance = 2.0028	sd = 1.4152	max = 113	min = 104
[20191030_101005 / lib_ip.py:4275] len(Hs) = 8100, len(Ss) = 8100, len(Vs) = 8100
[20191030_101005 / lib_ip.py:4314] pink : variance --> out of range (variance = 2.003 / upper = 0.750 / lower = 0.030)
[20191030_101005 / lib_ip.py:3753] file = 2019-10-29_17-25-21_000.jpg / val_Average = 108.0226	val_Variance = 2.0028	sd = 1.4152	max = 113	min = 104
[20191030_101005 / lib_ip.py:4378] len(Hs) = 8100, len(Ss) = 8100, len(Vs) = 8100
[20191030_101005 / lib_ip.py:4422] black : variance --> out of range (variance = 2.003 / upper = 0.000 / lower = 0.000)
[20191030_101005 / lib_ip.py:4593] file : 2019-10-29_17-25-21_000.jpg 2 (black : variance --> out of range (variance = 2.003 / upper = 0.000 / lower = 0.000))
[20191030_101005 / lib_ip.py:4505] 
2019-10-29_17-25-21_000.jpg 3 ---------------------
[20191030_101006 / lib_ip.py:3753] file = 2019-10-29_17-25-21_000.jpg / val_Average = 121.8249	val_Variance = 2.1923	sd = 1.4806	max = 133	min = 111
[20191030_101006 / lib_ip.py:3836] len(Hs) = 8100, len(Ss) = 8100, len(Vs) = 8100
[20191030_101006 / lib_ip.py:3869] yellow : variance --> out of range (variance = 2.192 / upper = 0.650 / lower = 0.000)
[20191030_101006 / lib_ip.py:3753] file = 2019-10-29_17-25-21_000.jpg / val_Average = 121.8249	val_Variance = 2.1923	sd = 1.4806	max = 133	min = 111
[20191030_101006 / lib_ip.py:3936] len(Hs) = 8100, len(Ss) = 8100, len(Vs) = 8100
[20191030_101006 / lib_ip.py:3982] red : variance --> out of range (variance = 2.192 / upper = 0.430 / lower = 0.000)
[20191030_101006 / lib_ip.py:3753] file = 2019-10-29_17-25-21_000.jpg / val_Average = 121.8249	val_Variance = 2.1923	sd = 1.4806	max = 133	min = 111
[20191030_101006 / lib_ip.py:4052] len(Hs) = 8100, len(Ss) = 8100, len(Vs) = 8100
[20191030_101006 / lib_ip.py:4099] green : variance --> out of range (variance = 2.192 / upper = 0.760 / lower = 0.000)
[20191030_101006 / lib_ip.py:3753] file = 2019-10-29_17-25-21_000.jpg / val_Average = 121.8249	val_Variance = 2.1923	sd = 1.4806	max = 133	min = 111
[20191030_101006 / lib_ip.py:4169] len(Hs) = 8100, len(Ss) = 8100, len(Vs) = 8100
[20191030_101007 / lib_ip.py:4208] blue : variance --> out of range (variance = 2.192 / upper = 0.930 / lower = 0.010)
[20191030_101007 / lib_ip.py:3753] file = 2019-10-29_17-25-21_000.jpg / val_Average = 121.8249	val_Variance = 2.1923	sd = 1.4806	max = 133	min = 111
[20191030_101007 / lib_ip.py:4275] len(Hs) = 8100, len(Ss) = 8100, len(Vs) = 8100
[20191030_101007 / lib_ip.py:4314] pink : variance --> out of range (variance = 2.192 / upper = 0.750 / lower = 0.030)
[20191030_101007 / lib_ip.py:3753] file = 2019-10-29_17-25-21_000.jpg / val_Average = 121.8249	val_Variance = 2.1923	sd = 1.4806	max = 133	min = 111
[20191030_101007 / lib_ip.py:4378] len(Hs) = 8100, len(Ss) = 8100, len(Vs) = 8100
[20191030_101007 / lib_ip.py:4422] black : variance --> out of range (variance = 2.192 / upper = 0.000 / lower = 0.000)
[20191030_101007 / lib_ip.py:4593] file : 2019-10-29_17-25-21_000.jpg 3 (black : variance --> out of range (variance = 2.192 / upper = 0.000 / lower = 0.000))
[20191030_101007 / lib_ip.py:2021] lo_Color_Names_2 =>
file = img.20191030_100955.2019-10-29_17-25-21_000.jpg.1.png / color name = other
file = img.20191030_100955.2019-10-29_17-25-21_000.jpg.2.png / color name = other
file = img.20191030_100955.2019-10-29_17-25-21_000.jpg.3.png / color name = other
file = img.20191030_100955.2019-10-29_17-25-21_000.jpg.4.png / color name = other
