[20190702_074328 / views.py:1886] exec_get_4_corners(request) ================================
[20190702_074332 / lib_ip.py:1961] lo_Color_Names =>
img.20190702_074330.2019-07-01_15-06-40_000.jpg.1.png => other
img.20190702_074330.2019-07-01_15-06-40_000.jpg.2.png => other
img.20190702_074330.2019-07-01_15-06-40_000.jpg.3.png => other
img.20190702_074330.2019-07-01_15-06-40_000.jpg.4.png => other
[20190702_074332 / lib_ip.py:4505] 
2019-07-01_15-06-40_000.jpg 0 ---------------------
[20190702_074332 / lib_ip.py:3753] file = 2019-07-01_15-06-40_000.jpg / val_Average = 159.2104	val_Variance = 755.9513	sd = 27.4946	max = 178	min = 0
[20190702_074332 / lib_ip.py:3836] len(Hs) = 8100, len(Ss) = 8100, len(Vs) = 8100
[20190702_074332 / lib_ip.py:3869] yellow : variance --> out of range (variance = 755.951 / upper = 0.650 / lower = 0.000)
[20190702_074332 / lib_ip.py:3753] file = 2019-07-01_15-06-40_000.jpg / val_Average = 159.2104	val_Variance = 755.9513	sd = 27.4946	max = 178	min = 0
[20190702_074332 / lib_ip.py:3936] len(Hs) = 8100, len(Ss) = 8100, len(Vs) = 8100
[20190702_074332 / lib_ip.py:3982] red : variance --> out of range (variance = 755.951 / upper = 0.430 / lower = 0.000)
[20190702_074333 / lib_ip.py:3753] file = 2019-07-01_15-06-40_000.jpg / val_Average = 159.2104	val_Variance = 755.9513	sd = 27.4946	max = 178	min = 0
[20190702_074333 / lib_ip.py:4052] len(Hs) = 8100, len(Ss) = 8100, len(Vs) = 8100
[20190702_074333 / lib_ip.py:4099] green : variance --> out of range (variance = 755.951 / upper = 0.760 / lower = 0.000)
[20190702_074333 / lib_ip.py:3753] file = 2019-07-01_15-06-40_000.jpg / val_Average = 159.2104	val_Variance = 755.9513	sd = 27.4946	max = 178	min = 0
[20190702_074333 / lib_ip.py:4169] len(Hs) = 8100, len(Ss) = 8100, len(Vs) = 8100
[20190702_074333 / lib_ip.py:4208] blue : variance --> out of range (variance = 755.951 / upper = 0.930 / lower = 0.010)
[20190702_074333 / lib_ip.py:3753] file = 2019-07-01_15-06-40_000.jpg / val_Average = 159.2104	val_Variance = 755.9513	sd = 27.4946	max = 178	min = 0
[20190702_074333 / lib_ip.py:4275] len(Hs) = 8100, len(Ss) = 8100, len(Vs) = 8100
[20190702_074333 / lib_ip.py:4314] pink : variance --> out of range (variance = 755.951 / upper = 0.750 / lower = 0.030)
[20190702_074333 / lib_ip.py:3753] file = 2019-07-01_15-06-40_000.jpg / val_Average = 159.2104	val_Variance = 755.9513	sd = 27.4946	max = 178	min = 0
[20190702_074333 / lib_ip.py:4378] len(Hs) = 8100, len(Ss) = 8100, len(Vs) = 8100
[20190702_074333 / lib_ip.py:4422] black : variance --> out of range (variance = 755.951 / upper = 0.000 / lower = 0.000)
[20190702_074334 / lib_ip.py:4593] file : 2019-07-01_15-06-40_000.jpg 0 (black : variance --> out of range (variance = 755.951 / upper = 0.000 / lower = 0.000))
[20190702_074334 / lib_ip.py:4505] 
2019-07-01_15-06-40_000.jpg 1 ---------------------
[20190702_074334 / lib_ip.py:3753] file = 2019-07-01_15-06-40_000.jpg / val_Average = 122.9937	val_Variance = 1.8991	sd = 1.3781	max = 143	min = 122
[20190702_074334 / lib_ip.py:3836] len(Hs) = 8100, len(Ss) = 8100, len(Vs) = 8100
[20190702_074334 / lib_ip.py:3869] yellow : variance --> out of range (variance = 1.899 / upper = 0.650 / lower = 0.000)
[20190702_074334 / lib_ip.py:3753] file = 2019-07-01_15-06-40_000.jpg / val_Average = 122.9937	val_Variance = 1.8991	sd = 1.3781	max = 143	min = 122
[20190702_074334 / lib_ip.py:3936] len(Hs) = 8100, len(Ss) = 8100, len(Vs) = 8100
[20190702_074334 / lib_ip.py:3982] red : variance --> out of range (variance = 1.899 / upper = 0.430 / lower = 0.000)
[20190702_074334 / lib_ip.py:3753] file = 2019-07-01_15-06-40_000.jpg / val_Average = 122.9937	val_Variance = 1.8991	sd = 1.3781	max = 143	min = 122
[20190702_074334 / lib_ip.py:4052] len(Hs) = 8100, len(Ss) = 8100, len(Vs) = 8100
[20190702_074335 / lib_ip.py:4099] green : variance --> out of range (variance = 1.899 / upper = 0.760 / lower = 0.000)
[20190702_074335 / lib_ip.py:3753] file = 2019-07-01_15-06-40_000.jpg / val_Average = 122.9937	val_Variance = 1.8991	sd = 1.3781	max = 143	min = 122
[20190702_074335 / lib_ip.py:4169] len(Hs) = 8100, len(Ss) = 8100, len(Vs) = 8100
[20190702_074335 / lib_ip.py:4208] blue : variance --> out of range (variance = 1.899 / upper = 0.930 / lower = 0.010)
[20190702_074335 / lib_ip.py:3753] file = 2019-07-01_15-06-40_000.jpg / val_Average = 122.9937	val_Variance = 1.8991	sd = 1.3781	max = 143	min = 122
[20190702_074335 / lib_ip.py:4275] len(Hs) = 8100, len(Ss) = 8100, len(Vs) = 8100
[20190702_074335 / lib_ip.py:4314] pink : variance --> out of range (variance = 1.899 / upper = 0.750 / lower = 0.030)
[20190702_074335 / lib_ip.py:3753] file = 2019-07-01_15-06-40_000.jpg / val_Average = 122.9937	val_Variance = 1.8991	sd = 1.3781	max = 143	min = 122
[20190702_074335 / lib_ip.py:4378] len(Hs) = 8100, len(Ss) = 8100, len(Vs) = 8100
[20190702_074336 / lib_ip.py:4422] black : variance --> out of range (variance = 1.899 / upper = 0.000 / lower = 0.000)
[20190702_074336 / lib_ip.py:4593] file : 2019-07-01_15-06-40_000.jpg 1 (black : variance --> out of range (variance = 1.899 / upper = 0.000 / lower = 0.000))
[20190702_074336 / lib_ip.py:4505] 
2019-07-01_15-06-40_000.jpg 2 ---------------------
[20190702_074336 / lib_ip.py:3753] file = 2019-07-01_15-06-40_000.jpg / val_Average = 115.9869	val_Variance = 1501.0823	sd = 38.7438	max = 160	min = 0
[20190702_074336 / lib_ip.py:3836] len(Hs) = 8100, len(Ss) = 8100, len(Vs) = 8100
[20190702_074336 / lib_ip.py:3869] yellow : variance --> out of range (variance = 1501.082 / upper = 0.650 / lower = 0.000)
[20190702_074336 / lib_ip.py:3753] file = 2019-07-01_15-06-40_000.jpg / val_Average = 115.9869	val_Variance = 1501.0823	sd = 38.7438	max = 160	min = 0
[20190702_074336 / lib_ip.py:3936] len(Hs) = 8100, len(Ss) = 8100, len(Vs) = 8100
[20190702_074336 / lib_ip.py:3982] red : variance --> out of range (variance = 1501.082 / upper = 0.430 / lower = 0.000)
[20190702_074336 / lib_ip.py:3753] file = 2019-07-01_15-06-40_000.jpg / val_Average = 115.9869	val_Variance = 1501.0823	sd = 38.7438	max = 160	min = 0
[20190702_074336 / lib_ip.py:4052] len(Hs) = 8100, len(Ss) = 8100, len(Vs) = 8100
[20190702_074337 / lib_ip.py:4099] green : variance --> out of range (variance = 1501.082 / upper = 0.760 / lower = 0.000)
[20190702_074337 / lib_ip.py:3753] file = 2019-07-01_15-06-40_000.jpg / val_Average = 115.9869	val_Variance = 1501.0823	sd = 38.7438	max = 160	min = 0
[20190702_074337 / lib_ip.py:4169] len(Hs) = 8100, len(Ss) = 8100, len(Vs) = 8100
[20190702_074337 / lib_ip.py:4208] blue : variance --> out of range (variance = 1501.082 / upper = 0.930 / lower = 0.010)
[20190702_074337 / lib_ip.py:3753] file = 2019-07-01_15-06-40_000.jpg / val_Average = 115.9869	val_Variance = 1501.0823	sd = 38.7438	max = 160	min = 0
[20190702_074337 / lib_ip.py:4275] len(Hs) = 8100, len(Ss) = 8100, len(Vs) = 8100
[20190702_074337 / lib_ip.py:4314] pink : variance --> out of range (variance = 1501.082 / upper = 0.750 / lower = 0.030)
[20190702_074338 / lib_ip.py:3753] file = 2019-07-01_15-06-40_000.jpg / val_Average = 115.9869	val_Variance = 1501.0823	sd = 38.7438	max = 160	min = 0
[20190702_074338 / lib_ip.py:4378] len(Hs) = 8100, len(Ss) = 8100, len(Vs) = 8100
[20190702_074338 / lib_ip.py:4422] black : variance --> out of range (variance = 1501.082 / upper = 0.000 / lower = 0.000)
[20190702_074338 / lib_ip.py:4593] file : 2019-07-01_15-06-40_000.jpg 2 (black : variance --> out of range (variance = 1501.082 / upper = 0.000 / lower = 0.000))
[20190702_074338 / lib_ip.py:4505] 
2019-07-01_15-06-40_000.jpg 3 ---------------------
[20190702_074338 / lib_ip.py:3753] file = 2019-07-01_15-06-40_000.jpg / val_Average = 92.7642	val_Variance = 0.2513	sd = 0.5013	max = 94	min = 92
[20190702_074338 / lib_ip.py:3836] len(Hs) = 8100, len(Ss) = 8100, len(Vs) = 8100
[20190702_074338 / lib_ip.py:2021] lo_Color_Names_2 =>
file = img.20190702_074330.2019-07-01_15-06-40_000.jpg.1.png / color name = other
file = img.20190702_074330.2019-07-01_15-06-40_000.jpg.2.png / color name = other
file = img.20190702_074330.2019-07-01_15-06-40_000.jpg.3.png / color name = other
file = img.20190702_074330.2019-07-01_15-06-40_000.jpg.4.png / color name = yellow
