[20191118_100829 / views.py:1822] gen_Cake_CSV(request) ==> starting... =======================
[20191118_100831 / lib_ip.py:2274] inspecting ===> img.20191118_100831.2019-11-17_09-15-35_000.jpg.1.png
[20191118_100831 / lib_ip.py:4505] 
img.20191118_100831.2019-11-17_09-15-35_000.jpg.1.png 0 ---------------------
[20191118_100832 / lib_ip.py:3753] file = img.20191118_100831.2019-11-17_09-15-35_000.jpg.1.png / val_Average = 77.8388	val_Variance = 0.2839	sd = 0.5328	max = 79	min = 77
[20191118_100832 / lib_ip.py:3836] len(Hs) = 8100, len(Ss) = 8100, len(Vs) = 8100
[20191118_100832 / lib_ip.py:3891] yellow : average --> out of range (average = 77.839 / upper = 99.200 / lower = 85.500)
[20191118_100832 / lib_ip.py:3753] file = img.20191118_100831.2019-11-17_09-15-35_000.jpg.1.png / val_Average = 77.8388	val_Variance = 0.2839	sd = 0.5328	max = 79	min = 77
[20191118_100832 / lib_ip.py:3936] len(Hs) = 8100, len(Ss) = 8100, len(Vs) = 8100
[20191118_100832 / lib_ip.py:4007] red : average --> out of range (average = 77.839 / upper = 124.600 / lower = 115.000)
[20191118_100833 / lib_ip.py:3753] file = img.20191118_100831.2019-11-17_09-15-35_000.jpg.1.png / val_Average = 77.8388	val_Variance = 0.2839	sd = 0.5328	max = 79	min = 77
[20191118_100833 / lib_ip.py:4052] len(Hs) = 8100, len(Ss) = 8100, len(Vs) = 8100
[20191118_100833 / lib_ip.py:2274] inspecting ===> img.20191118_100831.2019-11-17_09-15-35_000.jpg.2.png
[20191118_100833 / lib_ip.py:4505] 
img.20191118_100831.2019-11-17_09-15-35_000.jpg.2.png 1 ---------------------
[20191118_100834 / lib_ip.py:3753] file = img.20191118_100831.2019-11-17_09-15-35_000.jpg.2.png / val_Average = 100.3551	val_Variance = 30.4880	sd = 5.5216	max = 115	min = 85
[20191118_100834 / lib_ip.py:3836] len(Hs) = 8100, len(Ss) = 8100, len(Vs) = 8100
[20191118_100834 / lib_ip.py:3869] yellow : variance --> out of range (variance = 30.488 / upper = 0.650 / lower = 0.000)
[20191118_100834 / lib_ip.py:3753] file = img.20191118_100831.2019-11-17_09-15-35_000.jpg.2.png / val_Average = 100.3551	val_Variance = 30.4880	sd = 5.5216	max = 115	min = 85
[20191118_100834 / lib_ip.py:3936] len(Hs) = 8100, len(Ss) = 8100, len(Vs) = 8100
[20191118_100834 / lib_ip.py:3982] red : variance --> out of range (variance = 30.488 / upper = 0.430 / lower = 0.000)
[20191118_100834 / lib_ip.py:3753] file = img.20191118_100831.2019-11-17_09-15-35_000.jpg.2.png / val_Average = 100.3551	val_Variance = 30.4880	sd = 5.5216	max = 115	min = 85
[20191118_100834 / lib_ip.py:4052] len(Hs) = 8100, len(Ss) = 8100, len(Vs) = 8100
[20191118_100834 / lib_ip.py:4099] green : variance --> out of range (variance = 30.488 / upper = 0.760 / lower = 0.000)
[20191118_100835 / lib_ip.py:3753] file = img.20191118_100831.2019-11-17_09-15-35_000.jpg.2.png / val_Average = 100.3551	val_Variance = 30.4880	sd = 5.5216	max = 115	min = 85
[20191118_100835 / lib_ip.py:4169] len(Hs) = 8100, len(Ss) = 8100, len(Vs) = 8100
[20191118_100835 / lib_ip.py:4208] blue : variance --> out of range (variance = 30.488 / upper = 0.930 / lower = 0.010)
[20191118_100835 / lib_ip.py:3753] file = img.20191118_100831.2019-11-17_09-15-35_000.jpg.2.png / val_Average = 100.3551	val_Variance = 30.4880	sd = 5.5216	max = 115	min = 85
[20191118_100835 / lib_ip.py:4275] len(Hs) = 8100, len(Ss) = 8100, len(Vs) = 8100
[20191118_100835 / lib_ip.py:4314] pink : variance --> out of range (variance = 30.488 / upper = 0.750 / lower = 0.030)
[20191118_100835 / lib_ip.py:3753] file = img.20191118_100831.2019-11-17_09-15-35_000.jpg.2.png / val_Average = 100.3551	val_Variance = 30.4880	sd = 5.5216	max = 115	min = 85
[20191118_100835 / lib_ip.py:4378] len(Hs) = 8100, len(Ss) = 8100, len(Vs) = 8100
[20191118_100835 / lib_ip.py:4422] black : variance --> out of range (variance = 30.488 / upper = 0.000 / lower = 0.000)
[20191118_100835 / lib_ip.py:4593] file : img.20191118_100831.2019-11-17_09-15-35_000.jpg.2.png 1 (black : variance --> out of range (variance = 30.488 / upper = 0.000 / lower = 0.000))
[20191118_100835 / lib_ip.py:2274] inspecting ===> img.20191118_100831.2019-11-17_09-15-35_000.jpg.3.png
[20191118_100836 / lib_ip.py:4505] 
img.20191118_100831.2019-11-17_09-15-35_000.jpg.3.png 2 ---------------------
[20191118_100836 / lib_ip.py:3753] file = img.20191118_100831.2019-11-17_09-15-35_000.jpg.3.png / val_Average = 78.1727	val_Variance = 0.1441	sd = 0.3796	max = 79	min = 77
[20191118_100836 / lib_ip.py:3836] len(Hs) = 8100, len(Ss) = 8100, len(Vs) = 8100
[20191118_100836 / lib_ip.py:3891] yellow : average --> out of range (average = 78.173 / upper = 99.200 / lower = 85.500)
[20191118_100836 / lib_ip.py:3753] file = img.20191118_100831.2019-11-17_09-15-35_000.jpg.3.png / val_Average = 78.1727	val_Variance = 0.1441	sd = 0.3796	max = 79	min = 77
[20191118_100836 / lib_ip.py:3936] len(Hs) = 8100, len(Ss) = 8100, len(Vs) = 8100
[20191118_100836 / lib_ip.py:4007] red : average --> out of range (average = 78.173 / upper = 124.600 / lower = 115.000)
[20191118_100837 / lib_ip.py:3753] file = img.20191118_100831.2019-11-17_09-15-35_000.jpg.3.png / val_Average = 78.1727	val_Variance = 0.1441	sd = 0.3796	max = 79	min = 77
[20191118_100837 / lib_ip.py:4052] len(Hs) = 8100, len(Ss) = 8100, len(Vs) = 8100
[20191118_100837 / lib_ip.py:2274] inspecting ===> img.20191118_100831.2019-11-17_09-15-35_000.jpg.4.png
[20191118_100838 / lib_ip.py:4505] 
img.20191118_100831.2019-11-17_09-15-35_000.jpg.4.png 3 ---------------------
[20191118_100838 / lib_ip.py:3753] file = img.20191118_100831.2019-11-17_09-15-35_000.jpg.4.png / val_Average = 70.7340	val_Variance = 668.4370	sd = 25.8541	max = 135	min = 0
[20191118_100838 / lib_ip.py:3836] len(Hs) = 8100, len(Ss) = 8100, len(Vs) = 8100
[20191118_100838 / lib_ip.py:3869] yellow : variance --> out of range (variance = 668.437 / upper = 0.650 / lower = 0.000)
[20191118_100838 / lib_ip.py:3753] file = img.20191118_100831.2019-11-17_09-15-35_000.jpg.4.png / val_Average = 70.7340	val_Variance = 668.4370	sd = 25.8541	max = 135	min = 0
[20191118_100838 / lib_ip.py:3936] len(Hs) = 8100, len(Ss) = 8100, len(Vs) = 8100
[20191118_100838 / lib_ip.py:3982] red : variance --> out of range (variance = 668.437 / upper = 0.430 / lower = 0.000)
[20191118_100838 / lib_ip.py:3753] file = img.20191118_100831.2019-11-17_09-15-35_000.jpg.4.png / val_Average = 70.7340	val_Variance = 668.4370	sd = 25.8541	max = 135	min = 0
[20191118_100838 / lib_ip.py:4052] len(Hs) = 8100, len(Ss) = 8100, len(Vs) = 8100
[20191118_100839 / lib_ip.py:4099] green : variance --> out of range (variance = 668.437 / upper = 0.760 / lower = 0.000)
[20191118_100839 / lib_ip.py:3753] file = img.20191118_100831.2019-11-17_09-15-35_000.jpg.4.png / val_Average = 70.7340	val_Variance = 668.4370	sd = 25.8541	max = 135	min = 0
[20191118_100839 / lib_ip.py:4169] len(Hs) = 8100, len(Ss) = 8100, len(Vs) = 8100
[20191118_100839 / lib_ip.py:4208] blue : variance --> out of range (variance = 668.437 / upper = 0.930 / lower = 0.010)
[20191118_100839 / lib_ip.py:3753] file = img.20191118_100831.2019-11-17_09-15-35_000.jpg.4.png / val_Average = 70.7340	val_Variance = 668.4370	sd = 25.8541	max = 135	min = 0
[20191118_100839 / lib_ip.py:4275] len(Hs) = 8100, len(Ss) = 8100, len(Vs) = 8100
[20191118_100839 / lib_ip.py:4314] pink : variance --> out of range (variance = 668.437 / upper = 0.750 / lower = 0.030)
[20191118_100839 / lib_ip.py:3753] file = img.20191118_100831.2019-11-17_09-15-35_000.jpg.4.png / val_Average = 70.7340	val_Variance = 668.4370	sd = 25.8541	max = 135	min = 0
[20191118_100839 / lib_ip.py:4378] len(Hs) = 8100, len(Ss) = 8100, len(Vs) = 8100
[20191118_100839 / lib_ip.py:4422] black : variance --> out of range (variance = 668.437 / upper = 0.000 / lower = 0.000)
[20191118_100839 / lib_ip.py:4593] file : img.20191118_100831.2019-11-17_09-15-35_000.jpg.4.png 3 (black : variance --> out of range (variance = 668.437 / upper = 0.000 / lower = 0.000))
[20191118_100837 / lib_ip.py:2274] inspecting ===> img.20191118_100831.2019-11-17_09-15-35_000.jpg.4.png
img.20191118_100831.2019-11-17_09-15-35_000.jpg.1.png => other
img.20191118_100831.2019-11-17_09-15-35_000.jpg.2.png => other
img.20191118_100831.2019-11-17_09-15-35_000.jpg.3.png => other
img.20191118_100831.2019-11-17_09-15-35_000.jpg.4.png => other
[20191118_100840 lib_ip.py:3301] =============== Get 4 corners
dpath_Images = C:\WORKS_2\WS\WS_Others.Art\JVEMV6\46_art\VIRTUAL\Admin_Projects\ip\images
fname_Image = img.20191118_100831.2019-11-17_09-15-35_000.jpg.4.png

[20191118_100841 / lib_ip.py:2274] inspecting ===> img.20191118_100841.2019-11-17_10-14-11_000.jpg.1.png
[20191118_100841 / lib_ip.py:4505] 
img.20191118_100841.2019-11-17_10-14-11_000.jpg.1.png 0 ---------------------
[20191118_100841 / lib_ip.py:3753] file = img.20191118_100841.2019-11-17_10-14-11_000.jpg.1.png / val_Average = 106.4768	val_Variance = 1427.5179	sd = 37.7825	max = 176	min = 0
[20191118_100841 / lib_ip.py:3836] len(Hs) = 8100, len(Ss) = 8100, len(Vs) = 8100
[20191118_100841 / lib_ip.py:3869] yellow : variance --> out of range (variance = 1427.518 / upper = 0.650 / lower = 0.000)
[20191118_100842 / lib_ip.py:3753] file = img.20191118_100841.2019-11-17_10-14-11_000.jpg.1.png / val_Average = 106.4768	val_Variance = 1427.5179	sd = 37.7825	max = 176	min = 0
[20191118_100842 / lib_ip.py:3936] len(Hs) = 8100, len(Ss) = 8100, len(Vs) = 8100
[20191118_100842 / lib_ip.py:3982] red : variance --> out of range (variance = 1427.518 / upper = 0.430 / lower = 0.000)
[20191118_100842 / lib_ip.py:3753] file = img.20191118_100841.2019-11-17_10-14-11_000.jpg.1.png / val_Average = 106.4768	val_Variance = 1427.5179	sd = 37.7825	max = 176	min = 0
[20191118_100842 / lib_ip.py:4052] len(Hs) = 8100, len(Ss) = 8100, len(Vs) = 8100
[20191118_100842 / lib_ip.py:4099] green : variance --> out of range (variance = 1427.518 / upper = 0.760 / lower = 0.000)
[20191118_100842 / lib_ip.py:3753] file = img.20191118_100841.2019-11-17_10-14-11_000.jpg.1.png / val_Average = 106.4768	val_Variance = 1427.5179	sd = 37.7825	max = 176	min = 0
[20191118_100842 / lib_ip.py:4169] len(Hs) = 8100, len(Ss) = 8100, len(Vs) = 8100
[20191118_100842 / lib_ip.py:4208] blue : variance --> out of range (variance = 1427.518 / upper = 0.930 / lower = 0.010)
[20191118_100842 / lib_ip.py:3753] file = img.20191118_100841.2019-11-17_10-14-11_000.jpg.1.png / val_Average = 106.4768	val_Variance = 1427.5179	sd = 37.7825	max = 176	min = 0
[20191118_100842 / lib_ip.py:4275] len(Hs) = 8100, len(Ss) = 8100, len(Vs) = 8100
[20191118_100842 / lib_ip.py:4314] pink : variance --> out of range (variance = 1427.518 / upper = 0.750 / lower = 0.030)
[20191118_100842 / lib_ip.py:3753] file = img.20191118_100841.2019-11-17_10-14-11_000.jpg.1.png / val_Average = 106.4768	val_Variance = 1427.5179	sd = 37.7825	max = 176	min = 0
[20191118_100842 / lib_ip.py:4378] len(Hs) = 8100, len(Ss) = 8100, len(Vs) = 8100
[20191118_100842 / lib_ip.py:4422] black : variance --> out of range (variance = 1427.518 / upper = 0.000 / lower = 0.000)
[20191118_100843 / lib_ip.py:4593] file : img.20191118_100841.2019-11-17_10-14-11_000.jpg.1.png 0 (black : variance --> out of range (variance = 1427.518 / upper = 0.000 / lower = 0.000))
[20191118_100843 / lib_ip.py:2274] inspecting ===> img.20191118_100841.2019-11-17_10-14-11_000.jpg.2.png
[20191118_100843 / lib_ip.py:4505] 
img.20191118_100841.2019-11-17_10-14-11_000.jpg.2.png 1 ---------------------
[20191118_100843 / lib_ip.py:3753] file = img.20191118_100841.2019-11-17_10-14-11_000.jpg.2.png / val_Average = 89.9493	val_Variance = 0.0509	sd = 0.2256	max = 91	min = 89
[20191118_100843 / lib_ip.py:3836] len(Hs) = 8100, len(Ss) = 8100, len(Vs) = 8100
[20191118_100843 / lib_ip.py:2274] inspecting ===> img.20191118_100841.2019-11-17_10-14-11_000.jpg.3.png
[20191118_100844 / lib_ip.py:4505] 
img.20191118_100841.2019-11-17_10-14-11_000.jpg.3.png 2 ---------------------
[20191118_100844 / lib_ip.py:3753] file = img.20191118_100841.2019-11-17_10-14-11_000.jpg.3.png / val_Average = 102.3126	val_Variance = 238.4648	sd = 15.4423	max = 160	min = 0
[20191118_100844 / lib_ip.py:3836] len(Hs) = 8100, len(Ss) = 8100, len(Vs) = 8100
[20191118_100844 / lib_ip.py:3869] yellow : variance --> out of range (variance = 238.465 / upper = 0.650 / lower = 0.000)
[20191118_100844 / lib_ip.py:3753] file = img.20191118_100841.2019-11-17_10-14-11_000.jpg.3.png / val_Average = 102.3126	val_Variance = 238.4648	sd = 15.4423	max = 160	min = 0
[20191118_100844 / lib_ip.py:3936] len(Hs) = 8100, len(Ss) = 8100, len(Vs) = 8100
[20191118_100844 / lib_ip.py:3982] red : variance --> out of range (variance = 238.465 / upper = 0.430 / lower = 0.000)
[20191118_100844 / lib_ip.py:3753] file = img.20191118_100841.2019-11-17_10-14-11_000.jpg.3.png / val_Average = 102.3126	val_Variance = 238.4648	sd = 15.4423	max = 160	min = 0
[20191118_100844 / lib_ip.py:4052] len(Hs) = 8100, len(Ss) = 8100, len(Vs) = 8100
[20191118_100844 / lib_ip.py:4099] green : variance --> out of range (variance = 238.465 / upper = 0.760 / lower = 0.000)
[20191118_100845 / lib_ip.py:3753] file = img.20191118_100841.2019-11-17_10-14-11_000.jpg.3.png / val_Average = 102.3126	val_Variance = 238.4648	sd = 15.4423	max = 160	min = 0
[20191118_100845 / lib_ip.py:4169] len(Hs) = 8100, len(Ss) = 8100, len(Vs) = 8100
[20191118_100845 / lib_ip.py:4208] blue : variance --> out of range (variance = 238.465 / upper = 0.930 / lower = 0.010)
[20191118_100845 / lib_ip.py:3753] file = img.20191118_100841.2019-11-17_10-14-11_000.jpg.3.png / val_Average = 102.3126	val_Variance = 238.4648	sd = 15.4423	max = 160	min = 0
[20191118_100845 / lib_ip.py:4275] len(Hs) = 8100, len(Ss) = 8100, len(Vs) = 8100
[20191118_100845 / lib_ip.py:4314] pink : variance --> out of range (variance = 238.465 / upper = 0.750 / lower = 0.030)
[20191118_100845 / lib_ip.py:3753] file = img.20191118_100841.2019-11-17_10-14-11_000.jpg.3.png / val_Average = 102.3126	val_Variance = 238.4648	sd = 15.4423	max = 160	min = 0
[20191118_100845 / lib_ip.py:4378] len(Hs) = 8100, len(Ss) = 8100, len(Vs) = 8100
[20191118_100845 / lib_ip.py:4422] black : variance --> out of range (variance = 238.465 / upper = 0.000 / lower = 0.000)
[20191118_100845 / lib_ip.py:4593] file : img.20191118_100841.2019-11-17_10-14-11_000.jpg.3.png 2 (black : variance --> out of range (variance = 238.465 / upper = 0.000 / lower = 0.000))
[20191118_100845 / lib_ip.py:2274] inspecting ===> img.20191118_100841.2019-11-17_10-14-11_000.jpg.4.png
[20191118_100845 / lib_ip.py:4505] 
img.20191118_100841.2019-11-17_10-14-11_000.jpg.4.png 3 ---------------------
[20191118_100846 / lib_ip.py:3753] file = img.20191118_100841.2019-11-17_10-14-11_000.jpg.4.png / val_Average = 109.5843	val_Variance = 1.5286	sd = 1.2364	max = 114	min = 107
[20191118_100846 / lib_ip.py:3836] len(Hs) = 8100, len(Ss) = 8100, len(Vs) = 8100
[20191118_100846 / lib_ip.py:3869] yellow : variance --> out of range (variance = 1.529 / upper = 0.650 / lower = 0.000)
[20191118_100846 / lib_ip.py:3753] file = img.20191118_100841.2019-11-17_10-14-11_000.jpg.4.png / val_Average = 109.5843	val_Variance = 1.5286	sd = 1.2364	max = 114	min = 107
[20191118_100846 / lib_ip.py:3936] len(Hs) = 8100, len(Ss) = 8100, len(Vs) = 8100
[20191118_100846 / lib_ip.py:3982] red : variance --> out of range (variance = 1.529 / upper = 0.430 / lower = 0.000)
[20191118_100846 / lib_ip.py:3753] file = img.20191118_100841.2019-11-17_10-14-11_000.jpg.4.png / val_Average = 109.5843	val_Variance = 1.5286	sd = 1.2364	max = 114	min = 107
[20191118_100846 / lib_ip.py:4052] len(Hs) = 8100, len(Ss) = 8100, len(Vs) = 8100
[20191118_100846 / lib_ip.py:4099] green : variance --> out of range (variance = 1.529 / upper = 0.760 / lower = 0.000)
[20191118_100846 / lib_ip.py:3753] file = img.20191118_100841.2019-11-17_10-14-11_000.jpg.4.png / val_Average = 109.5843	val_Variance = 1.5286	sd = 1.2364	max = 114	min = 107
[20191118_100846 / lib_ip.py:4169] len(Hs) = 8100, len(Ss) = 8100, len(Vs) = 8100
[20191118_100846 / lib_ip.py:4208] blue : variance --> out of range (variance = 1.529 / upper = 0.930 / lower = 0.010)
[20191118_100847 / lib_ip.py:3753] file = img.20191118_100841.2019-11-17_10-14-11_000.jpg.4.png / val_Average = 109.5843	val_Variance = 1.5286	sd = 1.2364	max = 114	min = 107
[20191118_100847 / lib_ip.py:4275] len(Hs) = 8100, len(Ss) = 8100, len(Vs) = 8100
[20191118_100847 / lib_ip.py:4314] pink : variance --> out of range (variance = 1.529 / upper = 0.750 / lower = 0.030)
[20191118_100847 / lib_ip.py:3753] file = img.20191118_100841.2019-11-17_10-14-11_000.jpg.4.png / val_Average = 109.5843	val_Variance = 1.5286	sd = 1.2364	max = 114	min = 107
[20191118_100847 / lib_ip.py:4378] len(Hs) = 8100, len(Ss) = 8100, len(Vs) = 8100
[20191118_100847 / lib_ip.py:4422] black : variance --> out of range (variance = 1.529 / upper = 0.000 / lower = 0.000)
[20191118_100847 / lib_ip.py:4593] file : img.20191118_100841.2019-11-17_10-14-11_000.jpg.4.png 3 (black : variance --> out of range (variance = 1.529 / upper = 0.000 / lower = 0.000))
[20191118_100845 / lib_ip.py:2274] inspecting ===> img.20191118_100841.2019-11-17_10-14-11_000.jpg.4.png
img.20191118_100841.2019-11-17_10-14-11_000.jpg.1.png => other
img.20191118_100841.2019-11-17_10-14-11_000.jpg.2.png => other
img.20191118_100841.2019-11-17_10-14-11_000.jpg.3.png => other
img.20191118_100841.2019-11-17_10-14-11_000.jpg.4.png => other
[20191118_100847 lib_ip.py:3301] =============== Get 4 corners
dpath_Images = C:\WORKS_2\WS\WS_Others.Art\JVEMV6\46_art\VIRTUAL\Admin_Projects\ip\images
fname_Image = img.20191118_100841.2019-11-17_10-14-11_000.jpg.4.png

[20191118_100848 / lib_ip.py:2274] inspecting ===> img.20191118_100848.2019-11-17_14-29-01_000.jpg.1.png
[20191118_100848 / lib_ip.py:4505] 
img.20191118_100848.2019-11-17_14-29-01_000.jpg.1.png 0 ---------------------
[20191118_100848 / lib_ip.py:3753] file = img.20191118_100848.2019-11-17_14-29-01_000.jpg.1.png / val_Average = 106.8779	val_Variance = 10.3057	sd = 3.2103	max = 123	min = 98
[20191118_100848 / lib_ip.py:3836] len(Hs) = 8100, len(Ss) = 8100, len(Vs) = 8100
[20191118_100848 / lib_ip.py:3869] yellow : variance --> out of range (variance = 10.306 / upper = 0.650 / lower = 0.000)
[20191118_100848 / lib_ip.py:3753] file = img.20191118_100848.2019-11-17_14-29-01_000.jpg.1.png / val_Average = 106.8779	val_Variance = 10.3057	sd = 3.2103	max = 123	min = 98
[20191118_100848 / lib_ip.py:3936] len(Hs) = 8100, len(Ss) = 8100, len(Vs) = 8100
[20191118_100849 / lib_ip.py:3982] red : variance --> out of range (variance = 10.306 / upper = 0.430 / lower = 0.000)
[20191118_100849 / lib_ip.py:3753] file = img.20191118_100848.2019-11-17_14-29-01_000.jpg.1.png / val_Average = 106.8779	val_Variance = 10.3057	sd = 3.2103	max = 123	min = 98
[20191118_100849 / lib_ip.py:4052] len(Hs) = 8100, len(Ss) = 8100, len(Vs) = 8100
[20191118_100849 / lib_ip.py:4099] green : variance --> out of range (variance = 10.306 / upper = 0.760 / lower = 0.000)
[20191118_100849 / lib_ip.py:3753] file = img.20191118_100848.2019-11-17_14-29-01_000.jpg.1.png / val_Average = 106.8779	val_Variance = 10.3057	sd = 3.2103	max = 123	min = 98
[20191118_100849 / lib_ip.py:4169] len(Hs) = 8100, len(Ss) = 8100, len(Vs) = 8100
[20191118_100849 / lib_ip.py:4208] blue : variance --> out of range (variance = 10.306 / upper = 0.930 / lower = 0.010)
[20191118_100849 / lib_ip.py:3753] file = img.20191118_100848.2019-11-17_14-29-01_000.jpg.1.png / val_Average = 106.8779	val_Variance = 10.3057	sd = 3.2103	max = 123	min = 98
[20191118_100849 / lib_ip.py:4275] len(Hs) = 8100, len(Ss) = 8100, len(Vs) = 8100
[20191118_100849 / lib_ip.py:4314] pink : variance --> out of range (variance = 10.306 / upper = 0.750 / lower = 0.030)
[20191118_100849 / lib_ip.py:3753] file = img.20191118_100848.2019-11-17_14-29-01_000.jpg.1.png / val_Average = 106.8779	val_Variance = 10.3057	sd = 3.2103	max = 123	min = 98
[20191118_100849 / lib_ip.py:4378] len(Hs) = 8100, len(Ss) = 8100, len(Vs) = 8100
[20191118_100849 / lib_ip.py:4422] black : variance --> out of range (variance = 10.306 / upper = 0.000 / lower = 0.000)
[20191118_100849 / lib_ip.py:4593] file : img.20191118_100848.2019-11-17_14-29-01_000.jpg.1.png 0 (black : variance --> out of range (variance = 10.306 / upper = 0.000 / lower = 0.000))
[20191118_100849 / lib_ip.py:2274] inspecting ===> img.20191118_100848.2019-11-17_14-29-01_000.jpg.2.png
[20191118_100850 / lib_ip.py:4505] 
img.20191118_100848.2019-11-17_14-29-01_000.jpg.2.png 1 ---------------------
[20191118_100850 / lib_ip.py:3753] file = img.20191118_100848.2019-11-17_14-29-01_000.jpg.2.png / val_Average = 74.9035	val_Variance = 0.0976	sd = 0.3124	max = 76	min = 74
[20191118_100850 / lib_ip.py:3836] len(Hs) = 8100, len(Ss) = 8100, len(Vs) = 8100
[20191118_100850 / lib_ip.py:3891] yellow : average --> out of range (average = 74.903 / upper = 99.200 / lower = 85.500)
[20191118_100850 / lib_ip.py:3753] file = img.20191118_100848.2019-11-17_14-29-01_000.jpg.2.png / val_Average = 74.9035	val_Variance = 0.0976	sd = 0.3124	max = 76	min = 74
[20191118_100850 / lib_ip.py:3936] len(Hs) = 8100, len(Ss) = 8100, len(Vs) = 8100
[20191118_100850 / lib_ip.py:4007] red : average --> out of range (average = 74.903 / upper = 124.600 / lower = 115.000)
[20191118_100850 / lib_ip.py:3753] file = img.20191118_100848.2019-11-17_14-29-01_000.jpg.2.png / val_Average = 74.9035	val_Variance = 0.0976	sd = 0.3124	max = 76	min = 74
[20191118_100850 / lib_ip.py:4052] len(Hs) = 8100, len(Ss) = 8100, len(Vs) = 8100
[20191118_100851 / lib_ip.py:2274] inspecting ===> img.20191118_100848.2019-11-17_14-29-01_000.jpg.3.png
[20191118_100851 / lib_ip.py:4505] 
img.20191118_100848.2019-11-17_14-29-01_000.jpg.3.png 2 ---------------------
[20191118_100851 / lib_ip.py:3753] file = img.20191118_100848.2019-11-17_14-29-01_000.jpg.3.png / val_Average = 102.3843	val_Variance = 4.2621	sd = 2.0645	max = 107	min = 95
[20191118_100851 / lib_ip.py:3836] len(Hs) = 8100, len(Ss) = 8100, len(Vs) = 8100
[20191118_100851 / lib_ip.py:3869] yellow : variance --> out of range (variance = 4.262 / upper = 0.650 / lower = 0.000)
[20191118_100851 / lib_ip.py:3753] file = img.20191118_100848.2019-11-17_14-29-01_000.jpg.3.png / val_Average = 102.3843	val_Variance = 4.2621	sd = 2.0645	max = 107	min = 95
[20191118_100851 / lib_ip.py:3936] len(Hs) = 8100, len(Ss) = 8100, len(Vs) = 8100
[20191118_100852 / lib_ip.py:3982] red : variance --> out of range (variance = 4.262 / upper = 0.430 / lower = 0.000)
[20191118_100852 / lib_ip.py:3753] file = img.20191118_100848.2019-11-17_14-29-01_000.jpg.3.png / val_Average = 102.3843	val_Variance = 4.2621	sd = 2.0645	max = 107	min = 95
[20191118_100852 / lib_ip.py:4052] len(Hs) = 8100, len(Ss) = 8100, len(Vs) = 8100
[20191118_100852 / lib_ip.py:4099] green : variance --> out of range (variance = 4.262 / upper = 0.760 / lower = 0.000)
[20191118_100852 / lib_ip.py:3753] file = img.20191118_100848.2019-11-17_14-29-01_000.jpg.3.png / val_Average = 102.3843	val_Variance = 4.2621	sd = 2.0645	max = 107	min = 95
[20191118_100852 / lib_ip.py:4169] len(Hs) = 8100, len(Ss) = 8100, len(Vs) = 8100
[20191118_100852 / lib_ip.py:4208] blue : variance --> out of range (variance = 4.262 / upper = 0.930 / lower = 0.010)
[20191118_100852 / lib_ip.py:3753] file = img.20191118_100848.2019-11-17_14-29-01_000.jpg.3.png / val_Average = 102.3843	val_Variance = 4.2621	sd = 2.0645	max = 107	min = 95
[20191118_100852 / lib_ip.py:4275] len(Hs) = 8100, len(Ss) = 8100, len(Vs) = 8100
[20191118_100852 / lib_ip.py:4314] pink : variance --> out of range (variance = 4.262 / upper = 0.750 / lower = 0.030)
[20191118_100852 / lib_ip.py:3753] file = img.20191118_100848.2019-11-17_14-29-01_000.jpg.3.png / val_Average = 102.3843	val_Variance = 4.2621	sd = 2.0645	max = 107	min = 95
[20191118_100852 / lib_ip.py:4378] len(Hs) = 8100, len(Ss) = 8100, len(Vs) = 8100
[20191118_100853 / lib_ip.py:4422] black : variance --> out of range (variance = 4.262 / upper = 0.000 / lower = 0.000)
[20191118_100853 / lib_ip.py:4593] file : img.20191118_100848.2019-11-17_14-29-01_000.jpg.3.png 2 (black : variance --> out of range (variance = 4.262 / upper = 0.000 / lower = 0.000))
[20191118_100853 / lib_ip.py:2274] inspecting ===> img.20191118_100848.2019-11-17_14-29-01_000.jpg.4.png
[20191118_100853 / lib_ip.py:4505] 
img.20191118_100848.2019-11-17_14-29-01_000.jpg.4.png 3 ---------------------
[20191118_100853 / lib_ip.py:3753] file = img.20191118_100848.2019-11-17_14-29-01_000.jpg.4.png / val_Average = 120.1089	val_Variance = 0.1022	sd = 0.3197	max = 121	min = 119
[20191118_100853 / lib_ip.py:3836] len(Hs) = 8100, len(Ss) = 8100, len(Vs) = 8100
[20191118_100853 / lib_ip.py:3891] yellow : average --> out of range (average = 120.109 / upper = 99.200 / lower = 85.500)
[20191118_100853 / lib_ip.py:3753] file = img.20191118_100848.2019-11-17_14-29-01_000.jpg.4.png / val_Average = 120.1089	val_Variance = 0.1022	sd = 0.3197	max = 121	min = 119
[20191118_100853 / lib_ip.py:3936] len(Hs) = 8100, len(Ss) = 8100, len(Vs) = 8100
[20191118_100853 / lib_ip.py:2274] inspecting ===> img.20191118_100848.2019-11-17_14-29-01_000.jpg.4.png
img.20191118_100848.2019-11-17_14-29-01_000.jpg.1.png => other
img.20191118_100848.2019-11-17_14-29-01_000.jpg.2.png => other
img.20191118_100848.2019-11-17_14-29-01_000.jpg.3.png => other
img.20191118_100848.2019-11-17_14-29-01_000.jpg.4.png => other
[20191118_100853 lib_ip.py:3301] =============== Get 4 corners
dpath_Images = C:\WORKS_2\WS\WS_Others.Art\JVEMV6\46_art\VIRTUAL\Admin_Projects\ip\images
fname_Image = img.20191118_100848.2019-11-17_14-29-01_000.jpg.4.png

[20191118_100855 / lib_ip.py:2274] inspecting ===> img.20191118_100854.2019-11-17_15-51-23_000.jpg.1.png
[20191118_100855 / lib_ip.py:4505] 
img.20191118_100854.2019-11-17_15-51-23_000.jpg.1.png 0 ---------------------
[20191118_100855 / lib_ip.py:3753] file = img.20191118_100854.2019-11-17_15-51-23_000.jpg.1.png / val_Average = 29.8554	val_Variance = 2141.1921	sd = 46.2730	max = 165	min = 0
[20191118_100855 / lib_ip.py:3836] len(Hs) = 8100, len(Ss) = 8100, len(Vs) = 8100
[20191118_100855 / lib_ip.py:3869] yellow : variance --> out of range (variance = 2141.192 / upper = 0.650 / lower = 0.000)
[20191118_100856 / lib_ip.py:3753] file = img.20191118_100854.2019-11-17_15-51-23_000.jpg.1.png / val_Average = 29.8554	val_Variance = 2141.1921	sd = 46.2730	max = 165	min = 0
[20191118_100856 / lib_ip.py:3936] len(Hs) = 8100, len(Ss) = 8100, len(Vs) = 8100
[20191118_100856 / lib_ip.py:3982] red : variance --> out of range (variance = 2141.192 / upper = 0.430 / lower = 0.000)
[20191118_100856 / lib_ip.py:3753] file = img.20191118_100854.2019-11-17_15-51-23_000.jpg.1.png / val_Average = 29.8554	val_Variance = 2141.1921	sd = 46.2730	max = 165	min = 0
[20191118_100856 / lib_ip.py:4052] len(Hs) = 8100, len(Ss) = 8100, len(Vs) = 8100
[20191118_100856 / lib_ip.py:4099] green : variance --> out of range (variance = 2141.192 / upper = 0.760 / lower = 0.000)
[20191118_100856 / lib_ip.py:3753] file = img.20191118_100854.2019-11-17_15-51-23_000.jpg.1.png / val_Average = 29.8554	val_Variance = 2141.1921	sd = 46.2730	max = 165	min = 0
[20191118_100856 / lib_ip.py:4169] len(Hs) = 8100, len(Ss) = 8100, len(Vs) = 8100
[20191118_100856 / lib_ip.py:4208] blue : variance --> out of range (variance = 2141.192 / upper = 0.930 / lower = 0.010)
[20191118_100857 / lib_ip.py:3753] file = img.20191118_100854.2019-11-17_15-51-23_000.jpg.1.png / val_Average = 29.8554	val_Variance = 2141.1921	sd = 46.2730	max = 165	min = 0
[20191118_100857 / lib_ip.py:4275] len(Hs) = 8100, len(Ss) = 8100, len(Vs) = 8100
[20191118_100857 / lib_ip.py:4314] pink : variance --> out of range (variance = 2141.192 / upper = 0.750 / lower = 0.030)
[20191118_100857 / lib_ip.py:3753] file = img.20191118_100854.2019-11-17_15-51-23_000.jpg.1.png / val_Average = 29.8554	val_Variance = 2141.1921	sd = 46.2730	max = 165	min = 0
[20191118_100857 / lib_ip.py:4378] len(Hs) = 8100, len(Ss) = 8100, len(Vs) = 8100
[20191118_100857 / lib_ip.py:4422] black : variance --> out of range (variance = 2141.192 / upper = 0.000 / lower = 0.000)
[20191118_100857 / lib_ip.py:4593] file : img.20191118_100854.2019-11-17_15-51-23_000.jpg.1.png 0 (black : variance --> out of range (variance = 2141.192 / upper = 0.000 / lower = 0.000))
[20191118_100857 / lib_ip.py:2274] inspecting ===> img.20191118_100854.2019-11-17_15-51-23_000.jpg.2.png
[20191118_100857 / lib_ip.py:4505] 
img.20191118_100854.2019-11-17_15-51-23_000.jpg.2.png 1 ---------------------
[20191118_100857 / lib_ip.py:3753] file = img.20191118_100854.2019-11-17_15-51-23_000.jpg.2.png / val_Average = 12.2904	val_Variance = 0.2154	sd = 0.4642	max = 13	min = 11
[20191118_100857 / lib_ip.py:3836] len(Hs) = 8100, len(Ss) = 8100, len(Vs) = 8100
[20191118_100858 / lib_ip.py:3891] yellow : average --> out of range (average = 12.290 / upper = 99.200 / lower = 85.500)
[20191118_100858 / lib_ip.py:3753] file = img.20191118_100854.2019-11-17_15-51-23_000.jpg.2.png / val_Average = 12.2904	val_Variance = 0.2154	sd = 0.4642	max = 13	min = 11
[20191118_100858 / lib_ip.py:3936] len(Hs) = 8100, len(Ss) = 8100, len(Vs) = 8100
[20191118_100858 / lib_ip.py:4007] red : average --> out of range (average = 12.290 / upper = 124.600 / lower = 115.000)
[20191118_100858 / lib_ip.py:3753] file = img.20191118_100854.2019-11-17_15-51-23_000.jpg.2.png / val_Average = 12.2904	val_Variance = 0.2154	sd = 0.4642	max = 13	min = 11
[20191118_100858 / lib_ip.py:4052] len(Hs) = 8100, len(Ss) = 8100, len(Vs) = 8100
[20191118_100858 / lib_ip.py:4124] green : average --> out of range (average = 12.290 / upper = 85.000 / lower = 58.000)
[20191118_100858 / lib_ip.py:3753] file = img.20191118_100854.2019-11-17_15-51-23_000.jpg.2.png / val_Average = 12.2904	val_Variance = 0.2154	sd = 0.4642	max = 13	min = 11
[20191118_100858 / lib_ip.py:4169] len(Hs) = 8100, len(Ss) = 8100, len(Vs) = 8100
[20191118_100858 / lib_ip.py:2274] inspecting ===> img.20191118_100854.2019-11-17_15-51-23_000.jpg.3.png
[20191118_100859 / lib_ip.py:4505] 
img.20191118_100854.2019-11-17_15-51-23_000.jpg.3.png 2 ---------------------
[20191118_100859 / lib_ip.py:3753] file = img.20191118_100854.2019-11-17_15-51-23_000.jpg.3.png / val_Average = 107.2848	val_Variance = 8.2627	sd = 2.8745	max = 118	min = 99
[20191118_100859 / lib_ip.py:3836] len(Hs) = 8100, len(Ss) = 8100, len(Vs) = 8100
[20191118_100859 / lib_ip.py:3869] yellow : variance --> out of range (variance = 8.263 / upper = 0.650 / lower = 0.000)
[20191118_100859 / lib_ip.py:3753] file = img.20191118_100854.2019-11-17_15-51-23_000.jpg.3.png / val_Average = 107.2848	val_Variance = 8.2627	sd = 2.8745	max = 118	min = 99
[20191118_100859 / lib_ip.py:3936] len(Hs) = 8100, len(Ss) = 8100, len(Vs) = 8100
[20191118_100859 / lib_ip.py:3982] red : variance --> out of range (variance = 8.263 / upper = 0.430 / lower = 0.000)
[20191118_100859 / lib_ip.py:3753] file = img.20191118_100854.2019-11-17_15-51-23_000.jpg.3.png / val_Average = 107.2848	val_Variance = 8.2627	sd = 2.8745	max = 118	min = 99
[20191118_100859 / lib_ip.py:4052] len(Hs) = 8100, len(Ss) = 8100, len(Vs) = 8100
[20191118_100859 / lib_ip.py:4099] green : variance --> out of range (variance = 8.263 / upper = 0.760 / lower = 0.000)
[20191118_100900 / lib_ip.py:3753] file = img.20191118_100854.2019-11-17_15-51-23_000.jpg.3.png / val_Average = 107.2848	val_Variance = 8.2627	sd = 2.8745	max = 118	min = 99
[20191118_100900 / lib_ip.py:4169] len(Hs) = 8100, len(Ss) = 8100, len(Vs) = 8100
[20191118_100900 / lib_ip.py:4208] blue : variance --> out of range (variance = 8.263 / upper = 0.930 / lower = 0.010)
[20191118_100900 / lib_ip.py:3753] file = img.20191118_100854.2019-11-17_15-51-23_000.jpg.3.png / val_Average = 107.2848	val_Variance = 8.2627	sd = 2.8745	max = 118	min = 99
[20191118_100900 / lib_ip.py:4275] len(Hs) = 8100, len(Ss) = 8100, len(Vs) = 8100
[20191118_100900 / lib_ip.py:4314] pink : variance --> out of range (variance = 8.263 / upper = 0.750 / lower = 0.030)
[20191118_100900 / lib_ip.py:3753] file = img.20191118_100854.2019-11-17_15-51-23_000.jpg.3.png / val_Average = 107.2848	val_Variance = 8.2627	sd = 2.8745	max = 118	min = 99
[20191118_100900 / lib_ip.py:4378] len(Hs) = 8100, len(Ss) = 8100, len(Vs) = 8100
[20191118_100900 / lib_ip.py:4422] black : variance --> out of range (variance = 8.263 / upper = 0.000 / lower = 0.000)
[20191118_100900 / lib_ip.py:4593] file : img.20191118_100854.2019-11-17_15-51-23_000.jpg.3.png 2 (black : variance --> out of range (variance = 8.263 / upper = 0.000 / lower = 0.000))
[20191118_100900 / lib_ip.py:2274] inspecting ===> img.20191118_100854.2019-11-17_15-51-23_000.jpg.4.png
[20191118_100901 / lib_ip.py:4505] 
img.20191118_100854.2019-11-17_15-51-23_000.jpg.4.png 3 ---------------------
[20191118_100901 / lib_ip.py:3753] file = img.20191118_100854.2019-11-17_15-51-23_000.jpg.4.png / val_Average = 106.7727	val_Variance = 1.6909	sd = 1.3004	max = 120	min = 103
[20191118_100901 / lib_ip.py:3836] len(Hs) = 8100, len(Ss) = 8100, len(Vs) = 8100
[20191118_100901 / lib_ip.py:3869] yellow : variance --> out of range (variance = 1.691 / upper = 0.650 / lower = 0.000)
[20191118_100901 / lib_ip.py:3753] file = img.20191118_100854.2019-11-17_15-51-23_000.jpg.4.png / val_Average = 106.7727	val_Variance = 1.6909	sd = 1.3004	max = 120	min = 103
[20191118_100901 / lib_ip.py:3936] len(Hs) = 8100, len(Ss) = 8100, len(Vs) = 8100
[20191118_100901 / lib_ip.py:3982] red : variance --> out of range (variance = 1.691 / upper = 0.430 / lower = 0.000)
[20191118_100901 / lib_ip.py:3753] file = img.20191118_100854.2019-11-17_15-51-23_000.jpg.4.png / val_Average = 106.7727	val_Variance = 1.6909	sd = 1.3004	max = 120	min = 103
[20191118_100901 / lib_ip.py:4052] len(Hs) = 8100, len(Ss) = 8100, len(Vs) = 8100
[20191118_100901 / lib_ip.py:4099] green : variance --> out of range (variance = 1.691 / upper = 0.760 / lower = 0.000)
[20191118_100901 / lib_ip.py:3753] file = img.20191118_100854.2019-11-17_15-51-23_000.jpg.4.png / val_Average = 106.7727	val_Variance = 1.6909	sd = 1.3004	max = 120	min = 103
[20191118_100901 / lib_ip.py:4169] len(Hs) = 8100, len(Ss) = 8100, len(Vs) = 8100
[20191118_100901 / lib_ip.py:4208] blue : variance --> out of range (variance = 1.691 / upper = 0.930 / lower = 0.010)
[20191118_100901 / lib_ip.py:3753] file = img.20191118_100854.2019-11-17_15-51-23_000.jpg.4.png / val_Average = 106.7727	val_Variance = 1.6909	sd = 1.3004	max = 120	min = 103
[20191118_100901 / lib_ip.py:4275] len(Hs) = 8100, len(Ss) = 8100, len(Vs) = 8100
[20191118_100901 / lib_ip.py:4314] pink : variance --> out of range (variance = 1.691 / upper = 0.750 / lower = 0.030)
[20191118_100901 / lib_ip.py:3753] file = img.20191118_100854.2019-11-17_15-51-23_000.jpg.4.png / val_Average = 106.7727	val_Variance = 1.6909	sd = 1.3004	max = 120	min = 103
[20191118_100902 / lib_ip.py:4378] len(Hs) = 8100, len(Ss) = 8100, len(Vs) = 8100
[20191118_100902 / lib_ip.py:4422] black : variance --> out of range (variance = 1.691 / upper = 0.000 / lower = 0.000)
[20191118_100902 / lib_ip.py:4593] file : img.20191118_100854.2019-11-17_15-51-23_000.jpg.4.png 3 (black : variance --> out of range (variance = 1.691 / upper = 0.000 / lower = 0.000))
[20191118_100900 / lib_ip.py:2274] inspecting ===> img.20191118_100854.2019-11-17_15-51-23_000.jpg.4.png
img.20191118_100854.2019-11-17_15-51-23_000.jpg.1.png => other
img.20191118_100854.2019-11-17_15-51-23_000.jpg.2.png => other
img.20191118_100854.2019-11-17_15-51-23_000.jpg.3.png => other
img.20191118_100854.2019-11-17_15-51-23_000.jpg.4.png => other
[20191118_100902 lib_ip.py:3301] =============== Get 4 corners
dpath_Images = C:\WORKS_2\WS\WS_Others.Art\JVEMV6\46_art\VIRTUAL\Admin_Projects\ip\images
fname_Image = img.20191118_100854.2019-11-17_15-51-23_000.jpg.4.png

[20191118_100902 / lib_ip.py:2274] inspecting ===> img.20191118_100902.2019-11-17_15-52-00_000.jpg.1.png
[20191118_100903 / lib_ip.py:4505] 
img.20191118_100902.2019-11-17_15-52-00_000.jpg.1.png 0 ---------------------
[20191118_100903 / lib_ip.py:3753] file = img.20191118_100902.2019-11-17_15-52-00_000.jpg.1.png / val_Average = 106.2299	val_Variance = 107.4002	sd = 10.3634	max = 135	min = 0
[20191118_100903 / lib_ip.py:3836] len(Hs) = 8100, len(Ss) = 8100, len(Vs) = 8100
[20191118_100903 / lib_ip.py:3869] yellow : variance --> out of range (variance = 107.400 / upper = 0.650 / lower = 0.000)
[20191118_100903 / lib_ip.py:3753] file = img.20191118_100902.2019-11-17_15-52-00_000.jpg.1.png / val_Average = 106.2299	val_Variance = 107.4002	sd = 10.3634	max = 135	min = 0
[20191118_100903 / lib_ip.py:3936] len(Hs) = 8100, len(Ss) = 8100, len(Vs) = 8100
[20191118_100903 / lib_ip.py:3982] red : variance --> out of range (variance = 107.400 / upper = 0.430 / lower = 0.000)
[20191118_100903 / lib_ip.py:3753] file = img.20191118_100902.2019-11-17_15-52-00_000.jpg.1.png / val_Average = 106.2299	val_Variance = 107.4002	sd = 10.3634	max = 135	min = 0
[20191118_100903 / lib_ip.py:4052] len(Hs) = 8100, len(Ss) = 8100, len(Vs) = 8100
[20191118_100903 / lib_ip.py:4099] green : variance --> out of range (variance = 107.400 / upper = 0.760 / lower = 0.000)
[20191118_100903 / lib_ip.py:3753] file = img.20191118_100902.2019-11-17_15-52-00_000.jpg.1.png / val_Average = 106.2299	val_Variance = 107.4002	sd = 10.3634	max = 135	min = 0
[20191118_100903 / lib_ip.py:4169] len(Hs) = 8100, len(Ss) = 8100, len(Vs) = 8100
[20191118_100903 / lib_ip.py:4208] blue : variance --> out of range (variance = 107.400 / upper = 0.930 / lower = 0.010)
[20191118_100904 / lib_ip.py:3753] file = img.20191118_100902.2019-11-17_15-52-00_000.jpg.1.png / val_Average = 106.2299	val_Variance = 107.4002	sd = 10.3634	max = 135	min = 0
[20191118_100904 / lib_ip.py:4275] len(Hs) = 8100, len(Ss) = 8100, len(Vs) = 8100
[20191118_100904 / lib_ip.py:4314] pink : variance --> out of range (variance = 107.400 / upper = 0.750 / lower = 0.030)
[20191118_100904 / lib_ip.py:3753] file = img.20191118_100902.2019-11-17_15-52-00_000.jpg.1.png / val_Average = 106.2299	val_Variance = 107.4002	sd = 10.3634	max = 135	min = 0
[20191118_100904 / lib_ip.py:4378] len(Hs) = 8100, len(Ss) = 8100, len(Vs) = 8100
[20191118_100904 / lib_ip.py:4422] black : variance --> out of range (variance = 107.400 / upper = 0.000 / lower = 0.000)
[20191118_100904 / lib_ip.py:4593] file : img.20191118_100902.2019-11-17_15-52-00_000.jpg.1.png 0 (black : variance --> out of range (variance = 107.400 / upper = 0.000 / lower = 0.000))
[20191118_100904 / lib_ip.py:2274] inspecting ===> img.20191118_100902.2019-11-17_15-52-00_000.jpg.2.png
[20191118_100904 / lib_ip.py:4505] 
img.20191118_100902.2019-11-17_15-52-00_000.jpg.2.png 1 ---------------------
[20191118_100904 / lib_ip.py:3753] file = img.20191118_100902.2019-11-17_15-52-00_000.jpg.2.png / val_Average = 106.6501	val_Variance = 2.1682	sd = 1.4725	max = 112	min = 102
[20191118_100904 / lib_ip.py:3836] len(Hs) = 8100, len(Ss) = 8100, len(Vs) = 8100
[20191118_100904 / lib_ip.py:3869] yellow : variance --> out of range (variance = 2.168 / upper = 0.650 / lower = 0.000)
[20191118_100905 / lib_ip.py:3753] file = img.20191118_100902.2019-11-17_15-52-00_000.jpg.2.png / val_Average = 106.6501	val_Variance = 2.1682	sd = 1.4725	max = 112	min = 102
[20191118_100905 / lib_ip.py:3936] len(Hs) = 8100, len(Ss) = 8100, len(Vs) = 8100
[20191118_100905 / lib_ip.py:3982] red : variance --> out of range (variance = 2.168 / upper = 0.430 / lower = 0.000)
[20191118_100905 / lib_ip.py:3753] file = img.20191118_100902.2019-11-17_15-52-00_000.jpg.2.png / val_Average = 106.6501	val_Variance = 2.1682	sd = 1.4725	max = 112	min = 102
[20191118_100905 / lib_ip.py:4052] len(Hs) = 8100, len(Ss) = 8100, len(Vs) = 8100
[20191118_100905 / lib_ip.py:4099] green : variance --> out of range (variance = 2.168 / upper = 0.760 / lower = 0.000)
[20191118_100905 / lib_ip.py:3753] file = img.20191118_100902.2019-11-17_15-52-00_000.jpg.2.png / val_Average = 106.6501	val_Variance = 2.1682	sd = 1.4725	max = 112	min = 102
[20191118_100905 / lib_ip.py:4169] len(Hs) = 8100, len(Ss) = 8100, len(Vs) = 8100
[20191118_100905 / lib_ip.py:4208] blue : variance --> out of range (variance = 2.168 / upper = 0.930 / lower = 0.010)
[20191118_100905 / lib_ip.py:3753] file = img.20191118_100902.2019-11-17_15-52-00_000.jpg.2.png / val_Average = 106.6501	val_Variance = 2.1682	sd = 1.4725	max = 112	min = 102
[20191118_100905 / lib_ip.py:4275] len(Hs) = 8100, len(Ss) = 8100, len(Vs) = 8100
[20191118_100905 / lib_ip.py:4314] pink : variance --> out of range (variance = 2.168 / upper = 0.750 / lower = 0.030)
[20191118_100905 / lib_ip.py:3753] file = img.20191118_100902.2019-11-17_15-52-00_000.jpg.2.png / val_Average = 106.6501	val_Variance = 2.1682	sd = 1.4725	max = 112	min = 102
[20191118_100905 / lib_ip.py:4378] len(Hs) = 8100, len(Ss) = 8100, len(Vs) = 8100
[20191118_100905 / lib_ip.py:4422] black : variance --> out of range (variance = 2.168 / upper = 0.000 / lower = 0.000)
[20191118_100905 / lib_ip.py:4593] file : img.20191118_100902.2019-11-17_15-52-00_000.jpg.2.png 1 (black : variance --> out of range (variance = 2.168 / upper = 0.000 / lower = 0.000))
[20191118_100905 / lib_ip.py:2274] inspecting ===> img.20191118_100902.2019-11-17_15-52-00_000.jpg.3.png
[20191118_100906 / lib_ip.py:4505] 
img.20191118_100902.2019-11-17_15-52-00_000.jpg.3.png 2 ---------------------
[20191118_100906 / lib_ip.py:3753] file = img.20191118_100902.2019-11-17_15-52-00_000.jpg.3.png / val_Average = 109.2965	val_Variance = 5.2526	sd = 2.2918	max = 120	min = 104
[20191118_100906 / lib_ip.py:3836] len(Hs) = 8100, len(Ss) = 8100, len(Vs) = 8100
[20191118_100906 / lib_ip.py:3869] yellow : variance --> out of range (variance = 5.253 / upper = 0.650 / lower = 0.000)
[20191118_100906 / lib_ip.py:3753] file = img.20191118_100902.2019-11-17_15-52-00_000.jpg.3.png / val_Average = 109.2965	val_Variance = 5.2526	sd = 2.2918	max = 120	min = 104
[20191118_100906 / lib_ip.py:3936] len(Hs) = 8100, len(Ss) = 8100, len(Vs) = 8100
[20191118_100906 / lib_ip.py:3982] red : variance --> out of range (variance = 5.253 / upper = 0.430 / lower = 0.000)
[20191118_100906 / lib_ip.py:3753] file = img.20191118_100902.2019-11-17_15-52-00_000.jpg.3.png / val_Average = 109.2965	val_Variance = 5.2526	sd = 2.2918	max = 120	min = 104
[20191118_100906 / lib_ip.py:4052] len(Hs) = 8100, len(Ss) = 8100, len(Vs) = 8100
[20191118_100906 / lib_ip.py:4099] green : variance --> out of range (variance = 5.253 / upper = 0.760 / lower = 0.000)
[20191118_100906 / lib_ip.py:3753] file = img.20191118_100902.2019-11-17_15-52-00_000.jpg.3.png / val_Average = 109.2965	val_Variance = 5.2526	sd = 2.2918	max = 120	min = 104
[20191118_100906 / lib_ip.py:4169] len(Hs) = 8100, len(Ss) = 8100, len(Vs) = 8100
[20191118_100906 / lib_ip.py:4208] blue : variance --> out of range (variance = 5.253 / upper = 0.930 / lower = 0.010)
[20191118_100906 / lib_ip.py:3753] file = img.20191118_100902.2019-11-17_15-52-00_000.jpg.3.png / val_Average = 109.2965	val_Variance = 5.2526	sd = 2.2918	max = 120	min = 104
[20191118_100906 / lib_ip.py:4275] len(Hs) = 8100, len(Ss) = 8100, len(Vs) = 8100
[20191118_100906 / lib_ip.py:4314] pink : variance --> out of range (variance = 5.253 / upper = 0.750 / lower = 0.030)
[20191118_100907 / lib_ip.py:3753] file = img.20191118_100902.2019-11-17_15-52-00_000.jpg.3.png / val_Average = 109.2965	val_Variance = 5.2526	sd = 2.2918	max = 120	min = 104
[20191118_100907 / lib_ip.py:4378] len(Hs) = 8100, len(Ss) = 8100, len(Vs) = 8100
[20191118_100907 / lib_ip.py:4422] black : variance --> out of range (variance = 5.253 / upper = 0.000 / lower = 0.000)
[20191118_100907 / lib_ip.py:4593] file : img.20191118_100902.2019-11-17_15-52-00_000.jpg.3.png 2 (black : variance --> out of range (variance = 5.253 / upper = 0.000 / lower = 0.000))
[20191118_100907 / lib_ip.py:2274] inspecting ===> img.20191118_100902.2019-11-17_15-52-00_000.jpg.4.png
[20191118_100907 / lib_ip.py:4505] 
img.20191118_100902.2019-11-17_15-52-00_000.jpg.4.png 3 ---------------------
[20191118_100907 / lib_ip.py:3753] file = img.20191118_100902.2019-11-17_15-52-00_000.jpg.4.png / val_Average = 11.6778	val_Variance = 0.2742	sd = 0.5236	max = 13	min = 10
[20191118_100907 / lib_ip.py:3836] len(Hs) = 8100, len(Ss) = 8100, len(Vs) = 8100
[20191118_100907 / lib_ip.py:3891] yellow : average --> out of range (average = 11.678 / upper = 99.200 / lower = 85.500)
[20191118_100907 / lib_ip.py:3753] file = img.20191118_100902.2019-11-17_15-52-00_000.jpg.4.png / val_Average = 11.6778	val_Variance = 0.2742	sd = 0.5236	max = 13	min = 10
[20191118_100907 / lib_ip.py:3936] len(Hs) = 8100, len(Ss) = 8100, len(Vs) = 8100
[20191118_100908 / lib_ip.py:4007] red : average --> out of range (average = 11.678 / upper = 124.600 / lower = 115.000)
[20191118_100908 / lib_ip.py:3753] file = img.20191118_100902.2019-11-17_15-52-00_000.jpg.4.png / val_Average = 11.6778	val_Variance = 0.2742	sd = 0.5236	max = 13	min = 10
[20191118_100908 / lib_ip.py:4052] len(Hs) = 8100, len(Ss) = 8100, len(Vs) = 8100
[20191118_100908 / lib_ip.py:4124] green : average --> out of range (average = 11.678 / upper = 85.000 / lower = 58.000)
[20191118_100908 / lib_ip.py:3753] file = img.20191118_100902.2019-11-17_15-52-00_000.jpg.4.png / val_Average = 11.6778	val_Variance = 0.2742	sd = 0.5236	max = 13	min = 10
[20191118_100908 / lib_ip.py:4169] len(Hs) = 8100, len(Ss) = 8100, len(Vs) = 8100
[20191118_100907 / lib_ip.py:2274] inspecting ===> img.20191118_100902.2019-11-17_15-52-00_000.jpg.4.png
img.20191118_100902.2019-11-17_15-52-00_000.jpg.1.png => other
img.20191118_100902.2019-11-17_15-52-00_000.jpg.2.png => other
img.20191118_100902.2019-11-17_15-52-00_000.jpg.3.png => other
img.20191118_100902.2019-11-17_15-52-00_000.jpg.4.png => other
[20191118_100908 lib_ip.py:3301] =============== Get 4 corners
dpath_Images = C:\WORKS_2\WS\WS_Others.Art\JVEMV6\46_art\VIRTUAL\Admin_Projects\ip\images
fname_Image = img.20191118_100902.2019-11-17_15-52-00_000.jpg.4.png

[20191118_100909 / lib_ip.py:2274] inspecting ===> img.20191118_100908.2019-11-17_16-15-46_000.jpg.1.png
[20191118_100909 / lib_ip.py:4505] 
img.20191118_100908.2019-11-17_16-15-46_000.jpg.1.png 0 ---------------------
[20191118_100909 / lib_ip.py:3753] file = img.20191118_100908.2019-11-17_16-15-46_000.jpg.1.png / val_Average = 32.7449	val_Variance = 3965.6463	sd = 62.9734	max = 176	min = 0
[20191118_100909 / lib_ip.py:3836] len(Hs) = 8100, len(Ss) = 8100, len(Vs) = 8100
[20191118_100909 / lib_ip.py:3869] yellow : variance --> out of range (variance = 3965.646 / upper = 0.650 / lower = 0.000)
[20191118_100909 / lib_ip.py:3753] file = img.20191118_100908.2019-11-17_16-15-46_000.jpg.1.png / val_Average = 32.7449	val_Variance = 3965.6463	sd = 62.9734	max = 176	min = 0
[20191118_100909 / lib_ip.py:3936] len(Hs) = 8100, len(Ss) = 8100, len(Vs) = 8100
[20191118_100909 / lib_ip.py:3982] red : variance --> out of range (variance = 3965.646 / upper = 0.430 / lower = 0.000)
[20191118_100909 / lib_ip.py:3753] file = img.20191118_100908.2019-11-17_16-15-46_000.jpg.1.png / val_Average = 32.7449	val_Variance = 3965.6463	sd = 62.9734	max = 176	min = 0
[20191118_100909 / lib_ip.py:4052] len(Hs) = 8100, len(Ss) = 8100, len(Vs) = 8100
[20191118_100909 / lib_ip.py:4099] green : variance --> out of range (variance = 3965.646 / upper = 0.760 / lower = 0.000)
[20191118_100909 / lib_ip.py:3753] file = img.20191118_100908.2019-11-17_16-15-46_000.jpg.1.png / val_Average = 32.7449	val_Variance = 3965.6463	sd = 62.9734	max = 176	min = 0
[20191118_100909 / lib_ip.py:4169] len(Hs) = 8100, len(Ss) = 8100, len(Vs) = 8100
[20191118_100910 / lib_ip.py:4208] blue : variance --> out of range (variance = 3965.646 / upper = 0.930 / lower = 0.010)
[20191118_100910 / lib_ip.py:3753] file = img.20191118_100908.2019-11-17_16-15-46_000.jpg.1.png / val_Average = 32.7449	val_Variance = 3965.6463	sd = 62.9734	max = 176	min = 0
[20191118_100910 / lib_ip.py:4275] len(Hs) = 8100, len(Ss) = 8100, len(Vs) = 8100
[20191118_100910 / lib_ip.py:4314] pink : variance --> out of range (variance = 3965.646 / upper = 0.750 / lower = 0.030)
[20191118_100910 / lib_ip.py:3753] file = img.20191118_100908.2019-11-17_16-15-46_000.jpg.1.png / val_Average = 32.7449	val_Variance = 3965.6463	sd = 62.9734	max = 176	min = 0
[20191118_100910 / lib_ip.py:4378] len(Hs) = 8100, len(Ss) = 8100, len(Vs) = 8100
[20191118_100910 / lib_ip.py:4422] black : variance --> out of range (variance = 3965.646 / upper = 0.000 / lower = 0.000)
[20191118_100910 / lib_ip.py:4593] file : img.20191118_100908.2019-11-17_16-15-46_000.jpg.1.png 0 (black : variance --> out of range (variance = 3965.646 / upper = 0.000 / lower = 0.000))
[20191118_100910 / lib_ip.py:2274] inspecting ===> img.20191118_100908.2019-11-17_16-15-46_000.jpg.2.png
[20191118_100910 / lib_ip.py:4505] 
img.20191118_100908.2019-11-17_16-15-46_000.jpg.2.png 1 ---------------------
[20191118_100910 / lib_ip.py:3753] file = img.20191118_100908.2019-11-17_16-15-46_000.jpg.2.png / val_Average = 67.7106	val_Variance = 856.6286	sd = 29.2682	max = 135	min = 0
[20191118_100910 / lib_ip.py:3836] len(Hs) = 8100, len(Ss) = 8100, len(Vs) = 8100
[20191118_100911 / lib_ip.py:3869] yellow : variance --> out of range (variance = 856.629 / upper = 0.650 / lower = 0.000)
[20191118_100911 / lib_ip.py:3753] file = img.20191118_100908.2019-11-17_16-15-46_000.jpg.2.png / val_Average = 67.7106	val_Variance = 856.6286	sd = 29.2682	max = 135	min = 0
[20191118_100911 / lib_ip.py:3936] len(Hs) = 8100, len(Ss) = 8100, len(Vs) = 8100
[20191118_100911 / lib_ip.py:3982] red : variance --> out of range (variance = 856.629 / upper = 0.430 / lower = 0.000)
[20191118_100911 / lib_ip.py:3753] file = img.20191118_100908.2019-11-17_16-15-46_000.jpg.2.png / val_Average = 67.7106	val_Variance = 856.6286	sd = 29.2682	max = 135	min = 0
[20191118_100911 / lib_ip.py:4052] len(Hs) = 8100, len(Ss) = 8100, len(Vs) = 8100
[20191118_100911 / lib_ip.py:4099] green : variance --> out of range (variance = 856.629 / upper = 0.760 / lower = 0.000)
[20191118_100911 / lib_ip.py:3753] file = img.20191118_100908.2019-11-17_16-15-46_000.jpg.2.png / val_Average = 67.7106	val_Variance = 856.6286	sd = 29.2682	max = 135	min = 0
[20191118_100911 / lib_ip.py:4169] len(Hs) = 8100, len(Ss) = 8100, len(Vs) = 8100
[20191118_100911 / lib_ip.py:4208] blue : variance --> out of range (variance = 856.629 / upper = 0.930 / lower = 0.010)
[20191118_100911 / lib_ip.py:3753] file = img.20191118_100908.2019-11-17_16-15-46_000.jpg.2.png / val_Average = 67.7106	val_Variance = 856.6286	sd = 29.2682	max = 135	min = 0
[20191118_100911 / lib_ip.py:4275] len(Hs) = 8100, len(Ss) = 8100, len(Vs) = 8100
[20191118_100911 / lib_ip.py:4314] pink : variance --> out of range (variance = 856.629 / upper = 0.750 / lower = 0.030)
[20191118_100911 / lib_ip.py:3753] file = img.20191118_100908.2019-11-17_16-15-46_000.jpg.2.png / val_Average = 67.7106	val_Variance = 856.6286	sd = 29.2682	max = 135	min = 0
[20191118_100911 / lib_ip.py:4378] len(Hs) = 8100, len(Ss) = 8100, len(Vs) = 8100
[20191118_100911 / lib_ip.py:4422] black : variance --> out of range (variance = 856.629 / upper = 0.000 / lower = 0.000)
[20191118_100911 / lib_ip.py:4593] file : img.20191118_100908.2019-11-17_16-15-46_000.jpg.2.png 1 (black : variance --> out of range (variance = 856.629 / upper = 0.000 / lower = 0.000))
[20191118_100912 / lib_ip.py:2274] inspecting ===> img.20191118_100908.2019-11-17_16-15-46_000.jpg.3.png
[20191118_100912 / lib_ip.py:4505] 
img.20191118_100908.2019-11-17_16-15-46_000.jpg.3.png 2 ---------------------
[20191118_100912 / lib_ip.py:3753] file = img.20191118_100908.2019-11-17_16-15-46_000.jpg.3.png / val_Average = 106.2827	val_Variance = 6.9717	sd = 2.6404	max = 115	min = 99
[20191118_100912 / lib_ip.py:3836] len(Hs) = 8100, len(Ss) = 8100, len(Vs) = 8100
[20191118_100912 / lib_ip.py:3869] yellow : variance --> out of range (variance = 6.972 / upper = 0.650 / lower = 0.000)
[20191118_100912 / lib_ip.py:3753] file = img.20191118_100908.2019-11-17_16-15-46_000.jpg.3.png / val_Average = 106.2827	val_Variance = 6.9717	sd = 2.6404	max = 115	min = 99
[20191118_100912 / lib_ip.py:3936] len(Hs) = 8100, len(Ss) = 8100, len(Vs) = 8100
[20191118_100912 / lib_ip.py:3982] red : variance --> out of range (variance = 6.972 / upper = 0.430 / lower = 0.000)
[20191118_100912 / lib_ip.py:3753] file = img.20191118_100908.2019-11-17_16-15-46_000.jpg.3.png / val_Average = 106.2827	val_Variance = 6.9717	sd = 2.6404	max = 115	min = 99
[20191118_100913 / lib_ip.py:4052] len(Hs) = 8100, len(Ss) = 8100, len(Vs) = 8100
[20191118_100913 / lib_ip.py:4099] green : variance --> out of range (variance = 6.972 / upper = 0.760 / lower = 0.000)
[20191118_100913 / lib_ip.py:3753] file = img.20191118_100908.2019-11-17_16-15-46_000.jpg.3.png / val_Average = 106.2827	val_Variance = 6.9717	sd = 2.6404	max = 115	min = 99
[20191118_100913 / lib_ip.py:4169] len(Hs) = 8100, len(Ss) = 8100, len(Vs) = 8100
[20191118_100913 / lib_ip.py:4208] blue : variance --> out of range (variance = 6.972 / upper = 0.930 / lower = 0.010)
[20191118_100913 / lib_ip.py:3753] file = img.20191118_100908.2019-11-17_16-15-46_000.jpg.3.png / val_Average = 106.2827	val_Variance = 6.9717	sd = 2.6404	max = 115	min = 99
[20191118_100913 / lib_ip.py:4275] len(Hs) = 8100, len(Ss) = 8100, len(Vs) = 8100
[20191118_100913 / lib_ip.py:4314] pink : variance --> out of range (variance = 6.972 / upper = 0.750 / lower = 0.030)
[20191118_100913 / lib_ip.py:3753] file = img.20191118_100908.2019-11-17_16-15-46_000.jpg.3.png / val_Average = 106.2827	val_Variance = 6.9717	sd = 2.6404	max = 115	min = 99
[20191118_100913 / lib_ip.py:4378] len(Hs) = 8100, len(Ss) = 8100, len(Vs) = 8100
[20191118_100913 / lib_ip.py:4422] black : variance --> out of range (variance = 6.972 / upper = 0.000 / lower = 0.000)
[20191118_100913 / lib_ip.py:4593] file : img.20191118_100908.2019-11-17_16-15-46_000.jpg.3.png 2 (black : variance --> out of range (variance = 6.972 / upper = 0.000 / lower = 0.000))
[20191118_100913 / lib_ip.py:2274] inspecting ===> img.20191118_100908.2019-11-17_16-15-46_000.jpg.4.png
[20191118_100913 / lib_ip.py:4505] 
img.20191118_100908.2019-11-17_16-15-46_000.jpg.4.png 3 ---------------------
[20191118_100913 / lib_ip.py:3753] file = img.20191118_100908.2019-11-17_16-15-46_000.jpg.4.png / val_Average = 105.9756	val_Variance = 2.9987	sd = 1.7317	max = 109	min = 101
[20191118_100914 / lib_ip.py:3836] len(Hs) = 8100, len(Ss) = 8100, len(Vs) = 8100
[20191118_100914 / lib_ip.py:3869] yellow : variance --> out of range (variance = 2.999 / upper = 0.650 / lower = 0.000)
[20191118_100914 / lib_ip.py:3753] file = img.20191118_100908.2019-11-17_16-15-46_000.jpg.4.png / val_Average = 105.9756	val_Variance = 2.9987	sd = 1.7317	max = 109	min = 101
[20191118_100914 / lib_ip.py:3936] len(Hs) = 8100, len(Ss) = 8100, len(Vs) = 8100
[20191118_100914 / lib_ip.py:3982] red : variance --> out of range (variance = 2.999 / upper = 0.430 / lower = 0.000)
[20191118_100914 / lib_ip.py:3753] file = img.20191118_100908.2019-11-17_16-15-46_000.jpg.4.png / val_Average = 105.9756	val_Variance = 2.9987	sd = 1.7317	max = 109	min = 101
[20191118_100914 / lib_ip.py:4052] len(Hs) = 8100, len(Ss) = 8100, len(Vs) = 8100
[20191118_100914 / lib_ip.py:4099] green : variance --> out of range (variance = 2.999 / upper = 0.760 / lower = 0.000)
[20191118_100914 / lib_ip.py:3753] file = img.20191118_100908.2019-11-17_16-15-46_000.jpg.4.png / val_Average = 105.9756	val_Variance = 2.9987	sd = 1.7317	max = 109	min = 101
[20191118_100914 / lib_ip.py:4169] len(Hs) = 8100, len(Ss) = 8100, len(Vs) = 8100
[20191118_100914 / lib_ip.py:4208] blue : variance --> out of range (variance = 2.999 / upper = 0.930 / lower = 0.010)
[20191118_100914 / lib_ip.py:3753] file = img.20191118_100908.2019-11-17_16-15-46_000.jpg.4.png / val_Average = 105.9756	val_Variance = 2.9987	sd = 1.7317	max = 109	min = 101
[20191118_100914 / lib_ip.py:4275] len(Hs) = 8100, len(Ss) = 8100, len(Vs) = 8100
[20191118_100914 / lib_ip.py:4314] pink : variance --> out of range (variance = 2.999 / upper = 0.750 / lower = 0.030)
[20191118_100915 / lib_ip.py:3753] file = img.20191118_100908.2019-11-17_16-15-46_000.jpg.4.png / val_Average = 105.9756	val_Variance = 2.9987	sd = 1.7317	max = 109	min = 101
[20191118_100915 / lib_ip.py:4378] len(Hs) = 8100, len(Ss) = 8100, len(Vs) = 8100
[20191118_100915 / lib_ip.py:4422] black : variance --> out of range (variance = 2.999 / upper = 0.000 / lower = 0.000)
[20191118_100915 / lib_ip.py:4593] file : img.20191118_100908.2019-11-17_16-15-46_000.jpg.4.png 3 (black : variance --> out of range (variance = 2.999 / upper = 0.000 / lower = 0.000))
[20191118_100913 / lib_ip.py:2274] inspecting ===> img.20191118_100908.2019-11-17_16-15-46_000.jpg.4.png
img.20191118_100908.2019-11-17_16-15-46_000.jpg.1.png => other
img.20191118_100908.2019-11-17_16-15-46_000.jpg.2.png => other
img.20191118_100908.2019-11-17_16-15-46_000.jpg.3.png => other
img.20191118_100908.2019-11-17_16-15-46_000.jpg.4.png => other
[20191118_100915 lib_ip.py:3301] =============== Get 4 corners
dpath_Images = C:\WORKS_2\WS\WS_Others.Art\JVEMV6\46_art\VIRTUAL\Admin_Projects\ip\images
fname_Image = img.20191118_100908.2019-11-17_16-15-46_000.jpg.4.png

[20191118_100916 / lib_ip.py:2274] inspecting ===> img.20191118_100915.2019-11-17_20-49-04_000.jpg.1.png
[20191118_100916 / lib_ip.py:4505] 
img.20191118_100915.2019-11-17_20-49-04_000.jpg.1.png 0 ---------------------
[20191118_100916 / lib_ip.py:3753] file = img.20191118_100915.2019-11-17_20-49-04_000.jpg.1.png / val_Average = 26.8436	val_Variance = 913.0628	sd = 30.2169	max = 135	min = 0
[20191118_100916 / lib_ip.py:3836] len(Hs) = 8100, len(Ss) = 8100, len(Vs) = 8100
[20191118_100916 / lib_ip.py:3869] yellow : variance --> out of range (variance = 913.063 / upper = 0.650 / lower = 0.000)
[20191118_100916 / lib_ip.py:3753] file = img.20191118_100915.2019-11-17_20-49-04_000.jpg.1.png / val_Average = 26.8436	val_Variance = 913.0628	sd = 30.2169	max = 135	min = 0
[20191118_100916 / lib_ip.py:3936] len(Hs) = 8100, len(Ss) = 8100, len(Vs) = 8100
[20191118_100916 / lib_ip.py:3982] red : variance --> out of range (variance = 913.063 / upper = 0.430 / lower = 0.000)
[20191118_100917 / lib_ip.py:3753] file = img.20191118_100915.2019-11-17_20-49-04_000.jpg.1.png / val_Average = 26.8436	val_Variance = 913.0628	sd = 30.2169	max = 135	min = 0
[20191118_100917 / lib_ip.py:4052] len(Hs) = 8100, len(Ss) = 8100, len(Vs) = 8100
[20191118_100917 / lib_ip.py:4099] green : variance --> out of range (variance = 913.063 / upper = 0.760 / lower = 0.000)
[20191118_100917 / lib_ip.py:3753] file = img.20191118_100915.2019-11-17_20-49-04_000.jpg.1.png / val_Average = 26.8436	val_Variance = 913.0628	sd = 30.2169	max = 135	min = 0
[20191118_100917 / lib_ip.py:4169] len(Hs) = 8100, len(Ss) = 8100, len(Vs) = 8100
[20191118_100917 / lib_ip.py:4208] blue : variance --> out of range (variance = 913.063 / upper = 0.930 / lower = 0.010)
[20191118_100917 / lib_ip.py:3753] file = img.20191118_100915.2019-11-17_20-49-04_000.jpg.1.png / val_Average = 26.8436	val_Variance = 913.0628	sd = 30.2169	max = 135	min = 0
[20191118_100917 / lib_ip.py:4275] len(Hs) = 8100, len(Ss) = 8100, len(Vs) = 8100
[20191118_100917 / lib_ip.py:4314] pink : variance --> out of range (variance = 913.063 / upper = 0.750 / lower = 0.030)
[20191118_100917 / lib_ip.py:3753] file = img.20191118_100915.2019-11-17_20-49-04_000.jpg.1.png / val_Average = 26.8436	val_Variance = 913.0628	sd = 30.2169	max = 135	min = 0
[20191118_100917 / lib_ip.py:4378] len(Hs) = 8100, len(Ss) = 8100, len(Vs) = 8100
[20191118_100917 / lib_ip.py:4422] black : variance --> out of range (variance = 913.063 / upper = 0.000 / lower = 0.000)
[20191118_100917 / lib_ip.py:4593] file : img.20191118_100915.2019-11-17_20-49-04_000.jpg.1.png 0 (black : variance --> out of range (variance = 913.063 / upper = 0.000 / lower = 0.000))
[20191118_100917 / lib_ip.py:2274] inspecting ===> img.20191118_100915.2019-11-17_20-49-04_000.jpg.2.png
[20191118_100917 / lib_ip.py:4505] 
img.20191118_100915.2019-11-17_20-49-04_000.jpg.2.png 1 ---------------------
[20191118_100918 / lib_ip.py:3753] file = img.20191118_100915.2019-11-17_20-49-04_000.jpg.2.png / val_Average = 89.9442	val_Variance = 0.0631	sd = 0.2511	max = 91	min = 89
[20191118_100918 / lib_ip.py:3836] len(Hs) = 8100, len(Ss) = 8100, len(Vs) = 8100
[20191118_100918 / lib_ip.py:2274] inspecting ===> img.20191118_100915.2019-11-17_20-49-04_000.jpg.3.png
[20191118_100918 / lib_ip.py:4505] 
img.20191118_100915.2019-11-17_20-49-04_000.jpg.3.png 2 ---------------------
[20191118_100918 / lib_ip.py:3753] file = img.20191118_100915.2019-11-17_20-49-04_000.jpg.3.png / val_Average = 33.8856	val_Variance = 963.7633	sd = 31.0445	max = 160	min = 0
[20191118_100918 / lib_ip.py:3836] len(Hs) = 8100, len(Ss) = 8100, len(Vs) = 8100
[20191118_100918 / lib_ip.py:3869] yellow : variance --> out of range (variance = 963.763 / upper = 0.650 / lower = 0.000)
[20191118_100918 / lib_ip.py:3753] file = img.20191118_100915.2019-11-17_20-49-04_000.jpg.3.png / val_Average = 33.8856	val_Variance = 963.7633	sd = 31.0445	max = 160	min = 0
[20191118_100918 / lib_ip.py:3936] len(Hs) = 8100, len(Ss) = 8100, len(Vs) = 8100
[20191118_100918 / lib_ip.py:3982] red : variance --> out of range (variance = 963.763 / upper = 0.430 / lower = 0.000)
[20191118_100918 / lib_ip.py:3753] file = img.20191118_100915.2019-11-17_20-49-04_000.jpg.3.png / val_Average = 33.8856	val_Variance = 963.7633	sd = 31.0445	max = 160	min = 0
[20191118_100918 / lib_ip.py:4052] len(Hs) = 8100, len(Ss) = 8100, len(Vs) = 8100
[20191118_100918 / lib_ip.py:4099] green : variance --> out of range (variance = 963.763 / upper = 0.760 / lower = 0.000)
[20191118_100919 / lib_ip.py:3753] file = img.20191118_100915.2019-11-17_20-49-04_000.jpg.3.png / val_Average = 33.8856	val_Variance = 963.7633	sd = 31.0445	max = 160	min = 0
[20191118_100919 / lib_ip.py:4169] len(Hs) = 8100, len(Ss) = 8100, len(Vs) = 8100
[20191118_100919 / lib_ip.py:4208] blue : variance --> out of range (variance = 963.763 / upper = 0.930 / lower = 0.010)
[20191118_100919 / lib_ip.py:3753] file = img.20191118_100915.2019-11-17_20-49-04_000.jpg.3.png / val_Average = 33.8856	val_Variance = 963.7633	sd = 31.0445	max = 160	min = 0
[20191118_100919 / lib_ip.py:4275] len(Hs) = 8100, len(Ss) = 8100, len(Vs) = 8100
[20191118_100919 / lib_ip.py:4314] pink : variance --> out of range (variance = 963.763 / upper = 0.750 / lower = 0.030)
[20191118_100919 / lib_ip.py:3753] file = img.20191118_100915.2019-11-17_20-49-04_000.jpg.3.png / val_Average = 33.8856	val_Variance = 963.7633	sd = 31.0445	max = 160	min = 0
[20191118_100919 / lib_ip.py:4378] len(Hs) = 8100, len(Ss) = 8100, len(Vs) = 8100
[20191118_100919 / lib_ip.py:4422] black : variance --> out of range (variance = 963.763 / upper = 0.000 / lower = 0.000)
[20191118_100919 / lib_ip.py:4593] file : img.20191118_100915.2019-11-17_20-49-04_000.jpg.3.png 2 (black : variance --> out of range (variance = 963.763 / upper = 0.000 / lower = 0.000))
[20191118_100919 / lib_ip.py:2274] inspecting ===> img.20191118_100915.2019-11-17_20-49-04_000.jpg.4.png
[20191118_100919 / lib_ip.py:4505] 
img.20191118_100915.2019-11-17_20-49-04_000.jpg.4.png 3 ---------------------
[20191118_100920 / lib_ip.py:3753] file = img.20191118_100915.2019-11-17_20-49-04_000.jpg.4.png / val_Average = 46.0177	val_Variance = 1956.9744	sd = 44.2377	max = 160	min = 0
[20191118_100920 / lib_ip.py:3836] len(Hs) = 8100, len(Ss) = 8100, len(Vs) = 8100
[20191118_100920 / lib_ip.py:3869] yellow : variance --> out of range (variance = 1956.974 / upper = 0.650 / lower = 0.000)
[20191118_100920 / lib_ip.py:3753] file = img.20191118_100915.2019-11-17_20-49-04_000.jpg.4.png / val_Average = 46.0177	val_Variance = 1956.9744	sd = 44.2377	max = 160	min = 0
[20191118_100920 / lib_ip.py:3936] len(Hs) = 8100, len(Ss) = 8100, len(Vs) = 8100
[20191118_100920 / lib_ip.py:3982] red : variance --> out of range (variance = 1956.974 / upper = 0.430 / lower = 0.000)
[20191118_100920 / lib_ip.py:3753] file = img.20191118_100915.2019-11-17_20-49-04_000.jpg.4.png / val_Average = 46.0177	val_Variance = 1956.9744	sd = 44.2377	max = 160	min = 0
[20191118_100920 / lib_ip.py:4052] len(Hs) = 8100, len(Ss) = 8100, len(Vs) = 8100
[20191118_100920 / lib_ip.py:4099] green : variance --> out of range (variance = 1956.974 / upper = 0.760 / lower = 0.000)
[20191118_100920 / lib_ip.py:3753] file = img.20191118_100915.2019-11-17_20-49-04_000.jpg.4.png / val_Average = 46.0177	val_Variance = 1956.9744	sd = 44.2377	max = 160	min = 0
[20191118_100920 / lib_ip.py:4169] len(Hs) = 8100, len(Ss) = 8100, len(Vs) = 8100
[20191118_100920 / lib_ip.py:4208] blue : variance --> out of range (variance = 1956.974 / upper = 0.930 / lower = 0.010)
[20191118_100920 / lib_ip.py:3753] file = img.20191118_100915.2019-11-17_20-49-04_000.jpg.4.png / val_Average = 46.0177	val_Variance = 1956.9744	sd = 44.2377	max = 160	min = 0
[20191118_100920 / lib_ip.py:4275] len(Hs) = 8100, len(Ss) = 8100, len(Vs) = 8100
[20191118_100920 / lib_ip.py:4314] pink : variance --> out of range (variance = 1956.974 / upper = 0.750 / lower = 0.030)
[20191118_100921 / lib_ip.py:3753] file = img.20191118_100915.2019-11-17_20-49-04_000.jpg.4.png / val_Average = 46.0177	val_Variance = 1956.9744	sd = 44.2377	max = 160	min = 0
[20191118_100921 / lib_ip.py:4378] len(Hs) = 8100, len(Ss) = 8100, len(Vs) = 8100
[20191118_100921 / lib_ip.py:4422] black : variance --> out of range (variance = 1956.974 / upper = 0.000 / lower = 0.000)
[20191118_100921 / lib_ip.py:4593] file : img.20191118_100915.2019-11-17_20-49-04_000.jpg.4.png 3 (black : variance --> out of range (variance = 1956.974 / upper = 0.000 / lower = 0.000))
[20191118_100919 / lib_ip.py:2274] inspecting ===> img.20191118_100915.2019-11-17_20-49-04_000.jpg.4.png
img.20191118_100915.2019-11-17_20-49-04_000.jpg.1.png => other
img.20191118_100915.2019-11-17_20-49-04_000.jpg.2.png => other
img.20191118_100915.2019-11-17_20-49-04_000.jpg.3.png => other
img.20191118_100915.2019-11-17_20-49-04_000.jpg.4.png => other
[20191118_100921 lib_ip.py:3301] =============== Get 4 corners
dpath_Images = C:\WORKS_2\WS\WS_Others.Art\JVEMV6\46_art\VIRTUAL\Admin_Projects\ip\images
fname_Image = img.20191118_100915.2019-11-17_20-49-04_000.jpg.4.png

[20191118_100921 / lib_ip.py:2274] inspecting ===> img.20191118_100921.2019-11-18_03-28-06_000.jpg.1.png
[20191118_100922 / lib_ip.py:4505] 
img.20191118_100921.2019-11-18_03-28-06_000.jpg.1.png 0 ---------------------
[20191118_100922 / lib_ip.py:3753] file = img.20191118_100921.2019-11-18_03-28-06_000.jpg.1.png / val_Average = 105.8177	val_Variance = 7.6014	sd = 2.7571	max = 115	min = 90
[20191118_100922 / lib_ip.py:3836] len(Hs) = 8100, len(Ss) = 8100, len(Vs) = 8100
[20191118_100922 / lib_ip.py:3869] yellow : variance --> out of range (variance = 7.601 / upper = 0.650 / lower = 0.000)
[20191118_100922 / lib_ip.py:3753] file = img.20191118_100921.2019-11-18_03-28-06_000.jpg.1.png / val_Average = 105.8177	val_Variance = 7.6014	sd = 2.7571	max = 115	min = 90
[20191118_100922 / lib_ip.py:3936] len(Hs) = 8100, len(Ss) = 8100, len(Vs) = 8100
[20191118_100922 / lib_ip.py:3982] red : variance --> out of range (variance = 7.601 / upper = 0.430 / lower = 0.000)
[20191118_100922 / lib_ip.py:3753] file = img.20191118_100921.2019-11-18_03-28-06_000.jpg.1.png / val_Average = 105.8177	val_Variance = 7.6014	sd = 2.7571	max = 115	min = 90
[20191118_100922 / lib_ip.py:4052] len(Hs) = 8100, len(Ss) = 8100, len(Vs) = 8100
[20191118_100922 / lib_ip.py:4099] green : variance --> out of range (variance = 7.601 / upper = 0.760 / lower = 0.000)
[20191118_100922 / lib_ip.py:3753] file = img.20191118_100921.2019-11-18_03-28-06_000.jpg.1.png / val_Average = 105.8177	val_Variance = 7.6014	sd = 2.7571	max = 115	min = 90
[20191118_100922 / lib_ip.py:4169] len(Hs) = 8100, len(Ss) = 8100, len(Vs) = 8100
[20191118_100922 / lib_ip.py:4208] blue : variance --> out of range (variance = 7.601 / upper = 0.930 / lower = 0.010)
[20191118_100922 / lib_ip.py:3753] file = img.20191118_100921.2019-11-18_03-28-06_000.jpg.1.png / val_Average = 105.8177	val_Variance = 7.6014	sd = 2.7571	max = 115	min = 90
[20191118_100922 / lib_ip.py:4275] len(Hs) = 8100, len(Ss) = 8100, len(Vs) = 8100
[20191118_100922 / lib_ip.py:4314] pink : variance --> out of range (variance = 7.601 / upper = 0.750 / lower = 0.030)
[20191118_100923 / lib_ip.py:3753] file = img.20191118_100921.2019-11-18_03-28-06_000.jpg.1.png / val_Average = 105.8177	val_Variance = 7.6014	sd = 2.7571	max = 115	min = 90
[20191118_100923 / lib_ip.py:4378] len(Hs) = 8100, len(Ss) = 8100, len(Vs) = 8100
[20191118_100923 / lib_ip.py:4422] black : variance --> out of range (variance = 7.601 / upper = 0.000 / lower = 0.000)
[20191118_100923 / lib_ip.py:4593] file : img.20191118_100921.2019-11-18_03-28-06_000.jpg.1.png 0 (black : variance --> out of range (variance = 7.601 / upper = 0.000 / lower = 0.000))
[20191118_100923 / lib_ip.py:2274] inspecting ===> img.20191118_100921.2019-11-18_03-28-06_000.jpg.2.png
[20191118_100923 / lib_ip.py:4505] 
img.20191118_100921.2019-11-18_03-28-06_000.jpg.2.png 1 ---------------------
[20191118_100923 / lib_ip.py:3753] file = img.20191118_100921.2019-11-18_03-28-06_000.jpg.2.png / val_Average = 108.0144	val_Variance = 6.1708	sd = 2.4841	max = 123	min = 99
[20191118_100923 / lib_ip.py:3836] len(Hs) = 8100, len(Ss) = 8100, len(Vs) = 8100
[20191118_100923 / lib_ip.py:3869] yellow : variance --> out of range (variance = 6.171 / upper = 0.650 / lower = 0.000)
[20191118_100924 / lib_ip.py:3753] file = img.20191118_100921.2019-11-18_03-28-06_000.jpg.2.png / val_Average = 108.0144	val_Variance = 6.1708	sd = 2.4841	max = 123	min = 99
[20191118_100924 / lib_ip.py:3936] len(Hs) = 8100, len(Ss) = 8100, len(Vs) = 8100
[20191118_100924 / lib_ip.py:3982] red : variance --> out of range (variance = 6.171 / upper = 0.430 / lower = 0.000)
[20191118_100924 / lib_ip.py:3753] file = img.20191118_100921.2019-11-18_03-28-06_000.jpg.2.png / val_Average = 108.0144	val_Variance = 6.1708	sd = 2.4841	max = 123	min = 99
[20191118_100924 / lib_ip.py:4052] len(Hs) = 8100, len(Ss) = 8100, len(Vs) = 8100
[20191118_100924 / lib_ip.py:4099] green : variance --> out of range (variance = 6.171 / upper = 0.760 / lower = 0.000)
[20191118_100924 / lib_ip.py:3753] file = img.20191118_100921.2019-11-18_03-28-06_000.jpg.2.png / val_Average = 108.0144	val_Variance = 6.1708	sd = 2.4841	max = 123	min = 99
[20191118_100924 / lib_ip.py:4169] len(Hs) = 8100, len(Ss) = 8100, len(Vs) = 8100
[20191118_100924 / lib_ip.py:4208] blue : variance --> out of range (variance = 6.171 / upper = 0.930 / lower = 0.010)
[20191118_100924 / lib_ip.py:3753] file = img.20191118_100921.2019-11-18_03-28-06_000.jpg.2.png / val_Average = 108.0144	val_Variance = 6.1708	sd = 2.4841	max = 123	min = 99
[20191118_100924 / lib_ip.py:4275] len(Hs) = 8100, len(Ss) = 8100, len(Vs) = 8100
[20191118_100924 / lib_ip.py:4314] pink : variance --> out of range (variance = 6.171 / upper = 0.750 / lower = 0.030)
[20191118_100924 / lib_ip.py:3753] file = img.20191118_100921.2019-11-18_03-28-06_000.jpg.2.png / val_Average = 108.0144	val_Variance = 6.1708	sd = 2.4841	max = 123	min = 99
[20191118_100924 / lib_ip.py:4378] len(Hs) = 8100, len(Ss) = 8100, len(Vs) = 8100
[20191118_100924 / lib_ip.py:4422] black : variance --> out of range (variance = 6.171 / upper = 0.000 / lower = 0.000)
[20191118_100925 / lib_ip.py:4593] file : img.20191118_100921.2019-11-18_03-28-06_000.jpg.2.png 1 (black : variance --> out of range (variance = 6.171 / upper = 0.000 / lower = 0.000))
[20191118_100925 / lib_ip.py:2274] inspecting ===> img.20191118_100921.2019-11-18_03-28-06_000.jpg.3.png
[20191118_100925 / lib_ip.py:4505] 
img.20191118_100921.2019-11-18_03-28-06_000.jpg.3.png 2 ---------------------
[20191118_100925 / lib_ip.py:3753] file = img.20191118_100921.2019-11-18_03-28-06_000.jpg.3.png / val_Average = 105.3958	val_Variance = 1.4142	sd = 1.1892	max = 109	min = 101
[20191118_100925 / lib_ip.py:3836] len(Hs) = 8100, len(Ss) = 8100, len(Vs) = 8100
[20191118_100925 / lib_ip.py:3869] yellow : variance --> out of range (variance = 1.414 / upper = 0.650 / lower = 0.000)
[20191118_100925 / lib_ip.py:3753] file = img.20191118_100921.2019-11-18_03-28-06_000.jpg.3.png / val_Average = 105.3958	val_Variance = 1.4142	sd = 1.1892	max = 109	min = 101
[20191118_100925 / lib_ip.py:3936] len(Hs) = 8100, len(Ss) = 8100, len(Vs) = 8100
[20191118_100925 / lib_ip.py:3982] red : variance --> out of range (variance = 1.414 / upper = 0.430 / lower = 0.000)
[20191118_100925 / lib_ip.py:3753] file = img.20191118_100921.2019-11-18_03-28-06_000.jpg.3.png / val_Average = 105.3958	val_Variance = 1.4142	sd = 1.1892	max = 109	min = 101
[20191118_100925 / lib_ip.py:4052] len(Hs) = 8100, len(Ss) = 8100, len(Vs) = 8100
[20191118_100925 / lib_ip.py:4099] green : variance --> out of range (variance = 1.414 / upper = 0.760 / lower = 0.000)
[20191118_100925 / lib_ip.py:3753] file = img.20191118_100921.2019-11-18_03-28-06_000.jpg.3.png / val_Average = 105.3958	val_Variance = 1.4142	sd = 1.1892	max = 109	min = 101
[20191118_100925 / lib_ip.py:4169] len(Hs) = 8100, len(Ss) = 8100, len(Vs) = 8100
[20191118_100925 / lib_ip.py:4208] blue : variance --> out of range (variance = 1.414 / upper = 0.930 / lower = 0.010)
[20191118_100926 / lib_ip.py:3753] file = img.20191118_100921.2019-11-18_03-28-06_000.jpg.3.png / val_Average = 105.3958	val_Variance = 1.4142	sd = 1.1892	max = 109	min = 101
[20191118_100926 / lib_ip.py:4275] len(Hs) = 8100, len(Ss) = 8100, len(Vs) = 8100
[20191118_100926 / lib_ip.py:4314] pink : variance --> out of range (variance = 1.414 / upper = 0.750 / lower = 0.030)
[20191118_100926 / lib_ip.py:3753] file = img.20191118_100921.2019-11-18_03-28-06_000.jpg.3.png / val_Average = 105.3958	val_Variance = 1.4142	sd = 1.1892	max = 109	min = 101
[20191118_100926 / lib_ip.py:4378] len(Hs) = 8100, len(Ss) = 8100, len(Vs) = 8100
[20191118_100926 / lib_ip.py:4422] black : variance --> out of range (variance = 1.414 / upper = 0.000 / lower = 0.000)
[20191118_100926 / lib_ip.py:4593] file : img.20191118_100921.2019-11-18_03-28-06_000.jpg.3.png 2 (black : variance --> out of range (variance = 1.414 / upper = 0.000 / lower = 0.000))
[20191118_100926 / lib_ip.py:2274] inspecting ===> img.20191118_100921.2019-11-18_03-28-06_000.jpg.4.png
[20191118_100926 / lib_ip.py:4505] 
img.20191118_100921.2019-11-18_03-28-06_000.jpg.4.png 3 ---------------------
[20191118_100926 / lib_ip.py:3753] file = img.20191118_100921.2019-11-18_03-28-06_000.jpg.4.png / val_Average = 106.2853	val_Variance = 0.6859	sd = 0.8282	max = 108	min = 103
[20191118_100926 / lib_ip.py:3836] len(Hs) = 8100, len(Ss) = 8100, len(Vs) = 8100
[20191118_100926 / lib_ip.py:3869] yellow : variance --> out of range (variance = 0.686 / upper = 0.650 / lower = 0.000)
[20191118_100926 / lib_ip.py:3753] file = img.20191118_100921.2019-11-18_03-28-06_000.jpg.4.png / val_Average = 106.2853	val_Variance = 0.6859	sd = 0.8282	max = 108	min = 103
[20191118_100926 / lib_ip.py:3936] len(Hs) = 8100, len(Ss) = 8100, len(Vs) = 8100
[20191118_100926 / lib_ip.py:3982] red : variance --> out of range (variance = 0.686 / upper = 0.430 / lower = 0.000)
[20191118_100927 / lib_ip.py:3753] file = img.20191118_100921.2019-11-18_03-28-06_000.jpg.4.png / val_Average = 106.2853	val_Variance = 0.6859	sd = 0.8282	max = 108	min = 103
[20191118_100927 / lib_ip.py:4052] len(Hs) = 8100, len(Ss) = 8100, len(Vs) = 8100
[20191118_100927 / lib_ip.py:4124] green : average --> out of range (average = 106.285 / upper = 85.000 / lower = 58.000)
[20191118_100927 / lib_ip.py:3753] file = img.20191118_100921.2019-11-18_03-28-06_000.jpg.4.png / val_Average = 106.2853	val_Variance = 0.6859	sd = 0.8282	max = 108	min = 103
[20191118_100927 / lib_ip.py:4169] len(Hs) = 8100, len(Ss) = 8100, len(Vs) = 8100
[20191118_100927 / lib_ip.py:4230] blue : average --> out of range (average = 106.285 / upper = 17.000 / lower = 8.850)
[20191118_100927 / lib_ip.py:3753] file = img.20191118_100921.2019-11-18_03-28-06_000.jpg.4.png / val_Average = 106.2853	val_Variance = 0.6859	sd = 0.8282	max = 108	min = 103
[20191118_100927 / lib_ip.py:4275] len(Hs) = 8100, len(Ss) = 8100, len(Vs) = 8100
[20191118_100927 / lib_ip.py:4336] pink : average --> out of range (average = 106.285 / upper = 141.000 / lower = 127.900)
[20191118_100927 / lib_ip.py:3753] file = img.20191118_100921.2019-11-18_03-28-06_000.jpg.4.png / val_Average = 106.2853	val_Variance = 0.6859	sd = 0.8282	max = 108	min = 103
[20191118_100927 / lib_ip.py:4378] len(Hs) = 8100, len(Ss) = 8100, len(Vs) = 8100
[20191118_100927 / lib_ip.py:4422] black : variance --> out of range (variance = 0.686 / upper = 0.000 / lower = 0.000)
[20191118_100927 / lib_ip.py:4593] file : img.20191118_100921.2019-11-18_03-28-06_000.jpg.4.png 3 (black : variance --> out of range (variance = 0.686 / upper = 0.000 / lower = 0.000))
[20191118_100926 / lib_ip.py:2274] inspecting ===> img.20191118_100921.2019-11-18_03-28-06_000.jpg.4.png
img.20191118_100921.2019-11-18_03-28-06_000.jpg.1.png => other
img.20191118_100921.2019-11-18_03-28-06_000.jpg.2.png => other
img.20191118_100921.2019-11-18_03-28-06_000.jpg.3.png => other
img.20191118_100921.2019-11-18_03-28-06_000.jpg.4.png => other
[20191118_100927 lib_ip.py:3301] =============== Get 4 corners
dpath_Images = C:\WORKS_2\WS\WS_Others.Art\JVEMV6\46_art\VIRTUAL\Admin_Projects\ip\images
fname_Image = img.20191118_100921.2019-11-18_03-28-06_000.jpg.4.png

[20191118_100928 / lib_ip.py:2274] inspecting ===> img.20191118_100928.2019-11-18_09-09-43_000.jpg.1.png
[20191118_100928 / lib_ip.py:4505] 
img.20191118_100928.2019-11-18_09-09-43_000.jpg.1.png 0 ---------------------
[20191118_100929 / lib_ip.py:3753] file = img.20191118_100928.2019-11-18_09-09-43_000.jpg.1.png / val_Average = 98.5557	val_Variance = 158.2496	sd = 12.5797	max = 120	min = 0
[20191118_100929 / lib_ip.py:3836] len(Hs) = 8100, len(Ss) = 8100, len(Vs) = 8100
[20191118_100929 / lib_ip.py:3869] yellow : variance --> out of range (variance = 158.250 / upper = 0.650 / lower = 0.000)
[20191118_100929 / lib_ip.py:3753] file = img.20191118_100928.2019-11-18_09-09-43_000.jpg.1.png / val_Average = 98.5557	val_Variance = 158.2496	sd = 12.5797	max = 120	min = 0
[20191118_100929 / lib_ip.py:3936] len(Hs) = 8100, len(Ss) = 8100, len(Vs) = 8100
[20191118_100929 / lib_ip.py:3982] red : variance --> out of range (variance = 158.250 / upper = 0.430 / lower = 0.000)
[20191118_100929 / lib_ip.py:3753] file = img.20191118_100928.2019-11-18_09-09-43_000.jpg.1.png / val_Average = 98.5557	val_Variance = 158.2496	sd = 12.5797	max = 120	min = 0
[20191118_100929 / lib_ip.py:4052] len(Hs) = 8100, len(Ss) = 8100, len(Vs) = 8100
[20191118_100929 / lib_ip.py:4099] green : variance --> out of range (variance = 158.250 / upper = 0.760 / lower = 0.000)
[20191118_100929 / lib_ip.py:3753] file = img.20191118_100928.2019-11-18_09-09-43_000.jpg.1.png / val_Average = 98.5557	val_Variance = 158.2496	sd = 12.5797	max = 120	min = 0
[20191118_100929 / lib_ip.py:4169] len(Hs) = 8100, len(Ss) = 8100, len(Vs) = 8100
[20191118_100929 / lib_ip.py:4208] blue : variance --> out of range (variance = 158.250 / upper = 0.930 / lower = 0.010)
[20191118_100930 / lib_ip.py:3753] file = img.20191118_100928.2019-11-18_09-09-43_000.jpg.1.png / val_Average = 98.5557	val_Variance = 158.2496	sd = 12.5797	max = 120	min = 0
[20191118_100930 / lib_ip.py:4275] len(Hs) = 8100, len(Ss) = 8100, len(Vs) = 8100
[20191118_100930 / lib_ip.py:4314] pink : variance --> out of range (variance = 158.250 / upper = 0.750 / lower = 0.030)
[20191118_100930 / lib_ip.py:3753] file = img.20191118_100928.2019-11-18_09-09-43_000.jpg.1.png / val_Average = 98.5557	val_Variance = 158.2496	sd = 12.5797	max = 120	min = 0
[20191118_100930 / lib_ip.py:4378] len(Hs) = 8100, len(Ss) = 8100, len(Vs) = 8100
[20191118_100930 / lib_ip.py:4422] black : variance --> out of range (variance = 158.250 / upper = 0.000 / lower = 0.000)
[20191118_100930 / lib_ip.py:4593] file : img.20191118_100928.2019-11-18_09-09-43_000.jpg.1.png 0 (black : variance --> out of range (variance = 158.250 / upper = 0.000 / lower = 0.000))
[20191118_100930 / lib_ip.py:2274] inspecting ===> img.20191118_100928.2019-11-18_09-09-43_000.jpg.2.png
[20191118_100930 / lib_ip.py:4505] 
img.20191118_100928.2019-11-18_09-09-43_000.jpg.2.png 1 ---------------------
[20191118_100931 / lib_ip.py:3753] file = img.20191118_100928.2019-11-18_09-09-43_000.jpg.2.png / val_Average = 5.0000	val_Variance = 350.0000	sd = 18.7083	max = 75	min = 0
[20191118_100931 / lib_ip.py:3836] len(Hs) = 8100, len(Ss) = 8100, len(Vs) = 8100
[20191118_100931 / lib_ip.py:3869] yellow : variance --> out of range (variance = 350.000 / upper = 0.650 / lower = 0.000)
[20191118_100931 / lib_ip.py:3753] file = img.20191118_100928.2019-11-18_09-09-43_000.jpg.2.png / val_Average = 5.0000	val_Variance = 350.0000	sd = 18.7083	max = 75	min = 0
[20191118_100931 / lib_ip.py:3936] len(Hs) = 8100, len(Ss) = 8100, len(Vs) = 8100
[20191118_100931 / lib_ip.py:3982] red : variance --> out of range (variance = 350.000 / upper = 0.430 / lower = 0.000)
[20191118_100931 / lib_ip.py:3753] file = img.20191118_100928.2019-11-18_09-09-43_000.jpg.2.png / val_Average = 5.0000	val_Variance = 350.0000	sd = 18.7083	max = 75	min = 0
[20191118_100931 / lib_ip.py:4052] len(Hs) = 8100, len(Ss) = 8100, len(Vs) = 8100
[20191118_100931 / lib_ip.py:4099] green : variance --> out of range (variance = 350.000 / upper = 0.760 / lower = 0.000)
[20191118_100931 / lib_ip.py:3753] file = img.20191118_100928.2019-11-18_09-09-43_000.jpg.2.png / val_Average = 5.0000	val_Variance = 350.0000	sd = 18.7083	max = 75	min = 0
[20191118_100931 / lib_ip.py:4169] len(Hs) = 8100, len(Ss) = 8100, len(Vs) = 8100
[20191118_100931 / lib_ip.py:4208] blue : variance --> out of range (variance = 350.000 / upper = 0.930 / lower = 0.010)
[20191118_100931 / lib_ip.py:3753] file = img.20191118_100928.2019-11-18_09-09-43_000.jpg.2.png / val_Average = 5.0000	val_Variance = 350.0000	sd = 18.7083	max = 75	min = 0
[20191118_100931 / lib_ip.py:4275] len(Hs) = 8100, len(Ss) = 8100, len(Vs) = 8100
[20191118_100932 / lib_ip.py:4314] pink : variance --> out of range (variance = 350.000 / upper = 0.750 / lower = 0.030)
[20191118_100932 / lib_ip.py:3753] file = img.20191118_100928.2019-11-18_09-09-43_000.jpg.2.png / val_Average = 5.0000	val_Variance = 350.0000	sd = 18.7083	max = 75	min = 0
[20191118_100932 / lib_ip.py:4378] len(Hs) = 8100, len(Ss) = 8100, len(Vs) = 8100
[20191118_100932 / lib_ip.py:4422] black : variance --> out of range (variance = 350.000 / upper = 0.000 / lower = 0.000)
[20191118_100932 / lib_ip.py:4593] file : img.20191118_100928.2019-11-18_09-09-43_000.jpg.2.png 1 (black : variance --> out of range (variance = 350.000 / upper = 0.000 / lower = 0.000))
[20191118_100932 / lib_ip.py:2274] inspecting ===> img.20191118_100928.2019-11-18_09-09-43_000.jpg.3.png
[20191118_100932 / lib_ip.py:4505] 
img.20191118_100928.2019-11-18_09-09-43_000.jpg.3.png 2 ---------------------
[20191118_100932 / lib_ip.py:3753] file = img.20191118_100928.2019-11-18_09-09-43_000.jpg.3.png / val_Average = 100.6678	val_Variance = 1.2256	sd = 1.1070	max = 104	min = 97
[20191118_100932 / lib_ip.py:3836] len(Hs) = 8100, len(Ss) = 8100, len(Vs) = 8100
[20191118_100932 / lib_ip.py:3869] yellow : variance --> out of range (variance = 1.226 / upper = 0.650 / lower = 0.000)
[20191118_100933 / lib_ip.py:3753] file = img.20191118_100928.2019-11-18_09-09-43_000.jpg.3.png / val_Average = 100.6678	val_Variance = 1.2256	sd = 1.1070	max = 104	min = 97
[20191118_100933 / lib_ip.py:3936] len(Hs) = 8100, len(Ss) = 8100, len(Vs) = 8100
[20191118_100933 / lib_ip.py:3982] red : variance --> out of range (variance = 1.226 / upper = 0.430 / lower = 0.000)
[20191118_100933 / lib_ip.py:3753] file = img.20191118_100928.2019-11-18_09-09-43_000.jpg.3.png / val_Average = 100.6678	val_Variance = 1.2256	sd = 1.1070	max = 104	min = 97
[20191118_100933 / lib_ip.py:4052] len(Hs) = 8100, len(Ss) = 8100, len(Vs) = 8100
[20191118_100933 / lib_ip.py:4099] green : variance --> out of range (variance = 1.226 / upper = 0.760 / lower = 0.000)
[20191118_100933 / lib_ip.py:3753] file = img.20191118_100928.2019-11-18_09-09-43_000.jpg.3.png / val_Average = 100.6678	val_Variance = 1.2256	sd = 1.1070	max = 104	min = 97
[20191118_100933 / lib_ip.py:4169] len(Hs) = 8100, len(Ss) = 8100, len(Vs) = 8100
[20191118_100933 / lib_ip.py:4208] blue : variance --> out of range (variance = 1.226 / upper = 0.930 / lower = 0.010)
[20191118_100933 / lib_ip.py:3753] file = img.20191118_100928.2019-11-18_09-09-43_000.jpg.3.png / val_Average = 100.6678	val_Variance = 1.2256	sd = 1.1070	max = 104	min = 97
[20191118_100933 / lib_ip.py:4275] len(Hs) = 8100, len(Ss) = 8100, len(Vs) = 8100
[20191118_100933 / lib_ip.py:4314] pink : variance --> out of range (variance = 1.226 / upper = 0.750 / lower = 0.030)
[20191118_100934 / lib_ip.py:3753] file = img.20191118_100928.2019-11-18_09-09-43_000.jpg.3.png / val_Average = 100.6678	val_Variance = 1.2256	sd = 1.1070	max = 104	min = 97
[20191118_100934 / lib_ip.py:4378] len(Hs) = 8100, len(Ss) = 8100, len(Vs) = 8100
[20191118_100934 / lib_ip.py:4422] black : variance --> out of range (variance = 1.226 / upper = 0.000 / lower = 0.000)
[20191118_100934 / lib_ip.py:4593] file : img.20191118_100928.2019-11-18_09-09-43_000.jpg.3.png 2 (black : variance --> out of range (variance = 1.226 / upper = 0.000 / lower = 0.000))
[20191118_100934 / lib_ip.py:2274] inspecting ===> img.20191118_100928.2019-11-18_09-09-43_000.jpg.4.png
[20191118_100934 / lib_ip.py:4505] 
img.20191118_100928.2019-11-18_09-09-43_000.jpg.4.png 3 ---------------------
[20191118_100934 / lib_ip.py:3753] file = img.20191118_100928.2019-11-18_09-09-43_000.jpg.4.png / val_Average = 102.7830	val_Variance = 0.2885	sd = 0.5371	max = 104	min = 101
[20191118_100934 / lib_ip.py:3836] len(Hs) = 8100, len(Ss) = 8100, len(Vs) = 8100
[20191118_100934 / lib_ip.py:3891] yellow : average --> out of range (average = 102.783 / upper = 99.200 / lower = 85.500)
[20191118_100934 / lib_ip.py:3753] file = img.20191118_100928.2019-11-18_09-09-43_000.jpg.4.png / val_Average = 102.7830	val_Variance = 0.2885	sd = 0.5371	max = 104	min = 101
[20191118_100934 / lib_ip.py:3936] len(Hs) = 8100, len(Ss) = 8100, len(Vs) = 8100
[20191118_100934 / lib_ip.py:4007] red : average --> out of range (average = 102.783 / upper = 124.600 / lower = 115.000)
[20191118_100934 / lib_ip.py:3753] file = img.20191118_100928.2019-11-18_09-09-43_000.jpg.4.png / val_Average = 102.7830	val_Variance = 0.2885	sd = 0.5371	max = 104	min = 101
[20191118_100934 / lib_ip.py:4052] len(Hs) = 8100, len(Ss) = 8100, len(Vs) = 8100
[20191118_100934 / lib_ip.py:4124] green : average --> out of range (average = 102.783 / upper = 85.000 / lower = 58.000)
[20191118_100934 / lib_ip.py:3753] file = img.20191118_100928.2019-11-18_09-09-43_000.jpg.4.png / val_Average = 102.7830	val_Variance = 0.2885	sd = 0.5371	max = 104	min = 101
[20191118_100935 / lib_ip.py:4169] len(Hs) = 8100, len(Ss) = 8100, len(Vs) = 8100
[20191118_100935 / lib_ip.py:4230] blue : average --> out of range (average = 102.783 / upper = 17.000 / lower = 8.850)
[20191118_100935 / lib_ip.py:3753] file = img.20191118_100928.2019-11-18_09-09-43_000.jpg.4.png / val_Average = 102.7830	val_Variance = 0.2885	sd = 0.5371	max = 104	min = 101
[20191118_100935 / lib_ip.py:4275] len(Hs) = 8100, len(Ss) = 8100, len(Vs) = 8100
[20191118_100935 / lib_ip.py:4336] pink : average --> out of range (average = 102.783 / upper = 141.000 / lower = 127.900)
[20191118_100935 / lib_ip.py:3753] file = img.20191118_100928.2019-11-18_09-09-43_000.jpg.4.png / val_Average = 102.7830	val_Variance = 0.2885	sd = 0.5371	max = 104	min = 101
[20191118_100935 / lib_ip.py:4378] len(Hs) = 8100, len(Ss) = 8100, len(Vs) = 8100
[20191118_100935 / lib_ip.py:4422] black : variance --> out of range (variance = 0.288 / upper = 0.000 / lower = 0.000)
[20191118_100935 / lib_ip.py:4593] file : img.20191118_100928.2019-11-18_09-09-43_000.jpg.4.png 3 (black : variance --> out of range (variance = 0.288 / upper = 0.000 / lower = 0.000))
[20191118_100934 / lib_ip.py:2274] inspecting ===> img.20191118_100928.2019-11-18_09-09-43_000.jpg.4.png
img.20191118_100928.2019-11-18_09-09-43_000.jpg.1.png => other
img.20191118_100928.2019-11-18_09-09-43_000.jpg.2.png => other
img.20191118_100928.2019-11-18_09-09-43_000.jpg.3.png => other
img.20191118_100928.2019-11-18_09-09-43_000.jpg.4.png => other
[20191118_100935 lib_ip.py:3301] =============== Get 4 corners
dpath_Images = C:\WORKS_2\WS\WS_Others.Art\JVEMV6\46_art\VIRTUAL\Admin_Projects\ip\images
fname_Image = img.20191118_100928.2019-11-18_09-09-43_000.jpg.4.png

[20191118_100935 / views.py:1411] gen csv => complete (20191118_100935)(elapsed = 65.768 sec / 9 files / 7.308 sec per file)
1)	2019-11-17_09-15-35_000.jpg => 	green other green other 
2)	2019-11-17_10-14-11_000.jpg => 	other yellow other other 
3)	2019-11-17_14-29-01_000.jpg => 	other green other red 
4)	2019-11-17_15-51-23_000.jpg => 	other blue other other 
5)	2019-11-17_15-52-00_000.jpg => 	other other other blue 
6)	2019-11-17_16-15-46_000.jpg => 	other other other other 
7)	2019-11-17_20-49-04_000.jpg => 	other yellow other other 
8)	2019-11-18_03-28-06_000.jpg => 	other other other other 
9)	2019-11-18_09-09-43_000.jpg => 	other other other other 
[20191118_100935 / views.py:1753] lo_ColorName_Set__Modified_2 =>
1)	2019-11-17_09-15-35_000.jpg => 	g g o o 
2)	2019-11-17_10-14-11_000.jpg => 	o o o y 
3)	2019-11-17_14-29-01_000.jpg => 	g o o r 
4)	2019-11-17_15-51-23_000.jpg => 	b o o o 
5)	2019-11-17_15-52-00_000.jpg => 	b o o o 
6)	2019-11-17_16-15-46_000.jpg => 	o o o o 
7)	2019-11-17_20-49-04_000.jpg => 	o o o y 
8)	2019-11-18_03-28-06_000.jpg => 	o o o o 
9)	2019-11-18_09-09-43_000.jpg => 	o o o o 
[20191118_100937 / views.py:1839] gen_Cake_CSV(request) ==> ending... =======================//

